#
# There is insufficient memory for the Java Runtime Environment to continue.
# Native memory allocation (malloc) failed to allocate 1581616 bytes for Chunk::new
# Possible reasons:
#   The system is out of physical RAM or swap space
#   The process is running with CompressedOops enabled, and the Java Heap may be blocking the growth of the native heap
# Possible solutions:
#   Reduce memory load on the system
#   Increase physical memory or swap space
#   Check if swap backing store is full
#   Decrease Java heap size (-Xmx/-Xms)
#   Decrease number of Java threads
#   Decrease Java thread stack sizes (-Xss)
#   Set larger code cache with -XX:ReservedCodeCacheSize=
#   JVM is running with Unscaled Compressed Oops mode in which the Java heap is
#     placed in the first 4GB address space. The Java Heap base address is the
#     maximum limit for the native heap growth. Please use -XX:HeapBaseMinAddress
#     to set the Java Heap base and to place the Java Heap above 4GB virtual address.
# This output file may be truncated or incomplete.
#
#  Out of Memory Error (./src/hotspot/share/memory/arena.cpp:197), pid=9256, tid=9172
#
# JRE version: OpenJDK Runtime Environment (11.0.8+10) (build 11.0.8+10-b944.6842174)
# Java VM: OpenJDK 64-Bit Server VM (11.0.8+10-b944.6842174, mixed mode, tiered, compressed oops, g1 gc, windows-amd64)
# No core dump will be written. Minidumps are not enabled by default on client versions of Windows
#

---------------  S U M M A R Y ------------

Command Line: --add-opens=java.base/java.util=ALL-UNNAMED --add-opens=java.base/java.lang=ALL-UNNAMED --add-opens=java.base/java.lang.invoke=ALL-UNNAMED --add-opens=java.prefs/java.util.prefs=ALL-UNNAMED -Xmx2048m -Dfile.encoding=UTF-8 -Duser.country=US -Duser.language=en -Duser.variant org.gradle.launcher.daemon.bootstrap.GradleDaemon 6.7.1

Host: Intel(R) Celeron(R) CPU  N2840  @ 2.16GHz, 2 cores, 3G,  Windows 10 , 64 bit Build 17133 (10.0.17133.73)
Time: Mon Aug  2 10:34:02 2021 Pacific Daylight Time elapsed time: 90 seconds (0d 0h 1m 30s)

---------------  T H R E A D  ---------------

Current thread (0x000001c7538b1800):  JavaThread "C2 CompilerThread0" daemon [_thread_in_native, id=9172, stack(0x0000009aa9600000,0x0000009aa9700000)]


Current CompileTask:
C2:  90441 4900       4       java.net.URLClassLoader$1::run (5 bytes)

Stack: [0x0000009aa9600000,0x0000009aa9700000]
Native frames: (J=compiled Java code, j=interpreted, Vv=VM code, C=native code)
V  [jvm.dll+0x5de50a]
V  [jvm.dll+0x7122f5]
V  [jvm.dll+0x71384d]
V  [jvm.dll+0x713f03]
V  [jvm.dll+0x23e728]
V  [jvm.dll+0xb899c]
V  [jvm.dll+0xb8e9c]
V  [jvm.dll+0x35024d]
V  [jvm.dll+0x193ebc]
V  [jvm.dll+0x1f780e]
V  [jvm.dll+0x1f68d4]
V  [jvm.dll+0x17f32c]
V  [jvm.dll+0x205047]
V  [jvm.dll+0x203891]
V  [jvm.dll+0x6dad3f]
V  [jvm.dll+0x6d3895]
V  [jvm.dll+0x5dd4a6]
C  [ucrtbase.dll+0x1c1ae]
C  [KERNEL32.DLL+0x13034]
C  [ntdll.dll+0x71551]


---------------  P R O C E S S  ---------------

Threads class SMR info:
_java_thread_list=0x000001c75a7b2570, length=128, elements={
0x000001c73a2ec800, 0x000001c753852000, 0x000001c75385d800, 0x000001c7538ad800,
0x000001c7538ae800, 0x000001c7538b1800, 0x000001c7538b7800, 0x000001c754210000,
0x000001c754303000, 0x000001c754311000, 0x000001c7544b7800, 0x000001c754637800,
0x000001c7555fa800, 0x000001c755039800, 0x000001c755109000, 0x000001c7555e5800,
0x000001c755109800, 0x000001c755afa800, 0x000001c755845000, 0x000001c755725800,
0x000001c755727800, 0x000001c755724000, 0x000001c755726800, 0x000001c755728000,
0x000001c755729000, 0x000001c755723000, 0x000001c755729800, 0x000001c755725000,
0x000001c757d90800, 0x000001c757d92000, 0x000001c757d93000, 0x000001c757d93800,
0x000001c757d94800, 0x000001c757d95000, 0x000001c757d8f800, 0x000001c757d9c000,
0x000001c757d9b000, 0x000001c757d97000, 0x000001c757d96000, 0x000001c757d9c800,
0x000001c757d98800, 0x000001c757d99800, 0x000001c757d9a000, 0x000001c757d9d800,
0x000001c757d97800, 0x000001c757d9e000, 0x000001c75810e000, 0x000001c75810c800,
0x000001c75810a000, 0x000001c75810e800, 0x000001c75810b800, 0x000001c75810f800,
0x000001c75810d000, 0x000001c758110800, 0x000001c75810a800, 0x000001c758111000,
0x000001c758116000, 0x000001c758114800, 0x000001c758112000, 0x000001c758115800,
0x000001c758117000, 0x000001c758113800, 0x000001c758117800, 0x000001c758118800,
0x000001c758113000, 0x000001c758575000, 0x000001c758578800, 0x000001c758574800,
0x000001c758573800, 0x000001c758572800, 0x000001c758579000, 0x000001c75857a000,
0x000001c75857b000, 0x000001c75857b800, 0x000001c758576000, 0x000001c758577800,
0x000001c75857c800, 0x000001c758577000, 0x000001c758581800, 0x000001c75857d800,
0x000001c758580800, 0x000001c75857e000, 0x000001c75857f000, 0x000001c758580000,
0x000001c7573b0000, 0x000001c7573ac800, 0x000001c7573aa800, 0x000001c7573ad800,
0x000001c7573ae800, 0x000001c7573af000, 0x000001c7573b1000, 0x000001c7573ac000,
0x000001c7573ab000, 0x000001c7573b4000, 0x000001c7573b7800, 0x000001c7573b2800,
0x000001c7573b3800, 0x000001c7573b5000, 0x000001c7573b5800, 0x000001c7573b6800,
0x000001c7573b1800, 0x000001c7573b9000, 0x000001c7573b8000, 0x000001c757f56000,
0x000001c757f54000, 0x000001c757f54800, 0x000001c757f55800, 0x000001c757f57000,
0x000001c757f51800, 0x000001c757f58000, 0x000001c757f52000, 0x000001c757f58800,
0x000001c757f53000, 0x000001c757f59800, 0x000001c757f5a800, 0x000001c757f5c000,
0x000001c757f5b000, 0x000001c757f60000, 0x000001c757f5d000, 0x000001c757f5d800,
0x000001c757f5e800, 0x000001c757f5f000, 0x000001c757243000, 0x000001c757246000,
0x000001c757244800, 0x000001c757247000, 0x000001c757245800, 0x000001c757247800
}

Java Threads: ( => current thread )
  0x000001c73a2ec800 JavaThread "main" [_thread_blocked, id=9044, stack(0x0000009aa8b00000,0x0000009aa8c00000)]
  0x000001c753852000 JavaThread "Reference Handler" daemon [_thread_blocked, id=9204, stack(0x0000009aa9200000,0x0000009aa9300000)]
  0x000001c75385d800 JavaThread "Finalizer" daemon [_thread_blocked, id=9284, stack(0x0000009aa9300000,0x0000009aa9400000)]
  0x000001c7538ad800 JavaThread "Signal Dispatcher" daemon [_thread_blocked, id=9272, stack(0x0000009aa9400000,0x0000009aa9500000)]
  0x000001c7538ae800 JavaThread "Attach Listener" daemon [_thread_blocked, id=9300, stack(0x0000009aa9500000,0x0000009aa9600000)]
=>0x000001c7538b1800 JavaThread "C2 CompilerThread0" daemon [_thread_in_native, id=9172, stack(0x0000009aa9600000,0x0000009aa9700000)]
  0x000001c7538b7800 JavaThread "C1 CompilerThread0" daemon [_thread_blocked, id=9152, stack(0x0000009aa9700000,0x0000009aa9800000)]
  0x000001c754210000 JavaThread "Sweeper thread" daemon [_thread_blocked, id=9128, stack(0x0000009aa9800000,0x0000009aa9900000)]
  0x000001c754303000 JavaThread "Common-Cleaner" daemon [_thread_blocked, id=9120, stack(0x0000009aa9900000,0x0000009aa9a00000)]
  0x000001c754311000 JavaThread "Service Thread" daemon [_thread_blocked, id=9124, stack(0x0000009aa9a00000,0x0000009aa9b00000)]
  0x000001c7544b7800 JavaThread "Daemon health stats" [_thread_blocked, id=9112, stack(0x0000009aa9d00000,0x0000009aa9e00000)]
  0x000001c754637800 JavaThread "Incoming local TCP Connector on port 50620" [_thread_in_native, id=7272, stack(0x0000009aa9f00000,0x0000009aaa000000)]
  0x000001c7555fa800 JavaThread "Daemon periodic checks" [_thread_blocked, id=10628, stack(0x0000009aaa000000,0x0000009aaa100000)]
  0x000001c755039800 JavaThread "Daemon" [_thread_blocked, id=7500, stack(0x0000009aaa100000,0x0000009aaa200000)]
  0x000001c755109000 JavaThread "Handler for socket connection from /127.0.0.1:50620 to /127.0.0.1:50621" [_thread_in_native, id=4264, stack(0x0000009aaa200000,0x0000009aaa300000)]
  0x000001c7555e5800 JavaThread "Cancel handler" [_thread_blocked, id=10248, stack(0x0000009aaa300000,0x0000009aaa400000)]
  0x000001c755109800 JavaThread "Daemon worker" [_thread_in_native, id=9680, stack(0x0000009aaa400000,0x0000009aaa500000)]
  0x000001c755afa800 JavaThread "Asynchronous log dispatcher for DefaultDaemonConnection: socket connection from /127.0.0.1:50620 to /127.0.0.1:50621" [_thread_blocked, id=10068, stack(0x0000009aaa500000,0x0000009aaa600000)]
  0x000001c755845000 JavaThread "Thread-8" [_thread_blocked, id=4284, stack(0x0000009aaa700000,0x0000009aaa800000)]
  0x000001c755725800 JavaThread "Cache worker for file hash cache (C:\Users\MISHECK\.gradle\caches\6.7.1\fileHashes)" [_thread_blocked, id=2808, stack(0x0000009aaa800000,0x0000009aaa900000)]
  0x000001c755727800 JavaThread "File lock request listener" [_thread_in_native, id=3040, stack(0x0000009aaa900000,0x0000009aaaa00000)]
  0x000001c755724000 JavaThread "Cache worker for journal cache (C:\Users\MISHECK\.gradle\caches\journal-1)" [_thread_blocked, id=8644, stack(0x0000009aaaa00000,0x0000009aaab00000)]
  0x000001c755726800 JavaThread "Cache worker for file hash cache (C:\Users\MISHECK\AndroidStudioProjects\ChildSafetyApp\.gradle\6.7.1\fileHashes)" [_thread_blocked, id=2140, stack(0x0000009aaab00000,0x0000009aaac00000)]
  0x000001c755728000 JavaThread "Cache worker for checksums cache (C:\Users\MISHECK\AndroidStudioProjects\ChildSafetyApp\.gradle\checksums)" [_thread_blocked, id=6480, stack(0x0000009aaac00000,0x0000009aaad00000)]
  0x000001c755729000 JavaThread "Cache worker for cache directory md-supplier (C:\Users\MISHECK\.gradle\caches\6.7.1\md-supplier)" [_thread_blocked, id=2136, stack(0x0000009aaad00000,0x0000009aaae00000)]
  0x000001c755723000 JavaThread "Cache worker for cache directory md-rule (C:\Users\MISHECK\.gradle\caches\6.7.1\md-rule)" [_thread_blocked, id=7860, stack(0x0000009aaae00000,0x0000009aaaf00000)]
  0x000001c755729800 JavaThread "Cache worker for execution history cache (C:\Users\MISHECK\.gradle\caches\6.7.1\executionHistory)" [_thread_blocked, id=9940, stack(0x0000009aaaf00000,0x0000009aab000000)]
  0x000001c755725000 JavaThread "jar transforms" [_thread_blocked, id=4852, stack(0x0000009aab000000,0x0000009aab100000)]
  0x000001c757d90800 JavaThread "Cache worker for file content cache (C:\Users\MISHECK\.gradle\caches\6.7.1\fileContent)" [_thread_blocked, id=5548, stack(0x0000009aab100000,0x0000009aab200000)]
  0x000001c757d92000 JavaThread "Cache worker for Build Output Cleanup Cache (C:\Users\MISHECK\AndroidStudioProjects\ChildSafetyApp\.gradle\buildOutputCleanup)" [_thread_blocked, id=9376, stack(0x0000009aa8800000,0x0000009aa8900000)]
  0x000001c757d93000 JavaThread "Build operations" [_thread_blocked, id=4312, stack(0x0000009aa8900000,0x0000009aa8a00000)]
  0x000001c757d93800 JavaThread "Build operations Thread 2" [_thread_blocked, id=5804, stack(0x0000009aab200000,0x0000009aab300000)]
  0x000001c757d94800 JavaThread "jar transforms Thread 2" [_thread_blocked, id=6648, stack(0x0000009aab300000,0x0000009aab400000)]
  0x000001c757d95000 JavaThread "jar transforms Thread 3" [_thread_blocked, id=6056, stack(0x0000009aab400000,0x0000009aab500000)]
  0x000001c757d8f800 JavaThread "jar transforms Thread 4" [_thread_blocked, id=2692, stack(0x0000009aab500000,0x0000009aab600000)]
  0x000001c757d9c000 JavaThread "jar transforms Thread 5" [_thread_blocked, id=10052, stack(0x0000009aab600000,0x0000009aab700000)]
  0x000001c757d9b000 JavaThread "jar transforms Thread 6" [_thread_blocked, id=10156, stack(0x0000009aab700000,0x0000009aab800000)]
  0x000001c757d97000 JavaThread "jar transforms Thread 7" [_thread_blocked, id=8152, stack(0x0000009aab800000,0x0000009aab900000)]
  0x000001c757d96000 JavaThread "jar transforms Thread 8" [_thread_blocked, id=8736, stack(0x0000009aab900000,0x0000009aaba00000)]
  0x000001c757d9c800 JavaThread "jar transforms Thread 9" [_thread_blocked, id=9360, stack(0x0000009aaba00000,0x0000009aabb00000)]
  0x000001c757d98800 JavaThread "jar transforms Thread 10" [_thread_blocked, id=9348, stack(0x0000009aabb00000,0x0000009aabc00000)]
  0x000001c757d99800 JavaThread "jar transforms Thread 11" [_thread_blocked, id=7956, stack(0x0000009aabc00000,0x0000009aabd00000)]
  0x000001c757d9a000 JavaThread "jar transforms Thread 12" [_thread_blocked, id=2164, stack(0x0000009aabd00000,0x0000009aabe00000)]
  0x000001c757d9d800 JavaThread "jar transforms Thread 13" [_thread_blocked, id=2296, stack(0x0000009aabe00000,0x0000009aabf00000)]
  0x000001c757d97800 JavaThread "jar transforms Thread 14" [_thread_blocked, id=2416, stack(0x0000009aabf00000,0x0000009aac000000)]
  0x000001c757d9e000 JavaThread "jar transforms Thread 15" [_thread_blocked, id=9352, stack(0x0000009aac000000,0x0000009aac100000)]
  0x000001c75810e000 JavaThread "jar transforms Thread 16" [_thread_blocked, id=4232, stack(0x0000009aac100000,0x0000009aac200000)]
  0x000001c75810c800 JavaThread "jar transforms Thread 17" [_thread_blocked, id=9344, stack(0x0000009aac200000,0x0000009aac300000)]
  0x000001c75810a000 JavaThread "jar transforms Thread 18" [_thread_blocked, id=4216, stack(0x0000009aac300000,0x0000009aac400000)]
  0x000001c75810e800 JavaThread "jar transforms Thread 19" [_thread_blocked, id=9584, stack(0x0000009aac400000,0x0000009aac500000)]
  0x000001c75810b800 JavaThread "jar transforms Thread 20" [_thread_blocked, id=9808, stack(0x0000009aac500000,0x0000009aac600000)]
  0x000001c75810f800 JavaThread "jar transforms Thread 21" [_thread_blocked, id=8732, stack(0x0000009aac600000,0x0000009aac700000)]
  0x000001c75810d000 JavaThread "jar transforms Thread 22" [_thread_blocked, id=8696, stack(0x0000009aac700000,0x0000009aac800000)]
  0x000001c758110800 JavaThread "jar transforms Thread 23" [_thread_blocked, id=8684, stack(0x0000009aac800000,0x0000009aac900000)]
  0x000001c75810a800 JavaThread "jar transforms Thread 24" [_thread_blocked, id=8676, stack(0x0000009aac900000,0x0000009aaca00000)]
  0x000001c758111000 JavaThread "jar transforms Thread 25" [_thread_blocked, id=8680, stack(0x0000009aaca00000,0x0000009aacb00000)]
  0x000001c758116000 JavaThread "jar transforms Thread 26" [_thread_blocked, id=8252, stack(0x0000009aacb00000,0x0000009aacc00000)]
  0x000001c758114800 JavaThread "jar transforms Thread 27" [_thread_blocked, id=2528, stack(0x0000009aacc00000,0x0000009aacd00000)]
  0x000001c758112000 JavaThread "jar transforms Thread 28" [_thread_blocked, id=9628, stack(0x0000009aacd00000,0x0000009aace00000)]
  0x000001c758115800 JavaThread "jar transforms Thread 29" [_thread_blocked, id=2160, stack(0x0000009aace00000,0x0000009aacf00000)]
  0x000001c758117000 JavaThread "jar transforms Thread 30" [_thread_blocked, id=3620, stack(0x0000009aacf00000,0x0000009aad000000)]
  0x000001c758113800 JavaThread "jar transforms Thread 31" [_thread_blocked, id=5180, stack(0x0000009aad000000,0x0000009aad100000)]
  0x000001c758117800 JavaThread "jar transforms Thread 32" [_thread_blocked, id=5244, stack(0x0000009aad100000,0x0000009aad200000)]
  0x000001c758118800 JavaThread "jar transforms Thread 33" [_thread_blocked, id=6148, stack(0x0000009aad200000,0x0000009aad300000)]
  0x000001c758113000 JavaThread "jar transforms Thread 34" [_thread_blocked, id=8980, stack(0x0000009aad300000,0x0000009aad400000)]
  0x000001c758575000 JavaThread "jar transforms Thread 35" [_thread_blocked, id=8460, stack(0x0000009aad400000,0x0000009aad500000)]
  0x000001c758578800 JavaThread "jar transforms Thread 36" [_thread_blocked, id=9060, stack(0x0000009aad500000,0x0000009aad600000)]
  0x000001c758574800 JavaThread "jar transforms Thread 37" [_thread_blocked, id=8456, stack(0x0000009aad600000,0x0000009aad700000)]
  0x000001c758573800 JavaThread "jar transforms Thread 38" [_thread_blocked, id=8432, stack(0x0000009aad700000,0x0000009aad800000)]
  0x000001c758572800 JavaThread "jar transforms Thread 39" [_thread_blocked, id=8424, stack(0x0000009aad800000,0x0000009aad900000)]
  0x000001c758579000 JavaThread "jar transforms Thread 40" [_thread_blocked, id=8416, stack(0x0000009aad900000,0x0000009aada00000)]
  0x000001c75857a000 JavaThread "jar transforms Thread 41" [_thread_blocked, id=8420, stack(0x0000009aada00000,0x0000009aadb00000)]
  0x000001c75857b000 JavaThread "jar transforms Thread 42" [_thread_blocked, id=9416, stack(0x0000009aadb00000,0x0000009aadc00000)]
  0x000001c75857b800 JavaThread "jar transforms Thread 43" [_thread_blocked, id=8604, stack(0x0000009aadc00000,0x0000009aadd00000)]
  0x000001c758576000 JavaThread "jar transforms Thread 44" [_thread_blocked, id=6048, stack(0x0000009aadd00000,0x0000009aade00000)]
  0x000001c758577800 JavaThread "jar transforms Thread 45" [_thread_blocked, id=7048, stack(0x0000009aade00000,0x0000009aadf00000)]
  0x000001c75857c800 JavaThread "jar transforms Thread 46" [_thread_blocked, id=3692, stack(0x0000009aadf00000,0x0000009aae000000)]
  0x000001c758577000 JavaThread "jar transforms Thread 47" [_thread_blocked, id=11212, stack(0x0000009aae000000,0x0000009aae100000)]
  0x000001c758581800 JavaThread "jar transforms Thread 48" [_thread_blocked, id=5560, stack(0x0000009aae100000,0x0000009aae200000)]
  0x000001c75857d800 JavaThread "jar transforms Thread 49" [_thread_blocked, id=9612, stack(0x0000009aae200000,0x0000009aae300000)]
  0x000001c758580800 JavaThread "jar transforms Thread 50" [_thread_blocked, id=1568, stack(0x0000009aae300000,0x0000009aae400000)]
  0x000001c75857e000 JavaThread "jar transforms Thread 51" [_thread_blocked, id=10404, stack(0x0000009aae400000,0x0000009aae500000)]
  0x000001c75857f000 JavaThread "jar transforms Thread 52" [_thread_blocked, id=10300, stack(0x0000009aae500000,0x0000009aae600000)]
  0x000001c758580000 JavaThread "jar transforms Thread 53" [_thread_blocked, id=2180, stack(0x0000009aae600000,0x0000009aae700000)]
  0x000001c7573b0000 JavaThread "jar transforms Thread 54" [_thread_blocked, id=5944, stack(0x0000009aae700000,0x0000009aae800000)]
  0x000001c7573ac800 JavaThread "jar transforms Thread 55" [_thread_blocked, id=4628, stack(0x0000009aae800000,0x0000009aae900000)]
  0x000001c7573aa800 JavaThread "jar transforms Thread 56" [_thread_blocked, id=6172, stack(0x0000009aae900000,0x0000009aaea00000)]
  0x000001c7573ad800 JavaThread "jar transforms Thread 57" [_thread_blocked, id=3384, stack(0x0000009aaea00000,0x0000009aaeb00000)]
  0x000001c7573ae800 JavaThread "jar transforms Thread 58" [_thread_blocked, id=5724, stack(0x0000009aaeb00000,0x0000009aaec00000)]
  0x000001c7573af000 JavaThread "jar transforms Thread 59" [_thread_blocked, id=3924, stack(0x0000009aaec00000,0x0000009aaed00000)]
  0x000001c7573b1000 JavaThread "jar transforms Thread 60" [_thread_blocked, id=8224, stack(0x0000009aaed00000,0x0000009aaee00000)]
  0x000001c7573ac000 JavaThread "jar transforms Thread 61" [_thread_blocked, id=8772, stack(0x0000009aaee00000,0x0000009aaef00000)]
  0x000001c7573ab000 JavaThread "jar transforms Thread 62" [_thread_blocked, id=1640, stack(0x0000009aaef00000,0x0000009aaf000000)]
  0x000001c7573b4000 JavaThread "jar transforms Thread 63" [_thread_blocked, id=2708, stack(0x0000009aaf000000,0x0000009aaf100000)]
  0x000001c7573b7800 JavaThread "jar transforms Thread 64" [_thread_blocked, id=8768, stack(0x0000009aaf100000,0x0000009aaf200000)]
  0x000001c7573b2800 JavaThread "jar transforms Thread 65" [_thread_blocked, id=3212, stack(0x0000009aaf200000,0x0000009aaf300000)]
  0x000001c7573b3800 JavaThread "jar transforms Thread 66" [_thread_blocked, id=9908, stack(0x0000009aaf300000,0x0000009aaf400000)]
  0x000001c7573b5000 JavaThread "jar transforms Thread 67" [_thread_blocked, id=5396, stack(0x0000009aaf400000,0x0000009aaf500000)]
  0x000001c7573b5800 JavaThread "jar transforms Thread 68" [_thread_blocked, id=3388, stack(0x0000009aaf500000,0x0000009aaf600000)]
  0x000001c7573b6800 JavaThread "jar transforms Thread 69" [_thread_blocked, id=6276, stack(0x0000009aaf600000,0x0000009aaf700000)]
  0x000001c7573b1800 JavaThread "jar transforms Thread 70" [_thread_blocked, id=4972, stack(0x0000009aaf700000,0x0000009aaf800000)]
  0x000001c7573b9000 JavaThread "jar transforms Thread 71" [_thread_blocked, id=7444, stack(0x0000009aaf800000,0x0000009aaf900000)]
  0x000001c7573b8000 JavaThread "jar transforms Thread 72" [_thread_blocked, id=8272, stack(0x0000009aaf900000,0x0000009aafa00000)]
  0x000001c757f56000 JavaThread "jar transforms Thread 73" [_thread_blocked, id=11220, stack(0x0000009aafa00000,0x0000009aafb00000)]
  0x000001c757f54000 JavaThread "jar transforms Thread 74" [_thread_blocked, id=9076, stack(0x0000009aafb00000,0x0000009aafc00000)]
  0x000001c757f54800 JavaThread "jar transforms Thread 75" [_thread_blocked, id=2036, stack(0x0000009aafc00000,0x0000009aafd00000)]
  0x000001c757f55800 JavaThread "jar transforms Thread 76" [_thread_blocked, id=5928, stack(0x0000009aafd00000,0x0000009aafe00000)]
  0x000001c757f57000 JavaThread "jar transforms Thread 77" [_thread_blocked, id=9772, stack(0x0000009aafe00000,0x0000009aaff00000)]
  0x000001c757f51800 JavaThread "jar transforms Thread 78" [_thread_blocked, id=8176, stack(0x0000009aaff00000,0x0000009ab0000000)]
  0x000001c757f58000 JavaThread "jar transforms Thread 79" [_thread_blocked, id=1960, stack(0x0000009ab0000000,0x0000009ab0100000)]
  0x000001c757f52000 JavaThread "jar transforms Thread 80" [_thread_blocked, id=10504, stack(0x0000009ab0100000,0x0000009ab0200000)]
  0x000001c757f58800 JavaThread "jar transforms Thread 81" [_thread_blocked, id=624, stack(0x0000009ab0200000,0x0000009ab0300000)]
  0x000001c757f53000 JavaThread "jar transforms Thread 82" [_thread_blocked, id=5060, stack(0x0000009ab0300000,0x0000009ab0400000)]
  0x000001c757f59800 JavaThread "jar transforms Thread 83" [_thread_blocked, id=8308, stack(0x0000009ab0400000,0x0000009ab0500000)]
  0x000001c757f5a800 JavaThread "jar transforms Thread 84" [_thread_blocked, id=1136, stack(0x0000009ab0500000,0x0000009ab0600000)]
  0x000001c757f5c000 JavaThread "jar transforms Thread 85" [_thread_blocked, id=7948, stack(0x0000009ab0600000,0x0000009ab0700000)]
  0x000001c757f5b000 JavaThread "jar transforms Thread 86" [_thread_blocked, id=2468, stack(0x0000009ab0700000,0x0000009ab0800000)]
  0x000001c757f60000 JavaThread "jar transforms Thread 87" [_thread_blocked, id=5160, stack(0x0000009ab0800000,0x0000009ab0900000)]
  0x000001c757f5d000 JavaThread "jar transforms Thread 88" [_thread_blocked, id=4168, stack(0x0000009ab0900000,0x0000009ab0a00000)]
  0x000001c757f5d800 JavaThread "jar transforms Thread 89" [_thread_blocked, id=8500, stack(0x0000009ab0a00000,0x0000009ab0b00000)]
  0x000001c757f5e800 JavaThread "jar transforms Thread 90" [_thread_blocked, id=2004, stack(0x0000009ab0b00000,0x0000009ab0c00000)]
  0x000001c757f5f000 JavaThread "jar transforms Thread 91" [_thread_blocked, id=760, stack(0x0000009ab0c00000,0x0000009ab0d00000)]
  0x000001c757243000 JavaThread "jar transforms Thread 92" [_thread_blocked, id=8440, stack(0x0000009ab0d00000,0x0000009ab0e00000)]
  0x000001c757246000 JavaThread "jar transforms Thread 93" [_thread_blocked, id=6680, stack(0x0000009ab0e00000,0x0000009ab0f00000)]
  0x000001c757244800 JavaThread "jar transforms Thread 94" [_thread_blocked, id=9428, stack(0x0000009ab0f00000,0x0000009ab1000000)]
  0x000001c757247000 JavaThread "jar transforms Thread 95" [_thread_blocked, id=10968, stack(0x0000009ab1000000,0x0000009ab1100000)]
  0x000001c757245800 JavaThread "jar transforms Thread 96" [_thread_blocked, id=5760, stack(0x0000009ab1100000,0x0000009ab1200000)]
  0x000001c757247800 JavaThread "jar transforms Thread 97" [_thread_blocked, id=7124, stack(0x0000009ab1200000,0x0000009ab1300000)]

Other Threads:
  0x000001c75384f800 VMThread "VM Thread" [stack: 0x0000009aa9100000,0x0000009aa9200000] [id=9252]
  0x000001c75433d800 WatcherThread [stack: 0x0000009aa9b00000,0x0000009aa9c00000] [id=9132]
  0x000001c73a304000 GCTaskThread "GC Thread#0" [stack: 0x0000009aa8c00000,0x0000009aa8d00000] [id=9220]
  0x000001c7543ed800 GCTaskThread "GC Thread#1" [stack: 0x0000009aa9c00000,0x0000009aa9d00000] [id=9116]
  0x000001c73a333800 ConcurrentGCThread "G1 Main Marker" [stack: 0x0000009aa8d00000,0x0000009aa8e00000] [id=9176]
  0x000001c73a337000 ConcurrentGCThread "G1 Conc#0" [stack: 0x0000009aa8e00000,0x0000009aa8f00000] [id=9140]
  0x000001c73a386800 ConcurrentGCThread "G1 Refine#0" [stack: 0x0000009aa8f00000,0x0000009aa9000000] [id=9228]
  0x000001c73a387800 ConcurrentGCThread "G1 Young RemSet Sampling" [stack: 0x0000009aa9000000,0x0000009aa9100000] [id=9248]

Threads with active compile tasks:
C2 CompilerThread0  91435 4900       4       java.net.URLClassLoader$1::run (5 bytes)

VM state:not at safepoint (normal execution)

VM Mutex/Monitor currently owned by a thread: None

Heap address: 0x0000000080000000, size: 2048 MB, Compressed Oops mode: 32-bit
Narrow klass base: 0x0000000000000000, Narrow klass shift: 3
Compressed class space size: 1073741824 Address: 0x0000000100000000

Heap:
 garbage-first heap   total 65536K, used 45189K [0x0000000080000000, 0x0000000100000000)
  region size 1024K, 9 young (9216K), 2 survivors (2048K)
 Metaspace       used 53172K, capacity 54380K, committed 54652K, reserved 1097728K
  class space    used 6719K, capacity 7137K, committed 7168K, reserved 1048576K
Heap Regions: E=young(eden), S=young(survivor), O=old, HS=humongous(starts), HC=humongous(continues), CS=collection set, F=free, A=archive, TAMS=top-at-mark-start (previous, next)
|   0|0x0000000080000000, 0x0000000080100000, 0x0000000080100000|100%| O|  |TAMS 0x0000000080100000, 0x0000000080000000| Untracked 
|   1|0x0000000080100000, 0x0000000080200000, 0x0000000080200000|100%| O|  |TAMS 0x0000000080200000, 0x0000000080100000| Untracked 
|   2|0x0000000080200000, 0x0000000080300000, 0x0000000080300000|100%| O|  |TAMS 0x0000000080300000, 0x0000000080200000| Untracked 
|   3|0x0000000080300000, 0x0000000080400000, 0x0000000080400000|100%| O|  |TAMS 0x0000000080400000, 0x0000000080300000| Untracked 
|   4|0x0000000080400000, 0x0000000080500000, 0x0000000080500000|100%|HS|  |TAMS 0x0000000080500000, 0x0000000080400000| Complete 
|   5|0x0000000080500000, 0x0000000080600000, 0x0000000080600000|100%|HC|  |TAMS 0x0000000080600000, 0x0000000080500000| Complete 
|   6|0x0000000080600000, 0x0000000080700000, 0x0000000080700000|100%|HC|  |TAMS 0x0000000080700000, 0x0000000080600000| Complete 
|   7|0x0000000080700000, 0x0000000080800000, 0x0000000080800000|100%| O|  |TAMS 0x0000000080800000, 0x0000000080700000| Untracked 
|   8|0x0000000080800000, 0x0000000080900000, 0x0000000080900000|100%| O|  |TAMS 0x0000000080900000, 0x0000000080800000| Untracked 
|   9|0x0000000080900000, 0x0000000080a00000, 0x0000000080a00000|100%| O|  |TAMS 0x0000000080a00000, 0x0000000080900000| Untracked 
|  10|0x0000000080a00000, 0x0000000080b00000, 0x0000000080b00000|100%| O|  |TAMS 0x0000000080b00000, 0x0000000080a00000| Untracked 
|  11|0x0000000080b00000, 0x0000000080c00000, 0x0000000080c00000|100%| O|  |TAMS 0x0000000080c00000, 0x0000000080b00000| Untracked 
|  12|0x0000000080c00000, 0x0000000080d00000, 0x0000000080d00000|100%| O|  |TAMS 0x0000000080d00000, 0x0000000080c00000| Untracked 
|  13|0x0000000080d00000, 0x0000000080e00000, 0x0000000080e00000|100%| O|  |TAMS 0x0000000080e00000, 0x0000000080d00000| Untracked 
|  14|0x0000000080e00000, 0x0000000080f00000, 0x0000000080f00000|100%| O|  |TAMS 0x0000000080f00000, 0x0000000080e00000| Untracked 
|  15|0x0000000080f00000, 0x0000000081000000, 0x0000000081000000|100%| O|  |TAMS 0x0000000081000000, 0x0000000080f00000| Untracked 
|  16|0x0000000081000000, 0x0000000081100000, 0x0000000081100000|100%| O|  |TAMS 0x0000000081100000, 0x0000000081000000| Untracked 
|  17|0x0000000081100000, 0x0000000081200000, 0x0000000081200000|100%| O|  |TAMS 0x0000000081200000, 0x0000000081100000| Untracked 
|  18|0x0000000081200000, 0x0000000081300000, 0x0000000081300000|100%| O|  |TAMS 0x0000000081300000, 0x0000000081200000| Untracked 
|  19|0x0000000081300000, 0x0000000081400000, 0x0000000081400000|100%| O|  |TAMS 0x0000000081400000, 0x0000000081300000| Untracked 
|  20|0x0000000081400000, 0x0000000081500000, 0x0000000081500000|100%| O|  |TAMS 0x0000000081500000, 0x0000000081400000| Untracked 
|  21|0x0000000081500000, 0x0000000081600000, 0x0000000081600000|100%| O|  |TAMS 0x0000000081600000, 0x0000000081500000| Untracked 
|  22|0x0000000081600000, 0x0000000081700000, 0x0000000081700000|100%| O|  |TAMS 0x0000000081700000, 0x0000000081600000| Untracked 
|  23|0x0000000081700000, 0x0000000081800000, 0x0000000081800000|100%| O|  |TAMS 0x0000000081800000, 0x0000000081700000| Untracked 
|  24|0x0000000081800000, 0x0000000081900000, 0x0000000081900000|100%| O|  |TAMS 0x0000000081900000, 0x0000000081800000| Untracked 
|  25|0x0000000081900000, 0x0000000081a00000, 0x0000000081a00000|100%|HS|  |TAMS 0x0000000081a00000, 0x0000000081900000| Complete 
|  26|0x0000000081a00000, 0x0000000081b00000, 0x0000000081b00000|100%|HS|  |TAMS 0x0000000081b00000, 0x0000000081a00000| Complete 
|  27|0x0000000081b00000, 0x0000000081c00000, 0x0000000081c00000|100%|HC|  |TAMS 0x0000000081c00000, 0x0000000081b00000| Complete 
|  28|0x0000000081c00000, 0x0000000081d00000, 0x0000000081d00000|100%| O|  |TAMS 0x0000000081d00000, 0x0000000081c00000| Untracked 
|  29|0x0000000081d00000, 0x0000000081e00000, 0x0000000081e00000|100%| O|  |TAMS 0x0000000081e00000, 0x0000000081d00000| Untracked 
|  30|0x0000000081e00000, 0x0000000081f00000, 0x0000000081f00000|100%| O|  |TAMS 0x0000000081f00000, 0x0000000081e00000| Untracked 
|  31|0x0000000081f00000, 0x0000000082000000, 0x0000000082000000|100%| O|  |TAMS 0x0000000082000000, 0x0000000081f00000| Untracked 
|  32|0x0000000082000000, 0x0000000082100000, 0x0000000082100000|100%| O|  |TAMS 0x0000000082100000, 0x0000000082000000| Untracked 
|  33|0x0000000082100000, 0x0000000082200000, 0x0000000082200000|100%| O|  |TAMS 0x0000000082200000, 0x0000000082100000| Untracked 
|  34|0x0000000082200000, 0x00000000822da000, 0x0000000082300000| 85%| O|  |TAMS 0x00000000822da000, 0x0000000082200000| Untracked 
|  35|0x0000000082300000, 0x0000000082400000, 0x0000000082400000|100%| O|  |TAMS 0x0000000082400000, 0x0000000082300000| Untracked 
|  36|0x0000000082400000, 0x0000000082500000, 0x0000000082500000|100%| O|  |TAMS 0x0000000082500000, 0x0000000082400000| Untracked 
|  37|0x0000000082500000, 0x0000000082500000, 0x0000000082600000|  0%| F|  |TAMS 0x0000000082500000, 0x0000000082500000| Untracked 
|  38|0x0000000082600000, 0x0000000082600000, 0x0000000082700000|  0%| F|  |TAMS 0x0000000082600000, 0x0000000082600000| Untracked 
|  39|0x0000000082700000, 0x0000000082700000, 0x0000000082800000|  0%| F|  |TAMS 0x0000000082700000, 0x0000000082700000| Untracked 
|  40|0x0000000082800000, 0x0000000082800000, 0x0000000082900000|  0%| F|  |TAMS 0x0000000082800000, 0x0000000082800000| Untracked 
|  41|0x0000000082900000, 0x0000000082900000, 0x0000000082a00000|  0%| F|  |TAMS 0x0000000082900000, 0x0000000082900000| Untracked 
|  42|0x0000000082a00000, 0x0000000082a00000, 0x0000000082b00000|  0%| F|  |TAMS 0x0000000082a00000, 0x0000000082a00000| Untracked 
|  43|0x0000000082b00000, 0x0000000082b00000, 0x0000000082c00000|  0%| F|  |TAMS 0x0000000082b00000, 0x0000000082b00000| Untracked 
|  44|0x0000000082c00000, 0x0000000082c00000, 0x0000000082d00000|  0%| F|  |TAMS 0x0000000082c00000, 0x0000000082c00000| Untracked 
|  45|0x0000000082d00000, 0x0000000082d00000, 0x0000000082e00000|  0%| F|  |TAMS 0x0000000082d00000, 0x0000000082d00000| Untracked 
|  46|0x0000000082e00000, 0x0000000082e00000, 0x0000000082f00000|  0%| F|  |TAMS 0x0000000082e00000, 0x0000000082e00000| Untracked 
|  47|0x0000000082f00000, 0x0000000082f47688, 0x0000000083000000| 27%| S|CS|TAMS 0x0000000082f00000, 0x0000000082f00000| Complete 
|  48|0x0000000083000000, 0x0000000083100000, 0x0000000083100000|100%| S|CS|TAMS 0x0000000083000000, 0x0000000083000000| Complete 
|  49|0x0000000083100000, 0x0000000083100000, 0x0000000083200000|  0%| F|  |TAMS 0x0000000083100000, 0x0000000083100000| Untracked 
|  50|0x0000000083200000, 0x0000000083200000, 0x0000000083300000|  0%| F|  |TAMS 0x0000000083200000, 0x0000000083200000| Untracked 
|  51|0x0000000083300000, 0x0000000083300000, 0x0000000083400000|  0%| F|  |TAMS 0x0000000083300000, 0x0000000083300000| Untracked 
|  52|0x0000000083400000, 0x0000000083400000, 0x0000000083500000|  0%| F|  |TAMS 0x0000000083400000, 0x0000000083400000| Untracked 
|  53|0x0000000083500000, 0x0000000083500000, 0x0000000083600000|  0%| F|  |TAMS 0x0000000083500000, 0x0000000083500000| Untracked 
|  54|0x0000000083600000, 0x0000000083600000, 0x0000000083700000|  0%| F|  |TAMS 0x0000000083600000, 0x0000000083600000| Untracked 
|  55|0x0000000083700000, 0x0000000083700000, 0x0000000083800000|  0%| F|  |TAMS 0x0000000083700000, 0x0000000083700000| Untracked 
|  56|0x0000000083800000, 0x0000000083800000, 0x0000000083900000|  0%| F|  |TAMS 0x0000000083800000, 0x0000000083800000| Untracked 
|  57|0x0000000083900000, 0x000000008398d550, 0x0000000083a00000| 55%| E|  |TAMS 0x0000000083900000, 0x0000000083900000| Complete 
|  58|0x0000000083a00000, 0x0000000083b00000, 0x0000000083b00000|100%| E|CS|TAMS 0x0000000083a00000, 0x0000000083a00000| Complete 
|  59|0x0000000083b00000, 0x0000000083c00000, 0x0000000083c00000|100%| E|CS|TAMS 0x0000000083b00000, 0x0000000083b00000| Complete 
|  60|0x0000000083c00000, 0x0000000083d00000, 0x0000000083d00000|100%| E|CS|TAMS 0x0000000083c00000, 0x0000000083c00000| Complete 
|  61|0x0000000083d00000, 0x0000000083e00000, 0x0000000083e00000|100%| E|CS|TAMS 0x0000000083d00000, 0x0000000083d00000| Complete 
|  62|0x0000000083e00000, 0x0000000083f00000, 0x0000000083f00000|100%| E|CS|TAMS 0x0000000083e00000, 0x0000000083e00000| Complete 
|  63|0x0000000083f00000, 0x0000000084000000, 0x0000000084000000|100%| E|CS|TAMS 0x0000000083f00000, 0x0000000083f00000| Complete 

Card table byte_map: [0x000001c74cc60000,0x000001c74d060000] _byte_map_base: 0x000001c74c860000

Marking Bits (Prev, Next): (CMBitMap*) 0x000001c73a32ad78, (CMBitMap*) 0x000001c73a32adb0
 Prev Bits: [0x000001c74d460000, 0x000001c74f460000)
 Next Bits: [0x000001c74f460000, 0x000001c751460000)

Polling page: 0x000001c7381a0000

Metaspace:

Usage:
  Non-class:     46.14 MB capacity,    45.36 MB ( 98%) used,   673.85 KB (  1%) free+waste,   116.56 KB ( <1%) overhead. 
      Class:      6.97 MB capacity,     6.56 MB ( 94%) used,   362.10 KB (  5%) free+waste,    55.31 KB ( <1%) overhead. 
       Both:     53.11 MB capacity,    51.93 MB ( 98%) used,     1.01 MB (  2%) free+waste,   171.88 KB ( <1%) overhead. 

Virtual space:
  Non-class space:       48.00 MB reserved,      46.37 MB ( 97%) committed 
      Class space:        1.00 GB reserved,       7.00 MB ( <1%) committed 
             Both:        1.05 GB reserved,      53.37 MB (  5%) committed 

Chunk freelists:
   Non-Class:  49.00 KB
       Class:  0 bytes
        Both:  49.00 KB

MaxMetaspaceSize: 17179869184.00 GB
CompressedClassSpaceSize: 1.00 GB

CodeHeap 'non-profiled nmethods': size=120064Kb used=2496Kb max_used=2496Kb free=117567Kb
 bounds [0x000001c745720000, 0x000001c7459a0000, 0x000001c74cc60000]
CodeHeap 'profiled nmethods': size=120000Kb used=10309Kb max_used=10309Kb free=109690Kb
 bounds [0x000001c73e1f0000, 0x000001c73ec10000, 0x000001c745720000]
CodeHeap 'non-nmethods': size=5696Kb used=2199Kb max_used=2232Kb free=3496Kb
 bounds [0x000001c73dc60000, 0x000001c73ded0000, 0x000001c73e1f0000]
 total_blobs=5584 nmethods=4804 adapters=692
 compilation: enabled
              stopped_count=0, restarted_count=0
 full_count=0

Compilation events (20 events):
Event: 90.095 Thread 0x000001c7538b7800 5020       3       org.gradle.api.internal.provider.ValueSupplier$Value::ofNullable (23 bytes)
Event: 90.096 Thread 0x000001c7538b7800 nmethod 5020 0x000001c73ebda890 code [0x000001c73ebdaa80, 0x000001c73ebdae58]
Event: 90.138 Thread 0x000001c7538b7800 5021       3       java.lang.Class::getConstructor (31 bytes)
Event: 90.140 Thread 0x000001c7538b7800 nmethod 5021 0x000001c73ebdb010 code [0x000001c73ebdb280, 0x000001c73ebdbac8]
Event: 90.143 Thread 0x000001c7538b7800 5022       3       com.google.common.collect.AbstractIndexedListIterator::hasNext (17 bytes)
Event: 90.144 Thread 0x000001c7538b7800 nmethod 5022 0x000001c73e54c410 code [0x000001c73e54c5c0, 0x000001c73e54c718]
Event: 90.144 Thread 0x000001c7538b7800 5023       3       com.google.common.reflect.TypeResolver::resolveTypes (32 bytes)
Event: 90.144 Thread 0x000001c7538b7800 nmethod 5023 0x000001c73ebdbd90 code [0x000001c73ebdbf60, 0x000001c73ebdc3a8]
Event: 90.151 Thread 0x000001c7538b7800 5024       3       com.google.common.collect.ImmutableMap::copyOf (41 bytes)
Event: 90.151 Thread 0x000001c7538b7800 nmethod 5024 0x000001c73ebdc510 code [0x000001c73ebdc740, 0x000001c73ebdcfd8]
Event: 90.152 Thread 0x000001c7538b7800 5025       3       java.lang.reflect.AccessibleObject::slowVerifyAccess (62 bytes)
Event: 90.153 Thread 0x000001c7538b7800 nmethod 5025 0x000001c73ebdd210 code [0x000001c73ebdd420, 0x000001c73ebddb78]
Event: 90.187 Thread 0x000001c7538b7800 5026       3       java.lang.invoke.TypeConvertingMethodAdapter::<init> (8 bytes)
Event: 90.187 Thread 0x000001c7538b7800 nmethod 5026 0x000001c73ebddd10 code [0x000001c73ebddee0, 0x000001c73ebde118]
Event: 90.187 Thread 0x000001c7538b7800 5027       3       jdk.internal.org.objectweb.asm.MethodVisitor::visitCode (15 bytes)
Event: 90.188 Thread 0x000001c7538b7800 nmethod 5027 0x000001c73ebde210 code [0x000001c73ebde3c0, 0x000001c73ebde5a8]
Event: 90.188 Thread 0x000001c7538b7800 5028       3       jdk.internal.org.objectweb.asm.MethodVisitor::visitMaxs (17 bytes)
Event: 90.188 Thread 0x000001c7538b7800 nmethod 5028 0x000001c73ebde690 code [0x000001c73ebde840, 0x000001c73ebdea28]
Event: 90.188 Thread 0x000001c7538b7800 5029       3       jdk.internal.org.objectweb.asm.MethodVisitor::visitEnd (15 bytes)
Event: 90.189 Thread 0x000001c7538b7800 nmethod 5029 0x000001c73ebdeb10 code [0x000001c73ebdecc0, 0x000001c73ebdeea8]

GC Heap History (20 events):
Event: 55.116 GC heap before
{Heap before GC invocations=10 (full 0):
 garbage-first heap   total 65536K, used 42373K [0x0000000080000000, 0x0000000100000000)
  region size 1024K, 27 young (27648K), 3 survivors (3072K)
 Metaspace       used 34969K, capacity 35645K, committed 35708K, reserved 1081344K
  class space    used 4532K, capacity 4817K, committed 4864K, reserved 1048576K
}
Event: 55.141 GC heap after
{Heap after GC invocations=11 (full 0):
 garbage-first heap   total 65536K, used 22041K [0x0000000080000000, 0x0000000100000000)
  region size 1024K, 4 young (4096K), 4 survivors (4096K)
 Metaspace       used 34969K, capacity 35645K, committed 35708K, reserved 1081344K
  class space    used 4532K, capacity 4817K, committed 4864K, reserved 1048576K
}
Event: 58.253 GC heap before
{Heap before GC invocations=12 (full 0):
 garbage-first heap   total 65536K, used 48665K [0x0000000080000000, 0x0000000100000000)
  region size 1024K, 28 young (28672K), 4 survivors (4096K)
 Metaspace       used 37827K, capacity 38605K, committed 38908K, reserved 1083392K
  class space    used 4846K, capacity 5134K, committed 5248K, reserved 1048576K
}
Event: 58.280 GC heap after
{Heap after GC invocations=13 (full 0):
 garbage-first heap   total 65536K, used 23736K [0x0000000080000000, 0x0000000100000000)
  region size 1024K, 2 young (2048K), 2 survivors (2048K)
 Metaspace       used 37827K, capacity 38605K, committed 38908K, reserved 1083392K
  class space    used 4846K, capacity 5134K, committed 5248K, reserved 1048576K
}
Event: 60.477 GC heap before
{Heap before GC invocations=13 (full 0):
 garbage-first heap   total 65536K, used 48312K [0x0000000080000000, 0x0000000100000000)
  region size 1024K, 26 young (26624K), 2 survivors (2048K)
 Metaspace       used 40077K, capacity 40860K, committed 41212K, reserved 1085440K
  class space    used 5087K, capacity 5394K, committed 5504K, reserved 1048576K
}
Event: 60.493 GC heap after
{Heap after GC invocations=14 (full 0):
 garbage-first heap   total 65536K, used 25054K [0x0000000080000000, 0x0000000100000000)
  region size 1024K, 3 young (3072K), 3 survivors (3072K)
 Metaspace       used 40077K, capacity 40860K, committed 41212K, reserved 1085440K
  class space    used 5087K, capacity 5394K, committed 5504K, reserved 1048576K
}
Event: 62.679 GC heap before
{Heap before GC invocations=14 (full 0):
 garbage-first heap   total 65536K, used 49630K [0x0000000080000000, 0x0000000100000000)
  region size 1024K, 27 young (27648K), 3 survivors (3072K)
 Metaspace       used 42245K, capacity 43140K, committed 43260K, reserved 1087488K
  class space    used 5416K, capacity 5735K, committed 5760K, reserved 1048576K
}
Event: 62.697 GC heap after
{Heap after GC invocations=15 (full 0):
 garbage-first heap   total 65536K, used 25863K [0x0000000080000000, 0x0000000100000000)
  region size 1024K, 3 young (3072K), 3 survivors (3072K)
 Metaspace       used 42245K, capacity 43140K, committed 43260K, reserved 1087488K
  class space    used 5416K, capacity 5735K, committed 5760K, reserved 1048576K
}
Event: 69.841 GC heap before
{Heap before GC invocations=15 (full 0):
 garbage-first heap   total 65536K, used 50439K [0x0000000080000000, 0x0000000100000000)
  region size 1024K, 27 young (27648K), 3 survivors (3072K)
 Metaspace       used 44203K, capacity 45145K, committed 45308K, reserved 1089536K
  class space    used 5649K, capacity 5998K, committed 6016K, reserved 1048576K
}
Event: 69.863 GC heap after
{Heap after GC invocations=16 (full 0):
 garbage-first heap   total 65536K, used 27472K [0x0000000080000000, 0x0000000100000000)
  region size 1024K, 3 young (3072K), 3 survivors (3072K)
 Metaspace       used 44203K, capacity 45145K, committed 45308K, reserved 1089536K
  class space    used 5649K, capacity 5998K, committed 6016K, reserved 1048576K
}
Event: 79.989 GC heap before
{Heap before GC invocations=16 (full 0):
 garbage-first heap   total 65536K, used 53072K [0x0000000080000000, 0x0000000100000000)
  region size 1024K, 26 young (26624K), 3 survivors (3072K)
 Metaspace       used 44643K, capacity 45717K, committed 45948K, reserved 1089536K
  class space    used 5690K, capacity 6079K, committed 6144K, reserved 1048576K
}
Event: 80.011 GC heap after
{Heap after GC invocations=17 (full 0):
 garbage-first heap   total 65536K, used 36359K [0x0000000080000000, 0x0000000100000000)
  region size 1024K, 4 young (4096K), 4 survivors (4096K)
 Metaspace       used 44643K, capacity 45717K, committed 45948K, reserved 1089536K
  class space    used 5690K, capacity 6079K, committed 6144K, reserved 1048576K
}
Event: 82.304 GC heap before
{Heap before GC invocations=17 (full 0):
 garbage-first heap   total 65536K, used 49671K [0x0000000080000000, 0x0000000100000000)
  region size 1024K, 18 young (18432K), 4 survivors (4096K)
 Metaspace       used 45964K, capacity 47139K, committed 47484K, reserved 1091584K
  class space    used 5866K, capacity 6283K, committed 6400K, reserved 1048576K
}
Event: 82.320 GC heap after
{Heap after GC invocations=18 (full 0):
 garbage-first heap   total 65536K, used 37959K [0x0000000080000000, 0x0000000100000000)
  region size 1024K, 2 young (2048K), 2 survivors (2048K)
 Metaspace       used 45964K, capacity 47139K, committed 47484K, reserved 1091584K
  class space    used 5866K, capacity 6283K, committed 6400K, reserved 1048576K
}
Event: 85.291 GC heap before
{Heap before GC invocations=19 (full 0):
 garbage-first heap   total 65536K, used 50247K [0x0000000080000000, 0x0000000100000000)
  region size 1024K, 15 young (15360K), 2 survivors (2048K)
 Metaspace       used 48341K, capacity 49537K, committed 49788K, reserved 1093632K
  class space    used 6122K, capacity 6552K, committed 6656K, reserved 1048576K
}
Event: 85.301 GC heap after
{Heap after GC invocations=20 (full 0):
 garbage-first heap   total 65536K, used 38263K [0x0000000080000000, 0x0000000100000000)
  region size 1024K, 2 young (2048K), 2 survivors (2048K)
 Metaspace       used 48341K, capacity 49537K, committed 49788K, reserved 1093632K
  class space    used 6122K, capacity 6552K, committed 6656K, reserved 1048576K
}
Event: 87.129 GC heap before
{Heap before GC invocations=20 (full 0):
 garbage-first heap   total 65536K, used 50551K [0x0000000080000000, 0x0000000100000000)
  region size 1024K, 15 young (15360K), 2 survivors (2048K)
 Metaspace       used 50069K, capacity 51274K, committed 51452K, reserved 1093632K
  class space    used 6352K, capacity 6750K, committed 6784K, reserved 1048576K
}
Event: 87.141 GC heap after
{Heap after GC invocations=21 (full 0):
 garbage-first heap   total 65536K, used 38674K [0x0000000080000000, 0x0000000100000000)
  region size 1024K, 1 young (1024K), 1 survivors (1024K)
 Metaspace       used 50069K, capacity 51274K, committed 51452K, reserved 1093632K
  class space    used 6352K, capacity 6750K, committed 6784K, reserved 1048576K
}
Event: 89.618 GC heap before
{Heap before GC invocations=22 (full 0):
 garbage-first heap   total 65536K, used 53010K [0x0000000080000000, 0x0000000100000000)
  region size 1024K, 15 young (15360K), 1 survivors (1024K)
 Metaspace       used 52163K, capacity 53413K, committed 53628K, reserved 1095680K
  class space    used 6621K, capacity 7054K, committed 7168K, reserved 1048576K
}
Event: 89.628 GC heap after
{Heap after GC invocations=23 (full 0):
 garbage-first heap   total 65536K, used 39045K [0x0000000080000000, 0x0000000100000000)
  region size 1024K, 2 young (2048K), 2 survivors (2048K)
 Metaspace       used 52163K, capacity 53413K, committed 53628K, reserved 1095680K
  class space    used 6621K, capacity 7054K, committed 7168K, reserved 1048576K
}

Deoptimization events (20 events):
Event: 83.118 Thread 0x000001c755109800 DEOPT PACKING pc=0x000001c7458a9db4 sp=0x0000009aaa4f7e60
Event: 83.118 Thread 0x000001c755109800 DEOPT UNPACKING pc=0x000001c73dc869aa sp=0x0000009aaa4f7e08 mode 2
Event: 83.514 Thread 0x000001c755109800 Uncommon trap: trap_request=0xffffff45 fr.pc=0x000001c74583f35c relative=0x00000000000001fc
Event: 83.514 Thread 0x000001c755109800 Uncommon trap: reason=unstable_fused_if action=reinterpret pc=0x000001c74583f35c method=org.objectweb.asm.ByteVector.putUTF8(Ljava/lang/String;)Lorg/objectweb/asm/ByteVector; @ 93 c2
Event: 83.514 Thread 0x000001c755109800 DEOPT PACKING pc=0x000001c74583f35c sp=0x0000009aaa4f7bd0
Event: 83.514 Thread 0x000001c755109800 DEOPT UNPACKING pc=0x000001c73dc869aa sp=0x0000009aaa4f7b50 mode 2
Event: 85.361 Thread 0x000001c755109800 DEOPT PACKING pc=0x000001c73eaf61b9 sp=0x0000009aaa4f7ed0
Event: 85.361 Thread 0x000001c755109800 DEOPT UNPACKING pc=0x000001c73dc867c0 sp=0x0000009aaa4f73e0 mode 0
Event: 85.612 Thread 0x000001c755109800 DEOPT PACKING pc=0x000001c73eaf61b9 sp=0x0000009aaa4f6be0
Event: 85.612 Thread 0x000001c755109800 DEOPT UNPACKING pc=0x000001c73dc867c0 sp=0x0000009aaa4f60f0 mode 0
Event: 86.784 Thread 0x000001c755109800 Uncommon trap: trap_request=0xffffff4d fr.pc=0x000001c74587bee0 relative=0x0000000000001100
Event: 86.784 Thread 0x000001c755109800 Uncommon trap: reason=unstable_if action=reinterpret pc=0x000001c74587bee0 method=java.util.zip.ZipFile$ZipFileInflaterInputStream.close()V @ 4 c2
Event: 86.784 Thread 0x000001c755109800 DEOPT PACKING pc=0x000001c74587bee0 sp=0x0000009aaa4f5250
Event: 86.784 Thread 0x000001c755109800 DEOPT UNPACKING pc=0x000001c73dc869aa sp=0x0000009aaa4f5250 mode 2
Event: 88.358 Thread 0x000001c755109800 DEOPT PACKING pc=0x000001c73eaf61b9 sp=0x0000009aaa4f6e70
Event: 88.358 Thread 0x000001c755109800 DEOPT UNPACKING pc=0x000001c73dc867c0 sp=0x0000009aaa4f6380 mode 0
Event: 88.827 Thread 0x000001c755109800 Uncommon trap: trap_request=0xffffffc6 fr.pc=0x000001c74586cb98 relative=0x0000000000003a58
Event: 88.827 Thread 0x000001c755109800 Uncommon trap: reason=bimorphic_or_optimized_type_check action=maybe_recompile pc=0x000001c74586cb98 method=java.util.AbstractCollection.addAll(Ljava/util/Collection;)Z @ 29 c2
Event: 88.827 Thread 0x000001c755109800 DEOPT PACKING pc=0x000001c74586cb98 sp=0x0000009aaa4f8560
Event: 88.827 Thread 0x000001c755109800 DEOPT UNPACKING pc=0x000001c73dc869aa sp=0x0000009aaa4f8560 mode 2

Classes redefined (0 events):
No events

Internal exceptions (20 events):
Event: 80.520 Thread 0x000001c755845000 Exception <a 'java/lang/NoSuchMethodError'{0x0000000083aaae50}: <clinit>> (0x0000000083aaae50) thrown at [./src/hotspot/share/prims/jni.cpp, line 1362]
Event: 80.520 Thread 0x000001c755845000 Exception <a 'java/lang/NoSuchMethodError'{0x0000000083aac3f0}: <clinit>> (0x0000000083aac3f0) thrown at [./src/hotspot/share/prims/jni.cpp, line 1362]
Event: 80.520 Thread 0x000001c755845000 Exception <a 'java/lang/NoSuchMethodError'{0x0000000083aadb98}: <clinit>> (0x0000000083aadb98) thrown at [./src/hotspot/share/prims/jni.cpp, line 1362]
Event: 80.521 Thread 0x000001c755845000 Exception <a 'java/lang/NoSuchMethodError'{0x0000000083aaf060}: <clinit>> (0x0000000083aaf060) thrown at [./src/hotspot/share/prims/jni.cpp, line 1362]
Event: 80.525 Thread 0x000001c755845000 Exception <a 'java/lang/NoSuchMethodError'{0x0000000083abb3a8}: <clinit>> (0x0000000083abb3a8) thrown at [./src/hotspot/share/prims/jni.cpp, line 1362]
Event: 80.530 Thread 0x000001c755845000 Exception <a 'java/lang/NoSuchMethodError'{0x0000000083ac7fc8}: <clinit>> (0x0000000083ac7fc8) thrown at [./src/hotspot/share/prims/jni.cpp, line 1362]
Event: 80.541 Thread 0x000001c755845000 Exception <a 'java/lang/NoSuchMethodError'{0x0000000083ae0ca0}: <clinit>> (0x0000000083ae0ca0) thrown at [./src/hotspot/share/prims/jni.cpp, line 1362]
Event: 80.687 Thread 0x000001c755109800 Exception <a 'java/lang/ClassNotFoundException'{0x00000000839690d0}: build_9jnm9edfmsglc83zjektd4dpBeanInfo> (0x00000000839690d0) thrown at [./src/hotspot/share/classfile/systemDictionary.cpp, line 231]
Event: 80.688 Thread 0x000001c755109800 Exception <a 'java/lang/ClassNotFoundException'{0x0000000083971eb8}: build_9jnm9edfmsglc83zjektd4dpCustomizer> (0x0000000083971eb8) thrown at [./src/hotspot/share/classfile/systemDictionary.cpp, line 231]
Event: 80.712 Thread 0x000001c755109800 Exception <a 'java/lang/ClassNotFoundException'{0x00000000839e1278}: org/gradle/plugin/use/internal/PluginRequestCollector$PluginDependenciesSpecImplBeanInfo> (0x00000000839e1278) thrown at [./src/hotspot/share/classfile/systemDictionary.cpp, line 231]
Event: 80.714 Thread 0x000001c755109800 Exception <a 'java/lang/ClassNotFoundException'{0x0000000083807760}: org/gradle/plugin/use/internal/PluginRequestCollector$PluginDependenciesSpecImplCustomizer> (0x0000000083807760) thrown at [./src/hotspot/share/classfile/systemDictionary.cpp, line 231]
Event: 80.764 Thread 0x000001c755109800 Exception <a 'java/lang/NoSuchMethodError'{0x0000000083879568}: 'void java.lang.invoke.DirectMethodHandle$Holder.invokeInterface(java.lang.Object, java.lang.Object)'> (0x0000000083879568) thrown at [./src/hotspot/share/interpreter/linkResolver.cpp, line 773]
Event: 80.971 Thread 0x000001c755109800 Exception <a 'java/lang/ClassNotFoundException'{0x0000000083638828}: org/gradle/api/internal/plugins/DefaultObjectConfigurationActionBeanInfo> (0x0000000083638828) thrown at [./src/hotspot/share/classfile/systemDictionary.cpp, line 231]
Event: 80.973 Thread 0x000001c755109800 Exception <a 'java/lang/ClassNotFoundException'{0x00000000836648f8}: org/gradle/api/internal/plugins/DefaultObjectConfigurationActionCustomizer> (0x00000000836648f8) thrown at [./src/hotspot/share/classfile/systemDictionary.cpp, line 231]
Event: 83.114 Thread 0x000001c755109800 Exception <a 'java/lang/NoSuchMethodError'{0x0000000083b48840}: 'java.lang.Object java.lang.invoke.DirectMethodHandle$Holder.invokeStatic(java.lang.Object, java.lang.Object, java.lang.Object, java.lang.Object, int)'> (0x0000000083b48840) thrown at [./src/hotspot/share/interpreter/linkResolver.cpp, line 773]
Event: 83.115 Thread 0x000001c755109800 Exception <a 'java/lang/NoSuchMethodError'{0x0000000083b4d238}: 'java.lang.Object java.lang.invoke.DirectMethodHandle$Holder.invokeSpecial(java.lang.Object, java.lang.Object, java.lang.Object, java.lang.Object, java.lang.Object, int)'> (0x0000000083b4d238) thrown at [./src/hotspot/share/interpreter/linkResolver.cpp, line 773]
Event: 83.116 Thread 0x000001c755109800 Exception <a 'java/lang/NoSuchMethodError'{0x0000000083b51878}: 'java.lang.Object java.lang.invoke.Invokers$Holder.linkToTargetMethod(java.lang.Object, java.lang.Object, java.lang.Object, int, java.lang.Object)'> (0x0000000083b51878) thrown at [./src/hotspot/share/interpreter/linkResolver.cpp, line 773]
Event: 86.721 Thread 0x000001c755109800 Exception <a 'java/lang/NoSuchMethodError'{0x00000000835bbd80}: 'java.lang.Object java.lang.invoke.DirectMethodHandle$Holder.invokeSpecial(java.lang.Object, java.lang.Object, int, int, java.lang.Object, java.lang.Object, java.lang.Object)'> (0x00000000835bbd80) thrown at [./src/hotspot/share/interpreter/linkResolver.cpp, line 773]
Event: 86.722 Thread 0x000001c755109800 Exception <a 'java/lang/NoSuchMethodError'{0x00000000835c0300}: 'java.lang.Object java.lang.invoke.DelegatingMethodHandle$Holder.reinvoke_L(java.lang.Object, int, int, java.lang.Object, java.lang.Object, java.lang.Object)'> (0x00000000835c0300) thrown at [./src/hotspot/share/interpreter/linkResolver.cpp, line 773]
Event: 88.556 Thread 0x000001c755109800 Exception <a 'java/lang/NoSuchMethodError'{0x00000000836c2198}: 'int java.lang.invoke.DirectMethodHandle$Holder.invokeInterface(java.lang.Object, java.lang.Object, java.lang.Object, java.lang.Object)'> (0x00000000836c2198) thrown at [./src/hotspot/share/interpreter/linkResolver.cpp, line 773]

Events (20 events):
Event: 90.123 loading class com/google/protobuf/Descriptors$EnumDescriptor
Event: 90.123 loading class com/google/protobuf/Descriptors$EnumDescriptor done
Event: 90.141 loading class com/google/wireless/android/sdk/stats/GradleProjectOptionsSettings$Builder
Event: 90.141 loading class com/google/wireless/android/sdk/stats/GradleProjectOptionsSettings$Builder done
Event: 90.141 loading class com/android/build/gradle/options/OptionalBooleanOption
Event: 90.141 loading class com/android/build/gradle/options/OptionalBooleanOption done
Event: 90.141 loading class com/google/wireless/android/sdk/stats/GradleProjectOptionsSettings$Builder
Event: 90.141 loading class com/google/wireless/android/sdk/stats/GradleProjectOptionsSettings$Builder done
Event: 90.154 loading class com/google/common/collect/SingletonImmutableBiMap
Event: 90.154 loading class com/google/common/collect/SingletonImmutableBiMap done
Event: 90.184 loading class com/google/common/collect/RegularImmutableBiMap
Event: 90.184 loading class com/google/common/collect/RegularImmutableBiMap done
Event: 90.186 loading class com/google/wireless/android/sdk/stats/GradleProjectOptionsSettings$Builder
Event: 90.186 loading class com/google/wireless/android/sdk/stats/GradleProjectOptionsSettings$Builder done
Event: 90.186 loading class com/android/build/gradle/options/IntegerOption
Event: 90.186 loading class com/android/build/gradle/options/IntegerOption done
Event: 90.186 loading class com/google/wireless/android/sdk/stats/GradleProjectOptionsSettings$Builder
Event: 90.186 loading class com/google/wireless/android/sdk/stats/GradleProjectOptionsSettings$Builder done
Event: 90.191 loading class com/google/wireless/android/sdk/stats/GradleIntegerOptionEntry$1
Event: 90.191 loading class com/google/wireless/android/sdk/stats/GradleIntegerOptionEntry$1 done


Dynamic libraries:
0x00007ff6ba8c0000 - 0x00007ff6ba8ca000 	C:\Program Files\Android\Android Studio\jre\bin\java.exe
0x00007ff8cc040000 - 0x00007ff8cc221000 	C:\Windows\SYSTEM32\ntdll.dll
0x00007ff8ca150000 - 0x00007ff8ca202000 	C:\Windows\System32\KERNEL32.DLL
0x00007ff8c9250000 - 0x00007ff8c94c3000 	C:\Windows\System32\KERNELBASE.dll
0x00007ff8c8530000 - 0x00007ff8c862a000 	C:\Windows\System32\ucrtbase.dll
0x00007ff8c2050000 - 0x00007ff8c2069000 	C:\Program Files\Android\Android Studio\jre\bin\jli.dll
0x00007ff8c1580000 - 0x00007ff8c1597000 	C:\Program Files\Android\Android Studio\jre\bin\VCRUNTIME140.dll
0x00007ff8cbe80000 - 0x00007ff8cc010000 	C:\Windows\System32\USER32.dll
0x00007ff8c8f90000 - 0x00007ff8c8fb0000 	C:\Windows\System32\win32u.dll
0x00007ff8bad10000 - 0x00007ff8baf79000 	C:\Windows\WinSxS\amd64_microsoft.windows.common-controls_6595b64144ccf1df_6.0.17133.73_none_b4b127863cb5b9c7\COMCTL32.dll
0x00007ff8c9dc0000 - 0x00007ff8c9de8000 	C:\Windows\System32\GDI32.dll
0x00007ff8c8df0000 - 0x00007ff8c8f82000 	C:\Windows\System32\gdi32full.dll
0x00007ff8c8410000 - 0x00007ff8c84af000 	C:\Windows\System32\msvcp_win.dll
0x00007ff8ca210000 - 0x00007ff8ca2ae000 	C:\Windows\System32\msvcrt.dll
0x00007ff8c9a30000 - 0x00007ff8c9d53000 	C:\Windows\System32\combase.dll
0x00007ff8c9750000 - 0x00007ff8c9874000 	C:\Windows\System32\RPCRT4.dll
0x00007ff8c84b0000 - 0x00007ff8c852a000 	C:\Windows\System32\bcryptPrimitives.dll
0x00007ff8c96b0000 - 0x00007ff8c96dd000 	C:\Windows\System32\IMM32.DLL
0x00007ff8befb0000 - 0x00007ff8bf04d000 	C:\Program Files\Android\Android Studio\jre\bin\msvcp140.dll
0x00007ff898410000 - 0x00007ff898ecc000 	C:\Program Files\Android\Android Studio\jre\bin\server\jvm.dll
0x00007ff8c9ea0000 - 0x00007ff8c9f41000 	C:\Windows\System32\ADVAPI32.dll
0x00007ff8c94d0000 - 0x00007ff8c952b000 	C:\Windows\System32\sechost.dll
0x00007ff8c96e0000 - 0x00007ff8c96e8000 	C:\Windows\System32\PSAPI.DLL
0x00007ff8adcd0000 - 0x00007ff8adcd9000 	C:\Windows\SYSTEM32\WSOCK32.dll
0x00007ff8c9f50000 - 0x00007ff8c9fbc000 	C:\Windows\System32\WS2_32.dll
0x00007ff8c5d40000 - 0x00007ff8c5d63000 	C:\Windows\SYSTEM32\WINMM.dll
0x00007ff8c6f90000 - 0x00007ff8c6f9a000 	C:\Windows\SYSTEM32\VERSION.dll
0x00007ff8c5d10000 - 0x00007ff8c5d3a000 	C:\Windows\SYSTEM32\WINMMBASE.dll
0x00007ff8c8690000 - 0x00007ff8c86d9000 	C:\Windows\System32\cfgmgr32.dll
0x00007ff8c83f0000 - 0x00007ff8c8401000 	C:\Windows\System32\kernel.appcore.dll
0x00007ff8b9200000 - 0x00007ff8b9211000 	C:\Program Files\Android\Android Studio\jre\bin\verify.dll
0x00007ff8b6c90000 - 0x00007ff8b6e59000 	C:\Windows\SYSTEM32\DBGHELP.DLL
0x00007ff8b6c60000 - 0x00007ff8b6c89000 	C:\Windows\SYSTEM32\dbgcore.DLL
0x00007ff8b91d0000 - 0x00007ff8b91f9000 	C:\Program Files\Android\Android Studio\jre\bin\java.dll
0x00007ff8c64b0000 - 0x00007ff8c64bb000 	C:\Program Files\Android\Android Studio\jre\bin\jimage.dll
0x00007ff8b91b0000 - 0x00007ff8b91c8000 	C:\Program Files\Android\Android Studio\jre\bin\zip.dll
0x00007ff8ca5f0000 - 0x00007ff8cba30000 	C:\Windows\System32\SHELL32.dll
0x00007ff8c9df0000 - 0x00007ff8c9e99000 	C:\Windows\System32\shcore.dll
0x00007ff8c86e0000 - 0x00007ff8c8ded000 	C:\Windows\System32\windows.storage.dll
0x00007ff8ca430000 - 0x00007ff8ca481000 	C:\Windows\System32\shlwapi.dll
0x00007ff8c83b0000 - 0x00007ff8c83cf000 	C:\Windows\System32\profapi.dll
0x00007ff8c8360000 - 0x00007ff8c83ac000 	C:\Windows\System32\powrprof.dll
0x00007ff8c8350000 - 0x00007ff8c835a000 	C:\Windows\System32\FLTLIB.DLL
0x00007ff8b9190000 - 0x00007ff8b91aa000 	C:\Program Files\Android\Android Studio\jre\bin\net.dll
0x00007ff8bf510000 - 0x00007ff8bf5ed000 	C:\Windows\SYSTEM32\WINHTTP.dll
0x00007ff8c7b70000 - 0x00007ff8c7bd6000 	C:\Windows\system32\mswsock.dll
0x00007ff8b9170000 - 0x00007ff8b9184000 	C:\Program Files\Android\Android Studio\jre\bin\nio.dll
0x00007ff8a51f0000 - 0x00007ff8a5217000 	C:\Users\MISHECK\.gradle\native\fdc75f09e3144964f2cf3f50f0aa648679c211496f362492102eb8c894070792\windows-amd64\native-platform.dll
0x00007ff897b20000 - 0x00007ff897cb6000 	C:\Users\MISHECK\.gradle\native\12488b8bf47d2d4c9fbf2f6322a914ad602e24e48041cd04a747c6da556b65c4\windows-amd64\native-platform-file-events.dll
0x00007ff8b9260000 - 0x00007ff8b926a000 	C:\Program Files\Android\Android Studio\jre\bin\management.dll
0x00007ff8b9160000 - 0x00007ff8b916c000 	C:\Program Files\Android\Android Studio\jre\bin\management_ext.dll
0x00007ff8c7d20000 - 0x00007ff8c7d37000 	C:\Windows\SYSTEM32\CRYPTSP.dll
0x00007ff8c7750000 - 0x00007ff8c7783000 	C:\Windows\system32\rsaenh.dll
0x00007ff8c7e50000 - 0x00007ff8c7e75000 	C:\Windows\SYSTEM32\bcrypt.dll
0x00007ff8c8250000 - 0x00007ff8c8278000 	C:\Windows\SYSTEM32\USERENV.dll
0x00007ff8c7d40000 - 0x00007ff8c7d4b000 	C:\Windows\SYSTEM32\CRYPTBASE.dll
0x00007ff8c78f0000 - 0x00007ff8c7928000 	C:\Windows\SYSTEM32\IPHLPAPI.DLL
0x00007ff8ca490000 - 0x00007ff8ca498000 	C:\Windows\System32\NSI.dll
0x00007ff8bf910000 - 0x00007ff8bf926000 	C:\Windows\SYSTEM32\dhcpcsvc6.DLL
0x00007ff8bf8f0000 - 0x00007ff8bf90a000 	C:\Windows\SYSTEM32\dhcpcsvc.DLL
0x00007ff8c0a80000 - 0x00007ff8c0a8b000 	C:\Windows\SYSTEM32\WINNSI.DLL

dbghelp: loaded successfully - version: 4.0.5 - missing functions: none
symbol engine: initialized successfully - sym options: 0x614 - pdb path: .;C:\Program Files\Android\Android Studio\jre\bin;C:\Windows\SYSTEM32;C:\Windows\WinSxS\amd64_microsoft.windows.common-controls_6595b64144ccf1df_6.0.17133.73_none_b4b127863cb5b9c7;C:\Program Files\Android\Android Studio\jre\bin\server;C:\Users\MISHECK\.gradle\native\fdc75f09e3144964f2cf3f50f0aa648679c211496f362492102eb8c894070792\windows-amd64;C:\Users\MISHECK\.gradle\native\12488b8bf47d2d4c9fbf2f6322a914ad602e24e48041cd04a747c6da556b65c4\windows-amd64

VM Arguments:
jvm_args: --add-opens=java.base/java.util=ALL-UNNAMED --add-opens=java.base/java.lang=ALL-UNNAMED --add-opens=java.base/java.lang.invoke=ALL-UNNAMED --add-opens=java.prefs/java.util.prefs=ALL-UNNAMED -Xmx2048m -Dfile.encoding=UTF-8 -Duser.country=US -Duser.language=en -Duser.variant 
java_command: org.gradle.launcher.daemon.bootstrap.GradleDaemon 6.7.1
java_class_path (initial): C:\Users\MISHECK\.gradle\wrapper\dists\gradle-6.7.1-bin\bwlcbys1h7rz3272sye1xwiv6\gradle-6.7.1\lib\gradle-launcher-6.7.1.jar
Launcher Type: SUN_STANDARD

[Global flags]
     intx CICompilerCount                          = 2                                         {product} {ergonomic}
     uint ConcGCThreads                            = 1                                         {product} {ergonomic}
     uint G1ConcRefinementThreads                  = 2                                         {product} {ergonomic}
   size_t G1HeapRegionSize                         = 1048576                                   {product} {ergonomic}
    uintx GCDrainStackTargetSize                   = 64                                        {product} {ergonomic}
   size_t InitialHeapSize                          = 67108864                                  {product} {ergonomic}
   size_t MarkStackSize                            = 4194304                                   {product} {ergonomic}
   size_t MaxHeapSize                              = 2147483648                                {product} {command line}
   size_t MaxNewSize                               = 1287651328                                {product} {ergonomic}
   size_t MinHeapDeltaBytes                        = 1048576                                   {product} {ergonomic}
    uintx NonNMethodCodeHeapSize                   = 5825164                                {pd product} {ergonomic}
    uintx NonProfiledCodeHeapSize                  = 122916538                              {pd product} {ergonomic}
    uintx ProfiledCodeHeapSize                     = 122916538                              {pd product} {ergonomic}
    uintx ReservedCodeCacheSize                    = 251658240                              {pd product} {ergonomic}
     bool SegmentedCodeCache                       = true                                      {product} {ergonomic}
     bool UseCompressedClassPointers               = true                                 {lp64_product} {ergonomic}
     bool UseCompressedOops                        = true                                 {lp64_product} {ergonomic}
     bool UseG1GC                                  = true                                      {product} {ergonomic}
     bool UseLargePagesIndividualAllocation        = false                                  {pd product} {ergonomic}

Logging:
Log output configuration:
 #0: stdout all=warning uptime,level,tags
 #1: stderr all=off uptime,level,tags

Environment Variables:
JAVA_HOME=C:\Program Files\Java\jdk1.8.0_191
PATH=C:\Program Files (x86)\Common Files\Oracle\Java\javapath;C:\Windows\system32;C:\Windows;C:\Windows\System32\Wbem;C:\Windows\System32\WindowsPowerShell\v1.0\;C:\Windows\System32\OpenSSH\;C:\Program Files (x86)\Git\cmd;C:\Program Files\nodejs\;C:\Program Files\Java\jdk1.8.0_191\bin;C:\Users\MISHECK\AppData\Roaming\npm;C:\Exercism;C:\Users\MISHECK\AppData\Local\Programs\Python\Python39;C:\Users\MISHECK\AppData\Local\Programs\Microsoft VS Code\bin;C:\Program Files\CodeBlocks\MinGW\bin;
USERNAME=MISHECK
OS=Windows_NT
PROCESSOR_IDENTIFIER=Intel64 Family 6 Model 55 Stepping 8, GenuineIntel



---------------  S Y S T E M  ---------------

OS: Windows 10 , 64 bit Build 17133 (10.0.17133.73)
OS uptime: 0 days 8:04 hours

CPU:total 2 (initial active 2) (2 cores per cpu, 1 threads per core) family 6 model 55 stepping 8, cmov, cx8, fxsr, mmx, sse, sse2, sse3, ssse3, sse4.1, sse4.2, popcnt, clmul, erms, 3dnowpref, tsc, tscinvbit

Memory: 4k page, system-wide physical 3987M (427M free)
TotalPageFile size 5381M (AvailPageFile size 5M)
current process WorkingSet (physical memory assigned to process): 218M, peak: 219M
current process commit charge ("private bytes"): 256M, peak: 256M

vm_info: OpenJDK 64-Bit Server VM (11.0.8+10-b944.6842174) for windows-amd64 JRE (11.0.8+10-b944.6842174), built on Sep 19 2020 01:11:42 by "builder" with MS VC++ 14.0 (VS2015)

END.
