#
# There is insufficient memory for the Java Runtime Environment to continue.
# Native memory allocation (mmap) failed to map 319815680 bytes for Failed to commit area from 0x0000000093100000 to 0x00000000a6200000 of length 319815680.
# Possible reasons:
#   The system is out of physical RAM or swap space
#   The process is running with CompressedOops enabled, and the Java Heap may be blocking the growth of the native heap
# Possible solutions:
#   Reduce memory load on the system
#   Increase physical memory or swap space
#   Check if swap backing store is full
#   Decrease Java heap size (-Xmx/-Xms)
#   Decrease number of Java threads
#   Decrease Java thread stack sizes (-Xss)
#   Set larger code cache with -XX:ReservedCodeCacheSize=
#   JVM is running with Unscaled Compressed Oops mode in which the Java heap is
#     placed in the first 4GB address space. The Java Heap base address is the
#     maximum limit for the native heap growth. Please use -XX:HeapBaseMinAddress
#     to set the Java Heap base and to place the Java Heap above 4GB virtual address.
# This output file may be truncated or incomplete.
#
#  Out of Memory Error (./src/hotspot/os/windows/os_windows.cpp:3303), pid=6340, tid=9748
#
# JRE version: OpenJDK Runtime Environment (11.0.8+10) (build 11.0.8+10-b944.6842174)
# Java VM: OpenJDK 64-Bit Server VM (11.0.8+10-b944.6842174, mixed mode, tiered, compressed oops, g1 gc, windows-amd64)
# No core dump will be written. Minidumps are not enabled by default on client versions of Windows
#

---------------  S U M M A R Y ------------

Command Line: --add-opens=java.base/java.util=ALL-UNNAMED --add-opens=java.base/java.lang=ALL-UNNAMED --add-opens=java.base/java.lang.invoke=ALL-UNNAMED --add-opens=java.prefs/java.util.prefs=ALL-UNNAMED -Xmx2048m -Dfile.encoding=UTF-8 -Duser.country=US -Duser.language=en -Duser.variant org.gradle.launcher.daemon.bootstrap.GradleDaemon 6.7.1

Host: Intel(R) Celeron(R) CPU  N2840  @ 2.16GHz, 2 cores, 3G,  Windows 10 , 64 bit Build 17133 (10.0.17133.73)
Time: Wed Jul 14 10:22:15 2021 Pacific Daylight Time elapsed time: 271 seconds (0d 0h 4m 31s)

---------------  T H R E A D  ---------------

Current thread (0x000001c07ff7f800):  VMThread "VM Thread" [stack: 0x000000104d300000,0x000000104d400000] [id=9748]

Stack: [0x000000104d300000,0x000000104d400000]
[error occurred during error reporting (printing stack bounds), id 0xc0000005, EXCEPTION_ACCESS_VIOLATION (0xc0000005) at pc=0x000001c000000dbe]

Native frames: (J=compiled Java code, j=interpreted, Vv=VM code, C=native code)
V  [jvm.dll+0x5de50a]
V  [jvm.dll+0x7122f5]
V  [jvm.dll+0x71384d]
V  [jvm.dll+0x713e65]
V  [jvm.dll+0x713e1b]
V  [jvm.dll+0x5dd958]
V  [jvm.dll+0x5de0f8]
C  [ntdll.dll+0x9eddd]
C  [ntdll.dll+0x6c86]
C  [ntdll.dll+0x9dd0e]
C  0x000001c000000dbe

VM_Operation (0x000000104fffe250): G1CollectForAllocation, mode: safepoint, requested by thread 0x000001c013c05000


---------------  P R O C E S S  ---------------

Threads class SMR info:
_java_thread_list=0x000001c01cabfab0, length=45, elements={
0x000001c077a6c800, 0x000001c07ff82800, 0x000001c07ff8e800, 0x000001c0118f0800,
0x000001c0118f1800, 0x000001c0118f4000, 0x000001c0118f8800, 0x000001c0118ff800,
0x000001c011a30000, 0x000001c011a68000, 0x000001c012af6800, 0x000001c0136a9800,
0x000001c0134af800, 0x000001c0138c0800, 0x000001c01282b800, 0x000001c011ba5000,
0x000001c011ba6000, 0x000001c012875000, 0x000001c013533000, 0x000001c01238b000,
0x000001c012389000, 0x000001c01238a000, 0x000001c012388800, 0x000001c013bfb000,
0x000001c013bf9800, 0x000001c013bf8000, 0x000001c013bf8800, 0x000001c013bfc000,
0x000001c013bff800, 0x000001c013c02800, 0x000001c013bfd800, 0x000001c0143bb000,
0x000001c0143c1800, 0x000001c0143bd800, 0x000001c0143c2800, 0x000001c0143be800,
0x000001c0143b6800, 0x000001c0143b8800, 0x000001c0143b9800, 0x000001c0143b7000,
0x000001c0143ba800, 0x000001c0143bc000, 0x000001c0143bd000, 0x000001c013bfa800,
0x000001c013c05000
}

Java Threads: ( => current thread )
  0x000001c077a6c800 JavaThread "main" [_thread_blocked, id=1404, stack(0x000000104cd00000,0x000000104ce00000)]
  0x000001c07ff82800 JavaThread "Reference Handler" daemon [_thread_blocked, id=10572, stack(0x000000104d400000,0x000000104d500000)]
  0x000001c07ff8e800 JavaThread "Finalizer" daemon [_thread_blocked, id=4436, stack(0x000000104d500000,0x000000104d600000)]
  0x000001c0118f0800 JavaThread "Signal Dispatcher" daemon [_thread_blocked, id=10936, stack(0x000000104d600000,0x000000104d700000)]
  0x000001c0118f1800 JavaThread "Attach Listener" daemon [_thread_blocked, id=9128, stack(0x000000104d700000,0x000000104d800000)]
  0x000001c0118f4000 JavaThread "C2 CompilerThread0" daemon [_thread_blocked, id=12264, stack(0x000000104d800000,0x000000104d900000)]
  0x000001c0118f8800 JavaThread "C1 CompilerThread0" daemon [_thread_blocked, id=7072, stack(0x000000104d900000,0x000000104da00000)]
  0x000001c0118ff800 JavaThread "Sweeper thread" daemon [_thread_blocked, id=11676, stack(0x000000104da00000,0x000000104db00000)]
  0x000001c011a30000 JavaThread "Common-Cleaner" daemon [_thread_blocked, id=7568, stack(0x000000104db00000,0x000000104dc00000)]
  0x000001c011a68000 JavaThread "Service Thread" daemon [_thread_blocked, id=7448, stack(0x000000104dc00000,0x000000104dd00000)]
  0x000001c012af6800 JavaThread "Daemon health stats" [_thread_blocked, id=916, stack(0x000000104df00000,0x000000104e000000)]
  0x000001c0136a9800 JavaThread "Incoming local TCP Connector on port 53320" [_thread_in_native, id=7912, stack(0x000000104e100000,0x000000104e200000)]
  0x000001c0134af800 JavaThread "Daemon periodic checks" [_thread_blocked, id=10000, stack(0x000000104e200000,0x000000104e300000)]
  0x000001c0138c0800 JavaThread "Daemon" [_thread_blocked, id=7588, stack(0x000000104e300000,0x000000104e400000)]
  0x000001c01282b800 JavaThread "Handler for socket connection from /127.0.0.1:53320 to /127.0.0.1:53321" [_thread_in_native, id=12272, stack(0x000000104e400000,0x000000104e500000)]
  0x000001c011ba5000 JavaThread "Cancel handler" [_thread_blocked, id=4960, stack(0x000000104e500000,0x000000104e600000)]
  0x000001c011ba6000 JavaThread "Daemon worker" [_thread_blocked, id=9240, stack(0x000000104e600000,0x000000104e700000)]
  0x000001c012875000 JavaThread "Asynchronous log dispatcher for DefaultDaemonConnection: socket connection from /127.0.0.1:53320 to /127.0.0.1:53321" [_thread_blocked, id=3112, stack(0x000000104e700000,0x000000104e800000)]
  0x000001c013533000 JavaThread "Thread-8" [_thread_blocked, id=5360, stack(0x000000104e900000,0x000000104ea00000)]
  0x000001c01238b000 JavaThread "Cache worker for file hash cache (C:\Users\MISHECK\.gradle\caches\6.7.1\fileHashes)" [_thread_blocked, id=11812, stack(0x000000104ea00000,0x000000104eb00000)]
  0x000001c012389000 JavaThread "File lock request listener" [_thread_in_native, id=10492, stack(0x000000104eb00000,0x000000104ec00000)]
  0x000001c01238a000 JavaThread "Cache worker for journal cache (C:\Users\MISHECK\.gradle\caches\journal-1)" [_thread_blocked, id=5732, stack(0x000000104ec00000,0x000000104ed00000)]
  0x000001c012388800 JavaThread "Cache worker for file hash cache (C:\Users\MISHECK\AndroidStudioProjects\ChildSafetyApp\.gradle\6.7.1\fileHashes)" [_thread_blocked, id=6440, stack(0x000000104ed00000,0x000000104ee00000)]
  0x000001c013bfb000 JavaThread "Cache worker for checksums cache (C:\Users\MISHECK\AndroidStudioProjects\ChildSafetyApp\.gradle\checksums)" [_thread_blocked, id=8696, stack(0x000000104ee00000,0x000000104ef00000)]
  0x000001c013bf9800 JavaThread "Cache worker for cache directory md-supplier (C:\Users\MISHECK\.gradle\caches\6.7.1\md-supplier)" [_thread_blocked, id=12124, stack(0x000000104ef00000,0x000000104f000000)]
  0x000001c013bf8000 JavaThread "Cache worker for cache directory md-rule (C:\Users\MISHECK\.gradle\caches\6.7.1\md-rule)" [_thread_blocked, id=2076, stack(0x000000104f000000,0x000000104f100000)]
  0x000001c013bf8800 JavaThread "Cache worker for execution history cache (C:\Users\MISHECK\.gradle\caches\6.7.1\executionHistory)" [_thread_blocked, id=5168, stack(0x000000104f100000,0x000000104f200000)]
  0x000001c013bfc000 JavaThread "Cache worker for file content cache (C:\Users\MISHECK\.gradle\caches\6.7.1\fileContent)" [_thread_blocked, id=2532, stack(0x000000104f300000,0x000000104f400000)]
  0x000001c013bff800 JavaThread "Cache worker for Build Output Cleanup Cache (C:\Users\MISHECK\AndroidStudioProjects\ChildSafetyApp\.gradle\buildOutputCleanup)" [_thread_blocked, id=1508, stack(0x000000104f400000,0x000000104f500000)]
  0x000001c013c02800 JavaThread "Build operations" [_thread_blocked, id=8080, stack(0x000000104f500000,0x000000104f600000)]
  0x000001c013bfd800 JavaThread "Build operations Thread 2" [_thread_blocked, id=9436, stack(0x000000104f600000,0x000000104f700000)]
  0x000001c0143bb000 JavaThread "Memory manager" [_thread_blocked, id=12156, stack(0x0000001055700000,0x0000001055800000)]
  0x000001c0143c1800 JavaThread "build event listener" [_thread_blocked, id=1712, stack(0x000000104c900000,0x000000104ca00000)]
  0x000001c0143bd800 JavaThread "build event listener" [_thread_blocked, id=4544, stack(0x000000104ca00000,0x000000104cb00000)]
  0x000001c0143c2800 JavaThread "Execution worker for ':'" [_thread_blocked, id=7556, stack(0x000000104cb00000,0x000000104cc00000)]
  0x000001c0143be800 JavaThread "Cache worker for execution history cache (C:\Users\MISHECK\AndroidStudioProjects\ChildSafetyApp\.gradle\6.7.1\executionHistory)" [_thread_blocked, id=11684, stack(0x000000104e800000,0x000000104e900000)]
  0x000001c0143b6800 JavaThread "WorkerExecutor Queue" [_thread_blocked, id=6300, stack(0x000000104f200000,0x000000104f300000)]
  0x000001c0143b8800 JavaThread "WorkerExecutor Queue Thread 2" [_thread_blocked, id=7552, stack(0x000000104f700000,0x000000104f800000)]
  0x000001c0143b9800 JavaThread "pool-4-thread-1" [_thread_blocked, id=4124, stack(0x000000104f800000,0x000000104f900000)]
  0x000001c0143b7000 JavaThread "stderr" [_thread_in_native, id=5368, stack(0x000000104f900000,0x000000104fa00000)]
  0x000001c0143ba800 JavaThread "stdout" [_thread_in_native, id=212, stack(0x000000104fa00000,0x000000104fb00000)]
  0x000001c0143bc000 JavaThread "Cache worker for Java compile cache (C:\Users\MISHECK\.gradle\caches\6.7.1\javaCompile)" [_thread_blocked, id=6232, stack(0x000000104fb00000,0x000000104fc00000)]
  0x000001c0143bd000 JavaThread "Cache worker for Java compile cache (C:\Users\MISHECK\AndroidStudioProjects\ChildSafetyApp\.gradle\6.7.1\javaCompile)" [_thread_blocked, id=9852, stack(0x000000104fc00000,0x000000104fd00000)]
  0x000001c013bfa800 JavaThread "ForkJoinPool-1-worker-3" daemon [_thread_blocked, id=11520, stack(0x000000104fe00000,0x000000104ff00000)]
  0x000001c013c05000 JavaThread "ForkJoinPool-1-worker-1" daemon [_thread_blocked, id=8772, stack(0x000000104ff00000,0x0000001050000000)]

Other Threads:
=>0x000001c07ff7f800 VMThread "VM Thread" [stack: 0x000000104d300000,0x000000104d400000] [id=9748]
  0x000001c011a6d000 WatcherThread [stack: 0x000000104dd00000,0x000000104de00000] [id=10744]
  0x000001c077a84000 GCTaskThread "GC Thread#0" [stack: 0x000000104ce00000,0x000000104cf00000] [id=4332]
  0x000001c011b6f800 GCTaskThread "GC Thread#1" [stack: 0x000000104de00000,0x000000104df00000] [id=8096]
  0x000001c077ab4000 ConcurrentGCThread "G1 Main Marker" [stack: 0x000000104cf00000,0x000000104d000000] [id=2564]
  0x000001c077ab6800 ConcurrentGCThread "G1 Conc#0" [stack: 0x000000104d000000,0x000000104d100000] [id=9720]
  0x000001c077b0a000 ConcurrentGCThread "G1 Refine#0" [stack: 0x000000104d100000,0x000000104d200000] [id=10064]
  0x000001c077b0b000 ConcurrentGCThread "G1 Young RemSet Sampling" [stack: 0x000000104d200000,0x000000104d300000] [id=10600]

Threads with active compile tasks:
C2 CompilerThread0 271691 17305       4       com.android.tools.r8.dex.t::a (32 bytes)

VM state:at safepoint (normal execution)

VM Mutex/Monitor currently owned by a thread:  ([mutex/lock_event])
[0x000001c077a68a20] Threads_lock - owner thread: 0x000001c07ff7f800
[0x000001c077a68b40] Heap_lock - owner thread: 0x000001c013c05000

Heap address: 0x0000000080000000, size: 2048 MB, Compressed Oops mode: 32-bit
Narrow klass base: 0x0000000000000000, Narrow klass shift: 3
Compressed class space size: 1073741824 Address: 0x0000000100000000

Heap:
 garbage-first heap   total 624640K, used 217570K [0x0000000080000000, 0x0000000100000000)
  region size 1024K, 4 young (4096K), 4 survivors (4096K)
 Metaspace       used 110692K, capacity 113169K, committed 113404K, reserved 1148928K
  class space    used 13754K, capacity 14670K, committed 14720K, reserved 1048576K
Heap Regions: E=young(eden), S=young(survivor), O=old, HS=humongous(starts), HC=humongous(continues), CS=collection set, F=free, A=archive, TAMS=top-at-mark-start (previous, next)
|   0|0x0000000080000000, 0x0000000080100000, 0x0000000080100000|100%| O|  |TAMS 0x0000000080100000, 0x0000000080000000| Untracked 
|   1|0x0000000080100000, 0x0000000080200000, 0x0000000080200000|100%| O|  |TAMS 0x0000000080200000, 0x0000000080100000| Untracked 
|   2|0x0000000080200000, 0x0000000080300000, 0x0000000080300000|100%| O|  |TAMS 0x0000000080300000, 0x0000000080200000| Untracked 
|   3|0x0000000080300000, 0x0000000080400000, 0x0000000080400000|100%| O|  |TAMS 0x0000000080400000, 0x0000000080300000| Untracked 
|   4|0x0000000080400000, 0x0000000080500000, 0x0000000080500000|100%|HS|  |TAMS 0x0000000080500000, 0x0000000080400000| Complete 
|   5|0x0000000080500000, 0x0000000080600000, 0x0000000080600000|100%|HC|  |TAMS 0x0000000080600000, 0x0000000080500000| Complete 
|   6|0x0000000080600000, 0x0000000080700000, 0x0000000080700000|100%|HC|  |TAMS 0x0000000080700000, 0x0000000080600000| Complete 
|   7|0x0000000080700000, 0x0000000080800000, 0x0000000080800000|100%| O|  |TAMS 0x0000000080800000, 0x0000000080700000| Untracked 
|   8|0x0000000080800000, 0x0000000080900000, 0x0000000080900000|100%| O|  |TAMS 0x0000000080900000, 0x0000000080800000| Untracked 
|   9|0x0000000080900000, 0x0000000080a00000, 0x0000000080a00000|100%| O|  |TAMS 0x0000000080a00000, 0x0000000080900000| Untracked 
|  10|0x0000000080a00000, 0x0000000080b00000, 0x0000000080b00000|100%| O|  |TAMS 0x0000000080b00000, 0x0000000080a00000| Untracked 
|  11|0x0000000080b00000, 0x0000000080c00000, 0x0000000080c00000|100%| O|  |TAMS 0x0000000080c00000, 0x0000000080b00000| Untracked 
|  12|0x0000000080c00000, 0x0000000080d00000, 0x0000000080d00000|100%| O|  |TAMS 0x0000000080d00000, 0x0000000080c00000| Untracked 
|  13|0x0000000080d00000, 0x0000000080e00000, 0x0000000080e00000|100%| O|  |TAMS 0x0000000080e00000, 0x0000000080d00000| Untracked 
|  14|0x0000000080e00000, 0x0000000080f00000, 0x0000000080f00000|100%| O|  |TAMS 0x0000000080f00000, 0x0000000080e00000| Untracked 
|  15|0x0000000080f00000, 0x0000000081000000, 0x0000000081000000|100%| O|  |TAMS 0x0000000081000000, 0x0000000080f00000| Untracked 
|  16|0x0000000081000000, 0x0000000081100000, 0x0000000081100000|100%| O|  |TAMS 0x0000000081100000, 0x0000000081000000| Untracked 
|  17|0x0000000081100000, 0x0000000081200000, 0x0000000081200000|100%| O|  |TAMS 0x0000000081200000, 0x0000000081100000| Untracked 
|  18|0x0000000081200000, 0x0000000081300000, 0x0000000081300000|100%| O|  |TAMS 0x0000000081300000, 0x0000000081200000| Untracked 
|  19|0x0000000081300000, 0x0000000081400000, 0x0000000081400000|100%| O|  |TAMS 0x0000000081400000, 0x0000000081300000| Untracked 
|  20|0x0000000081400000, 0x0000000081500000, 0x0000000081500000|100%| O|  |TAMS 0x0000000081500000, 0x0000000081400000| Untracked 
|  21|0x0000000081500000, 0x0000000081600000, 0x0000000081600000|100%| O|  |TAMS 0x0000000081600000, 0x0000000081500000| Untracked 
|  22|0x0000000081600000, 0x0000000081700000, 0x0000000081700000|100%| O|  |TAMS 0x0000000081700000, 0x0000000081600000| Untracked 
|  23|0x0000000081700000, 0x0000000081800000, 0x0000000081800000|100%| O|  |TAMS 0x0000000081800000, 0x0000000081700000| Untracked 
|  24|0x0000000081800000, 0x0000000081900000, 0x0000000081900000|100%| O|  |TAMS 0x0000000081900000, 0x0000000081800000| Untracked 
|  25|0x0000000081900000, 0x0000000081a00000, 0x0000000081a00000|100%|HS|  |TAMS 0x0000000081a00000, 0x0000000081900000| Complete 
|  26|0x0000000081a00000, 0x0000000081b00000, 0x0000000081b00000|100%|HS|  |TAMS 0x0000000081b00000, 0x0000000081a00000| Complete 
|  27|0x0000000081b00000, 0x0000000081c00000, 0x0000000081c00000|100%|HC|  |TAMS 0x0000000081c00000, 0x0000000081b00000| Complete 
|  28|0x0000000081c00000, 0x0000000081d00000, 0x0000000081d00000|100%| O|  |TAMS 0x0000000081d00000, 0x0000000081c00000| Untracked 
|  29|0x0000000081d00000, 0x0000000081e00000, 0x0000000081e00000|100%| O|  |TAMS 0x0000000081e00000, 0x0000000081d00000| Untracked 
|  30|0x0000000081e00000, 0x0000000081f00000, 0x0000000081f00000|100%| O|  |TAMS 0x0000000081f00000, 0x0000000081e00000| Untracked 
|  31|0x0000000081f00000, 0x0000000082000000, 0x0000000082000000|100%| O|  |TAMS 0x0000000082000000, 0x0000000081f00000| Untracked 
|  32|0x0000000082000000, 0x0000000082100000, 0x0000000082100000|100%| O|  |TAMS 0x0000000082100000, 0x0000000082000000| Untracked 
|  33|0x0000000082100000, 0x0000000082200000, 0x0000000082200000|100%| O|  |TAMS 0x0000000082200000, 0x0000000082100000| Untracked 
|  34|0x0000000082200000, 0x0000000082300000, 0x0000000082300000|100%| O|  |TAMS 0x0000000082300000, 0x0000000082200000| Untracked 
|  35|0x0000000082300000, 0x0000000082400000, 0x0000000082400000|100%| O|  |TAMS 0x0000000082400000, 0x0000000082300000| Untracked 
|  36|0x0000000082400000, 0x0000000082500000, 0x0000000082500000|100%| O|  |TAMS 0x0000000082500000, 0x0000000082400000| Untracked 
|  37|0x0000000082500000, 0x0000000082600000, 0x0000000082600000|100%| O|  |TAMS 0x0000000082600000, 0x0000000082500000| Untracked 
|  38|0x0000000082600000, 0x0000000082700000, 0x0000000082700000|100%| O|  |TAMS 0x0000000082700000, 0x0000000082600000| Untracked 
|  39|0x0000000082700000, 0x0000000082800000, 0x0000000082800000|100%| O|  |TAMS 0x0000000082800000, 0x0000000082700000| Untracked 
|  40|0x0000000082800000, 0x0000000082900000, 0x0000000082900000|100%| O|  |TAMS 0x0000000082900000, 0x0000000082800000| Untracked 
|  41|0x0000000082900000, 0x0000000082a00000, 0x0000000082a00000|100%| O|  |TAMS 0x0000000082a00000, 0x0000000082900000| Untracked 
|  42|0x0000000082a00000, 0x0000000082b00000, 0x0000000082b00000|100%| O|  |TAMS 0x0000000082b00000, 0x0000000082a00000| Untracked 
|  43|0x0000000082b00000, 0x0000000082c00000, 0x0000000082c00000|100%| O|  |TAMS 0x0000000082c00000, 0x0000000082b00000| Untracked 
|  44|0x0000000082c00000, 0x0000000082d00000, 0x0000000082d00000|100%| O|  |TAMS 0x0000000082d00000, 0x0000000082c00000| Untracked 
|  45|0x0000000082d00000, 0x0000000082e00000, 0x0000000082e00000|100%| O|  |TAMS 0x0000000082e00000, 0x0000000082d00000| Untracked 
|  46|0x0000000082e00000, 0x0000000082f00000, 0x0000000082f00000|100%| O|  |TAMS 0x0000000082f00000, 0x0000000082e00000| Untracked 
|  47|0x0000000082f00000, 0x0000000083000000, 0x0000000083000000|100%| O|  |TAMS 0x0000000083000000, 0x0000000082f00000| Untracked 
|  48|0x0000000083000000, 0x0000000083100000, 0x0000000083100000|100%| O|  |TAMS 0x0000000083100000, 0x0000000083000000| Untracked 
|  49|0x0000000083100000, 0x0000000083200000, 0x0000000083200000|100%| O|  |TAMS 0x0000000083200000, 0x0000000083100000| Untracked 
|  50|0x0000000083200000, 0x0000000083300000, 0x0000000083300000|100%| O|  |TAMS 0x0000000083300000, 0x0000000083200000| Untracked 
|  51|0x0000000083300000, 0x0000000083400000, 0x0000000083400000|100%| O|  |TAMS 0x0000000083400000, 0x0000000083300000| Untracked 
|  52|0x0000000083400000, 0x0000000083500000, 0x0000000083500000|100%| O|  |TAMS 0x0000000083500000, 0x0000000083400000| Untracked 
|  53|0x0000000083500000, 0x0000000083600000, 0x0000000083600000|100%| O|  |TAMS 0x0000000083600000, 0x0000000083500000| Untracked 
|  54|0x0000000083600000, 0x0000000083700000, 0x0000000083700000|100%| O|  |TAMS 0x0000000083700000, 0x0000000083600000| Untracked 
|  55|0x0000000083700000, 0x0000000083800000, 0x0000000083800000|100%| O|  |TAMS 0x0000000083800000, 0x0000000083700000| Untracked 
|  56|0x0000000083800000, 0x0000000083900000, 0x0000000083900000|100%| O|  |TAMS 0x0000000083900000, 0x0000000083800000| Untracked 
|  57|0x0000000083900000, 0x0000000083a00000, 0x0000000083a00000|100%| O|  |TAMS 0x0000000083a00000, 0x0000000083900000| Untracked 
|  58|0x0000000083a00000, 0x0000000083b00000, 0x0000000083b00000|100%| O|  |TAMS 0x0000000083b00000, 0x0000000083a00000| Untracked 
|  59|0x0000000083b00000, 0x0000000083c00000, 0x0000000083c00000|100%| O|  |TAMS 0x0000000083c00000, 0x0000000083b00000| Untracked 
|  60|0x0000000083c00000, 0x0000000083d00000, 0x0000000083d00000|100%| O|  |TAMS 0x0000000083d00000, 0x0000000083c00000| Untracked 
|  61|0x0000000083d00000, 0x0000000083e00000, 0x0000000083e00000|100%|HS|  |TAMS 0x0000000083e00000, 0x0000000083d00000| Complete 
|  62|0x0000000083e00000, 0x0000000083f00000, 0x0000000083f00000|100%| O|  |TAMS 0x0000000083f00000, 0x0000000083e00000| Untracked 
|  63|0x0000000083f00000, 0x0000000084000000, 0x0000000084000000|100%| O|  |TAMS 0x0000000084000000, 0x0000000083f00000| Untracked 
|  64|0x0000000084000000, 0x0000000084100000, 0x0000000084100000|100%| O|  |TAMS 0x0000000084100000, 0x0000000084000000| Untracked 
|  65|0x0000000084100000, 0x0000000084200000, 0x0000000084200000|100%| O|  |TAMS 0x0000000084200000, 0x0000000084100000| Untracked 
|  66|0x0000000084200000, 0x0000000084300000, 0x0000000084300000|100%| O|  |TAMS 0x0000000084300000, 0x0000000084200000| Untracked 
|  67|0x0000000084300000, 0x0000000084400000, 0x0000000084400000|100%| O|  |TAMS 0x0000000084400000, 0x0000000084300000| Untracked 
|  68|0x0000000084400000, 0x0000000084500000, 0x0000000084500000|100%| O|  |TAMS 0x0000000084500000, 0x0000000084400000| Untracked 
|  69|0x0000000084500000, 0x0000000084600000, 0x0000000084600000|100%| O|  |TAMS 0x0000000084600000, 0x0000000084500000| Untracked 
|  70|0x0000000084600000, 0x0000000084700000, 0x0000000084700000|100%| O|  |TAMS 0x0000000084700000, 0x0000000084600000| Untracked 
|  71|0x0000000084700000, 0x0000000084800000, 0x0000000084800000|100%| O|  |TAMS 0x0000000084800000, 0x0000000084700000| Untracked 
|  72|0x0000000084800000, 0x0000000084900000, 0x0000000084900000|100%| O|  |TAMS 0x0000000084900000, 0x0000000084800000| Untracked 
|  73|0x0000000084900000, 0x0000000084a00000, 0x0000000084a00000|100%| O|  |TAMS 0x0000000084a00000, 0x0000000084900000| Untracked 
|  74|0x0000000084a00000, 0x0000000084b00000, 0x0000000084b00000|100%| O|  |TAMS 0x0000000084b00000, 0x0000000084a00000| Untracked 
|  75|0x0000000084b00000, 0x0000000084c00000, 0x0000000084c00000|100%| O|  |TAMS 0x0000000084c00000, 0x0000000084b00000| Untracked 
|  76|0x0000000084c00000, 0x0000000084d00000, 0x0000000084d00000|100%| O|  |TAMS 0x0000000084d00000, 0x0000000084c00000| Untracked 
|  77|0x0000000084d00000, 0x0000000084e00000, 0x0000000084e00000|100%| O|  |TAMS 0x0000000084e00000, 0x0000000084d00000| Untracked 
|  78|0x0000000084e00000, 0x0000000084f00000, 0x0000000084f00000|100%| O|  |TAMS 0x0000000084f00000, 0x0000000084e00000| Untracked 
|  79|0x0000000084f00000, 0x0000000085000000, 0x0000000085000000|100%| O|  |TAMS 0x0000000085000000, 0x0000000084f00000| Untracked 
|  80|0x0000000085000000, 0x0000000085100000, 0x0000000085100000|100%| O|  |TAMS 0x0000000085100000, 0x0000000085000000| Untracked 
|  81|0x0000000085100000, 0x0000000085200000, 0x0000000085200000|100%| O|  |TAMS 0x0000000085200000, 0x0000000085100000| Untracked 
|  82|0x0000000085200000, 0x0000000085300000, 0x0000000085300000|100%| O|  |TAMS 0x0000000085300000, 0x0000000085200000| Untracked 
|  83|0x0000000085300000, 0x0000000085400000, 0x0000000085400000|100%| O|  |TAMS 0x0000000085400000, 0x0000000085300000| Untracked 
|  84|0x0000000085400000, 0x0000000085500000, 0x0000000085500000|100%| O|  |TAMS 0x0000000085400000, 0x0000000085400000| Untracked 
|  85|0x0000000085500000, 0x0000000085600000, 0x0000000085600000|100%| O|  |TAMS 0x0000000085500000, 0x0000000085500000| Untracked 
|  86|0x0000000085600000, 0x0000000085700000, 0x0000000085700000|100%| O|  |TAMS 0x0000000085700000, 0x0000000085600000| Untracked 
|  87|0x0000000085700000, 0x0000000085800000, 0x0000000085800000|100%| O|  |TAMS 0x0000000085800000, 0x0000000085700000| Untracked 
|  88|0x0000000085800000, 0x0000000085900000, 0x0000000085900000|100%| O|  |TAMS 0x0000000085900000, 0x0000000085800000| Untracked 
|  89|0x0000000085900000, 0x0000000085a00000, 0x0000000085a00000|100%| O|  |TAMS 0x0000000085a00000, 0x0000000085900000| Untracked 
|  90|0x0000000085a00000, 0x0000000085b00000, 0x0000000085b00000|100%|HS|  |TAMS 0x0000000085b00000, 0x0000000085a00000| Complete 
|  91|0x0000000085b00000, 0x0000000085c00000, 0x0000000085c00000|100%| O|  |TAMS 0x0000000085c00000, 0x0000000085b00000| Untracked 
|  92|0x0000000085c00000, 0x0000000085d00000, 0x0000000085d00000|100%| O|  |TAMS 0x0000000085d00000, 0x0000000085c00000| Untracked 
|  93|0x0000000085d00000, 0x0000000085e00000, 0x0000000085e00000|100%| O|  |TAMS 0x0000000085e00000, 0x0000000085d00000| Untracked 
|  94|0x0000000085e00000, 0x0000000085f00000, 0x0000000085f00000|100%| O|  |TAMS 0x0000000085f00000, 0x0000000085e00000| Untracked 
|  95|0x0000000085f00000, 0x0000000086000000, 0x0000000086000000|100%| O|  |TAMS 0x0000000086000000, 0x0000000085f00000| Untracked 
|  96|0x0000000086000000, 0x0000000086100000, 0x0000000086100000|100%| O|  |TAMS 0x0000000086100000, 0x0000000086000000| Untracked 
|  97|0x0000000086100000, 0x0000000086200000, 0x0000000086200000|100%| O|  |TAMS 0x0000000086200000, 0x0000000086100000| Untracked 
|  98|0x0000000086200000, 0x0000000086300000, 0x0000000086300000|100%|HS|  |TAMS 0x0000000086300000, 0x0000000086200000| Complete 
|  99|0x0000000086300000, 0x0000000086400000, 0x0000000086400000|100%|HS|  |TAMS 0x0000000086400000, 0x0000000086300000| Complete 
| 100|0x0000000086400000, 0x0000000086500000, 0x0000000086500000|100%| O|  |TAMS 0x0000000086500000, 0x0000000086400000| Untracked 
| 101|0x0000000086500000, 0x0000000086600000, 0x0000000086600000|100%| O|  |TAMS 0x0000000086600000, 0x0000000086500000| Untracked 
| 102|0x0000000086600000, 0x0000000086700000, 0x0000000086700000|100%| O|  |TAMS 0x0000000086700000, 0x0000000086600000| Untracked 
| 103|0x0000000086700000, 0x0000000086800000, 0x0000000086800000|100%| O|  |TAMS 0x0000000086800000, 0x0000000086700000| Untracked 
| 104|0x0000000086800000, 0x0000000086900000, 0x0000000086900000|100%| O|  |TAMS 0x0000000086900000, 0x0000000086800000| Untracked 
| 105|0x0000000086900000, 0x0000000086a00000, 0x0000000086a00000|100%| O|  |TAMS 0x0000000086a00000, 0x0000000086900000| Untracked 
| 106|0x0000000086a00000, 0x0000000086b00000, 0x0000000086b00000|100%| O|  |TAMS 0x0000000086b00000, 0x0000000086a00000| Untracked 
| 107|0x0000000086b00000, 0x0000000086c00000, 0x0000000086c00000|100%| O|  |TAMS 0x0000000086c00000, 0x0000000086b00000| Untracked 
| 108|0x0000000086c00000, 0x0000000086d00000, 0x0000000086d00000|100%| O|  |TAMS 0x0000000086d00000, 0x0000000086c00000| Untracked 
| 109|0x0000000086d00000, 0x0000000086e00000, 0x0000000086e00000|100%| O|  |TAMS 0x0000000086e00000, 0x0000000086d00000| Untracked 
| 110|0x0000000086e00000, 0x0000000086f00000, 0x0000000086f00000|100%| O|  |TAMS 0x0000000086e00000, 0x0000000086e00000| Untracked 
| 111|0x0000000086f00000, 0x0000000087000000, 0x0000000087000000|100%| O|  |TAMS 0x0000000087000000, 0x0000000086f00000| Untracked 
| 112|0x0000000087000000, 0x0000000087100000, 0x0000000087100000|100%| O|  |TAMS 0x0000000087100000, 0x0000000087000000| Untracked 
| 113|0x0000000087100000, 0x0000000087200000, 0x0000000087200000|100%| O|  |TAMS 0x0000000087200000, 0x0000000087100000| Untracked 
| 114|0x0000000087200000, 0x0000000087300000, 0x0000000087300000|100%| O|  |TAMS 0x0000000087300000, 0x0000000087200000| Untracked 
| 115|0x0000000087300000, 0x0000000087400000, 0x0000000087400000|100%| O|  |TAMS 0x0000000087300000, 0x0000000087300000| Untracked 
| 116|0x0000000087400000, 0x0000000087500000, 0x0000000087500000|100%| O|  |TAMS 0x0000000087500000, 0x0000000087400000| Untracked 
| 117|0x0000000087500000, 0x0000000087600000, 0x0000000087600000|100%| O|  |TAMS 0x0000000087500000, 0x0000000087500000| Untracked 
| 118|0x0000000087600000, 0x0000000087700000, 0x0000000087700000|100%| O|  |TAMS 0x0000000087600000, 0x0000000087600000| Untracked 
| 119|0x0000000087700000, 0x0000000087800000, 0x0000000087800000|100%| O|  |TAMS 0x0000000087700000, 0x0000000087700000| Untracked 
| 120|0x0000000087800000, 0x0000000087900000, 0x0000000087900000|100%| O|  |TAMS 0x0000000087900000, 0x0000000087800000| Untracked 
| 121|0x0000000087900000, 0x0000000087a00000, 0x0000000087a00000|100%| O|  |TAMS 0x0000000087a00000, 0x0000000087900000| Untracked 
| 122|0x0000000087a00000, 0x0000000087b00000, 0x0000000087b00000|100%| O|  |TAMS 0x0000000087b00000, 0x0000000087a00000| Untracked 
| 123|0x0000000087b00000, 0x0000000087c00000, 0x0000000087c00000|100%| O|  |TAMS 0x0000000087c00000, 0x0000000087b00000| Untracked 
| 124|0x0000000087c00000, 0x0000000087d00000, 0x0000000087d00000|100%| O|  |TAMS 0x0000000087d00000, 0x0000000087c00000| Untracked 
| 125|0x0000000087d00000, 0x0000000087e00000, 0x0000000087e00000|100%| O|  |TAMS 0x0000000087e00000, 0x0000000087d00000| Untracked 
| 126|0x0000000087e00000, 0x0000000087f00000, 0x0000000087f00000|100%| O|  |TAMS 0x0000000087f00000, 0x0000000087e00000| Untracked 
| 127|0x0000000087f00000, 0x0000000088000000, 0x0000000088000000|100%| O|  |TAMS 0x0000000088000000, 0x0000000087f00000| Untracked 
| 128|0x0000000088000000, 0x0000000088100000, 0x0000000088100000|100%|HS|  |TAMS 0x0000000088100000, 0x0000000088000000| Complete 
| 129|0x0000000088100000, 0x0000000088200000, 0x0000000088200000|100%|HC|  |TAMS 0x0000000088200000, 0x0000000088100000| Complete 
| 130|0x0000000088200000, 0x0000000088300000, 0x0000000088300000|100%|HC|  |TAMS 0x0000000088300000, 0x0000000088200000| Complete 
| 131|0x0000000088300000, 0x0000000088400000, 0x0000000088400000|100%|HC|  |TAMS 0x0000000088400000, 0x0000000088300000| Complete 
| 132|0x0000000088400000, 0x0000000088500000, 0x0000000088500000|100%|HC|  |TAMS 0x0000000088500000, 0x0000000088400000| Complete 
| 133|0x0000000088500000, 0x0000000088600000, 0x0000000088600000|100%|HC|  |TAMS 0x0000000088600000, 0x0000000088500000| Complete 
| 134|0x0000000088600000, 0x0000000088700000, 0x0000000088700000|100%|HC|  |TAMS 0x0000000088700000, 0x0000000088600000| Complete 
| 135|0x0000000088700000, 0x0000000088800000, 0x0000000088800000|100%|HC|  |TAMS 0x0000000088800000, 0x0000000088700000| Complete 
| 136|0x0000000088800000, 0x0000000088900000, 0x0000000088900000|100%| O|  |TAMS 0x0000000088900000, 0x0000000088800000| Untracked 
| 137|0x0000000088900000, 0x0000000088a00000, 0x0000000088a00000|100%| O|  |TAMS 0x0000000088a00000, 0x0000000088900000| Untracked 
| 138|0x0000000088a00000, 0x0000000088b00000, 0x0000000088b00000|100%| O|  |TAMS 0x0000000088b00000, 0x0000000088a00000| Untracked 
| 139|0x0000000088b00000, 0x0000000088c00000, 0x0000000088c00000|100%| O|  |TAMS 0x0000000088b00000, 0x0000000088b00000| Untracked 
| 140|0x0000000088c00000, 0x0000000088d00000, 0x0000000088d00000|100%| O|  |TAMS 0x0000000088d00000, 0x0000000088c00000| Untracked 
| 141|0x0000000088d00000, 0x0000000088e00000, 0x0000000088e00000|100%| O|  |TAMS 0x0000000088e00000, 0x0000000088d00000| Untracked 
| 142|0x0000000088e00000, 0x0000000088f00000, 0x0000000088f00000|100%| O|  |TAMS 0x0000000088f00000, 0x0000000088e00000| Untracked 
| 143|0x0000000088f00000, 0x0000000089000000, 0x0000000089000000|100%| O|  |TAMS 0x0000000089000000, 0x0000000088f00000| Untracked 
| 144|0x0000000089000000, 0x0000000089100000, 0x0000000089100000|100%|HS|  |TAMS 0x0000000089100000, 0x0000000089000000| Complete 
| 145|0x0000000089100000, 0x0000000089200000, 0x0000000089200000|100%|HC|  |TAMS 0x0000000089200000, 0x0000000089100000| Complete 
| 146|0x0000000089200000, 0x0000000089300000, 0x0000000089300000|100%|HC|  |TAMS 0x0000000089300000, 0x0000000089200000| Complete 
| 147|0x0000000089300000, 0x0000000089400000, 0x0000000089400000|100%|HC|  |TAMS 0x0000000089400000, 0x0000000089300000| Complete 
| 148|0x0000000089400000, 0x0000000089500000, 0x0000000089500000|100%|HC|  |TAMS 0x0000000089500000, 0x0000000089400000| Complete 
| 149|0x0000000089500000, 0x0000000089600000, 0x0000000089600000|100%|HC|  |TAMS 0x0000000089600000, 0x0000000089500000| Complete 
| 150|0x0000000089600000, 0x0000000089700000, 0x0000000089700000|100%|HC|  |TAMS 0x0000000089700000, 0x0000000089600000| Complete 
| 151|0x0000000089700000, 0x0000000089800000, 0x0000000089800000|100%|HC|  |TAMS 0x0000000089800000, 0x0000000089700000| Complete 
| 152|0x0000000089800000, 0x0000000089900000, 0x0000000089900000|100%| O|  |TAMS 0x0000000089900000, 0x0000000089800000| Untracked 
| 153|0x0000000089900000, 0x0000000089a00000, 0x0000000089a00000|100%| O|  |TAMS 0x0000000089a00000, 0x0000000089900000| Untracked 
| 154|0x0000000089a00000, 0x0000000089b00000, 0x0000000089b00000|100%| O|  |TAMS 0x0000000089b00000, 0x0000000089a00000| Untracked 
| 155|0x0000000089b00000, 0x0000000089c00000, 0x0000000089c00000|100%| O|  |TAMS 0x0000000089c00000, 0x0000000089b00000| Untracked 
| 156|0x0000000089c00000, 0x0000000089d00000, 0x0000000089d00000|100%| O|  |TAMS 0x0000000089d00000, 0x0000000089c00000| Untracked 
| 157|0x0000000089d00000, 0x0000000089e00000, 0x0000000089e00000|100%| O|  |TAMS 0x0000000089e00000, 0x0000000089d00000| Untracked 
| 158|0x0000000089e00000, 0x0000000089f00000, 0x0000000089f00000|100%| O|  |TAMS 0x0000000089f00000, 0x0000000089e00000| Untracked 
| 159|0x0000000089f00000, 0x000000008a000000, 0x000000008a000000|100%|HS|  |TAMS 0x000000008a000000, 0x0000000089f00000| Complete 
| 160|0x000000008a000000, 0x000000008a100000, 0x000000008a100000|100%|HS|  |TAMS 0x000000008a100000, 0x000000008a000000| Complete 
| 161|0x000000008a100000, 0x000000008a200000, 0x000000008a200000|100%| O|  |TAMS 0x000000008a200000, 0x000000008a100000| Untracked 
| 162|0x000000008a200000, 0x000000008a300000, 0x000000008a300000|100%| O|  |TAMS 0x000000008a300000, 0x000000008a200000| Untracked 
| 163|0x000000008a300000, 0x000000008a400000, 0x000000008a400000|100%| O|  |TAMS 0x000000008a400000, 0x000000008a300000| Untracked 
| 164|0x000000008a400000, 0x000000008a500000, 0x000000008a500000|100%| O|  |TAMS 0x000000008a500000, 0x000000008a400000| Untracked 
| 165|0x000000008a500000, 0x000000008a600000, 0x000000008a600000|100%| O|  |TAMS 0x000000008a600000, 0x000000008a500000| Untracked 
| 166|0x000000008a600000, 0x000000008a700000, 0x000000008a700000|100%| O|  |TAMS 0x000000008a700000, 0x000000008a600000| Untracked 
| 167|0x000000008a700000, 0x000000008a800000, 0x000000008a800000|100%| O|  |TAMS 0x000000008a800000, 0x000000008a700000| Untracked 
| 168|0x000000008a800000, 0x000000008a900000, 0x000000008a900000|100%| O|  |TAMS 0x000000008a900000, 0x000000008a800000| Untracked 
| 169|0x000000008a900000, 0x000000008aa00000, 0x000000008aa00000|100%| O|  |TAMS 0x000000008aa00000, 0x000000008a900000| Untracked 
| 170|0x000000008aa00000, 0x000000008ab00000, 0x000000008ab00000|100%| O|  |TAMS 0x000000008ab00000, 0x000000008aa00000| Untracked 
| 171|0x000000008ab00000, 0x000000008ac00000, 0x000000008ac00000|100%| O|  |TAMS 0x000000008ac00000, 0x000000008ab00000| Untracked 
| 172|0x000000008ac00000, 0x000000008ad00000, 0x000000008ad00000|100%| O|  |TAMS 0x000000008ad00000, 0x000000008ac00000| Untracked 
| 173|0x000000008ad00000, 0x000000008ae00000, 0x000000008ae00000|100%| O|  |TAMS 0x000000008ae00000, 0x000000008ad00000| Untracked 
| 174|0x000000008ae00000, 0x000000008af00000, 0x000000008af00000|100%| O|  |TAMS 0x000000008ae00000, 0x000000008ae00000| Untracked 
| 175|0x000000008af00000, 0x000000008b000000, 0x000000008b000000|100%| O|  |TAMS 0x000000008af00000, 0x000000008af00000| Untracked 
| 176|0x000000008b000000, 0x000000008b100000, 0x000000008b100000|100%| O|  |TAMS 0x000000008b000000, 0x000000008b000000| Untracked 
| 177|0x000000008b100000, 0x000000008b200000, 0x000000008b200000|100%| O|  |TAMS 0x000000008b100000, 0x000000008b100000| Untracked 
| 178|0x000000008b200000, 0x000000008b300000, 0x000000008b300000|100%| O|  |TAMS 0x000000008b200000, 0x000000008b200000| Untracked 
| 179|0x000000008b300000, 0x000000008b400000, 0x000000008b400000|100%| O|  |TAMS 0x000000008b300000, 0x000000008b300000| Untracked 
| 180|0x000000008b400000, 0x000000008b500000, 0x000000008b500000|100%|HS|  |TAMS 0x000000008b400000, 0x000000008b400000| Complete 
| 181|0x000000008b500000, 0x000000008b600000, 0x000000008b600000|100%| O|  |TAMS 0x000000008b500000, 0x000000008b500000| Untracked 
| 182|0x000000008b600000, 0x000000008b700000, 0x000000008b700000|100%| O|  |TAMS 0x000000008b600000, 0x000000008b600000| Untracked 
| 183|0x000000008b700000, 0x000000008b800000, 0x000000008b800000|100%| O|  |TAMS 0x000000008b700000, 0x000000008b700000| Untracked 
| 184|0x000000008b800000, 0x000000008b900000, 0x000000008b900000|100%| O|  |TAMS 0x000000008b800000, 0x000000008b800000| Untracked 
| 185|0x000000008b900000, 0x000000008ba00000, 0x000000008ba00000|100%| O|  |TAMS 0x000000008b900000, 0x000000008b900000| Untracked 
| 186|0x000000008ba00000, 0x000000008bb00000, 0x000000008bb00000|100%|HS|  |TAMS 0x000000008ba00000, 0x000000008ba00000| Complete 
| 187|0x000000008bb00000, 0x000000008bc00000, 0x000000008bc00000|100%|HS|  |TAMS 0x000000008bb00000, 0x000000008bb00000| Complete 
| 188|0x000000008bc00000, 0x000000008bd00000, 0x000000008bd00000|100%|HS|  |TAMS 0x000000008bc00000, 0x000000008bc00000| Complete 
| 189|0x000000008bd00000, 0x000000008be00000, 0x000000008be00000|100%|HC|  |TAMS 0x000000008bd00000, 0x000000008bd00000| Complete 
| 190|0x000000008be00000, 0x000000008bf00000, 0x000000008bf00000|100%|HS|  |TAMS 0x000000008be00000, 0x000000008be00000| Complete 
| 191|0x000000008bf00000, 0x000000008c000000, 0x000000008c000000|100%|HS|  |TAMS 0x000000008bf00000, 0x000000008bf00000| Complete 
| 192|0x000000008c000000, 0x000000008c100000, 0x000000008c100000|100%|HC|  |TAMS 0x000000008c000000, 0x000000008c000000| Complete 
| 193|0x000000008c100000, 0x000000008c200000, 0x000000008c200000|100%|HS|  |TAMS 0x000000008c100000, 0x000000008c100000| Complete 
| 194|0x000000008c200000, 0x000000008c300000, 0x000000008c300000|100%|HS|  |TAMS 0x000000008c200000, 0x000000008c200000| Complete 
| 195|0x000000008c300000, 0x000000008c400000, 0x000000008c400000|100%|HC|  |TAMS 0x000000008c300000, 0x000000008c300000| Complete 
| 196|0x000000008c400000, 0x000000008c500000, 0x000000008c500000|100%|HS|  |TAMS 0x000000008c400000, 0x000000008c400000| Complete 
| 197|0x000000008c500000, 0x000000008c600000, 0x000000008c600000|100%|HS|  |TAMS 0x000000008c500000, 0x000000008c500000| Complete 
| 198|0x000000008c600000, 0x000000008c700000, 0x000000008c700000|100%|HS|  |TAMS 0x000000008c600000, 0x000000008c600000| Complete 
| 199|0x000000008c700000, 0x000000008c800000, 0x000000008c800000|100%|HC|  |TAMS 0x000000008c700000, 0x000000008c700000| Complete 
| 200|0x000000008c800000, 0x000000008c900000, 0x000000008c900000|100%|HS|  |TAMS 0x000000008c800000, 0x000000008c800000| Complete 
| 201|0x000000008c900000, 0x000000008ca00000, 0x000000008ca00000|100%|HS|  |TAMS 0x000000008c900000, 0x000000008c900000| Complete 
| 202|0x000000008ca00000, 0x000000008cb00000, 0x000000008cb00000|100%|HS|  |TAMS 0x000000008ca00000, 0x000000008ca00000| Complete 
| 203|0x000000008cb00000, 0x000000008cc00000, 0x000000008cc00000|100%|HS|  |TAMS 0x000000008cb00000, 0x000000008cb00000| Complete 
| 204|0x000000008cc00000, 0x000000008cd00000, 0x000000008cd00000|100%|HC|  |TAMS 0x000000008cc00000, 0x000000008cc00000| Complete 
| 205|0x000000008cd00000, 0x000000008ce00000, 0x000000008ce00000|100%| O|  |TAMS 0x000000008cd00000, 0x000000008cd00000| Untracked 
| 206|0x000000008ce00000, 0x000000008cf00000, 0x000000008cf00000|100%| O|  |TAMS 0x000000008ce00000, 0x000000008ce00000| Untracked 
| 207|0x000000008cf00000, 0x000000008d000000, 0x000000008d000000|100%| O|  |TAMS 0x000000008cf00000, 0x000000008cf00000| Untracked 
| 208|0x000000008d000000, 0x000000008d078a00, 0x000000008d100000| 47%| O|  |TAMS 0x000000008d000000, 0x000000008d000000| Untracked 
| 209|0x000000008d100000, 0x000000008d100000, 0x000000008d200000|  0%| F|  |TAMS 0x000000008d100000, 0x000000008d100000| Untracked 
| 210|0x000000008d200000, 0x000000008d200000, 0x000000008d300000|  0%| F|  |TAMS 0x000000008d200000, 0x000000008d200000| Untracked 
| 211|0x000000008d300000, 0x000000008d300000, 0x000000008d400000|  0%| F|  |TAMS 0x000000008d300000, 0x000000008d300000| Untracked 
| 212|0x000000008d400000, 0x000000008d400000, 0x000000008d500000|  0%| F|  |TAMS 0x000000008d400000, 0x000000008d400000| Untracked 
| 213|0x000000008d500000, 0x000000008d500000, 0x000000008d600000|  0%| F|  |TAMS 0x000000008d500000, 0x000000008d500000| Untracked 
| 214|0x000000008d600000, 0x000000008d600000, 0x000000008d700000|  0%| F|  |TAMS 0x000000008d600000, 0x000000008d600000| Untracked 
| 215|0x000000008d700000, 0x000000008d700000, 0x000000008d800000|  0%| F|  |TAMS 0x000000008d700000, 0x000000008d700000| Untracked 
| 216|0x000000008d800000, 0x000000008d800000, 0x000000008d900000|  0%| F|  |TAMS 0x000000008d800000, 0x000000008d800000| Untracked 
| 217|0x000000008d900000, 0x000000008d900000, 0x000000008da00000|  0%| F|  |TAMS 0x000000008d900000, 0x000000008d900000| Untracked 
| 218|0x000000008da00000, 0x000000008da00000, 0x000000008db00000|  0%| F|  |TAMS 0x000000008da00000, 0x000000008da00000| Untracked 
| 219|0x000000008db00000, 0x000000008db00000, 0x000000008dc00000|  0%| F|  |TAMS 0x000000008db00000, 0x000000008db00000| Untracked 
| 220|0x000000008dc00000, 0x000000008dc00000, 0x000000008dd00000|  0%| F|  |TAMS 0x000000008dc00000, 0x000000008dc00000| Untracked 
| 221|0x000000008dd00000, 0x000000008dd00000, 0x000000008de00000|  0%| F|  |TAMS 0x000000008dd00000, 0x000000008dd00000| Untracked 
| 222|0x000000008de00000, 0x000000008de00000, 0x000000008df00000|  0%| F|  |TAMS 0x000000008de00000, 0x000000008de00000| Untracked 
| 223|0x000000008df00000, 0x000000008df00000, 0x000000008e000000|  0%| F|  |TAMS 0x000000008df00000, 0x000000008df00000| Untracked 
| 224|0x000000008e000000, 0x000000008e000000, 0x000000008e100000|  0%| F|  |TAMS 0x000000008e000000, 0x000000008e000000| Untracked 
| 225|0x000000008e100000, 0x000000008e100000, 0x000000008e200000|  0%| F|  |TAMS 0x000000008e100000, 0x000000008e100000| Untracked 
| 226|0x000000008e200000, 0x000000008e200000, 0x000000008e300000|  0%| F|  |TAMS 0x000000008e200000, 0x000000008e200000| Untracked 
| 227|0x000000008e300000, 0x000000008e300000, 0x000000008e400000|  0%| F|  |TAMS 0x000000008e300000, 0x000000008e300000| Untracked 
| 228|0x000000008e400000, 0x000000008e400000, 0x000000008e500000|  0%| F|  |TAMS 0x000000008e400000, 0x000000008e400000| Untracked 
| 229|0x000000008e500000, 0x000000008e500000, 0x000000008e600000|  0%| F|  |TAMS 0x000000008e500000, 0x000000008e500000| Untracked 
| 230|0x000000008e600000, 0x000000008e600000, 0x000000008e700000|  0%| F|  |TAMS 0x000000008e600000, 0x000000008e600000| Untracked 
| 231|0x000000008e700000, 0x000000008e700000, 0x000000008e800000|  0%| F|  |TAMS 0x000000008e700000, 0x000000008e700000| Untracked 
| 232|0x000000008e800000, 0x000000008e800000, 0x000000008e900000|  0%| F|  |TAMS 0x000000008e800000, 0x000000008e800000| Untracked 
| 233|0x000000008e900000, 0x000000008e900000, 0x000000008ea00000|  0%| F|  |TAMS 0x000000008e900000, 0x000000008e900000| Untracked 
| 234|0x000000008ea00000, 0x000000008ea00000, 0x000000008eb00000|  0%| F|  |TAMS 0x000000008ea00000, 0x000000008ea00000| Untracked 
| 235|0x000000008eb00000, 0x000000008eb00000, 0x000000008ec00000|  0%| F|  |TAMS 0x000000008eb00000, 0x000000008eb00000| Untracked 
| 236|0x000000008ec00000, 0x000000008ec00000, 0x000000008ed00000|  0%| F|  |TAMS 0x000000008ec00000, 0x000000008ec00000| Untracked 
| 237|0x000000008ed00000, 0x000000008ed00000, 0x000000008ee00000|  0%| F|  |TAMS 0x000000008ed00000, 0x000000008ed00000| Untracked 
| 238|0x000000008ee00000, 0x000000008ee00000, 0x000000008ef00000|  0%| F|  |TAMS 0x000000008ee00000, 0x000000008ee00000| Untracked 
| 239|0x000000008ef00000, 0x000000008ef00000, 0x000000008f000000|  0%| F|  |TAMS 0x000000008ef00000, 0x000000008ef00000| Untracked 
| 240|0x000000008f000000, 0x000000008f000000, 0x000000008f100000|  0%| F|  |TAMS 0x000000008f000000, 0x000000008f000000| Untracked 
| 241|0x000000008f100000, 0x000000008f100000, 0x000000008f200000|  0%| F|  |TAMS 0x000000008f100000, 0x000000008f100000| Untracked 
| 242|0x000000008f200000, 0x000000008f200000, 0x000000008f300000|  0%| F|  |TAMS 0x000000008f200000, 0x000000008f200000| Untracked 
| 243|0x000000008f300000, 0x000000008f300000, 0x000000008f400000|  0%| F|  |TAMS 0x000000008f300000, 0x000000008f300000| Untracked 
| 244|0x000000008f400000, 0x000000008f400000, 0x000000008f500000|  0%| F|  |TAMS 0x000000008f400000, 0x000000008f400000| Untracked 
| 245|0x000000008f500000, 0x000000008f500000, 0x000000008f600000|  0%| F|  |TAMS 0x000000008f500000, 0x000000008f500000| Untracked 
| 246|0x000000008f600000, 0x000000008f600000, 0x000000008f700000|  0%| F|  |TAMS 0x000000008f600000, 0x000000008f600000| Untracked 
| 247|0x000000008f700000, 0x000000008f700000, 0x000000008f800000|  0%| F|  |TAMS 0x000000008f700000, 0x000000008f700000| Untracked 
| 248|0x000000008f800000, 0x000000008f800000, 0x000000008f900000|  0%| F|  |TAMS 0x000000008f800000, 0x000000008f800000| Untracked 
| 249|0x000000008f900000, 0x000000008f900000, 0x000000008fa00000|  0%| F|  |TAMS 0x000000008f900000, 0x000000008f900000| Untracked 
| 250|0x000000008fa00000, 0x000000008fa00000, 0x000000008fb00000|  0%| F|  |TAMS 0x000000008fa00000, 0x000000008fa00000| Untracked 
| 251|0x000000008fb00000, 0x000000008fb00000, 0x000000008fc00000|  0%| F|  |TAMS 0x000000008fb00000, 0x000000008fb00000| Untracked 
| 252|0x000000008fc00000, 0x000000008fc00000, 0x000000008fd00000|  0%| F|  |TAMS 0x000000008fc00000, 0x000000008fc00000| Untracked 
| 253|0x000000008fd00000, 0x000000008fd00000, 0x000000008fe00000|  0%| F|  |TAMS 0x000000008fd00000, 0x000000008fd00000| Untracked 
| 254|0x000000008fe00000, 0x000000008fe00000, 0x000000008ff00000|  0%| F|  |TAMS 0x000000008fe00000, 0x000000008fe00000| Untracked 
| 255|0x000000008ff00000, 0x000000008ff00000, 0x0000000090000000|  0%| F|  |TAMS 0x000000008ff00000, 0x000000008ff00000| Untracked 
| 256|0x0000000090000000, 0x0000000090000000, 0x0000000090100000|  0%| F|  |TAMS 0x0000000090000000, 0x0000000090000000| Untracked 
| 257|0x0000000090100000, 0x0000000090100000, 0x0000000090200000|  0%| F|  |TAMS 0x0000000090100000, 0x0000000090100000| Untracked 
| 258|0x0000000090200000, 0x0000000090200000, 0x0000000090300000|  0%| F|  |TAMS 0x0000000090200000, 0x0000000090200000| Untracked 
| 259|0x0000000090300000, 0x0000000090300000, 0x0000000090400000|  0%| F|  |TAMS 0x0000000090300000, 0x0000000090300000| Untracked 
| 260|0x0000000090400000, 0x0000000090400000, 0x0000000090500000|  0%| F|  |TAMS 0x0000000090400000, 0x0000000090400000| Untracked 
| 261|0x0000000090500000, 0x0000000090500000, 0x0000000090600000|  0%| F|  |TAMS 0x0000000090500000, 0x0000000090500000| Untracked 
| 262|0x0000000090600000, 0x0000000090600000, 0x0000000090700000|  0%| F|  |TAMS 0x0000000090600000, 0x0000000090600000| Untracked 
| 263|0x0000000090700000, 0x0000000090700000, 0x0000000090800000|  0%| F|  |TAMS 0x0000000090700000, 0x0000000090700000| Untracked 
| 264|0x0000000090800000, 0x0000000090800000, 0x0000000090900000|  0%| F|  |TAMS 0x0000000090800000, 0x0000000090800000| Untracked 
| 265|0x0000000090900000, 0x0000000090900000, 0x0000000090a00000|  0%| F|  |TAMS 0x0000000090900000, 0x0000000090900000| Untracked 
| 266|0x0000000090a00000, 0x0000000090a00000, 0x0000000090b00000|  0%| F|  |TAMS 0x0000000090a00000, 0x0000000090a00000| Untracked 
| 267|0x0000000090b00000, 0x0000000090b00000, 0x0000000090c00000|  0%| F|  |TAMS 0x0000000090b00000, 0x0000000090b00000| Untracked 
| 268|0x0000000090c00000, 0x0000000090c00000, 0x0000000090d00000|  0%| F|  |TAMS 0x0000000090c00000, 0x0000000090c00000| Untracked 
| 269|0x0000000090d00000, 0x0000000090d00000, 0x0000000090e00000|  0%| F|  |TAMS 0x0000000090d00000, 0x0000000090d00000| Untracked 
| 270|0x0000000090e00000, 0x0000000090e00000, 0x0000000090f00000|  0%| F|  |TAMS 0x0000000090e00000, 0x0000000090e00000| Untracked 
| 271|0x0000000090f00000, 0x0000000090f00000, 0x0000000091000000|  0%| F|  |TAMS 0x0000000090f00000, 0x0000000090f00000| Untracked 
| 272|0x0000000091000000, 0x0000000091000000, 0x0000000091100000|  0%| F|  |TAMS 0x0000000091000000, 0x0000000091000000| Untracked 
| 273|0x0000000091100000, 0x0000000091200000, 0x0000000091200000|100%| S|CS|TAMS 0x0000000091100000, 0x0000000091100000| Complete 
| 274|0x0000000091200000, 0x0000000091300000, 0x0000000091300000|100%| S|CS|TAMS 0x0000000091200000, 0x0000000091200000| Complete 
| 275|0x0000000091300000, 0x0000000091400000, 0x0000000091400000|100%| S|CS|TAMS 0x0000000091300000, 0x0000000091300000| Complete 
| 276|0x0000000091400000, 0x0000000091500000, 0x0000000091500000|100%| S|CS|TAMS 0x0000000091400000, 0x0000000091400000| Complete 
| 277|0x0000000091500000, 0x0000000091500000, 0x0000000091600000|  0%| F|  |TAMS 0x0000000091500000, 0x0000000091500000| Untracked 
| 278|0x0000000091600000, 0x0000000091600000, 0x0000000091700000|  0%| F|  |TAMS 0x0000000091600000, 0x0000000091600000| Untracked 
| 279|0x0000000091700000, 0x0000000091700000, 0x0000000091800000|  0%| F|  |TAMS 0x0000000091700000, 0x0000000091700000| Untracked 
| 280|0x0000000091800000, 0x0000000091800000, 0x0000000091900000|  0%| F|  |TAMS 0x0000000091800000, 0x0000000091800000| Untracked 
| 281|0x0000000091900000, 0x0000000091900000, 0x0000000091a00000|  0%| F|  |TAMS 0x0000000091900000, 0x0000000091900000| Untracked 
| 282|0x0000000091a00000, 0x0000000091a00000, 0x0000000091b00000|  0%| F|  |TAMS 0x0000000091a00000, 0x0000000091a00000| Untracked 
| 283|0x0000000091b00000, 0x0000000091b00000, 0x0000000091c00000|  0%| F|  |TAMS 0x0000000091b00000, 0x0000000091b00000| Untracked 
| 284|0x0000000091c00000, 0x0000000091c00000, 0x0000000091d00000|  0%| F|  |TAMS 0x0000000091c00000, 0x0000000091c00000| Untracked 
| 285|0x0000000091d00000, 0x0000000091d00000, 0x0000000091e00000|  0%| F|  |TAMS 0x0000000091d00000, 0x0000000091d00000| Untracked 
| 286|0x0000000091e00000, 0x0000000091e00000, 0x0000000091f00000|  0%| F|  |TAMS 0x0000000091e00000, 0x0000000091e00000| Untracked 
| 287|0x0000000091f00000, 0x0000000091f00000, 0x0000000092000000|  0%| F|  |TAMS 0x0000000091f00000, 0x0000000091f00000| Untracked 
| 288|0x0000000092000000, 0x0000000092000000, 0x0000000092100000|  0%| F|  |TAMS 0x0000000092000000, 0x0000000092000000| Untracked 
| 289|0x0000000092100000, 0x0000000092100000, 0x0000000092200000|  0%| F|  |TAMS 0x0000000092100000, 0x0000000092100000| Untracked 
| 290|0x0000000092200000, 0x0000000092200000, 0x0000000092300000|  0%| F|  |TAMS 0x0000000092200000, 0x0000000092200000| Untracked 
| 291|0x0000000092300000, 0x0000000092300000, 0x0000000092400000|  0%| F|  |TAMS 0x0000000092300000, 0x0000000092300000| Untracked 
| 292|0x0000000092400000, 0x0000000092400000, 0x0000000092500000|  0%| F|  |TAMS 0x0000000092400000, 0x0000000092400000| Untracked 
| 293|0x0000000092500000, 0x0000000092500000, 0x0000000092600000|  0%| F|  |TAMS 0x0000000092500000, 0x0000000092500000| Untracked 
| 294|0x0000000092600000, 0x0000000092600000, 0x0000000092700000|  0%| F|  |TAMS 0x0000000092600000, 0x0000000092600000| Untracked 
| 295|0x0000000092700000, 0x0000000092700000, 0x0000000092800000|  0%| F|  |TAMS 0x0000000092700000, 0x0000000092700000| Untracked 
| 296|0x0000000092800000, 0x0000000092800000, 0x0000000092900000|  0%| F|  |TAMS 0x0000000092800000, 0x0000000092800000| Untracked 
| 297|0x0000000092900000, 0x0000000092900000, 0x0000000092a00000|  0%| F|  |TAMS 0x0000000092900000, 0x0000000092900000| Untracked 
| 298|0x0000000092a00000, 0x0000000092a00000, 0x0000000092b00000|  0%| F|  |TAMS 0x0000000092a00000, 0x0000000092a00000| Untracked 
| 299|0x0000000092b00000, 0x0000000092b00000, 0x0000000092c00000|  0%| F|  |TAMS 0x0000000092b00000, 0x0000000092b00000| Untracked 
| 300|0x0000000092c00000, 0x0000000092c00000, 0x0000000092d00000|  0%| F|  |TAMS 0x0000000092c00000, 0x0000000092c00000| Untracked 
| 301|0x0000000092d00000, 0x0000000092d00000, 0x0000000092e00000|  0%| F|  |TAMS 0x0000000092d00000, 0x0000000092d00000| Untracked 
| 302|0x0000000092e00000, 0x0000000092e00000, 0x0000000092f00000|  0%| F|  |TAMS 0x0000000092e00000, 0x0000000092e00000| Untracked 
| 303|0x0000000092f00000, 0x0000000092f00000, 0x0000000093000000|  0%| F|  |TAMS 0x0000000092f00000, 0x0000000092f00000| Untracked 
| 304|0x0000000093000000, 0x0000000093000000, 0x0000000093100000|  0%| F|  |TAMS 0x0000000093000000, 0x0000000093000000| Untracked 

Card table byte_map: [0x000001c07b3e0000,0x000001c07b7e0000] _byte_map_base: 0x000001c07afe0000

Marking Bits (Prev, Next): (CMBitMap*) 0x000001c077aab1e8, (CMBitMap*) 0x000001c077aab220
 Prev Bits: [0x000001c07bbe0000, 0x000001c07dbe0000)
 Next Bits: [0x000001c07dbe0000, 0x000001c07fbe0000)

Polling page: 0x000001c0759e0000

Metaspace:

Usage:
  Non-class:     96.19 MB capacity,    94.67 MB ( 98%) used,     1.22 MB (  1%) free+waste,   313.13 KB ( <1%) overhead. 
      Class:     14.33 MB capacity,    13.43 MB ( 94%) used,   777.15 KB (  5%) free+waste,   138.25 KB ( <1%) overhead. 
       Both:    110.52 MB capacity,   108.10 MB ( 98%) used,     1.98 MB (  2%) free+waste,   451.38 KB ( <1%) overhead. 

Virtual space:
  Non-class space:       98.00 MB reserved,      96.37 MB ( 98%) committed 
      Class space:        1.00 GB reserved,      14.38 MB (  1%) committed 
             Both:        1.10 GB reserved,     110.75 MB ( 10%) committed 

Chunk freelists:
   Non-Class:  57.00 KB
       Class:  18.00 KB
        Both:  75.00 KB

MaxMetaspaceSize: 17179869184.00 GB
CompressedClassSpaceSize: 1.00 GB

CodeHeap 'non-profiled nmethods': size=120064Kb used=10360Kb max_used=10360Kb free=109703Kb
 bounds [0x000001c007ac0000, 0x000001c0084e0000, 0x000001c00f000000]
CodeHeap 'profiled nmethods': size=120000Kb used=38743Kb max_used=38743Kb free=81257Kb
 bounds [0x000001c000590000, 0x000001c002b70000, 0x000001c007ac0000]
CodeHeap 'non-nmethods': size=5696Kb used=2304Kb max_used=2364Kb free=3391Kb
 bounds [0x000001c000000000, 0x000001c000270000, 0x000001c000590000]
 total_blobs=17321 nmethods=16401 adapters=831
 compilation: enabled
              stopped_count=0, restarted_count=0
 full_count=0

Compilation events (20 events):
Event: 271.087 Thread 0x000001c0118f8800 17300       3       com.android.tools.r8.utils.S$$Lambda$1331/0x0000000100e2e440::compare (16 bytes)
Event: 271.087 Thread 0x000001c0118f8800 nmethod 17300 0x000001c002b69f90 code [0x000001c002b6a160, 0x000001c002b6a468]
Event: 271.089 Thread 0x000001c0118f8800 17301       3       com.android.tools.r8.graph.V$$Lambda$1332/0x0000000100e2d840::apply (8 bytes)
Event: 271.090 Thread 0x000001c0118f8800 nmethod 17301 0x000001c002b6a590 code [0x000001c002b6a740, 0x000001c002b6a938]
Event: 271.100 Thread 0x000001c0118f4000 nmethod 17285 0x000001c0084dc890 code [0x000001c0084dcac0, 0x000001c0084dd458]
Event: 271.100 Thread 0x000001c0118f4000 17297       4       com.android.tools.r8.w.a.a.a.h.N::containsKey (80 bytes)
Event: 271.103 Thread 0x000001c0118f8800 17302       3       com.android.tools.r8.utils.S::a (48 bytes)
Event: 271.104 Thread 0x000001c0118f8800 nmethod 17302 0x000001c002b6aa10 code [0x000001c002b6abe0, 0x000001c002b6afe8]
Event: 271.106 Thread 0x000001c0118f8800 17303       3       com.android.tools.r8.utils.S$$Lambda$1333/0x0000000100e2dc40::compare (14 bytes)
Event: 271.107 Thread 0x000001c0118f8800 nmethod 17303 0x000001c002b6b190 code [0x000001c002b6b360, 0x000001c002b6b728]
Event: 271.107 Thread 0x000001c0118f4000 nmethod 17297 0x000001c0084dd990 code [0x000001c0084ddb40, 0x000001c0084ddd78]
Event: 271.107 Thread 0x000001c0118f8800 17304       3       com.android.tools.r8.graph.S::a (34 bytes)
Event: 271.107 Thread 0x000001c0118f4000 17286       4       com.android.tools.r8.graph.V::c (24 bytes)
Event: 271.108 Thread 0x000001c0118f8800 nmethod 17304 0x000001c002b6b810 code [0x000001c002b6ba00, 0x000001c002b6bf08]
Event: 271.109 Thread 0x000001c0118f4000 nmethod 17286 0x000001c0084ddf90 code [0x000001c0084de140, 0x000001c0084de208]
Event: 271.109 Thread 0x000001c0118f4000 17305       4       com.android.tools.r8.dex.t::a (32 bytes)
Event: 271.112 Thread 0x000001c0118f8800 17308       3       com.android.tools.r8.graph.S$c::compareTo (9 bytes)
Event: 271.113 Thread 0x000001c0118f8800 nmethod 17308 0x000001c002b6c090 code [0x000001c002b6c2a0, 0x000001c002b6ca68]
Event: 271.121 Thread 0x000001c0118f8800 17309       3       com.android.tools.r8.graph.t0$l::equals (34 bytes)
Event: 271.122 Thread 0x000001c0118f8800 nmethod 17309 0x000001c002b6cc90 code [0x000001c002b6ce60, 0x000001c002b6d218]

GC Heap History (20 events):
Event: 262.467 GC heap after
{Heap after GC invocations=122 (full 0):
 garbage-first heap   total 212992K, used 140800K [0x0000000080000000, 0x0000000100000000)
  region size 1024K, 2 young (2048K), 2 survivors (2048K)
 Metaspace       used 110060K, capacity 112491K, committed 112636K, reserved 1146880K
  class space    used 13701K, capacity 14621K, committed 14720K, reserved 1048576K
}
Event: 263.170 GC heap before
{Heap before GC invocations=122 (full 0):
 garbage-first heap   total 212992K, used 147968K [0x0000000080000000, 0x0000000100000000)
  region size 1024K, 10 young (10240K), 2 survivors (2048K)
 Metaspace       used 110501K, capacity 113003K, committed 113148K, reserved 1148928K
  class space    used 13743K, capacity 14660K, committed 14720K, reserved 1048576K
}
Event: 263.229 GC heap after
{Heap after GC invocations=123 (full 0):
 garbage-first heap   total 212992K, used 141312K [0x0000000080000000, 0x0000000100000000)
  region size 1024K, 2 young (2048K), 2 survivors (2048K)
 Metaspace       used 110501K, capacity 113003K, committed 113148K, reserved 1148928K
  class space    used 13743K, capacity 14660K, committed 14720K, reserved 1048576K
}
Event: 263.943 GC heap before
{Heap before GC invocations=123 (full 0):
 garbage-first heap   total 212992K, used 166912K [0x0000000080000000, 0x0000000100000000)
  region size 1024K, 27 young (27648K), 2 survivors (2048K)
 Metaspace       used 110538K, capacity 113005K, committed 113148K, reserved 1148928K
  class space    used 13743K, capacity 14660K, committed 14720K, reserved 1048576K
}
Event: 264.059 GC heap after
{Heap after GC invocations=124 (full 0):
 garbage-first heap   total 212992K, used 156672K [0x0000000080000000, 0x0000000100000000)
  region size 1024K, 4 young (4096K), 4 survivors (4096K)
 Metaspace       used 110538K, capacity 113005K, committed 113148K, reserved 1148928K
  class space    used 13743K, capacity 14660K, committed 14720K, reserved 1048576K
}
Event: 264.452 GC heap before
{Heap before GC invocations=124 (full 0):
 garbage-first heap   total 212992K, used 171008K [0x0000000080000000, 0x0000000100000000)
  region size 1024K, 19 young (19456K), 4 survivors (4096K)
 Metaspace       used 110543K, capacity 113005K, committed 113148K, reserved 1148928K
  class space    used 13743K, capacity 14660K, committed 14720K, reserved 1048576K
}
Event: 264.554 GC heap after
{Heap after GC invocations=125 (full 0):
 garbage-first heap   total 212992K, used 165888K [0x0000000080000000, 0x0000000100000000)
  region size 1024K, 3 young (3072K), 3 survivors (3072K)
 Metaspace       used 110543K, capacity 113005K, committed 113148K, reserved 1148928K
  class space    used 13743K, capacity 14660K, committed 14720K, reserved 1048576K
}
Event: 264.823 GC heap before
{Heap before GC invocations=125 (full 0):
 garbage-first heap   total 212992K, used 179200K [0x0000000080000000, 0x0000000100000000)
  region size 1024K, 14 young (14336K), 3 survivors (3072K)
 Metaspace       used 110544K, capacity 113005K, committed 113148K, reserved 1148928K
  class space    used 13743K, capacity 14660K, committed 14720K, reserved 1048576K
}
Event: 264.878 GC heap after
{Heap after GC invocations=126 (full 0):
 garbage-first heap   total 212992K, used 175104K [0x0000000080000000, 0x0000000100000000)
  region size 1024K, 2 young (2048K), 2 survivors (2048K)
 Metaspace       used 110544K, capacity 113005K, committed 113148K, reserved 1148928K
  class space    used 13743K, capacity 14660K, committed 14720K, reserved 1048576K
}
Event: 265.075 GC heap before
{Heap before GC invocations=126 (full 0):
 garbage-first heap   total 212992K, used 183296K [0x0000000080000000, 0x0000000100000000)
  region size 1024K, 10 young (10240K), 2 survivors (2048K)
 Metaspace       used 110544K, capacity 113005K, committed 113148K, reserved 1148928K
  class space    used 13743K, capacity 14660K, committed 14720K, reserved 1048576K
}
Event: 265.119 GC heap after
{Heap after GC invocations=127 (full 0):
 garbage-first heap   total 212992K, used 180224K [0x0000000080000000, 0x0000000100000000)
  region size 1024K, 2 young (2048K), 2 survivors (2048K)
 Metaspace       used 110544K, capacity 113005K, committed 113148K, reserved 1148928K
  class space    used 13743K, capacity 14660K, committed 14720K, reserved 1048576K
}
Event: 266.881 GC heap before
{Heap before GC invocations=128 (full 0):
 garbage-first heap   total 212992K, used 184320K [0x0000000080000000, 0x0000000100000000)
  region size 1024K, 10 young (10240K), 2 survivors (2048K)
 Metaspace       used 110598K, capacity 113077K, committed 113148K, reserved 1148928K
  class space    used 13748K, capacity 14662K, committed 14720K, reserved 1048576K
}
Event: 266.942 GC heap after
{Heap after GC invocations=129 (full 0):
 garbage-first heap   total 312320K, used 179712K [0x0000000080000000, 0x0000000100000000)
  region size 1024K, 2 young (2048K), 2 survivors (2048K)
 Metaspace       used 110598K, capacity 113077K, committed 113148K, reserved 1148928K
  class space    used 13748K, capacity 14662K, committed 14720K, reserved 1048576K
}
Event: 267.378 GC heap before
{Heap before GC invocations=129 (full 0):
 garbage-first heap   total 312320K, used 194048K [0x0000000080000000, 0x0000000100000000)
  region size 1024K, 15 young (15360K), 2 survivors (2048K)
 Metaspace       used 110611K, capacity 113084K, committed 113148K, reserved 1148928K
  class space    used 13749K, capacity 14664K, committed 14720K, reserved 1048576K
}
Event: 267.449 GC heap after
{Heap after GC invocations=130 (full 0):
 garbage-first heap   total 312320K, used 180003K [0x0000000080000000, 0x0000000100000000)
  region size 1024K, 2 young (2048K), 2 survivors (2048K)
 Metaspace       used 110611K, capacity 113084K, committed 113148K, reserved 1148928K
  class space    used 13749K, capacity 14664K, committed 14720K, reserved 1048576K
}
Event: 268.383 GC heap before
{Heap before GC invocations=130 (full 0):
 garbage-first heap   total 312320K, used 201507K [0x0000000080000000, 0x0000000100000000)
  region size 1024K, 23 young (23552K), 2 survivors (2048K)
 Metaspace       used 110651K, capacity 113084K, committed 113148K, reserved 1148928K
  class space    used 13749K, capacity 14664K, committed 14720K, reserved 1048576K
}
Event: 268.473 GC heap after
{Heap after GC invocations=131 (full 0):
 garbage-first heap   total 312320K, used 186753K [0x0000000080000000, 0x0000000100000000)
  region size 1024K, 3 young (3072K), 3 survivors (3072K)
 Metaspace       used 110651K, capacity 113084K, committed 113148K, reserved 1148928K
  class space    used 13749K, capacity 14664K, committed 14720K, reserved 1048576K
}
Event: 269.377 GC heap before
{Heap before GC invocations=131 (full 0):
 garbage-first heap   total 312320K, used 207233K [0x0000000080000000, 0x0000000100000000)
  region size 1024K, 22 young (22528K), 3 survivors (3072K)
 Metaspace       used 110659K, capacity 113084K, committed 113148K, reserved 1148928K
  class space    used 13749K, capacity 14664K, committed 14720K, reserved 1048576K
}
Event: 269.481 GC heap after
{Heap after GC invocations=132 (full 0):
 garbage-first heap   total 312320K, used 193518K [0x0000000080000000, 0x0000000100000000)
  region size 1024K, 3 young (3072K), 3 survivors (3072K)
 Metaspace       used 110659K, capacity 113084K, committed 113148K, reserved 1148928K
  class space    used 13749K, capacity 14664K, committed 14720K, reserved 1048576K
}
Event: 271.166 GC heap before
{Heap before GC invocations=132 (full 0):
 garbage-first heap   total 312320K, used 237550K [0x0000000080000000, 0x0000000100000000)
  region size 1024K, 28 young (28672K), 3 survivors (3072K)
 Metaspace       used 110692K, capacity 113169K, committed 113404K, reserved 1148928K
  class space    used 13754K, capacity 14670K, committed 14720K, reserved 1048576K
}

Deoptimization events (20 events):
Event: 270.468 Thread 0x000001c013c05000 DEOPT PACKING pc=0x000001c0028da009 sp=0x000000104fffe590
Event: 270.468 Thread 0x000001c013c05000 DEOPT UNPACKING pc=0x000001c0000267c0 sp=0x000000104fffda80 mode 0
Event: 270.493 Thread 0x000001c013c05000 DEOPT PACKING pc=0x000001c0028da009 sp=0x000000104fffe590
Event: 270.493 Thread 0x000001c013c05000 DEOPT UNPACKING pc=0x000001c0000267c0 sp=0x000000104fffda80 mode 0
Event: 270.498 Thread 0x000001c013c05000 DEOPT PACKING pc=0x000001c0028da009 sp=0x000000104fffe590
Event: 270.498 Thread 0x000001c013c05000 DEOPT UNPACKING pc=0x000001c0000267c0 sp=0x000000104fffda80 mode 0
Event: 270.504 Thread 0x000001c013c05000 DEOPT PACKING pc=0x000001c0028da009 sp=0x000000104fffe590
Event: 270.504 Thread 0x000001c013c05000 DEOPT UNPACKING pc=0x000001c0000267c0 sp=0x000000104fffda80 mode 0
Event: 270.510 Thread 0x000001c013c05000 DEOPT PACKING pc=0x000001c0028da009 sp=0x000000104fffe590
Event: 270.510 Thread 0x000001c013c05000 DEOPT UNPACKING pc=0x000001c0000267c0 sp=0x000000104fffda80 mode 0
Event: 270.524 Thread 0x000001c013c05000 DEOPT PACKING pc=0x000001c0028da009 sp=0x000000104fffe590
Event: 270.524 Thread 0x000001c013c05000 DEOPT UNPACKING pc=0x000001c0000267c0 sp=0x000000104fffda80 mode 0
Event: 270.553 Thread 0x000001c013c05000 DEOPT PACKING pc=0x000001c002b52664 sp=0x000000104fffe850
Event: 270.554 Thread 0x000001c013c05000 DEOPT UNPACKING pc=0x000001c0000267c0 sp=0x000000104fffdd78 mode 0
Event: 270.813 Thread 0x000001c013c05000 DEOPT PACKING pc=0x000001c0028c7c38 sp=0x000000104fffe6e0
Event: 270.813 Thread 0x000001c013c05000 DEOPT UNPACKING pc=0x000001c0000267c0 sp=0x000000104fffdb98 mode 0
Event: 270.816 Thread 0x000001c013c05000 Uncommon trap: trap_request=0xffffff4d fr.pc=0x000001c0084a1408 relative=0x00000000000002c8
Event: 270.816 Thread 0x000001c013c05000 Uncommon trap: reason=unstable_if action=reinterpret pc=0x000001c0084a1408 method=com.android.tools.r8.graph.q0.b(Lcom/android/tools/r8/graph/q0;)I @ 60 c2
Event: 270.816 Thread 0x000001c013c05000 DEOPT PACKING pc=0x000001c0084a1408 sp=0x000000104fffe640
Event: 270.816 Thread 0x000001c013c05000 DEOPT UNPACKING pc=0x000001c0000269aa sp=0x000000104fffe5c8 mode 2

Classes redefined (0 events):
No events

Internal exceptions (20 events):
Event: 255.518 Thread 0x000001c0143b8800 Exception <a 'java/lang/NoSuchMethodError'{0x000000008b31ed98}: 'java.lang.Object java.lang.invoke.Invokers$Holder.linkToTargetMethod(java.lang.Object, java.lang.Object, java.lang.Object, java.lang.Object, java.lang.Object, java.lang.Object, java.lang.Object, java.lang.Object, java.lang.Object)'> (0x000000008b31ed98) thrown at [./src/hotspot/share/interpreter/linkResolver.cpp, line 773]
Event: 256.223 Thread 0x000001c0143b8800 Exception <a 'java/lang/NoSuchMethodError'{0x000000008ab61dd8}: 'void java.lang.invoke.DirectMethodHandle$Holder.invokeVirtual(java.lang.Object, java.lang.Object, int)'> (0x000000008ab61dd8) thrown at [./src/hotspot/share/interpreter/linkResolver.cpp, line 773]
Event: 256.317 Thread 0x000001c0143b8800 Exception <a 'sun/nio/fs/WindowsException'{0x000000008aaffb90}> (0x000000008aaffb90) thrown at [./src/hotspot/share/prims/jni.cpp, line 615]
Event: 256.839 Thread 0x000001c0143b8800 Exception <a 'sun/nio/fs/WindowsException'{0x000000008a90f6d8}> (0x000000008a90f6d8) thrown at [./src/hotspot/share/prims/jni.cpp, line 615]
Event: 257.362 Thread 0x000001c0143b8800 Exception <a 'sun/nio/fs/WindowsException'{0x000000008ce74778}> (0x000000008ce74778) thrown at [./src/hotspot/share/prims/jni.cpp, line 615]
Event: 257.602 Thread 0x000001c0143b8800 Exception <a 'sun/nio/fs/WindowsException'{0x000000008ce7a520}> (0x000000008ce7a520) thrown at [./src/hotspot/share/prims/jni.cpp, line 615]
Event: 257.847 Thread 0x000001c0143b8800 Exception <a 'sun/nio/fs/WindowsException'{0x000000008ce81448}> (0x000000008ce81448) thrown at [./src/hotspot/share/prims/jni.cpp, line 615]
Event: 258.144 Thread 0x000001c0143b8800 Exception <a 'sun/nio/fs/WindowsException'{0x000000008ce89580}> (0x000000008ce89580) thrown at [./src/hotspot/share/prims/jni.cpp, line 615]
Event: 258.286 Thread 0x000001c0143b8800 Exception <a 'sun/nio/fs/WindowsException'{0x000000008ce903f8}> (0x000000008ce903f8) thrown at [./src/hotspot/share/prims/jni.cpp, line 615]
Event: 258.543 Thread 0x000001c0143b8800 Exception <a 'sun/nio/fs/WindowsException'{0x000000008ce985f8}> (0x000000008ce985f8) thrown at [./src/hotspot/share/prims/jni.cpp, line 615]
Event: 258.649 Thread 0x000001c0143b8800 Exception <a 'sun/nio/fs/WindowsException'{0x000000008b4ab508}> (0x000000008b4ab508) thrown at [./src/hotspot/share/prims/jni.cpp, line 615]
Event: 258.936 Thread 0x000001c0143b8800 Exception <a 'sun/nio/fs/WindowsException'{0x000000008b4b25d8}> (0x000000008b4b25d8) thrown at [./src/hotspot/share/prims/jni.cpp, line 615]
Event: 259.083 Thread 0x000001c0143b8800 Exception <a 'sun/nio/fs/WindowsException'{0x000000008b4ba7e0}> (0x000000008b4ba7e0) thrown at [./src/hotspot/share/prims/jni.cpp, line 615]
Event: 259.239 Thread 0x000001c0143b8800 Exception <a 'sun/nio/fs/WindowsException'{0x000000008b4c2a58}> (0x000000008b4c2a58) thrown at [./src/hotspot/share/prims/jni.cpp, line 615]
Event: 259.458 Thread 0x000001c0143b8800 Exception <a 'sun/nio/fs/WindowsException'{0x000000008b4c8d40}> (0x000000008b4c8d40) thrown at [./src/hotspot/share/prims/jni.cpp, line 615]
Event: 259.617 Thread 0x000001c0143b8800 Exception <a 'sun/nio/fs/WindowsException'{0x000000008b4cf988}> (0x000000008b4cf988) thrown at [./src/hotspot/share/prims/jni.cpp, line 615]
Event: 259.624 Thread 0x000001c0143b8800 Exception <a 'sun/nio/fs/WindowsException'{0x000000008b4d6c80}> (0x000000008b4d6c80) thrown at [./src/hotspot/share/prims/jni.cpp, line 615]
Event: 259.661 Thread 0x000001c0143b8800 Exception <a 'sun/nio/fs/WindowsException'{0x000000008b4e02c8}> (0x000000008b4e02c8) thrown at [./src/hotspot/share/prims/jni.cpp, line 615]
Event: 260.101 Thread 0x000001c011ba6000 Exception <a 'java/lang/NoSuchMethodError'{0x000000008a78e040}: <clinit>> (0x000000008a78e040) thrown at [./src/hotspot/share/prims/jni.cpp, line 1362]
Event: 260.618 Thread 0x000001c0143b6800 Exception <a 'sun/nio/fs/WindowsException'{0x000000008cf906d0}> (0x000000008cf906d0) thrown at [./src/hotspot/share/prims/jni.cpp, line 615]

Events (20 events):
Event: 269.599 loading class com/android/tools/r8/graph/R0$a done
Event: 271.005 loading class com/android/tools/r8/graph/V
Event: 271.005 loading class com/android/tools/r8/graph/V done
Event: 271.005 loading class com/android/tools/r8/graph/V
Event: 271.005 loading class com/android/tools/r8/graph/V done
Event: 271.005 loading class com/android/tools/r8/graph/V
Event: 271.005 loading class com/android/tools/r8/graph/V done
Event: 271.006 loading class com/android/tools/r8/graph/V
Event: 271.006 loading class com/android/tools/r8/graph/V done
Event: 271.006 loading class com/android/tools/r8/graph/q0
Event: 271.006 loading class com/android/tools/r8/graph/q0 done
Event: 271.006 loading class com/android/tools/r8/graph/q0
Event: 271.006 loading class com/android/tools/r8/graph/q0 done
Event: 271.007 loading class com/android/tools/r8/utils/S
Event: 271.007 loading class com/android/tools/r8/utils/S done
Event: 271.009 loading class com/android/tools/r8/graph/V
Event: 271.009 loading class com/android/tools/r8/graph/V done
Event: 271.009 loading class com/android/tools/r8/graph/V
Event: 271.009 loading class com/android/tools/r8/graph/V done
Event: 271.165 Executing VM operation: G1CollectForAllocation


Dynamic libraries:
0x00007ff6835a0000 - 0x00007ff6835aa000 	C:\Program Files\Android\Android Studio\jre\bin\java.exe
0x00007fff7df50000 - 0x00007fff7e131000 	C:\Windows\SYSTEM32\ntdll.dll
0x00007fff7b460000 - 0x00007fff7b512000 	C:\Windows\System32\KERNEL32.DLL
0x00007fff7a7b0000 - 0x00007fff7aa23000 	C:\Windows\System32\KERNELBASE.dll
0x00007fff7b2e0000 - 0x00007fff7b3da000 	C:\Windows\System32\ucrtbase.dll
0x00007fff6ff60000 - 0x00007fff6ff77000 	C:\Program Files\Android\Android Studio\jre\bin\VCRUNTIME140.dll
0x00007fff6aec0000 - 0x00007fff6aed9000 	C:\Program Files\Android\Android Studio\jre\bin\jli.dll
0x00007fff7b7a0000 - 0x00007fff7b930000 	C:\Windows\System32\USER32.dll
0x00007fff6b4d0000 - 0x00007fff6b739000 	C:\Windows\WinSxS\amd64_microsoft.windows.common-controls_6595b64144ccf1df_6.0.17133.73_none_b4b127863cb5b9c7\COMCTL32.dll
0x00007fff7a5a0000 - 0x00007fff7a5c0000 	C:\Windows\System32\win32u.dll
0x00007fff7dd00000 - 0x00007fff7dd9e000 	C:\Windows\System32\msvcrt.dll
0x00007fff7b930000 - 0x00007fff7b958000 	C:\Windows\System32\GDI32.dll
0x00007fff7d6c0000 - 0x00007fff7d9e3000 	C:\Windows\System32\combase.dll
0x00007fff7aa30000 - 0x00007fff7abc2000 	C:\Windows\System32\gdi32full.dll
0x00007fff7dbd0000 - 0x00007fff7dcf4000 	C:\Windows\System32\RPCRT4.dll
0x00007fff7a320000 - 0x00007fff7a3bf000 	C:\Windows\System32\msvcp_win.dll
0x00007fff7a520000 - 0x00007fff7a59a000 	C:\Windows\System32\bcryptPrimitives.dll
0x00007fff7bf30000 - 0x00007fff7bf5d000 	C:\Windows\System32\IMM32.DLL
0x00007fff51780000 - 0x00007fff5181d000 	C:\Program Files\Android\Android Studio\jre\bin\msvcp140.dll
0x00007fff3bc80000 - 0x00007fff3c73c000 	C:\Program Files\Android\Android Studio\jre\bin\server\jvm.dll
0x00007fff7de50000 - 0x00007fff7def1000 	C:\Windows\System32\ADVAPI32.dll
0x00007fff7d5c0000 - 0x00007fff7d61b000 	C:\Windows\System32\sechost.dll
0x00007fff7df00000 - 0x00007fff7df08000 	C:\Windows\System32\PSAPI.DLL
0x00007fff70030000 - 0x00007fff70039000 	C:\Windows\SYSTEM32\WSOCK32.dll
0x00007fff7bf60000 - 0x00007fff7bfcc000 	C:\Windows\System32\WS2_32.dll
0x00007fff783d0000 - 0x00007fff783f3000 	C:\Windows\SYSTEM32\WINMM.dll
0x00007fff6aca0000 - 0x00007fff6acaa000 	C:\Windows\SYSTEM32\VERSION.dll
0x00007fff783a0000 - 0x00007fff783ca000 	C:\Windows\SYSTEM32\WINMMBASE.dll
0x00007fff7a3c0000 - 0x00007fff7a409000 	C:\Windows\System32\cfgmgr32.dll
0x00007fff7a300000 - 0x00007fff7a311000 	C:\Windows\System32\kernel.appcore.dll
0x00007fff6bfe0000 - 0x00007fff6bff1000 	C:\Program Files\Android\Android Studio\jre\bin\verify.dll
0x00007fff6e5c0000 - 0x00007fff6e789000 	C:\Windows\SYSTEM32\DBGHELP.DLL
0x00007fff6e590000 - 0x00007fff6e5b9000 	C:\Windows\SYSTEM32\dbgcore.DLL
0x00007fff66440000 - 0x00007fff66469000 	C:\Program Files\Android\Android Studio\jre\bin\java.dll
0x00007fff6fdb0000 - 0x00007fff6fdbb000 	C:\Program Files\Android\Android Studio\jre\bin\jimage.dll
0x00007fff6bfc0000 - 0x00007fff6bfd8000 	C:\Program Files\Android\Android Studio\jre\bin\zip.dll
0x00007fff7c120000 - 0x00007fff7d560000 	C:\Windows\System32\SHELL32.dll
0x00007fff7dda0000 - 0x00007fff7de49000 	C:\Windows\System32\shcore.dll
0x00007fff7abd0000 - 0x00007fff7b2dd000 	C:\Windows\System32\windows.storage.dll
0x00007fff7d560000 - 0x00007fff7d5b1000 	C:\Windows\System32\shlwapi.dll
0x00007fff7a2e0000 - 0x00007fff7a2ff000 	C:\Windows\System32\profapi.dll
0x00007fff7a290000 - 0x00007fff7a2dc000 	C:\Windows\System32\powrprof.dll
0x00007fff7a280000 - 0x00007fff7a28a000 	C:\Windows\System32\FLTLIB.DLL
0x00007fff6be70000 - 0x00007fff6be8a000 	C:\Program Files\Android\Android Studio\jre\bin\net.dll
0x00007fff6e9e0000 - 0x00007fff6eabd000 	C:\Windows\SYSTEM32\WINHTTP.dll
0x00007fff79a80000 - 0x00007fff79ae6000 	C:\Windows\system32\mswsock.dll
0x00007fff65bc0000 - 0x00007fff65bd4000 	C:\Program Files\Android\Android Studio\jre\bin\nio.dll
0x00007fff5da60000 - 0x00007fff5da87000 	C:\Users\MISHECK\.gradle\native\fdc75f09e3144964f2cf3f50f0aa648679c211496f362492102eb8c894070792\windows-amd64\native-platform.dll
0x00007fff51900000 - 0x00007fff51a96000 	C:\Users\MISHECK\.gradle\native\12488b8bf47d2d4c9fbf2f6322a914ad602e24e48041cd04a747c6da556b65c4\windows-amd64\native-platform-file-events.dll
0x00007fff6f9c0000 - 0x00007fff6f9ca000 	C:\Program Files\Android\Android Studio\jre\bin\management.dll
0x00007fff6f080000 - 0x00007fff6f08c000 	C:\Program Files\Android\Android Studio\jre\bin\management_ext.dll
0x00007fff79c30000 - 0x00007fff79c47000 	C:\Windows\SYSTEM32\CRYPTSP.dll
0x00007fff79660000 - 0x00007fff79693000 	C:\Windows\system32\rsaenh.dll
0x00007fff79d60000 - 0x00007fff79d85000 	C:\Windows\SYSTEM32\bcrypt.dll
0x00007fff7a160000 - 0x00007fff7a188000 	C:\Windows\SYSTEM32\USERENV.dll
0x00007fff79c50000 - 0x00007fff79c5b000 	C:\Windows\SYSTEM32\CRYPTBASE.dll
0x00007fff79800000 - 0x00007fff79838000 	C:\Windows\SYSTEM32\IPHLPAPI.DLL
0x00007fff7b5f0000 - 0x00007fff7b5f8000 	C:\Windows\System32\NSI.dll
0x00007fff723d0000 - 0x00007fff723e6000 	C:\Windows\SYSTEM32\dhcpcsvc6.DLL
0x00007fff723b0000 - 0x00007fff723ca000 	C:\Windows\SYSTEM32\dhcpcsvc.DLL
0x00007fff727f0000 - 0x00007fff727fb000 	C:\Windows\SYSTEM32\WINNSI.DLL

dbghelp: loaded successfully - version: 4.0.5 - missing functions: none
symbol engine: initialized successfully - sym options: 0x614 - pdb path: .;C:\Program Files\Android\Android Studio\jre\bin;C:\Windows\SYSTEM32;C:\Windows\WinSxS\amd64_microsoft.windows.common-controls_6595b64144ccf1df_6.0.17133.73_none_b4b127863cb5b9c7;C:\Program Files\Android\Android Studio\jre\bin\server;C:\Users\MISHECK\.gradle\native\fdc75f09e3144964f2cf3f50f0aa648679c211496f362492102eb8c894070792\windows-amd64;C:\Users\MISHECK\.gradle\native\12488b8bf47d2d4c9fbf2f6322a914ad602e24e48041cd04a747c6da556b65c4\windows-amd64

VM Arguments:
jvm_args: --add-opens=java.base/java.util=ALL-UNNAMED --add-opens=java.base/java.lang=ALL-UNNAMED --add-opens=java.base/java.lang.invoke=ALL-UNNAMED --add-opens=java.prefs/java.util.prefs=ALL-UNNAMED -Xmx2048m -Dfile.encoding=UTF-8 -Duser.country=US -Duser.language=en -Duser.variant 
java_command: org.gradle.launcher.daemon.bootstrap.GradleDaemon 6.7.1
java_class_path (initial): C:\Users\MISHECK\.gradle\wrapper\dists\gradle-6.7.1-bin\bwlcbys1h7rz3272sye1xwiv6\gradle-6.7.1\lib\gradle-launcher-6.7.1.jar
Launcher Type: SUN_STANDARD

[Global flags]
     intx CICompilerCount                          = 2                                         {product} {ergonomic}
     uint ConcGCThreads                            = 1                                         {product} {ergonomic}
     uint G1ConcRefinementThreads                  = 2                                         {product} {ergonomic}
   size_t G1HeapRegionSize                         = 1048576                                   {product} {ergonomic}
    uintx GCDrainStackTargetSize                   = 64                                        {product} {ergonomic}
   size_t InitialHeapSize                          = 67108864                                  {product} {ergonomic}
   size_t MarkStackSize                            = 4194304                                   {product} {ergonomic}
   size_t MaxHeapSize                              = 2147483648                                {product} {command line}
   size_t MaxNewSize                               = 1287651328                                {product} {ergonomic}
   size_t MinHeapDeltaBytes                        = 1048576                                   {product} {ergonomic}
    uintx NonNMethodCodeHeapSize                   = 5825164                                {pd product} {ergonomic}
    uintx NonProfiledCodeHeapSize                  = 122916538                              {pd product} {ergonomic}
    uintx ProfiledCodeHeapSize                     = 122916538                              {pd product} {ergonomic}
    uintx ReservedCodeCacheSize                    = 251658240                              {pd product} {ergonomic}
     bool SegmentedCodeCache                       = true                                      {product} {ergonomic}
     bool UseCompressedClassPointers               = true                                 {lp64_product} {ergonomic}
     bool UseCompressedOops                        = true                                 {lp64_product} {ergonomic}
     bool UseG1GC                                  = true                                      {product} {ergonomic}
     bool UseLargePagesIndividualAllocation        = false                                  {pd product} {ergonomic}

Logging:
Log output configuration:
 #0: stdout all=warning uptime,level,tags
 #1: stderr all=off uptime,level,tags

Environment Variables:
JAVA_HOME=C:\Program Files\Java\jdk1.8.0_191
PATH=C:\Program Files (x86)\Common Files\Oracle\Java\javapath;C:\Windows\system32;C:\Windows;C:\Windows\System32\Wbem;C:\Windows\System32\WindowsPowerShell\v1.0\;C:\Windows\System32\OpenSSH\;C:\Program Files (x86)\Git\cmd;C:\Program Files\nodejs\;C:\Program Files\Java\jdk1.8.0_191\bin;C:\Users\MISHECK\AppData\Roaming\npm;C:\Exercism;C:\Users\MISHECK\AppData\Local\Programs\Python\Python39;C:\Users\MISHECK\AppData\Local\Programs\Microsoft VS Code\bin;C:\Program Files\CodeBlocks\MinGW\bin;
USERNAME=MISHECK
OS=Windows_NT
PROCESSOR_IDENTIFIER=Intel64 Family 6 Model 55 Stepping 8, GenuineIntel



---------------  S Y S T E M  ---------------

OS: Windows 10 , 64 bit Build 17133 (10.0.17133.73)
OS uptime: 1 days 2:31 hours

CPU:total 2 (initial active 2) (2 cores per cpu, 1 threads per core) family 6 model 55 stepping 8, cmov, cx8, fxsr, mmx, sse, sse2, sse3, ssse3, sse4.1, sse4.2, popcnt, clmul, erms, 3dnowpref, tsc, tscinvbit

Memory: 4k page, system-wide physical 3987M (501M free)
TotalPageFile size 5314M (AvailPageFile size 158M)
current process WorkingSet (physical memory assigned to process): 510M, peak: 532M
current process commit charge ("private bytes"): 614M, peak: 919M

vm_info: OpenJDK 64-Bit Server VM (11.0.8+10-b944.6842174) for windows-amd64 JRE (11.0.8+10-b944.6842174), built on Sep 19 2020 01:11:42 by "builder" with MS VC++ 14.0 (VS2015)

END.
