#
# There is insufficient memory for the Java Runtime Environment to continue.
# Native memory allocation (mmap) failed to map 65011712 bytes for Failed to commit area from 0x0000000088800000 to 0x000000008c600000 of length 65011712.
# Possible reasons:
#   The system is out of physical RAM or swap space
#   The process is running with CompressedOops enabled, and the Java Heap may be blocking the growth of the native heap
# Possible solutions:
#   Reduce memory load on the system
#   Increase physical memory or swap space
#   Check if swap backing store is full
#   Decrease Java heap size (-Xmx/-Xms)
#   Decrease number of Java threads
#   Decrease Java thread stack sizes (-Xss)
#   Set larger code cache with -XX:ReservedCodeCacheSize=
#   JVM is running with Unscaled Compressed Oops mode in which the Java heap is
#     placed in the first 4GB address space. The Java Heap base address is the
#     maximum limit for the native heap growth. Please use -XX:HeapBaseMinAddress
#     to set the Java Heap base and to place the Java Heap above 4GB virtual address.
# This output file may be truncated or incomplete.
#
#  Out of Memory Error (./src/hotspot/os/windows/os_windows.cpp:3303), pid=8248, tid=4916
#
# JRE version: OpenJDK Runtime Environment (11.0.8+10) (build 11.0.8+10-b944.6842174)
# Java VM: OpenJDK 64-Bit Server VM (11.0.8+10-b944.6842174, mixed mode, tiered, compressed oops, g1 gc, windows-amd64)
# No core dump will be written. Minidumps are not enabled by default on client versions of Windows
#

---------------  S U M M A R Y ------------

Command Line: --add-opens=java.base/java.util=ALL-UNNAMED --add-opens=java.base/java.lang=ALL-UNNAMED --add-opens=java.base/java.lang.invoke=ALL-UNNAMED --add-opens=java.prefs/java.util.prefs=ALL-UNNAMED -Xmx2048m -Dfile.encoding=UTF-8 -Duser.country=US -Duser.language=en -Duser.variant org.gradle.launcher.daemon.bootstrap.GradleDaemon 6.7.1

Host: Intel(R) Celeron(R) CPU  N2840  @ 2.16GHz, 2 cores, 3G,  Windows 10 , 64 bit Build 17133 (10.0.17133.73)
Time: Sun Jul 11 23:12:02 2021 Pacific Daylight Time elapsed time: 96 seconds (0d 0h 1m 36s)

---------------  T H R E A D  ---------------

Current thread (0x0000018a732ef000):  VMThread "VM Thread" [stack: 0x00000036b5300000,0x00000036b5400000] [id=4916]

Stack: [0x00000036b5300000,0x00000036b5400000]
[error occurred during error reporting (printing stack bounds), id 0xc0000005, EXCEPTION_ACCESS_VIOLATION (0xc0000005) at pc=0x0000018a5d750dbe]

Native frames: (J=compiled Java code, j=interpreted, Vv=VM code, C=native code)
V  [jvm.dll+0x5de50a]
V  [jvm.dll+0x7122f5]
V  [jvm.dll+0x71384d]
V  [jvm.dll+0x713e65]
V  [jvm.dll+0x713e1b]
V  [jvm.dll+0x5dd958]
V  [jvm.dll+0x5de0f8]
C  [ntdll.dll+0x9eddd]
C  [ntdll.dll+0x6c86]
C  [ntdll.dll+0x9dd0e]
C  0x0000018a5d750dbe

VM_Operation (0x00000036b66f7ba0): G1CollectForAllocation, mode: safepoint, requested by thread 0x0000018a75276800


---------------  P R O C E S S  ---------------

Threads class SMR info:
_java_thread_list=0x0000018a7c690320, length=133, elements={
0x0000018a59de0000, 0x0000018a732f5000, 0x0000018a732fe000, 0x0000018a73c60800,
0x0000018a73c61000, 0x0000018a7334f800, 0x0000018a73354000, 0x0000018a7336d800,
0x0000018a73db1000, 0x0000018a73de6800, 0x0000018a74ea7000, 0x0000018a74e51000,
0x0000018a74b64000, 0x0000018a73ff2800, 0x0000018a74aa0000, 0x0000018a756d3800,
0x0000018a75276800, 0x0000018a751e9800, 0x0000018a75162800, 0x0000018a7473d800,
0x0000018a7473c000, 0x0000018a7473e800, 0x0000018a74741000, 0x0000018a7473f800,
0x0000018a74740000, 0x0000018a7473b800, 0x0000018a74742000, 0x0000018a7614c800,
0x0000018a7614f000, 0x0000018a7614e000, 0x0000018a76149800, 0x0000018a7614a000,
0x0000018a76151800, 0x0000018a76155800, 0x0000018a76150000, 0x0000018a76156800,
0x0000018a76150800, 0x0000018a76157000, 0x0000018a76158000, 0x0000018a76152800,
0x0000018a76153000, 0x0000018a76154000, 0x0000018a76154800, 0x0000018a77a2d000,
0x0000018a77a2e800, 0x0000018a77a2e000, 0x0000018a77a29000, 0x0000018a77a2f800,
0x0000018a77a2a000, 0x0000018a77a30800, 0x0000018a77a2a800, 0x0000018a77a31000,
0x0000018a77a2b800, 0x0000018a77a32000, 0x0000018a77a2c000, 0x0000018a77a33800,
0x0000018a77a37800, 0x0000018a77a34800, 0x0000018a77a35000, 0x0000018a77a36000,
0x0000018a77a33000, 0x0000018a77a37000, 0x0000018a74bb5000, 0x0000018a74bb1000,
0x0000018a74bb6000, 0x0000018a74bb2000, 0x0000018a74bb2800, 0x0000018a74bb3800,
0x0000018a74bb0000, 0x0000018a74bb6800, 0x0000018a74bb7800, 0x0000018a74bb9000,
0x0000018a74bba000, 0x0000018a74bb4000, 0x0000018a74bbd000, 0x0000018a74bbb000,
0x0000018a74bbb800, 0x0000018a74bbc800, 0x0000018a74bbe000, 0x0000018a74bb8800,
0x0000018a74bbf000, 0x0000018a75fe8800, 0x0000018a75fe4800, 0x0000018a75fe3800,
0x0000018a75fe5800, 0x0000018a75fe6000, 0x0000018a75fe3000, 0x0000018a75fea800,
0x0000018a75fe9800, 0x0000018a75fec000, 0x0000018a75fe7000, 0x0000018a75feb000,
0x0000018a75fec800, 0x0000018a75fed800, 0x0000018a75fe8000, 0x0000018a75ff0000,
0x0000018a75ff1000, 0x0000018a75fee800, 0x0000018a75fef000, 0x0000018a75ff1800,
0x0000018a75fff000, 0x0000018a75ffd000, 0x0000018a75ffc800, 0x0000018a75ffb800,
0x0000018a76003800, 0x0000018a75ffe000, 0x0000018a76000800, 0x0000018a76005800,
0x0000018a75fff800, 0x0000018a76007000, 0x0000018a76001800, 0x0000018a76003000,
0x0000018a76004800, 0x0000018a76006000, 0x0000018a76008000, 0x0000018a76002000,
0x0000018a76009800, 0x0000018a7600a800, 0x0000018a76008800, 0x0000018a76268000,
0x0000018a7626a800, 0x0000018a76269800, 0x0000018a76266800, 0x0000018a7626b800,
0x0000018a76265800, 0x0000018a76267000, 0x0000018a7626c000, 0x0000018a7626d000,
0x0000018a7626e000, 0x0000018a76269000, 0x0000018a76271000, 0x0000018a76270000,
0x0000018a76274800
}

Java Threads: ( => current thread )
  0x0000018a59de0000 JavaThread "main" [_thread_blocked, id=8772, stack(0x00000036b4d00000,0x00000036b4e00000)]
  0x0000018a732f5000 JavaThread "Reference Handler" daemon [_thread_blocked, id=1924, stack(0x00000036b5400000,0x00000036b5500000)]
  0x0000018a732fe000 JavaThread "Finalizer" daemon [_thread_blocked, id=11004, stack(0x00000036b5500000,0x00000036b5600000)]
  0x0000018a73c60800 JavaThread "Signal Dispatcher" daemon [_thread_blocked, id=5972, stack(0x00000036b5600000,0x00000036b5700000)]
  0x0000018a73c61000 JavaThread "Attach Listener" daemon [_thread_blocked, id=1596, stack(0x00000036b5700000,0x00000036b5800000)]
  0x0000018a7334f800 JavaThread "C2 CompilerThread0" daemon [_thread_blocked, id=7956, stack(0x00000036b5800000,0x00000036b5900000)]
  0x0000018a73354000 JavaThread "C1 CompilerThread0" daemon [_thread_blocked, id=9168, stack(0x00000036b5900000,0x00000036b5a00000)]
  0x0000018a7336d800 JavaThread "Sweeper thread" daemon [_thread_blocked, id=10848, stack(0x00000036b5a00000,0x00000036b5b00000)]
  0x0000018a73db1000 JavaThread "Common-Cleaner" daemon [_thread_blocked, id=7444, stack(0x00000036b5b00000,0x00000036b5c00000)]
  0x0000018a73de6800 JavaThread "Service Thread" daemon [_thread_blocked, id=11036, stack(0x00000036b5c00000,0x00000036b5d00000)]
  0x0000018a74ea7000 JavaThread "Daemon health stats" [_thread_blocked, id=10460, stack(0x00000036b5f00000,0x00000036b6000000)]
  0x0000018a74e51000 JavaThread "Incoming local TCP Connector on port 64942" [_thread_in_native, id=4364, stack(0x00000036b6100000,0x00000036b6200000)]
  0x0000018a74b64000 JavaThread "Daemon" [_thread_blocked, id=4104, stack(0x00000036b6200000,0x00000036b6300000)]
  0x0000018a73ff2800 JavaThread "Handler for socket connection from /127.0.0.1:64942 to /127.0.0.1:64943" [_thread_in_native, id=5204, stack(0x00000036b6300000,0x00000036b6400000)]
  0x0000018a74aa0000 JavaThread "Daemon periodic checks" [_thread_blocked, id=5284, stack(0x00000036b6400000,0x00000036b6500000)]
  0x0000018a756d3800 JavaThread "Cancel handler" [_thread_blocked, id=9624, stack(0x00000036b6500000,0x00000036b6600000)]
  0x0000018a75276800 JavaThread "Daemon worker" [_thread_blocked, id=8568, stack(0x00000036b6600000,0x00000036b6700000)]
  0x0000018a751e9800 JavaThread "Asynchronous log dispatcher for DefaultDaemonConnection: socket connection from /127.0.0.1:64942 to /127.0.0.1:64943" [_thread_blocked, id=5980, stack(0x00000036b6700000,0x00000036b6800000)]
  0x0000018a75162800 JavaThread "Thread-8" [_thread_blocked, id=10856, stack(0x00000036b6900000,0x00000036b6a00000)]
  0x0000018a7473d800 JavaThread "Cache worker for file hash cache (C:\Users\MISHECK\.gradle\caches\6.7.1\fileHashes)" [_thread_blocked, id=9784, stack(0x00000036b6a00000,0x00000036b6b00000)]
  0x0000018a7473c000 JavaThread "File lock request listener" [_thread_in_native, id=2728, stack(0x00000036b6b00000,0x00000036b6c00000)]
  0x0000018a7473e800 JavaThread "Cache worker for journal cache (C:\Users\MISHECK\.gradle\caches\journal-1)" [_thread_blocked, id=2532, stack(0x00000036b6c00000,0x00000036b6d00000)]
  0x0000018a74741000 JavaThread "Cache worker for file hash cache (C:\Users\MISHECK\AndroidStudioProjects\ChildSafetyApp\.gradle\6.7.1\fileHashes)" [_thread_blocked, id=5240, stack(0x00000036b6d00000,0x00000036b6e00000)]
  0x0000018a7473f800 JavaThread "Cache worker for checksums cache (C:\Users\MISHECK\AndroidStudioProjects\ChildSafetyApp\.gradle\checksums)" [_thread_blocked, id=8732, stack(0x00000036b6e00000,0x00000036b6f00000)]
  0x0000018a74740000 JavaThread "Cache worker for cache directory md-supplier (C:\Users\MISHECK\.gradle\caches\6.7.1\md-supplier)" [_thread_blocked, id=11092, stack(0x00000036b6f00000,0x00000036b7000000)]
  0x0000018a7473b800 JavaThread "Cache worker for cache directory md-rule (C:\Users\MISHECK\.gradle\caches\6.7.1\md-rule)" [_thread_blocked, id=2924, stack(0x00000036b7000000,0x00000036b7100000)]
  0x0000018a74742000 JavaThread "Cache worker for execution history cache (C:\Users\MISHECK\.gradle\caches\6.7.1\executionHistory)" [_thread_blocked, id=5876, stack(0x00000036b7100000,0x00000036b7200000)]
  0x0000018a7614c800 JavaThread "jar transforms" [_thread_blocked, id=10808, stack(0x00000036b7200000,0x00000036b7300000)]
  0x0000018a7614f000 JavaThread "Cache worker for file content cache (C:\Users\MISHECK\.gradle\caches\6.7.1\fileContent)" [_thread_blocked, id=5496, stack(0x00000036b7300000,0x00000036b7400000)]
  0x0000018a7614e000 JavaThread "Cache worker for Build Output Cleanup Cache (C:\Users\MISHECK\AndroidStudioProjects\ChildSafetyApp\.gradle\buildOutputCleanup)" [_thread_blocked, id=2892, stack(0x00000036b7400000,0x00000036b7500000)]
  0x0000018a76149800 JavaThread "Build operations" [_thread_blocked, id=7928, stack(0x00000036b7500000,0x00000036b7600000)]
  0x0000018a7614a000 JavaThread "Build operations Thread 2" [_thread_blocked, id=936, stack(0x00000036b7600000,0x00000036b7700000)]
  0x0000018a76151800 JavaThread "jar transforms Thread 2" [_thread_blocked, id=5716, stack(0x00000036b7700000,0x00000036b7800000)]
  0x0000018a76155800 JavaThread "jar transforms Thread 3" [_thread_blocked, id=1112, stack(0x00000036b7800000,0x00000036b7900000)]
  0x0000018a76150000 JavaThread "jar transforms Thread 4" [_thread_blocked, id=3792, stack(0x00000036b7900000,0x00000036b7a00000)]
  0x0000018a76156800 JavaThread "jar transforms Thread 5" [_thread_blocked, id=8792, stack(0x00000036b7a00000,0x00000036b7b00000)]
  0x0000018a76150800 JavaThread "jar transforms Thread 6" [_thread_blocked, id=1604, stack(0x00000036b7b00000,0x00000036b7c00000)]
  0x0000018a76157000 JavaThread "jar transforms Thread 7" [_thread_blocked, id=10220, stack(0x00000036b7c00000,0x00000036b7d00000)]
  0x0000018a76158000 JavaThread "jar transforms Thread 8" [_thread_blocked, id=2636, stack(0x00000036b7d00000,0x00000036b7e00000)]
  0x0000018a76152800 JavaThread "jar transforms Thread 9" [_thread_blocked, id=2656, stack(0x00000036b7e00000,0x00000036b7f00000)]
  0x0000018a76153000 JavaThread "jar transforms Thread 10" [_thread_blocked, id=10720, stack(0x00000036b7f00000,0x00000036b8000000)]
  0x0000018a76154000 JavaThread "jar transforms Thread 11" [_thread_blocked, id=11096, stack(0x00000036b8000000,0x00000036b8100000)]
  0x0000018a76154800 JavaThread "jar transforms Thread 12" [_thread_blocked, id=7612, stack(0x00000036b8100000,0x00000036b8200000)]
  0x0000018a77a2d000 JavaThread "jar transforms Thread 13" [_thread_blocked, id=9636, stack(0x00000036b8200000,0x00000036b8300000)]
  0x0000018a77a2e800 JavaThread "jar transforms Thread 14" [_thread_blocked, id=8540, stack(0x00000036b8300000,0x00000036b8400000)]
  0x0000018a77a2e000 JavaThread "jar transforms Thread 15" [_thread_blocked, id=884, stack(0x00000036b8400000,0x00000036b8500000)]
  0x0000018a77a29000 JavaThread "jar transforms Thread 16" [_thread_blocked, id=2560, stack(0x00000036b8500000,0x00000036b8600000)]
  0x0000018a77a2f800 JavaThread "jar transforms Thread 17" [_thread_blocked, id=5068, stack(0x00000036b8600000,0x00000036b8700000)]
  0x0000018a77a2a000 JavaThread "jar transforms Thread 18" [_thread_blocked, id=11120, stack(0x00000036b8700000,0x00000036b8800000)]
  0x0000018a77a30800 JavaThread "jar transforms Thread 19" [_thread_blocked, id=8032, stack(0x00000036b8800000,0x00000036b8900000)]
  0x0000018a77a2a800 JavaThread "jar transforms Thread 20" [_thread_blocked, id=8364, stack(0x00000036b8900000,0x00000036b8a00000)]
  0x0000018a77a31000 JavaThread "jar transforms Thread 21" [_thread_blocked, id=2132, stack(0x00000036b8a00000,0x00000036b8b00000)]
  0x0000018a77a2b800 JavaThread "jar transforms Thread 22" [_thread_blocked, id=4008, stack(0x00000036b8b00000,0x00000036b8c00000)]
  0x0000018a77a32000 JavaThread "jar transforms Thread 23" [_thread_blocked, id=636, stack(0x00000036b8c00000,0x00000036b8d00000)]
  0x0000018a77a2c000 JavaThread "jar transforms Thread 24" [_thread_blocked, id=9656, stack(0x00000036b8d00000,0x00000036b8e00000)]
  0x0000018a77a33800 JavaThread "jar transforms Thread 25" [_thread_blocked, id=3228, stack(0x00000036b8e00000,0x00000036b8f00000)]
  0x0000018a77a37800 JavaThread "jar transforms Thread 26" [_thread_blocked, id=1184, stack(0x00000036b8f00000,0x00000036b9000000)]
  0x0000018a77a34800 JavaThread "jar transforms Thread 27" [_thread_blocked, id=10948, stack(0x00000036b9000000,0x00000036b9100000)]
  0x0000018a77a35000 JavaThread "jar transforms Thread 28" [_thread_blocked, id=8356, stack(0x00000036b9100000,0x00000036b9200000)]
  0x0000018a77a36000 JavaThread "jar transforms Thread 29" [_thread_blocked, id=9196, stack(0x00000036b9200000,0x00000036b9300000)]
  0x0000018a77a33000 JavaThread "jar transforms Thread 30" [_thread_blocked, id=4120, stack(0x00000036b9300000,0x00000036b9400000)]
  0x0000018a77a37000 JavaThread "jar transforms Thread 31" [_thread_blocked, id=8412, stack(0x00000036b9400000,0x00000036b9500000)]
  0x0000018a74bb5000 JavaThread "jar transforms Thread 32" [_thread_blocked, id=8832, stack(0x00000036b9500000,0x00000036b9600000)]
  0x0000018a74bb1000 JavaThread "jar transforms Thread 33" [_thread_blocked, id=164, stack(0x00000036b9600000,0x00000036b9700000)]
  0x0000018a74bb6000 JavaThread "jar transforms Thread 34" [_thread_blocked, id=10084, stack(0x00000036b9700000,0x00000036b9800000)]
  0x0000018a74bb2000 JavaThread "jar transforms Thread 35" [_thread_blocked, id=2980, stack(0x00000036b9800000,0x00000036b9900000)]
  0x0000018a74bb2800 JavaThread "jar transforms Thread 36" [_thread_blocked, id=10132, stack(0x00000036b9900000,0x00000036b9a00000)]
  0x0000018a74bb3800 JavaThread "jar transforms Thread 37" [_thread_blocked, id=3432, stack(0x00000036b9a00000,0x00000036b9b00000)]
  0x0000018a74bb0000 JavaThread "jar transforms Thread 38" [_thread_blocked, id=10604, stack(0x00000036b9b00000,0x00000036b9c00000)]
  0x0000018a74bb6800 JavaThread "jar transforms Thread 39" [_thread_blocked, id=4172, stack(0x00000036b9c00000,0x00000036b9d00000)]
  0x0000018a74bb7800 JavaThread "jar transforms Thread 40" [_thread_blocked, id=10696, stack(0x00000036b9d00000,0x00000036b9e00000)]
  0x0000018a74bb9000 JavaThread "jar transforms Thread 41" [_thread_blocked, id=9348, stack(0x00000036b9e00000,0x00000036b9f00000)]
  0x0000018a74bba000 JavaThread "jar transforms Thread 42" [_thread_blocked, id=8144, stack(0x00000036b9f00000,0x00000036ba000000)]
  0x0000018a74bb4000 JavaThread "jar transforms Thread 43" [_thread_blocked, id=8436, stack(0x00000036ba000000,0x00000036ba100000)]
  0x0000018a74bbd000 JavaThread "jar transforms Thread 44" [_thread_blocked, id=4500, stack(0x00000036ba100000,0x00000036ba200000)]
  0x0000018a74bbb000 JavaThread "jar transforms Thread 45" [_thread_blocked, id=6952, stack(0x00000036ba200000,0x00000036ba300000)]
  0x0000018a74bbb800 JavaThread "jar transforms Thread 46" [_thread_blocked, id=2104, stack(0x00000036ba300000,0x00000036ba400000)]
  0x0000018a74bbc800 JavaThread "jar transforms Thread 47" [_thread_blocked, id=2260, stack(0x00000036ba400000,0x00000036ba500000)]
  0x0000018a74bbe000 JavaThread "jar transforms Thread 48" [_thread_blocked, id=9184, stack(0x00000036ba500000,0x00000036ba600000)]
  0x0000018a74bb8800 JavaThread "jar transforms Thread 49" [_thread_blocked, id=10164, stack(0x00000036ba600000,0x00000036ba700000)]
  0x0000018a74bbf000 JavaThread "jar transforms Thread 50" [_thread_blocked, id=3924, stack(0x00000036ba700000,0x00000036ba800000)]
  0x0000018a75fe8800 JavaThread "jar transforms Thread 51" [_thread_blocked, id=3240, stack(0x00000036ba800000,0x00000036ba900000)]
  0x0000018a75fe4800 JavaThread "jar transforms Thread 52" [_thread_blocked, id=1412, stack(0x00000036ba900000,0x00000036baa00000)]
  0x0000018a75fe3800 JavaThread "jar transforms Thread 53" [_thread_blocked, id=1612, stack(0x00000036baa00000,0x00000036bab00000)]
  0x0000018a75fe5800 JavaThread "jar transforms Thread 54" [_thread_blocked, id=5132, stack(0x00000036bab00000,0x00000036bac00000)]
  0x0000018a75fe6000 JavaThread "jar transforms Thread 55" [_thread_blocked, id=8172, stack(0x00000036bac00000,0x00000036bad00000)]
  0x0000018a75fe3000 JavaThread "jar transforms Thread 56" [_thread_blocked, id=5060, stack(0x00000036bad00000,0x00000036bae00000)]
  0x0000018a75fea800 JavaThread "jar transforms Thread 57" [_thread_blocked, id=9800, stack(0x00000036bae00000,0x00000036baf00000)]
  0x0000018a75fe9800 JavaThread "jar transforms Thread 58" [_thread_blocked, id=9844, stack(0x00000036baf00000,0x00000036bb000000)]
  0x0000018a75fec000 JavaThread "jar transforms Thread 59" [_thread_blocked, id=9124, stack(0x00000036bb000000,0x00000036bb100000)]
  0x0000018a75fe7000 JavaThread "jar transforms Thread 60" [_thread_blocked, id=1256, stack(0x00000036bb100000,0x00000036bb200000)]
  0x0000018a75feb000 JavaThread "jar transforms Thread 61" [_thread_blocked, id=8384, stack(0x00000036bb200000,0x00000036bb300000)]
  0x0000018a75fec800 JavaThread "jar transforms Thread 62" [_thread_blocked, id=9780, stack(0x00000036bb300000,0x00000036bb400000)]
  0x0000018a75fed800 JavaThread "jar transforms Thread 63" [_thread_blocked, id=3752, stack(0x00000036bb400000,0x00000036bb500000)]
  0x0000018a75fe8000 JavaThread "jar transforms Thread 64" [_thread_blocked, id=1180, stack(0x00000036bb500000,0x00000036bb600000)]
  0x0000018a75ff0000 JavaThread "jar transforms Thread 65" [_thread_blocked, id=6152, stack(0x00000036bb600000,0x00000036bb700000)]
  0x0000018a75ff1000 JavaThread "jar transforms Thread 66" [_thread_blocked, id=7784, stack(0x00000036bb700000,0x00000036bb800000)]
  0x0000018a75fee800 JavaThread "jar transforms Thread 67" [_thread_blocked, id=2236, stack(0x00000036bb800000,0x00000036bb900000)]
  0x0000018a75fef000 JavaThread "jar transforms Thread 68" [_thread_blocked, id=11044, stack(0x00000036bb900000,0x00000036bba00000)]
  0x0000018a75ff1800 JavaThread "jar transforms Thread 69" [_thread_blocked, id=10576, stack(0x00000036bba00000,0x00000036bbb00000)]
  0x0000018a75fff000 JavaThread "jar transforms Thread 70" [_thread_blocked, id=7532, stack(0x00000036bbb00000,0x00000036bbc00000)]
  0x0000018a75ffd000 JavaThread "jar transforms Thread 71" [_thread_blocked, id=6380, stack(0x00000036bbc00000,0x00000036bbd00000)]
  0x0000018a75ffc800 JavaThread "jar transforms Thread 72" [_thread_blocked, id=9696, stack(0x00000036bbd00000,0x00000036bbe00000)]
  0x0000018a75ffb800 JavaThread "jar transforms Thread 73" [_thread_blocked, id=8132, stack(0x00000036bbe00000,0x00000036bbf00000)]
  0x0000018a76003800 JavaThread "jar transforms Thread 74" [_thread_blocked, id=8632, stack(0x00000036bbf00000,0x00000036bc000000)]
  0x0000018a75ffe000 JavaThread "jar transforms Thread 75" [_thread_blocked, id=9016, stack(0x00000036bc000000,0x00000036bc100000)]
  0x0000018a76000800 JavaThread "jar transforms Thread 76" [_thread_blocked, id=1728, stack(0x00000036bc100000,0x00000036bc200000)]
  0x0000018a76005800 JavaThread "jar transforms Thread 77" [_thread_blocked, id=8812, stack(0x00000036bc200000,0x00000036bc300000)]
  0x0000018a75fff800 JavaThread "jar transforms Thread 78" [_thread_blocked, id=8768, stack(0x00000036bc300000,0x00000036bc400000)]
  0x0000018a76007000 JavaThread "jar transforms Thread 79" [_thread_blocked, id=4544, stack(0x00000036bc400000,0x00000036bc500000)]
  0x0000018a76001800 JavaThread "jar transforms Thread 80" [_thread_blocked, id=6740, stack(0x00000036bc500000,0x00000036bc600000)]
  0x0000018a76003000 JavaThread "jar transforms Thread 81" [_thread_blocked, id=9064, stack(0x00000036bc600000,0x00000036bc700000)]
  0x0000018a76004800 JavaThread "jar transforms Thread 82" [_thread_blocked, id=8816, stack(0x00000036bc700000,0x00000036bc800000)]
  0x0000018a76006000 JavaThread "jar transforms Thread 83" [_thread_blocked, id=5968, stack(0x00000036bc800000,0x00000036bc900000)]
  0x0000018a76008000 JavaThread "jar transforms Thread 84" [_thread_blocked, id=6516, stack(0x00000036bc900000,0x00000036bca00000)]
  0x0000018a76002000 JavaThread "jar transforms Thread 85" [_thread_blocked, id=8940, stack(0x00000036bca00000,0x00000036bcb00000)]
  0x0000018a76009800 JavaThread "jar transforms Thread 86" [_thread_blocked, id=3616, stack(0x00000036bcb00000,0x00000036bcc00000)]
  0x0000018a7600a800 JavaThread "jar transforms Thread 87" [_thread_blocked, id=10716, stack(0x00000036bcc00000,0x00000036bcd00000)]
  0x0000018a76008800 JavaThread "jar transforms Thread 88" [_thread_blocked, id=7932, stack(0x00000036bcd00000,0x00000036bce00000)]
  0x0000018a76268000 JavaThread "jar transforms Thread 89" [_thread_blocked, id=7596, stack(0x00000036bce00000,0x00000036bcf00000)]
  0x0000018a7626a800 JavaThread "jar transforms Thread 90" [_thread_blocked, id=9668, stack(0x00000036bcf00000,0x00000036bd000000)]
  0x0000018a76269800 JavaThread "jar transforms Thread 91" [_thread_blocked, id=11868, stack(0x00000036bd000000,0x00000036bd100000)]
  0x0000018a76266800 JavaThread "jar transforms Thread 92" [_thread_blocked, id=5348, stack(0x00000036bd100000,0x00000036bd200000)]
  0x0000018a7626b800 JavaThread "jar transforms Thread 93" [_thread_blocked, id=8348, stack(0x00000036bd200000,0x00000036bd300000)]
  0x0000018a76265800 JavaThread "jar transforms Thread 94" [_thread_blocked, id=2796, stack(0x00000036bd300000,0x00000036bd400000)]
  0x0000018a76267000 JavaThread "jar transforms Thread 95" [_thread_blocked, id=2144, stack(0x00000036bd400000,0x00000036bd500000)]
  0x0000018a7626c000 JavaThread "jar transforms Thread 96" [_thread_blocked, id=9044, stack(0x00000036bd500000,0x00000036bd600000)]
  0x0000018a7626d000 JavaThread "jar transforms Thread 97" [_thread_blocked, id=10764, stack(0x00000036bd600000,0x00000036bd700000)]
  0x0000018a7626e000 JavaThread "Memory manager" [_thread_blocked, id=7756, stack(0x00000036bd700000,0x00000036bd800000)]
  0x0000018a76269000 JavaThread "build event listener" [_thread_blocked, id=3004, stack(0x00000036b4a00000,0x00000036b4b00000)]
  0x0000018a76271000 JavaThread "build event listener" [_thread_blocked, id=11828, stack(0x00000036b4b00000,0x00000036b4c00000)]
  0x0000018a76270000 JavaThread "Execution worker for ':'" [_thread_blocked, id=11856, stack(0x00000036b6800000,0x00000036b6900000)]
  0x0000018a76274800 JavaThread "Cache worker for execution history cache (C:\Users\MISHECK\AndroidStudioProjects\ChildSafetyApp\.gradle\6.7.1\executionHistory)" [_thread_blocked, id=11824, stack(0x00000036bd800000,0x00000036bd900000)]

Other Threads:
=>0x0000018a732ef000 VMThread "VM Thread" [stack: 0x00000036b5300000,0x00000036b5400000] [id=4916]
  0x0000018a73de7000 WatcherThread [stack: 0x00000036b5d00000,0x00000036b5e00000] [id=10324]
  0x0000018a59df4800 GCTaskThread "GC Thread#0" [stack: 0x00000036b4e00000,0x00000036b4f00000] [id=10184]
  0x0000018a73ea7000 GCTaskThread "GC Thread#1" [stack: 0x00000036b5e00000,0x00000036b5f00000] [id=10676]
  0x0000018a59e24000 ConcurrentGCThread "G1 Main Marker" [stack: 0x00000036b4f00000,0x00000036b5000000] [id=7172]
  0x0000018a59e26800 ConcurrentGCThread "G1 Conc#0" [stack: 0x00000036b5000000,0x00000036b5100000] [id=1520]
  0x0000018a59e7d800 ConcurrentGCThread "G1 Refine#0" [stack: 0x00000036b5100000,0x00000036b5200000] [id=1640]
  0x0000018a59e7e800 ConcurrentGCThread "G1 Young RemSet Sampling" [stack: 0x00000036b5200000,0x00000036b5300000] [id=524]

Threads with active compile tasks:
C2 CompilerThread0  96715 8751       4       javax.management.ObjectName::construct (1135 bytes)

VM state:at safepoint (normal execution)

VM Mutex/Monitor currently owned by a thread:  ([mutex/lock_event])
[0x0000018a57c7ae00] Threads_lock - owner thread: 0x0000018a732ef000
[0x0000018a57c7b310] Heap_lock - owner thread: 0x0000018a75276800

Heap address: 0x0000000080000000, size: 2048 MB, Compressed Oops mode: 32-bit
Narrow klass base: 0x0000000000000000, Narrow klass shift: 3
Compressed class space size: 1073741824 Address: 0x0000000100000000

Heap:
 garbage-first heap   total 202752K, used 100676K [0x0000000080000000, 0x0000000100000000)
  region size 1024K, 1 young (1024K), 1 survivors (1024K)
 Metaspace       used 77168K, capacity 79047K, committed 79396K, reserved 1118208K
  class space    used 9979K, capacity 10633K, committed 10752K, reserved 1048576K
Heap Regions: E=young(eden), S=young(survivor), O=old, HS=humongous(starts), HC=humongous(continues), CS=collection set, F=free, A=archive, TAMS=top-at-mark-start (previous, next)
|   0|0x0000000080000000, 0x0000000080100000, 0x0000000080100000|100%| O|  |TAMS 0x0000000080100000, 0x0000000080100000| Untracked 
|   1|0x0000000080100000, 0x0000000080200000, 0x0000000080200000|100%| O|  |TAMS 0x0000000080200000, 0x0000000080200000| Untracked 
|   2|0x0000000080200000, 0x0000000080300000, 0x0000000080300000|100%| O|  |TAMS 0x0000000080300000, 0x0000000080300000| Untracked 
|   3|0x0000000080300000, 0x0000000080400000, 0x0000000080400000|100%| O|  |TAMS 0x0000000080400000, 0x0000000080400000| Untracked 
|   4|0x0000000080400000, 0x0000000080500000, 0x0000000080500000|100%|HS|  |TAMS 0x0000000080500000, 0x0000000080500000| Complete 
|   5|0x0000000080500000, 0x0000000080600000, 0x0000000080600000|100%|HC|  |TAMS 0x0000000080600000, 0x0000000080600000| Complete 
|   6|0x0000000080600000, 0x0000000080700000, 0x0000000080700000|100%|HC|  |TAMS 0x0000000080700000, 0x0000000080700000| Complete 
|   7|0x0000000080700000, 0x0000000080800000, 0x0000000080800000|100%| O|  |TAMS 0x0000000080800000, 0x0000000080800000| Untracked 
|   8|0x0000000080800000, 0x0000000080900000, 0x0000000080900000|100%| O|  |TAMS 0x0000000080900000, 0x0000000080900000| Untracked 
|   9|0x0000000080900000, 0x0000000080a00000, 0x0000000080a00000|100%| O|  |TAMS 0x0000000080a00000, 0x0000000080a00000| Untracked 
|  10|0x0000000080a00000, 0x0000000080b00000, 0x0000000080b00000|100%| O|  |TAMS 0x0000000080b00000, 0x0000000080b00000| Untracked 
|  11|0x0000000080b00000, 0x0000000080c00000, 0x0000000080c00000|100%| O|  |TAMS 0x0000000080c00000, 0x0000000080c00000| Untracked 
|  12|0x0000000080c00000, 0x0000000080d00000, 0x0000000080d00000|100%| O|  |TAMS 0x0000000080d00000, 0x0000000080d00000| Untracked 
|  13|0x0000000080d00000, 0x0000000080e00000, 0x0000000080e00000|100%| O|  |TAMS 0x0000000080e00000, 0x0000000080e00000| Untracked 
|  14|0x0000000080e00000, 0x0000000080f00000, 0x0000000080f00000|100%| O|  |TAMS 0x0000000080f00000, 0x0000000080f00000| Untracked 
|  15|0x0000000080f00000, 0x0000000081000000, 0x0000000081000000|100%| O|  |TAMS 0x0000000081000000, 0x0000000081000000| Untracked 
|  16|0x0000000081000000, 0x0000000081100000, 0x0000000081100000|100%| O|  |TAMS 0x0000000081100000, 0x0000000081100000| Untracked 
|  17|0x0000000081100000, 0x0000000081200000, 0x0000000081200000|100%| O|  |TAMS 0x0000000081200000, 0x0000000081200000| Untracked 
|  18|0x0000000081200000, 0x0000000081300000, 0x0000000081300000|100%| O|  |TAMS 0x0000000081300000, 0x0000000081300000| Untracked 
|  19|0x0000000081300000, 0x0000000081400000, 0x0000000081400000|100%| O|  |TAMS 0x0000000081400000, 0x0000000081400000| Untracked 
|  20|0x0000000081400000, 0x0000000081500000, 0x0000000081500000|100%| O|  |TAMS 0x0000000081500000, 0x0000000081500000| Untracked 
|  21|0x0000000081500000, 0x0000000081600000, 0x0000000081600000|100%| O|  |TAMS 0x0000000081600000, 0x0000000081600000| Untracked 
|  22|0x0000000081600000, 0x0000000081700000, 0x0000000081700000|100%|HS|  |TAMS 0x0000000081700000, 0x0000000081700000| Complete 
|  23|0x0000000081700000, 0x0000000081800000, 0x0000000081800000|100%| O|  |TAMS 0x0000000081800000, 0x0000000081800000| Untracked 
|  24|0x0000000081800000, 0x0000000081900000, 0x0000000081900000|100%| O|  |TAMS 0x0000000081900000, 0x0000000081900000| Untracked 
|  25|0x0000000081900000, 0x0000000081a00000, 0x0000000081a00000|100%|HS|  |TAMS 0x0000000081a00000, 0x0000000081a00000| Complete 
|  26|0x0000000081a00000, 0x0000000081b00000, 0x0000000081b00000|100%|HC|  |TAMS 0x0000000081b00000, 0x0000000081b00000| Complete 
|  27|0x0000000081b00000, 0x0000000081c00000, 0x0000000081c00000|100%| O|  |TAMS 0x0000000081c00000, 0x0000000081c00000| Untracked 
|  28|0x0000000081c00000, 0x0000000081d00000, 0x0000000081d00000|100%| O|  |TAMS 0x0000000081d00000, 0x0000000081d00000| Untracked 
|  29|0x0000000081d00000, 0x0000000081e00000, 0x0000000081e00000|100%| O|  |TAMS 0x0000000081e00000, 0x0000000081e00000| Untracked 
|  30|0x0000000081e00000, 0x0000000081f00000, 0x0000000081f00000|100%| O|  |TAMS 0x0000000081f00000, 0x0000000081f00000| Untracked 
|  31|0x0000000081f00000, 0x0000000082000000, 0x0000000082000000|100%| O|  |TAMS 0x0000000082000000, 0x0000000082000000| Untracked 
|  32|0x0000000082000000, 0x0000000082100000, 0x0000000082100000|100%| O|  |TAMS 0x0000000082100000, 0x0000000082100000| Untracked 
|  33|0x0000000082100000, 0x0000000082200000, 0x0000000082200000|100%| O|  |TAMS 0x0000000082200000, 0x0000000082200000| Untracked 
|  34|0x0000000082200000, 0x0000000082300000, 0x0000000082300000|100%| O|  |TAMS 0x0000000082300000, 0x0000000082300000| Untracked 
|  35|0x0000000082300000, 0x0000000082400000, 0x0000000082400000|100%| O|  |TAMS 0x0000000082400000, 0x0000000082400000| Untracked 
|  36|0x0000000082400000, 0x0000000082500000, 0x0000000082500000|100%| O|  |TAMS 0x0000000082500000, 0x0000000082500000| Untracked 
|  37|0x0000000082500000, 0x0000000082600000, 0x0000000082600000|100%| O|  |TAMS 0x0000000082600000, 0x0000000082600000| Untracked 
|  38|0x0000000082600000, 0x0000000082700000, 0x0000000082700000|100%| O|  |TAMS 0x0000000082700000, 0x0000000082700000| Untracked 
|  39|0x0000000082700000, 0x0000000082800000, 0x0000000082800000|100%| O|  |TAMS 0x0000000082800000, 0x0000000082800000| Untracked 
|  40|0x0000000082800000, 0x0000000082900000, 0x0000000082900000|100%| O|  |TAMS 0x0000000082900000, 0x0000000082900000| Untracked 
|  41|0x0000000082900000, 0x0000000082a00000, 0x0000000082a00000|100%| O|  |TAMS 0x0000000082a00000, 0x0000000082a00000| Untracked 
|  42|0x0000000082a00000, 0x0000000082b00000, 0x0000000082b00000|100%| O|  |TAMS 0x0000000082b00000, 0x0000000082b00000| Untracked 
|  43|0x0000000082b00000, 0x0000000082c00000, 0x0000000082c00000|100%| O|  |TAMS 0x0000000082c00000, 0x0000000082c00000| Untracked 
|  44|0x0000000082c00000, 0x0000000082d00000, 0x0000000082d00000|100%| O|  |TAMS 0x0000000082d00000, 0x0000000082d00000| Untracked 
|  45|0x0000000082d00000, 0x0000000082e00000, 0x0000000082e00000|100%| O|  |TAMS 0x0000000082e00000, 0x0000000082e00000| Untracked 
|  46|0x0000000082e00000, 0x0000000082f00000, 0x0000000082f00000|100%| O|  |TAMS 0x0000000082f00000, 0x0000000082f00000| Untracked 
|  47|0x0000000082f00000, 0x0000000083000000, 0x0000000083000000|100%| O|  |TAMS 0x0000000083000000, 0x0000000083000000| Untracked 
|  48|0x0000000083000000, 0x0000000083100000, 0x0000000083100000|100%| O|  |TAMS 0x0000000083100000, 0x0000000083100000| Untracked 
|  49|0x0000000083100000, 0x0000000083200000, 0x0000000083200000|100%| O|  |TAMS 0x0000000083200000, 0x0000000083200000| Untracked 
|  50|0x0000000083200000, 0x0000000083300000, 0x0000000083300000|100%| O|  |TAMS 0x0000000083300000, 0x0000000083300000| Untracked 
|  51|0x0000000083300000, 0x0000000083400000, 0x0000000083400000|100%| O|  |TAMS 0x0000000083400000, 0x0000000083400000| Untracked 
|  52|0x0000000083400000, 0x0000000083500000, 0x0000000083500000|100%| O|  |TAMS 0x0000000083500000, 0x0000000083500000| Untracked 
|  53|0x0000000083500000, 0x0000000083600000, 0x0000000083600000|100%| O|  |TAMS 0x0000000083600000, 0x0000000083600000| Untracked 
|  54|0x0000000083600000, 0x0000000083700000, 0x0000000083700000|100%| O|  |TAMS 0x0000000083700000, 0x0000000083700000| Untracked 
|  55|0x0000000083700000, 0x0000000083800000, 0x0000000083800000|100%| O|  |TAMS 0x0000000083800000, 0x0000000083800000| Untracked 
|  56|0x0000000083800000, 0x0000000083900000, 0x0000000083900000|100%| O|  |TAMS 0x0000000083900000, 0x0000000083900000| Untracked 
|  57|0x0000000083900000, 0x0000000083a00000, 0x0000000083a00000|100%| O|  |TAMS 0x0000000083a00000, 0x0000000083a00000| Untracked 
|  58|0x0000000083a00000, 0x0000000083b00000, 0x0000000083b00000|100%| O|  |TAMS 0x0000000083b00000, 0x0000000083b00000| Untracked 
|  59|0x0000000083b00000, 0x0000000083c00000, 0x0000000083c00000|100%| O|  |TAMS 0x0000000083c00000, 0x0000000083c00000| Untracked 
|  60|0x0000000083c00000, 0x0000000083d00000, 0x0000000083d00000|100%| O|  |TAMS 0x0000000083d00000, 0x0000000083d00000| Untracked 
|  61|0x0000000083d00000, 0x0000000083e00000, 0x0000000083e00000|100%| O|  |TAMS 0x0000000083e00000, 0x0000000083e00000| Untracked 
|  62|0x0000000083e00000, 0x0000000083f00000, 0x0000000083f00000|100%| O|  |TAMS 0x0000000083f00000, 0x0000000083f00000| Untracked 
|  63|0x0000000083f00000, 0x0000000084000000, 0x0000000084000000|100%| O|  |TAMS 0x0000000084000000, 0x0000000084000000| Untracked 
|  64|0x0000000084000000, 0x0000000084100000, 0x0000000084100000|100%| O|  |TAMS 0x0000000084100000, 0x0000000084100000| Untracked 
|  65|0x0000000084100000, 0x0000000084200000, 0x0000000084200000|100%| O|  |TAMS 0x0000000084200000, 0x0000000084200000| Untracked 
|  66|0x0000000084200000, 0x0000000084300000, 0x0000000084300000|100%| O|  |TAMS 0x0000000084300000, 0x0000000084300000| Untracked 
|  67|0x0000000084300000, 0x0000000084400000, 0x0000000084400000|100%| O|  |TAMS 0x0000000084400000, 0x0000000084400000| Untracked 
|  68|0x0000000084400000, 0x0000000084500000, 0x0000000084500000|100%| O|  |TAMS 0x0000000084500000, 0x0000000084500000| Untracked 
|  69|0x0000000084500000, 0x0000000084600000, 0x0000000084600000|100%| O|  |TAMS 0x0000000084600000, 0x0000000084600000| Untracked 
|  70|0x0000000084600000, 0x0000000084700000, 0x0000000084700000|100%| O|  |TAMS 0x0000000084700000, 0x0000000084700000| Untracked 
|  71|0x0000000084700000, 0x0000000084800000, 0x0000000084800000|100%| O|  |TAMS 0x0000000084800000, 0x0000000084800000| Untracked 
|  72|0x0000000084800000, 0x0000000084900000, 0x0000000084900000|100%| O|  |TAMS 0x0000000084900000, 0x0000000084900000| Untracked 
|  73|0x0000000084900000, 0x0000000084a00000, 0x0000000084a00000|100%| O|  |TAMS 0x0000000084a00000, 0x0000000084a00000| Untracked 
|  74|0x0000000084a00000, 0x0000000084b00000, 0x0000000084b00000|100%| O|  |TAMS 0x0000000084b00000, 0x0000000084b00000| Untracked 
|  75|0x0000000084b00000, 0x0000000084c00000, 0x0000000084c00000|100%| O|  |TAMS 0x0000000084c00000, 0x0000000084c00000| Untracked 
|  76|0x0000000084c00000, 0x0000000084d00000, 0x0000000084d00000|100%| O|  |TAMS 0x0000000084d00000, 0x0000000084d00000| Untracked 
|  77|0x0000000084d00000, 0x0000000084e00000, 0x0000000084e00000|100%| O|  |TAMS 0x0000000084e00000, 0x0000000084e00000| Untracked 
|  78|0x0000000084e00000, 0x0000000084f00000, 0x0000000084f00000|100%| O|  |TAMS 0x0000000084f00000, 0x0000000084f00000| Untracked 
|  79|0x0000000084f00000, 0x0000000085000000, 0x0000000085000000|100%| O|  |TAMS 0x0000000085000000, 0x0000000085000000| Untracked 
|  80|0x0000000085000000, 0x0000000085100000, 0x0000000085100000|100%| O|  |TAMS 0x0000000085100000, 0x0000000085100000| Untracked 
|  81|0x0000000085100000, 0x0000000085100000, 0x0000000085200000|  0%| F|  |TAMS 0x0000000085100000, 0x0000000085100000| Untracked 
|  82|0x0000000085200000, 0x0000000085300000, 0x0000000085300000|100%| O|  |TAMS 0x0000000085300000, 0x0000000085300000| Untracked 
|  83|0x0000000085300000, 0x0000000085400000, 0x0000000085400000|100%| O|  |TAMS 0x0000000085400000, 0x0000000085400000| Untracked 
|  84|0x0000000085400000, 0x0000000085500000, 0x0000000085500000|100%| O|  |TAMS 0x0000000085500000, 0x0000000085500000| Untracked 
|  85|0x0000000085500000, 0x0000000085600000, 0x0000000085600000|100%| O|  |TAMS 0x0000000085600000, 0x0000000085600000| Untracked 
|  86|0x0000000085600000, 0x0000000085700000, 0x0000000085700000|100%| O|  |TAMS 0x0000000085700000, 0x0000000085700000| Untracked 
|  87|0x0000000085700000, 0x0000000085800000, 0x0000000085800000|100%| O|  |TAMS 0x0000000085800000, 0x0000000085800000| Untracked 
|  88|0x0000000085800000, 0x0000000085900000, 0x0000000085900000|100%| O|  |TAMS 0x0000000085900000, 0x0000000085900000| Untracked 
|  89|0x0000000085900000, 0x0000000085a00000, 0x0000000085a00000|100%| O|  |TAMS 0x0000000085a00000, 0x0000000085a00000| Untracked 
|  90|0x0000000085a00000, 0x0000000085a4ce00, 0x0000000085b00000| 30%| O|  |TAMS 0x0000000085a4ce00, 0x0000000085a4ce00| Untracked 
|  91|0x0000000085b00000, 0x0000000085b00000, 0x0000000085c00000|  0%| F|  |TAMS 0x0000000085b00000, 0x0000000085b00000| Untracked 
|  92|0x0000000085c00000, 0x0000000085c00000, 0x0000000085d00000|  0%| F|  |TAMS 0x0000000085c00000, 0x0000000085c00000| Untracked 
|  93|0x0000000085d00000, 0x0000000085e00000, 0x0000000085e00000|100%| O|  |TAMS 0x0000000085e00000, 0x0000000085e00000| Untracked 
|  94|0x0000000085e00000, 0x0000000085f00000, 0x0000000085f00000|100%|HS|  |TAMS 0x0000000085f00000, 0x0000000085f00000| Complete 
|  95|0x0000000085f00000, 0x0000000086000000, 0x0000000086000000|100%|HC|  |TAMS 0x0000000086000000, 0x0000000086000000| Complete 
|  96|0x0000000086000000, 0x0000000086100000, 0x0000000086100000|100%|HC|  |TAMS 0x0000000086100000, 0x0000000086100000| Complete 
|  97|0x0000000086100000, 0x0000000086200000, 0x0000000086200000|100%|HC|  |TAMS 0x0000000086200000, 0x0000000086200000| Complete 
|  98|0x0000000086200000, 0x0000000086300000, 0x0000000086300000|100%|HS|  |TAMS 0x0000000086200000, 0x0000000086300000| Complete 
|  99|0x0000000086300000, 0x0000000086400000, 0x0000000086400000|100%|HC|  |TAMS 0x0000000086300000, 0x0000000086400000| Complete 
| 100|0x0000000086400000, 0x0000000086500000, 0x0000000086500000|100%|HC|  |TAMS 0x0000000086400000, 0x0000000086500000| Complete 
| 101|0x0000000086500000, 0x0000000086600000, 0x0000000086600000|100%|HC|  |TAMS 0x0000000086500000, 0x0000000086600000| Complete 
| 102|0x0000000086600000, 0x0000000086600000, 0x0000000086700000|  0%| F|  |TAMS 0x0000000086600000, 0x0000000086600000| Untracked 
| 103|0x0000000086700000, 0x0000000086700000, 0x0000000086800000|  0%| F|  |TAMS 0x0000000086700000, 0x0000000086700000| Untracked 
| 104|0x0000000086800000, 0x0000000086800000, 0x0000000086900000|  0%| F|  |TAMS 0x0000000086800000, 0x0000000086800000| Untracked 
| 105|0x0000000086900000, 0x0000000086900000, 0x0000000086a00000|  0%| F|  |TAMS 0x0000000086900000, 0x0000000086900000| Untracked 
| 106|0x0000000086a00000, 0x0000000086a00000, 0x0000000086b00000|  0%| F|  |TAMS 0x0000000086a00000, 0x0000000086a00000| Untracked 
| 107|0x0000000086b00000, 0x0000000086b00000, 0x0000000086c00000|  0%| F|  |TAMS 0x0000000086b00000, 0x0000000086b00000| Untracked 
| 108|0x0000000086c00000, 0x0000000086c00000, 0x0000000086d00000|  0%| F|  |TAMS 0x0000000086c00000, 0x0000000086c00000| Untracked 
| 109|0x0000000086d00000, 0x0000000086d00000, 0x0000000086e00000|  0%| F|  |TAMS 0x0000000086d00000, 0x0000000086d00000| Untracked 
| 110|0x0000000086e00000, 0x0000000086e00000, 0x0000000086f00000|  0%| F|  |TAMS 0x0000000086e00000, 0x0000000086e00000| Untracked 
| 111|0x0000000086f00000, 0x0000000086f00000, 0x0000000087000000|  0%| F|  |TAMS 0x0000000086f00000, 0x0000000086f00000| Untracked 
| 112|0x0000000087000000, 0x0000000087000000, 0x0000000087100000|  0%| F|  |TAMS 0x0000000087000000, 0x0000000087000000| Untracked 
| 113|0x0000000087100000, 0x0000000087100000, 0x0000000087200000|  0%| F|  |TAMS 0x0000000087100000, 0x0000000087100000| Untracked 
| 114|0x0000000087200000, 0x0000000087200000, 0x0000000087300000|  0%| F|  |TAMS 0x0000000087200000, 0x0000000087200000| Untracked 
| 115|0x0000000087300000, 0x0000000087300000, 0x0000000087400000|  0%| F|  |TAMS 0x0000000087300000, 0x0000000087300000| Untracked 
| 116|0x0000000087400000, 0x0000000087400000, 0x0000000087500000|  0%| F|  |TAMS 0x0000000087400000, 0x0000000087400000| Untracked 
| 117|0x0000000087500000, 0x0000000087500000, 0x0000000087600000|  0%| F|  |TAMS 0x0000000087500000, 0x0000000087500000| Untracked 
| 118|0x0000000087600000, 0x0000000087600000, 0x0000000087700000|  0%| F|  |TAMS 0x0000000087600000, 0x0000000087600000| Untracked 
| 119|0x0000000087700000, 0x0000000087700000, 0x0000000087800000|  0%| F|  |TAMS 0x0000000087700000, 0x0000000087700000| Untracked 
| 120|0x0000000087800000, 0x0000000087800000, 0x0000000087900000|  0%| F|  |TAMS 0x0000000087800000, 0x0000000087800000| Untracked 
| 121|0x0000000087900000, 0x0000000087900000, 0x0000000087a00000|  0%| F|  |TAMS 0x0000000087900000, 0x0000000087900000| Untracked 
| 122|0x0000000087a00000, 0x0000000087a00000, 0x0000000087b00000|  0%| F|  |TAMS 0x0000000087a00000, 0x0000000087a00000| Untracked 
| 123|0x0000000087b00000, 0x0000000087b00000, 0x0000000087c00000|  0%| F|  |TAMS 0x0000000087b00000, 0x0000000087b00000| Untracked 
| 124|0x0000000087c00000, 0x0000000087c00000, 0x0000000087d00000|  0%| F|  |TAMS 0x0000000087c00000, 0x0000000087c00000| Untracked 
| 125|0x0000000087d00000, 0x0000000087d00000, 0x0000000087e00000|  0%| F|  |TAMS 0x0000000087d00000, 0x0000000087d00000| Untracked 
| 126|0x0000000087e00000, 0x0000000087e00000, 0x0000000087f00000|  0%| F|  |TAMS 0x0000000087e00000, 0x0000000087e00000| Untracked 
| 127|0x0000000087f00000, 0x0000000087f00000, 0x0000000088000000|  0%| F|  |TAMS 0x0000000087f00000, 0x0000000087f00000| Untracked 
| 128|0x0000000088000000, 0x0000000088000000, 0x0000000088100000|  0%| F|  |TAMS 0x0000000088000000, 0x0000000088000000| Untracked 
| 129|0x0000000088100000, 0x0000000088100000, 0x0000000088200000|  0%| F|  |TAMS 0x0000000088100000, 0x0000000088100000| Untracked 
| 130|0x0000000088200000, 0x0000000088200000, 0x0000000088300000|  0%| F|  |TAMS 0x0000000088200000, 0x0000000088200000| Untracked 
| 131|0x0000000088300000, 0x0000000088300000, 0x0000000088400000|  0%| F|  |TAMS 0x0000000088300000, 0x0000000088300000| Untracked 
| 132|0x0000000088400000, 0x0000000088400000, 0x0000000088500000|  0%| F|  |TAMS 0x0000000088400000, 0x0000000088400000| Untracked 
| 133|0x0000000088500000, 0x00000000885045b0, 0x0000000088600000|  1%| S|CS|TAMS 0x0000000088500000, 0x0000000088500000| Complete 
| 134|0x0000000088600000, 0x0000000088600000, 0x0000000088700000|  0%| F|  |TAMS 0x0000000088600000, 0x0000000088600000| Untracked 
| 135|0x0000000088700000, 0x0000000088700000, 0x0000000088800000|  0%| F|  |TAMS 0x0000000088700000, 0x0000000088700000| Untracked 

Card table byte_map: [0x0000018a6c750000,0x0000018a6cb50000] _byte_map_base: 0x0000018a6c350000

Marking Bits (Prev, Next): (CMBitMap*) 0x0000018a59e1b3e8, (CMBitMap*) 0x0000018a59e1b420
 Prev Bits: [0x0000018a6cf50000, 0x0000018a6ef50000)
 Next Bits: [0x0000018a6ef50000, 0x0000018a70f50000)

Polling page: 0x0000018a57b50000

Metaspace:

Usage:
  Non-class:     66.81 MB capacity,    65.61 MB ( 98%) used,     1.01 MB (  2%) free+waste,   187.63 KB ( <1%) overhead. 
      Class:     10.38 MB capacity,     9.75 MB ( 94%) used,   568.05 KB (  5%) free+waste,    85.56 KB ( <1%) overhead. 
       Both:     77.19 MB capacity,    75.36 MB ( 98%) used,     1.57 MB (  2%) free+waste,   273.19 KB ( <1%) overhead. 

Virtual space:
  Non-class space:       68.00 MB reserved,      67.04 MB ( 99%) committed 
      Class space:        1.00 GB reserved,      10.50 MB (  1%) committed 
             Both:        1.07 GB reserved,      77.54 MB (  7%) committed 

Chunk freelists:
   Non-Class:  38.00 KB
       Class:  23.00 KB
        Both:  61.00 KB

MaxMetaspaceSize: 17179869184.00 GB
CompressedClassSpaceSize: 1.00 GB

CodeHeap 'non-profiled nmethods': size=120064Kb used=5001Kb max_used=5001Kb free=115062Kb
 bounds [0x0000018a65210000, 0x0000018a65700000, 0x0000018a6c750000]
CodeHeap 'profiled nmethods': size=120000Kb used=18323Kb max_used=18323Kb free=101676Kb
 bounds [0x0000018a5dce0000, 0x0000018a5eed0000, 0x0000018a65210000]
CodeHeap 'non-nmethods': size=5696Kb used=2241Kb max_used=2285Kb free=3454Kb
 bounds [0x0000018a5d750000, 0x0000018a5d9c0000, 0x0000018a5dce0000]
 total_blobs=9270 nmethods=8430 adapters=750
 compilation: enabled
              stopped_count=0, restarted_count=0
 full_count=0

Compilation events (20 events):
Event: 94.950 Thread 0x0000018a7334f800 nmethod 8741 0x0000018a656e4190 code [0x0000018a656e4320, 0x0000018a656e4398]
Event: 94.950 Thread 0x0000018a7334f800 8742       4       com.android.utils.XmlUtils::append (647 bytes)
Event: 95.269 Thread 0x0000018a73354000 8745       3       org.apache.xerces.dom.AttrImpl::getValue (176 bytes)
Event: 95.271 Thread 0x0000018a73354000 nmethod 8745 0x0000018a5eec3b90 code [0x0000018a5eec3ee0, 0x0000018a5eec5928]
Event: 95.280 Thread 0x0000018a73354000 8748       3       com.android.utils.XmlUtils::toXmlAttributeValue (89 bytes)
Event: 95.283 Thread 0x0000018a73354000 nmethod 8748 0x0000018a5eec5f10 code [0x0000018a5eec6200, 0x0000018a5eec72b8]
Event: 96.046 Thread 0x0000018a7334f800 nmethod 8742 0x0000018a656e4410 code [0x0000018a656e4a20, 0x0000018a656ec8e8]
Event: 96.046 Thread 0x0000018a7334f800 8749       4       com.android.utils.XmlUtils::toXmlAttributeValue (89 bytes)
Event: 96.069 Thread 0x0000018a7334f800 nmethod 8749 0x0000018a656f0090 code [0x0000018a656f02a0, 0x0000018a656f09c8]
Event: 96.069 Thread 0x0000018a7334f800 8743       4       org.apache.xerces.dom.NamedNodeMapImpl::item (38 bytes)
Event: 96.073 Thread 0x0000018a7334f800 nmethod 8743 0x0000018a656f0e90 code [0x0000018a656f1040, 0x0000018a656f11d8]
Event: 96.073 Thread 0x0000018a7334f800 8744       4       java.util.HashSet::remove (20 bytes)
Event: 96.078 Thread 0x0000018a7334f800 nmethod 8744 0x0000018a656f1390 code [0x0000018a656f1540, 0x0000018a656f16a8]
Event: 96.078 Thread 0x0000018a7334f800 8746       4       org.apache.xerces.dom.NamedNodeMapImpl::getLength (21 bytes)
Event: 96.079 Thread 0x0000018a7334f800 nmethod 8746 0x0000018a656f1810 code [0x0000018a656f19a0, 0x0000018a656f1a38]
Event: 96.079 Thread 0x0000018a7334f800 8747       4       org.apache.xerces.dom.ElementImpl::getTagName (16 bytes)
Event: 96.081 Thread 0x0000018a7334f800 nmethod 8747 0x0000018a656f1b10 code [0x0000018a656f1ca0, 0x0000018a656f1d38]
Event: 96.083 Thread 0x0000018a7334f800 8750       4       java.lang.StringUTF16::compress (59 bytes)
Event: 96.140 Thread 0x0000018a7334f800 nmethod 8750 0x0000018a656f1e10 code [0x0000018a656f1fc0, 0x0000018a656f2328]
Event: 96.196 Thread 0x0000018a7334f800 8751       4       javax.management.ObjectName::construct (1135 bytes)

GC Heap History (20 events):
Event: 89.822 GC heap after
{Heap after GC invocations=46 (full 0):
 garbage-first heap   total 96256K, used 84523K [0x0000000080000000, 0x0000000100000000)
  region size 1024K, 1 young (1024K), 1 survivors (1024K)
 Metaspace       used 76701K, capacity 78569K, committed 78756K, reserved 1118208K
  class space    used 9941K, capacity 10562K, committed 10624K, reserved 1048576K
}
Event: 90.009 GC heap before
{Heap before GC invocations=46 (full 0):
 garbage-first heap   total 96256K, used 87595K [0x0000000080000000, 0x0000000100000000)
  region size 1024K, 4 young (4096K), 1 survivors (1024K)
 Metaspace       used 76739K, capacity 78584K, committed 78756K, reserved 1118208K
  class space    used 9943K, capacity 10565K, committed 10624K, reserved 1048576K
}
Event: 90.024 GC heap after
{Heap after GC invocations=47 (full 0):
 garbage-first heap   total 115712K, used 85030K [0x0000000080000000, 0x0000000100000000)
  region size 1024K, 1 young (1024K), 1 survivors (1024K)
 Metaspace       used 76739K, capacity 78584K, committed 78756K, reserved 1118208K
  class space    used 9943K, capacity 10565K, committed 10624K, reserved 1048576K
}
Event: 91.009 GC heap before
{Heap before GC invocations=48 (full 0):
 garbage-first heap   total 115712K, used 91174K [0x0000000080000000, 0x0000000100000000)
  region size 1024K, 7 young (7168K), 1 survivors (1024K)
 Metaspace       used 76932K, capacity 78849K, committed 79140K, reserved 1118208K
  class space    used 9962K, capacity 10632K, committed 10752K, reserved 1048576K
}
Event: 91.024 GC heap after
{Heap after GC invocations=49 (full 0):
 garbage-first heap   total 115712K, used 86115K [0x0000000080000000, 0x0000000100000000)
  region size 1024K, 1 young (1024K), 1 survivors (1024K)
 Metaspace       used 76932K, capacity 78849K, committed 79140K, reserved 1118208K
  class space    used 9962K, capacity 10632K, committed 10752K, reserved 1048576K
}
Event: 91.263 GC heap before
{Heap before GC invocations=49 (full 0):
 garbage-first heap   total 115712K, used 91235K [0x0000000080000000, 0x0000000100000000)
  region size 1024K, 7 young (7168K), 1 survivors (1024K)
 Metaspace       used 77022K, capacity 78913K, committed 79140K, reserved 1118208K
  class space    used 9971K, capacity 10632K, committed 10752K, reserved 1048576K
}
Event: 91.270 GC heap after
{Heap after GC invocations=50 (full 0):
 garbage-first heap   total 115712K, used 86326K [0x0000000080000000, 0x0000000100000000)
  region size 1024K, 1 young (1024K), 1 survivors (1024K)
 Metaspace       used 77022K, capacity 78913K, committed 79140K, reserved 1118208K
  class space    used 9971K, capacity 10632K, committed 10752K, reserved 1048576K
}
Event: 92.323 GC heap before
{Heap before GC invocations=51 (full 0):
 garbage-first heap   total 115712K, used 92470K [0x0000000080000000, 0x0000000100000000)
  region size 1024K, 7 young (7168K), 1 survivors (1024K)
 Metaspace       used 77124K, capacity 78977K, committed 79140K, reserved 1118208K
  class space    used 9976K, capacity 10632K, committed 10752K, reserved 1048576K
}
Event: 92.344 GC heap after
{Heap after GC invocations=52 (full 0):
 garbage-first heap   total 115712K, used 87578K [0x0000000080000000, 0x0000000100000000)
  region size 1024K, 1 young (1024K), 1 survivors (1024K)
 Metaspace       used 77124K, capacity 78977K, committed 79140K, reserved 1118208K
  class space    used 9976K, capacity 10632K, committed 10752K, reserved 1048576K
}
Event: 92.648 GC heap before
{Heap before GC invocations=52 (full 0):
 garbage-first heap   total 115712K, used 91674K [0x0000000080000000, 0x0000000100000000)
  region size 1024K, 5 young (5120K), 1 survivors (1024K)
 Metaspace       used 77125K, capacity 78977K, committed 79140K, reserved 1118208K
  class space    used 9976K, capacity 10632K, committed 10752K, reserved 1048576K
}
Event: 92.683 GC heap after
{Heap after GC invocations=53 (full 0):
 garbage-first heap   total 139264K, used 89605K [0x0000000080000000, 0x0000000100000000)
  region size 1024K, 1 young (1024K), 1 survivors (1024K)
 Metaspace       used 77125K, capacity 78977K, committed 79140K, reserved 1118208K
  class space    used 9976K, capacity 10632K, committed 10752K, reserved 1048576K
}
Event: 93.002 GC heap before
{Heap before GC invocations=53 (full 0):
 garbage-first heap   total 139264K, used 92677K [0x0000000080000000, 0x0000000100000000)
  region size 1024K, 6 young (6144K), 1 survivors (1024K)
 Metaspace       used 77147K, capacity 79041K, committed 79396K, reserved 1118208K
  class space    used 9976K, capacity 10632K, committed 10752K, reserved 1048576K
}
Event: 93.033 GC heap after
{Heap after GC invocations=54 (full 0):
 garbage-first heap   total 139264K, used 93805K [0x0000000080000000, 0x0000000100000000)
  region size 1024K, 2 young (2048K), 2 survivors (2048K)
 Metaspace       used 77147K, capacity 79041K, committed 79396K, reserved 1118208K
  class space    used 9976K, capacity 10632K, committed 10752K, reserved 1048576K
}
Event: 93.756 GC heap before
{Heap before GC invocations=55 (full 0):
 garbage-first heap   total 139264K, used 93805K [0x0000000080000000, 0x0000000100000000)
  region size 1024K, 3 young (3072K), 2 survivors (2048K)
 Metaspace       used 77154K, capacity 79047K, committed 79396K, reserved 1118208K
  class space    used 9977K, capacity 10633K, committed 10752K, reserved 1048576K
}
Event: 93.771 GC heap after
{Heap after GC invocations=56 (full 0):
 garbage-first heap   total 139264K, used 93771K [0x0000000080000000, 0x0000000100000000)
  region size 1024K, 1 young (1024K), 1 survivors (1024K)
 Metaspace       used 77154K, capacity 79047K, committed 79396K, reserved 1118208K
  class space    used 9977K, capacity 10633K, committed 10752K, reserved 1048576K
}
Event: 94.566 GC heap before
{Heap before GC invocations=57 (full 0):
 garbage-first heap   total 139264K, used 95819K [0x0000000080000000, 0x0000000100000000)
  region size 1024K, 2 young (2048K), 1 survivors (1024K)
 Metaspace       used 77155K, capacity 79047K, committed 79396K, reserved 1118208K
  class space    used 9977K, capacity 10633K, committed 10752K, reserved 1048576K
}
Event: 94.571 GC heap after
{Heap after GC invocations=58 (full 0):
 garbage-first heap   total 139264K, used 94585K [0x0000000080000000, 0x0000000100000000)
  region size 1024K, 1 young (1024K), 1 survivors (1024K)
 Metaspace       used 77155K, capacity 79047K, committed 79396K, reserved 1118208K
  class space    used 9977K, capacity 10633K, committed 10752K, reserved 1048576K
}
Event: 95.621 GC heap before
{Heap before GC invocations=59 (full 0):
 garbage-first heap   total 139264K, used 98681K [0x0000000080000000, 0x0000000100000000)
  region size 1024K, 2 young (2048K), 1 survivors (1024K)
 Metaspace       used 77155K, capacity 79047K, committed 79396K, reserved 1118208K
  class space    used 9977K, capacity 10633K, committed 10752K, reserved 1048576K
}
Event: 95.630 GC heap after
{Heap after GC invocations=60 (full 0):
 garbage-first heap   total 139264K, used 96581K [0x0000000080000000, 0x0000000100000000)
  region size 1024K, 1 young (1024K), 1 survivors (1024K)
 Metaspace       used 77155K, capacity 79047K, committed 79396K, reserved 1118208K
  class space    used 9977K, capacity 10633K, committed 10752K, reserved 1048576K
}
Event: 96.355 GC heap before
{Heap before GC invocations=61 (full 0):
 garbage-first heap   total 139264K, used 102725K [0x0000000080000000, 0x0000000100000000)
  region size 1024K, 2 young (2048K), 1 survivors (1024K)
 Metaspace       used 77168K, capacity 79047K, committed 79396K, reserved 1118208K
  class space    used 9979K, capacity 10633K, committed 10752K, reserved 1048576K
}

Deoptimization events (20 events):
Event: 94.948 Thread 0x0000018a75276800 Uncommon trap: trap_request=0xffffffde fr.pc=0x0000018a656dd804 relative=0x0000000000004844
Event: 94.948 Thread 0x0000018a75276800 Uncommon trap: reason=class_check action=maybe_recompile pc=0x0000018a656dd804 method=com.android.utils.XmlUtils.append(Lcom/android/utils/XmlUtils$PositionAwareStringBuilder;Lorg/w3c/dom/Node;Ljava/util/Map;Ljava/util/Set;)V @ 317 c2
Event: 94.948 Thread 0x0000018a75276800 DEOPT PACKING pc=0x0000018a656dd804 sp=0x00000036b66f7a10
Event: 94.948 Thread 0x0000018a75276800 DEOPT UNPACKING pc=0x0000018a5d7769aa sp=0x00000036b66f79d8 mode 2
Event: 94.948 Thread 0x0000018a75276800 Uncommon trap: trap_request=0xffffffde fr.pc=0x0000018a656dd804 relative=0x0000000000004844
Event: 94.948 Thread 0x0000018a75276800 Uncommon trap: reason=class_check action=maybe_recompile pc=0x0000018a656dd804 method=com.android.utils.XmlUtils.append(Lcom/android/utils/XmlUtils$PositionAwareStringBuilder;Lorg/w3c/dom/Node;Ljava/util/Map;Ljava/util/Set;)V @ 317 c2
Event: 94.948 Thread 0x0000018a75276800 DEOPT PACKING pc=0x0000018a656dd804 sp=0x00000036b66f7a10
Event: 94.948 Thread 0x0000018a75276800 DEOPT UNPACKING pc=0x0000018a5d7769aa sp=0x00000036b66f79d8 mode 2
Event: 94.948 Thread 0x0000018a75276800 Uncommon trap: trap_request=0xffffffde fr.pc=0x0000018a656dd804 relative=0x0000000000004844
Event: 94.948 Thread 0x0000018a75276800 Uncommon trap: reason=class_check action=maybe_recompile pc=0x0000018a656dd804 method=com.android.utils.XmlUtils.append(Lcom/android/utils/XmlUtils$PositionAwareStringBuilder;Lorg/w3c/dom/Node;Ljava/util/Map;Ljava/util/Set;)V @ 317 c2
Event: 94.948 Thread 0x0000018a75276800 DEOPT PACKING pc=0x0000018a656dd804 sp=0x00000036b66f7a10
Event: 94.948 Thread 0x0000018a75276800 DEOPT UNPACKING pc=0x0000018a5d7769aa sp=0x00000036b66f79d8 mode 2
Event: 95.280 Thread 0x0000018a75276800 Uncommon trap: trap_request=0xffffff4d fr.pc=0x0000018a656d2304 relative=0x0000000000000284
Event: 95.280 Thread 0x0000018a75276800 Uncommon trap: reason=unstable_if action=reinterpret pc=0x0000018a656d2304 method=com.android.utils.XmlUtils.toXmlAttributeValue(Ljava/lang/String;)Ljava/lang/String; @ 27 c2
Event: 95.280 Thread 0x0000018a75276800 DEOPT PACKING pc=0x0000018a656d2304 sp=0x00000036b66f7c50
Event: 95.280 Thread 0x0000018a75276800 DEOPT UNPACKING pc=0x0000018a5d7769aa sp=0x00000036b66f7bf8 mode 2
Event: 95.621 Thread 0x0000018a75276800 Uncommon trap: trap_request=0xffffff4d fr.pc=0x0000018a65272828 relative=0x0000000000000368
Event: 95.621 Thread 0x0000018a75276800 Uncommon trap: reason=unstable_if action=reinterpret pc=0x0000018a65272828 method=java.lang.AbstractStringBuilder.isLatin1()Z @ 10 c2
Event: 95.621 Thread 0x0000018a75276800 DEOPT PACKING pc=0x0000018a65272828 sp=0x00000036b66f80c0
Event: 95.621 Thread 0x0000018a75276800 DEOPT UNPACKING pc=0x0000018a5d7769aa sp=0x00000036b66f8040 mode 2

Classes redefined (0 events):
No events

Internal exceptions (20 events):
Event: 68.268 Thread 0x0000018a75276800 Exception <a 'java/lang/NoSuchMethodError'{0x000000008485b5c0}: 'java.lang.Object java.lang.invoke.Invokers$Holder.linkToTargetMethod(java.lang.Object, int, int, java.lang.Object)'> (0x000000008485b5c0) thrown at [./src/hotspot/share/interpreter/linkResolver.cpp, line 773]
Event: 69.583 Thread 0x0000018a75276800 Exception <a 'java/lang/NoSuchMethodError'{0x0000000085327668}: <clinit>> (0x0000000085327668) thrown at [./src/hotspot/share/prims/jni.cpp, line 1362]
Event: 69.600 Thread 0x0000018a75276800 Exception <a 'java/lang/NoSuchMethodError'{0x0000000085358d98}: <clinit>> (0x0000000085358d98) thrown at [./src/hotspot/share/prims/jni.cpp, line 1362]
Event: 70.115 Thread 0x0000018a75162800 Exception <a 'java/lang/NoSuchMethodError'{0x0000000084e87068}: <clinit>> (0x0000000084e87068) thrown at [./src/hotspot/share/prims/jni.cpp, line 1362]
Event: 70.117 Thread 0x0000018a75162800 Exception <a 'java/lang/NoSuchMethodError'{0x0000000084e92a28}: <clinit>> (0x0000000084e92a28) thrown at [./src/hotspot/share/prims/jni.cpp, line 1362]
Event: 70.447 Thread 0x0000018a75162800 Exception <a 'java/lang/NoSuchMethodError'{0x0000000084d29888}: <clinit>> (0x0000000084d29888) thrown at [./src/hotspot/share/prims/jni.cpp, line 1362]
Event: 70.451 Thread 0x0000018a75162800 Exception <a 'java/lang/NoSuchMethodError'{0x0000000084d3d358}: <clinit>> (0x0000000084d3d358) thrown at [./src/hotspot/share/prims/jni.cpp, line 1362]
Event: 70.451 Thread 0x0000018a75162800 Exception <a 'java/lang/NoSuchMethodError'{0x0000000084d3ead8}: <clinit>> (0x0000000084d3ead8) thrown at [./src/hotspot/share/prims/jni.cpp, line 1362]
Event: 70.551 Thread 0x0000018a76270000 Exception <a 'java/lang/NoSuchMethodError'{0x00000000850a6898}: 'java.lang.Object java.lang.invoke.Invokers$Holder.linkToTargetMethod(java.lang.Object, java.lang.Object, java.lang.Object, java.lang.Object, java.lang.Object, java.lang.Object, java.lang.Object, java.lang.Object)'> (0x00000000850a6898) thrown at [./src/hotspot/share/interpreter/linkResolver.cpp, line 773]
Event: 70.667 Thread 0x0000018a76269000 Exception <a 'java/lang/NoSuchMethodError'{0x0000000084cd9ca8}: <clinit>> (0x0000000084cd9ca8) thrown at [./src/hotspot/share/prims/jni.cpp, line 1362]
Event: 70.677 Thread 0x0000018a76269000 Exception <a 'java/lang/NoSuchMethodError'{0x0000000084cf31a8}: <clinit>> (0x0000000084cf31a8) thrown at [./src/hotspot/share/prims/jni.cpp, line 1362]
Event: 71.388 Thread 0x0000018a75162800 Exception <a 'java/lang/NoSuchMethodError'{0x0000000084961588}: <clinit>> (0x0000000084961588) thrown at [./src/hotspot/share/prims/jni.cpp, line 1362]
Event: 73.976 Thread 0x0000018a76270000 Exception <a 'java/lang/NoSuchMethodError'{0x0000000085a8a610}: 'java.lang.Object java.lang.invoke.Invokers$Holder.linkToTargetMethod(java.lang.Object, java.lang.Object, java.lang.Object, java.lang.Object, java.lang.Object, java.lang.Object, java.lang.Object)'> (0x0000000085a8a610) thrown at [./src/hotspot/share/interpreter/linkResolver.cpp, line 773]
Event: 74.270 Thread 0x0000018a7614a000 Exception <a 'java/lang/NoSuchMethodError'{0x00000000858690f0}: 'java.lang.Object java.lang.invoke.DirectMethodHandle$Holder.invokeSpecialIFC(java.lang.Object, java.lang.Object, java.lang.Object)'> (0x00000000858690f0) thrown at [./src/hotspot/share/interpreter/linkResolver.cpp, line 773]
Event: 82.257 Thread 0x0000018a7614a000 Implicit null exception at 0x0000018a65619289 to 0x0000018a656199b8
Event: 82.301 Thread 0x0000018a76149800 Implicit null exception at 0x0000018a6561a7ce to 0x0000018a6561abf8
Event: 86.184 Thread 0x0000018a75276800 Exception <a 'java/lang/NoSuchMethodError'{0x00000000859e1fc0}: 'java.lang.Object java.lang.invoke.DirectMethodHandle$Holder.invokeSpecial(java.lang.Object, java.lang.Object, int, java.lang.Object, java.lang.Object)'> (0x00000000859e1fc0) thrown at [./src/hotspot/share/interpreter/linkResolver.cpp, line 773]
Event: 86.185 Thread 0x0000018a75276800 Exception <a 'java/lang/NoSuchMethodError'{0x00000000859ead48}: 'java.lang.Object java.lang.invoke.DirectMethodHandle$Holder.invokeStatic(java.lang.Object, java.lang.Object, int, java.lang.Object)'> (0x00000000859ead48) thrown at [./src/hotspot/share/interpreter/linkResolver.cpp, line 773]
Event: 86.186 Thread 0x0000018a75276800 Exception <a 'java/lang/NoSuchMethodError'{0x00000000859ef478}: 'java.lang.Object java.lang.invoke.Invokers$Holder.linkToTargetMethod(java.lang.Object, int, java.lang.Object, java.lang.Object)'> (0x00000000859ef478) thrown at [./src/hotspot/share/interpreter/linkResolver.cpp, line 773]
Event: 86.197 Thread 0x0000018a75276800 Exception <a 'java/lang/NoSuchMethodError'{0x0000000085808990}: 'void java.lang.invoke.DirectMethodHandle$Holder.invokeVirtual(java.lang.Object, java.lang.Object)'> (0x0000000085808990) thrown at [./src/hotspot/share/interpreter/linkResolver.cpp, line 773]

Events (20 events):
Event: 94.466 Executing VM operation: CGC_Operation done
Event: 94.566 Executing VM operation: G1CollectForAllocation
Event: 94.571 Executing VM operation: G1CollectForAllocation done
Event: 95.006 Executing VM operation: CGC_Operation
Event: 95.038 Executing VM operation: CGC_Operation done
Event: 95.262 Executing VM operation: CGC_Operation
Event: 95.262 Executing VM operation: CGC_Operation done
Event: 95.621 Executing VM operation: G1CollectForAllocation
Event: 95.630 Executing VM operation: G1CollectForAllocation done
Event: 96.088 Executing VM operation: CGC_Operation
Event: 96.126 Executing VM operation: CGC_Operation done
Event: 96.134 loading class com/google/common/io/FileWriteMode
Event: 96.134 loading class com/google/common/io/FileWriteMode done
Event: 96.135 loading class com/google/common/io/CharSink
Event: 96.135 loading class com/google/common/io/CharSink done
Event: 96.136 loading class com/google/common/io/ByteSink$AsCharSink
Event: 96.136 loading class com/google/common/io/ByteSink$AsCharSink done
Event: 96.349 Executing VM operation: CGC_Operation
Event: 96.351 Executing VM operation: CGC_Operation done
Event: 96.355 Executing VM operation: G1CollectForAllocation


Dynamic libraries:
0x00007ff744720000 - 0x00007ff74472a000 	C:\Program Files\Android\Android Studio\jre\bin\java.exe
0x00007ffc55a80000 - 0x00007ffc55c61000 	C:\Windows\SYSTEM32\ntdll.dll
0x00007ffc55690000 - 0x00007ffc55742000 	C:\Windows\System32\KERNEL32.DLL
0x00007ffc51e50000 - 0x00007ffc520c3000 	C:\Windows\System32\KERNELBASE.dll
0x00007ffc524c0000 - 0x00007ffc525ba000 	C:\Windows\System32\ucrtbase.dll
0x00007ffc34c50000 - 0x00007ffc34c69000 	C:\Program Files\Android\Android Studio\jre\bin\jli.dll
0x00007ffc534b0000 - 0x00007ffc53640000 	C:\Windows\System32\USER32.dll
0x00007ffc52ef0000 - 0x00007ffc52f10000 	C:\Windows\System32\win32u.dll
0x00007ffc53640000 - 0x00007ffc53668000 	C:\Windows\System32\GDI32.dll
0x00007ffc52320000 - 0x00007ffc524b2000 	C:\Windows\System32\gdi32full.dll
0x00007ffc52d20000 - 0x00007ffc52dbf000 	C:\Windows\System32\msvcp_win.dll
0x00007ffc29a90000 - 0x00007ffc29aa7000 	C:\Program Files\Android\Android Studio\jre\bin\VCRUNTIME140.dll
0x00007ffc44c40000 - 0x00007ffc44ea9000 	C:\Windows\WinSxS\amd64_microsoft.windows.common-controls_6595b64144ccf1df_6.0.17133.73_none_b4b127863cb5b9c7\COMCTL32.dll
0x00007ffc55260000 - 0x00007ffc552fe000 	C:\Windows\System32\msvcrt.dll
0x00007ffc53010000 - 0x00007ffc53333000 	C:\Windows\System32\combase.dll
0x00007ffc55860000 - 0x00007ffc55984000 	C:\Windows\System32\RPCRT4.dll
0x00007ffc52e70000 - 0x00007ffc52eea000 	C:\Windows\System32\bcryptPrimitives.dll
0x00007ffc55230000 - 0x00007ffc5525d000 	C:\Windows\System32\IMM32.DLL
0x00007ffc23140000 - 0x00007ffc231dd000 	C:\Program Files\Android\Android Studio\jre\bin\msvcp140.dll
0x00007ffc24460000 - 0x00007ffc24f1c000 	C:\Program Files\Android\Android Studio\jre\bin\server\jvm.dll
0x00007ffc53400000 - 0x00007ffc534a1000 	C:\Windows\System32\ADVAPI32.dll
0x00007ffc55800000 - 0x00007ffc5585b000 	C:\Windows\System32\sechost.dll
0x00007ffc53000000 - 0x00007ffc53008000 	C:\Windows\System32\PSAPI.DLL
0x00007ffc4ffd0000 - 0x00007ffc4ffd9000 	C:\Windows\SYSTEM32\WSOCK32.dll
0x00007ffc44270000 - 0x00007ffc4427a000 	C:\Windows\SYSTEM32\VERSION.dll
0x00007ffc550e0000 - 0x00007ffc5514c000 	C:\Windows\System32\WS2_32.dll
0x00007ffc4fbc0000 - 0x00007ffc4fbe3000 	C:\Windows\SYSTEM32\WINMM.dll
0x00007ffc4fb90000 - 0x00007ffc4fbba000 	C:\Windows\SYSTEM32\winmmbase.dll
0x00007ffc52cd0000 - 0x00007ffc52d19000 	C:\Windows\System32\cfgmgr32.dll
0x00007ffc51dc0000 - 0x00007ffc51dd1000 	C:\Windows\System32\kernel.appcore.dll
0x00007ffc4b490000 - 0x00007ffc4b4a1000 	C:\Program Files\Android\Android Studio\jre\bin\verify.dll
0x00007ffc40e90000 - 0x00007ffc41059000 	C:\Windows\SYSTEM32\DBGHELP.DLL
0x00007ffc40e60000 - 0x00007ffc40e89000 	C:\Windows\SYSTEM32\dbgcore.DLL
0x00007ffc48ad0000 - 0x00007ffc48af9000 	C:\Program Files\Android\Android Studio\jre\bin\java.dll
0x00007ffc4ffc0000 - 0x00007ffc4ffcb000 	C:\Program Files\Android\Android Studio\jre\bin\jimage.dll
0x00007ffc454c0000 - 0x00007ffc454d8000 	C:\Program Files\Android\Android Studio\jre\bin\zip.dll
0x00007ffc53670000 - 0x00007ffc54ab0000 	C:\Windows\System32\SHELL32.dll
0x00007ffc55750000 - 0x00007ffc557f9000 	C:\Windows\System32\shcore.dll
0x00007ffc525c0000 - 0x00007ffc52ccd000 	C:\Windows\System32\windows.storage.dll
0x00007ffc54f00000 - 0x00007ffc54f51000 	C:\Windows\System32\shlwapi.dll
0x00007ffc51d90000 - 0x00007ffc51daf000 	C:\Windows\System32\profapi.dll
0x00007ffc51de0000 - 0x00007ffc51e2c000 	C:\Windows\System32\powrprof.dll
0x00007ffc51db0000 - 0x00007ffc51dba000 	C:\Windows\System32\FLTLIB.DLL
0x00007ffc42d00000 - 0x00007ffc42d1a000 	C:\Program Files\Android\Android Studio\jre\bin\net.dll
0x00007ffc49650000 - 0x00007ffc4972d000 	C:\Windows\SYSTEM32\WINHTTP.dll
0x00007ffc515b0000 - 0x00007ffc51616000 	C:\Windows\system32\mswsock.dll
0x00007ffc42ce0000 - 0x00007ffc42cf4000 	C:\Program Files\Android\Android Studio\jre\bin\nio.dll
0x00007ffc29ab0000 - 0x00007ffc29ad7000 	C:\Users\MISHECK\.gradle\native\fdc75f09e3144964f2cf3f50f0aa648679c211496f362492102eb8c894070792\windows-amd64\native-platform.dll
0x00007ffc0ae20000 - 0x00007ffc0afb6000 	C:\Users\MISHECK\.gradle\native\12488b8bf47d2d4c9fbf2f6322a914ad602e24e48041cd04a747c6da556b65c4\windows-amd64\native-platform-file-events.dll
0x00007ffc4ff80000 - 0x00007ffc4ff8a000 	C:\Program Files\Android\Android Studio\jre\bin\management.dll
0x00007ffc4e7d0000 - 0x00007ffc4e7dc000 	C:\Program Files\Android\Android Studio\jre\bin\management_ext.dll
0x00007ffc51760000 - 0x00007ffc51777000 	C:\Windows\SYSTEM32\CRYPTSP.dll
0x00007ffc51190000 - 0x00007ffc511c3000 	C:\Windows\system32\rsaenh.dll
0x00007ffc51880000 - 0x00007ffc518a5000 	C:\Windows\SYSTEM32\bcrypt.dll
0x00007ffc51c90000 - 0x00007ffc51cb8000 	C:\Windows\SYSTEM32\USERENV.dll
0x00007ffc51be0000 - 0x00007ffc51beb000 	C:\Windows\SYSTEM32\CRYPTBASE.dll
0x00007ffc51330000 - 0x00007ffc51368000 	C:\Windows\SYSTEM32\IPHLPAPI.DLL
0x00007ffc55220000 - 0x00007ffc55228000 	C:\Windows\System32\NSI.dll
0x00007ffc49200000 - 0x00007ffc49216000 	C:\Windows\SYSTEM32\dhcpcsvc6.DLL
0x00007ffc491c0000 - 0x00007ffc491da000 	C:\Windows\SYSTEM32\dhcpcsvc.DLL
0x00007ffc49220000 - 0x00007ffc4922b000 	C:\Windows\SYSTEM32\WINNSI.DLL

dbghelp: loaded successfully - version: 4.0.5 - missing functions: none
symbol engine: initialized successfully - sym options: 0x614 - pdb path: .;C:\Program Files\Android\Android Studio\jre\bin;C:\Windows\SYSTEM32;C:\Windows\WinSxS\amd64_microsoft.windows.common-controls_6595b64144ccf1df_6.0.17133.73_none_b4b127863cb5b9c7;C:\Program Files\Android\Android Studio\jre\bin\server;C:\Users\MISHECK\.gradle\native\fdc75f09e3144964f2cf3f50f0aa648679c211496f362492102eb8c894070792\windows-amd64;C:\Users\MISHECK\.gradle\native\12488b8bf47d2d4c9fbf2f6322a914ad602e24e48041cd04a747c6da556b65c4\windows-amd64

VM Arguments:
jvm_args: --add-opens=java.base/java.util=ALL-UNNAMED --add-opens=java.base/java.lang=ALL-UNNAMED --add-opens=java.base/java.lang.invoke=ALL-UNNAMED --add-opens=java.prefs/java.util.prefs=ALL-UNNAMED -Xmx2048m -Dfile.encoding=UTF-8 -Duser.country=US -Duser.language=en -Duser.variant 
java_command: org.gradle.launcher.daemon.bootstrap.GradleDaemon 6.7.1
java_class_path (initial): C:\Users\MISHECK\.gradle\wrapper\dists\gradle-6.7.1-bin\bwlcbys1h7rz3272sye1xwiv6\gradle-6.7.1\lib\gradle-launcher-6.7.1.jar
Launcher Type: SUN_STANDARD

[Global flags]
     intx CICompilerCount                          = 2                                         {product} {ergonomic}
     uint ConcGCThreads                            = 1                                         {product} {ergonomic}
     uint G1ConcRefinementThreads                  = 2                                         {product} {ergonomic}
   size_t G1HeapRegionSize                         = 1048576                                   {product} {ergonomic}
    uintx GCDrainStackTargetSize                   = 64                                        {product} {ergonomic}
   size_t InitialHeapSize                          = 67108864                                  {product} {ergonomic}
   size_t MarkStackSize                            = 4194304                                   {product} {ergonomic}
   size_t MaxHeapSize                              = 2147483648                                {product} {command line}
   size_t MaxNewSize                               = 1287651328                                {product} {ergonomic}
   size_t MinHeapDeltaBytes                        = 1048576                                   {product} {ergonomic}
    uintx NonNMethodCodeHeapSize                   = 5825164                                {pd product} {ergonomic}
    uintx NonProfiledCodeHeapSize                  = 122916538                              {pd product} {ergonomic}
    uintx ProfiledCodeHeapSize                     = 122916538                              {pd product} {ergonomic}
    uintx ReservedCodeCacheSize                    = 251658240                              {pd product} {ergonomic}
     bool SegmentedCodeCache                       = true                                      {product} {ergonomic}
     bool UseCompressedClassPointers               = true                                 {lp64_product} {ergonomic}
     bool UseCompressedOops                        = true                                 {lp64_product} {ergonomic}
     bool UseG1GC                                  = true                                      {product} {ergonomic}
     bool UseLargePagesIndividualAllocation        = false                                  {pd product} {ergonomic}

Logging:
Log output configuration:
 #0: stdout all=warning uptime,level,tags
 #1: stderr all=off uptime,level,tags

Environment Variables:
JAVA_HOME=C:\Program Files\Java\jdk1.8.0_191
PATH=C:\Program Files (x86)\Common Files\Oracle\Java\javapath;C:\Windows\system32;C:\Windows;C:\Windows\System32\Wbem;C:\Windows\System32\WindowsPowerShell\v1.0\;C:\Windows\System32\OpenSSH\;C:\Program Files (x86)\Git\cmd;C:\Program Files\nodejs\;C:\Program Files\Java\jdk1.8.0_191\bin;C:\Users\MISHECK\AppData\Roaming\npm;C:\Exercism;C:\Users\MISHECK\AppData\Local\Programs\Python\Python39;C:\Users\MISHECK\AppData\Local\Programs\Microsoft VS Code\bin;C:\Program Files\CodeBlocks\MinGW\bin;
USERNAME=MISHECK
OS=Windows_NT
PROCESSOR_IDENTIFIER=Intel64 Family 6 Model 55 Stepping 8, GenuineIntel



---------------  S Y S T E M  ---------------

OS: Windows 10 , 64 bit Build 17133 (10.0.17133.73)
OS uptime: 0 days 11:49 hours

CPU:total 2 (initial active 2) (2 cores per cpu, 1 threads per core) family 6 model 55 stepping 8, cmov, cx8, fxsr, mmx, sse, sse2, sse3, ssse3, sse4.1, sse4.2, popcnt, clmul, erms, 3dnowpref, tsc, tscinvbit

Memory: 4k page, system-wide physical 3987M (283M free)
TotalPageFile size 5381M (AvailPageFile size 33M)
current process WorkingSet (physical memory assigned to process): 331M, peak: 331M
current process commit charge ("private bytes"): 378M, peak: 440M

vm_info: OpenJDK 64-Bit Server VM (11.0.8+10-b944.6842174) for windows-amd64 JRE (11.0.8+10-b944.6842174), built on Sep 19 2020 01:11:42 by "builder" with MS VC++ 14.0 (VS2015)

END.
