#
# There is insufficient memory for the Java Runtime Environment to continue.
# Native memory allocation (malloc) failed to allocate 1736336 bytes for Chunk::new
# Possible reasons:
#   The system is out of physical RAM or swap space
#   The process is running with CompressedOops enabled, and the Java Heap may be blocking the growth of the native heap
# Possible solutions:
#   Reduce memory load on the system
#   Increase physical memory or swap space
#   Check if swap backing store is full
#   Decrease Java heap size (-Xmx/-Xms)
#   Decrease number of Java threads
#   Decrease Java thread stack sizes (-Xss)
#   Set larger code cache with -XX:ReservedCodeCacheSize=
#   JVM is running with Unscaled Compressed Oops mode in which the Java heap is
#     placed in the first 4GB address space. The Java Heap base address is the
#     maximum limit for the native heap growth. Please use -XX:HeapBaseMinAddress
#     to set the Java Heap base and to place the Java Heap above 4GB virtual address.
# This output file may be truncated or incomplete.
#
#  Out of Memory Error (./src/hotspot/share/memory/arena.cpp:197), pid=4996, tid=7156
#
# JRE version: OpenJDK Runtime Environment (11.0.8+10) (build 11.0.8+10-b944.6842174)
# Java VM: OpenJDK 64-Bit Server VM (11.0.8+10-b944.6842174, mixed mode, tiered, compressed oops, g1 gc, windows-amd64)
# No core dump will be written. Minidumps are not enabled by default on client versions of Windows
#

---------------  S U M M A R Y ------------

Command Line: --add-opens=java.base/java.util=ALL-UNNAMED --add-opens=java.base/java.lang=ALL-UNNAMED --add-opens=java.base/java.lang.invoke=ALL-UNNAMED --add-opens=java.prefs/java.util.prefs=ALL-UNNAMED -Xmx2048m -Dfile.encoding=UTF-8 -Duser.country=US -Duser.language=en -Duser.variant org.gradle.launcher.daemon.bootstrap.GradleDaemon 6.7.1

Host: Intel(R) Celeron(R) CPU  N2840  @ 2.16GHz, 2 cores, 3G,  Windows 10 , 64 bit Build 17133 (10.0.17133.73)
Time: Fri Jul  2 02:48:32 2021 Pacific Daylight Time elapsed time: 93 seconds (0d 0h 1m 33s)

---------------  T H R E A D  ---------------

Current thread (0x00000206d4ffe800):  JavaThread "C2 CompilerThread0" daemon [_thread_in_native, id=7156, stack(0x0000009ecc500000,0x0000009ecc600000)]


Current CompileTask:
C2:  93862 6254 %     4       org.gradle.internal.instantiation.generator.AbstractClassGenerator::inspectType @ 250 (560 bytes)

Stack: [0x0000009ecc500000,0x0000009ecc600000]
Native frames: (J=compiled Java code, j=interpreted, Vv=VM code, C=native code)
V  [jvm.dll+0x5de50a]
V  [jvm.dll+0x7122f5]
V  [jvm.dll+0x71384d]
V  [jvm.dll+0x713f03]
V  [jvm.dll+0x23e728]
V  [jvm.dll+0xb899c]
V  [jvm.dll+0xb8e9c]
V  [jvm.dll+0x35024d]
V  [jvm.dll+0x31dea3]
V  [jvm.dll+0x31d39a]
V  [jvm.dll+0x1f7702]
V  [jvm.dll+0x1f68d4]
V  [jvm.dll+0x17f32c]
V  [jvm.dll+0x205047]
V  [jvm.dll+0x203891]
V  [jvm.dll+0x6dad3f]
V  [jvm.dll+0x6d3895]
V  [jvm.dll+0x5dd4a6]
C  [ucrtbase.dll+0x1c1ae]
C  [KERNEL32.DLL+0x13034]
C  [ntdll.dll+0x71551]


---------------  P R O C E S S  ---------------

Threads class SMR info:
_java_thread_list=0x00000206db80bc40, length=129, elements={
0x00000206bb8aa800, 0x00000206d4f9d000, 0x00000206d4fa7000, 0x00000206d4ffa800,
0x00000206d4ffb800, 0x00000206d4ffe800, 0x00000206d5003800, 0x00000206d5009800,
0x00000206d5963000, 0x00000206d5988000, 0x00000206d6737000, 0x00000206d6b30800,
0x00000206d7522800, 0x00000206d75e6800, 0x00000206d75e7000, 0x00000206d6a80000,
0x00000206d5b30800, 0x00000206d69cd800, 0x00000206d666a800, 0x00000206d6887000,
0x00000206d6884800, 0x00000206d6888000, 0x00000206d6882800, 0x00000206d6889000,
0x00000206d6885800, 0x00000206d6883000, 0x00000206d6884000, 0x00000206d6886800,
0x00000206d7fdd000, 0x00000206d7fde000, 0x00000206d7fde800, 0x00000206d7fdf800,
0x00000206d7fe1000, 0x00000206d7fe2000, 0x00000206d7fdc800, 0x00000206d7fe3000,
0x00000206d7fe4800, 0x00000206d7fe3800, 0x00000206d7fe7000, 0x00000206d7fe7800,
0x00000206d7fe6000, 0x00000206d7fea000, 0x00000206d7fe8800, 0x00000206d7fe9800,
0x00000206d7feb000, 0x00000206d7fe5800, 0x00000206d763e800, 0x00000206d763d800,
0x00000206d763a800, 0x00000206d763b000, 0x00000206d7639800, 0x00000206d7638800,
0x00000206d763f800, 0x00000206d763c000, 0x00000206d7640000, 0x00000206d763d000,
0x00000206d7645000, 0x00000206d7646800, 0x00000206d7644000, 0x00000206d7643800,
0x00000206d7641800, 0x00000206d7642800, 0x00000206d7641000, 0x00000206d7646000,
0x00000206d7647800, 0x00000206d8553800, 0x00000206d8554000, 0x00000206d8551000,
0x00000206d8555000, 0x00000206d8550000, 0x00000206d854f000, 0x00000206d8557800,
0x00000206d8555800, 0x00000206d8551800, 0x00000206d8552800, 0x00000206d8558000,
0x00000206d855a800, 0x00000206d855c000, 0x00000206d855b800, 0x00000206d8559000,
0x00000206d855a000, 0x00000206d8556800, 0x00000206d855d000, 0x00000206d855e000,
0x00000206d800e800, 0x00000206d800d000, 0x00000206d8011000, 0x00000206d800e000,
0x00000206d8013800, 0x00000206d8012800, 0x00000206d8010000, 0x00000206d8012000,
0x00000206d8015000, 0x00000206d8014800, 0x00000206d800f800, 0x00000206d801b000,
0x00000206d8018800, 0x00000206d8016800, 0x00000206d8019000, 0x00000206d801a000,
0x00000206d8016000, 0x00000206d8017800, 0x00000206d801b800, 0x00000206d6336800,
0x00000206d6335000, 0x00000206d633a800, 0x00000206d633a000, 0x00000206d633b800,
0x00000206d6338000, 0x00000206d6337800, 0x00000206d6336000, 0x00000206d633d000,
0x00000206d633c800, 0x00000206d633e000, 0x00000206d633e800, 0x00000206d6339000,
0x00000206d6340800, 0x00000206d6343000, 0x00000206d6341000, 0x00000206d633f800,
0x00000206d6342000, 0x00000206d6343800, 0x00000206d9b04000, 0x00000206d9b05000,
0x00000206d9b01000, 0x00000206d9b06000, 0x00000206d9b00000, 0x00000206d9b06800,
0x00000206d9b07800
}

Java Threads: ( => current thread )
  0x00000206bb8aa800 JavaThread "main" [_thread_blocked, id=11580, stack(0x0000009ecba00000,0x0000009ecbb00000)]
  0x00000206d4f9d000 JavaThread "Reference Handler" daemon [_thread_blocked, id=9220, stack(0x0000009ecc100000,0x0000009ecc200000)]
  0x00000206d4fa7000 JavaThread "Finalizer" daemon [_thread_blocked, id=12920, stack(0x0000009ecc200000,0x0000009ecc300000)]
  0x00000206d4ffa800 JavaThread "Signal Dispatcher" daemon [_thread_blocked, id=6112, stack(0x0000009ecc300000,0x0000009ecc400000)]
  0x00000206d4ffb800 JavaThread "Attach Listener" daemon [_thread_blocked, id=7496, stack(0x0000009ecc400000,0x0000009ecc500000)]
=>0x00000206d4ffe800 JavaThread "C2 CompilerThread0" daemon [_thread_in_native, id=7156, stack(0x0000009ecc500000,0x0000009ecc600000)]
  0x00000206d5003800 JavaThread "C1 CompilerThread0" daemon [_thread_blocked, id=9052, stack(0x0000009ecc600000,0x0000009ecc700000)]
  0x00000206d5009800 JavaThread "Sweeper thread" daemon [_thread_blocked, id=11852, stack(0x0000009ecc700000,0x0000009ecc800000)]
  0x00000206d5963000 JavaThread "Common-Cleaner" daemon [_thread_blocked, id=9352, stack(0x0000009ecc800000,0x0000009ecc900000)]
  0x00000206d5988000 JavaThread "Service Thread" daemon [_thread_blocked, id=10348, stack(0x0000009ecc900000,0x0000009ecca00000)]
  0x00000206d6737000 JavaThread "Daemon health stats" [_thread_blocked, id=3600, stack(0x0000009eccc00000,0x0000009eccd00000)]
  0x00000206d6b30800 JavaThread "Incoming local TCP Connector on port 53101" [_thread_in_native, id=4404, stack(0x0000009ecce00000,0x0000009eccf00000)]
  0x00000206d7522800 JavaThread "Daemon periodic checks" [_thread_blocked, id=8576, stack(0x0000009eccf00000,0x0000009ecd000000)]
  0x00000206d75e6800 JavaThread "Daemon" [_thread_blocked, id=7516, stack(0x0000009ecd000000,0x0000009ecd100000)]
  0x00000206d75e7000 JavaThread "Handler for socket connection from /127.0.0.1:53101 to /127.0.0.1:53102" [_thread_in_native, id=12040, stack(0x0000009ecd100000,0x0000009ecd200000)]
  0x00000206d6a80000 JavaThread "Cancel handler" [_thread_blocked, id=13160, stack(0x0000009ecd200000,0x0000009ecd300000)]
  0x00000206d5b30800 JavaThread "Daemon worker" [_thread_in_vm, id=4724, stack(0x0000009ecd300000,0x0000009ecd400000)]
  0x00000206d69cd800 JavaThread "Asynchronous log dispatcher for DefaultDaemonConnection: socket connection from /127.0.0.1:53101 to /127.0.0.1:53102" [_thread_blocked, id=920, stack(0x0000009ecd400000,0x0000009ecd500000)]
  0x00000206d666a800 JavaThread "Thread-8" [_thread_blocked, id=1012, stack(0x0000009ecd600000,0x0000009ecd700000)]
  0x00000206d6887000 JavaThread "Cache worker for file hash cache (C:\Users\MISHECK\.gradle\caches\6.7.1\fileHashes)" [_thread_blocked, id=11856, stack(0x0000009ecd700000,0x0000009ecd800000)]
  0x00000206d6884800 JavaThread "File lock request listener" [_thread_in_native, id=11328, stack(0x0000009ecd800000,0x0000009ecd900000)]
  0x00000206d6888000 JavaThread "Cache worker for journal cache (C:\Users\MISHECK\.gradle\caches\journal-1)" [_thread_blocked, id=7560, stack(0x0000009ecd900000,0x0000009ecda00000)]
  0x00000206d6882800 JavaThread "Cache worker for file hash cache (C:\Users\MISHECK\AndroidStudioProjects\ChildSafetyApp\.gradle\6.7.1\fileHashes)" [_thread_blocked, id=8364, stack(0x0000009ecda00000,0x0000009ecdb00000)]
  0x00000206d6889000 JavaThread "Cache worker for checksums cache (C:\Users\MISHECK\AndroidStudioProjects\ChildSafetyApp\.gradle\checksums)" [_thread_blocked, id=8308, stack(0x0000009ecdb00000,0x0000009ecdc00000)]
  0x00000206d6885800 JavaThread "Cache worker for cache directory md-supplier (C:\Users\MISHECK\.gradle\caches\6.7.1\md-supplier)" [_thread_blocked, id=7564, stack(0x0000009ecdc00000,0x0000009ecdd00000)]
  0x00000206d6883000 JavaThread "Cache worker for cache directory md-rule (C:\Users\MISHECK\.gradle\caches\6.7.1\md-rule)" [_thread_blocked, id=6340, stack(0x0000009ecdd00000,0x0000009ecde00000)]
  0x00000206d6884000 JavaThread "Cache worker for execution history cache (C:\Users\MISHECK\.gradle\caches\6.7.1\executionHistory)" [_thread_blocked, id=1444, stack(0x0000009ecde00000,0x0000009ecdf00000)]
  0x00000206d6886800 JavaThread "jar transforms" [_thread_blocked, id=1460, stack(0x0000009ecdf00000,0x0000009ece000000)]
  0x00000206d7fdd000 JavaThread "Cache worker for file content cache (C:\Users\MISHECK\.gradle\caches\6.7.1\fileContent)" [_thread_blocked, id=10412, stack(0x0000009ece000000,0x0000009ece100000)]
  0x00000206d7fde000 JavaThread "Cache worker for Build Output Cleanup Cache (C:\Users\MISHECK\AndroidStudioProjects\ChildSafetyApp\.gradle\buildOutputCleanup)" [_thread_blocked, id=10852, stack(0x0000009ece100000,0x0000009ece200000)]
  0x00000206d7fde800 JavaThread "Build operations" [_thread_blocked, id=4100, stack(0x0000009ece200000,0x0000009ece300000)]
  0x00000206d7fdf800 JavaThread "Build operations Thread 2" [_thread_blocked, id=11912, stack(0x0000009ece300000,0x0000009ece400000)]
  0x00000206d7fe1000 JavaThread "jar transforms Thread 2" [_thread_blocked, id=7820, stack(0x0000009ece400000,0x0000009ece500000)]
  0x00000206d7fe2000 JavaThread "jar transforms Thread 3" [_thread_blocked, id=4336, stack(0x0000009ece500000,0x0000009ece600000)]
  0x00000206d7fdc800 JavaThread "jar transforms Thread 4" [_thread_blocked, id=12816, stack(0x0000009ece600000,0x0000009ece700000)]
  0x00000206d7fe3000 JavaThread "jar transforms Thread 5" [_thread_blocked, id=10544, stack(0x0000009ece700000,0x0000009ece800000)]
  0x00000206d7fe4800 JavaThread "jar transforms Thread 6" [_thread_blocked, id=8756, stack(0x0000009ece800000,0x0000009ece900000)]
  0x00000206d7fe3800 JavaThread "jar transforms Thread 7" [_thread_blocked, id=1976, stack(0x0000009ece900000,0x0000009ecea00000)]
  0x00000206d7fe7000 JavaThread "jar transforms Thread 8" [_thread_blocked, id=8684, stack(0x0000009ecea00000,0x0000009eceb00000)]
  0x00000206d7fe7800 JavaThread "jar transforms Thread 9" [_thread_blocked, id=5240, stack(0x0000009eceb00000,0x0000009ecec00000)]
  0x00000206d7fe6000 JavaThread "jar transforms Thread 10" [_thread_blocked, id=9364, stack(0x0000009ecec00000,0x0000009eced00000)]
  0x00000206d7fea000 JavaThread "jar transforms Thread 11" [_thread_blocked, id=12000, stack(0x0000009eced00000,0x0000009ecee00000)]
  0x00000206d7fe8800 JavaThread "jar transforms Thread 12" [_thread_blocked, id=11136, stack(0x0000009ecee00000,0x0000009ecef00000)]
  0x00000206d7fe9800 JavaThread "jar transforms Thread 13" [_thread_blocked, id=12996, stack(0x0000009ecef00000,0x0000009ecf000000)]
  0x00000206d7feb000 JavaThread "jar transforms Thread 14" [_thread_blocked, id=8252, stack(0x0000009ecf000000,0x0000009ecf100000)]
  0x00000206d7fe5800 JavaThread "jar transforms Thread 15" [_thread_blocked, id=2332, stack(0x0000009ecf100000,0x0000009ecf200000)]
  0x00000206d763e800 JavaThread "jar transforms Thread 16" [_thread_blocked, id=12720, stack(0x0000009ecf200000,0x0000009ecf300000)]
  0x00000206d763d800 JavaThread "jar transforms Thread 17" [_thread_blocked, id=2148, stack(0x0000009ecf300000,0x0000009ecf400000)]
  0x00000206d763a800 JavaThread "jar transforms Thread 18" [_thread_blocked, id=7524, stack(0x0000009ecf400000,0x0000009ecf500000)]
  0x00000206d763b000 JavaThread "jar transforms Thread 19" [_thread_blocked, id=2904, stack(0x0000009ecf500000,0x0000009ecf600000)]
  0x00000206d7639800 JavaThread "jar transforms Thread 20" [_thread_blocked, id=5440, stack(0x0000009ecf600000,0x0000009ecf700000)]
  0x00000206d7638800 JavaThread "jar transforms Thread 21" [_thread_blocked, id=12144, stack(0x0000009ecf700000,0x0000009ecf800000)]
  0x00000206d763f800 JavaThread "jar transforms Thread 22" [_thread_blocked, id=10452, stack(0x0000009ecf800000,0x0000009ecf900000)]
  0x00000206d763c000 JavaThread "jar transforms Thread 23" [_thread_blocked, id=11744, stack(0x0000009ecf900000,0x0000009ecfa00000)]
  0x00000206d7640000 JavaThread "jar transforms Thread 24" [_thread_blocked, id=8400, stack(0x0000009ecfa00000,0x0000009ecfb00000)]
  0x00000206d763d000 JavaThread "jar transforms Thread 25" [_thread_blocked, id=3044, stack(0x0000009ecfb00000,0x0000009ecfc00000)]
  0x00000206d7645000 JavaThread "jar transforms Thread 26" [_thread_blocked, id=32, stack(0x0000009ecfc00000,0x0000009ecfd00000)]
  0x00000206d7646800 JavaThread "jar transforms Thread 27" [_thread_blocked, id=10500, stack(0x0000009ecfd00000,0x0000009ecfe00000)]
  0x00000206d7644000 JavaThread "jar transforms Thread 28" [_thread_blocked, id=8656, stack(0x0000009ecfe00000,0x0000009ecff00000)]
  0x00000206d7643800 JavaThread "jar transforms Thread 29" [_thread_blocked, id=7908, stack(0x0000009ecff00000,0x0000009ed0000000)]
  0x00000206d7641800 JavaThread "jar transforms Thread 30" [_thread_blocked, id=6608, stack(0x0000009ed0000000,0x0000009ed0100000)]
  0x00000206d7642800 JavaThread "jar transforms Thread 31" [_thread_blocked, id=660, stack(0x0000009ed0100000,0x0000009ed0200000)]
  0x00000206d7641000 JavaThread "jar transforms Thread 32" [_thread_blocked, id=872, stack(0x0000009ed0200000,0x0000009ed0300000)]
  0x00000206d7646000 JavaThread "jar transforms Thread 33" [_thread_blocked, id=7996, stack(0x0000009ed0300000,0x0000009ed0400000)]
  0x00000206d7647800 JavaThread "jar transforms Thread 34" [_thread_blocked, id=13180, stack(0x0000009ed0400000,0x0000009ed0500000)]
  0x00000206d8553800 JavaThread "jar transforms Thread 35" [_thread_blocked, id=1252, stack(0x0000009ed0500000,0x0000009ed0600000)]
  0x00000206d8554000 JavaThread "jar transforms Thread 36" [_thread_blocked, id=13256, stack(0x0000009ed0600000,0x0000009ed0700000)]
  0x00000206d8551000 JavaThread "jar transforms Thread 37" [_thread_blocked, id=6420, stack(0x0000009ed0700000,0x0000009ed0800000)]
  0x00000206d8555000 JavaThread "jar transforms Thread 38" [_thread_blocked, id=10876, stack(0x0000009ed0800000,0x0000009ed0900000)]
  0x00000206d8550000 JavaThread "jar transforms Thread 39" [_thread_blocked, id=4236, stack(0x0000009ed0900000,0x0000009ed0a00000)]
  0x00000206d854f000 JavaThread "jar transforms Thread 40" [_thread_blocked, id=3116, stack(0x0000009ed0a00000,0x0000009ed0b00000)]
  0x00000206d8557800 JavaThread "jar transforms Thread 41" [_thread_blocked, id=7976, stack(0x0000009ed0b00000,0x0000009ed0c00000)]
  0x00000206d8555800 JavaThread "jar transforms Thread 42" [_thread_blocked, id=8484, stack(0x0000009ed0c00000,0x0000009ed0d00000)]
  0x00000206d8551800 JavaThread "jar transforms Thread 43" [_thread_blocked, id=10180, stack(0x0000009ed0d00000,0x0000009ed0e00000)]
  0x00000206d8552800 JavaThread "jar transforms Thread 44" [_thread_blocked, id=12028, stack(0x0000009ed0e00000,0x0000009ed0f00000)]
  0x00000206d8558000 JavaThread "jar transforms Thread 45" [_thread_blocked, id=6940, stack(0x0000009ed0f00000,0x0000009ed1000000)]
  0x00000206d855a800 JavaThread "jar transforms Thread 46" [_thread_blocked, id=9356, stack(0x0000009ed1000000,0x0000009ed1100000)]
  0x00000206d855c000 JavaThread "jar transforms Thread 47" [_thread_blocked, id=3080, stack(0x0000009ed1100000,0x0000009ed1200000)]
  0x00000206d855b800 JavaThread "jar transforms Thread 48" [_thread_blocked, id=5732, stack(0x0000009ed1200000,0x0000009ed1300000)]
  0x00000206d8559000 JavaThread "jar transforms Thread 49" [_thread_blocked, id=3284, stack(0x0000009ed1300000,0x0000009ed1400000)]
  0x00000206d855a000 JavaThread "jar transforms Thread 50" [_thread_blocked, id=7064, stack(0x0000009ed1400000,0x0000009ed1500000)]
  0x00000206d8556800 JavaThread "jar transforms Thread 51" [_thread_blocked, id=6512, stack(0x0000009ed1500000,0x0000009ed1600000)]
  0x00000206d855d000 JavaThread "jar transforms Thread 52" [_thread_blocked, id=8644, stack(0x0000009ed1600000,0x0000009ed1700000)]
  0x00000206d855e000 JavaThread "jar transforms Thread 53" [_thread_blocked, id=6036, stack(0x0000009ed1700000,0x0000009ed1800000)]
  0x00000206d800e800 JavaThread "jar transforms Thread 54" [_thread_blocked, id=9128, stack(0x0000009ed1800000,0x0000009ed1900000)]
  0x00000206d800d000 JavaThread "jar transforms Thread 55" [_thread_blocked, id=9340, stack(0x0000009ed1900000,0x0000009ed1a00000)]
  0x00000206d8011000 JavaThread "jar transforms Thread 56" [_thread_blocked, id=10872, stack(0x0000009ed1a00000,0x0000009ed1b00000)]
  0x00000206d800e000 JavaThread "jar transforms Thread 57" [_thread_blocked, id=1208, stack(0x0000009ed1b00000,0x0000009ed1c00000)]
  0x00000206d8013800 JavaThread "jar transforms Thread 58" [_thread_blocked, id=5688, stack(0x0000009ed1c00000,0x0000009ed1d00000)]
  0x00000206d8012800 JavaThread "jar transforms Thread 59" [_thread_blocked, id=6184, stack(0x0000009ed1d00000,0x0000009ed1e00000)]
  0x00000206d8010000 JavaThread "jar transforms Thread 60" [_thread_blocked, id=12664, stack(0x0000009ed1e00000,0x0000009ed1f00000)]
  0x00000206d8012000 JavaThread "jar transforms Thread 61" [_thread_blocked, id=9640, stack(0x0000009ed1f00000,0x0000009ed2000000)]
  0x00000206d8015000 JavaThread "jar transforms Thread 62" [_thread_blocked, id=10608, stack(0x0000009ed2000000,0x0000009ed2100000)]
  0x00000206d8014800 JavaThread "jar transforms Thread 63" [_thread_blocked, id=9336, stack(0x0000009ed2100000,0x0000009ed2200000)]
  0x00000206d800f800 JavaThread "jar transforms Thread 64" [_thread_blocked, id=5708, stack(0x0000009ed2200000,0x0000009ed2300000)]
  0x00000206d801b000 JavaThread "jar transforms Thread 65" [_thread_blocked, id=3844, stack(0x0000009ed2300000,0x0000009ed2400000)]
  0x00000206d8018800 JavaThread "jar transforms Thread 66" [_thread_blocked, id=4548, stack(0x0000009ed2400000,0x0000009ed2500000)]
  0x00000206d8016800 JavaThread "jar transforms Thread 67" [_thread_blocked, id=4880, stack(0x0000009ed2500000,0x0000009ed2600000)]
  0x00000206d8019000 JavaThread "jar transforms Thread 68" [_thread_blocked, id=6292, stack(0x0000009ed2600000,0x0000009ed2700000)]
  0x00000206d801a000 JavaThread "jar transforms Thread 69" [_thread_blocked, id=12004, stack(0x0000009ed2700000,0x0000009ed2800000)]
  0x00000206d8016000 JavaThread "jar transforms Thread 70" [_thread_blocked, id=5344, stack(0x0000009ed2800000,0x0000009ed2900000)]
  0x00000206d8017800 JavaThread "jar transforms Thread 71" [_thread_blocked, id=10808, stack(0x0000009ed2900000,0x0000009ed2a00000)]
  0x00000206d801b800 JavaThread "jar transforms Thread 72" [_thread_blocked, id=8564, stack(0x0000009ed2a00000,0x0000009ed2b00000)]
  0x00000206d6336800 JavaThread "jar transforms Thread 73" [_thread_blocked, id=7296, stack(0x0000009ed2b00000,0x0000009ed2c00000)]
  0x00000206d6335000 JavaThread "jar transforms Thread 74" [_thread_blocked, id=5264, stack(0x0000009ed2c00000,0x0000009ed2d00000)]
  0x00000206d633a800 JavaThread "jar transforms Thread 75" [_thread_blocked, id=10788, stack(0x0000009ed2d00000,0x0000009ed2e00000)]
  0x00000206d633a000 JavaThread "jar transforms Thread 76" [_thread_blocked, id=5728, stack(0x0000009ed2e00000,0x0000009ed2f00000)]
  0x00000206d633b800 JavaThread "jar transforms Thread 77" [_thread_blocked, id=6744, stack(0x0000009ed2f00000,0x0000009ed3000000)]
  0x00000206d6338000 JavaThread "jar transforms Thread 78" [_thread_blocked, id=12732, stack(0x0000009ed3000000,0x0000009ed3100000)]
  0x00000206d6337800 JavaThread "jar transforms Thread 79" [_thread_blocked, id=10908, stack(0x0000009ed3100000,0x0000009ed3200000)]
  0x00000206d6336000 JavaThread "jar transforms Thread 80" [_thread_blocked, id=13000, stack(0x0000009ed3200000,0x0000009ed3300000)]
  0x00000206d633d000 JavaThread "jar transforms Thread 81" [_thread_blocked, id=8268, stack(0x0000009ed3300000,0x0000009ed3400000)]
  0x00000206d633c800 JavaThread "jar transforms Thread 82" [_thread_blocked, id=7888, stack(0x0000009ed3400000,0x0000009ed3500000)]
  0x00000206d633e000 JavaThread "jar transforms Thread 83" [_thread_blocked, id=12856, stack(0x0000009ed3500000,0x0000009ed3600000)]
  0x00000206d633e800 JavaThread "jar transforms Thread 84" [_thread_blocked, id=10168, stack(0x0000009ed3600000,0x0000009ed3700000)]
  0x00000206d6339000 JavaThread "jar transforms Thread 85" [_thread_blocked, id=6704, stack(0x0000009ed3700000,0x0000009ed3800000)]
  0x00000206d6340800 JavaThread "jar transforms Thread 86" [_thread_blocked, id=4044, stack(0x0000009ed3800000,0x0000009ed3900000)]
  0x00000206d6343000 JavaThread "jar transforms Thread 87" [_thread_blocked, id=9676, stack(0x0000009ed3900000,0x0000009ed3a00000)]
  0x00000206d6341000 JavaThread "jar transforms Thread 88" [_thread_blocked, id=12224, stack(0x0000009ed3a00000,0x0000009ed3b00000)]
  0x00000206d633f800 JavaThread "jar transforms Thread 89" [_thread_blocked, id=11252, stack(0x0000009ed3b00000,0x0000009ed3c00000)]
  0x00000206d6342000 JavaThread "jar transforms Thread 90" [_thread_blocked, id=12384, stack(0x0000009ed3c00000,0x0000009ed3d00000)]
  0x00000206d6343800 JavaThread "jar transforms Thread 91" [_thread_blocked, id=632, stack(0x0000009ed3d00000,0x0000009ed3e00000)]
  0x00000206d9b04000 JavaThread "jar transforms Thread 92" [_thread_blocked, id=12048, stack(0x0000009ed3e00000,0x0000009ed3f00000)]
  0x00000206d9b05000 JavaThread "jar transforms Thread 93" [_thread_blocked, id=12656, stack(0x0000009ed3f00000,0x0000009ed4000000)]
  0x00000206d9b01000 JavaThread "jar transforms Thread 94" [_thread_blocked, id=9296, stack(0x0000009ed4000000,0x0000009ed4100000)]
  0x00000206d9b06000 JavaThread "jar transforms Thread 95" [_thread_blocked, id=10888, stack(0x0000009ed4100000,0x0000009ed4200000)]
  0x00000206d9b00000 JavaThread "jar transforms Thread 96" [_thread_blocked, id=8092, stack(0x0000009ed4200000,0x0000009ed4300000)]
  0x00000206d9b06800 JavaThread "jar transforms Thread 97" [_thread_blocked, id=12296, stack(0x0000009ed4300000,0x0000009ed4400000)]
  0x00000206d9b07800 JavaThread "Memory manager" [_thread_blocked, id=12904, stack(0x0000009ecb700000,0x0000009ecb800000)]

Other Threads:
  0x00000206d4f9a000 VMThread "VM Thread" [stack: 0x0000009ecc000000,0x0000009ecc100000] [id=10532]
  0x00000206d598d000 WatcherThread [stack: 0x0000009ecca00000,0x0000009eccb00000] [id=11052]
  0x00000206bb8c1800 GCTaskThread "GC Thread#0" [stack: 0x0000009ecbb00000,0x0000009ecbc00000] [id=9912]
  0x00000206d5b72000 GCTaskThread "GC Thread#1" [stack: 0x0000009eccb00000,0x0000009eccc00000] [id=8424]
  0x00000206bb8f0800 ConcurrentGCThread "G1 Main Marker" [stack: 0x0000009ecbc00000,0x0000009ecbd00000] [id=10160]
  0x00000206bb8f3000 ConcurrentGCThread "G1 Conc#0" [stack: 0x0000009ecbd00000,0x0000009ecbe00000] [id=6208]
  0x00000206bb942000 ConcurrentGCThread "G1 Refine#0" [stack: 0x0000009ecbe00000,0x0000009ecbf00000] [id=8848]
  0x00000206bb943000 ConcurrentGCThread "G1 Young RemSet Sampling" [stack: 0x0000009ecbf00000,0x0000009ecc000000] [id=7380]

Threads with active compile tasks:
C2 CompilerThread0  94118 6254 %     4       org.gradle.internal.instantiation.generator.AbstractClassGenerator::inspectType @ 250 (560 bytes)
C1 CompilerThread0  94118 6550       2       org.gradle.internal.instantiation.generator.AsmBackedClassGenerator$ClassBuilderImpl$$Lambda$352/0x0000000100609440::<init> (26 bytes)

VM state:not at safepoint (normal execution)

VM Mutex/Monitor currently owned by a thread: None

Heap address: 0x0000000080000000, size: 2048 MB, Compressed Oops mode: 32-bit
Narrow klass base: 0x0000000000000000, Narrow klass shift: 3
Compressed class space size: 1073741824 Address: 0x0000000100000000

Heap:
 garbage-first heap   total 95232K, used 62378K [0x0000000080000000, 0x0000000100000000)
  region size 1024K, 13 young (13312K), 3 survivors (3072K)
 Metaspace       used 71824K, capacity 73430K, committed 73596K, reserved 1114112K
  class space    used 9402K, capacity 9966K, committed 9984K, reserved 1048576K
Heap Regions: E=young(eden), S=young(survivor), O=old, HS=humongous(starts), HC=humongous(continues), CS=collection set, F=free, A=archive, TAMS=top-at-mark-start (previous, next)
|   0|0x0000000080000000, 0x0000000080100000, 0x0000000080100000|100%| O|  |TAMS 0x0000000080100000, 0x0000000080000000| Untracked 
|   1|0x0000000080100000, 0x0000000080200000, 0x0000000080200000|100%| O|  |TAMS 0x0000000080200000, 0x0000000080100000| Untracked 
|   2|0x0000000080200000, 0x0000000080300000, 0x0000000080300000|100%| O|  |TAMS 0x0000000080300000, 0x0000000080200000| Untracked 
|   3|0x0000000080300000, 0x0000000080400000, 0x0000000080400000|100%| O|  |TAMS 0x0000000080400000, 0x0000000080300000| Untracked 
|   4|0x0000000080400000, 0x0000000080500000, 0x0000000080500000|100%|HS|  |TAMS 0x0000000080500000, 0x0000000080400000| Complete 
|   5|0x0000000080500000, 0x0000000080600000, 0x0000000080600000|100%|HC|  |TAMS 0x0000000080600000, 0x0000000080500000| Complete 
|   6|0x0000000080600000, 0x0000000080700000, 0x0000000080700000|100%|HC|  |TAMS 0x0000000080700000, 0x0000000080600000| Complete 
|   7|0x0000000080700000, 0x0000000080800000, 0x0000000080800000|100%| O|  |TAMS 0x0000000080800000, 0x0000000080700000| Untracked 
|   8|0x0000000080800000, 0x0000000080900000, 0x0000000080900000|100%| O|  |TAMS 0x0000000080900000, 0x0000000080800000| Untracked 
|   9|0x0000000080900000, 0x0000000080a00000, 0x0000000080a00000|100%| O|  |TAMS 0x0000000080a00000, 0x0000000080900000| Untracked 
|  10|0x0000000080a00000, 0x0000000080b00000, 0x0000000080b00000|100%| O|  |TAMS 0x0000000080b00000, 0x0000000080a00000| Untracked 
|  11|0x0000000080b00000, 0x0000000080c00000, 0x0000000080c00000|100%| O|  |TAMS 0x0000000080c00000, 0x0000000080b00000| Untracked 
|  12|0x0000000080c00000, 0x0000000080d00000, 0x0000000080d00000|100%| O|  |TAMS 0x0000000080d00000, 0x0000000080c00000| Untracked 
|  13|0x0000000080d00000, 0x0000000080e00000, 0x0000000080e00000|100%| O|  |TAMS 0x0000000080e00000, 0x0000000080d00000| Untracked 
|  14|0x0000000080e00000, 0x0000000080f00000, 0x0000000080f00000|100%| O|  |TAMS 0x0000000080f00000, 0x0000000080e00000| Untracked 
|  15|0x0000000080f00000, 0x0000000081000000, 0x0000000081000000|100%| O|  |TAMS 0x0000000081000000, 0x0000000080f00000| Untracked 
|  16|0x0000000081000000, 0x0000000081100000, 0x0000000081100000|100%| O|  |TAMS 0x0000000081100000, 0x0000000081000000| Untracked 
|  17|0x0000000081100000, 0x0000000081200000, 0x0000000081200000|100%| O|  |TAMS 0x0000000081200000, 0x0000000081100000| Untracked 
|  18|0x0000000081200000, 0x0000000081300000, 0x0000000081300000|100%| O|  |TAMS 0x0000000081300000, 0x0000000081200000| Untracked 
|  19|0x0000000081300000, 0x0000000081400000, 0x0000000081400000|100%| O|  |TAMS 0x0000000081400000, 0x0000000081300000| Untracked 
|  20|0x0000000081400000, 0x0000000081500000, 0x0000000081500000|100%| O|  |TAMS 0x0000000081500000, 0x0000000081400000| Untracked 
|  21|0x0000000081500000, 0x0000000081600000, 0x0000000081600000|100%| O|  |TAMS 0x0000000081600000, 0x0000000081500000| Untracked 
|  22|0x0000000081600000, 0x0000000081700000, 0x0000000081700000|100%| O|  |TAMS 0x0000000081700000, 0x0000000081600000| Untracked 
|  23|0x0000000081700000, 0x0000000081800000, 0x0000000081800000|100%| O|  |TAMS 0x0000000081800000, 0x0000000081700000| Untracked 
|  24|0x0000000081800000, 0x0000000081900000, 0x0000000081900000|100%| O|  |TAMS 0x0000000081900000, 0x0000000081800000| Untracked 
|  25|0x0000000081900000, 0x0000000081a00000, 0x0000000081a00000|100%|HS|  |TAMS 0x0000000081a00000, 0x0000000081900000| Complete 
|  26|0x0000000081a00000, 0x0000000081b00000, 0x0000000081b00000|100%| O|  |TAMS 0x0000000081b00000, 0x0000000081a00000| Untracked 
|  27|0x0000000081b00000, 0x0000000081c00000, 0x0000000081c00000|100%| O|  |TAMS 0x0000000081c00000, 0x0000000081b00000| Untracked 
|  28|0x0000000081c00000, 0x0000000081d00000, 0x0000000081d00000|100%| O|  |TAMS 0x0000000081d00000, 0x0000000081c00000| Untracked 
|  29|0x0000000081d00000, 0x0000000081e00000, 0x0000000081e00000|100%| O|  |TAMS 0x0000000081e00000, 0x0000000081d00000| Untracked 
|  30|0x0000000081e00000, 0x0000000081f00000, 0x0000000081f00000|100%| O|  |TAMS 0x0000000081f00000, 0x0000000081e00000| Untracked 
|  31|0x0000000081f00000, 0x0000000082000000, 0x0000000082000000|100%| O|  |TAMS 0x0000000082000000, 0x0000000081f00000| Untracked 
|  32|0x0000000082000000, 0x0000000082100000, 0x0000000082100000|100%| O|  |TAMS 0x0000000082100000, 0x0000000082000000| Untracked 
|  33|0x0000000082100000, 0x0000000082200000, 0x0000000082200000|100%|HS|  |TAMS 0x0000000082200000, 0x0000000082100000| Complete 
|  34|0x0000000082200000, 0x0000000082300000, 0x0000000082300000|100%|HC|  |TAMS 0x0000000082300000, 0x0000000082200000| Complete 
|  35|0x0000000082300000, 0x0000000082400000, 0x0000000082400000|100%| O|  |TAMS 0x0000000082400000, 0x0000000082300000| Untracked 
|  36|0x0000000082400000, 0x0000000082500000, 0x0000000082500000|100%| O|  |TAMS 0x0000000082500000, 0x0000000082400000| Untracked 
|  37|0x0000000082500000, 0x0000000082600000, 0x0000000082600000|100%| O|  |TAMS 0x0000000082600000, 0x0000000082500000| Untracked 
|  38|0x0000000082600000, 0x0000000082700000, 0x0000000082700000|100%| O|  |TAMS 0x0000000082700000, 0x0000000082600000| Untracked 
|  39|0x0000000082700000, 0x0000000082800000, 0x0000000082800000|100%| O|  |TAMS 0x0000000082800000, 0x0000000082700000| Untracked 
|  40|0x0000000082800000, 0x0000000082900000, 0x0000000082900000|100%| O|  |TAMS 0x0000000082900000, 0x0000000082800000| Untracked 
|  41|0x0000000082900000, 0x0000000082a00000, 0x0000000082a00000|100%| O|  |TAMS 0x0000000082a00000, 0x0000000082900000| Untracked 
|  42|0x0000000082a00000, 0x0000000082b00000, 0x0000000082b00000|100%| O|  |TAMS 0x0000000082b00000, 0x0000000082a00000| Untracked 
|  43|0x0000000082b00000, 0x0000000082c00000, 0x0000000082c00000|100%| O|  |TAMS 0x0000000082c00000, 0x0000000082b00000| Untracked 
|  44|0x0000000082c00000, 0x0000000082d00000, 0x0000000082d00000|100%| O|  |TAMS 0x0000000082d00000, 0x0000000082c00000| Untracked 
|  45|0x0000000082d00000, 0x0000000082e00000, 0x0000000082e00000|100%| O|  |TAMS 0x0000000082e00000, 0x0000000082d00000| Untracked 
|  46|0x0000000082e00000, 0x0000000082f00000, 0x0000000082f00000|100%| O|  |TAMS 0x0000000082f00000, 0x0000000082e00000| Untracked 
|  47|0x0000000082f00000, 0x0000000083000000, 0x0000000083000000|100%| O|  |TAMS 0x0000000083000000, 0x0000000082f00000| Untracked 
|  48|0x0000000083000000, 0x00000000830f2600, 0x0000000083100000| 94%| O|  |TAMS 0x00000000830f2600, 0x0000000083000000| Untracked 
|  49|0x0000000083100000, 0x0000000083100000, 0x0000000083200000|  0%| F|  |TAMS 0x0000000083100000, 0x0000000083100000| Untracked 
|  50|0x0000000083200000, 0x0000000083200000, 0x0000000083300000|  0%| F|  |TAMS 0x0000000083200000, 0x0000000083200000| Untracked 
|  51|0x0000000083300000, 0x0000000083300000, 0x0000000083400000|  0%| F|  |TAMS 0x0000000083300000, 0x0000000083300000| Untracked 
|  52|0x0000000083400000, 0x0000000083400000, 0x0000000083500000|  0%| F|  |TAMS 0x0000000083400000, 0x0000000083400000| Untracked 
|  53|0x0000000083500000, 0x0000000083500000, 0x0000000083600000|  0%| F|  |TAMS 0x0000000083500000, 0x0000000083500000| Untracked 
|  54|0x0000000083600000, 0x0000000083600000, 0x0000000083700000|  0%| F|  |TAMS 0x0000000083600000, 0x0000000083600000| Untracked 
|  55|0x0000000083700000, 0x0000000083700000, 0x0000000083800000|  0%| F|  |TAMS 0x0000000083700000, 0x0000000083700000| Untracked 
|  56|0x0000000083800000, 0x0000000083800000, 0x0000000083900000|  0%| F|  |TAMS 0x0000000083800000, 0x0000000083800000| Untracked 
|  57|0x0000000083900000, 0x0000000083900000, 0x0000000083a00000|  0%| F|  |TAMS 0x0000000083900000, 0x0000000083900000| Untracked 
|  58|0x0000000083a00000, 0x0000000083a00000, 0x0000000083b00000|  0%| F|  |TAMS 0x0000000083a00000, 0x0000000083a00000| Untracked 
|  59|0x0000000083b00000, 0x0000000083b00000, 0x0000000083c00000|  0%| F|  |TAMS 0x0000000083b00000, 0x0000000083b00000| Untracked 
|  60|0x0000000083c00000, 0x0000000083c00000, 0x0000000083d00000|  0%| F|  |TAMS 0x0000000083c00000, 0x0000000083c00000| Untracked 
|  61|0x0000000083d00000, 0x0000000083d00000, 0x0000000083e00000|  0%| F|  |TAMS 0x0000000083d00000, 0x0000000083d00000| Untracked 
|  62|0x0000000083e00000, 0x0000000083e00000, 0x0000000083f00000|  0%| F|  |TAMS 0x0000000083e00000, 0x0000000083e00000| Untracked 
|  63|0x0000000083f00000, 0x0000000083f00000, 0x0000000084000000|  0%| F|  |TAMS 0x0000000083f00000, 0x0000000083f00000| Untracked 
|  64|0x0000000084000000, 0x0000000084000000, 0x0000000084100000|  0%| F|  |TAMS 0x0000000084000000, 0x0000000084000000| Untracked 
|  65|0x0000000084100000, 0x0000000084100000, 0x0000000084200000|  0%| F|  |TAMS 0x0000000084100000, 0x0000000084100000| Untracked 
|  66|0x0000000084200000, 0x0000000084200000, 0x0000000084300000|  0%| F|  |TAMS 0x0000000084200000, 0x0000000084200000| Untracked 
|  67|0x0000000084300000, 0x0000000084300000, 0x0000000084400000|  0%| F|  |TAMS 0x0000000084300000, 0x0000000084300000| Untracked 
|  68|0x0000000084400000, 0x0000000084400000, 0x0000000084500000|  0%| F|  |TAMS 0x0000000084400000, 0x0000000084400000| Untracked 
|  69|0x0000000084500000, 0x0000000084500000, 0x0000000084600000|  0%| F|  |TAMS 0x0000000084500000, 0x0000000084500000| Untracked 
|  70|0x0000000084600000, 0x0000000084600000, 0x0000000084700000|  0%| F|  |TAMS 0x0000000084600000, 0x0000000084600000| Untracked 
|  71|0x0000000084700000, 0x0000000084700000, 0x0000000084800000|  0%| F|  |TAMS 0x0000000084700000, 0x0000000084700000| Untracked 
|  72|0x0000000084800000, 0x0000000084800000, 0x0000000084900000|  0%| F|  |TAMS 0x0000000084800000, 0x0000000084800000| Untracked 
|  73|0x0000000084900000, 0x00000000849f8498, 0x0000000084a00000| 96%| S|CS|TAMS 0x0000000084900000, 0x0000000084900000| Complete 
|  74|0x0000000084a00000, 0x0000000084b00000, 0x0000000084b00000|100%| S|CS|TAMS 0x0000000084a00000, 0x0000000084a00000| Complete 
|  75|0x0000000084b00000, 0x0000000084c00000, 0x0000000084c00000|100%| S|CS|TAMS 0x0000000084b00000, 0x0000000084b00000| Complete 
|  76|0x0000000084c00000, 0x0000000084c00000, 0x0000000084d00000|  0%| F|  |TAMS 0x0000000084c00000, 0x0000000084c00000| Untracked 
|  77|0x0000000084d00000, 0x0000000084d00000, 0x0000000084e00000|  0%| F|  |TAMS 0x0000000084d00000, 0x0000000084d00000| Untracked 
|  78|0x0000000084e00000, 0x0000000084e00000, 0x0000000084f00000|  0%| F|  |TAMS 0x0000000084e00000, 0x0000000084e00000| Untracked 
|  79|0x0000000084f00000, 0x0000000084f00000, 0x0000000085000000|  0%| F|  |TAMS 0x0000000084f00000, 0x0000000084f00000| Untracked 
|  80|0x0000000085000000, 0x0000000085000000, 0x0000000085100000|  0%| F|  |TAMS 0x0000000085000000, 0x0000000085000000| Untracked 
|  81|0x0000000085100000, 0x0000000085100000, 0x0000000085200000|  0%| F|  |TAMS 0x0000000085100000, 0x0000000085100000| Untracked 
|  82|0x0000000085200000, 0x0000000085200000, 0x0000000085300000|  0%| F|  |TAMS 0x0000000085200000, 0x0000000085200000| Untracked 
|  83|0x0000000085300000, 0x0000000085356cc0, 0x0000000085400000| 33%| E|  |TAMS 0x0000000085300000, 0x0000000085300000| Complete 
|  84|0x0000000085400000, 0x0000000085500000, 0x0000000085500000|100%| E|CS|TAMS 0x0000000085400000, 0x0000000085400000| Complete 
|  85|0x0000000085500000, 0x0000000085600000, 0x0000000085600000|100%| E|CS|TAMS 0x0000000085500000, 0x0000000085500000| Complete 
|  86|0x0000000085600000, 0x0000000085700000, 0x0000000085700000|100%| E|CS|TAMS 0x0000000085600000, 0x0000000085600000| Complete 
|  87|0x0000000085700000, 0x0000000085800000, 0x0000000085800000|100%| E|CS|TAMS 0x0000000085700000, 0x0000000085700000| Complete 
|  88|0x0000000085800000, 0x0000000085900000, 0x0000000085900000|100%| E|CS|TAMS 0x0000000085800000, 0x0000000085800000| Complete 
|  89|0x0000000085900000, 0x0000000085a00000, 0x0000000085a00000|100%| E|CS|TAMS 0x0000000085900000, 0x0000000085900000| Complete 
|  90|0x0000000085a00000, 0x0000000085b00000, 0x0000000085b00000|100%| E|CS|TAMS 0x0000000085a00000, 0x0000000085a00000| Complete 
|  91|0x0000000085b00000, 0x0000000085c00000, 0x0000000085c00000|100%| E|CS|TAMS 0x0000000085b00000, 0x0000000085b00000| Complete 
|  92|0x0000000085c00000, 0x0000000085d00000, 0x0000000085d00000|100%| E|CS|TAMS 0x0000000085c00000, 0x0000000085c00000| Complete 

Card table byte_map: [0x00000206ce620000,0x00000206cea20000] _byte_map_base: 0x00000206ce220000

Marking Bits (Prev, Next): (CMBitMap*) 0x00000206bb8e7c30, (CMBitMap*) 0x00000206bb8e7bf8
 Prev Bits: [0x00000206d0e20000, 0x00000206d2e20000)
 Next Bits: [0x00000206cee20000, 0x00000206d0e20000)

Polling page: 0x00000206b9a50000

Metaspace:

Usage:
  Non-class:     61.98 MB capacity,    60.96 MB ( 98%) used,   877.70 KB (  1%) free+waste,   161.19 KB ( <1%) overhead. 
      Class:      9.73 MB capacity,     9.18 MB ( 94%) used,   488.27 KB (  5%) free+waste,    74.88 KB ( <1%) overhead. 
       Both:     71.71 MB capacity,    70.14 MB ( 98%) used,     1.33 MB (  2%) free+waste,   236.06 KB ( <1%) overhead. 

Virtual space:
  Non-class space:       64.00 MB reserved,      62.12 MB ( 97%) committed 
      Class space:        1.00 GB reserved,       9.75 MB ( <1%) committed 
             Both:        1.06 GB reserved,      71.87 MB (  7%) committed 

Chunk freelists:
   Non-Class:  20.00 KB
       Class:  18.00 KB
        Both:  38.00 KB

MaxMetaspaceSize: 17179869184.00 GB
CompressedClassSpaceSize: 1.00 GB

CodeHeap 'non-profiled nmethods': size=120064Kb used=3503Kb max_used=3503Kb free=116560Kb
 bounds [0x00000206c6ce0000, 0x00000206c7050000, 0x00000206ce220000]
CodeHeap 'profiled nmethods': size=120000Kb used=13615Kb max_used=13615Kb free=106384Kb
 bounds [0x00000206bf7b0000, 0x00000206c0500000, 0x00000206c6ce0000]
CodeHeap 'non-nmethods': size=5696Kb used=2230Kb max_used=2281Kb free=3465Kb
 bounds [0x00000206bf220000, 0x00000206bf490000, 0x00000206bf7b0000]
 total_blobs=7120 nmethods=6298 adapters=734
 compilation: enabled
              stopped_count=0, restarted_count=0
 full_count=0

Compilation events (20 events):
Event: 93.758 Thread 0x00000206d5003800 6488       2       sun.reflect.annotation.AnnotationInvocationHandler::hashCodeImpl (69 bytes)
Event: 93.758 Thread 0x00000206d5003800 nmethod 6488 0x00000206c04e1f90 code [0x00000206c04e21c0, 0x00000206c04e24f8]
Event: 93.760 Thread 0x00000206d5003800 6489       2       com.google.common.collect.CompactHashSet::iterator (9 bytes)
Event: 93.761 Thread 0x00000206d5003800 nmethod 6489 0x00000206c04e2710 code [0x00000206c04e28c0, 0x00000206c04e2a48]
Event: 93.761 Thread 0x00000206d5003800 6490       2       com.google.common.collect.CompactHashSet::firstEntryIndex (13 bytes)
Event: 93.761 Thread 0x00000206d5003800 nmethod 6490 0x00000206c04e2b10 code [0x00000206c04e2cc0, 0x00000206c04e2dd8]
Event: 93.762 Thread 0x00000206d5003800 6491       2       com.google.common.collect.CompactHashSet$1::next (57 bytes)
Event: 93.763 Thread 0x00000206d5003800 nmethod 6491 0x00000206c04e2e90 code [0x00000206c04e3060, 0x00000206c04e3338]
Event: 93.764 Thread 0x00000206d5003800 6492   !   2       com.sun.proxy.$Proxy73::annotationType (29 bytes)
Event: 93.765 Thread 0x00000206d5003800 nmethod 6492 0x00000206c04e3510 code [0x00000206c04e36e0, 0x00000206c04e3938]
Event: 93.765 Thread 0x00000206d5003800 6493       2       com.google.common.base.Suppliers::memoize (43 bytes)
Event: 93.766 Thread 0x00000206d5003800 nmethod 6493 0x00000206c04e3a90 code [0x00000206c04e3c80, 0x00000206c04e40b8]
Event: 93.766 Thread 0x00000206d5003800 6494       2       org.gradle.api.internal.tasks.properties.AbstractPropertyNode::getQualifiedPropertyName (38 bytes)
Event: 93.767 Thread 0x00000206d5003800 nmethod 6494 0x00000206c04e4290 code [0x00000206c04e44a0, 0x00000206c04e4838]
Event: 93.768 Thread 0x00000206d5003800 6495       2       org.gradle.api.internal.tasks.properties.bean.AbstractNestedRuntimeBeanNode$BeanPropertyValue::<init> (35 bytes)
Event: 93.769 Thread 0x00000206d5003800 nmethod 6495 0x00000206c04e4a10 code [0x00000206c04e4c00, 0x00000206c04e4fb8]
Event: 93.769 Thread 0x00000206d5003800 6496       2       org.gradle.api.internal.tasks.properties.bean.AbstractNestedRuntimeBeanNode$1::<init> (20 bytes)
Event: 93.769 Thread 0x00000206d5003800 nmethod 6496 0x00000206c04e5190 code [0x00000206c04e5340, 0x00000206c04e5558]
Event: 93.773 Thread 0x00000206d5003800 6497       2       java.util.stream.ReferencePipeline::forEachWithCancel (23 bytes)
Event: 93.773 Thread 0x00000206d5003800 nmethod 6497 0x00000206c04e5610 code [0x00000206c04e57e0, 0x00000206c04e59d8]

GC Heap History (20 events):
Event: 85.171 GC heap before
{Heap before GC invocations=48 (full 0):
 garbage-first heap   total 65536K, used 53046K [0x0000000080000000, 0x0000000100000000)
  region size 1024K, 7 young (7168K), 1 survivors (1024K)
 Metaspace       used 61951K, capacity 63398K, committed 63612K, reserved 1103872K
  class space    used 7909K, capacity 8421K, committed 8448K, reserved 1048576K
}
Event: 85.179 GC heap after
{Heap after GC invocations=49 (full 0):
 garbage-first heap   total 65536K, used 48258K [0x0000000080000000, 0x0000000100000000)
  region size 1024K, 1 young (1024K), 1 survivors (1024K)
 Metaspace       used 61951K, capacity 63398K, committed 63612K, reserved 1103872K
  class space    used 7909K, capacity 8421K, committed 8448K, reserved 1048576K
}
Event: 85.791 GC heap before
{Heap before GC invocations=49 (full 0):
 garbage-first heap   total 65536K, used 53378K [0x0000000080000000, 0x0000000100000000)
  region size 1024K, 7 young (7168K), 1 survivors (1024K)
 Metaspace       used 62914K, capacity 64367K, committed 64636K, reserved 1105920K
  class space    used 8104K, capacity 8617K, committed 8704K, reserved 1048576K
}
Event: 85.799 GC heap after
{Heap after GC invocations=50 (full 0):
 garbage-first heap   total 65536K, used 48378K [0x0000000080000000, 0x0000000100000000)
  region size 1024K, 1 young (1024K), 1 survivors (1024K)
 Metaspace       used 62914K, capacity 64367K, committed 64636K, reserved 1105920K
  class space    used 8104K, capacity 8617K, committed 8704K, reserved 1048576K
}
Event: 86.509 GC heap before
{Heap before GC invocations=51 (full 0):
 garbage-first heap   total 65536K, used 54522K [0x0000000080000000, 0x0000000100000000)
  region size 1024K, 7 young (7168K), 1 survivors (1024K)
 Metaspace       used 63745K, capacity 65187K, committed 65276K, reserved 1105920K
  class space    used 8263K, capacity 8782K, committed 8832K, reserved 1048576K
}
Event: 86.519 GC heap after
{Heap after GC invocations=52 (full 0):
 garbage-first heap   total 65536K, used 48851K [0x0000000080000000, 0x0000000100000000)
  region size 1024K, 1 young (1024K), 1 survivors (1024K)
 Metaspace       used 63745K, capacity 65187K, committed 65276K, reserved 1105920K
  class space    used 8263K, capacity 8782K, committed 8832K, reserved 1048576K
}
Event: 87.291 GC heap before
{Heap before GC invocations=52 (full 0):
 garbage-first heap   total 65536K, used 54995K [0x0000000080000000, 0x0000000100000000)
  region size 1024K, 7 young (7168K), 1 survivors (1024K)
 Metaspace       used 64385K, capacity 65867K, committed 66172K, reserved 1105920K
  class space    used 8344K, capacity 8858K, committed 8960K, reserved 1048576K
}
Event: 87.302 GC heap after
{Heap after GC invocations=53 (full 0):
 garbage-first heap   total 65536K, used 49348K [0x0000000080000000, 0x0000000100000000)
  region size 1024K, 1 young (1024K), 1 survivors (1024K)
 Metaspace       used 64385K, capacity 65867K, committed 66172K, reserved 1105920K
  class space    used 8344K, capacity 8858K, committed 8960K, reserved 1048576K
}
Event: 87.820 GC heap before
{Heap before GC invocations=54 (full 0):
 garbage-first heap   total 65536K, used 54468K [0x0000000080000000, 0x0000000100000000)
  region size 1024K, 6 young (6144K), 1 survivors (1024K)
 Metaspace       used 64742K, capacity 66284K, committed 66428K, reserved 1107968K
  class space    used 8389K, capacity 8929K, committed 8960K, reserved 1048576K
}
Event: 87.833 GC heap after
{Heap after GC invocations=55 (full 0):
 garbage-first heap   total 78848K, used 49598K [0x0000000080000000, 0x0000000100000000)
  region size 1024K, 1 young (1024K), 1 survivors (1024K)
 Metaspace       used 64742K, capacity 66284K, committed 66428K, reserved 1107968K
  class space    used 8389K, capacity 8929K, committed 8960K, reserved 1048576K
}
Event: 88.963 GC heap before
{Heap before GC invocations=55 (full 0):
 garbage-first heap   total 78848K, used 59838K [0x0000000080000000, 0x0000000100000000)
  region size 1024K, 11 young (11264K), 1 survivors (1024K)
 Metaspace       used 65731K, capacity 67283K, committed 67452K, reserved 1107968K
  class space    used 8553K, capacity 9089K, committed 9216K, reserved 1048576K
}
Event: 88.974 GC heap after
{Heap after GC invocations=56 (full 0):
 garbage-first heap   total 78848K, used 50142K [0x0000000080000000, 0x0000000100000000)
  region size 1024K, 2 young (2048K), 2 survivors (2048K)
 Metaspace       used 65731K, capacity 67283K, committed 67452K, reserved 1107968K
  class space    used 8553K, capacity 9089K, committed 9216K, reserved 1048576K
}
Event: 90.530 GC heap before
{Heap before GC invocations=57 (full 0):
 garbage-first heap   total 78848K, used 60382K [0x0000000080000000, 0x0000000100000000)
  region size 1024K, 12 young (12288K), 2 survivors (2048K)
 Metaspace       used 66940K, capacity 68500K, committed 68604K, reserved 1107968K
  class space    used 8720K, capacity 9261K, committed 9344K, reserved 1048576K
}
Event: 90.545 GC heap after
{Heap after GC invocations=58 (full 0):
 garbage-first heap   total 78848K, used 50802K [0x0000000080000000, 0x0000000100000000)
  region size 1024K, 2 young (2048K), 2 survivors (2048K)
 Metaspace       used 66940K, capacity 68500K, committed 68604K, reserved 1107968K
  class space    used 8720K, capacity 9261K, committed 9344K, reserved 1048576K
}
Event: 91.150 GC heap before
{Heap before GC invocations=58 (full 0):
 garbage-first heap   total 78848K, used 61042K [0x0000000080000000, 0x0000000100000000)
  region size 1024K, 12 young (12288K), 2 survivors (2048K)
 Metaspace       used 67984K, capacity 69572K, committed 69756K, reserved 1110016K
  class space    used 8910K, capacity 9464K, committed 9472K, reserved 1048576K
}
Event: 91.165 GC heap after
{Heap after GC invocations=59 (full 0):
 garbage-first heap   total 78848K, used 51073K [0x0000000080000000, 0x0000000100000000)
  region size 1024K, 1 young (1024K), 1 survivors (1024K)
 Metaspace       used 67984K, capacity 69572K, committed 69756K, reserved 1110016K
  class space    used 8910K, capacity 9464K, committed 9472K, reserved 1048576K
}
Event: 92.327 GC heap before
{Heap before GC invocations=60 (full 0):
 garbage-first heap   total 78848K, used 62337K [0x0000000080000000, 0x0000000100000000)
  region size 1024K, 12 young (12288K), 1 survivors (1024K)
 Metaspace       used 70114K, capacity 71744K, committed 71804K, reserved 1112064K
  class space    used 9167K, capacity 9715K, committed 9728K, reserved 1048576K
}
Event: 92.338 GC heap after
{Heap after GC invocations=61 (full 0):
 garbage-first heap   total 95232K, used 51631K [0x0000000080000000, 0x0000000100000000)
  region size 1024K, 2 young (2048K), 2 survivors (2048K)
 Metaspace       used 70114K, capacity 71744K, committed 71804K, reserved 1112064K
  class space    used 9167K, capacity 9715K, committed 9728K, reserved 1048576K
}
Event: 93.463 GC heap before
{Heap before GC invocations=61 (full 0):
 garbage-first heap   total 95232K, used 69039K [0x0000000080000000, 0x0000000100000000)
  region size 1024K, 19 young (19456K), 2 survivors (2048K)
 Metaspace       used 71316K, capacity 72907K, committed 73084K, reserved 1112064K
  class space    used 9333K, capacity 9901K, committed 9984K, reserved 1048576K
}
Event: 93.478 GC heap after
{Heap after GC invocations=62 (full 0):
 garbage-first heap   total 95232K, used 53162K [0x0000000080000000, 0x0000000100000000)
  region size 1024K, 3 young (3072K), 3 survivors (3072K)
 Metaspace       used 71316K, capacity 72907K, committed 73084K, reserved 1112064K
  class space    used 9333K, capacity 9901K, committed 9984K, reserved 1048576K
}

Deoptimization events (20 events):
Event: 91.834 Thread 0x00000206d5b30800 DEOPT PACKING pc=0x00000206c00db065 sp=0x0000009ecd3f9a70
Event: 91.834 Thread 0x00000206d5b30800 DEOPT UNPACKING pc=0x00000206bf2467c0 sp=0x0000009ecd3f8f20 mode 0
Event: 91.835 Thread 0x00000206d5b30800 DEOPT PACKING pc=0x00000206c00db065 sp=0x0000009ecd3f9a70
Event: 91.835 Thread 0x00000206d5b30800 DEOPT UNPACKING pc=0x00000206bf2467c0 sp=0x0000009ecd3f8f20 mode 0
Event: 91.835 Thread 0x00000206d5b30800 DEOPT PACKING pc=0x00000206c00db065 sp=0x0000009ecd3f9a70
Event: 91.835 Thread 0x00000206d5b30800 DEOPT UNPACKING pc=0x00000206bf2467c0 sp=0x0000009ecd3f8f20 mode 0
Event: 91.835 Thread 0x00000206d5b30800 DEOPT PACKING pc=0x00000206c00db065 sp=0x0000009ecd3f9a70
Event: 91.835 Thread 0x00000206d5b30800 DEOPT UNPACKING pc=0x00000206bf2467c0 sp=0x0000009ecd3f8f20 mode 0
Event: 91.835 Thread 0x00000206d5b30800 DEOPT PACKING pc=0x00000206c00db065 sp=0x0000009ecd3f9a70
Event: 91.835 Thread 0x00000206d5b30800 DEOPT UNPACKING pc=0x00000206bf2467c0 sp=0x0000009ecd3f8f20 mode 0
Event: 91.835 Thread 0x00000206d5b30800 DEOPT PACKING pc=0x00000206c00db065 sp=0x0000009ecd3f9a70
Event: 91.835 Thread 0x00000206d5b30800 DEOPT UNPACKING pc=0x00000206bf2467c0 sp=0x0000009ecd3f8f20 mode 0
Event: 92.653 Thread 0x00000206d5b30800 Uncommon trap: trap_request=0xffffff4d fr.pc=0x00000206c6e78f0c relative=0x000000000000070c
Event: 92.653 Thread 0x00000206d5b30800 Uncommon trap: reason=unstable_if action=reinterpret pc=0x00000206c6e78f0c method=java.util.HashMap.putVal(ILjava/lang/Object;Ljava/lang/Object;ZZ)Ljava/lang/Object; @ 109 c2
Event: 92.653 Thread 0x00000206d5b30800 DEOPT PACKING pc=0x00000206c6e78f0c sp=0x0000009ecd3f8980
Event: 92.653 Thread 0x00000206d5b30800 DEOPT UNPACKING pc=0x00000206bf2469aa sp=0x0000009ecd3f8898 mode 2
Event: 92.653 Thread 0x00000206d5b30800 Uncommon trap: trap_request=0xffffff4d fr.pc=0x00000206c6e73e20 relative=0x00000000000006a0
Event: 92.653 Thread 0x00000206d5b30800 Uncommon trap: reason=unstable_if action=reinterpret pc=0x00000206c6e73e20 method=java.util.HashMap.putVal(ILjava/lang/Object;Ljava/lang/Object;ZZ)Ljava/lang/Object; @ 109 c2
Event: 92.653 Thread 0x00000206d5b30800 DEOPT PACKING pc=0x00000206c6e73e20 sp=0x0000009ecd3f88d0
Event: 92.653 Thread 0x00000206d5b30800 DEOPT UNPACKING pc=0x00000206bf2469aa sp=0x0000009ecd3f8888 mode 2

Classes redefined (0 events):
No events

Internal exceptions (20 events):
Event: 82.276 Thread 0x00000206d5b30800 Exception <a 'java/lang/ClassNotFoundException'{0x0000000083b0bb08}: org/gradle/api/JavaVersionBeanInfo> (0x0000000083b0bb08) thrown at [./src/hotspot/share/classfile/systemDictionary.cpp, line 231]
Event: 82.280 Thread 0x00000206d5b30800 Exception <a 'java/lang/ClassNotFoundException'{0x0000000083b16fc0}: java/lang/EnumBeanInfo> (0x0000000083b16fc0) thrown at [./src/hotspot/share/classfile/systemDictionary.cpp, line 231]
Event: 82.281 Thread 0x00000206d5b30800 Exception <a 'java/lang/ClassNotFoundException'{0x0000000083b224e8}: java/lang/EnumCustomizer> (0x0000000083b224e8) thrown at [./src/hotspot/share/classfile/systemDictionary.cpp, line 231]
Event: 82.285 Thread 0x00000206d5b30800 Exception <a 'java/lang/ClassNotFoundException'{0x0000000083b4dc00}: org/gradle/api/JavaVersionCustomizer> (0x0000000083b4dc00) thrown at [./src/hotspot/share/classfile/systemDictionary.cpp, line 231]
Event: 82.295 Thread 0x00000206d5b30800 Exception <a 'java/lang/ClassNotFoundException'{0x0000000083b9d1c0}: com/android/build/gradle/internal/CompileOptions_DecoratedBeanInfo> (0x0000000083b9d1c0) thrown at [./src/hotspot/share/classfile/systemDictionary.cpp, line 231]
Event: 82.296 Thread 0x00000206d5b30800 Exception <a 'java/lang/ClassNotFoundException'{0x0000000083bb3ab0}: com/android/build/gradle/internal/CompileOptionsBeanInfo> (0x0000000083bb3ab0) thrown at [./src/hotspot/share/classfile/systemDictionary.cpp, line 231]
Event: 82.298 Thread 0x00000206d5b30800 Exception <a 'java/lang/ClassNotFoundException'{0x0000000083bca798}: com/android/build/gradle/internal/CompileOptionsCustomizer> (0x0000000083bca798) thrown at [./src/hotspot/share/classfile/systemDictionary.cpp, line 231]
Event: 82.301 Thread 0x00000206d5b30800 Exception <a 'java/lang/ClassNotFoundException'{0x0000000083bedda8}: com/android/build/gradle/internal/CompileOptions_DecoratedCustomizer> (0x0000000083bedda8) thrown at [./src/hotspot/share/classfile/systemDictionary.cpp, line 231]
Event: 87.513 Thread 0x00000206d5b30800 Exception <a 'java/lang/ClassNotFoundException'{0x0000000083d0dfb0}: com/android/build/gradle/internal/api/ApkVariantOutputImpl_DecoratedBeanInfo> (0x0000000083d0dfb0) thrown at [./src/hotspot/share/classfile/systemDictionary.cpp, line 231]
Event: 87.515 Thread 0x00000206d5b30800 Exception <a 'java/lang/ClassNotFoundException'{0x0000000083d24448}: com/android/build/gradle/internal/api/ApkVariantOutputImplBeanInfo> (0x0000000083d24448) thrown at [./src/hotspot/share/classfile/systemDictionary.cpp, line 231]
Event: 87.516 Thread 0x00000206d5b30800 Exception <a 'java/lang/ClassNotFoundException'{0x0000000083d3af08}: com/android/build/gradle/internal/api/BaseVariantOutputImplBeanInfo> (0x0000000083d3af08) thrown at [./src/hotspot/share/classfile/systemDictionary.cpp, line 231]
Event: 87.517 Thread 0x00000206d5b30800 Exception <a 'java/lang/ClassNotFoundException'{0x0000000083d51a10}: com/android/build/gradle/internal/api/BaseVariantOutputImplCustomizer> (0x0000000083d51a10) thrown at [./src/hotspot/share/classfile/systemDictionary.cpp, line 231]
Event: 87.520 Thread 0x00000206d5b30800 Exception <a 'java/lang/ClassNotFoundException'{0x0000000083d7abe0}: com/android/build/gradle/internal/api/ApkVariantOutputImplCustomizer> (0x0000000083d7abe0) thrown at [./src/hotspot/share/classfile/systemDictionary.cpp, line 231]
Event: 87.522 Thread 0x00000206d5b30800 Exception <a 'java/lang/ClassNotFoundException'{0x0000000083da0098}: com/android/build/gradle/internal/api/ApkVariantOutputImpl_DecoratedCustomizer> (0x0000000083da0098) thrown at [./src/hotspot/share/classfile/systemDictionary.cpp, line 231]
Event: 89.584 Thread 0x00000206d5b30800 Exception <a 'sun/nio/fs/WindowsException'{0x0000000084ad5ab0}> (0x0000000084ad5ab0) thrown at [./src/hotspot/share/prims/jni.cpp, line 615]
Event: 90.613 Thread 0x00000206d5b30800 Exception <a 'java/lang/NullPointerException'{0x0000000084b293b8}> (0x0000000084b293b8) thrown at [./src/hotspot/share/interpreter/linkResolver.cpp, line 1440]
Event: 91.663 Thread 0x00000206d5b30800 Exception <a 'java/lang/NoSuchMethodError'{0x0000000084796f68}: 'int java.lang.invoke.DirectMethodHandle$Holder.invokeStatic(java.lang.Object, java.lang.Object, int, java.lang.Object)'> (0x0000000084796f68) thrown at [./src/hotspot/share/interpreter/linkResolver.cpp, line 773]
Event: 91.665 Thread 0x00000206d5b30800 Exception <a 'java/lang/NoSuchMethodError'{0x000000008479de10}: 'java.lang.Object java.lang.invoke.Invokers$Holder.linkToTargetMethod(java.lang.Object, int, java.lang.Object)'> (0x000000008479de10) thrown at [./src/hotspot/share/interpreter/linkResolver.cpp, line 773]
Event: 93.205 Thread 0x00000206d5b30800 Exception <a 'java/lang/NoSuchMethodError'{0x0000000085049b50}: 'void java.lang.invoke.DirectMethodHandle$Holder.invokeStatic(java.lang.Object, java.lang.Object, java.lang.Object, java.lang.Object, java.lang.Object, java.lang.Object, java.lang.Object)'> (0x0000000085049b50) thrown at [./src/hotspot/share/interpreter/linkResolver.cpp, line 773]
Event: 93.311 Thread 0x00000206d5b30800 Exception <a 'java/lang/NoSuchMethodError'{0x0000000084e2e3d0}: 'java.lang.Object java.lang.invoke.Invokers$Holder.linkToTargetMethod(java.lang.Object, int, int, java.lang.Object)'> (0x0000000084e2e3d0) thrown at [./src/hotspot/share/interpreter/linkResolver.cpp, line 773]

Events (20 events):
Event: 93.381 loading class com/android/build/gradle/tasks/ProcessApplicationManifest$CreationAction$configure$4
Event: 93.381 loading class com/android/build/gradle/tasks/ProcessApplicationManifest$CreationAction$configure$4 done
Event: 93.381 loading class kotlin/jvm/internal/PropertyReference0
Event: 93.381 loading class kotlin/jvm/internal/PropertyReference0 done
Event: 93.382 loading class com/android/build/gradle/tasks/ProcessApplicationManifest$sam$java_util_concurrent_Callable$0
Event: 93.382 loading class com/android/build/gradle/tasks/ProcessApplicationManifest$sam$java_util_concurrent_Callable$0 done
Event: 93.383 loading class com/android/build/gradle/tasks/ProcessApplicationManifest$CreationAction$configure$5
Event: 93.383 loading class com/android/build/gradle/tasks/ProcessApplicationManifest$CreationAction$configure$5 done
Event: 93.397 loading class com/android/build/gradle/tasks/CompatibleScreensManifest$CreationAction$configure$2
Event: 93.397 loading class com/android/build/gradle/tasks/CompatibleScreensManifest$CreationAction$configure$2 done
Event: 93.417 loading class com/android/build/gradle/internal/core/VariantSources$manifestOverlays$gatherManifest$1
Event: 93.417 loading class com/android/build/gradle/internal/core/VariantSources$manifestOverlays$gatherManifest$1 done
Event: 93.460 loading class com/android/build/gradle/internal/core/VariantDslInfoImpl$getResValues$1
Event: 93.460 loading class com/android/build/gradle/internal/core/VariantDslInfoImpl$getResValues$1 done
Event: 93.462 Executing VM operation: G1CollectForAllocation
Event: 93.478 Executing VM operation: G1CollectForAllocation done
Event: 93.661 Executing VM operation: CGC_Operation
Event: 93.688 Executing VM operation: CGC_Operation done
Event: 93.770 loading class com/android/build/gradle/internal/signing/SigningConfigProviderParams
Event: 93.770 loading class com/android/build/gradle/internal/signing/SigningConfigProviderParams done


Dynamic libraries:
0x00007ff704020000 - 0x00007ff70402a000 	C:\Program Files\Android\Android Studio\jre\bin\java.exe
0x00007ffe3b620000 - 0x00007ffe3b801000 	C:\Windows\SYSTEM32\ntdll.dll
0x00007ffe38ab0000 - 0x00007ffe38b62000 	C:\Windows\System32\KERNEL32.DLL
0x00007ffe37cf0000 - 0x00007ffe37f63000 	C:\Windows\System32\KERNELBASE.dll
0x00007ffe37bf0000 - 0x00007ffe37cea000 	C:\Windows\System32\ucrtbase.dll
0x00007ffe2e340000 - 0x00007ffe2e359000 	C:\Program Files\Android\Android Studio\jre\bin\jli.dll
0x00007ffe390d0000 - 0x00007ffe39260000 	C:\Windows\System32\USER32.dll
0x00007ffe37f70000 - 0x00007ffe37f90000 	C:\Windows\System32\win32u.dll
0x00007ffe39650000 - 0x00007ffe39678000 	C:\Windows\System32\GDI32.dll
0x00007ffe37a50000 - 0x00007ffe37be2000 	C:\Windows\System32\gdi32full.dll
0x00007ffe38090000 - 0x00007ffe3812f000 	C:\Windows\System32\msvcp_win.dll
0x00007ffe2e240000 - 0x00007ffe2e257000 	C:\Program Files\Android\Android Studio\jre\bin\VCRUNTIME140.dll
0x00007ffe2a990000 - 0x00007ffe2abf9000 	C:\Windows\WinSxS\amd64_microsoft.windows.common-controls_6595b64144ccf1df_6.0.17133.73_none_b4b127863cb5b9c7\COMCTL32.dll
0x00007ffe39710000 - 0x00007ffe397ae000 	C:\Windows\System32\msvcrt.dll
0x00007ffe3aef0000 - 0x00007ffe3b213000 	C:\Windows\System32\combase.dll
0x00007ffe39320000 - 0x00007ffe39444000 	C:\Windows\System32\RPCRT4.dll
0x00007ffe38a30000 - 0x00007ffe38aaa000 	C:\Windows\System32\bcryptPrimitives.dll
0x00007ffe39680000 - 0x00007ffe396ad000 	C:\Windows\System32\IMM32.DLL
0x00007ffe0dc30000 - 0x00007ffe0dccd000 	C:\Program Files\Android\Android Studio\jre\bin\msvcp140.dll
0x00007ffe01ef0000 - 0x00007ffe029ac000 	C:\Program Files\Android\Android Studio\jre\bin\server\jvm.dll
0x00007ffe3b2c0000 - 0x00007ffe3b361000 	C:\Windows\System32\ADVAPI32.dll
0x00007ffe3b4d0000 - 0x00007ffe3b52b000 	C:\Windows\System32\sechost.dll
0x00007ffe38b80000 - 0x00007ffe38b88000 	C:\Windows\System32\PSAPI.DLL
0x00007ffe31620000 - 0x00007ffe31629000 	C:\Windows\SYSTEM32\WSOCK32.dll
0x00007ffe3b370000 - 0x00007ffe3b3dc000 	C:\Windows\System32\WS2_32.dll
0x00007ffe35bd0000 - 0x00007ffe35bf3000 	C:\Windows\SYSTEM32\WINMM.dll
0x00007ffe2a1a0000 - 0x00007ffe2a1aa000 	C:\Windows\SYSTEM32\VERSION.dll
0x00007ffe35ba0000 - 0x00007ffe35bca000 	C:\Windows\SYSTEM32\WINMMBASE.dll
0x00007ffe38040000 - 0x00007ffe38089000 	C:\Windows\System32\cfgmgr32.dll
0x00007ffe379d0000 - 0x00007ffe379e1000 	C:\Windows\System32\kernel.appcore.dll
0x00007ffe2e3c0000 - 0x00007ffe2e3d1000 	C:\Program Files\Android\Android Studio\jre\bin\verify.dll
0x00007ffe26510000 - 0x00007ffe266d9000 	C:\Windows\SYSTEM32\DBGHELP.DLL
0x00007ffe270c0000 - 0x00007ffe270e9000 	C:\Windows\SYSTEM32\dbgcore.DLL
0x00007ffe23a10000 - 0x00007ffe23a39000 	C:\Program Files\Android\Android Studio\jre\bin\java.dll
0x00007ffe30720000 - 0x00007ffe3072b000 	C:\Program Files\Android\Android Studio\jre\bin\jimage.dll
0x00007ffe2cd90000 - 0x00007ffe2cda8000 	C:\Program Files\Android\Android Studio\jre\bin\zip.dll
0x00007ffe397b0000 - 0x00007ffe3abf0000 	C:\Windows\System32\SHELL32.dll
0x00007ffe3b530000 - 0x00007ffe3b5d9000 	C:\Windows\System32\shcore.dll
0x00007ffe38320000 - 0x00007ffe38a2d000 	C:\Windows\System32\windows.storage.dll
0x00007ffe396b0000 - 0x00007ffe39701000 	C:\Windows\System32\shlwapi.dll
0x00007ffe37960000 - 0x00007ffe3797f000 	C:\Windows\System32\profapi.dll
0x00007ffe37980000 - 0x00007ffe379cc000 	C:\Windows\System32\powrprof.dll
0x00007ffe37950000 - 0x00007ffe3795a000 	C:\Windows\System32\FLTLIB.DLL
0x00007ffe238e0000 - 0x00007ffe238fa000 	C:\Program Files\Android\Android Studio\jre\bin\net.dll
0x00007ffe2e940000 - 0x00007ffe2ea1d000 	C:\Windows\SYSTEM32\WINHTTP.dll
0x00007ffe37150000 - 0x00007ffe371b6000 	C:\Windows\system32\mswsock.dll
0x00007ffe238c0000 - 0x00007ffe238d4000 	C:\Program Files\Android\Android Studio\jre\bin\nio.dll
0x00007ffe2da00000 - 0x00007ffe2da27000 	C:\Users\MISHECK\.gradle\native\fdc75f09e3144964f2cf3f50f0aa648679c211496f362492102eb8c894070792\windows-amd64\native-platform.dll
0x00007ffe09c30000 - 0x00007ffe09dc6000 	C:\Users\MISHECK\.gradle\native\12488b8bf47d2d4c9fbf2f6322a914ad602e24e48041cd04a747c6da556b65c4\windows-amd64\native-platform-file-events.dll
0x00007ffe2e3b0000 - 0x00007ffe2e3ba000 	C:\Program Files\Android\Android Studio\jre\bin\management.dll
0x00007ffe2e2e0000 - 0x00007ffe2e2ec000 	C:\Program Files\Android\Android Studio\jre\bin\management_ext.dll
0x00007ffe37300000 - 0x00007ffe37317000 	C:\Windows\SYSTEM32\CRYPTSP.dll
0x00007ffe36d30000 - 0x00007ffe36d63000 	C:\Windows\system32\rsaenh.dll
0x00007ffe37430000 - 0x00007ffe37455000 	C:\Windows\SYSTEM32\bcrypt.dll
0x00007ffe37830000 - 0x00007ffe37858000 	C:\Windows\SYSTEM32\USERENV.dll
0x00007ffe37320000 - 0x00007ffe3732b000 	C:\Windows\SYSTEM32\CRYPTBASE.dll
0x00007ffe36ed0000 - 0x00007ffe36f08000 	C:\Windows\SYSTEM32\IPHLPAPI.DLL
0x00007ffe38b70000 - 0x00007ffe38b78000 	C:\Windows\System32\NSI.dll
0x00007ffe2fdb0000 - 0x00007ffe2fdc6000 	C:\Windows\SYSTEM32\dhcpcsvc6.DLL
0x00007ffe2fd90000 - 0x00007ffe2fdaa000 	C:\Windows\SYSTEM32\dhcpcsvc.DLL
0x00007ffe30190000 - 0x00007ffe3019b000 	C:\Windows\SYSTEM32\WINNSI.DLL

dbghelp: loaded successfully - version: 4.0.5 - missing functions: none
symbol engine: initialized successfully - sym options: 0x614 - pdb path: .;C:\Program Files\Android\Android Studio\jre\bin;C:\Windows\SYSTEM32;C:\Windows\WinSxS\amd64_microsoft.windows.common-controls_6595b64144ccf1df_6.0.17133.73_none_b4b127863cb5b9c7;C:\Program Files\Android\Android Studio\jre\bin\server;C:\Users\MISHECK\.gradle\native\fdc75f09e3144964f2cf3f50f0aa648679c211496f362492102eb8c894070792\windows-amd64;C:\Users\MISHECK\.gradle\native\12488b8bf47d2d4c9fbf2f6322a914ad602e24e48041cd04a747c6da556b65c4\windows-amd64

VM Arguments:
jvm_args: --add-opens=java.base/java.util=ALL-UNNAMED --add-opens=java.base/java.lang=ALL-UNNAMED --add-opens=java.base/java.lang.invoke=ALL-UNNAMED --add-opens=java.prefs/java.util.prefs=ALL-UNNAMED -Xmx2048m -Dfile.encoding=UTF-8 -Duser.country=US -Duser.language=en -Duser.variant 
java_command: org.gradle.launcher.daemon.bootstrap.GradleDaemon 6.7.1
java_class_path (initial): C:\Users\MISHECK\.gradle\wrapper\dists\gradle-6.7.1-bin\bwlcbys1h7rz3272sye1xwiv6\gradle-6.7.1\lib\gradle-launcher-6.7.1.jar
Launcher Type: SUN_STANDARD

[Global flags]
     intx CICompilerCount                          = 2                                         {product} {ergonomic}
     uint ConcGCThreads                            = 1                                         {product} {ergonomic}
     uint G1ConcRefinementThreads                  = 2                                         {product} {ergonomic}
   size_t G1HeapRegionSize                         = 1048576                                   {product} {ergonomic}
    uintx GCDrainStackTargetSize                   = 64                                        {product} {ergonomic}
   size_t InitialHeapSize                          = 67108864                                  {product} {ergonomic}
   size_t MarkStackSize                            = 4194304                                   {product} {ergonomic}
   size_t MaxHeapSize                              = 2147483648                                {product} {command line}
   size_t MaxNewSize                               = 1287651328                                {product} {ergonomic}
   size_t MinHeapDeltaBytes                        = 1048576                                   {product} {ergonomic}
    uintx NonNMethodCodeHeapSize                   = 5825164                                {pd product} {ergonomic}
    uintx NonProfiledCodeHeapSize                  = 122916538                              {pd product} {ergonomic}
    uintx ProfiledCodeHeapSize                     = 122916538                              {pd product} {ergonomic}
    uintx ReservedCodeCacheSize                    = 251658240                              {pd product} {ergonomic}
     bool SegmentedCodeCache                       = true                                      {product} {ergonomic}
     bool UseCompressedClassPointers               = true                                 {lp64_product} {ergonomic}
     bool UseCompressedOops                        = true                                 {lp64_product} {ergonomic}
     bool UseG1GC                                  = true                                      {product} {ergonomic}
     bool UseLargePagesIndividualAllocation        = false                                  {pd product} {ergonomic}

Logging:
Log output configuration:
 #0: stdout all=warning uptime,level,tags
 #1: stderr all=off uptime,level,tags

Environment Variables:
JAVA_HOME=C:\Program Files\Java\jdk1.8.0_191
PATH=C:\Program Files (x86)\Common Files\Oracle\Java\javapath;C:\Windows\system32;C:\Windows;C:\Windows\System32\Wbem;C:\Windows\System32\WindowsPowerShell\v1.0\;C:\Windows\System32\OpenSSH\;C:\Program Files (x86)\Git\cmd;C:\Program Files\nodejs\;C:\Program Files\Java\jdk1.8.0_191\bin;C:\Users\MISHECK\AppData\Roaming\npm;C:\Exercism;C:\Users\MISHECK\AppData\Local\Programs\Python\Python39;C:\Users\MISHECK\AppData\Local\Programs\Microsoft VS Code\bin;C:\Program Files\CodeBlocks\MinGW\bin;
USERNAME=MISHECK
OS=Windows_NT
PROCESSOR_IDENTIFIER=Intel64 Family 6 Model 55 Stepping 8, GenuineIntel



---------------  S Y S T E M  ---------------

OS: Windows 10 , 64 bit Build 17133 (10.0.17133.73)
OS uptime: 2 days 9:37 hours

CPU:total 2 (initial active 2) (2 cores per cpu, 1 threads per core) family 6 model 55 stepping 8, cmov, cx8, fxsr, mmx, sse, sse2, sse3, ssse3, sse4.1, sse4.2, popcnt, clmul, erms, 3dnowpref, tsc, tscinvbit

Memory: 4k page, system-wide physical 3987M (312M free)
TotalPageFile size 5381M (AvailPageFile size 5M)
current process WorkingSet (physical memory assigned to process): 259M, peak: 259M
current process commit charge ("private bytes"): 311M, peak: 312M

vm_info: OpenJDK 64-Bit Server VM (11.0.8+10-b944.6842174) for windows-amd64 JRE (11.0.8+10-b944.6842174), built on Sep 19 2020 01:11:42 by "builder" with MS VC++ 14.0 (VS2015)

END.
