#
# There is insufficient memory for the Java Runtime Environment to continue.
# Native memory allocation (mmap) failed to map 205520896 bytes for Failed to commit area from 0x0000000098e00000 to 0x00000000a5200000 of length 205520896.
# Possible reasons:
#   The system is out of physical RAM or swap space
#   The process is running with CompressedOops enabled, and the Java Heap may be blocking the growth of the native heap
# Possible solutions:
#   Reduce memory load on the system
#   Increase physical memory or swap space
#   Check if swap backing store is full
#   Decrease Java heap size (-Xmx/-Xms)
#   Decrease number of Java threads
#   Decrease Java thread stack sizes (-Xss)
#   Set larger code cache with -XX:ReservedCodeCacheSize=
#   JVM is running with Unscaled Compressed Oops mode in which the Java heap is
#     placed in the first 4GB address space. The Java Heap base address is the
#     maximum limit for the native heap growth. Please use -XX:HeapBaseMinAddress
#     to set the Java Heap base and to place the Java Heap above 4GB virtual address.
# This output file may be truncated or incomplete.
#
#  Out of Memory Error (./src/hotspot/os/windows/os_windows.cpp:3303), pid=6988, tid=4212
#
# JRE version: OpenJDK Runtime Environment (11.0.8+10) (build 11.0.8+10-b944.6842174)
# Java VM: OpenJDK 64-Bit Server VM (11.0.8+10-b944.6842174, mixed mode, tiered, compressed oops, g1 gc, windows-amd64)
# No core dump will be written. Minidumps are not enabled by default on client versions of Windows
#

---------------  S U M M A R Y ------------

Command Line: --add-opens=java.base/java.util=ALL-UNNAMED --add-opens=java.base/java.lang=ALL-UNNAMED --add-opens=java.base/java.lang.invoke=ALL-UNNAMED --add-opens=java.prefs/java.util.prefs=ALL-UNNAMED -Xmx2048m -Dfile.encoding=UTF-8 -Duser.country=US -Duser.language=en -Duser.variant org.gradle.launcher.daemon.bootstrap.GradleDaemon 6.7.1

Host: Intel(R) Celeron(R) CPU  N2840  @ 2.16GHz, 2 cores, 3G,  Windows 10 , 64 bit Build 17133 (10.0.17133.73)
Time: Wed Jul 28 01:43:58 2021 Pacific Daylight Time elapsed time: 92 seconds (0d 0h 1m 32s)

---------------  T H R E A D  ---------------

Current thread (0x0000018769b15800):  VMThread "VM Thread" [stack: 0x0000004389400000,0x0000004389500000] [id=4212]

Stack: [0x0000004389400000,0x0000004389500000]
[error occurred during error reporting (printing stack bounds), id 0xc0000005, EXCEPTION_ACCESS_VIOLATION (0xc0000005) at pc=0x0000018753f70dbe]

Native frames: (J=compiled Java code, j=interpreted, Vv=VM code, C=native code)
V  [jvm.dll+0x5de50a]
V  [jvm.dll+0x7122f5]
V  [jvm.dll+0x71384d]
V  [jvm.dll+0x713e65]
V  [jvm.dll+0x713e1b]
V  [jvm.dll+0x5dd958]
V  [jvm.dll+0x5de0f8]
C  [ntdll.dll+0x9eddd]
C  [ntdll.dll+0x6c86]
C  [ntdll.dll+0x9dd0e]
C  0x0000018753f70dbe

VM_Operation (0x0000004388bfe610): G1CollectForAllocation, mode: safepoint, requested by thread 0x000001876a962800


---------------  P R O C E S S  ---------------

Threads class SMR info:
_java_thread_list=0x000001876ecc4670, length=41, elements={
0x0000018750600000, 0x0000018769b17800, 0x0000018769b1a800, 0x0000018769b24800,
0x000001876a480800, 0x000001876a481000, 0x000001876a486800, 0x0000018769b84800,
0x000001876a5d0000, 0x000001876a5ee000, 0x000001876be35000, 0x000001876b006800,
0x000001876a537800, 0x000001876b001800, 0x000001876a53a800, 0x000001876ba6d000,
0x000001876bae7800, 0x000001876bae8000, 0x000001876c0c5000, 0x000001876c1b5800,
0x000001876c1b6800, 0x000001876c1b4000, 0x000001876c1b5000, 0x000001876c84b800,
0x000001876c84e000, 0x000001876c84a800, 0x000001876c84d000, 0x000001876c84a000,
0x000001876c84f000, 0x000001876c849000, 0x000001876e42d000, 0x000001876a961000,
0x000001876a95d800, 0x000001876a95f800, 0x000001876a95b000, 0x000001876a960000,
0x000001876a962000, 0x000001876a95c000, 0x000001876a968800, 0x000001876a962800,
0x000001876a95d000
}

Java Threads: ( => current thread )
  0x0000018750600000 JavaThread "main" [_thread_blocked, id=15048, stack(0x0000004388e00000,0x0000004388f00000)]
  0x0000018769b17800 JavaThread "Reference Handler" daemon [_thread_blocked, id=12932, stack(0x0000004389500000,0x0000004389600000)]
  0x0000018769b1a800 JavaThread "Finalizer" daemon [_thread_blocked, id=3112, stack(0x0000004389600000,0x0000004389700000)]
  0x0000018769b24800 JavaThread "Signal Dispatcher" daemon [_thread_blocked, id=13768, stack(0x0000004389700000,0x0000004389800000)]
  0x000001876a480800 JavaThread "Attach Listener" daemon [_thread_blocked, id=10992, stack(0x0000004389800000,0x0000004389900000)]
  0x000001876a481000 JavaThread "C2 CompilerThread0" daemon [_thread_in_native, id=18292, stack(0x0000004389900000,0x0000004389a00000)]
  0x000001876a486800 JavaThread "C1 CompilerThread0" daemon [_thread_blocked, id=19064, stack(0x0000004389a00000,0x0000004389b00000)]
  0x0000018769b84800 JavaThread "Sweeper thread" daemon [_thread_blocked, id=6556, stack(0x0000004389b00000,0x0000004389c00000)]
  0x000001876a5d0000 JavaThread "Common-Cleaner" daemon [_thread_blocked, id=4156, stack(0x0000004389c00000,0x0000004389d00000)]
  0x000001876a5ee000 JavaThread "Service Thread" daemon [_thread_blocked, id=10044, stack(0x0000004389d00000,0x0000004389e00000)]
  0x000001876be35000 JavaThread "Daemon health stats" [_thread_blocked, id=13476, stack(0x000000438a000000,0x000000438a100000)]
  0x000001876b006800 JavaThread "Incoming local TCP Connector on port 64901" [_thread_in_native, id=11388, stack(0x000000438a200000,0x000000438a300000)]
  0x000001876a537800 JavaThread "Daemon" [_thread_blocked, id=1184, stack(0x000000438a300000,0x000000438a400000)]
  0x000001876b001800 JavaThread "Daemon periodic checks" [_thread_blocked, id=1136, stack(0x000000438a400000,0x000000438a500000)]
  0x000001876a53a800 JavaThread "Handler for socket connection from /127.0.0.1:64901 to /127.0.0.1:64902" [_thread_in_native, id=11028, stack(0x000000438a500000,0x000000438a600000)]
  0x000001876ba6d000 JavaThread "Cancel handler" [_thread_blocked, id=7136, stack(0x000000438a600000,0x000000438a700000)]
  0x000001876bae7800 JavaThread "Daemon worker" [_thread_blocked, id=13388, stack(0x000000438a700000,0x000000438a800000)]
  0x000001876bae8000 JavaThread "Asynchronous log dispatcher for DefaultDaemonConnection: socket connection from /127.0.0.1:64901 to /127.0.0.1:64902" [_thread_blocked, id=10932, stack(0x000000438a800000,0x000000438a900000)]
  0x000001876c0c5000 JavaThread "Thread-8" [_thread_blocked, id=15280, stack(0x000000438aa00000,0x000000438ab00000)]
  0x000001876c1b5800 JavaThread "Cache worker for file hash cache (C:\Users\MISHECK\.gradle\caches\6.7.1\fileHashes)" [_thread_blocked, id=13888, stack(0x000000438ab00000,0x000000438ac00000)]
  0x000001876c1b6800 JavaThread "File lock request listener" [_thread_in_native, id=5636, stack(0x000000438ac00000,0x000000438ad00000)]
  0x000001876c1b4000 JavaThread "Cache worker for journal cache (C:\Users\MISHECK\.gradle\caches\journal-1)" [_thread_blocked, id=5288, stack(0x000000438ad00000,0x000000438ae00000)]
  0x000001876c1b5000 JavaThread "Cache worker for file hash cache (C:\Users\MISHECK\AndroidStudioProjects\ChildSafetyApp\.gradle\6.7.1\fileHashes)" [_thread_blocked, id=16032, stack(0x000000438ae00000,0x000000438af00000)]
  0x000001876c84b800 JavaThread "Cache worker for checksums cache (C:\Users\MISHECK\AndroidStudioProjects\ChildSafetyApp\.gradle\checksums)" [_thread_blocked, id=17688, stack(0x000000438af00000,0x000000438b000000)]
  0x000001876c84e000 JavaThread "Cache worker for cache directory md-supplier (C:\Users\MISHECK\.gradle\caches\6.7.1\md-supplier)" [_thread_blocked, id=15208, stack(0x000000438b000000,0x000000438b100000)]
  0x000001876c84a800 JavaThread "Cache worker for cache directory md-rule (C:\Users\MISHECK\.gradle\caches\6.7.1\md-rule)" [_thread_blocked, id=7040, stack(0x000000438b100000,0x000000438b200000)]
  0x000001876c84d000 JavaThread "Cache worker for execution history cache (C:\Users\MISHECK\.gradle\caches\6.7.1\executionHistory)" [_thread_blocked, id=16628, stack(0x000000438b200000,0x000000438b300000)]
  0x000001876c84a000 JavaThread "Cache worker for file content cache (C:\Users\MISHECK\.gradle\caches\6.7.1\fileContent)" [_thread_blocked, id=10048, stack(0x000000438b400000,0x000000438b500000)]
  0x000001876c84f000 JavaThread "Cache worker for Build Output Cleanup Cache (C:\Users\MISHECK\AndroidStudioProjects\ChildSafetyApp\.gradle\buildOutputCleanup)" [_thread_blocked, id=8920, stack(0x000000438b500000,0x000000438b600000)]
  0x000001876c849000 JavaThread "Build operations" [_thread_blocked, id=10728, stack(0x000000438b600000,0x000000438b700000)]
  0x000001876e42d000 JavaThread "Build operations Thread 2" [_thread_blocked, id=19432, stack(0x000000438b700000,0x000000438b800000)]
  0x000001876a961000 JavaThread "jar transforms Thread 97" [_thread_blocked, id=6948, stack(0x0000004391700000,0x0000004391800000)]
  0x000001876a95d800 JavaThread "Memory manager" [_thread_blocked, id=2372, stack(0x0000004391800000,0x0000004391900000)]
  0x000001876a95f800 JavaThread "build event listener" [_thread_blocked, id=13880, stack(0x0000004388a00000,0x0000004388b00000)]
  0x000001876a95b000 JavaThread "build event listener" [_thread_blocked, id=21976, stack(0x0000004391900000,0x0000004391a00000)]
  0x000001876a960000 JavaThread "Execution worker for ':'" [_thread_blocked, id=8940, stack(0x0000004391a00000,0x0000004391b00000)]
  0x000001876a962000 JavaThread "Cache worker for execution history cache (C:\Users\MISHECK\AndroidStudioProjects\ChildSafetyApp\.gradle\6.7.1\executionHistory)" [_thread_blocked, id=17596, stack(0x0000004391b00000,0x0000004391c00000)]
  0x000001876a95c000 JavaThread "WorkerExecutor Queue" [_thread_blocked, id=18856, stack(0x0000004391c00000,0x0000004391d00000)]
  0x000001876a968800 JavaThread "WorkerExecutor Queue Thread 3" [_thread_blocked, id=15720, stack(0x0000004391e00000,0x0000004391f00000)]
  0x000001876a962800 JavaThread "ForkJoinPool-1-worker-3" daemon [_thread_blocked, id=8712, stack(0x0000004388b00000,0x0000004388c00000)]
  0x000001876a95d000 JavaThread "ForkJoinPool-1-worker-1" daemon [_thread_blocked, id=9552, stack(0x0000004388c00000,0x0000004388d00000)]

Other Threads:
=>0x0000018769b15800 VMThread "VM Thread" [stack: 0x0000004389400000,0x0000004389500000] [id=4212]
  0x000001876a5ef000 WatcherThread [stack: 0x0000004389e00000,0x0000004389f00000] [id=21232]
  0x0000018750614800 GCTaskThread "GC Thread#0" [stack: 0x0000004388f00000,0x0000004389000000] [id=3224]
  0x000001876a73c000 GCTaskThread "GC Thread#1" [stack: 0x0000004389f00000,0x000000438a000000] [id=12840]
  0x0000018750644800 ConcurrentGCThread "G1 Main Marker" [stack: 0x0000004389000000,0x0000004389100000] [id=12316]
  0x0000018750647000 ConcurrentGCThread "G1 Conc#0" [stack: 0x0000004389100000,0x0000004389200000] [id=7132]
  0x000001875069c000 ConcurrentGCThread "G1 Refine#0" [stack: 0x0000004389200000,0x0000004389300000] [id=7600]
  0x000001875069d000 ConcurrentGCThread "G1 Young RemSet Sampling" [stack: 0x0000004389300000,0x0000004389400000] [id=4444]

Threads with active compile tasks:
C2 CompilerThread0  92122 11821       4       com.android.tools.r8.graph.H1::a (52 bytes)

VM state:at safepoint (normal execution)

VM Mutex/Monitor currently owned by a thread:  ([mutex/lock_event])
[0x00000187505ff560] Threads_lock - owner thread: 0x0000018769b15800
[0x00000187505feab0] Heap_lock - owner thread: 0x000001876a962800

Heap address: 0x0000000080000000, size: 2048 MB, Compressed Oops mode: 32-bit
Narrow klass base: 0x0000000000000000, Narrow klass shift: 3
Compressed class space size: 1073741824 Address: 0x0000000100000000

Heap:
 garbage-first heap   total 608256K, used 196965K [0x0000000080000000, 0x0000000100000000)
  region size 1024K, 3 young (3072K), 3 survivors (3072K)
 Metaspace       used 89005K, capacity 91354K, committed 91684K, reserved 1128448K
  class space    used 11563K, capacity 12432K, committed 12544K, reserved 1048576K
Heap Regions: E=young(eden), S=young(survivor), O=old, HS=humongous(starts), HC=humongous(continues), CS=collection set, F=free, A=archive, TAMS=top-at-mark-start (previous, next)
|   0|0x0000000080000000, 0x0000000080100000, 0x0000000080100000|100%| O|  |TAMS 0x0000000080100000, 0x0000000080000000| Untracked 
|   1|0x0000000080100000, 0x0000000080200000, 0x0000000080200000|100%| O|  |TAMS 0x0000000080200000, 0x0000000080100000| Complete 
|   2|0x0000000080200000, 0x0000000080300000, 0x0000000080300000|100%| O|  |TAMS 0x0000000080300000, 0x0000000080200000| Complete 
|   3|0x0000000080300000, 0x0000000080400000, 0x0000000080400000|100%| O|  |TAMS 0x0000000080400000, 0x0000000080300000| Untracked 
|   4|0x0000000080400000, 0x0000000080500000, 0x0000000080500000|100%|HS|  |TAMS 0x0000000080500000, 0x0000000080400000| Complete 
|   5|0x0000000080500000, 0x0000000080600000, 0x0000000080600000|100%|HC|  |TAMS 0x0000000080600000, 0x0000000080500000| Complete 
|   6|0x0000000080600000, 0x0000000080700000, 0x0000000080700000|100%|HC|  |TAMS 0x0000000080700000, 0x0000000080600000| Complete 
|   7|0x0000000080700000, 0x0000000080800000, 0x0000000080800000|100%| O|  |TAMS 0x0000000080800000, 0x0000000080700000| Untracked 
|   8|0x0000000080800000, 0x0000000080900000, 0x0000000080900000|100%| O|  |TAMS 0x0000000080900000, 0x0000000080800000| Complete 
|   9|0x0000000080900000, 0x0000000080a00000, 0x0000000080a00000|100%| O|  |TAMS 0x0000000080a00000, 0x0000000080900000| Untracked 
|  10|0x0000000080a00000, 0x0000000080b00000, 0x0000000080b00000|100%| O|  |TAMS 0x0000000080b00000, 0x0000000080a00000| Untracked 
|  11|0x0000000080b00000, 0x0000000080c00000, 0x0000000080c00000|100%| O|  |TAMS 0x0000000080c00000, 0x0000000080b00000| Untracked 
|  12|0x0000000080c00000, 0x0000000080d00000, 0x0000000080d00000|100%| O|  |TAMS 0x0000000080d00000, 0x0000000080c00000| Untracked 
|  13|0x0000000080d00000, 0x0000000080e00000, 0x0000000080e00000|100%| O|  |TAMS 0x0000000080e00000, 0x0000000080d00000| Untracked 
|  14|0x0000000080e00000, 0x0000000080f00000, 0x0000000080f00000|100%| O|  |TAMS 0x0000000080f00000, 0x0000000080e00000| Untracked 
|  15|0x0000000080f00000, 0x0000000081000000, 0x0000000081000000|100%| O|  |TAMS 0x0000000081000000, 0x0000000080f00000| Untracked 
|  16|0x0000000081000000, 0x0000000081100000, 0x0000000081100000|100%| O|  |TAMS 0x0000000081100000, 0x0000000081000000| Untracked 
|  17|0x0000000081100000, 0x0000000081200000, 0x0000000081200000|100%| O|  |TAMS 0x0000000081200000, 0x0000000081100000| Untracked 
|  18|0x0000000081200000, 0x0000000081300000, 0x0000000081300000|100%| O|  |TAMS 0x0000000081300000, 0x0000000081200000| Complete 
|  19|0x0000000081300000, 0x0000000081400000, 0x0000000081400000|100%| O|  |TAMS 0x0000000081400000, 0x0000000081300000| Untracked 
|  20|0x0000000081400000, 0x0000000081500000, 0x0000000081500000|100%| O|  |TAMS 0x0000000081500000, 0x0000000081400000| Untracked 
|  21|0x0000000081500000, 0x0000000081600000, 0x0000000081600000|100%|HS|  |TAMS 0x0000000081600000, 0x0000000081500000| Complete 
|  22|0x0000000081600000, 0x0000000081700000, 0x0000000081700000|100%| O|  |TAMS 0x0000000081700000, 0x0000000081600000| Untracked 
|  23|0x0000000081700000, 0x0000000081800000, 0x0000000081800000|100%| O|  |TAMS 0x0000000081800000, 0x0000000081700000| Untracked 
|  24|0x0000000081800000, 0x0000000081900000, 0x0000000081900000|100%| O|  |TAMS 0x0000000081900000, 0x0000000081800000| Untracked 
|  25|0x0000000081900000, 0x0000000081a00000, 0x0000000081a00000|100%|HS|  |TAMS 0x0000000081a00000, 0x0000000081900000| Complete 
|  26|0x0000000081a00000, 0x0000000081b00000, 0x0000000081b00000|100%|HC|  |TAMS 0x0000000081b00000, 0x0000000081a00000| Complete 
|  27|0x0000000081b00000, 0x0000000081c00000, 0x0000000081c00000|100%| O|  |TAMS 0x0000000081c00000, 0x0000000081b00000| Untracked 
|  28|0x0000000081c00000, 0x0000000081d00000, 0x0000000081d00000|100%| O|  |TAMS 0x0000000081d00000, 0x0000000081c00000| Untracked 
|  29|0x0000000081d00000, 0x0000000081e00000, 0x0000000081e00000|100%| O|  |TAMS 0x0000000081e00000, 0x0000000081d00000| Untracked 
|  30|0x0000000081e00000, 0x0000000081f00000, 0x0000000081f00000|100%| O|  |TAMS 0x0000000081f00000, 0x0000000081e00000| Complete 
|  31|0x0000000081f00000, 0x0000000082000000, 0x0000000082000000|100%| O|  |TAMS 0x0000000082000000, 0x0000000081f00000| Complete 
|  32|0x0000000082000000, 0x0000000082100000, 0x0000000082100000|100%| O|  |TAMS 0x0000000082100000, 0x0000000082000000| Untracked 
|  33|0x0000000082100000, 0x0000000082200000, 0x0000000082200000|100%| O|  |TAMS 0x0000000082200000, 0x0000000082100000| Untracked 
|  34|0x0000000082200000, 0x0000000082300000, 0x0000000082300000|100%| O|  |TAMS 0x0000000082300000, 0x0000000082200000| Untracked 
|  35|0x0000000082300000, 0x0000000082400000, 0x0000000082400000|100%| O|  |TAMS 0x0000000082400000, 0x0000000082300000| Complete 
|  36|0x0000000082400000, 0x0000000082500000, 0x0000000082500000|100%| O|  |TAMS 0x0000000082500000, 0x0000000082400000| Untracked 
|  37|0x0000000082500000, 0x0000000082600000, 0x0000000082600000|100%| O|  |TAMS 0x0000000082600000, 0x0000000082500000| Untracked 
|  38|0x0000000082600000, 0x0000000082700000, 0x0000000082700000|100%| O|  |TAMS 0x0000000082700000, 0x0000000082600000| Untracked 
|  39|0x0000000082700000, 0x0000000082800000, 0x0000000082800000|100%| O|  |TAMS 0x0000000082800000, 0x0000000082700000| Untracked 
|  40|0x0000000082800000, 0x0000000082900000, 0x0000000082900000|100%| O|  |TAMS 0x0000000082900000, 0x0000000082800000| Untracked 
|  41|0x0000000082900000, 0x0000000082a00000, 0x0000000082a00000|100%| O|  |TAMS 0x0000000082a00000, 0x0000000082900000| Untracked 
|  42|0x0000000082a00000, 0x0000000082b00000, 0x0000000082b00000|100%| O|  |TAMS 0x0000000082b00000, 0x0000000082a00000| Untracked 
|  43|0x0000000082b00000, 0x0000000082c00000, 0x0000000082c00000|100%| O|  |TAMS 0x0000000082c00000, 0x0000000082b00000| Untracked 
|  44|0x0000000082c00000, 0x0000000082d00000, 0x0000000082d00000|100%| O|  |TAMS 0x0000000082d00000, 0x0000000082c00000| Complete 
|  45|0x0000000082d00000, 0x0000000082e00000, 0x0000000082e00000|100%| O|  |TAMS 0x0000000082e00000, 0x0000000082d00000| Complete 
|  46|0x0000000082e00000, 0x0000000082f00000, 0x0000000082f00000|100%| O|  |TAMS 0x0000000082f00000, 0x0000000082e00000| Untracked 
|  47|0x0000000082f00000, 0x0000000083000000, 0x0000000083000000|100%| O|  |TAMS 0x0000000083000000, 0x0000000082f00000| Untracked 
|  48|0x0000000083000000, 0x0000000083100000, 0x0000000083100000|100%| O|  |TAMS 0x0000000083100000, 0x0000000083000000| Untracked 
|  49|0x0000000083100000, 0x0000000083200000, 0x0000000083200000|100%| O|  |TAMS 0x0000000083200000, 0x0000000083100000| Complete 
|  50|0x0000000083200000, 0x0000000083300000, 0x0000000083300000|100%| O|  |TAMS 0x0000000083300000, 0x0000000083200000| Untracked 
|  51|0x0000000083300000, 0x0000000083400000, 0x0000000083400000|100%| O|  |TAMS 0x0000000083400000, 0x0000000083300000| Untracked 
|  52|0x0000000083400000, 0x0000000083500000, 0x0000000083500000|100%| O|  |TAMS 0x0000000083500000, 0x0000000083400000| Untracked 
|  53|0x0000000083500000, 0x0000000083600000, 0x0000000083600000|100%| O|  |TAMS 0x0000000083600000, 0x0000000083500000| Untracked 
|  54|0x0000000083600000, 0x0000000083700000, 0x0000000083700000|100%| O|  |TAMS 0x0000000083700000, 0x0000000083600000| Untracked 
|  55|0x0000000083700000, 0x0000000083800000, 0x0000000083800000|100%| O|  |TAMS 0x0000000083800000, 0x0000000083700000| Untracked 
|  56|0x0000000083800000, 0x0000000083900000, 0x0000000083900000|100%|HS|  |TAMS 0x0000000083900000, 0x0000000083800000| Complete 
|  57|0x0000000083900000, 0x0000000083a00000, 0x0000000083a00000|100%|HS|  |TAMS 0x0000000083a00000, 0x0000000083900000| Complete 
|  58|0x0000000083a00000, 0x0000000083b00000, 0x0000000083b00000|100%| O|  |TAMS 0x0000000083b00000, 0x0000000083a00000| Untracked 
|  59|0x0000000083b00000, 0x0000000083c00000, 0x0000000083c00000|100%| O|  |TAMS 0x0000000083c00000, 0x0000000083b00000| Untracked 
|  60|0x0000000083c00000, 0x0000000083d00000, 0x0000000083d00000|100%| O|  |TAMS 0x0000000083d00000, 0x0000000083c00000| Complete 
|  61|0x0000000083d00000, 0x0000000083e00000, 0x0000000083e00000|100%| O|  |TAMS 0x0000000083e00000, 0x0000000083d00000| Untracked 
|  62|0x0000000083e00000, 0x0000000083f00000, 0x0000000083f00000|100%| O|  |TAMS 0x0000000083f00000, 0x0000000083e00000| Untracked 
|  63|0x0000000083f00000, 0x0000000084000000, 0x0000000084000000|100%| O|  |TAMS 0x0000000084000000, 0x0000000083f00000| Complete 
|  64|0x0000000084000000, 0x0000000084100000, 0x0000000084100000|100%| O|  |TAMS 0x0000000084100000, 0x0000000084000000| Complete 
|  65|0x0000000084100000, 0x0000000084200000, 0x0000000084200000|100%| O|  |TAMS 0x0000000084200000, 0x0000000084100000| Complete 
|  66|0x0000000084200000, 0x0000000084300000, 0x0000000084300000|100%|HS|  |TAMS 0x0000000084300000, 0x0000000084200000| Complete 
|  67|0x0000000084300000, 0x0000000084400000, 0x0000000084400000|100%|HC|  |TAMS 0x0000000084400000, 0x0000000084300000| Complete 
|  68|0x0000000084400000, 0x0000000084500000, 0x0000000084500000|100%|HC|  |TAMS 0x0000000084500000, 0x0000000084400000| Complete 
|  69|0x0000000084500000, 0x0000000084600000, 0x0000000084600000|100%|HC|  |TAMS 0x0000000084600000, 0x0000000084500000| Complete 
|  70|0x0000000084600000, 0x0000000084700000, 0x0000000084700000|100%|HC|  |TAMS 0x0000000084700000, 0x0000000084600000| Complete 
|  71|0x0000000084700000, 0x0000000084800000, 0x0000000084800000|100%|HC|  |TAMS 0x0000000084800000, 0x0000000084700000| Complete 
|  72|0x0000000084800000, 0x0000000084900000, 0x0000000084900000|100%|HC|  |TAMS 0x0000000084900000, 0x0000000084800000| Complete 
|  73|0x0000000084900000, 0x0000000084a00000, 0x0000000084a00000|100%|HC|  |TAMS 0x0000000084a00000, 0x0000000084900000| Complete 
|  74|0x0000000084a00000, 0x0000000084b00000, 0x0000000084b00000|100%| O|  |TAMS 0x0000000084b00000, 0x0000000084a00000| Complete 
|  75|0x0000000084b00000, 0x0000000084c00000, 0x0000000084c00000|100%| O|  |TAMS 0x0000000084c00000, 0x0000000084b00000| Untracked 
|  76|0x0000000084c00000, 0x0000000084d00000, 0x0000000084d00000|100%| O|  |TAMS 0x0000000084d00000, 0x0000000084c00000| Untracked 
|  77|0x0000000084d00000, 0x0000000084e00000, 0x0000000084e00000|100%| O|  |TAMS 0x0000000084e00000, 0x0000000084d00000| Untracked 
|  78|0x0000000084e00000, 0x0000000084f00000, 0x0000000084f00000|100%| O|  |TAMS 0x0000000084f00000, 0x0000000084e00000| Complete 
|  79|0x0000000084f00000, 0x0000000085000000, 0x0000000085000000|100%| O|  |TAMS 0x0000000085000000, 0x0000000084f00000| Untracked 
|  80|0x0000000085000000, 0x0000000085100000, 0x0000000085100000|100%| O|  |TAMS 0x0000000085100000, 0x0000000085000000| Untracked 
|  81|0x0000000085100000, 0x0000000085200000, 0x0000000085200000|100%| O|  |TAMS 0x0000000085200000, 0x0000000085100000| Complete 
|  82|0x0000000085200000, 0x0000000085300000, 0x0000000085300000|100%|HS|  |TAMS 0x0000000085300000, 0x0000000085200000| Complete 
|  83|0x0000000085300000, 0x0000000085400000, 0x0000000085400000|100%| O|  |TAMS 0x0000000085400000, 0x0000000085300000| Untracked 
|  84|0x0000000085400000, 0x0000000085500000, 0x0000000085500000|100%| O|  |TAMS 0x0000000085500000, 0x0000000085400000| Complete 
|  85|0x0000000085500000, 0x0000000085500000, 0x0000000085600000|  0%| F|  |TAMS 0x0000000085500000, 0x0000000085500000| Untracked 
|  86|0x0000000085600000, 0x0000000085600000, 0x0000000085700000|  0%| F|  |TAMS 0x0000000085600000, 0x0000000085600000| Untracked 
|  87|0x0000000085700000, 0x0000000085700000, 0x0000000085800000|  0%| F|  |TAMS 0x0000000085700000, 0x0000000085700000| Untracked 
|  88|0x0000000085800000, 0x0000000085900000, 0x0000000085900000|100%| O|  |TAMS 0x0000000085900000, 0x0000000085800000| Complete 
|  89|0x0000000085900000, 0x0000000085a00000, 0x0000000085a00000|100%| O|  |TAMS 0x0000000085a00000, 0x0000000085900000| Complete 
|  90|0x0000000085a00000, 0x0000000085b00000, 0x0000000085b00000|100%| O|  |TAMS 0x0000000085b00000, 0x0000000085a00000| Untracked 
|  91|0x0000000085b00000, 0x0000000085c00000, 0x0000000085c00000|100%| O|  |TAMS 0x0000000085c00000, 0x0000000085b00000| Untracked 
|  92|0x0000000085c00000, 0x0000000085d00000, 0x0000000085d00000|100%| O|  |TAMS 0x0000000085d00000, 0x0000000085c00000| Untracked 
|  93|0x0000000085d00000, 0x0000000085e00000, 0x0000000085e00000|100%| O|  |TAMS 0x0000000085e00000, 0x0000000085d00000| Complete 
|  94|0x0000000085e00000, 0x0000000085f00000, 0x0000000085f00000|100%| O|  |TAMS 0x0000000085f00000, 0x0000000085e00000| Complete 
|  95|0x0000000085f00000, 0x0000000086000000, 0x0000000086000000|100%| O|  |TAMS 0x0000000086000000, 0x0000000085f00000| Complete 
|  96|0x0000000086000000, 0x0000000086100000, 0x0000000086100000|100%| O|  |TAMS 0x0000000086100000, 0x0000000086000000| Complete 
|  97|0x0000000086100000, 0x0000000086200000, 0x0000000086200000|100%| O|  |TAMS 0x0000000086200000, 0x0000000086100000| Complete 
|  98|0x0000000086200000, 0x0000000086300000, 0x0000000086300000|100%| O|  |TAMS 0x0000000086300000, 0x0000000086200000| Complete 
|  99|0x0000000086300000, 0x0000000086400000, 0x0000000086400000|100%| O|  |TAMS 0x0000000086400000, 0x0000000086300000| Complete 
| 100|0x0000000086400000, 0x0000000086500000, 0x0000000086500000|100%|HS|  |TAMS 0x0000000086500000, 0x0000000086400000| Complete 
| 101|0x0000000086500000, 0x0000000086600000, 0x0000000086600000|100%| O|  |TAMS 0x0000000086600000, 0x0000000086500000| Untracked 
| 102|0x0000000086600000, 0x0000000086700000, 0x0000000086700000|100%| O|  |TAMS 0x0000000086700000, 0x0000000086600000| Untracked 
| 103|0x0000000086700000, 0x0000000086800000, 0x0000000086800000|100%| O|  |TAMS 0x0000000086800000, 0x0000000086700000| Complete 
| 104|0x0000000086800000, 0x0000000086900000, 0x0000000086900000|100%| O|  |TAMS 0x0000000086900000, 0x0000000086800000| Untracked 
| 105|0x0000000086900000, 0x0000000086a00000, 0x0000000086a00000|100%| O|  |TAMS 0x0000000086a00000, 0x0000000086900000| Untracked 
| 106|0x0000000086a00000, 0x0000000086b00000, 0x0000000086b00000|100%| O|  |TAMS 0x0000000086b00000, 0x0000000086a00000| Untracked 
| 107|0x0000000086b00000, 0x0000000086c00000, 0x0000000086c00000|100%| O|  |TAMS 0x0000000086c00000, 0x0000000086b00000| Untracked 
| 108|0x0000000086c00000, 0x0000000086d00000, 0x0000000086d00000|100%| O|  |TAMS 0x0000000086d00000, 0x0000000086c00000| Untracked 
| 109|0x0000000086d00000, 0x0000000086e00000, 0x0000000086e00000|100%| O|  |TAMS 0x0000000086e00000, 0x0000000086d00000| Untracked 
| 110|0x0000000086e00000, 0x0000000086f00000, 0x0000000086f00000|100%| O|  |TAMS 0x0000000086f00000, 0x0000000086e00000| Untracked 
| 111|0x0000000086f00000, 0x0000000087000000, 0x0000000087000000|100%| O|  |TAMS 0x0000000087000000, 0x0000000086f00000| Complete 
| 112|0x0000000087000000, 0x0000000087100000, 0x0000000087100000|100%| O|  |TAMS 0x0000000087100000, 0x0000000087000000| Untracked 
| 113|0x0000000087100000, 0x0000000087200000, 0x0000000087200000|100%| O|  |TAMS 0x0000000087200000, 0x0000000087100000| Untracked 
| 114|0x0000000087200000, 0x0000000087300000, 0x0000000087300000|100%| O|  |TAMS 0x0000000087300000, 0x0000000087200000| Untracked 
| 115|0x0000000087300000, 0x0000000087400000, 0x0000000087400000|100%| O|  |TAMS 0x0000000087400000, 0x0000000087300000| Complete 
| 116|0x0000000087400000, 0x0000000087500000, 0x0000000087500000|100%| O|  |TAMS 0x0000000087500000, 0x0000000087400000| Untracked 
| 117|0x0000000087500000, 0x0000000087600000, 0x0000000087600000|100%| O|  |TAMS 0x0000000087600000, 0x0000000087500000| Complete 
| 118|0x0000000087600000, 0x0000000087700000, 0x0000000087700000|100%| O|  |TAMS 0x0000000087700000, 0x0000000087600000| Complete 
| 119|0x0000000087700000, 0x0000000087800000, 0x0000000087800000|100%| O|  |TAMS 0x0000000087800000, 0x0000000087700000| Complete 
| 120|0x0000000087800000, 0x0000000087900000, 0x0000000087900000|100%| O|  |TAMS 0x0000000087900000, 0x0000000087800000| Untracked 
| 121|0x0000000087900000, 0x0000000087a00000, 0x0000000087a00000|100%| O|  |TAMS 0x0000000087a00000, 0x0000000087900000| Untracked 
| 122|0x0000000087a00000, 0x0000000087b00000, 0x0000000087b00000|100%| O|  |TAMS 0x0000000087b00000, 0x0000000087a00000| Complete 
| 123|0x0000000087b00000, 0x0000000087c00000, 0x0000000087c00000|100%| O|  |TAMS 0x0000000087c00000, 0x0000000087b00000| Untracked 
| 124|0x0000000087c00000, 0x0000000087d00000, 0x0000000087d00000|100%| O|  |TAMS 0x0000000087d00000, 0x0000000087c00000| Untracked 
| 125|0x0000000087d00000, 0x0000000087e00000, 0x0000000087e00000|100%| O|  |TAMS 0x0000000087e00000, 0x0000000087d00000| Untracked 
| 126|0x0000000087e00000, 0x0000000087f00000, 0x0000000087f00000|100%| O|  |TAMS 0x0000000087f00000, 0x0000000087e00000| Complete 
| 127|0x0000000087f00000, 0x0000000088000000, 0x0000000088000000|100%| O|  |TAMS 0x0000000088000000, 0x0000000087f00000| Complete 
| 128|0x0000000088000000, 0x0000000088100000, 0x0000000088100000|100%| O|  |TAMS 0x0000000088100000, 0x0000000088000000| Untracked 
| 129|0x0000000088100000, 0x0000000088200000, 0x0000000088200000|100%| O|  |TAMS 0x0000000088200000, 0x0000000088100000| Untracked 
| 130|0x0000000088200000, 0x0000000088300000, 0x0000000088300000|100%| O|  |TAMS 0x0000000088300000, 0x0000000088200000| Untracked 
| 131|0x0000000088300000, 0x0000000088400000, 0x0000000088400000|100%| O|  |TAMS 0x0000000088400000, 0x0000000088300000| Untracked 
| 132|0x0000000088400000, 0x0000000088500000, 0x0000000088500000|100%| O|  |TAMS 0x0000000088500000, 0x0000000088400000| Untracked 
| 133|0x0000000088500000, 0x0000000088600000, 0x0000000088600000|100%| O|  |TAMS 0x0000000088600000, 0x0000000088500000| Untracked 
| 134|0x0000000088600000, 0x0000000088700000, 0x0000000088700000|100%| O|  |TAMS 0x0000000088700000, 0x0000000088600000| Complete 
| 135|0x0000000088700000, 0x0000000088800000, 0x0000000088800000|100%| O|  |TAMS 0x0000000088800000, 0x0000000088700000| Complete 
| 136|0x0000000088800000, 0x0000000088900000, 0x0000000088900000|100%| O|  |TAMS 0x0000000088900000, 0x0000000088800000| Complete 
| 137|0x0000000088900000, 0x0000000088a00000, 0x0000000088a00000|100%| O|  |TAMS 0x0000000088a00000, 0x0000000088900000| Complete 
| 138|0x0000000088a00000, 0x0000000088b00000, 0x0000000088b00000|100%| O|  |TAMS 0x0000000088b00000, 0x0000000088a00000| Untracked 
| 139|0x0000000088b00000, 0x0000000088c00000, 0x0000000088c00000|100%| O|  |TAMS 0x0000000088c00000, 0x0000000088b00000| Complete 
| 140|0x0000000088c00000, 0x0000000088d00000, 0x0000000088d00000|100%| O|  |TAMS 0x0000000088d00000, 0x0000000088c00000| Complete 
| 141|0x0000000088d00000, 0x0000000088e00000, 0x0000000088e00000|100%| O|  |TAMS 0x0000000088e00000, 0x0000000088d00000| Untracked 
| 142|0x0000000088e00000, 0x0000000088f00000, 0x0000000088f00000|100%| O|  |TAMS 0x0000000088f00000, 0x0000000088e00000| Untracked 
| 143|0x0000000088f00000, 0x0000000089000000, 0x0000000089000000|100%| O|  |TAMS 0x0000000089000000, 0x0000000088f00000| Untracked 
| 144|0x0000000089000000, 0x0000000089100000, 0x0000000089100000|100%| O|  |TAMS 0x0000000089100000, 0x0000000089000000| Untracked 
| 145|0x0000000089100000, 0x0000000089200000, 0x0000000089200000|100%| O|  |TAMS 0x0000000089200000, 0x0000000089100000| Untracked 
| 146|0x0000000089200000, 0x0000000089300000, 0x0000000089300000|100%| O|  |TAMS 0x0000000089300000, 0x0000000089200000| Untracked 
| 147|0x0000000089300000, 0x0000000089400000, 0x0000000089400000|100%| O|  |TAMS 0x0000000089400000, 0x0000000089300000| Complete 
| 148|0x0000000089400000, 0x0000000089500000, 0x0000000089500000|100%| O|  |TAMS 0x0000000089500000, 0x0000000089400000| Complete 
| 149|0x0000000089500000, 0x0000000089600000, 0x0000000089600000|100%| O|  |TAMS 0x0000000089600000, 0x0000000089500000| Complete 
| 150|0x0000000089600000, 0x0000000089700000, 0x0000000089700000|100%| O|  |TAMS 0x0000000089700000, 0x0000000089600000| Untracked 
| 151|0x0000000089700000, 0x0000000089800000, 0x0000000089800000|100%| O|  |TAMS 0x0000000089800000, 0x0000000089700000| Untracked 
| 152|0x0000000089800000, 0x0000000089900000, 0x0000000089900000|100%| O|  |TAMS 0x0000000089900000, 0x0000000089800000| Untracked 
| 153|0x0000000089900000, 0x0000000089a00000, 0x0000000089a00000|100%| O|  |TAMS 0x0000000089a00000, 0x0000000089900000| Complete 
| 154|0x0000000089a00000, 0x0000000089a00000, 0x0000000089b00000|  0%| F|  |TAMS 0x0000000089a00000, 0x0000000089a00000| Untracked 
| 155|0x0000000089b00000, 0x0000000089c00000, 0x0000000089c00000|100%|HS|  |TAMS 0x0000000089c00000, 0x0000000089b00000| Complete 
| 156|0x0000000089c00000, 0x0000000089d00000, 0x0000000089d00000|100%|HS|  |TAMS 0x0000000089c00000, 0x0000000089c00000| Complete 
| 157|0x0000000089d00000, 0x0000000089e00000, 0x0000000089e00000|100%|HS|  |TAMS 0x0000000089e00000, 0x0000000089d00000| Complete 
| 158|0x0000000089e00000, 0x0000000089f00000, 0x0000000089f00000|100%|HC|  |TAMS 0x0000000089f00000, 0x0000000089e00000| Complete 
| 159|0x0000000089f00000, 0x000000008a000000, 0x000000008a000000|100%|HS|  |TAMS 0x0000000089f00000, 0x0000000089f00000| Complete 
| 160|0x000000008a000000, 0x000000008a100000, 0x000000008a100000|100%|HS|  |TAMS 0x000000008a100000, 0x000000008a000000| Complete 
| 161|0x000000008a100000, 0x000000008a200000, 0x000000008a200000|100%|HC|  |TAMS 0x000000008a200000, 0x000000008a100000| Complete 
| 162|0x000000008a200000, 0x000000008a300000, 0x000000008a300000|100%|HS|  |TAMS 0x000000008a200000, 0x000000008a200000| Complete 
| 163|0x000000008a300000, 0x000000008a400000, 0x000000008a400000|100%|HS|  |TAMS 0x000000008a400000, 0x000000008a300000| Complete 
| 164|0x000000008a400000, 0x000000008a500000, 0x000000008a500000|100%|HC|  |TAMS 0x000000008a500000, 0x000000008a400000| Complete 
| 165|0x000000008a500000, 0x000000008a600000, 0x000000008a600000|100%|HS|  |TAMS 0x000000008a500000, 0x000000008a500000| Complete 
| 166|0x000000008a600000, 0x000000008a700000, 0x000000008a700000|100%| O|  |TAMS 0x000000008a700000, 0x000000008a600000| Complete 
| 167|0x000000008a700000, 0x000000008a800000, 0x000000008a800000|100%| O|  |TAMS 0x000000008a800000, 0x000000008a700000| Complete 
| 168|0x000000008a800000, 0x000000008a900000, 0x000000008a900000|100%| O|  |TAMS 0x000000008a800000, 0x000000008a800000| Untracked 
| 169|0x000000008a900000, 0x000000008aa00000, 0x000000008aa00000|100%|HS|  |TAMS 0x000000008aa00000, 0x000000008a900000| Complete 
| 170|0x000000008aa00000, 0x000000008ab00000, 0x000000008ab00000|100%|HS|  |TAMS 0x000000008ab00000, 0x000000008aa00000| Complete 
| 171|0x000000008ab00000, 0x000000008ac00000, 0x000000008ac00000|100%|HS|  |TAMS 0x000000008ac00000, 0x000000008ab00000| Complete 
| 172|0x000000008ac00000, 0x000000008ad00000, 0x000000008ad00000|100%|HC|  |TAMS 0x000000008ad00000, 0x000000008ac00000| Complete 
| 173|0x000000008ad00000, 0x000000008ae00000, 0x000000008ae00000|100%|HS|  |TAMS 0x000000008ae00000, 0x000000008ad00000| Complete 
| 174|0x000000008ae00000, 0x000000008af00000, 0x000000008af00000|100%|HS|  |TAMS 0x000000008af00000, 0x000000008ae00000| Complete 
| 175|0x000000008af00000, 0x000000008b000000, 0x000000008b000000|100%|HS|  |TAMS 0x000000008b000000, 0x000000008af00000| Complete 
| 176|0x000000008b000000, 0x000000008b100000, 0x000000008b100000|100%|HS|  |TAMS 0x000000008b100000, 0x000000008b000000| Complete 
| 177|0x000000008b100000, 0x000000008b200000, 0x000000008b200000|100%|HC|  |TAMS 0x000000008b200000, 0x000000008b100000| Complete 
| 178|0x000000008b200000, 0x000000008b200000, 0x000000008b300000|  0%| F|  |TAMS 0x000000008b200000, 0x000000008b200000| Untracked 
| 179|0x000000008b300000, 0x000000008b400000, 0x000000008b400000|100%| O|  |TAMS 0x000000008b400000, 0x000000008b300000| Complete 
| 180|0x000000008b400000, 0x000000008b500000, 0x000000008b500000|100%| O|  |TAMS 0x000000008b500000, 0x000000008b400000| Complete 
| 181|0x000000008b500000, 0x000000008b600000, 0x000000008b600000|100%| O|  |TAMS 0x000000008b600000, 0x000000008b500000| Untracked 
| 182|0x000000008b600000, 0x000000008b700000, 0x000000008b700000|100%| O|  |TAMS 0x000000008b700000, 0x000000008b600000| Untracked 
| 183|0x000000008b700000, 0x000000008b800000, 0x000000008b800000|100%| O|  |TAMS 0x000000008b800000, 0x000000008b700000| Untracked 
| 184|0x000000008b800000, 0x000000008b900000, 0x000000008b900000|100%| O|  |TAMS 0x000000008b8d2000, 0x000000008b800000| Untracked 
| 185|0x000000008b900000, 0x000000008ba00000, 0x000000008ba00000|100%|HS|  |TAMS 0x000000008b900000, 0x000000008b900000| Complete 
| 186|0x000000008ba00000, 0x000000008bb00000, 0x000000008bb00000|100%|HS|  |TAMS 0x000000008ba00000, 0x000000008ba00000| Complete 
| 187|0x000000008bb00000, 0x000000008bc00000, 0x000000008bc00000|100%|HC|  |TAMS 0x000000008bb00000, 0x000000008bb00000| Complete 
| 188|0x000000008bc00000, 0x000000008bd00000, 0x000000008bd00000|100%| O|  |TAMS 0x000000008bc00000, 0x000000008bc00000| Untracked 
| 189|0x000000008bd00000, 0x000000008be00000, 0x000000008be00000|100%| O|  |TAMS 0x000000008bd00000, 0x000000008bd00000| Untracked 
| 190|0x000000008be00000, 0x000000008bf00000, 0x000000008bf00000|100%| O|  |TAMS 0x000000008be00000, 0x000000008be00000| Untracked 
| 191|0x000000008bf00000, 0x000000008c000000, 0x000000008c000000|100%| O|  |TAMS 0x000000008bf00000, 0x000000008bf00000| Untracked 
| 192|0x000000008c000000, 0x000000008c100000, 0x000000008c100000|100%| O|  |TAMS 0x000000008c000000, 0x000000008c000000| Untracked 
| 193|0x000000008c100000, 0x000000008c200000, 0x000000008c200000|100%| O|  |TAMS 0x000000008c100000, 0x000000008c100000| Untracked 
| 194|0x000000008c200000, 0x000000008c29be00, 0x000000008c300000| 60%| O|  |TAMS 0x000000008c200000, 0x000000008c200000| Untracked 
| 195|0x000000008c300000, 0x000000008c300000, 0x000000008c400000|  0%| F|  |TAMS 0x000000008c300000, 0x000000008c300000| Untracked 
| 196|0x000000008c400000, 0x000000008c400000, 0x000000008c500000|  0%| F|  |TAMS 0x000000008c400000, 0x000000008c400000| Untracked 
| 197|0x000000008c500000, 0x000000008c500000, 0x000000008c600000|  0%| F|  |TAMS 0x000000008c500000, 0x000000008c500000| Untracked 
| 198|0x000000008c600000, 0x000000008c600000, 0x000000008c700000|  0%| F|  |TAMS 0x000000008c600000, 0x000000008c600000| Untracked 
| 199|0x000000008c700000, 0x000000008c700000, 0x000000008c800000|  0%| F|  |TAMS 0x000000008c700000, 0x000000008c700000| Untracked 
| 200|0x000000008c800000, 0x000000008c800000, 0x000000008c900000|  0%| F|  |TAMS 0x000000008c800000, 0x000000008c800000| Untracked 
| 201|0x000000008c900000, 0x000000008c900000, 0x000000008ca00000|  0%| F|  |TAMS 0x000000008c900000, 0x000000008c900000| Untracked 
| 202|0x000000008ca00000, 0x000000008ca00000, 0x000000008cb00000|  0%| F|  |TAMS 0x000000008ca00000, 0x000000008ca00000| Untracked 
| 203|0x000000008cb00000, 0x000000008cb00000, 0x000000008cc00000|  0%| F|  |TAMS 0x000000008cb00000, 0x000000008cb00000| Untracked 
| 204|0x000000008cc00000, 0x000000008cc00000, 0x000000008cd00000|  0%| F|  |TAMS 0x000000008cc00000, 0x000000008cc00000| Untracked 
| 205|0x000000008cd00000, 0x000000008cd00000, 0x000000008ce00000|  0%| F|  |TAMS 0x000000008cd00000, 0x000000008cd00000| Untracked 
| 206|0x000000008ce00000, 0x000000008ce00000, 0x000000008cf00000|  0%| F|  |TAMS 0x000000008ce00000, 0x000000008ce00000| Untracked 
| 207|0x000000008cf00000, 0x000000008cf00000, 0x000000008d000000|  0%| F|  |TAMS 0x000000008cf00000, 0x000000008cf00000| Untracked 
| 208|0x000000008d000000, 0x000000008d000000, 0x000000008d100000|  0%| F|  |TAMS 0x000000008d000000, 0x000000008d000000| Untracked 
| 209|0x000000008d100000, 0x000000008d100000, 0x000000008d200000|  0%| F|  |TAMS 0x000000008d100000, 0x000000008d100000| Untracked 
| 210|0x000000008d200000, 0x000000008d200000, 0x000000008d300000|  0%| F|  |TAMS 0x000000008d200000, 0x000000008d200000| Untracked 
| 211|0x000000008d300000, 0x000000008d300000, 0x000000008d400000|  0%| F|  |TAMS 0x000000008d300000, 0x000000008d300000| Untracked 
| 212|0x000000008d400000, 0x000000008d400000, 0x000000008d500000|  0%| F|  |TAMS 0x000000008d400000, 0x000000008d400000| Untracked 
| 213|0x000000008d500000, 0x000000008d500000, 0x000000008d600000|  0%| F|  |TAMS 0x000000008d500000, 0x000000008d500000| Untracked 
| 214|0x000000008d600000, 0x000000008d600000, 0x000000008d700000|  0%| F|  |TAMS 0x000000008d600000, 0x000000008d600000| Untracked 
| 215|0x000000008d700000, 0x000000008d700000, 0x000000008d800000|  0%| F|  |TAMS 0x000000008d700000, 0x000000008d700000| Untracked 
| 216|0x000000008d800000, 0x000000008d800000, 0x000000008d900000|  0%| F|  |TAMS 0x000000008d800000, 0x000000008d800000| Untracked 
| 217|0x000000008d900000, 0x000000008d900000, 0x000000008da00000|  0%| F|  |TAMS 0x000000008d900000, 0x000000008d900000| Untracked 
| 218|0x000000008da00000, 0x000000008da00000, 0x000000008db00000|  0%| F|  |TAMS 0x000000008da00000, 0x000000008da00000| Untracked 
| 219|0x000000008db00000, 0x000000008db00000, 0x000000008dc00000|  0%| F|  |TAMS 0x000000008db00000, 0x000000008db00000| Untracked 
| 220|0x000000008dc00000, 0x000000008dc00000, 0x000000008dd00000|  0%| F|  |TAMS 0x000000008dc00000, 0x000000008dc00000| Untracked 
| 221|0x000000008dd00000, 0x000000008dd00000, 0x000000008de00000|  0%| F|  |TAMS 0x000000008dd00000, 0x000000008dd00000| Untracked 
| 222|0x000000008de00000, 0x000000008de00000, 0x000000008df00000|  0%| F|  |TAMS 0x000000008de00000, 0x000000008de00000| Untracked 
| 223|0x000000008df00000, 0x000000008df00000, 0x000000008e000000|  0%| F|  |TAMS 0x000000008df00000, 0x000000008df00000| Untracked 
| 224|0x000000008e000000, 0x000000008e000000, 0x000000008e100000|  0%| F|  |TAMS 0x000000008e000000, 0x000000008e000000| Untracked 
| 225|0x000000008e100000, 0x000000008e100000, 0x000000008e200000|  0%| F|  |TAMS 0x000000008e100000, 0x000000008e100000| Untracked 
| 226|0x000000008e200000, 0x000000008e200000, 0x000000008e300000|  0%| F|  |TAMS 0x000000008e200000, 0x000000008e200000| Untracked 
| 227|0x000000008e300000, 0x000000008e300000, 0x000000008e400000|  0%| F|  |TAMS 0x000000008e300000, 0x000000008e300000| Untracked 
| 228|0x000000008e400000, 0x000000008e400000, 0x000000008e500000|  0%| F|  |TAMS 0x000000008e400000, 0x000000008e400000| Untracked 
| 229|0x000000008e500000, 0x000000008e500000, 0x000000008e600000|  0%| F|  |TAMS 0x000000008e500000, 0x000000008e500000| Untracked 
| 230|0x000000008e600000, 0x000000008e600000, 0x000000008e700000|  0%| F|  |TAMS 0x000000008e600000, 0x000000008e600000| Untracked 
| 231|0x000000008e700000, 0x000000008e700000, 0x000000008e800000|  0%| F|  |TAMS 0x000000008e700000, 0x000000008e700000| Untracked 
| 232|0x000000008e800000, 0x000000008e800000, 0x000000008e900000|  0%| F|  |TAMS 0x000000008e800000, 0x000000008e800000| Untracked 
| 233|0x000000008e900000, 0x000000008e900000, 0x000000008ea00000|  0%| F|  |TAMS 0x000000008e900000, 0x000000008e900000| Untracked 
| 234|0x000000008ea00000, 0x000000008ea00000, 0x000000008eb00000|  0%| F|  |TAMS 0x000000008ea00000, 0x000000008ea00000| Untracked 
| 235|0x000000008eb00000, 0x000000008eb00000, 0x000000008ec00000|  0%| F|  |TAMS 0x000000008eb00000, 0x000000008eb00000| Untracked 
| 236|0x000000008ec00000, 0x000000008ec00000, 0x000000008ed00000|  0%| F|  |TAMS 0x000000008ec00000, 0x000000008ec00000| Untracked 
| 237|0x000000008ed00000, 0x000000008ed00000, 0x000000008ee00000|  0%| F|  |TAMS 0x000000008ed00000, 0x000000008ed00000| Untracked 
| 238|0x000000008ee00000, 0x000000008ee00000, 0x000000008ef00000|  0%| F|  |TAMS 0x000000008ee00000, 0x000000008ee00000| Untracked 
| 239|0x000000008ef00000, 0x000000008ef00000, 0x000000008f000000|  0%| F|  |TAMS 0x000000008ef00000, 0x000000008ef00000| Untracked 
| 240|0x000000008f000000, 0x000000008f000000, 0x000000008f100000|  0%| F|  |TAMS 0x000000008f000000, 0x000000008f000000| Untracked 
| 241|0x000000008f100000, 0x000000008f100000, 0x000000008f200000|  0%| F|  |TAMS 0x000000008f100000, 0x000000008f100000| Untracked 
| 242|0x000000008f200000, 0x000000008f200000, 0x000000008f300000|  0%| F|  |TAMS 0x000000008f200000, 0x000000008f200000| Untracked 
| 243|0x000000008f300000, 0x000000008f300000, 0x000000008f400000|  0%| F|  |TAMS 0x000000008f300000, 0x000000008f300000| Untracked 
| 244|0x000000008f400000, 0x000000008f400000, 0x000000008f500000|  0%| F|  |TAMS 0x000000008f400000, 0x000000008f400000| Untracked 
| 245|0x000000008f500000, 0x000000008f500000, 0x000000008f600000|  0%| F|  |TAMS 0x000000008f500000, 0x000000008f500000| Untracked 
| 246|0x000000008f600000, 0x000000008f600000, 0x000000008f700000|  0%| F|  |TAMS 0x000000008f600000, 0x000000008f600000| Untracked 
| 247|0x000000008f700000, 0x000000008f700000, 0x000000008f800000|  0%| F|  |TAMS 0x000000008f700000, 0x000000008f700000| Untracked 
| 248|0x000000008f800000, 0x000000008f800000, 0x000000008f900000|  0%| F|  |TAMS 0x000000008f800000, 0x000000008f800000| Untracked 
| 249|0x000000008f900000, 0x000000008f900000, 0x000000008fa00000|  0%| F|  |TAMS 0x000000008f900000, 0x000000008f900000| Untracked 
| 250|0x000000008fa00000, 0x000000008fa00000, 0x000000008fb00000|  0%| F|  |TAMS 0x000000008fa00000, 0x000000008fa00000| Untracked 
| 251|0x000000008fb00000, 0x000000008fb00000, 0x000000008fc00000|  0%| F|  |TAMS 0x000000008fb00000, 0x000000008fb00000| Untracked 
| 252|0x000000008fc00000, 0x000000008fc00000, 0x000000008fd00000|  0%| F|  |TAMS 0x000000008fc00000, 0x000000008fc00000| Untracked 
| 253|0x000000008fd00000, 0x000000008fd00000, 0x000000008fe00000|  0%| F|  |TAMS 0x000000008fd00000, 0x000000008fd00000| Untracked 
| 254|0x000000008fe00000, 0x000000008fe00000, 0x000000008ff00000|  0%| F|  |TAMS 0x000000008fe00000, 0x000000008fe00000| Untracked 
| 255|0x000000008ff00000, 0x000000008ff00000, 0x0000000090000000|  0%| F|  |TAMS 0x000000008ff00000, 0x000000008ff00000| Untracked 
| 256|0x0000000090000000, 0x0000000090000000, 0x0000000090100000|  0%| F|  |TAMS 0x0000000090000000, 0x0000000090000000| Untracked 
| 257|0x0000000090100000, 0x0000000090100000, 0x0000000090200000|  0%| F|  |TAMS 0x0000000090100000, 0x0000000090100000| Untracked 
| 258|0x0000000090200000, 0x0000000090200000, 0x0000000090300000|  0%| F|  |TAMS 0x0000000090200000, 0x0000000090200000| Untracked 
| 259|0x0000000090300000, 0x0000000090300000, 0x0000000090400000|  0%| F|  |TAMS 0x0000000090300000, 0x0000000090300000| Untracked 
| 260|0x0000000090400000, 0x0000000090400000, 0x0000000090500000|  0%| F|  |TAMS 0x0000000090400000, 0x0000000090400000| Untracked 
| 261|0x0000000090500000, 0x0000000090500000, 0x0000000090600000|  0%| F|  |TAMS 0x0000000090500000, 0x0000000090500000| Untracked 
| 262|0x0000000090600000, 0x0000000090600000, 0x0000000090700000|  0%| F|  |TAMS 0x0000000090600000, 0x0000000090600000| Untracked 
| 263|0x0000000090700000, 0x0000000090700000, 0x0000000090800000|  0%| F|  |TAMS 0x0000000090700000, 0x0000000090700000| Untracked 
| 264|0x0000000090800000, 0x0000000090800000, 0x0000000090900000|  0%| F|  |TAMS 0x0000000090800000, 0x0000000090800000| Untracked 
| 265|0x0000000090900000, 0x0000000090900000, 0x0000000090a00000|  0%| F|  |TAMS 0x0000000090900000, 0x0000000090900000| Untracked 
| 266|0x0000000090a00000, 0x0000000090a00000, 0x0000000090b00000|  0%| F|  |TAMS 0x0000000090a00000, 0x0000000090a00000| Untracked 
| 267|0x0000000090b00000, 0x0000000090b00000, 0x0000000090c00000|  0%| F|  |TAMS 0x0000000090b00000, 0x0000000090b00000| Untracked 
| 268|0x0000000090c00000, 0x0000000090c00000, 0x0000000090d00000|  0%| F|  |TAMS 0x0000000090c00000, 0x0000000090c00000| Untracked 
| 269|0x0000000090d00000, 0x0000000090d00000, 0x0000000090e00000|  0%| F|  |TAMS 0x0000000090d00000, 0x0000000090d00000| Untracked 
| 270|0x0000000090e00000, 0x0000000090e00000, 0x0000000090f00000|  0%| F|  |TAMS 0x0000000090e00000, 0x0000000090e00000| Untracked 
| 271|0x0000000090f00000, 0x0000000090f00000, 0x0000000091000000|  0%| F|  |TAMS 0x0000000090f00000, 0x0000000090f00000| Untracked 
| 272|0x0000000091000000, 0x0000000091000000, 0x0000000091100000|  0%| F|  |TAMS 0x0000000091000000, 0x0000000091000000| Untracked 
| 273|0x0000000091100000, 0x0000000091100000, 0x0000000091200000|  0%| F|  |TAMS 0x0000000091100000, 0x0000000091100000| Untracked 
| 274|0x0000000091200000, 0x0000000091200000, 0x0000000091300000|  0%| F|  |TAMS 0x0000000091200000, 0x0000000091200000| Untracked 
| 275|0x0000000091300000, 0x0000000091300000, 0x0000000091400000|  0%| F|  |TAMS 0x0000000091300000, 0x0000000091300000| Untracked 
| 276|0x0000000091400000, 0x0000000091400000, 0x0000000091500000|  0%| F|  |TAMS 0x0000000091400000, 0x0000000091400000| Untracked 
| 277|0x0000000091500000, 0x0000000091500000, 0x0000000091600000|  0%| F|  |TAMS 0x0000000091500000, 0x0000000091500000| Untracked 
| 278|0x0000000091600000, 0x0000000091600000, 0x0000000091700000|  0%| F|  |TAMS 0x0000000091600000, 0x0000000091600000| Untracked 
| 279|0x0000000091700000, 0x0000000091700000, 0x0000000091800000|  0%| F|  |TAMS 0x0000000091700000, 0x0000000091700000| Untracked 
| 280|0x0000000091800000, 0x0000000091800000, 0x0000000091900000|  0%| F|  |TAMS 0x0000000091800000, 0x0000000091800000| Untracked 
| 281|0x0000000091900000, 0x0000000091900000, 0x0000000091a00000|  0%| F|  |TAMS 0x0000000091900000, 0x0000000091900000| Untracked 
| 282|0x0000000091a00000, 0x0000000091a00000, 0x0000000091b00000|  0%| F|  |TAMS 0x0000000091a00000, 0x0000000091a00000| Untracked 
| 283|0x0000000091b00000, 0x0000000091b00000, 0x0000000091c00000|  0%| F|  |TAMS 0x0000000091b00000, 0x0000000091b00000| Untracked 
| 284|0x0000000091c00000, 0x0000000091c00000, 0x0000000091d00000|  0%| F|  |TAMS 0x0000000091c00000, 0x0000000091c00000| Untracked 
| 285|0x0000000091d00000, 0x0000000091d00000, 0x0000000091e00000|  0%| F|  |TAMS 0x0000000091d00000, 0x0000000091d00000| Untracked 
| 286|0x0000000091e00000, 0x0000000091e00000, 0x0000000091f00000|  0%| F|  |TAMS 0x0000000091e00000, 0x0000000091e00000| Untracked 
| 287|0x0000000091f00000, 0x0000000091f00000, 0x0000000092000000|  0%| F|  |TAMS 0x0000000091f00000, 0x0000000091f00000| Untracked 
| 288|0x0000000092000000, 0x0000000092000000, 0x0000000092100000|  0%| F|  |TAMS 0x0000000092000000, 0x0000000092000000| Untracked 
| 289|0x0000000092100000, 0x0000000092100000, 0x0000000092200000|  0%| F|  |TAMS 0x0000000092100000, 0x0000000092100000| Untracked 
| 290|0x0000000092200000, 0x0000000092200000, 0x0000000092300000|  0%| F|  |TAMS 0x0000000092200000, 0x0000000092200000| Untracked 
| 291|0x0000000092300000, 0x0000000092300000, 0x0000000092400000|  0%| F|  |TAMS 0x0000000092300000, 0x0000000092300000| Untracked 
| 292|0x0000000092400000, 0x0000000092400000, 0x0000000092500000|  0%| F|  |TAMS 0x0000000092400000, 0x0000000092400000| Untracked 
| 293|0x0000000092500000, 0x0000000092500000, 0x0000000092600000|  0%| F|  |TAMS 0x0000000092500000, 0x0000000092500000| Untracked 
| 294|0x0000000092600000, 0x0000000092600000, 0x0000000092700000|  0%| F|  |TAMS 0x0000000092600000, 0x0000000092600000| Untracked 
| 295|0x0000000092700000, 0x0000000092700000, 0x0000000092800000|  0%| F|  |TAMS 0x0000000092700000, 0x0000000092700000| Untracked 
| 296|0x0000000092800000, 0x0000000092800000, 0x0000000092900000|  0%| F|  |TAMS 0x0000000092800000, 0x0000000092800000| Untracked 
| 297|0x0000000092900000, 0x0000000092900000, 0x0000000092a00000|  0%| F|  |TAMS 0x0000000092900000, 0x0000000092900000| Untracked 
| 298|0x0000000092a00000, 0x0000000092a00000, 0x0000000092b00000|  0%| F|  |TAMS 0x0000000092a00000, 0x0000000092a00000| Untracked 
| 299|0x0000000092b00000, 0x0000000092b00000, 0x0000000092c00000|  0%| F|  |TAMS 0x0000000092b00000, 0x0000000092b00000| Untracked 
| 300|0x0000000092c00000, 0x0000000092c00000, 0x0000000092d00000|  0%| F|  |TAMS 0x0000000092c00000, 0x0000000092c00000| Untracked 
| 301|0x0000000092d00000, 0x0000000092d00000, 0x0000000092e00000|  0%| F|  |TAMS 0x0000000092d00000, 0x0000000092d00000| Untracked 
| 302|0x0000000092e00000, 0x0000000092e00000, 0x0000000092f00000|  0%| F|  |TAMS 0x0000000092e00000, 0x0000000092e00000| Untracked 
| 303|0x0000000092f00000, 0x0000000092f00000, 0x0000000093000000|  0%| F|  |TAMS 0x0000000092f00000, 0x0000000092f00000| Untracked 
| 304|0x0000000093000000, 0x0000000093000000, 0x0000000093100000|  0%| F|  |TAMS 0x0000000093000000, 0x0000000093000000| Untracked 
| 305|0x0000000093100000, 0x0000000093100000, 0x0000000093200000|  0%| F|  |TAMS 0x0000000093100000, 0x0000000093100000| Untracked 
| 306|0x0000000093200000, 0x0000000093200000, 0x0000000093300000|  0%| F|  |TAMS 0x0000000093200000, 0x0000000093200000| Untracked 
| 307|0x0000000093300000, 0x0000000093300000, 0x0000000093400000|  0%| F|  |TAMS 0x0000000093300000, 0x0000000093300000| Untracked 
| 308|0x0000000093400000, 0x0000000093400000, 0x0000000093500000|  0%| F|  |TAMS 0x0000000093400000, 0x0000000093400000| Untracked 
| 309|0x0000000093500000, 0x0000000093500000, 0x0000000093600000|  0%| F|  |TAMS 0x0000000093500000, 0x0000000093500000| Untracked 
| 310|0x0000000093600000, 0x0000000093600000, 0x0000000093700000|  0%| F|  |TAMS 0x0000000093600000, 0x0000000093600000| Untracked 
| 311|0x0000000093700000, 0x0000000093700000, 0x0000000093800000|  0%| F|  |TAMS 0x0000000093700000, 0x0000000093700000| Untracked 
| 312|0x0000000093800000, 0x0000000093800000, 0x0000000093900000|  0%| F|  |TAMS 0x0000000093800000, 0x0000000093800000| Untracked 
| 313|0x0000000093900000, 0x0000000093900000, 0x0000000093a00000|  0%| F|  |TAMS 0x0000000093900000, 0x0000000093900000| Untracked 
| 314|0x0000000093a00000, 0x0000000093a00000, 0x0000000093b00000|  0%| F|  |TAMS 0x0000000093a00000, 0x0000000093a00000| Untracked 
| 315|0x0000000093b00000, 0x0000000093b00000, 0x0000000093c00000|  0%| F|  |TAMS 0x0000000093b00000, 0x0000000093b00000| Untracked 
| 316|0x0000000093c00000, 0x0000000093c00000, 0x0000000093d00000|  0%| F|  |TAMS 0x0000000093c00000, 0x0000000093c00000| Untracked 
| 317|0x0000000093d00000, 0x0000000093d00000, 0x0000000093e00000|  0%| F|  |TAMS 0x0000000093d00000, 0x0000000093d00000| Untracked 
| 318|0x0000000093e00000, 0x0000000093e00000, 0x0000000093f00000|  0%| F|  |TAMS 0x0000000093e00000, 0x0000000093e00000| Untracked 
| 319|0x0000000093f00000, 0x0000000093f00000, 0x0000000094000000|  0%| F|  |TAMS 0x0000000093f00000, 0x0000000093f00000| Untracked 
| 320|0x0000000094000000, 0x0000000094000000, 0x0000000094100000|  0%| F|  |TAMS 0x0000000094000000, 0x0000000094000000| Untracked 
| 321|0x0000000094100000, 0x0000000094100000, 0x0000000094200000|  0%| F|  |TAMS 0x0000000094100000, 0x0000000094100000| Untracked 
| 322|0x0000000094200000, 0x0000000094200000, 0x0000000094300000|  0%| F|  |TAMS 0x0000000094200000, 0x0000000094200000| Untracked 
| 323|0x0000000094300000, 0x0000000094300000, 0x0000000094400000|  0%| F|  |TAMS 0x0000000094300000, 0x0000000094300000| Untracked 
| 324|0x0000000094400000, 0x0000000094400000, 0x0000000094500000|  0%| F|  |TAMS 0x0000000094400000, 0x0000000094400000| Untracked 
| 325|0x0000000094500000, 0x0000000094500000, 0x0000000094600000|  0%| F|  |TAMS 0x0000000094500000, 0x0000000094500000| Untracked 
| 326|0x0000000094600000, 0x0000000094600000, 0x0000000094700000|  0%| F|  |TAMS 0x0000000094600000, 0x0000000094600000| Untracked 
| 327|0x0000000094700000, 0x0000000094700000, 0x0000000094800000|  0%| F|  |TAMS 0x0000000094700000, 0x0000000094700000| Untracked 
| 328|0x0000000094800000, 0x0000000094800000, 0x0000000094900000|  0%| F|  |TAMS 0x0000000094800000, 0x0000000094800000| Untracked 
| 329|0x0000000094900000, 0x0000000094900000, 0x0000000094a00000|  0%| F|  |TAMS 0x0000000094900000, 0x0000000094900000| Untracked 
| 330|0x0000000094a00000, 0x0000000094a00000, 0x0000000094b00000|  0%| F|  |TAMS 0x0000000094a00000, 0x0000000094a00000| Untracked 
| 331|0x0000000094b00000, 0x0000000094b00000, 0x0000000094c00000|  0%| F|  |TAMS 0x0000000094b00000, 0x0000000094b00000| Untracked 
| 332|0x0000000094c00000, 0x0000000094c00000, 0x0000000094d00000|  0%| F|  |TAMS 0x0000000094c00000, 0x0000000094c00000| Untracked 
| 333|0x0000000094d00000, 0x0000000094d00000, 0x0000000094e00000|  0%| F|  |TAMS 0x0000000094d00000, 0x0000000094d00000| Untracked 
| 334|0x0000000094e00000, 0x0000000094e00000, 0x0000000094f00000|  0%| F|  |TAMS 0x0000000094e00000, 0x0000000094e00000| Untracked 
| 335|0x0000000094f00000, 0x0000000094f00000, 0x0000000095000000|  0%| F|  |TAMS 0x0000000094f00000, 0x0000000094f00000| Untracked 
| 336|0x0000000095000000, 0x0000000095000000, 0x0000000095100000|  0%| F|  |TAMS 0x0000000095000000, 0x0000000095000000| Untracked 
| 337|0x0000000095100000, 0x0000000095100000, 0x0000000095200000|  0%| F|  |TAMS 0x0000000095100000, 0x0000000095100000| Untracked 
| 338|0x0000000095200000, 0x0000000095200000, 0x0000000095300000|  0%| F|  |TAMS 0x0000000095200000, 0x0000000095200000| Untracked 
| 339|0x0000000095300000, 0x0000000095300000, 0x0000000095400000|  0%| F|  |TAMS 0x0000000095300000, 0x0000000095300000| Untracked 
| 340|0x0000000095400000, 0x0000000095400000, 0x0000000095500000|  0%| F|  |TAMS 0x0000000095400000, 0x0000000095400000| Untracked 
| 341|0x0000000095500000, 0x0000000095500000, 0x0000000095600000|  0%| F|  |TAMS 0x0000000095500000, 0x0000000095500000| Untracked 
| 342|0x0000000095600000, 0x0000000095600000, 0x0000000095700000|  0%| F|  |TAMS 0x0000000095600000, 0x0000000095600000| Untracked 
| 343|0x0000000095700000, 0x0000000095700000, 0x0000000095800000|  0%| F|  |TAMS 0x0000000095700000, 0x0000000095700000| Untracked 
| 344|0x0000000095800000, 0x0000000095800000, 0x0000000095900000|  0%| F|  |TAMS 0x0000000095800000, 0x0000000095800000| Untracked 
| 345|0x0000000095900000, 0x0000000095900000, 0x0000000095a00000|  0%| F|  |TAMS 0x0000000095900000, 0x0000000095900000| Untracked 
| 346|0x0000000095a00000, 0x0000000095a00000, 0x0000000095b00000|  0%| F|  |TAMS 0x0000000095a00000, 0x0000000095a00000| Untracked 
| 347|0x0000000095b00000, 0x0000000095b00000, 0x0000000095c00000|  0%| F|  |TAMS 0x0000000095b00000, 0x0000000095b00000| Untracked 
| 348|0x0000000095c00000, 0x0000000095c00000, 0x0000000095d00000|  0%| F|  |TAMS 0x0000000095c00000, 0x0000000095c00000| Untracked 
| 349|0x0000000095d00000, 0x0000000095d00000, 0x0000000095e00000|  0%| F|  |TAMS 0x0000000095d00000, 0x0000000095d00000| Untracked 
| 350|0x0000000095e00000, 0x0000000095e00000, 0x0000000095f00000|  0%| F|  |TAMS 0x0000000095e00000, 0x0000000095e00000| Untracked 
| 351|0x0000000095f00000, 0x0000000095f00000, 0x0000000096000000|  0%| F|  |TAMS 0x0000000095f00000, 0x0000000095f00000| Untracked 
| 352|0x0000000096000000, 0x0000000096000000, 0x0000000096100000|  0%| F|  |TAMS 0x0000000096000000, 0x0000000096000000| Untracked 
| 353|0x0000000096100000, 0x0000000096100000, 0x0000000096200000|  0%| F|  |TAMS 0x0000000096100000, 0x0000000096100000| Untracked 
| 354|0x0000000096200000, 0x0000000096200000, 0x0000000096300000|  0%| F|  |TAMS 0x0000000096200000, 0x0000000096200000| Untracked 
| 355|0x0000000096300000, 0x0000000096300000, 0x0000000096400000|  0%| F|  |TAMS 0x0000000096300000, 0x0000000096300000| Untracked 
| 356|0x0000000096400000, 0x0000000096400000, 0x0000000096500000|  0%| F|  |TAMS 0x0000000096400000, 0x0000000096400000| Untracked 
| 357|0x0000000096500000, 0x0000000096500000, 0x0000000096600000|  0%| F|  |TAMS 0x0000000096500000, 0x0000000096500000| Untracked 
| 358|0x0000000096600000, 0x0000000096600000, 0x0000000096700000|  0%| F|  |TAMS 0x0000000096600000, 0x0000000096600000| Untracked 
| 359|0x0000000096700000, 0x0000000096700000, 0x0000000096800000|  0%| F|  |TAMS 0x0000000096700000, 0x0000000096700000| Untracked 
| 360|0x0000000096800000, 0x0000000096800000, 0x0000000096900000|  0%| F|  |TAMS 0x0000000096800000, 0x0000000096800000| Untracked 
| 361|0x0000000096900000, 0x0000000096900000, 0x0000000096a00000|  0%| F|  |TAMS 0x0000000096900000, 0x0000000096900000| Untracked 
| 362|0x0000000096a00000, 0x0000000096a00000, 0x0000000096b00000|  0%| F|  |TAMS 0x0000000096a00000, 0x0000000096a00000| Untracked 
| 363|0x0000000096b00000, 0x0000000096b00000, 0x0000000096c00000|  0%| F|  |TAMS 0x0000000096b00000, 0x0000000096b00000| Untracked 
| 364|0x0000000096c00000, 0x0000000096c00000, 0x0000000096d00000|  0%| F|  |TAMS 0x0000000096c00000, 0x0000000096c00000| Untracked 
| 365|0x0000000096d00000, 0x0000000096d00000, 0x0000000096e00000|  0%| F|  |TAMS 0x0000000096d00000, 0x0000000096d00000| Untracked 
| 366|0x0000000096e00000, 0x0000000096e00000, 0x0000000096f00000|  0%| F|  |TAMS 0x0000000096e00000, 0x0000000096e00000| Untracked 
| 367|0x0000000096f00000, 0x0000000096f00000, 0x0000000097000000|  0%| F|  |TAMS 0x0000000096f00000, 0x0000000096f00000| Untracked 
| 368|0x0000000097000000, 0x0000000097000000, 0x0000000097100000|  0%| F|  |TAMS 0x0000000097000000, 0x0000000097000000| Untracked 
| 369|0x0000000097100000, 0x0000000097100000, 0x0000000097200000|  0%| F|  |TAMS 0x0000000097100000, 0x0000000097100000| Untracked 
| 370|0x0000000097200000, 0x0000000097200000, 0x0000000097300000|  0%| F|  |TAMS 0x0000000097200000, 0x0000000097200000| Untracked 
| 371|0x0000000097300000, 0x0000000097300000, 0x0000000097400000|  0%| F|  |TAMS 0x0000000097300000, 0x0000000097300000| Untracked 
| 372|0x0000000097400000, 0x0000000097400000, 0x0000000097500000|  0%| F|  |TAMS 0x0000000097400000, 0x0000000097400000| Untracked 
| 373|0x0000000097500000, 0x0000000097500000, 0x0000000097600000|  0%| F|  |TAMS 0x0000000097500000, 0x0000000097500000| Untracked 
| 374|0x0000000097600000, 0x0000000097600000, 0x0000000097700000|  0%| F|  |TAMS 0x0000000097600000, 0x0000000097600000| Untracked 
| 375|0x0000000097700000, 0x0000000097700000, 0x0000000097800000|  0%| F|  |TAMS 0x0000000097700000, 0x0000000097700000| Untracked 
| 376|0x0000000097800000, 0x0000000097800000, 0x0000000097900000|  0%| F|  |TAMS 0x0000000097800000, 0x0000000097800000| Untracked 
| 377|0x0000000097900000, 0x0000000097900000, 0x0000000097a00000|  0%| F|  |TAMS 0x0000000097900000, 0x0000000097900000| Untracked 
| 378|0x0000000097a00000, 0x0000000097a00000, 0x0000000097b00000|  0%| F|  |TAMS 0x0000000097a00000, 0x0000000097a00000| Untracked 
| 379|0x0000000097b00000, 0x0000000097b00000, 0x0000000097c00000|  0%| F|  |TAMS 0x0000000097b00000, 0x0000000097b00000| Untracked 
| 380|0x0000000097c00000, 0x0000000097c00000, 0x0000000097d00000|  0%| F|  |TAMS 0x0000000097c00000, 0x0000000097c00000| Untracked 
| 381|0x0000000097d00000, 0x0000000097d00000, 0x0000000097e00000|  0%| F|  |TAMS 0x0000000097d00000, 0x0000000097d00000| Untracked 
| 382|0x0000000097e00000, 0x0000000097ebd820, 0x0000000097f00000| 74%| S|CS|TAMS 0x0000000097e00000, 0x0000000097e00000| Complete 
| 383|0x0000000097f00000, 0x0000000098000000, 0x0000000098000000|100%| S|CS|TAMS 0x0000000097f00000, 0x0000000097f00000| Complete 
| 384|0x0000000098000000, 0x0000000098100000, 0x0000000098100000|100%| S|CS|TAMS 0x0000000098000000, 0x0000000098000000| Complete 
| 385|0x0000000098100000, 0x0000000098100000, 0x0000000098200000|  0%| F|  |TAMS 0x0000000098100000, 0x0000000098100000| Untracked 
| 386|0x0000000098200000, 0x0000000098200000, 0x0000000098300000|  0%| F|  |TAMS 0x0000000098200000, 0x0000000098200000| Untracked 
| 387|0x0000000098300000, 0x0000000098300000, 0x0000000098400000|  0%| F|  |TAMS 0x0000000098300000, 0x0000000098300000| Untracked 
| 388|0x0000000098400000, 0x0000000098400000, 0x0000000098500000|  0%| F|  |TAMS 0x0000000098400000, 0x0000000098400000| Untracked 
| 389|0x0000000098500000, 0x0000000098500000, 0x0000000098600000|  0%| F|  |TAMS 0x0000000098500000, 0x0000000098500000| Untracked 
| 390|0x0000000098600000, 0x0000000098600000, 0x0000000098700000|  0%| F|  |TAMS 0x0000000098600000, 0x0000000098600000| Untracked 
| 391|0x0000000098700000, 0x0000000098700000, 0x0000000098800000|  0%| F|  |TAMS 0x0000000098700000, 0x0000000098700000| Untracked 
| 392|0x0000000098800000, 0x0000000098800000, 0x0000000098900000|  0%| F|  |TAMS 0x0000000098800000, 0x0000000098800000| Untracked 
| 393|0x0000000098900000, 0x0000000098900000, 0x0000000098a00000|  0%| F|  |TAMS 0x0000000098900000, 0x0000000098900000| Untracked 
| 394|0x0000000098a00000, 0x0000000098a00000, 0x0000000098b00000|  0%| F|  |TAMS 0x0000000098a00000, 0x0000000098a00000| Untracked 
| 395|0x0000000098b00000, 0x0000000098b00000, 0x0000000098c00000|  0%| F|  |TAMS 0x0000000098b00000, 0x0000000098b00000| Untracked 
| 396|0x0000000098c00000, 0x0000000098c00000, 0x0000000098d00000|  0%| F|  |TAMS 0x0000000098c00000, 0x0000000098c00000| Untracked 
| 397|0x0000000098d00000, 0x0000000098d00000, 0x0000000098e00000|  0%| F|  |TAMS 0x0000000098d00000, 0x0000000098d00000| Untracked 

Card table byte_map: [0x0000018762f70000,0x0000018763370000] _byte_map_base: 0x0000018762b70000

Marking Bits (Prev, Next): (CMBitMap*) 0x000001875063ba08, (CMBitMap*) 0x000001875063ba40
 Prev Bits: [0x0000018763770000, 0x0000018765770000)
 Next Bits: [0x0000018765770000, 0x0000018767770000)

Polling page: 0x000001874e420000

Metaspace:

Usage:
  Non-class:     77.07 MB capacity,    75.63 MB ( 98%) used,     1.19 MB (  2%) free+waste,   262.75 KB ( <1%) overhead. 
      Class:     12.14 MB capacity,    11.29 MB ( 93%) used,   748.50 KB (  6%) free+waste,   120.50 KB ( <1%) overhead. 
       Both:     89.21 MB capacity,    86.92 MB ( 97%) used,     1.92 MB (  2%) free+waste,   383.25 KB ( <1%) overhead. 

Virtual space:
  Non-class space:       78.00 MB reserved,      77.29 MB (>99%) committed 
      Class space:        1.00 GB reserved,      12.25 MB (  1%) committed 
             Both:        1.08 GB reserved,      89.54 MB (  8%) committed 

Chunk freelists:
   Non-Class:  26.00 KB
       Class:  16.00 KB
        Both:  42.00 KB

MaxMetaspaceSize: 17179869184.00 GB
CompressedClassSpaceSize: 1.00 GB

CodeHeap 'non-profiled nmethods': size=120064Kb used=6435Kb max_used=6435Kb free=113628Kb
 bounds [0x000001875ba30000, 0x000001875c080000, 0x0000018762f70000]
CodeHeap 'profiled nmethods': size=120000Kb used=25428Kb max_used=25428Kb free=94571Kb
 bounds [0x0000018754500000, 0x0000018755de0000, 0x000001875ba30000]
CodeHeap 'non-nmethods': size=5696Kb used=2259Kb max_used=2315Kb free=3436Kb
 bounds [0x0000018753f70000, 0x00000187541e0000, 0x0000018754500000]
 total_blobs=12349 nmethods=11484 adapters=777
 compilation: enabled
              stopped_count=0, restarted_count=0
 full_count=0

Compilation events (20 events):
Event: 91.609 Thread 0x000001876a486800 11881       2       com.android.tools.r8.naming.v$b::<init> (16 bytes)
Event: 91.610 Thread 0x000001876a486800 nmethod 11881 0x0000018755dcd490 code [0x0000018755dcd640, 0x0000018755dcd858]
Event: 91.610 Thread 0x000001876a486800 11882       2       com.android.tools.r8.naming.v$b::toString (54 bytes)
Event: 91.611 Thread 0x000001876a486800 nmethod 11882 0x0000018755dcd910 code [0x0000018755dcdb40, 0x0000018755dcdf58]
Event: 91.613 Thread 0x000001876a486800 11883       2       com.android.tools.r8.dex.r::a (158 bytes)
Event: 91.615 Thread 0x000001876a486800 nmethod 11883 0x0000018755dce190 code [0x0000018755dce420, 0x0000018755dceb88]
Event: 91.616 Thread 0x000001876a486800 11884       2       com.android.tools.r8.naming.v$b::a (88 bytes)
Event: 91.619 Thread 0x000001876a486800 nmethod 11884 0x0000018755dcf090 code [0x0000018755dcf340, 0x0000018755dcfd78]
Event: 91.619 Thread 0x000001876a486800 11885       2       java.lang.String::join (59 bytes)
Event: 91.620 Thread 0x000001876a486800 nmethod 11885 0x0000018755dd0410 code [0x0000018755dd0620, 0x0000018755dd09c8]
Event: 91.623 Thread 0x000001876a486800 11886       2       com.android.tools.r8.dex.r$$Lambda$1039/0x0000000100bd7040::get$Lambda (11 bytes)
Event: 91.624 Thread 0x000001876a486800 nmethod 11886 0x0000018755dd0c10 code [0x0000018755dd0dc0, 0x0000018755dd1018]
Event: 91.724 Thread 0x000001876a486800 11888 %     3       com.android.tools.r8.naming.v$b::a @ 22 (88 bytes)
Event: 91.729 Thread 0x000001876a486800 nmethod 11888% 0x0000018755dd1110 code [0x0000018755dd14c0, 0x0000018755dd2b98]
Event: 91.729 Thread 0x000001876a486800 11889       3       com.android.tools.r8.naming.v$b::a (88 bytes)
Event: 91.732 Thread 0x000001876a486800 nmethod 11889 0x0000018755dd3610 code [0x0000018755dd39a0, 0x0000018755dd4f58]
Event: 91.733 Thread 0x000001876a486800 11890 %     3       java.lang.String::join @ 28 (59 bytes)
Event: 91.734 Thread 0x000001876a486800 nmethod 11890% 0x0000018755dd5910 code [0x0000018755dd5b40, 0x0000018755dd61c8]
Event: 91.734 Thread 0x000001876a486800 11891       3       java.lang.String::join (59 bytes)
Event: 91.735 Thread 0x000001876a486800 nmethod 11891 0x0000018755dd6510 code [0x0000018755dd6740, 0x0000018755dd6d08]

GC Heap History (20 events):
Event: 79.846 GC heap after
{Heap after GC invocations=46 (full 0):
 garbage-first heap   total 264192K, used 143360K [0x0000000080000000, 0x0000000100000000)
  region size 1024K, 3 young (3072K), 3 survivors (3072K)
 Metaspace       used 88615K, capacity 90953K, committed 91172K, reserved 1128448K
  class space    used 11555K, capacity 12421K, committed 12544K, reserved 1048576K
}
Event: 79.868 GC heap before
{Heap before GC invocations=46 (full 0):
 garbage-first heap   total 264192K, used 143360K [0x0000000080000000, 0x0000000100000000)
  region size 1024K, 4 young (4096K), 3 survivors (3072K)
 Metaspace       used 88615K, capacity 90953K, committed 91172K, reserved 1128448K
  class space    used 11555K, capacity 12421K, committed 12544K, reserved 1048576K
}
Event: 79.893 GC heap after
{Heap after GC invocations=47 (full 0):
 garbage-first heap   total 264192K, used 144759K [0x0000000080000000, 0x0000000100000000)
  region size 1024K, 1 young (1024K), 1 survivors (1024K)
 Metaspace       used 88615K, capacity 90953K, committed 91172K, reserved 1128448K
  class space    used 11555K, capacity 12421K, committed 12544K, reserved 1048576K
}
Event: 81.867 GC heap before
{Heap before GC invocations=48 (full 0):
 garbage-first heap   total 264192K, used 166263K [0x0000000080000000, 0x0000000100000000)
  region size 1024K, 20 young (20480K), 1 survivors (1024K)
 Metaspace       used 88724K, capacity 91035K, committed 91172K, reserved 1128448K
  class space    used 11555K, capacity 12421K, committed 12544K, reserved 1048576K
}
Event: 81.926 GC heap after
{Heap after GC invocations=49 (full 0):
 garbage-first heap   total 264192K, used 156535K [0x0000000080000000, 0x0000000100000000)
  region size 1024K, 3 young (3072K), 3 survivors (3072K)
 Metaspace       used 88724K, capacity 91035K, committed 91172K, reserved 1128448K
  class space    used 11555K, capacity 12421K, committed 12544K, reserved 1048576K
}
Event: 82.246 GC heap before
{Heap before GC invocations=49 (full 0):
 garbage-first heap   total 264192K, used 165751K [0x0000000080000000, 0x0000000100000000)
  region size 1024K, 13 young (13312K), 3 survivors (3072K)
 Metaspace       used 88736K, capacity 91042K, committed 91172K, reserved 1128448K
  class space    used 11557K, capacity 12423K, committed 12544K, reserved 1048576K
}
Event: 82.308 GC heap after
{Heap after GC invocations=50 (full 0):
 garbage-first heap   total 264192K, used 159747K [0x0000000080000000, 0x0000000100000000)
  region size 1024K, 3 young (3072K), 3 survivors (3072K)
 Metaspace       used 88736K, capacity 91042K, committed 91172K, reserved 1128448K
  class space    used 11557K, capacity 12423K, committed 12544K, reserved 1048576K
}
Event: 84.731 GC heap before
{Heap before GC invocations=51 (full 0):
 garbage-first heap   total 264192K, used 169987K [0x0000000080000000, 0x0000000100000000)
  region size 1024K, 24 young (24576K), 3 survivors (3072K)
 Metaspace       used 88843K, capacity 91182K, committed 91428K, reserved 1128448K
  class space    used 11558K, capacity 12424K, committed 12544K, reserved 1048576K
}
Event: 84.844 GC heap after
{Heap after GC invocations=52 (full 0):
 garbage-first heap   total 407552K, used 155396K [0x0000000080000000, 0x0000000100000000)
  region size 1024K, 3 young (3072K), 3 survivors (3072K)
 Metaspace       used 88843K, capacity 91182K, committed 91428K, reserved 1128448K
  class space    used 11558K, capacity 12424K, committed 12544K, reserved 1048576K
}
Event: 85.901 GC heap before
{Heap before GC invocations=52 (full 0):
 garbage-first heap   total 407552K, used 172804K [0x0000000080000000, 0x0000000100000000)
  region size 1024K, 19 young (19456K), 3 survivors (3072K)
 Metaspace       used 88849K, capacity 91182K, committed 91428K, reserved 1128448K
  class space    used 11558K, capacity 12424K, committed 12544K, reserved 1048576K
}
Event: 86.019 GC heap after
{Heap after GC invocations=53 (full 0):
 garbage-first heap   total 407552K, used 161280K [0x0000000080000000, 0x0000000100000000)
  region size 1024K, 3 young (3072K), 3 survivors (3072K)
 Metaspace       used 88849K, capacity 91182K, committed 91428K, reserved 1128448K
  class space    used 11558K, capacity 12424K, committed 12544K, reserved 1048576K
}
Event: 87.182 GC heap before
{Heap before GC invocations=53 (full 0):
 garbage-first heap   total 407552K, used 186880K [0x0000000080000000, 0x0000000100000000)
  region size 1024K, 19 young (19456K), 3 survivors (3072K)
 Metaspace       used 88898K, capacity 91250K, committed 91428K, reserved 1128448K
  class space    used 11558K, capacity 12424K, committed 12544K, reserved 1048576K
}
Event: 87.251 GC heap after
{Heap after GC invocations=54 (full 0):
 garbage-first heap   total 407552K, used 176128K [0x0000000080000000, 0x0000000100000000)
  region size 1024K, 3 young (3072K), 3 survivors (3072K)
 Metaspace       used 88898K, capacity 91250K, committed 91428K, reserved 1128448K
  class space    used 11558K, capacity 12424K, committed 12544K, reserved 1048576K
}
Event: 89.415 GC heap before
{Heap before GC invocations=54 (full 0):
 garbage-first heap   total 407552K, used 212992K [0x0000000080000000, 0x0000000100000000)
  region size 1024K, 31 young (31744K), 3 survivors (3072K)
 Metaspace       used 88947K, capacity 91258K, committed 91428K, reserved 1128448K
  class space    used 11558K, capacity 12424K, committed 12544K, reserved 1048576K
}
Event: 89.455 GC heap after
{Heap after GC invocations=55 (full 0):
 garbage-first heap   total 407552K, used 189568K [0x0000000080000000, 0x0000000100000000)
  region size 1024K, 4 young (4096K), 4 survivors (4096K)
 Metaspace       used 88947K, capacity 91258K, committed 91428K, reserved 1128448K
  class space    used 11558K, capacity 12424K, committed 12544K, reserved 1048576K
}
Event: 89.458 GC heap before
{Heap before GC invocations=55 (full 0):
 garbage-first heap   total 407552K, used 189568K [0x0000000080000000, 0x0000000100000000)
  region size 1024K, 5 young (5120K), 4 survivors (4096K)
 Metaspace       used 88947K, capacity 91258K, committed 91428K, reserved 1128448K
  class space    used 11558K, capacity 12424K, committed 12544K, reserved 1048576K
}
Event: 89.466 GC heap after
{Heap after GC invocations=56 (full 0):
 garbage-first heap   total 407552K, used 189851K [0x0000000080000000, 0x0000000100000000)
  region size 1024K, 1 young (1024K), 1 survivors (1024K)
 Metaspace       used 88947K, capacity 91258K, committed 91428K, reserved 1128448K
  class space    used 11558K, capacity 12424K, committed 12544K, reserved 1048576K
}
Event: 91.812 GC heap before
{Heap before GC invocations=57 (full 0):
 garbage-first heap   total 407552K, used 233883K [0x0000000080000000, 0x0000000100000000)
  region size 1024K, 43 young (44032K), 1 survivors (1024K)
 Metaspace       used 89005K, capacity 91354K, committed 91684K, reserved 1128448K
  class space    used 11563K, capacity 12432K, committed 12544K, reserved 1048576K
}
Event: 91.899 GC heap after
{Heap after GC invocations=58 (full 0):
 garbage-first heap   total 407552K, used 198241K [0x0000000080000000, 0x0000000100000000)
  region size 1024K, 6 young (6144K), 6 survivors (6144K)
 Metaspace       used 89005K, capacity 91354K, committed 91684K, reserved 1128448K
  class space    used 11563K, capacity 12432K, committed 12544K, reserved 1048576K
}
Event: 92.023 GC heap before
{Heap before GC invocations=58 (full 0):
 garbage-first heap   total 407552K, used 211553K [0x0000000080000000, 0x0000000100000000)
  region size 1024K, 19 young (19456K), 6 survivors (6144K)
 Metaspace       used 89005K, capacity 91354K, committed 91684K, reserved 1128448K
  class space    used 11563K, capacity 12432K, committed 12544K, reserved 1048576K
}

Deoptimization events (20 events):
Event: 91.188 Thread 0x000001876a962800 DEOPT PACKING pc=0x000001875c070640 sp=0x0000004388bfec10
Event: 91.188 Thread 0x000001876a962800 DEOPT UNPACKING pc=0x0000018753f969aa sp=0x0000004388bfebb0 mode 2
Event: 91.412 Thread 0x000001876a962800 Uncommon trap: trap_request=0xffffff7e fr.pc=0x000001875c002690 relative=0x0000000000000230
Event: 91.412 Thread 0x000001876a962800 Uncommon trap: reason=predicate action=maybe_recompile pc=0x000001875c002690 method=com.android.tools.r8.graph.s1.d(Ljava/util/function/Function;)Lcom/android/tools/r8/utils/t1; @ 60 c2
Event: 91.412 Thread 0x000001876a962800 DEOPT PACKING pc=0x000001875c002690 sp=0x0000004388bfebb0
Event: 91.412 Thread 0x000001876a962800 DEOPT UNPACKING pc=0x0000018753f969aa sp=0x0000004388bfeb48 mode 2
Event: 91.479 Thread 0x000001876a962800 DEOPT PACKING pc=0x0000018755dbabbc sp=0x0000004388bfebc0
Event: 91.479 Thread 0x000001876a962800 DEOPT UNPACKING pc=0x0000018753f967c0 sp=0x0000004388bfe078 mode 0
Event: 91.502 Thread 0x000001876a962800 DEOPT PACKING pc=0x0000018755dc2e19 sp=0x0000004388bfec40
Event: 91.502 Thread 0x000001876a962800 DEOPT UNPACKING pc=0x0000018753f967c0 sp=0x0000004388bfe208 mode 0
Event: 91.525 Thread 0x000001876a962800 DEOPT PACKING pc=0x0000018755dbabbc sp=0x0000004388bfea70
Event: 91.525 Thread 0x000001876a962800 DEOPT UNPACKING pc=0x0000018753f967c0 sp=0x0000004388bfdf28 mode 0
Event: 91.673 Thread 0x000001876a962800 DEOPT PACKING pc=0x0000018755dbabbc sp=0x0000004388bfecd0
Event: 91.673 Thread 0x000001876a962800 DEOPT UNPACKING pc=0x0000018753f967c0 sp=0x0000004388bfe188 mode 0
Event: 91.732 Thread 0x000001876a962800 DEOPT PACKING pc=0x0000018755dcfadf sp=0x0000004388bfe900
Event: 91.732 Thread 0x000001876a962800 DEOPT UNPACKING pc=0x0000018753f967c0 sp=0x0000004388bfdeb0 mode 0
Event: 91.736 Thread 0x000001876a962800 DEOPT PACKING pc=0x0000018755dd08ad sp=0x0000004388bfe910
Event: 91.736 Thread 0x000001876a962800 DEOPT UNPACKING pc=0x0000018753f967c0 sp=0x0000004388bfddd0 mode 0
Event: 92.021 Thread 0x000001876a962800 DEOPT PACKING pc=0x0000018755dbabbc sp=0x0000004388bfecd0
Event: 92.021 Thread 0x000001876a962800 DEOPT UNPACKING pc=0x0000018753f967c0 sp=0x0000004388bfe188 mode 0

Classes redefined (0 events):
No events

Internal exceptions (20 events):
Event: 64.465 Thread 0x000001876a95c000 Exception <a 'sun/nio/fs/WindowsException'{0x00000000879dfc90}> (0x00000000879dfc90) thrown at [./src/hotspot/share/prims/jni.cpp, line 615]
Event: 64.470 Thread 0x000001876a95c000 Exception <a 'sun/nio/fs/WindowsException'{0x00000000879e7e90}> (0x00000000879e7e90) thrown at [./src/hotspot/share/prims/jni.cpp, line 615]
Event: 64.484 Thread 0x000001876a95c000 Exception <a 'sun/nio/fs/WindowsException'{0x00000000878c2008}> (0x00000000878c2008) thrown at [./src/hotspot/share/prims/jni.cpp, line 615]
Event: 64.497 Thread 0x000001876a95c000 Exception <a 'sun/nio/fs/WindowsException'{0x00000000878ccc98}> (0x00000000878ccc98) thrown at [./src/hotspot/share/prims/jni.cpp, line 615]
Event: 64.513 Thread 0x000001876a95c000 Exception <a 'sun/nio/fs/WindowsException'{0x00000000878da030}> (0x00000000878da030) thrown at [./src/hotspot/share/prims/jni.cpp, line 615]
Event: 64.519 Thread 0x000001876a95c000 Exception <a 'sun/nio/fs/WindowsException'{0x00000000878e0fc0}> (0x00000000878e0fc0) thrown at [./src/hotspot/share/prims/jni.cpp, line 615]
Event: 64.530 Thread 0x000001876a95c000 Exception <a 'sun/nio/fs/WindowsException'{0x00000000878e90f8}> (0x00000000878e90f8) thrown at [./src/hotspot/share/prims/jni.cpp, line 615]
Event: 64.538 Thread 0x000001876a95c000 Exception <a 'sun/nio/fs/WindowsException'{0x00000000876c4480}> (0x00000000876c4480) thrown at [./src/hotspot/share/prims/jni.cpp, line 615]
Event: 64.547 Thread 0x000001876a95c000 Exception <a 'sun/nio/fs/WindowsException'{0x00000000876d1b30}> (0x00000000876d1b30) thrown at [./src/hotspot/share/prims/jni.cpp, line 615]
Event: 64.558 Thread 0x000001876a95c000 Exception <a 'sun/nio/fs/WindowsException'{0x00000000876d9d58}> (0x00000000876d9d58) thrown at [./src/hotspot/share/prims/jni.cpp, line 615]
Event: 64.568 Thread 0x000001876a95c000 Exception <a 'sun/nio/fs/WindowsException'{0x00000000876e07e8}> (0x00000000876e07e8) thrown at [./src/hotspot/share/prims/jni.cpp, line 615]
Event: 64.582 Thread 0x000001876a95c000 Exception <a 'sun/nio/fs/WindowsException'{0x00000000876ea980}> (0x00000000876ea980) thrown at [./src/hotspot/share/prims/jni.cpp, line 615]
Event: 64.587 Thread 0x000001876a95c000 Exception <a 'sun/nio/fs/WindowsException'{0x00000000874c50f8}> (0x00000000874c50f8) thrown at [./src/hotspot/share/prims/jni.cpp, line 615]
Event: 64.593 Thread 0x000001876a95c000 Exception <a 'sun/nio/fs/WindowsException'{0x00000000874cbda0}> (0x00000000874cbda0) thrown at [./src/hotspot/share/prims/jni.cpp, line 615]
Event: 64.597 Thread 0x000001876a95c000 Exception <a 'sun/nio/fs/WindowsException'{0x00000000874d2360}> (0x00000000874d2360) thrown at [./src/hotspot/share/prims/jni.cpp, line 615]
Event: 64.703 Thread 0x000001876c0c5000 Exception <a 'java/lang/NoSuchMethodError'{0x000000008713c5b8}: <clinit>> (0x000000008713c5b8) thrown at [./src/hotspot/share/prims/jni.cpp, line 1362]
Event: 70.248 Thread 0x000001876a960000 Exception <a 'java/lang/NoSuchMethodError'{0x00000000877f9d28}: <clinit>> (0x00000000877f9d28) thrown at [./src/hotspot/share/prims/jni.cpp, line 1362]
Event: 70.936 Thread 0x000001876a95c000 Exception <a 'sun/nio/fs/WindowsException'{0x000000008a19c7b0}> (0x000000008a19c7b0) thrown at [./src/hotspot/share/prims/jni.cpp, line 615]
Event: 73.887 Thread 0x000001876a95c000 Implicit null exception at 0x000001875bf7869d to 0x000001875bf790e4
Event: 91.018 Thread 0x000001876a962800 Implicit null exception at 0x000001875c065574 to 0x000001875c06aff0

Events (20 events):
Event: 91.421 Executing VM operation: RevokeBias done
Event: 91.422 Executing VM operation: RevokeBias
Event: 91.422 Executing VM operation: RevokeBias done
Event: 91.423 Executing VM operation: RevokeBias
Event: 91.423 Executing VM operation: RevokeBias done
Event: 91.424 Executing VM operation: RevokeBias
Event: 91.424 Executing VM operation: RevokeBias done
Event: 91.424 Executing VM operation: RevokeBias
Event: 91.424 Executing VM operation: RevokeBias done
Event: 91.426 Executing VM operation: RevokeBias
Event: 91.426 Executing VM operation: RevokeBias done
Event: 91.427 Executing VM operation: RevokeBias
Event: 91.427 Executing VM operation: RevokeBias done
Event: 91.427 Executing VM operation: RevokeBias
Event: 91.427 Executing VM operation: RevokeBias done
Event: 91.427 Executing VM operation: BulkRevokeBias
Event: 91.429 Executing VM operation: BulkRevokeBias done
Event: 91.812 Executing VM operation: G1CollectForAllocation
Event: 91.899 Executing VM operation: G1CollectForAllocation done
Event: 92.023 Executing VM operation: G1CollectForAllocation


Dynamic libraries:
0x00007ff6a8300000 - 0x00007ff6a830a000 	C:\Program Files\Android\Android Studio\jre\bin\java.exe
0x00007ffd1f4d0000 - 0x00007ffd1f6b1000 	C:\Windows\SYSTEM32\ntdll.dll
0x00007ffd1ccc0000 - 0x00007ffd1cd72000 	C:\Windows\System32\KERNEL32.DLL
0x00007ffd1ba50000 - 0x00007ffd1bcc3000 	C:\Windows\System32\KERNELBASE.dll
0x00007ffd1b950000 - 0x00007ffd1ba4a000 	C:\Windows\System32\ucrtbase.dll
0x00007ffd10960000 - 0x00007ffd10979000 	C:\Program Files\Android\Android Studio\jre\bin\jli.dll
0x00007ffcfa7f0000 - 0x00007ffcfa807000 	C:\Program Files\Android\Android Studio\jre\bin\VCRUNTIME140.dll
0x00007ffd1e7a0000 - 0x00007ffd1e930000 	C:\Windows\System32\USER32.dll
0x00007ffd1bdc0000 - 0x00007ffd1bde0000 	C:\Windows\System32\win32u.dll
0x00007ffd0f6d0000 - 0x00007ffd0f939000 	C:\Windows\WinSxS\amd64_microsoft.windows.common-controls_6595b64144ccf1df_6.0.17133.73_none_b4b127863cb5b9c7\COMCTL32.dll
0x00007ffd1c960000 - 0x00007ffd1c988000 	C:\Windows\System32\GDI32.dll
0x00007ffd1e700000 - 0x00007ffd1e79e000 	C:\Windows\System32\msvcrt.dll
0x00007ffd1c7c0000 - 0x00007ffd1c952000 	C:\Windows\System32\gdi32full.dll
0x00007ffd1c990000 - 0x00007ffd1ccb3000 	C:\Windows\System32\combase.dll
0x00007ffd1bcd0000 - 0x00007ffd1bd6f000 	C:\Windows\System32\msvcp_win.dll
0x00007ffd1f1c0000 - 0x00007ffd1f2e4000 	C:\Windows\System32\RPCRT4.dll
0x00007ffd1c6e0000 - 0x00007ffd1c75a000 	C:\Windows\System32\bcryptPrimitives.dll
0x00007ffd1e990000 - 0x00007ffd1e9bd000 	C:\Windows\System32\IMM32.DLL
0x00007ffcf9620000 - 0x00007ffcf96bd000 	C:\Program Files\Android\Android Studio\jre\bin\msvcp140.dll
0x00007ffcd9130000 - 0x00007ffcd9bec000 	C:\Program Files\Android\Android Studio\jre\bin\server\jvm.dll
0x00007ffd1ee50000 - 0x00007ffd1eef1000 	C:\Windows\System32\ADVAPI32.dll
0x00007ffd1ebf0000 - 0x00007ffd1ec4b000 	C:\Windows\System32\sechost.dll
0x00007ffd1ef00000 - 0x00007ffd1ef08000 	C:\Windows\System32\PSAPI.DLL
0x00007ffd11f50000 - 0x00007ffd11f59000 	C:\Windows\SYSTEM32\WSOCK32.dll
0x00007ffd19960000 - 0x00007ffd19983000 	C:\Windows\SYSTEM32\WINMM.dll
0x00007ffd1ec50000 - 0x00007ffd1ecbc000 	C:\Windows\System32\WS2_32.dll
0x00007ffd19930000 - 0x00007ffd1995a000 	C:\Windows\SYSTEM32\WINMMBASE.dll
0x00007ffd0eec0000 - 0x00007ffd0eeca000 	C:\Windows\SYSTEM32\VERSION.dll
0x00007ffd1bd70000 - 0x00007ffd1bdb9000 	C:\Windows\System32\cfgmgr32.dll
0x00007ffd1b850000 - 0x00007ffd1b861000 	C:\Windows\System32\kernel.appcore.dll
0x00007ffcec5c0000 - 0x00007ffcec5d1000 	C:\Program Files\Android\Android Studio\jre\bin\verify.dll
0x00007ffd0b100000 - 0x00007ffd0b2c9000 	C:\Windows\SYSTEM32\DBGHELP.DLL
0x00007ffd0b0d0000 - 0x00007ffd0b0f9000 	C:\Windows\SYSTEM32\dbgcore.DLL
0x00007ffce2040000 - 0x00007ffce2069000 	C:\Program Files\Android\Android Studio\jre\bin\java.dll
0x00007ffd11e60000 - 0x00007ffd11e6b000 	C:\Program Files\Android\Android Studio\jre\bin\jimage.dll
0x00007ffcec300000 - 0x00007ffcec318000 	C:\Program Files\Android\Android Studio\jre\bin\zip.dll
0x00007ffd1d2c0000 - 0x00007ffd1e700000 	C:\Windows\System32\SHELL32.dll
0x00007ffd1f2f0000 - 0x00007ffd1f399000 	C:\Windows\System32\shcore.dll
0x00007ffd1bde0000 - 0x00007ffd1c4ed000 	C:\Windows\System32\windows.storage.dll
0x00007ffd1e930000 - 0x00007ffd1e981000 	C:\Windows\System32\shlwapi.dll
0x00007ffd1b7e0000 - 0x00007ffd1b7ff000 	C:\Windows\System32\profapi.dll
0x00007ffd1b800000 - 0x00007ffd1b84c000 	C:\Windows\System32\powrprof.dll
0x00007ffd1b890000 - 0x00007ffd1b89a000 	C:\Windows\System32\FLTLIB.DLL
0x00007ffce23b0000 - 0x00007ffce23ca000 	C:\Program Files\Android\Android Studio\jre\bin\net.dll
0x00007ffd12c40000 - 0x00007ffd12d1d000 	C:\Windows\SYSTEM32\WINHTTP.dll
0x00007ffd1b000000 - 0x00007ffd1b066000 	C:\Windows\system32\mswsock.dll
0x00007ffce2020000 - 0x00007ffce2034000 	C:\Program Files\Android\Android Studio\jre\bin\nio.dll
0x00007ffce2a20000 - 0x00007ffce2a47000 	C:\Users\MISHECK\.gradle\native\fdc75f09e3144964f2cf3f50f0aa648679c211496f362492102eb8c894070792\windows-amd64\native-platform.dll
0x00007ffcdf560000 - 0x00007ffcdf6f6000 	C:\Users\MISHECK\.gradle\native\12488b8bf47d2d4c9fbf2f6322a914ad602e24e48041cd04a747c6da556b65c4\windows-amd64\native-platform-file-events.dll
0x00007ffd09b00000 - 0x00007ffd09b0a000 	C:\Program Files\Android\Android Studio\jre\bin\management.dll
0x00007ffd08440000 - 0x00007ffd0844c000 	C:\Program Files\Android\Android Studio\jre\bin\management_ext.dll
0x00007ffd1b1b0000 - 0x00007ffd1b1c7000 	C:\Windows\SYSTEM32\CRYPTSP.dll
0x00007ffd1abe0000 - 0x00007ffd1ac13000 	C:\Windows\system32\rsaenh.dll
0x00007ffd1b2e0000 - 0x00007ffd1b305000 	C:\Windows\SYSTEM32\bcrypt.dll
0x00007ffd1b6e0000 - 0x00007ffd1b708000 	C:\Windows\SYSTEM32\USERENV.dll
0x00007ffd1b1d0000 - 0x00007ffd1b1db000 	C:\Windows\SYSTEM32\CRYPTBASE.dll
0x00007ffd1ad80000 - 0x00007ffd1adb8000 	C:\Windows\SYSTEM32\IPHLPAPI.DLL
0x00007ffd1ecc0000 - 0x00007ffd1ecc8000 	C:\Windows\System32\NSI.dll
0x00007ffd13ca0000 - 0x00007ffd13cb6000 	C:\Windows\SYSTEM32\dhcpcsvc6.DLL
0x00007ffd13c80000 - 0x00007ffd13c9a000 	C:\Windows\SYSTEM32\dhcpcsvc.DLL
0x00007ffd14040000 - 0x00007ffd1404b000 	C:\Windows\SYSTEM32\WINNSI.DLL

dbghelp: loaded successfully - version: 4.0.5 - missing functions: none
symbol engine: initialized successfully - sym options: 0x614 - pdb path: .;C:\Program Files\Android\Android Studio\jre\bin;C:\Windows\SYSTEM32;C:\Windows\WinSxS\amd64_microsoft.windows.common-controls_6595b64144ccf1df_6.0.17133.73_none_b4b127863cb5b9c7;C:\Program Files\Android\Android Studio\jre\bin\server;C:\Users\MISHECK\.gradle\native\fdc75f09e3144964f2cf3f50f0aa648679c211496f362492102eb8c894070792\windows-amd64;C:\Users\MISHECK\.gradle\native\12488b8bf47d2d4c9fbf2f6322a914ad602e24e48041cd04a747c6da556b65c4\windows-amd64

VM Arguments:
jvm_args: --add-opens=java.base/java.util=ALL-UNNAMED --add-opens=java.base/java.lang=ALL-UNNAMED --add-opens=java.base/java.lang.invoke=ALL-UNNAMED --add-opens=java.prefs/java.util.prefs=ALL-UNNAMED -Xmx2048m -Dfile.encoding=UTF-8 -Duser.country=US -Duser.language=en -Duser.variant 
java_command: org.gradle.launcher.daemon.bootstrap.GradleDaemon 6.7.1
java_class_path (initial): C:\Users\MISHECK\.gradle\wrapper\dists\gradle-6.7.1-bin\bwlcbys1h7rz3272sye1xwiv6\gradle-6.7.1\lib\gradle-launcher-6.7.1.jar
Launcher Type: SUN_STANDARD

[Global flags]
     intx CICompilerCount                          = 2                                         {product} {ergonomic}
     uint ConcGCThreads                            = 1                                         {product} {ergonomic}
     uint G1ConcRefinementThreads                  = 2                                         {product} {ergonomic}
   size_t G1HeapRegionSize                         = 1048576                                   {product} {ergonomic}
    uintx GCDrainStackTargetSize                   = 64                                        {product} {ergonomic}
   size_t InitialHeapSize                          = 67108864                                  {product} {ergonomic}
   size_t MarkStackSize                            = 4194304                                   {product} {ergonomic}
   size_t MaxHeapSize                              = 2147483648                                {product} {command line}
   size_t MaxNewSize                               = 1287651328                                {product} {ergonomic}
   size_t MinHeapDeltaBytes                        = 1048576                                   {product} {ergonomic}
    uintx NonNMethodCodeHeapSize                   = 5825164                                {pd product} {ergonomic}
    uintx NonProfiledCodeHeapSize                  = 122916538                              {pd product} {ergonomic}
    uintx ProfiledCodeHeapSize                     = 122916538                              {pd product} {ergonomic}
    uintx ReservedCodeCacheSize                    = 251658240                              {pd product} {ergonomic}
     bool SegmentedCodeCache                       = true                                      {product} {ergonomic}
     bool UseCompressedClassPointers               = true                                 {lp64_product} {ergonomic}
     bool UseCompressedOops                        = true                                 {lp64_product} {ergonomic}
     bool UseG1GC                                  = true                                      {product} {ergonomic}
     bool UseLargePagesIndividualAllocation        = false                                  {pd product} {ergonomic}

Logging:
Log output configuration:
 #0: stdout all=warning uptime,level,tags
 #1: stderr all=off uptime,level,tags

Environment Variables:
JAVA_HOME=C:\Program Files\Java\jdk1.8.0_191
PATH=C:\Program Files (x86)\Common Files\Oracle\Java\javapath;C:\Windows\system32;C:\Windows;C:\Windows\System32\Wbem;C:\Windows\System32\WindowsPowerShell\v1.0\;C:\Windows\System32\OpenSSH\;C:\Program Files (x86)\Git\cmd;C:\Program Files\nodejs\;C:\Program Files\Java\jdk1.8.0_191\bin;C:\Users\MISHECK\AppData\Roaming\npm;C:\Exercism;C:\Users\MISHECK\AppData\Local\Programs\Python\Python39;C:\Users\MISHECK\AppData\Local\Programs\Microsoft VS Code\bin;C:\Program Files\CodeBlocks\MinGW\bin;
USERNAME=MISHECK
OS=Windows_NT
PROCESSOR_IDENTIFIER=Intel64 Family 6 Model 55 Stepping 8, GenuineIntel



---------------  S Y S T E M  ---------------

OS: Windows 10 , 64 bit Build 17133 (10.0.17133.73)
OS uptime: 2 days 20:39 hours

CPU:total 2 (initial active 2) (2 cores per cpu, 1 threads per core) family 6 model 55 stepping 8, cmov, cx8, fxsr, mmx, sse, sse2, sse3, ssse3, sse4.1, sse4.2, popcnt, clmul, erms, 3dnowpref, tsc, tscinvbit

Memory: 4k page, system-wide physical 3987M (556M free)
TotalPageFile size 5381M (AvailPageFile size 185M)
current process WorkingSet (physical memory assigned to process): 524M, peak: 524M
current process commit charge ("private bytes"): 679M, peak: 875M

vm_info: OpenJDK 64-Bit Server VM (11.0.8+10-b944.6842174) for windows-amd64 JRE (11.0.8+10-b944.6842174), built on Sep 19 2020 01:11:42 by "builder" with MS VC++ 14.0 (VS2015)

END.
