#
# There is insufficient memory for the Java Runtime Environment to continue.
# Native memory allocation (mmap) failed to map 59768832 bytes for Failed to commit area from 0x000000008c700000 to 0x0000000090000000 of length 59768832.
# Possible reasons:
#   The system is out of physical RAM or swap space
#   The process is running with CompressedOops enabled, and the Java Heap may be blocking the growth of the native heap
# Possible solutions:
#   Reduce memory load on the system
#   Increase physical memory or swap space
#   Check if swap backing store is full
#   Decrease Java heap size (-Xmx/-Xms)
#   Decrease number of Java threads
#   Decrease Java thread stack sizes (-Xss)
#   Set larger code cache with -XX:ReservedCodeCacheSize=
#   JVM is running with Unscaled Compressed Oops mode in which the Java heap is
#     placed in the first 4GB address space. The Java Heap base address is the
#     maximum limit for the native heap growth. Please use -XX:HeapBaseMinAddress
#     to set the Java Heap base and to place the Java Heap above 4GB virtual address.
# This output file may be truncated or incomplete.
#
#  Out of Memory Error (./src/hotspot/os/windows/os_windows.cpp:3303), pid=10856, tid=11020
#
# JRE version: OpenJDK Runtime Environment (11.0.8+10) (build 11.0.8+10-b944.6842174)
# Java VM: OpenJDK 64-Bit Server VM (11.0.8+10-b944.6842174, mixed mode, tiered, compressed oops, g1 gc, windows-amd64)
# No core dump will be written. Minidumps are not enabled by default on client versions of Windows
#

---------------  S U M M A R Y ------------

Command Line: --add-opens=java.base/java.util=ALL-UNNAMED --add-opens=java.base/java.lang=ALL-UNNAMED --add-opens=java.base/java.lang.invoke=ALL-UNNAMED --add-opens=java.prefs/java.util.prefs=ALL-UNNAMED -Xmx2048m -Dfile.encoding=UTF-8 -Duser.country=US -Duser.language=en -Duser.variant org.gradle.launcher.daemon.bootstrap.GradleDaemon 6.7.1

Host: Intel(R) Celeron(R) CPU  N2840  @ 2.16GHz, 2 cores, 3G,  Windows 10 , 64 bit Build 17133 (10.0.17133.73)
Time: Mon Aug  2 10:31:44 2021 Pacific Daylight Time elapsed time: 439 seconds (0d 0h 7m 19s)

---------------  T H R E A D  ---------------

Current thread (0x000001aab492c000):  VMThread "VM Thread" [stack: 0x0000004a09700000,0x0000004a09800000] [id=11020]

Stack: [0x0000004a09700000,0x0000004a09800000]
[error occurred during error reporting (printing stack bounds), id 0xc0000005, EXCEPTION_ACCESS_VIOLATION (0xc0000005) at pc=0x000001aa9ed90dbe]

Native frames: (J=compiled Java code, j=interpreted, Vv=VM code, C=native code)
V  [jvm.dll+0x5de50a]
V  [jvm.dll+0x7122f5]
V  [jvm.dll+0x71384d]
V  [jvm.dll+0x713e65]
V  [jvm.dll+0x713e1b]
V  [jvm.dll+0x5dd958]
V  [jvm.dll+0x5de0f8]
C  [ntdll.dll+0x9eddd]
C  [ntdll.dll+0x6c86]
C  [ntdll.dll+0x9dd0e]
C  0x000001aa9ed90dbe

VM_Operation (0x0000004a0befdef0): G1CollectForAllocation, mode: safepoint, requested by thread 0x000001aab845a800


---------------  P R O C E S S  ---------------

Threads class SMR info:
_java_thread_list=0x000001aabbafe5f0, length=45, elements={
0x000001aa9b41b800, 0x000001aab492f000, 0x000001aab4933000, 0x000001aab52b0800,
0x000001aab52b1000, 0x000001aab52b3000, 0x000001aab52ba000, 0x000001aab498c800,
0x000001aab53ed800, 0x000001aab541d000, 0x000001aab689b800, 0x000001aab6464000,
0x000001aab5372000, 0x000001aab55bc800, 0x000001aab55bd800, 0x000001aab6749000,
0x000001aab6d70000, 0x000001aab6db5800, 0x000001aab7007000, 0x000001aab5ddf000,
0x000001aab5de1000, 0x000001aab5de0000, 0x000001aab5de1800, 0x000001aab5de2800,
0x000001aab5de5800, 0x000001aab5de3800, 0x000001aab5de4000, 0x000001aab8455800,
0x000001aab8457000, 0x000001aab8458000, 0x000001aab8459000, 0x000001aab5424800,
0x000001aab541f000, 0x000001aab541f800, 0x000001aab5427800, 0x000001aab542b000,
0x000001aab8454800, 0x000001aab8459800, 0x000001aab8454000, 0x000001aab845c000,
0x000001aab845d000, 0x000001aab845d800, 0x000001aab845f800, 0x000001aab845a800,
0x000001aab8460000
}

Java Threads: ( => current thread )
  0x000001aa9b41b800 JavaThread "main" [_thread_blocked, id=2800, stack(0x0000004a09100000,0x0000004a09200000)]
  0x000001aab492f000 JavaThread "Reference Handler" daemon [_thread_blocked, id=8532, stack(0x0000004a09800000,0x0000004a09900000)]
  0x000001aab4933000 JavaThread "Finalizer" daemon [_thread_blocked, id=4200, stack(0x0000004a09900000,0x0000004a09a00000)]
  0x000001aab52b0800 JavaThread "Signal Dispatcher" daemon [_thread_blocked, id=10900, stack(0x0000004a09a00000,0x0000004a09b00000)]
  0x000001aab52b1000 JavaThread "Attach Listener" daemon [_thread_blocked, id=7312, stack(0x0000004a09b00000,0x0000004a09c00000)]
  0x000001aab52b3000 JavaThread "C2 CompilerThread0" daemon [_thread_blocked, id=9320, stack(0x0000004a09c00000,0x0000004a09d00000)]
  0x000001aab52ba000 JavaThread "C1 CompilerThread0" daemon [_thread_blocked, id=3144, stack(0x0000004a09d00000,0x0000004a09e00000)]
  0x000001aab498c800 JavaThread "Sweeper thread" daemon [_thread_blocked, id=11100, stack(0x0000004a09e00000,0x0000004a09f00000)]
  0x000001aab53ed800 JavaThread "Common-Cleaner" daemon [_thread_blocked, id=104, stack(0x0000004a09f00000,0x0000004a0a000000)]
  0x000001aab541d000 JavaThread "Service Thread" daemon [_thread_blocked, id=9460, stack(0x0000004a0a000000,0x0000004a0a100000)]
  0x000001aab689b800 JavaThread "Daemon health stats" [_thread_blocked, id=220, stack(0x0000004a0a300000,0x0000004a0a400000)]
  0x000001aab6464000 JavaThread "Incoming local TCP Connector on port 50453" [_thread_in_native, id=8248, stack(0x0000004a0a500000,0x0000004a0a600000)]
  0x000001aab5372000 JavaThread "Daemon periodic checks" [_thread_blocked, id=10612, stack(0x0000004a0a600000,0x0000004a0a700000)]
  0x000001aab55bc800 JavaThread "Daemon" [_thread_blocked, id=8572, stack(0x0000004a0a700000,0x0000004a0a800000)]
  0x000001aab55bd800 JavaThread "Handler for socket connection from /127.0.0.1:50453 to /127.0.0.1:50455" [_thread_in_native, id=11052, stack(0x0000004a0a800000,0x0000004a0a900000)]
  0x000001aab6749000 JavaThread "Cancel handler" [_thread_blocked, id=8512, stack(0x0000004a0a900000,0x0000004a0aa00000)]
  0x000001aab6d70000 JavaThread "Daemon worker" [_thread_blocked, id=1084, stack(0x0000004a0aa00000,0x0000004a0ab00000)]
  0x000001aab6db5800 JavaThread "Asynchronous log dispatcher for DefaultDaemonConnection: socket connection from /127.0.0.1:50453 to /127.0.0.1:50455" [_thread_blocked, id=9932, stack(0x0000004a0ab00000,0x0000004a0ac00000)]
  0x000001aab7007000 JavaThread "Thread-8" [_thread_blocked, id=3964, stack(0x0000004a0ad00000,0x0000004a0ae00000)]
  0x000001aab5ddf000 JavaThread "Cache worker for file hash cache (C:\Users\MISHECK\.gradle\caches\6.7.1\fileHashes)" [_thread_blocked, id=5900, stack(0x0000004a0ae00000,0x0000004a0af00000)]
  0x000001aab5de1000 JavaThread "File lock request listener" [_thread_in_native, id=4120, stack(0x0000004a0af00000,0x0000004a0b000000)]
  0x000001aab5de0000 JavaThread "Cache worker for journal cache (C:\Users\MISHECK\.gradle\caches\journal-1)" [_thread_blocked, id=7152, stack(0x0000004a0b000000,0x0000004a0b100000)]
  0x000001aab5de1800 JavaThread "Cache worker for file hash cache (C:\Users\MISHECK\AndroidStudioProjects\ChildSafetyApp\.gradle\6.7.1\fileHashes)" [_thread_blocked, id=4996, stack(0x0000004a0b100000,0x0000004a0b200000)]
  0x000001aab5de2800 JavaThread "Cache worker for checksums cache (C:\Users\MISHECK\AndroidStudioProjects\ChildSafetyApp\.gradle\checksums)" [_thread_blocked, id=10116, stack(0x0000004a0b200000,0x0000004a0b300000)]
  0x000001aab5de5800 JavaThread "Cache worker for cache directory md-supplier (C:\Users\MISHECK\.gradle\caches\6.7.1\md-supplier)" [_thread_blocked, id=4056, stack(0x0000004a0b300000,0x0000004a0b400000)]
  0x000001aab5de3800 JavaThread "Cache worker for cache directory md-rule (C:\Users\MISHECK\.gradle\caches\6.7.1\md-rule)" [_thread_blocked, id=9880, stack(0x0000004a0b400000,0x0000004a0b500000)]
  0x000001aab5de4000 JavaThread "Cache worker for execution history cache (C:\Users\MISHECK\.gradle\caches\6.7.1\executionHistory)" [_thread_blocked, id=11188, stack(0x0000004a0b500000,0x0000004a0b600000)]
  0x000001aab8455800 JavaThread "Cache worker for file content cache (C:\Users\MISHECK\.gradle\caches\6.7.1\fileContent)" [_thread_blocked, id=2412, stack(0x0000004a0b700000,0x0000004a0b800000)]
  0x000001aab8457000 JavaThread "Cache worker for Build Output Cleanup Cache (C:\Users\MISHECK\AndroidStudioProjects\ChildSafetyApp\.gradle\buildOutputCleanup)" [_thread_blocked, id=6120, stack(0x0000004a0b800000,0x0000004a0b900000)]
  0x000001aab8458000 JavaThread "Build operations" [_thread_blocked, id=11148, stack(0x0000004a0b900000,0x0000004a0ba00000)]
  0x000001aab8459000 JavaThread "Build operations Thread 2" [_thread_blocked, id=3568, stack(0x0000004a0ba00000,0x0000004a0bb00000)]
  0x000001aab5424800 JavaThread "Memory manager" [_thread_blocked, id=3360, stack(0x0000004a0ac00000,0x0000004a0ad00000)]
  0x000001aab541f000 JavaThread "build event listener" [_thread_blocked, id=1680, stack(0x0000004a11800000,0x0000004a11900000)]
  0x000001aab541f800 JavaThread "build event listener" [_thread_blocked, id=8640, stack(0x0000004a11900000,0x0000004a11a00000)]
  0x000001aab5427800 JavaThread "Execution worker for ':'" [_thread_blocked, id=9696, stack(0x0000004a11a00000,0x0000004a11b00000)]
  0x000001aab542b000 JavaThread "Cache worker for execution history cache (C:\Users\MISHECK\AndroidStudioProjects\ChildSafetyApp\.gradle\6.7.1\executionHistory)" [_thread_blocked, id=6684, stack(0x0000004a11b00000,0x0000004a11c00000)]
  0x000001aab8454800 JavaThread "WorkerExecutor Queue" [_thread_blocked, id=8588, stack(0x0000004a08d00000,0x0000004a08e00000)]
  0x000001aab8459800 JavaThread "pool-4-thread-1" [_thread_blocked, id=5528, stack(0x0000004a08e00000,0x0000004a08f00000)]
  0x000001aab8454000 JavaThread "stderr" [_thread_in_native, id=8540, stack(0x0000004a08f00000,0x0000004a09000000)]
  0x000001aab845c000 JavaThread "stdout" [_thread_in_native, id=6508, stack(0x0000004a0b600000,0x0000004a0b700000)]
  0x000001aab845d000 JavaThread "Cache worker for Java compile cache (C:\Users\MISHECK\.gradle\caches\6.7.1\javaCompile)" [_thread_blocked, id=8740, stack(0x0000004a0bb00000,0x0000004a0bc00000)]
  0x000001aab845d800 JavaThread "Cache worker for Java compile cache (C:\Users\MISHECK\AndroidStudioProjects\ChildSafetyApp\.gradle\6.7.1\javaCompile)" [_thread_blocked, id=10912, stack(0x0000004a0bc00000,0x0000004a0bd00000)]
  0x000001aab845f800 JavaThread "WorkerExecutor Queue Thread 2" [_thread_blocked, id=4584, stack(0x0000004a0bd00000,0x0000004a0be00000)]
  0x000001aab845a800 JavaThread "ForkJoinPool-1-worker-3" daemon [_thread_blocked, id=6960, stack(0x0000004a0be00000,0x0000004a0bf00000)]
  0x000001aab8460000 JavaThread "ForkJoinPool-1-worker-1" daemon [_thread_blocked, id=2924, stack(0x0000004a0bf00000,0x0000004a0c000000)]

Other Threads:
=>0x000001aab492c000 VMThread "VM Thread" [stack: 0x0000004a09700000,0x0000004a09800000] [id=11020]
  0x000001aab5404800 WatcherThread [stack: 0x0000004a0a100000,0x0000004a0a200000] [id=7836]
  0x000001aa9b434000 GCTaskThread "GC Thread#0" [stack: 0x0000004a09200000,0x0000004a09300000] [id=9264]
  0x000001aab55d4800 GCTaskThread "GC Thread#1" [stack: 0x0000004a0a200000,0x0000004a0a300000] [id=1272]
  0x000001aa9b463000 ConcurrentGCThread "G1 Main Marker" [stack: 0x0000004a09300000,0x0000004a09400000] [id=9292]
  0x000001aa9b465000 ConcurrentGCThread "G1 Conc#0" [stack: 0x0000004a09400000,0x0000004a09500000] [id=8808]
  0x000001aa9b4b4000 ConcurrentGCThread "G1 Refine#0" [stack: 0x0000004a09500000,0x0000004a09600000] [id=10088]
  0x000001aa9b4b5000 ConcurrentGCThread "G1 Young RemSet Sampling" [stack: 0x0000004a09600000,0x0000004a09700000] [id=6896]

Threads with active compile tasks:
C2 CompilerThread0 439998 16345 %     4       com.android.tools.r8.dex.n::a @ 315 (913 bytes)

VM state:at safepoint (normal execution)

VM Mutex/Monitor currently owned by a thread:  ([mutex/lock_event])
[0x000001aa9b417350] Threads_lock - owner thread: 0x000001aab492c000
[0x000001aa9b4176b0] Heap_lock - owner thread: 0x000001aab845a800

Heap address: 0x0000000080000000, size: 2048 MB, Compressed Oops mode: 32-bit
Narrow klass base: 0x0000000000000000, Narrow klass shift: 3
Compressed class space size: 1073741824 Address: 0x0000000100000000

Heap:
 garbage-first heap   total 262144K, used 167936K [0x0000000080000000, 0x0000000100000000)
  region size 1024K, 2 young (2048K), 2 survivors (2048K)
 Metaspace       used 105755K, capacity 108245K, committed 108412K, reserved 1142784K
  class space    used 13309K, capacity 14245K, committed 14336K, reserved 1048576K
Heap Regions: E=young(eden), S=young(survivor), O=old, HS=humongous(starts), HC=humongous(continues), CS=collection set, F=free, A=archive, TAMS=top-at-mark-start (previous, next)
|   0|0x0000000080000000, 0x0000000080100000, 0x0000000080100000|100%| O|  |TAMS 0x0000000080100000, 0x0000000080000000| Complete 
|   1|0x0000000080100000, 0x0000000080200000, 0x0000000080200000|100%| O|  |TAMS 0x0000000080200000, 0x0000000080100000| Complete 
|   2|0x0000000080200000, 0x0000000080300000, 0x0000000080300000|100%| O|  |TAMS 0x0000000080300000, 0x0000000080200000| Untracked 
|   3|0x0000000080300000, 0x0000000080400000, 0x0000000080400000|100%| O|  |TAMS 0x0000000080400000, 0x0000000080300000| Complete 
|   4|0x0000000080400000, 0x0000000080500000, 0x0000000080500000|100%|HS|  |TAMS 0x0000000080500000, 0x0000000080400000| Complete 
|   5|0x0000000080500000, 0x0000000080600000, 0x0000000080600000|100%|HC|  |TAMS 0x0000000080600000, 0x0000000080500000| Complete 
|   6|0x0000000080600000, 0x0000000080700000, 0x0000000080700000|100%|HC|  |TAMS 0x0000000080700000, 0x0000000080600000| Complete 
|   7|0x0000000080700000, 0x0000000080800000, 0x0000000080800000|100%| O|  |TAMS 0x0000000080800000, 0x0000000080700000| Untracked 
|   8|0x0000000080800000, 0x0000000080900000, 0x0000000080900000|100%| O|  |TAMS 0x0000000080900000, 0x0000000080800000| Complete 
|   9|0x0000000080900000, 0x0000000080a00000, 0x0000000080a00000|100%| O|  |TAMS 0x0000000080a00000, 0x0000000080900000| Untracked 
|  10|0x0000000080a00000, 0x0000000080b00000, 0x0000000080b00000|100%| O|  |TAMS 0x0000000080b00000, 0x0000000080a00000| Complete 
|  11|0x0000000080b00000, 0x0000000080c00000, 0x0000000080c00000|100%| O|  |TAMS 0x0000000080c00000, 0x0000000080b00000| Untracked 
|  12|0x0000000080c00000, 0x0000000080d00000, 0x0000000080d00000|100%| O|  |TAMS 0x0000000080d00000, 0x0000000080c00000| Untracked 
|  13|0x0000000080d00000, 0x0000000080e00000, 0x0000000080e00000|100%| O|  |TAMS 0x0000000080e00000, 0x0000000080d00000| Untracked 
|  14|0x0000000080e00000, 0x0000000080f00000, 0x0000000080f00000|100%| O|  |TAMS 0x0000000080f00000, 0x0000000080e00000| Complete 
|  15|0x0000000080f00000, 0x0000000081000000, 0x0000000081000000|100%| O|  |TAMS 0x0000000081000000, 0x0000000080f00000| Untracked 
|  16|0x0000000081000000, 0x0000000081100000, 0x0000000081100000|100%| O|  |TAMS 0x0000000081100000, 0x0000000081000000| Complete 
|  17|0x0000000081100000, 0x0000000081200000, 0x0000000081200000|100%| O|  |TAMS 0x0000000081200000, 0x0000000081100000| Untracked 
|  18|0x0000000081200000, 0x0000000081300000, 0x0000000081300000|100%| O|  |TAMS 0x0000000081300000, 0x0000000081200000| Untracked 
|  19|0x0000000081300000, 0x0000000081400000, 0x0000000081400000|100%| O|  |TAMS 0x0000000081400000, 0x0000000081300000| Untracked 
|  20|0x0000000081400000, 0x0000000081500000, 0x0000000081500000|100%| O|  |TAMS 0x0000000081500000, 0x0000000081400000| Complete 
|  21|0x0000000081500000, 0x0000000081600000, 0x0000000081600000|100%| O|  |TAMS 0x0000000081600000, 0x0000000081500000| Untracked 
|  22|0x0000000081600000, 0x0000000081700000, 0x0000000081700000|100%| O|  |TAMS 0x0000000081700000, 0x0000000081600000| Untracked 
|  23|0x0000000081700000, 0x0000000081800000, 0x0000000081800000|100%| O|  |TAMS 0x0000000081800000, 0x0000000081700000| Untracked 
|  24|0x0000000081800000, 0x0000000081900000, 0x0000000081900000|100%| O|  |TAMS 0x0000000081900000, 0x0000000081800000| Complete 
|  25|0x0000000081900000, 0x0000000081a00000, 0x0000000081a00000|100%|HS|  |TAMS 0x0000000081a00000, 0x0000000081900000| Complete 
|  26|0x0000000081a00000, 0x0000000081b00000, 0x0000000081b00000|100%|HS|  |TAMS 0x0000000081b00000, 0x0000000081a00000| Complete 
|  27|0x0000000081b00000, 0x0000000081c00000, 0x0000000081c00000|100%|HC|  |TAMS 0x0000000081c00000, 0x0000000081b00000| Complete 
|  28|0x0000000081c00000, 0x0000000081d00000, 0x0000000081d00000|100%| O|  |TAMS 0x0000000081d00000, 0x0000000081c00000| Untracked 
|  29|0x0000000081d00000, 0x0000000081e00000, 0x0000000081e00000|100%| O|  |TAMS 0x0000000081e00000, 0x0000000081d00000| Untracked 
|  30|0x0000000081e00000, 0x0000000081f00000, 0x0000000081f00000|100%| O|  |TAMS 0x0000000081f00000, 0x0000000081e00000| Untracked 
|  31|0x0000000081f00000, 0x0000000082000000, 0x0000000082000000|100%| O|  |TAMS 0x0000000082000000, 0x0000000081f00000| Complete 
|  32|0x0000000082000000, 0x0000000082100000, 0x0000000082100000|100%| O|  |TAMS 0x0000000082100000, 0x0000000082000000| Untracked 
|  33|0x0000000082100000, 0x0000000082200000, 0x0000000082200000|100%| O|  |TAMS 0x0000000082200000, 0x0000000082100000| Untracked 
|  34|0x0000000082200000, 0x0000000082300000, 0x0000000082300000|100%| O|  |TAMS 0x0000000082300000, 0x0000000082200000| Untracked 
|  35|0x0000000082300000, 0x0000000082400000, 0x0000000082400000|100%| O|  |TAMS 0x0000000082400000, 0x0000000082300000| Untracked 
|  36|0x0000000082400000, 0x0000000082500000, 0x0000000082500000|100%| O|  |TAMS 0x0000000082500000, 0x0000000082400000| Complete 
|  37|0x0000000082500000, 0x0000000082600000, 0x0000000082600000|100%| O|  |TAMS 0x0000000082600000, 0x0000000082500000| Complete 
|  38|0x0000000082600000, 0x0000000082700000, 0x0000000082700000|100%| O|  |TAMS 0x0000000082700000, 0x0000000082600000| Untracked 
|  39|0x0000000082700000, 0x0000000082800000, 0x0000000082800000|100%| O|  |TAMS 0x0000000082800000, 0x0000000082700000| Untracked 
|  40|0x0000000082800000, 0x0000000082900000, 0x0000000082900000|100%| O|  |TAMS 0x0000000082900000, 0x0000000082800000| Untracked 
|  41|0x0000000082900000, 0x0000000082a00000, 0x0000000082a00000|100%| O|  |TAMS 0x0000000082a00000, 0x0000000082900000| Untracked 
|  42|0x0000000082a00000, 0x0000000082b00000, 0x0000000082b00000|100%| O|  |TAMS 0x0000000082b00000, 0x0000000082a00000| Untracked 
|  43|0x0000000082b00000, 0x0000000082c00000, 0x0000000082c00000|100%| O|  |TAMS 0x0000000082c00000, 0x0000000082b00000| Untracked 
|  44|0x0000000082c00000, 0x0000000082d00000, 0x0000000082d00000|100%| O|  |TAMS 0x0000000082d00000, 0x0000000082c00000| Untracked 
|  45|0x0000000082d00000, 0x0000000082e00000, 0x0000000082e00000|100%| O|  |TAMS 0x0000000082e00000, 0x0000000082d00000| Untracked 
|  46|0x0000000082e00000, 0x0000000082f00000, 0x0000000082f00000|100%| O|  |TAMS 0x0000000082f00000, 0x0000000082e00000| Complete 
|  47|0x0000000082f00000, 0x0000000083000000, 0x0000000083000000|100%| O|  |TAMS 0x0000000083000000, 0x0000000082f00000| Untracked 
|  48|0x0000000083000000, 0x0000000083100000, 0x0000000083100000|100%| O|  |TAMS 0x0000000083100000, 0x0000000083000000| Untracked 
|  49|0x0000000083100000, 0x0000000083200000, 0x0000000083200000|100%| O|  |TAMS 0x0000000083200000, 0x0000000083100000| Untracked 
|  50|0x0000000083200000, 0x0000000083300000, 0x0000000083300000|100%| O|  |TAMS 0x0000000083300000, 0x0000000083200000| Untracked 
|  51|0x0000000083300000, 0x0000000083400000, 0x0000000083400000|100%| O|  |TAMS 0x0000000083400000, 0x0000000083300000| Complete 
|  52|0x0000000083400000, 0x0000000083500000, 0x0000000083500000|100%| O|  |TAMS 0x0000000083500000, 0x0000000083400000| Complete 
|  53|0x0000000083500000, 0x0000000083600000, 0x0000000083600000|100%| O|  |TAMS 0x0000000083600000, 0x0000000083500000| Untracked 
|  54|0x0000000083600000, 0x0000000083700000, 0x0000000083700000|100%| O|  |TAMS 0x0000000083700000, 0x0000000083600000| Complete 
|  55|0x0000000083700000, 0x0000000083800000, 0x0000000083800000|100%| O|  |TAMS 0x0000000083800000, 0x0000000083700000| Untracked 
|  56|0x0000000083800000, 0x0000000083900000, 0x0000000083900000|100%| O|  |TAMS 0x0000000083900000, 0x0000000083800000| Untracked 
|  57|0x0000000083900000, 0x0000000083a00000, 0x0000000083a00000|100%| O|  |TAMS 0x0000000083a00000, 0x0000000083900000| Complete 
|  58|0x0000000083a00000, 0x0000000083b00000, 0x0000000083b00000|100%| O|  |TAMS 0x0000000083b00000, 0x0000000083a00000| Complete 
|  59|0x0000000083b00000, 0x0000000083c00000, 0x0000000083c00000|100%| O|  |TAMS 0x0000000083c00000, 0x0000000083b00000| Untracked 
|  60|0x0000000083c00000, 0x0000000083d00000, 0x0000000083d00000|100%| O|  |TAMS 0x0000000083d00000, 0x0000000083c00000| Untracked 
|  61|0x0000000083d00000, 0x0000000083e00000, 0x0000000083e00000|100%| O|  |TAMS 0x0000000083e00000, 0x0000000083d00000| Untracked 
|  62|0x0000000083e00000, 0x0000000083f00000, 0x0000000083f00000|100%| O|  |TAMS 0x0000000083f00000, 0x0000000083e00000| Untracked 
|  63|0x0000000083f00000, 0x0000000084000000, 0x0000000084000000|100%| O|  |TAMS 0x0000000084000000, 0x0000000083f00000| Complete 
|  64|0x0000000084000000, 0x0000000084100000, 0x0000000084100000|100%| O|  |TAMS 0x0000000084100000, 0x0000000084000000| Complete 
|  65|0x0000000084100000, 0x0000000084200000, 0x0000000084200000|100%| O|  |TAMS 0x0000000084200000, 0x0000000084100000| Untracked 
|  66|0x0000000084200000, 0x0000000084300000, 0x0000000084300000|100%| O|  |TAMS 0x0000000084300000, 0x0000000084200000| Complete 
|  67|0x0000000084300000, 0x0000000084400000, 0x0000000084400000|100%| O|  |TAMS 0x0000000084400000, 0x0000000084300000| Complete 
|  68|0x0000000084400000, 0x0000000084500000, 0x0000000084500000|100%| O|  |TAMS 0x0000000084500000, 0x0000000084400000| Untracked 
|  69|0x0000000084500000, 0x0000000084600000, 0x0000000084600000|100%|HS|  |TAMS 0x0000000084600000, 0x0000000084500000| Complete 
|  70|0x0000000084600000, 0x0000000084700000, 0x0000000084700000|100%| O|  |TAMS 0x0000000084700000, 0x0000000084600000| Untracked 
|  71|0x0000000084700000, 0x0000000084800000, 0x0000000084800000|100%| O|  |TAMS 0x0000000084800000, 0x0000000084700000| Untracked 
|  72|0x0000000084800000, 0x0000000084900000, 0x0000000084900000|100%| O|  |TAMS 0x0000000084900000, 0x0000000084800000| Untracked 
|  73|0x0000000084900000, 0x0000000084a00000, 0x0000000084a00000|100%| O|  |TAMS 0x0000000084a00000, 0x0000000084900000| Untracked 
|  74|0x0000000084a00000, 0x0000000084b00000, 0x0000000084b00000|100%| O|  |TAMS 0x0000000084b00000, 0x0000000084a00000| Untracked 
|  75|0x0000000084b00000, 0x0000000084c00000, 0x0000000084c00000|100%| O|  |TAMS 0x0000000084c00000, 0x0000000084b00000| Complete 
|  76|0x0000000084c00000, 0x0000000084d00000, 0x0000000084d00000|100%| O|  |TAMS 0x0000000084d00000, 0x0000000084c00000| Untracked 
|  77|0x0000000084d00000, 0x0000000084e00000, 0x0000000084e00000|100%| O|  |TAMS 0x0000000084e00000, 0x0000000084d00000| Untracked 
|  78|0x0000000084e00000, 0x0000000084f00000, 0x0000000084f00000|100%| O|  |TAMS 0x0000000084f00000, 0x0000000084e00000| Untracked 
|  79|0x0000000084f00000, 0x0000000085000000, 0x0000000085000000|100%| O|  |TAMS 0x0000000085000000, 0x0000000084f00000| Complete 
|  80|0x0000000085000000, 0x0000000085100000, 0x0000000085100000|100%| O|  |TAMS 0x0000000085100000, 0x0000000085000000| Complete 
|  81|0x0000000085100000, 0x0000000085200000, 0x0000000085200000|100%| O|  |TAMS 0x0000000085200000, 0x0000000085100000| Complete 
|  82|0x0000000085200000, 0x0000000085300000, 0x0000000085300000|100%| O|  |TAMS 0x0000000085300000, 0x0000000085200000| Untracked 
|  83|0x0000000085300000, 0x0000000085400000, 0x0000000085400000|100%|HS|  |TAMS 0x0000000085400000, 0x0000000085300000| Complete 
|  84|0x0000000085400000, 0x0000000085500000, 0x0000000085500000|100%| O|  |TAMS 0x0000000085500000, 0x0000000085400000| Complete 
|  85|0x0000000085500000, 0x0000000085600000, 0x0000000085600000|100%| O|  |TAMS 0x0000000085600000, 0x0000000085500000| Complete 
|  86|0x0000000085600000, 0x0000000085700000, 0x0000000085700000|100%| O|  |TAMS 0x0000000085700000, 0x0000000085600000| Untracked 
|  87|0x0000000085700000, 0x0000000085800000, 0x0000000085800000|100%| O|  |TAMS 0x0000000085800000, 0x0000000085700000| Untracked 
|  88|0x0000000085800000, 0x0000000085900000, 0x0000000085900000|100%| O|  |TAMS 0x0000000085900000, 0x0000000085800000| Untracked 
|  89|0x0000000085900000, 0x0000000085a00000, 0x0000000085a00000|100%| O|  |TAMS 0x0000000085a00000, 0x0000000085900000| Untracked 
|  90|0x0000000085a00000, 0x0000000085b00000, 0x0000000085b00000|100%| O|  |TAMS 0x0000000085b00000, 0x0000000085a00000| Complete 
|  91|0x0000000085b00000, 0x0000000085c00000, 0x0000000085c00000|100%| O|  |TAMS 0x0000000085c00000, 0x0000000085b00000| Complete 
|  92|0x0000000085c00000, 0x0000000085d00000, 0x0000000085d00000|100%| O|  |TAMS 0x0000000085d00000, 0x0000000085c00000| Untracked 
|  93|0x0000000085d00000, 0x0000000085e00000, 0x0000000085e00000|100%| O|  |TAMS 0x0000000085e00000, 0x0000000085d00000| Complete 
|  94|0x0000000085e00000, 0x0000000085f00000, 0x0000000085f00000|100%| O|  |TAMS 0x0000000085f00000, 0x0000000085e00000| Untracked 
|  95|0x0000000085f00000, 0x0000000086000000, 0x0000000086000000|100%| O|  |TAMS 0x0000000086000000, 0x0000000085f00000| Complete 
|  96|0x0000000086000000, 0x0000000086100000, 0x0000000086100000|100%| O|  |TAMS 0x0000000086100000, 0x0000000086000000| Complete 
|  97|0x0000000086100000, 0x0000000086200000, 0x0000000086200000|100%| O|  |TAMS 0x0000000086200000, 0x0000000086100000| Untracked 
|  98|0x0000000086200000, 0x0000000086300000, 0x0000000086300000|100%|HS|  |TAMS 0x0000000086300000, 0x0000000086200000| Complete 
|  99|0x0000000086300000, 0x0000000086400000, 0x0000000086400000|100%| O|  |TAMS 0x0000000086400000, 0x0000000086300000| Untracked 
| 100|0x0000000086400000, 0x0000000086500000, 0x0000000086500000|100%| O|  |TAMS 0x0000000086400000, 0x0000000086400000| Untracked 
| 101|0x0000000086500000, 0x0000000086600000, 0x0000000086600000|100%| O|  |TAMS 0x0000000086600000, 0x0000000086500000| Complete 
| 102|0x0000000086600000, 0x0000000086700000, 0x0000000086700000|100%| O|  |TAMS 0x0000000086700000, 0x0000000086600000| Complete 
| 103|0x0000000086700000, 0x0000000086800000, 0x0000000086800000|100%| O|  |TAMS 0x0000000086800000, 0x0000000086700000| Complete 
| 104|0x0000000086800000, 0x0000000086900000, 0x0000000086900000|100%| O|  |TAMS 0x0000000086900000, 0x0000000086800000| Complete 
| 105|0x0000000086900000, 0x0000000086a00000, 0x0000000086a00000|100%| O|  |TAMS 0x0000000086a00000, 0x0000000086900000| Complete 
| 106|0x0000000086a00000, 0x0000000086b00000, 0x0000000086b00000|100%| O|  |TAMS 0x0000000086b00000, 0x0000000086a00000| Complete 
| 107|0x0000000086b00000, 0x0000000086c00000, 0x0000000086c00000|100%| O|  |TAMS 0x0000000086c00000, 0x0000000086b00000| Complete 
| 108|0x0000000086c00000, 0x0000000086d00000, 0x0000000086d00000|100%| O|  |TAMS 0x0000000086d00000, 0x0000000086c00000| Complete 
| 109|0x0000000086d00000, 0x0000000086e00000, 0x0000000086e00000|100%| O|  |TAMS 0x0000000086e00000, 0x0000000086d00000| Untracked 
| 110|0x0000000086e00000, 0x0000000086f00000, 0x0000000086f00000|100%| O|  |TAMS 0x0000000086f00000, 0x0000000086e00000| Untracked 
| 111|0x0000000086f00000, 0x0000000087000000, 0x0000000087000000|100%| O|  |TAMS 0x0000000087000000, 0x0000000086f00000| Complete 
| 112|0x0000000087000000, 0x0000000087100000, 0x0000000087100000|100%| O|  |TAMS 0x0000000087100000, 0x0000000087000000| Complete 
| 113|0x0000000087100000, 0x0000000087200000, 0x0000000087200000|100%| O|  |TAMS 0x0000000087200000, 0x0000000087100000| Untracked 
| 114|0x0000000087200000, 0x0000000087300000, 0x0000000087300000|100%|HS|  |TAMS 0x0000000087300000, 0x0000000087200000| Complete 
| 115|0x0000000087300000, 0x0000000087400000, 0x0000000087400000|100%|HC|  |TAMS 0x0000000087400000, 0x0000000087300000| Complete 
| 116|0x0000000087400000, 0x0000000087500000, 0x0000000087500000|100%|HC|  |TAMS 0x0000000087500000, 0x0000000087400000| Complete 
| 117|0x0000000087500000, 0x0000000087600000, 0x0000000087600000|100%|HC|  |TAMS 0x0000000087600000, 0x0000000087500000| Complete 
| 118|0x0000000087600000, 0x0000000087700000, 0x0000000087700000|100%|HC|  |TAMS 0x0000000087700000, 0x0000000087600000| Complete 
| 119|0x0000000087700000, 0x0000000087800000, 0x0000000087800000|100%|HC|  |TAMS 0x0000000087800000, 0x0000000087700000| Complete 
| 120|0x0000000087800000, 0x0000000087900000, 0x0000000087900000|100%|HC|  |TAMS 0x0000000087900000, 0x0000000087800000| Complete 
| 121|0x0000000087900000, 0x0000000087a00000, 0x0000000087a00000|100%|HC|  |TAMS 0x0000000087a00000, 0x0000000087900000| Complete 
| 122|0x0000000087a00000, 0x0000000087b00000, 0x0000000087b00000|100%| O|  |TAMS 0x0000000087b00000, 0x0000000087a00000| Untracked 
| 123|0x0000000087b00000, 0x0000000087c00000, 0x0000000087c00000|100%|HS|  |TAMS 0x0000000087c00000, 0x0000000087b00000| Complete 
| 124|0x0000000087c00000, 0x0000000087d00000, 0x0000000087d00000|100%| O|  |TAMS 0x0000000087d00000, 0x0000000087c00000| Untracked 
| 125|0x0000000087d00000, 0x0000000087e00000, 0x0000000087e00000|100%| O|  |TAMS 0x0000000087e00000, 0x0000000087d00000| Untracked 
| 126|0x0000000087e00000, 0x0000000087f00000, 0x0000000087f00000|100%| O|  |TAMS 0x0000000087f00000, 0x0000000087e00000| Complete 
| 127|0x0000000087f00000, 0x0000000088000000, 0x0000000088000000|100%| O|  |TAMS 0x0000000088000000, 0x0000000087f00000| Untracked 
| 128|0x0000000088000000, 0x0000000088100000, 0x0000000088100000|100%| O|  |TAMS 0x0000000088100000, 0x0000000088000000| Untracked 
| 129|0x0000000088100000, 0x0000000088200000, 0x0000000088200000|100%| O|  |TAMS 0x0000000088200000, 0x0000000088100000| Untracked 
| 130|0x0000000088200000, 0x0000000088300000, 0x0000000088300000|100%| O|  |TAMS 0x0000000088300000, 0x0000000088200000| Untracked 
| 131|0x0000000088300000, 0x0000000088400000, 0x0000000088400000|100%| O|  |TAMS 0x0000000088400000, 0x0000000088300000| Complete 
| 132|0x0000000088400000, 0x0000000088500000, 0x0000000088500000|100%|HS|  |TAMS 0x0000000088500000, 0x0000000088400000| Complete 
| 133|0x0000000088500000, 0x0000000088600000, 0x0000000088600000|100%|HC|  |TAMS 0x0000000088600000, 0x0000000088500000| Complete 
| 134|0x0000000088600000, 0x0000000088700000, 0x0000000088700000|100%|HC|  |TAMS 0x0000000088700000, 0x0000000088600000| Complete 
| 135|0x0000000088700000, 0x0000000088800000, 0x0000000088800000|100%|HC|  |TAMS 0x0000000088800000, 0x0000000088700000| Complete 
| 136|0x0000000088800000, 0x0000000088900000, 0x0000000088900000|100%|HC|  |TAMS 0x0000000088900000, 0x0000000088800000| Complete 
| 137|0x0000000088900000, 0x0000000088a00000, 0x0000000088a00000|100%|HC|  |TAMS 0x0000000088a00000, 0x0000000088900000| Complete 
| 138|0x0000000088a00000, 0x0000000088b00000, 0x0000000088b00000|100%|HC|  |TAMS 0x0000000088b00000, 0x0000000088a00000| Complete 
| 139|0x0000000088b00000, 0x0000000088c00000, 0x0000000088c00000|100%|HC|  |TAMS 0x0000000088c00000, 0x0000000088b00000| Complete 
| 140|0x0000000088c00000, 0x0000000088d00000, 0x0000000088d00000|100%| O|  |TAMS 0x0000000088d00000, 0x0000000088c00000| Untracked 
| 141|0x0000000088d00000, 0x0000000088e00000, 0x0000000088e00000|100%| O|  |TAMS 0x0000000088e00000, 0x0000000088d00000| Untracked 
| 142|0x0000000088e00000, 0x0000000088f00000, 0x0000000088f00000|100%| O|  |TAMS 0x0000000088f00000, 0x0000000088e00000| Untracked 
| 143|0x0000000088f00000, 0x0000000089000000, 0x0000000089000000|100%| O|  |TAMS 0x0000000089000000, 0x0000000088f00000| Untracked 
| 144|0x0000000089000000, 0x0000000089100000, 0x0000000089100000|100%| O|  |TAMS 0x0000000089100000, 0x0000000089000000| Untracked 
| 145|0x0000000089100000, 0x0000000089200000, 0x0000000089200000|100%| O|  |TAMS 0x0000000089200000, 0x0000000089100000| Untracked 
| 146|0x0000000089200000, 0x0000000089300000, 0x0000000089300000|100%| O|  |TAMS 0x0000000089300000, 0x0000000089200000| Untracked 
| 147|0x0000000089300000, 0x0000000089400000, 0x0000000089400000|100%| O|  |TAMS 0x0000000089400000, 0x0000000089300000| Untracked 
| 148|0x0000000089400000, 0x0000000089500000, 0x0000000089500000|100%| O|  |TAMS 0x0000000089500000, 0x0000000089400000| Complete 
| 149|0x0000000089500000, 0x0000000089600000, 0x0000000089600000|100%| O|  |TAMS 0x0000000089600000, 0x0000000089500000| Untracked 
| 150|0x0000000089600000, 0x0000000089700000, 0x0000000089700000|100%| O|  |TAMS 0x0000000089700000, 0x0000000089600000| Untracked 
| 151|0x0000000089700000, 0x0000000089800000, 0x0000000089800000|100%| O|  |TAMS 0x0000000089800000, 0x0000000089700000| Untracked 
| 152|0x0000000089800000, 0x0000000089900000, 0x0000000089900000|100%| O|  |TAMS 0x0000000089900000, 0x0000000089800000| Untracked 
| 153|0x0000000089900000, 0x0000000089a00000, 0x0000000089a00000|100%| O|  |TAMS 0x0000000089a00000, 0x0000000089900000| Complete 
| 154|0x0000000089a00000, 0x0000000089b00000, 0x0000000089b00000|100%| O|  |TAMS 0x0000000089b00000, 0x0000000089a00000| Untracked 
| 155|0x0000000089b00000, 0x0000000089c00000, 0x0000000089c00000|100%| O|  |TAMS 0x0000000089c00000, 0x0000000089b00000| Untracked 
| 156|0x0000000089c00000, 0x0000000089d00000, 0x0000000089d00000|100%| O|  |TAMS 0x0000000089c00000, 0x0000000089c00000| Untracked 
| 157|0x0000000089d00000, 0x0000000089e00000, 0x0000000089e00000|100%| O|  |TAMS 0x0000000089d00000, 0x0000000089d00000| Untracked 
| 158|0x0000000089e00000, 0x0000000089f00000, 0x0000000089f00000|100%| O|  |TAMS 0x0000000089e00000, 0x0000000089e00000| Untracked 
| 159|0x0000000089f00000, 0x000000008a000000, 0x000000008a000000|100%| O|  |TAMS 0x0000000089f00000, 0x0000000089f00000| Untracked 
| 160|0x000000008a000000, 0x000000008a000000, 0x000000008a100000|  0%| F|  |TAMS 0x000000008a000000, 0x000000008a000000| Untracked 
| 161|0x000000008a100000, 0x000000008a100000, 0x000000008a200000|  0%| F|  |TAMS 0x000000008a100000, 0x000000008a100000| Untracked 
| 162|0x000000008a200000, 0x000000008a300000, 0x000000008a300000|100%| O|  |TAMS 0x000000008a300000, 0x000000008a200000| Untracked 
| 163|0x000000008a300000, 0x000000008a400000, 0x000000008a400000|100%| O|  |TAMS 0x000000008a400000, 0x000000008a300000| Untracked 
| 164|0x000000008a400000, 0x000000008a400000, 0x000000008a500000|  0%| F|  |TAMS 0x000000008a400000, 0x000000008a400000| Untracked 
| 165|0x000000008a500000, 0x000000008a500000, 0x000000008a600000|  0%| F|  |TAMS 0x000000008a500000, 0x000000008a500000| Untracked 
| 166|0x000000008a600000, 0x000000008a600000, 0x000000008a700000|  0%| F|  |TAMS 0x000000008a600000, 0x000000008a600000| Untracked 
| 167|0x000000008a700000, 0x000000008a700000, 0x000000008a800000|  0%| F|  |TAMS 0x000000008a700000, 0x000000008a700000| Untracked 
| 168|0x000000008a800000, 0x000000008a800000, 0x000000008a900000|  0%| F|  |TAMS 0x000000008a800000, 0x000000008a800000| Untracked 
| 169|0x000000008a900000, 0x000000008a900000, 0x000000008aa00000|  0%| F|  |TAMS 0x000000008a900000, 0x000000008a900000| Untracked 
| 170|0x000000008aa00000, 0x000000008aa00000, 0x000000008ab00000|  0%| F|  |TAMS 0x000000008aa00000, 0x000000008aa00000| Untracked 
| 171|0x000000008ab00000, 0x000000008ab00000, 0x000000008ac00000|  0%| F|  |TAMS 0x000000008ab00000, 0x000000008ab00000| Untracked 
| 172|0x000000008ac00000, 0x000000008ac00000, 0x000000008ad00000|  0%| F|  |TAMS 0x000000008ac00000, 0x000000008ac00000| Untracked 
| 173|0x000000008ad00000, 0x000000008ad00000, 0x000000008ae00000|  0%| F|  |TAMS 0x000000008ad00000, 0x000000008ad00000| Untracked 
| 174|0x000000008ae00000, 0x000000008ae00000, 0x000000008af00000|  0%| F|  |TAMS 0x000000008ae00000, 0x000000008ae00000| Untracked 
| 175|0x000000008af00000, 0x000000008af00000, 0x000000008b000000|  0%| F|  |TAMS 0x000000008af00000, 0x000000008af00000| Untracked 
| 176|0x000000008b000000, 0x000000008b000000, 0x000000008b100000|  0%| F|  |TAMS 0x000000008b000000, 0x000000008b000000| Untracked 
| 177|0x000000008b100000, 0x000000008b100000, 0x000000008b200000|  0%| F|  |TAMS 0x000000008b100000, 0x000000008b100000| Untracked 
| 178|0x000000008b200000, 0x000000008b200000, 0x000000008b300000|  0%| F|  |TAMS 0x000000008b200000, 0x000000008b200000| Untracked 
| 179|0x000000008b300000, 0x000000008b300000, 0x000000008b400000|  0%| F|  |TAMS 0x000000008b300000, 0x000000008b300000| Untracked 
| 180|0x000000008b400000, 0x000000008b400000, 0x000000008b500000|  0%| F|  |TAMS 0x000000008b400000, 0x000000008b400000| Untracked 
| 181|0x000000008b500000, 0x000000008b500000, 0x000000008b600000|  0%| F|  |TAMS 0x000000008b500000, 0x000000008b500000| Untracked 
| 182|0x000000008b600000, 0x000000008b600000, 0x000000008b700000|  0%| F|  |TAMS 0x000000008b600000, 0x000000008b600000| Untracked 
| 183|0x000000008b700000, 0x000000008b700000, 0x000000008b800000|  0%| F|  |TAMS 0x000000008b700000, 0x000000008b700000| Untracked 
| 184|0x000000008b800000, 0x000000008b800000, 0x000000008b900000|  0%| F|  |TAMS 0x000000008b800000, 0x000000008b800000| Untracked 
| 185|0x000000008b900000, 0x000000008b900000, 0x000000008ba00000|  0%| F|  |TAMS 0x000000008b900000, 0x000000008b900000| Untracked 
| 186|0x000000008ba00000, 0x000000008ba00000, 0x000000008bb00000|  0%| F|  |TAMS 0x000000008ba00000, 0x000000008ba00000| Untracked 
| 187|0x000000008bb00000, 0x000000008bb00000, 0x000000008bc00000|  0%| F|  |TAMS 0x000000008bb00000, 0x000000008bb00000| Untracked 
| 188|0x000000008bc00000, 0x000000008bc00000, 0x000000008bd00000|  0%| F|  |TAMS 0x000000008bc00000, 0x000000008bc00000| Untracked 
| 189|0x000000008bd00000, 0x000000008be00000, 0x000000008be00000|100%| S|CS|TAMS 0x000000008bd00000, 0x000000008bd00000| Complete 
| 190|0x000000008be00000, 0x000000008bf00000, 0x000000008bf00000|100%| S|CS|TAMS 0x000000008be00000, 0x000000008be00000| Complete 
| 191|0x000000008bf00000, 0x000000008bf00000, 0x000000008c000000|  0%| F|  |TAMS 0x000000008bf00000, 0x000000008bf00000| Untracked 
| 192|0x000000008c000000, 0x000000008c000000, 0x000000008c100000|  0%| F|  |TAMS 0x000000008c000000, 0x000000008c000000| Untracked 
| 193|0x000000008c100000, 0x000000008c100000, 0x000000008c200000|  0%| F|  |TAMS 0x000000008c100000, 0x000000008c100000| Untracked 
| 194|0x000000008c200000, 0x000000008c200000, 0x000000008c300000|  0%| F|  |TAMS 0x000000008c200000, 0x000000008c200000| Untracked 
| 195|0x000000008c300000, 0x000000008c300000, 0x000000008c400000|  0%| F|  |TAMS 0x000000008c300000, 0x000000008c300000| Untracked 
| 196|0x000000008c400000, 0x000000008c400000, 0x000000008c500000|  0%| F|  |TAMS 0x000000008c400000, 0x000000008c400000| Untracked 
| 197|0x000000008c500000, 0x000000008c500000, 0x000000008c600000|  0%| F|  |TAMS 0x000000008c500000, 0x000000008c500000| Untracked 
| 198|0x000000008c600000, 0x000000008c600000, 0x000000008c700000|  0%| F|  |TAMS 0x000000008c600000, 0x000000008c600000| Untracked 

Card table byte_map: [0x000001aaadd90000,0x000001aaae190000] _byte_map_base: 0x000001aaad990000

Marking Bits (Prev, Next): (CMBitMap*) 0x000001aa9b45a238, (CMBitMap*) 0x000001aa9b45a270
 Prev Bits: [0x000001aaae590000, 0x000001aab0590000)
 Next Bits: [0x000001aab0590000, 0x000001aab2590000)

Polling page: 0x000001aa992d0000

Metaspace:

Usage:
  Non-class:     91.80 MB capacity,    90.28 MB ( 98%) used,     1.22 MB (  1%) free+waste,   309.06 KB ( <1%) overhead. 
      Class:     13.91 MB capacity,    13.00 MB ( 93%) used,   798.13 KB (  6%) free+waste,   136.88 KB ( <1%) overhead. 
       Both:    105.71 MB capacity,   103.28 MB ( 98%) used,     2.00 MB (  2%) free+waste,   445.94 KB ( <1%) overhead. 

Virtual space:
  Non-class space:       92.00 MB reserved,      91.87 MB (>99%) committed 
      Class space:        1.00 GB reserved,      14.00 MB (  1%) committed 
             Both:        1.09 GB reserved,     105.87 MB (  9%) committed 

Chunk freelists:
   Non-Class:  12.00 KB
       Class:  27.00 KB
        Both:  39.00 KB

MaxMetaspaceSize: 17179869184.00 GB
CompressedClassSpaceSize: 1.00 GB

CodeHeap 'non-profiled nmethods': size=120064Kb used=9600Kb max_used=9600Kb free=110464Kb
 bounds [0x000001aaa6850000, 0x000001aaa71b0000, 0x000001aaadd90000]
CodeHeap 'profiled nmethods': size=120000Kb used=34666Kb max_used=34666Kb free=85333Kb
 bounds [0x000001aa9f320000, 0x000001aaa1520000, 0x000001aaa6850000]
CodeHeap 'non-nmethods': size=5696Kb used=2290Kb max_used=2359Kb free=3405Kb
 bounds [0x000001aa9ed90000, 0x000001aa9f000000, 0x000001aa9f320000]
 total_blobs=15591 nmethods=14681 adapters=821
 compilation: enabled
              stopped_count=0, restarted_count=0
 full_count=0

Compilation events (20 events):
Event: 438.298 Thread 0x000001aab52ba000 16359   !   2       com.android.tools.r8.graph.h0::b (34 bytes)
Event: 438.299 Thread 0x000001aab52ba000 nmethod 16359 0x000001aaa150f290 code [0x000001aaa150f460, 0x000001aaa150f808]
Event: 438.369 Thread 0x000001aab52ba000 16360       2       com.android.tools.r8.code.O3::<init> (7 bytes)
Event: 438.370 Thread 0x000001aab52ba000 nmethod 16360 0x000001aaa150fa10 code [0x000001aaa150fbe0, 0x000001aaa150fe18]
Event: 438.405 Thread 0x000001aab52ba000 16361       2       com.android.tools.r8.code.l0::<init> (7 bytes)
Event: 438.406 Thread 0x000001aab52ba000 nmethod 16361 0x000001aaa1510010 code [0x000001aaa15101c0, 0x000001aaa1510318]
Event: 438.630 Thread 0x000001aab52ba000 16362       2       com.android.tools.r8.w.a.a.a.h.f0$f::<init> (41 bytes)
Event: 438.631 Thread 0x000001aab52ba000 nmethod 16362 0x000001aaa1510410 code [0x000001aaa15105c0, 0x000001aaa1510738]
Event: 438.650 Thread 0x000001aab52b3000 nmethod 16355 0x000001aaa719b490 code [0x000001aaa719d360, 0x000001aaa71a9328]
Event: 438.651 Thread 0x000001aab52b3000 16345 %     4       com.android.tools.r8.dex.n::a @ 315 (913 bytes)
Event: 438.652 Thread 0x000001aab52ba000 16363       2       com.android.tools.r8.code.a0::<init> (13 bytes)
Event: 438.653 Thread 0x000001aab52ba000 nmethod 16363 0x000001aaa1510810 code [0x000001aaa15109e0, 0x000001aaa1510c48]
Event: 438.653 Thread 0x000001aab52ba000 16364       2       com.android.tools.r8.code.l2::<init> (7 bytes)
Event: 438.654 Thread 0x000001aab52ba000 nmethod 16364 0x000001aaa1510e90 code [0x000001aaa1511040, 0x000001aaa1511198]
Event: 438.655 Thread 0x000001aab52ba000 16365       2       com.android.tools.r8.code.a1::<init> (12 bytes)
Event: 438.655 Thread 0x000001aab52ba000 nmethod 16365 0x000001aaa1511290 code [0x000001aaa1511440, 0x000001aaa1511598]
Event: 438.660 Thread 0x000001aab52ba000 16366       2       com.android.tools.r8.code.M::<init> (13 bytes)
Event: 438.661 Thread 0x000001aab52ba000 nmethod 16366 0x000001aaa1511690 code [0x000001aaa1511860, 0x000001aaa1511ac8]
Event: 438.662 Thread 0x000001aab52ba000 16367       2       com.android.tools.r8.code.n1::<init> (13 bytes)
Event: 438.663 Thread 0x000001aab52ba000 nmethod 16367 0x000001aaa1511d10 code [0x000001aaa1511ec0, 0x000001aaa1511fe8]

GC Heap History (20 events):
Event: 421.788 GC heap after
{Heap after GC invocations=119 (full 0):
 garbage-first heap   total 165888K, used 116332K [0x0000000080000000, 0x0000000100000000)
  region size 1024K, 1 young (1024K), 1 survivors (1024K)
 Metaspace       used 103603K, capacity 106014K, committed 106236K, reserved 1142784K
  class space    used 13051K, capacity 13916K, committed 13952K, reserved 1048576K
}
Event: 424.718 GC heap before
{Heap before GC invocations=119 (full 0):
 garbage-first heap   total 165888K, used 137836K [0x0000000080000000, 0x0000000100000000)
  region size 1024K, 20 young (20480K), 1 survivors (1024K)
 Metaspace       used 104558K, capacity 107053K, committed 107132K, reserved 1142784K
  class space    used 13146K, capacity 14052K, committed 14080K, reserved 1048576K
}
Event: 424.730 GC heap after
{Heap after GC invocations=120 (full 0):
 garbage-first heap   total 165888K, used 117608K [0x0000000080000000, 0x0000000100000000)
  region size 1024K, 2 young (2048K), 2 survivors (2048K)
 Metaspace       used 104558K, capacity 107053K, committed 107132K, reserved 1142784K
  class space    used 13146K, capacity 14052K, committed 14080K, reserved 1048576K
}
Event: 430.897 GC heap before
{Heap before GC invocations=120 (full 0):
 garbage-first heap   total 165888K, used 133992K [0x0000000080000000, 0x0000000100000000)
  region size 1024K, 10 young (10240K), 2 survivors (2048K)
 Metaspace       used 105010K, capacity 107541K, committed 107772K, reserved 1142784K
  class space    used 13196K, capacity 14123K, committed 14208K, reserved 1048576K
}
Event: 430.914 GC heap after
{Heap after GC invocations=121 (full 0):
 garbage-first heap   total 165888K, used 125287K [0x0000000080000000, 0x0000000100000000)
  region size 1024K, 2 young (2048K), 2 survivors (2048K)
 Metaspace       used 105010K, capacity 107541K, committed 107772K, reserved 1142784K
  class space    used 13196K, capacity 14123K, committed 14208K, reserved 1048576K
}
Event: 431.876 GC heap before
{Heap before GC invocations=122 (full 0):
 garbage-first heap   total 165888K, used 158055K [0x0000000080000000, 0x0000000100000000)
  region size 1024K, 18 young (18432K), 2 survivors (2048K)
 Metaspace       used 105040K, capacity 107485K, committed 107772K, reserved 1142784K
  class space    used 13188K, capacity 14102K, committed 14208K, reserved 1048576K
}
Event: 431.943 GC heap after
{Heap after GC invocations=123 (full 0):
 garbage-first heap   total 167936K, used 140188K [0x0000000080000000, 0x0000000100000000)
  region size 1024K, 3 young (3072K), 3 survivors (3072K)
 Metaspace       used 105040K, capacity 107485K, committed 107772K, reserved 1142784K
  class space    used 13188K, capacity 14102K, committed 14208K, reserved 1048576K
}
Event: 432.117 GC heap before
{Heap before GC invocations=123 (full 0):
 garbage-first heap   total 167936K, used 146332K [0x0000000080000000, 0x0000000100000000)
  region size 1024K, 8 young (8192K), 3 survivors (3072K)
 Metaspace       used 105041K, capacity 107486K, committed 107772K, reserved 1142784K
  class space    used 13188K, capacity 14102K, committed 14208K, reserved 1048576K
}
Event: 432.174 GC heap after
{Heap after GC invocations=124 (full 0):
 garbage-first heap   total 167936K, used 125753K [0x0000000080000000, 0x0000000100000000)
  region size 1024K, 1 young (1024K), 1 survivors (1024K)
 Metaspace       used 105041K, capacity 107486K, committed 107772K, reserved 1142784K
  class space    used 13188K, capacity 14102K, committed 14208K, reserved 1048576K
}
Event: 432.555 GC heap before
{Heap before GC invocations=124 (full 0):
 garbage-first heap   total 167936K, used 140089K [0x0000000080000000, 0x0000000100000000)
  region size 1024K, 15 young (15360K), 1 survivors (1024K)
 Metaspace       used 105041K, capacity 107486K, committed 107772K, reserved 1142784K
  class space    used 13188K, capacity 14102K, committed 14208K, reserved 1048576K
}
Event: 432.616 GC heap after
{Heap after GC invocations=125 (full 0):
 garbage-first heap   total 167936K, used 133632K [0x0000000080000000, 0x0000000100000000)
  region size 1024K, 2 young (2048K), 2 survivors (2048K)
 Metaspace       used 105041K, capacity 107486K, committed 107772K, reserved 1142784K
  class space    used 13188K, capacity 14102K, committed 14208K, reserved 1048576K
}
Event: 433.639 GC heap before
{Heap before GC invocations=125 (full 0):
 garbage-first heap   total 167936K, used 141824K [0x0000000080000000, 0x0000000100000000)
  region size 1024K, 10 young (10240K), 2 survivors (2048K)
 Metaspace       used 105576K, capacity 108111K, committed 108412K, reserved 1142784K
  class space    used 13310K, capacity 14246K, committed 14336K, reserved 1048576K
}
Event: 433.692 GC heap after
{Heap after GC invocations=126 (full 0):
 garbage-first heap   total 203776K, used 136960K [0x0000000080000000, 0x0000000100000000)
  region size 1024K, 2 young (2048K), 2 survivors (2048K)
 Metaspace       used 105576K, capacity 108111K, committed 108412K, reserved 1142784K
  class space    used 13310K, capacity 14246K, committed 14336K, reserved 1048576K
}
Event: 435.595 GC heap before
{Heap before GC invocations=126 (full 0):
 garbage-first heap   total 203776K, used 156416K [0x0000000080000000, 0x0000000100000000)
  region size 1024K, 21 young (21504K), 2 survivors (2048K)
 Metaspace       used 105691K, capacity 108182K, committed 108412K, reserved 1142784K
  class space    used 13310K, capacity 14246K, committed 14336K, reserved 1048576K
}
Event: 435.675 GC heap after
{Heap after GC invocations=127 (full 0):
 garbage-first heap   total 203776K, used 148814K [0x0000000080000000, 0x0000000100000000)
  region size 1024K, 3 young (3072K), 3 survivors (3072K)
 Metaspace       used 105691K, capacity 108182K, committed 108412K, reserved 1142784K
  class space    used 13310K, capacity 14246K, committed 14336K, reserved 1048576K
}
Event: 436.512 GC heap before
{Heap before GC invocations=127 (full 0):
 garbage-first heap   total 203776K, used 163150K [0x0000000080000000, 0x0000000100000000)
  region size 1024K, 17 young (17408K), 3 survivors (3072K)
 Metaspace       used 105753K, capacity 108248K, committed 108412K, reserved 1142784K
  class space    used 13310K, capacity 14246K, committed 14336K, reserved 1048576K
}
Event: 436.601 GC heap after
{Heap after GC invocations=128 (full 0):
 garbage-first heap   total 203776K, used 157184K [0x0000000080000000, 0x0000000100000000)
  region size 1024K, 3 young (3072K), 3 survivors (3072K)
 Metaspace       used 105753K, capacity 108248K, committed 108412K, reserved 1142784K
  class space    used 13310K, capacity 14246K, committed 14336K, reserved 1048576K
}
Event: 437.020 GC heap before
{Heap before GC invocations=128 (full 0):
 garbage-first heap   total 203776K, used 168448K [0x0000000080000000, 0x0000000100000000)
  region size 1024K, 14 young (14336K), 3 survivors (3072K)
 Metaspace       used 105757K, capacity 108248K, committed 108412K, reserved 1142784K
  class space    used 13310K, capacity 14246K, committed 14336K, reserved 1048576K
}
Event: 437.076 GC heap after
{Heap after GC invocations=129 (full 0):
 garbage-first heap   total 203776K, used 163840K [0x0000000080000000, 0x0000000100000000)
  region size 1024K, 2 young (2048K), 2 survivors (2048K)
 Metaspace       used 105757K, capacity 108248K, committed 108412K, reserved 1142784K
  class space    used 13310K, capacity 14246K, committed 14336K, reserved 1048576K
}
Event: 438.666 GC heap before
{Heap before GC invocations=130 (full 0):
 garbage-first heap   total 203776K, used 169984K [0x0000000080000000, 0x0000000100000000)
  region size 1024K, 10 young (10240K), 2 survivors (2048K)
 Metaspace       used 105755K, capacity 108245K, committed 108412K, reserved 1142784K
  class space    used 13309K, capacity 14245K, committed 14336K, reserved 1048576K
}

Deoptimization events (20 events):
Event: 433.235 Thread 0x000001aab8460000 DEOPT PACKING pc=0x000001aaa71540f4 sp=0x0000004a0bffe660
Event: 433.235 Thread 0x000001aab8460000 DEOPT UNPACKING pc=0x000001aa9edb69aa sp=0x0000004a0bffe660 mode 2
Event: 434.216 Thread 0x000001aab845a800 Uncommon trap: trap_request=0xffffff4d fr.pc=0x000001aaa716cb08 relative=0x0000000000000148
Event: 434.216 Thread 0x000001aab845a800 Uncommon trap: reason=unstable_if action=reinterpret pc=0x000001aaa716cb08 method=com.android.tools.r8.dex.n.i()Lcom/android/tools/r8/graph/t0; @ 64 c2
Event: 434.217 Thread 0x000001aab845a800 DEOPT PACKING pc=0x000001aaa716cb08 sp=0x0000004a0befdf90
Event: 434.217 Thread 0x000001aab845a800 DEOPT UNPACKING pc=0x000001aa9edb69aa sp=0x0000004a0befdf78 mode 2
Event: 434.790 Thread 0x000001aab845a800 Uncommon trap: trap_request=0xffffff4d fr.pc=0x000001aaa71447d4 relative=0x0000000000000294
Event: 434.790 Thread 0x000001aab845a800 Uncommon trap: reason=unstable_if action=reinterpret pc=0x000001aaa71447d4 method=com.android.tools.r8.graph.o0.c(Ljava/lang/Object;)Z @ 37 c2
Event: 434.790 Thread 0x000001aab845a800 DEOPT PACKING pc=0x000001aaa71447d4 sp=0x0000004a0befe500
Event: 434.790 Thread 0x000001aab845a800 DEOPT UNPACKING pc=0x000001aa9edb69aa sp=0x0000004a0befe4a0 mode 2
Event: 435.156 Thread 0x000001aab845a800 Uncommon trap: trap_request=0xffffff4d fr.pc=0x000001aaa71756f0 relative=0x0000000000004a10
Event: 435.156 Thread 0x000001aab845a800 Uncommon trap: reason=unstable_if action=reinterpret pc=0x000001aaa71756f0 method=com.android.tools.r8.graph.o1.e(I)Lcom/android/tools/r8/graph/o1; @ 22 c2
Event: 435.156 Thread 0x000001aab845a800 DEOPT PACKING pc=0x000001aaa71756f0 sp=0x0000004a0befe700
Event: 435.156 Thread 0x000001aab845a800 DEOPT UNPACKING pc=0x000001aa9edb69aa sp=0x0000004a0befe668 mode 2
Event: 436.038 Thread 0x000001aab845a800 Uncommon trap: trap_request=0xffffff4d fr.pc=0x000001aaa7188e30 relative=0x000000000000a870
Event: 436.038 Thread 0x000001aab845a800 Uncommon trap: reason=unstable_if action=reinterpret pc=0x000001aaa7188e30 method=com.android.tools.r8.code.x1.a(Ljava/nio/ShortBuffer;IILcom/android/tools/r8/graph/D1;)[Lcom/android/tools/r8/code/w1; @ 541 c2
Event: 436.038 Thread 0x000001aab845a800 DEOPT PACKING pc=0x000001aaa7188e30 sp=0x0000004a0befe560
Event: 436.038 Thread 0x000001aab845a800 DEOPT UNPACKING pc=0x000001aa9edb69aa sp=0x0000004a0befe538 mode 2
Event: 436.661 Thread 0x000001aab845a800 DEOPT PACKING pc=0x000001aaa0f33e1a sp=0x0000004a0befe4d0
Event: 436.661 Thread 0x000001aab845a800 DEOPT UNPACKING pc=0x000001aa9edb67c0 sp=0x0000004a0befd990 mode 0

Classes redefined (0 events):
No events

Internal exceptions (20 events):
Event: 410.060 Thread 0x000001aab8454800 Exception <a 'java/lang/NoSuchMethodError'{0x00000000886bbe60}: 'java.lang.Object java.lang.invoke.DirectMethodHandle$Holder.invokeVirtual(java.lang.Object, java.lang.Object, int, java.lang.Object)'> (0x00000000886bbe60) thrown at [./src/hotspot/share/interpreter/linkResolver.cpp, line 773]
Event: 410.223 Thread 0x000001aab845f800 Exception <a 'java/lang/NoSuchMethodError'{0x0000000088563510}: 'void java.lang.invoke.DirectMethodHandle$Holder.invokeVirtual(java.lang.Object, java.lang.Object, int, java.lang.Object)'> (0x0000000088563510) thrown at [./src/hotspot/share/interpreter/linkResolver.cpp, line 773]
Event: 414.705 Thread 0x000001aab8454800 Exception <a 'java/lang/NoSuchMethodError'{0x0000000088285948}: 'java.lang.Object java.lang.invoke.DirectMethodHandle$Holder.invokeInterface(java.lang.Object, java.lang.Object, int)'> (0x0000000088285948) thrown at [./src/hotspot/share/interpreter/linkResolver.cpp, line 773]
Event: 421.343 Thread 0x000001aab8454800 Exception <a 'java/lang/NoSuchMethodError'{0x00000000894a8b90}: 'java.lang.Object java.lang.invoke.DirectMethodHandle$Holder.invokeSpecial(java.lang.Object, java.lang.Object, java.lang.Object, java.lang.Object, java.lang.Object, java.lang.Object, java.lang.Object, java.lang.Object, java.lang.Object, java.lang.Object)'> (0x00000000894a8b90) thrown at [./src/hotspot/share/interpreter/linkResolver.cpp, line 773]
Event: 421.344 Thread 0x000001aab8454800 Exception <a 'java/lang/NoSuchMethodError'{0x00000000894acc80}: 'java.lang.Object java.lang.invoke.Invokers$Holder.linkToTargetMethod(java.lang.Object, java.lang.Object, java.lang.Object, java.lang.Object, java.lang.Object, java.lang.Object, java.lang.Object, java.lang.Object, java.lang.Object)'> (0x00000000894acc80) thrown at [./src/hotspot/share/interpreter/linkResolver.cpp, line 773]
Event: 422.718 Thread 0x000001aab8454800 Exception <a 'java/lang/NoSuchMethodError'{0x00000000899158f0}: 'void java.lang.invoke.DirectMethodHandle$Holder.invokeVirtual(java.lang.Object, java.lang.Object, int)'> (0x00000000899158f0) thrown at [./src/hotspot/share/interpreter/linkResolver.cpp, line 773]
Event: 423.295 Thread 0x000001aab8454800 Exception <a 'sun/nio/fs/WindowsException'{0x000000008953e9f0}> (0x000000008953e9f0) thrown at [./src/hotspot/share/prims/jni.cpp, line 615]
Event: 423.660 Thread 0x000001aab8454800 Exception <a 'sun/nio/fs/WindowsException'{0x0000000089559228}> (0x0000000089559228) thrown at [./src/hotspot/share/prims/jni.cpp, line 615]
Event: 423.955 Thread 0x000001aab8454800 Exception <a 'sun/nio/fs/WindowsException'{0x00000000891c6518}> (0x00000000891c6518) thrown at [./src/hotspot/share/prims/jni.cpp, line 615]
Event: 424.206 Thread 0x000001aab8454800 Exception <a 'sun/nio/fs/WindowsException'{0x00000000891cf170}> (0x00000000891cf170) thrown at [./src/hotspot/share/prims/jni.cpp, line 615]
Event: 424.252 Thread 0x000001aab8454800 Exception <a 'sun/nio/fs/WindowsException'{0x00000000891de4c0}> (0x00000000891de4c0) thrown at [./src/hotspot/share/prims/jni.cpp, line 615]
Event: 424.338 Thread 0x000001aab8454800 Exception <a 'sun/nio/fs/WindowsException'{0x0000000088f8c6c0}> (0x0000000088f8c6c0) thrown at [./src/hotspot/share/prims/jni.cpp, line 615]
Event: 424.789 Thread 0x000001aab8454800 Exception <a 'sun/nio/fs/WindowsException'{0x000000008a14d368}> (0x000000008a14d368) thrown at [./src/hotspot/share/prims/jni.cpp, line 615]
Event: 424.938 Thread 0x000001aab8454800 Exception <a 'sun/nio/fs/WindowsException'{0x000000008a1ea8f8}> (0x000000008a1ea8f8) thrown at [./src/hotspot/share/prims/jni.cpp, line 615]
Event: 424.948 Thread 0x000001aab8454800 Exception <a 'sun/nio/fs/WindowsException'{0x000000008a1f4948}> (0x000000008a1f4948) thrown at [./src/hotspot/share/prims/jni.cpp, line 615]
Event: 424.970 Thread 0x000001aab8454800 Exception <a 'sun/nio/fs/WindowsException'{0x000000008a084428}> (0x000000008a084428) thrown at [./src/hotspot/share/prims/jni.cpp, line 615]
Event: 425.014 Thread 0x000001aab8454800 Exception <a 'sun/nio/fs/WindowsException'{0x000000008a096f58}> (0x000000008a096f58) thrown at [./src/hotspot/share/prims/jni.cpp, line 615]
Event: 425.174 Thread 0x000001aab8454800 Exception <a 'sun/nio/fs/WindowsException'{0x000000008a0e3060}> (0x000000008a0e3060) thrown at [./src/hotspot/share/prims/jni.cpp, line 615]
Event: 425.851 Thread 0x000001aab5427800 Exception <a 'java/lang/NoSuchMethodError'{0x0000000089eb5c58}: <clinit>> (0x0000000089eb5c58) thrown at [./src/hotspot/share/prims/jni.cpp, line 1362]
Event: 430.703 Thread 0x000001aab8454800 Exception <a 'sun/nio/fs/WindowsException'{0x0000000089bd4578}> (0x0000000089bd4578) thrown at [./src/hotspot/share/prims/jni.cpp, line 615]

Events (20 events):
Event: 433.486 loading class com/android/tools/r8/w/a/a/a/f/b done
Event: 433.502 Executing VM operation: RevokeBias
Event: 433.502 Executing VM operation: RevokeBias done
Event: 433.508 Executing VM operation: RevokeBias
Event: 433.508 Executing VM operation: RevokeBias done
Event: 433.639 Executing VM operation: G1CollectForAllocation
Event: 433.692 Executing VM operation: G1CollectForAllocation done
Event: 434.983 Thread 0x000001aab498c800 flushing nmethod 0x000001aa9f529290
Event: 434.984 Thread 0x000001aab498c800 flushing nmethod 0x000001aa9f6da790
Event: 435.595 Executing VM operation: G1CollectForAllocation
Event: 435.675 Executing VM operation: G1CollectForAllocation done
Event: 436.512 Executing VM operation: G1CollectForAllocation
Event: 436.601 Executing VM operation: G1CollectForAllocation done
Event: 437.020 Executing VM operation: G1CollectForAllocation
Event: 437.076 Executing VM operation: G1CollectForAllocation done
Event: 437.808 Executing VM operation: CGC_Operation
Event: 437.905 Executing VM operation: CGC_Operation done
Event: 438.284 Executing VM operation: CGC_Operation
Event: 438.285 Executing VM operation: CGC_Operation done
Event: 438.666 Executing VM operation: G1CollectForAllocation


Dynamic libraries:
0x00007ff6ba8c0000 - 0x00007ff6ba8ca000 	C:\Program Files\Android\Android Studio\jre\bin\java.exe
0x00007ff8cc040000 - 0x00007ff8cc221000 	C:\Windows\SYSTEM32\ntdll.dll
0x00007ff8ca150000 - 0x00007ff8ca202000 	C:\Windows\System32\KERNEL32.DLL
0x00007ff8c9250000 - 0x00007ff8c94c3000 	C:\Windows\System32\KERNELBASE.dll
0x00007ff8c8530000 - 0x00007ff8c862a000 	C:\Windows\System32\ucrtbase.dll
0x00007ff8b3ca0000 - 0x00007ff8b3cb7000 	C:\Program Files\Android\Android Studio\jre\bin\VCRUNTIME140.dll
0x00007ff8b3cc0000 - 0x00007ff8b3cd9000 	C:\Program Files\Android\Android Studio\jre\bin\jli.dll
0x00007ff8cbe80000 - 0x00007ff8cc010000 	C:\Windows\System32\USER32.dll
0x00007ff8c8f90000 - 0x00007ff8c8fb0000 	C:\Windows\System32\win32u.dll
0x00007ff8c9dc0000 - 0x00007ff8c9de8000 	C:\Windows\System32\GDI32.dll
0x00007ff8c8df0000 - 0x00007ff8c8f82000 	C:\Windows\System32\gdi32full.dll
0x00007ff8c8410000 - 0x00007ff8c84af000 	C:\Windows\System32\msvcp_win.dll
0x00007ff8bad10000 - 0x00007ff8baf79000 	C:\Windows\WinSxS\amd64_microsoft.windows.common-controls_6595b64144ccf1df_6.0.17133.73_none_b4b127863cb5b9c7\COMCTL32.dll
0x00007ff8ca210000 - 0x00007ff8ca2ae000 	C:\Windows\System32\msvcrt.dll
0x00007ff8c9a30000 - 0x00007ff8c9d53000 	C:\Windows\System32\combase.dll
0x00007ff8c9750000 - 0x00007ff8c9874000 	C:\Windows\System32\RPCRT4.dll
0x00007ff8c84b0000 - 0x00007ff8c852a000 	C:\Windows\System32\bcryptPrimitives.dll
0x00007ff8c96b0000 - 0x00007ff8c96dd000 	C:\Windows\System32\IMM32.DLL
0x00007ff8b2710000 - 0x00007ff8b27ad000 	C:\Program Files\Android\Android Studio\jre\bin\msvcp140.dll
0x00007ff898410000 - 0x00007ff898ecc000 	C:\Program Files\Android\Android Studio\jre\bin\server\jvm.dll
0x00007ff8c9ea0000 - 0x00007ff8c9f41000 	C:\Windows\System32\ADVAPI32.dll
0x00007ff8c94d0000 - 0x00007ff8c952b000 	C:\Windows\System32\sechost.dll
0x00007ff8c96e0000 - 0x00007ff8c96e8000 	C:\Windows\System32\PSAPI.DLL
0x00007ff8adcd0000 - 0x00007ff8adcd9000 	C:\Windows\SYSTEM32\WSOCK32.dll
0x00007ff8c9f50000 - 0x00007ff8c9fbc000 	C:\Windows\System32\WS2_32.dll
0x00007ff8c5d40000 - 0x00007ff8c5d63000 	C:\Windows\SYSTEM32\WINMM.dll
0x00007ff8c6f90000 - 0x00007ff8c6f9a000 	C:\Windows\SYSTEM32\VERSION.dll
0x00007ff8c5d10000 - 0x00007ff8c5d3a000 	C:\Windows\SYSTEM32\WINMMBASE.dll
0x00007ff8c8690000 - 0x00007ff8c86d9000 	C:\Windows\System32\cfgmgr32.dll
0x00007ff8c83f0000 - 0x00007ff8c8401000 	C:\Windows\System32\kernel.appcore.dll
0x00007ff8b9200000 - 0x00007ff8b9211000 	C:\Program Files\Android\Android Studio\jre\bin\verify.dll
0x00007ff8b6c90000 - 0x00007ff8b6e59000 	C:\Windows\SYSTEM32\DBGHELP.DLL
0x00007ff8b6c60000 - 0x00007ff8b6c89000 	C:\Windows\SYSTEM32\dbgcore.DLL
0x00007ff8b91d0000 - 0x00007ff8b91f9000 	C:\Program Files\Android\Android Studio\jre\bin\java.dll
0x00007ff8c64b0000 - 0x00007ff8c64bb000 	C:\Program Files\Android\Android Studio\jre\bin\jimage.dll
0x00007ff8b91b0000 - 0x00007ff8b91c8000 	C:\Program Files\Android\Android Studio\jre\bin\zip.dll
0x00007ff8ca5f0000 - 0x00007ff8cba30000 	C:\Windows\System32\SHELL32.dll
0x00007ff8c9df0000 - 0x00007ff8c9e99000 	C:\Windows\System32\shcore.dll
0x00007ff8c86e0000 - 0x00007ff8c8ded000 	C:\Windows\System32\windows.storage.dll
0x00007ff8ca430000 - 0x00007ff8ca481000 	C:\Windows\System32\shlwapi.dll
0x00007ff8c83b0000 - 0x00007ff8c83cf000 	C:\Windows\System32\profapi.dll
0x00007ff8c8360000 - 0x00007ff8c83ac000 	C:\Windows\System32\powrprof.dll
0x00007ff8c8350000 - 0x00007ff8c835a000 	C:\Windows\System32\FLTLIB.DLL
0x00007ff8b9190000 - 0x00007ff8b91aa000 	C:\Program Files\Android\Android Studio\jre\bin\net.dll
0x00007ff8bf510000 - 0x00007ff8bf5ed000 	C:\Windows\SYSTEM32\WINHTTP.dll
0x00007ff8c7b70000 - 0x00007ff8c7bd6000 	C:\Windows\system32\mswsock.dll
0x00007ff8b9170000 - 0x00007ff8b9184000 	C:\Program Files\Android\Android Studio\jre\bin\nio.dll
0x00007ff8a51f0000 - 0x00007ff8a5217000 	C:\Users\MISHECK\.gradle\native\fdc75f09e3144964f2cf3f50f0aa648679c211496f362492102eb8c894070792\windows-amd64\native-platform.dll
0x00007ff897b20000 - 0x00007ff897cb6000 	C:\Users\MISHECK\.gradle\native\12488b8bf47d2d4c9fbf2f6322a914ad602e24e48041cd04a747c6da556b65c4\windows-amd64\native-platform-file-events.dll
0x00007ff8b9260000 - 0x00007ff8b926a000 	C:\Program Files\Android\Android Studio\jre\bin\management.dll
0x00007ff8b9160000 - 0x00007ff8b916c000 	C:\Program Files\Android\Android Studio\jre\bin\management_ext.dll
0x00007ff8c7d20000 - 0x00007ff8c7d37000 	C:\Windows\SYSTEM32\CRYPTSP.dll
0x00007ff8c7750000 - 0x00007ff8c7783000 	C:\Windows\system32\rsaenh.dll
0x00007ff8c7e50000 - 0x00007ff8c7e75000 	C:\Windows\SYSTEM32\bcrypt.dll
0x00007ff8c8250000 - 0x00007ff8c8278000 	C:\Windows\SYSTEM32\USERENV.dll
0x00007ff8c7d40000 - 0x00007ff8c7d4b000 	C:\Windows\SYSTEM32\CRYPTBASE.dll
0x00007ff8c78f0000 - 0x00007ff8c7928000 	C:\Windows\SYSTEM32\IPHLPAPI.DLL
0x00007ff8ca490000 - 0x00007ff8ca498000 	C:\Windows\System32\NSI.dll
0x00007ff8bf910000 - 0x00007ff8bf926000 	C:\Windows\SYSTEM32\dhcpcsvc6.DLL
0x00007ff8bf8f0000 - 0x00007ff8bf90a000 	C:\Windows\SYSTEM32\dhcpcsvc.DLL
0x00007ff8c0a80000 - 0x00007ff8c0a8b000 	C:\Windows\SYSTEM32\WINNSI.DLL

dbghelp: loaded successfully - version: 4.0.5 - missing functions: none
symbol engine: initialized successfully - sym options: 0x614 - pdb path: .;C:\Program Files\Android\Android Studio\jre\bin;C:\Windows\SYSTEM32;C:\Windows\WinSxS\amd64_microsoft.windows.common-controls_6595b64144ccf1df_6.0.17133.73_none_b4b127863cb5b9c7;C:\Program Files\Android\Android Studio\jre\bin\server;C:\Users\MISHECK\.gradle\native\fdc75f09e3144964f2cf3f50f0aa648679c211496f362492102eb8c894070792\windows-amd64;C:\Users\MISHECK\.gradle\native\12488b8bf47d2d4c9fbf2f6322a914ad602e24e48041cd04a747c6da556b65c4\windows-amd64

VM Arguments:
jvm_args: --add-opens=java.base/java.util=ALL-UNNAMED --add-opens=java.base/java.lang=ALL-UNNAMED --add-opens=java.base/java.lang.invoke=ALL-UNNAMED --add-opens=java.prefs/java.util.prefs=ALL-UNNAMED -Xmx2048m -Dfile.encoding=UTF-8 -Duser.country=US -Duser.language=en -Duser.variant 
java_command: org.gradle.launcher.daemon.bootstrap.GradleDaemon 6.7.1
java_class_path (initial): C:\Users\MISHECK\.gradle\wrapper\dists\gradle-6.7.1-bin\bwlcbys1h7rz3272sye1xwiv6\gradle-6.7.1\lib\gradle-launcher-6.7.1.jar
Launcher Type: SUN_STANDARD

[Global flags]
     intx CICompilerCount                          = 2                                         {product} {ergonomic}
     uint ConcGCThreads                            = 1                                         {product} {ergonomic}
     uint G1ConcRefinementThreads                  = 2                                         {product} {ergonomic}
   size_t G1HeapRegionSize                         = 1048576                                   {product} {ergonomic}
    uintx GCDrainStackTargetSize                   = 64                                        {product} {ergonomic}
   size_t InitialHeapSize                          = 67108864                                  {product} {ergonomic}
   size_t MarkStackSize                            = 4194304                                   {product} {ergonomic}
   size_t MaxHeapSize                              = 2147483648                                {product} {command line}
   size_t MaxNewSize                               = 1287651328                                {product} {ergonomic}
   size_t MinHeapDeltaBytes                        = 1048576                                   {product} {ergonomic}
    uintx NonNMethodCodeHeapSize                   = 5825164                                {pd product} {ergonomic}
    uintx NonProfiledCodeHeapSize                  = 122916538                              {pd product} {ergonomic}
    uintx ProfiledCodeHeapSize                     = 122916538                              {pd product} {ergonomic}
    uintx ReservedCodeCacheSize                    = 251658240                              {pd product} {ergonomic}
     bool SegmentedCodeCache                       = true                                      {product} {ergonomic}
     bool UseCompressedClassPointers               = true                                 {lp64_product} {ergonomic}
     bool UseCompressedOops                        = true                                 {lp64_product} {ergonomic}
     bool UseG1GC                                  = true                                      {product} {ergonomic}
     bool UseLargePagesIndividualAllocation        = false                                  {pd product} {ergonomic}

Logging:
Log output configuration:
 #0: stdout all=warning uptime,level,tags
 #1: stderr all=off uptime,level,tags

Environment Variables:
JAVA_HOME=C:\Program Files\Java\jdk1.8.0_191
PATH=C:\Program Files (x86)\Common Files\Oracle\Java\javapath;C:\Windows\system32;C:\Windows;C:\Windows\System32\Wbem;C:\Windows\System32\WindowsPowerShell\v1.0\;C:\Windows\System32\OpenSSH\;C:\Program Files (x86)\Git\cmd;C:\Program Files\nodejs\;C:\Program Files\Java\jdk1.8.0_191\bin;C:\Users\MISHECK\AppData\Roaming\npm;C:\Exercism;C:\Users\MISHECK\AppData\Local\Programs\Python\Python39;C:\Users\MISHECK\AppData\Local\Programs\Microsoft VS Code\bin;C:\Program Files\CodeBlocks\MinGW\bin;
USERNAME=MISHECK
OS=Windows_NT
PROCESSOR_IDENTIFIER=Intel64 Family 6 Model 55 Stepping 8, GenuineIntel



---------------  S Y S T E M  ---------------

OS: Windows 10 , 64 bit Build 17133 (10.0.17133.73)
OS uptime: 0 days 8:02 hours

CPU:total 2 (initial active 2) (2 cores per cpu, 1 threads per core) family 6 model 55 stepping 8, cmov, cx8, fxsr, mmx, sse, sse2, sse3, ssse3, sse4.1, sse4.2, popcnt, clmul, erms, 3dnowpref, tsc, tscinvbit

Memory: 4k page, system-wide physical 3987M (315M free)
TotalPageFile size 5381M (AvailPageFile size 55M)
current process WorkingSet (physical memory assigned to process): 424M, peak: 427M
current process commit charge ("private bytes"): 520M, peak: 577M

vm_info: OpenJDK 64-Bit Server VM (11.0.8+10-b944.6842174) for windows-amd64 JRE (11.0.8+10-b944.6842174), built on Sep 19 2020 01:11:42 by "builder" with MS VC++ 14.0 (VS2015)

END.
