#
# There is insufficient memory for the Java Runtime Environment to continue.
# Native memory allocation (malloc) failed to allocate 1237296 bytes for Chunk::new
# Possible reasons:
#   The system is out of physical RAM or swap space
#   The process is running with CompressedOops enabled, and the Java Heap may be blocking the growth of the native heap
# Possible solutions:
#   Reduce memory load on the system
#   Increase physical memory or swap space
#   Check if swap backing store is full
#   Decrease Java heap size (-Xmx/-Xms)
#   Decrease number of Java threads
#   Decrease Java thread stack sizes (-Xss)
#   Set larger code cache with -XX:ReservedCodeCacheSize=
#   JVM is running with Unscaled Compressed Oops mode in which the Java heap is
#     placed in the first 4GB address space. The Java Heap base address is the
#     maximum limit for the native heap growth. Please use -XX:HeapBaseMinAddress
#     to set the Java Heap base and to place the Java Heap above 4GB virtual address.
# This output file may be truncated or incomplete.
#
#  Out of Memory Error (./src/hotspot/share/memory/arena.cpp:197), pid=11920, tid=10540
#
# JRE version: OpenJDK Runtime Environment (11.0.8+10) (build 11.0.8+10-b944.6842174)
# Java VM: OpenJDK 64-Bit Server VM (11.0.8+10-b944.6842174, mixed mode, tiered, compressed oops, g1 gc, windows-amd64)
# No core dump will be written. Minidumps are not enabled by default on client versions of Windows
#

---------------  S U M M A R Y ------------

Command Line: --add-opens=java.base/java.util=ALL-UNNAMED --add-opens=java.base/java.lang=ALL-UNNAMED --add-opens=java.base/java.lang.invoke=ALL-UNNAMED --add-opens=java.prefs/java.util.prefs=ALL-UNNAMED -Xmx2048m -Dfile.encoding=UTF-8 -Duser.country=US -Duser.language=en -Duser.variant org.gradle.launcher.daemon.bootstrap.GradleDaemon 6.7.1

Host: Intel(R) Celeron(R) CPU  N2840  @ 2.16GHz, 2 cores, 3G,  Windows 10 , 64 bit Build 17133 (10.0.17133.73)
Time: Sun Jul 11 23:28:09 2021 Pacific Daylight Time elapsed time: 59 seconds (0d 0h 0m 59s)

---------------  T H R E A D  ---------------

Current thread (0x000001dd1da32000):  JavaThread "C2 CompilerThread0" daemon [_thread_in_native, id=10540, stack(0x000000628c400000,0x000000628c500000)]


Current CompileTask:
C2:  59788 6285 %     4       org.gradle.internal.instantiation.generator.AbstractClassGenerator::inspectType @ 107 (560 bytes)

Stack: [0x000000628c400000,0x000000628c500000]
Native frames: (J=compiled Java code, j=interpreted, Vv=VM code, C=native code)
V  [jvm.dll+0x5de50a]
V  [jvm.dll+0x7122f5]
V  [jvm.dll+0x71384d]
V  [jvm.dll+0x713f03]
V  [jvm.dll+0x23e728]
V  [jvm.dll+0xb899c]
V  [jvm.dll+0xb8e9c]
V  [jvm.dll+0x35024d]
V  [jvm.dll+0x193cbc]
V  [jvm.dll+0x1f780e]
V  [jvm.dll+0x1f68d4]
V  [jvm.dll+0x17f32c]
V  [jvm.dll+0x205047]
V  [jvm.dll+0x203891]
V  [jvm.dll+0x6dad3f]
V  [jvm.dll+0x6d3895]
V  [jvm.dll+0x5dd4a6]
C  [ucrtbase.dll+0x1c1ae]
C  [KERNEL32.DLL+0x13034]
C  [ntdll.dll+0x71551]


---------------  P R O C E S S  ---------------

Threads class SMR info:
_java_thread_list=0x000001dd228faf90, length=130, elements={
0x000001dd0446c800, 0x000001dd1d9d1800, 0x000001dd1d9d2800, 0x000001dd1da2e800,
0x000001dd1da2f800, 0x000001dd1da32000, 0x000001dd1da36800, 0x000001dd1da3d800,
0x000001dd1e485000, 0x000001dd1e4a5800, 0x000001dd1f9b0000, 0x000001dd1f327000,
0x000001dd1f1f8000, 0x000001dd20026800, 0x000001dd20027000, 0x000001dd1e710800,
0x000001dd1f55c000, 0x000001dd1fdfa000, 0x000001dd1f6a0000, 0x000001dd1f6a1000,
0x000001dd1ed9f800, 0x000001dd1ed9d000, 0x000001dd1ed9c000, 0x000001dd1eda2800,
0x000001dd1eda0800, 0x000001dd1ed9e800, 0x000001dd1eda1000, 0x000001dd1eda2000,
0x000001dd1ed9e000, 0x000001dd2292e000, 0x000001dd22929800, 0x000001dd22930000,
0x000001dd2292b000, 0x000001dd2292a000, 0x000001dd22930800, 0x000001dd2292b800,
0x000001dd22934000, 0x000001dd22935800, 0x000001dd22936800, 0x000001dd22937000,
0x000001dd22931800, 0x000001dd22932000, 0x000001dd22934800, 0x000001dd22933000,
0x000001dd20d9a000, 0x000001dd20d96800, 0x000001dd20d9d000, 0x000001dd20d9b800,
0x000001dd20d9a800, 0x000001dd20d98000, 0x000001dd20d97800, 0x000001dd20d9e000,
0x000001dd20d9e800, 0x000001dd20d99000, 0x000001dd20da1000, 0x000001dd20d9f800,
0x000001dd20da0800, 0x000001dd20da2000, 0x000001dd20d9c800, 0x000001dd20da3000,
0x000001dd20da3800, 0x000001dd20da4800, 0x000001dd20da5800, 0x000001dd207ce000,
0x000001dd207cd000, 0x000001dd207ce800, 0x000001dd207cc000, 0x000001dd207cb800,
0x000001dd207cf800, 0x000001dd207d0000, 0x000001dd207ca800, 0x000001dd207d2000,
0x000001dd207d2800, 0x000001dd207d6800, 0x000001dd207d6000, 0x000001dd207d3800,
0x000001dd207d1000, 0x000001dd207d7800, 0x000001dd207d4800, 0x000001dd207d8800,
0x000001dd207d5000, 0x000001dd207d9000, 0x000001dd202b8000, 0x000001dd202b3000,
0x000001dd202b7800, 0x000001dd202b4000, 0x000001dd202b5000, 0x000001dd202b2800,
0x000001dd202b9000, 0x000001dd202ba000, 0x000001dd202b5800, 0x000001dd202ba800,
0x000001dd202bc000, 0x000001dd202bb800, 0x000001dd202b6800, 0x000001dd202c0800,
0x000001dd202be000, 0x000001dd202bd000, 0x000001dd202be800, 0x000001dd202bf800,
0x000001dd202c1000, 0x000001dd22aeb800, 0x000001dd22aed800, 0x000001dd22aeb000,
0x000001dd22aec800, 0x000001dd22ae9000, 0x000001dd22aea000, 0x000001dd22af4000,
0x000001dd22af0800, 0x000001dd22af2000, 0x000001dd22aef000, 0x000001dd22aee000,
0x000001dd22aef800, 0x000001dd22af3000, 0x000001dd22af7000, 0x000001dd22af4800,
0x000001dd22af1800, 0x000001dd22af8000, 0x000001dd22af5800, 0x000001dd22af6800,
0x000001dd208f2000, 0x000001dd208ec800, 0x000001dd208f0800, 0x000001dd208f3000,
0x000001dd208f1000, 0x000001dd208ee800, 0x000001dd208ed000, 0x000001dd208f3800,
0x000001dd208ee000, 0x000001dd208f5800
}

Java Threads: ( => current thread )
  0x000001dd0446c800 JavaThread "main" [_thread_blocked, id=7748, stack(0x000000628b900000,0x000000628ba00000)]
  0x000001dd1d9d1800 JavaThread "Reference Handler" daemon [_thread_blocked, id=7636, stack(0x000000628c000000,0x000000628c100000)]
  0x000001dd1d9d2800 JavaThread "Finalizer" daemon [_thread_blocked, id=9776, stack(0x000000628c100000,0x000000628c200000)]
  0x000001dd1da2e800 JavaThread "Signal Dispatcher" daemon [_thread_blocked, id=860, stack(0x000000628c200000,0x000000628c300000)]
  0x000001dd1da2f800 JavaThread "Attach Listener" daemon [_thread_blocked, id=8696, stack(0x000000628c300000,0x000000628c400000)]
=>0x000001dd1da32000 JavaThread "C2 CompilerThread0" daemon [_thread_in_native, id=10540, stack(0x000000628c400000,0x000000628c500000)]
  0x000001dd1da36800 JavaThread "C1 CompilerThread0" daemon [_thread_blocked, id=10036, stack(0x000000628c500000,0x000000628c600000)]
  0x000001dd1da3d800 JavaThread "Sweeper thread" daemon [_thread_blocked, id=8844, stack(0x000000628c600000,0x000000628c700000)]
  0x000001dd1e485000 JavaThread "Common-Cleaner" daemon [_thread_blocked, id=7472, stack(0x000000628c700000,0x000000628c800000)]
  0x000001dd1e4a5800 JavaThread "Service Thread" daemon [_thread_blocked, id=11828, stack(0x000000628c800000,0x000000628c900000)]
  0x000001dd1f9b0000 JavaThread "Daemon health stats" [_thread_blocked, id=12188, stack(0x000000628cb00000,0x000000628cc00000)]
  0x000001dd1f327000 JavaThread "Incoming local TCP Connector on port 65008" [_thread_in_native, id=8592, stack(0x000000628cd00000,0x000000628ce00000)]
  0x000001dd1f1f8000 JavaThread "Daemon" [_thread_blocked, id=11444, stack(0x000000628ce00000,0x000000628cf00000)]
  0x000001dd20026800 JavaThread "Handler for socket connection from /127.0.0.1:65008 to /127.0.0.1:65009" [_thread_in_native, id=10220, stack(0x000000628cf00000,0x000000628d000000)]
  0x000001dd20027000 JavaThread "Daemon periodic checks" [_thread_blocked, id=11288, stack(0x000000628d000000,0x000000628d100000)]
  0x000001dd1e710800 JavaThread "Cancel handler" [_thread_blocked, id=11276, stack(0x000000628d100000,0x000000628d200000)]
  0x000001dd1f55c000 JavaThread "Daemon worker" [_thread_in_native, id=11280, stack(0x000000628d200000,0x000000628d300000)]
  0x000001dd1fdfa000 JavaThread "Asynchronous log dispatcher for DefaultDaemonConnection: socket connection from /127.0.0.1:65008 to /127.0.0.1:65009" [_thread_blocked, id=4444, stack(0x000000628d300000,0x000000628d400000)]
  0x000001dd1f6a0000 JavaThread "Stdin handler" [_thread_blocked, id=4032, stack(0x000000628d400000,0x000000628d500000)]
  0x000001dd1f6a1000 JavaThread "Thread-8" [_thread_blocked, id=3404, stack(0x000000628d500000,0x000000628d600000)]
  0x000001dd1ed9f800 JavaThread "Cache worker for file hash cache (C:\Users\MISHECK\.gradle\caches\6.7.1\fileHashes)" [_thread_blocked, id=5220, stack(0x000000628d600000,0x000000628d700000)]
  0x000001dd1ed9d000 JavaThread "File lock request listener" [_thread_in_native, id=2200, stack(0x000000628d700000,0x000000628d800000)]
  0x000001dd1ed9c000 JavaThread "Cache worker for journal cache (C:\Users\MISHECK\.gradle\caches\journal-1)" [_thread_blocked, id=3632, stack(0x000000628d800000,0x000000628d900000)]
  0x000001dd1eda2800 JavaThread "Cache worker for file hash cache (C:\Users\MISHECK\AndroidStudioProjects\ChildSafetyApp\.gradle\6.7.1\fileHashes)" [_thread_blocked, id=7388, stack(0x000000628d900000,0x000000628da00000)]
  0x000001dd1eda0800 JavaThread "Cache worker for checksums cache (C:\Users\MISHECK\AndroidStudioProjects\ChildSafetyApp\.gradle\checksums)" [_thread_blocked, id=8800, stack(0x000000628da00000,0x000000628db00000)]
  0x000001dd1ed9e800 JavaThread "Cache worker for cache directory md-supplier (C:\Users\MISHECK\.gradle\caches\6.7.1\md-supplier)" [_thread_blocked, id=11952, stack(0x000000628db00000,0x000000628dc00000)]
  0x000001dd1eda1000 JavaThread "Cache worker for cache directory md-rule (C:\Users\MISHECK\.gradle\caches\6.7.1\md-rule)" [_thread_blocked, id=11924, stack(0x000000628dc00000,0x000000628dd00000)]
  0x000001dd1eda2000 JavaThread "Cache worker for execution history cache (C:\Users\MISHECK\.gradle\caches\6.7.1\executionHistory)" [_thread_blocked, id=11936, stack(0x000000628dd00000,0x000000628de00000)]
  0x000001dd1ed9e000 JavaThread "jar transforms" [_thread_blocked, id=11968, stack(0x000000628de00000,0x000000628df00000)]
  0x000001dd2292e000 JavaThread "Cache worker for file content cache (C:\Users\MISHECK\.gradle\caches\6.7.1\fileContent)" [_thread_blocked, id=11940, stack(0x000000628df00000,0x000000628e000000)]
  0x000001dd22929800 JavaThread "Cache worker for Build Output Cleanup Cache (C:\Users\MISHECK\AndroidStudioProjects\ChildSafetyApp\.gradle\buildOutputCleanup)" [_thread_blocked, id=11956, stack(0x000000628e000000,0x000000628e100000)]
  0x000001dd22930000 JavaThread "Build operations" [_thread_blocked, id=2888, stack(0x000000628e100000,0x000000628e200000)]
  0x000001dd2292b000 JavaThread "Build operations Thread 2" [_thread_blocked, id=7320, stack(0x000000628e200000,0x000000628e300000)]
  0x000001dd2292a000 JavaThread "jar transforms Thread 2" [_thread_blocked, id=8140, stack(0x000000628e300000,0x000000628e400000)]
  0x000001dd22930800 JavaThread "jar transforms Thread 3" [_thread_blocked, id=11044, stack(0x000000628e400000,0x000000628e500000)]
  0x000001dd2292b800 JavaThread "jar transforms Thread 4" [_thread_blocked, id=10576, stack(0x000000628e500000,0x000000628e600000)]
  0x000001dd22934000 JavaThread "jar transforms Thread 5" [_thread_blocked, id=7784, stack(0x000000628e600000,0x000000628e700000)]
  0x000001dd22935800 JavaThread "jar transforms Thread 6" [_thread_blocked, id=2236, stack(0x000000628e700000,0x000000628e800000)]
  0x000001dd22936800 JavaThread "jar transforms Thread 7" [_thread_blocked, id=7532, stack(0x000000628e800000,0x000000628e900000)]
  0x000001dd22937000 JavaThread "jar transforms Thread 8" [_thread_blocked, id=6380, stack(0x000000628e900000,0x000000628ea00000)]
  0x000001dd22931800 JavaThread "jar transforms Thread 9" [_thread_blocked, id=6152, stack(0x000000628ea00000,0x000000628eb00000)]
  0x000001dd22932000 JavaThread "jar transforms Thread 10" [_thread_blocked, id=9696, stack(0x000000628eb00000,0x000000628ec00000)]
  0x000001dd22934800 JavaThread "jar transforms Thread 11" [_thread_blocked, id=5716, stack(0x000000628ec00000,0x000000628ed00000)]
  0x000001dd22933000 JavaThread "jar transforms Thread 12" [_thread_blocked, id=11660, stack(0x000000628ed00000,0x000000628ee00000)]
  0x000001dd20d9a000 JavaThread "jar transforms Thread 13" [_thread_blocked, id=3792, stack(0x000000628ee00000,0x000000628ef00000)]
  0x000001dd20d96800 JavaThread "jar transforms Thread 14" [_thread_blocked, id=1612, stack(0x000000628ef00000,0x000000628f000000)]
  0x000001dd20d9d000 JavaThread "jar transforms Thread 15" [_thread_blocked, id=11672, stack(0x000000628f000000,0x000000628f100000)]
  0x000001dd20d9b800 JavaThread "jar transforms Thread 16" [_thread_blocked, id=4572, stack(0x000000628f100000,0x000000628f200000)]
  0x000001dd20d9a800 JavaThread "jar transforms Thread 17" [_thread_blocked, id=11608, stack(0x000000628f200000,0x000000628f300000)]
  0x000001dd20d98000 JavaThread "jar transforms Thread 18" [_thread_blocked, id=3304, stack(0x000000628f300000,0x000000628f400000)]
  0x000001dd20d97800 JavaThread "jar transforms Thread 19" [_thread_blocked, id=5572, stack(0x000000628f400000,0x000000628f500000)]
  0x000001dd20d9e000 JavaThread "jar transforms Thread 20" [_thread_blocked, id=5580, stack(0x000000628f500000,0x000000628f600000)]
  0x000001dd20d9e800 JavaThread "jar transforms Thread 21" [_thread_blocked, id=2608, stack(0x000000628f600000,0x000000628f700000)]
  0x000001dd20d99000 JavaThread "jar transforms Thread 22" [_thread_blocked, id=11680, stack(0x000000628f700000,0x000000628f800000)]
  0x000001dd20da1000 JavaThread "jar transforms Thread 23" [_thread_blocked, id=2056, stack(0x000000628f800000,0x000000628f900000)]
  0x000001dd20d9f800 JavaThread "jar transforms Thread 24" [_thread_blocked, id=1416, stack(0x000000628f900000,0x000000628fa00000)]
  0x000001dd20da0800 JavaThread "jar transforms Thread 25" [_thread_blocked, id=2820, stack(0x000000628fa00000,0x000000628fb00000)]
  0x000001dd20da2000 JavaThread "jar transforms Thread 26" [_thread_blocked, id=3104, stack(0x000000628fb00000,0x000000628fc00000)]
  0x000001dd20d9c800 JavaThread "jar transforms Thread 27" [_thread_blocked, id=11948, stack(0x000000628fc00000,0x000000628fd00000)]
  0x000001dd20da3000 JavaThread "jar transforms Thread 28" [_thread_blocked, id=12172, stack(0x000000628fd00000,0x000000628fe00000)]
  0x000001dd20da3800 JavaThread "jar transforms Thread 29" [_thread_blocked, id=6248, stack(0x000000628fe00000,0x000000628ff00000)]
  0x000001dd20da4800 JavaThread "jar transforms Thread 30" [_thread_blocked, id=9192, stack(0x000000628ff00000,0x0000006290000000)]
  0x000001dd20da5800 JavaThread "jar transforms Thread 31" [_thread_blocked, id=2552, stack(0x0000006290000000,0x0000006290100000)]
  0x000001dd207ce000 JavaThread "jar transforms Thread 32" [_thread_blocked, id=12096, stack(0x0000006290100000,0x0000006290200000)]
  0x000001dd207cd000 JavaThread "jar transforms Thread 33" [_thread_blocked, id=11416, stack(0x0000006290200000,0x0000006290300000)]
  0x000001dd207ce800 JavaThread "jar transforms Thread 34" [_thread_blocked, id=11404, stack(0x0000006290300000,0x0000006290400000)]
  0x000001dd207cc000 JavaThread "jar transforms Thread 35" [_thread_blocked, id=11424, stack(0x0000006290400000,0x0000006290500000)]
  0x000001dd207cb800 JavaThread "jar transforms Thread 36" [_thread_blocked, id=5380, stack(0x0000006290500000,0x0000006290600000)]
  0x000001dd207cf800 JavaThread "jar transforms Thread 37" [_thread_blocked, id=6372, stack(0x0000006290600000,0x0000006290700000)]
  0x000001dd207d0000 JavaThread "jar transforms Thread 38" [_thread_blocked, id=10536, stack(0x0000006290700000,0x0000006290800000)]
  0x000001dd207ca800 JavaThread "jar transforms Thread 39" [_thread_blocked, id=9432, stack(0x0000006290800000,0x0000006290900000)]
  0x000001dd207d2000 JavaThread "jar transforms Thread 40" [_thread_blocked, id=2656, stack(0x0000006290900000,0x0000006290a00000)]
  0x000001dd207d2800 JavaThread "jar transforms Thread 41" [_thread_blocked, id=2832, stack(0x0000006290a00000,0x0000006290b00000)]
  0x000001dd207d6800 JavaThread "jar transforms Thread 42" [_thread_blocked, id=1148, stack(0x0000006290b00000,0x0000006290c00000)]
  0x000001dd207d6000 JavaThread "jar transforms Thread 43" [_thread_blocked, id=1804, stack(0x0000006290c00000,0x0000006290d00000)]
  0x000001dd207d3800 JavaThread "jar transforms Thread 44" [_thread_blocked, id=11272, stack(0x0000006290d00000,0x0000006290e00000)]
  0x000001dd207d1000 JavaThread "jar transforms Thread 45" [_thread_blocked, id=11776, stack(0x0000006290e00000,0x0000006290f00000)]
  0x000001dd207d7800 JavaThread "jar transforms Thread 46" [_thread_blocked, id=12244, stack(0x0000006290f00000,0x0000006291000000)]
  0x000001dd207d4800 JavaThread "jar transforms Thread 47" [_thread_blocked, id=11928, stack(0x0000006291000000,0x0000006291100000)]
  0x000001dd207d8800 JavaThread "jar transforms Thread 48" [_thread_blocked, id=11472, stack(0x0000006291100000,0x0000006291200000)]
  0x000001dd207d5000 JavaThread "jar transforms Thread 49" [_thread_blocked, id=10272, stack(0x0000006291200000,0x0000006291300000)]
  0x000001dd207d9000 JavaThread "jar transforms Thread 50" [_thread_blocked, id=12064, stack(0x0000006291300000,0x0000006291400000)]
  0x000001dd202b8000 JavaThread "jar transforms Thread 51" [_thread_blocked, id=3700, stack(0x0000006291400000,0x0000006291500000)]
  0x000001dd202b3000 JavaThread "jar transforms Thread 52" [_thread_blocked, id=12072, stack(0x0000006291500000,0x0000006291600000)]
  0x000001dd202b7800 JavaThread "jar transforms Thread 53" [_thread_blocked, id=12044, stack(0x0000006291600000,0x0000006291700000)]
  0x000001dd202b4000 JavaThread "jar transforms Thread 54" [_thread_blocked, id=12184, stack(0x0000006291700000,0x0000006291800000)]
  0x000001dd202b5000 JavaThread "jar transforms Thread 55" [_thread_blocked, id=9996, stack(0x0000006291800000,0x0000006291900000)]
  0x000001dd202b2800 JavaThread "jar transforms Thread 56" [_thread_blocked, id=11740, stack(0x0000006291900000,0x0000006291a00000)]
  0x000001dd202b9000 JavaThread "jar transforms Thread 57" [_thread_blocked, id=1728, stack(0x0000006291a00000,0x0000006291b00000)]
  0x000001dd202ba000 JavaThread "jar transforms Thread 58" [_thread_blocked, id=12012, stack(0x0000006291b00000,0x0000006291c00000)]
  0x000001dd202b5800 JavaThread "jar transforms Thread 59" [_thread_blocked, id=5960, stack(0x0000006291c00000,0x0000006291d00000)]
  0x000001dd202ba800 JavaThread "jar transforms Thread 60" [_thread_blocked, id=9824, stack(0x0000006291d00000,0x0000006291e00000)]
  0x000001dd202bc000 JavaThread "jar transforms Thread 61" [_thread_blocked, id=10084, stack(0x0000006291e00000,0x0000006291f00000)]
  0x000001dd202bb800 JavaThread "jar transforms Thread 62" [_thread_blocked, id=10132, stack(0x0000006291f00000,0x0000006292000000)]
  0x000001dd202b6800 JavaThread "jar transforms Thread 63" [_thread_blocked, id=6060, stack(0x0000006292000000,0x0000006292100000)]
  0x000001dd202c0800 JavaThread "jar transforms Thread 64" [_thread_blocked, id=184, stack(0x0000006292100000,0x0000006292200000)]
  0x000001dd202be000 JavaThread "jar transforms Thread 65" [_thread_blocked, id=12140, stack(0x0000006292200000,0x0000006292300000)]
  0x000001dd202bd000 JavaThread "jar transforms Thread 66" [_thread_blocked, id=8164, stack(0x0000006292300000,0x0000006292400000)]
  0x000001dd202be800 JavaThread "jar transforms Thread 67" [_thread_blocked, id=9508, stack(0x0000006292400000,0x0000006292500000)]
  0x000001dd202bf800 JavaThread "jar transforms Thread 68" [_thread_blocked, id=9044, stack(0x0000006292500000,0x0000006292600000)]
  0x000001dd202c1000 JavaThread "jar transforms Thread 69" [_thread_blocked, id=10392, stack(0x0000006292600000,0x0000006292700000)]
  0x000001dd22aeb800 JavaThread "jar transforms Thread 70" [_thread_blocked, id=2208, stack(0x0000006292700000,0x0000006292800000)]
  0x000001dd22aed800 JavaThread "jar transforms Thread 71" [_thread_blocked, id=11904, stack(0x0000006292800000,0x0000006292900000)]
  0x000001dd22aeb000 JavaThread "jar transforms Thread 72" [_thread_blocked, id=7832, stack(0x0000006292900000,0x0000006292a00000)]
  0x000001dd22aec800 JavaThread "jar transforms Thread 73" [_thread_blocked, id=3908, stack(0x0000006292a00000,0x0000006292b00000)]
  0x000001dd22ae9000 JavaThread "jar transforms Thread 74" [_thread_blocked, id=1184, stack(0x0000006292b00000,0x0000006292c00000)]
  0x000001dd22aea000 JavaThread "jar transforms Thread 75" [_thread_blocked, id=10780, stack(0x0000006292c00000,0x0000006292d00000)]
  0x000001dd22af4000 JavaThread "jar transforms Thread 76" [_thread_blocked, id=11860, stack(0x0000006292d00000,0x0000006292e00000)]
  0x000001dd22af0800 JavaThread "jar transforms Thread 77" [_thread_blocked, id=1376, stack(0x0000006292e00000,0x0000006292f00000)]
  0x000001dd22af2000 JavaThread "jar transforms Thread 78" [_thread_blocked, id=10076, stack(0x0000006292f00000,0x0000006293000000)]
  0x000001dd22aef000 JavaThread "jar transforms Thread 79" [_thread_blocked, id=12136, stack(0x0000006293000000,0x0000006293100000)]
  0x000001dd22aee000 JavaThread "jar transforms Thread 80" [_thread_blocked, id=3260, stack(0x0000006293100000,0x0000006293200000)]
  0x000001dd22aef800 JavaThread "jar transforms Thread 81" [_thread_blocked, id=11944, stack(0x0000006293200000,0x0000006293300000)]
  0x000001dd22af3000 JavaThread "jar transforms Thread 82" [_thread_blocked, id=7356, stack(0x0000006293300000,0x0000006293400000)]
  0x000001dd22af7000 JavaThread "jar transforms Thread 83" [_thread_blocked, id=8680, stack(0x0000006293400000,0x0000006293500000)]
  0x000001dd22af4800 JavaThread "jar transforms Thread 84" [_thread_blocked, id=8348, stack(0x0000006293500000,0x0000006293600000)]
  0x000001dd22af1800 JavaThread "jar transforms Thread 85" [_thread_blocked, id=5760, stack(0x0000006293600000,0x0000006293700000)]
  0x000001dd22af8000 JavaThread "jar transforms Thread 86" [_thread_blocked, id=5988, stack(0x0000006293700000,0x0000006293800000)]
  0x000001dd22af5800 JavaThread "jar transforms Thread 87" [_thread_blocked, id=9632, stack(0x0000006293800000,0x0000006293900000)]
  0x000001dd22af6800 JavaThread "jar transforms Thread 88" [_thread_blocked, id=2620, stack(0x0000006293900000,0x0000006293a00000)]
  0x000001dd208f2000 JavaThread "jar transforms Thread 89" [_thread_blocked, id=10336, stack(0x0000006293a00000,0x0000006293b00000)]
  0x000001dd208ec800 JavaThread "jar transforms Thread 90" [_thread_blocked, id=4836, stack(0x0000006293b00000,0x0000006293c00000)]
  0x000001dd208f0800 JavaThread "jar transforms Thread 91" [_thread_blocked, id=11172, stack(0x0000006293c00000,0x0000006293d00000)]
  0x000001dd208f3000 JavaThread "jar transforms Thread 92" [_thread_blocked, id=3372, stack(0x0000006293d00000,0x0000006293e00000)]
  0x000001dd208f1000 JavaThread "jar transforms Thread 93" [_thread_blocked, id=6892, stack(0x0000006293e00000,0x0000006293f00000)]
  0x000001dd208ee800 JavaThread "jar transforms Thread 94" [_thread_blocked, id=11184, stack(0x0000006293f00000,0x0000006294000000)]
  0x000001dd208ed000 JavaThread "jar transforms Thread 95" [_thread_blocked, id=3228, stack(0x0000006294000000,0x0000006294100000)]
  0x000001dd208f3800 JavaThread "jar transforms Thread 96" [_thread_blocked, id=6176, stack(0x0000006294100000,0x0000006294200000)]
  0x000001dd208ee000 JavaThread "jar transforms Thread 97" [_thread_blocked, id=4216, stack(0x0000006294200000,0x0000006294300000)]
  0x000001dd208f5800 JavaThread "Memory manager" [_thread_blocked, id=636, stack(0x0000006294300000,0x0000006294400000)]

Other Threads:
  0x000001dd1d9cf000 VMThread "VM Thread" [stack: 0x000000628bf00000,0x000000628c000000] [id=8864]
  0x000001dd1e4aa800 WatcherThread [stack: 0x000000628c900000,0x000000628ca00000] [id=9276]
  0x000001dd04483800 GCTaskThread "GC Thread#0" [stack: 0x000000628ba00000,0x000000628bb00000] [id=9888]
  0x000001dd1e733000 GCTaskThread "GC Thread#1" [stack: 0x000000628ca00000,0x000000628cb00000] [id=10028]
  0x000001dd044b2800 ConcurrentGCThread "G1 Main Marker" [stack: 0x000000628bb00000,0x000000628bc00000] [id=3036]
  0x000001dd044b5000 ConcurrentGCThread "G1 Conc#0" [stack: 0x000000628bc00000,0x000000628bd00000] [id=5948]
  0x000001dd04504000 ConcurrentGCThread "G1 Refine#0" [stack: 0x000000628bd00000,0x000000628be00000] [id=5592]
  0x000001dd04505000 ConcurrentGCThread "G1 Young RemSet Sampling" [stack: 0x000000628be00000,0x000000628bf00000] [id=1632]

Threads with active compile tasks:
C2 CompilerThread0  60245 6285 %     4       org.gradle.internal.instantiation.generator.AbstractClassGenerator::inspectType @ 107 (560 bytes)

VM state:not at safepoint (normal execution)

VM Mutex/Monitor currently owned by a thread: None

Heap address: 0x0000000080000000, size: 2048 MB, Compressed Oops mode: 32-bit
Narrow klass base: 0x0000000000000000, Narrow klass shift: 3
Compressed class space size: 1073741824 Address: 0x0000000100000000

Heap:
 garbage-first heap   total 95232K, used 55536K [0x0000000080000000, 0x0000000100000000)
  region size 1024K, 7 young (7168K), 4 survivors (4096K)
 Metaspace       used 72004K, capacity 73701K, committed 73892K, reserved 1114112K
  class space    used 9419K, capacity 10035K, committed 10112K, reserved 1048576K
Heap Regions: E=young(eden), S=young(survivor), O=old, HS=humongous(starts), HC=humongous(continues), CS=collection set, F=free, A=archive, TAMS=top-at-mark-start (previous, next)
|   0|0x0000000080000000, 0x0000000080100000, 0x0000000080100000|100%| O|  |TAMS 0x0000000080100000, 0x0000000080000000| Untracked 
|   1|0x0000000080100000, 0x0000000080200000, 0x0000000080200000|100%| O|  |TAMS 0x0000000080200000, 0x0000000080100000| Untracked 
|   2|0x0000000080200000, 0x0000000080300000, 0x0000000080300000|100%| O|  |TAMS 0x0000000080300000, 0x0000000080200000| Untracked 
|   3|0x0000000080300000, 0x0000000080400000, 0x0000000080400000|100%| O|  |TAMS 0x0000000080400000, 0x0000000080300000| Untracked 
|   4|0x0000000080400000, 0x0000000080500000, 0x0000000080500000|100%|HS|  |TAMS 0x0000000080500000, 0x0000000080400000| Complete 
|   5|0x0000000080500000, 0x0000000080600000, 0x0000000080600000|100%|HC|  |TAMS 0x0000000080600000, 0x0000000080500000| Complete 
|   6|0x0000000080600000, 0x0000000080700000, 0x0000000080700000|100%|HC|  |TAMS 0x0000000080700000, 0x0000000080600000| Complete 
|   7|0x0000000080700000, 0x0000000080800000, 0x0000000080800000|100%| O|  |TAMS 0x0000000080800000, 0x0000000080700000| Untracked 
|   8|0x0000000080800000, 0x0000000080900000, 0x0000000080900000|100%| O|  |TAMS 0x0000000080900000, 0x0000000080800000| Untracked 
|   9|0x0000000080900000, 0x0000000080a00000, 0x0000000080a00000|100%| O|  |TAMS 0x0000000080a00000, 0x0000000080900000| Untracked 
|  10|0x0000000080a00000, 0x0000000080b00000, 0x0000000080b00000|100%| O|  |TAMS 0x0000000080b00000, 0x0000000080a00000| Untracked 
|  11|0x0000000080b00000, 0x0000000080c00000, 0x0000000080c00000|100%| O|  |TAMS 0x0000000080c00000, 0x0000000080b00000| Untracked 
|  12|0x0000000080c00000, 0x0000000080d00000, 0x0000000080d00000|100%| O|  |TAMS 0x0000000080d00000, 0x0000000080c00000| Untracked 
|  13|0x0000000080d00000, 0x0000000080e00000, 0x0000000080e00000|100%| O|  |TAMS 0x0000000080e00000, 0x0000000080d00000| Untracked 
|  14|0x0000000080e00000, 0x0000000080f00000, 0x0000000080f00000|100%| O|  |TAMS 0x0000000080f00000, 0x0000000080e00000| Untracked 
|  15|0x0000000080f00000, 0x0000000081000000, 0x0000000081000000|100%| O|  |TAMS 0x0000000081000000, 0x0000000080f00000| Untracked 
|  16|0x0000000081000000, 0x0000000081100000, 0x0000000081100000|100%| O|  |TAMS 0x0000000081100000, 0x0000000081000000| Untracked 
|  17|0x0000000081100000, 0x0000000081200000, 0x0000000081200000|100%| O|  |TAMS 0x0000000081200000, 0x0000000081100000| Untracked 
|  18|0x0000000081200000, 0x0000000081300000, 0x0000000081300000|100%| O|  |TAMS 0x0000000081300000, 0x0000000081200000| Untracked 
|  19|0x0000000081300000, 0x0000000081400000, 0x0000000081400000|100%| O|  |TAMS 0x0000000081400000, 0x0000000081300000| Untracked 
|  20|0x0000000081400000, 0x0000000081500000, 0x0000000081500000|100%| O|  |TAMS 0x0000000081500000, 0x0000000081400000| Untracked 
|  21|0x0000000081500000, 0x0000000081600000, 0x0000000081600000|100%| O|  |TAMS 0x0000000081600000, 0x0000000081500000| Untracked 
|  22|0x0000000081600000, 0x0000000081700000, 0x0000000081700000|100%| O|  |TAMS 0x0000000081700000, 0x0000000081600000| Untracked 
|  23|0x0000000081700000, 0x0000000081800000, 0x0000000081800000|100%| O|  |TAMS 0x0000000081800000, 0x0000000081700000| Untracked 
|  24|0x0000000081800000, 0x0000000081900000, 0x0000000081900000|100%|HS|  |TAMS 0x0000000081900000, 0x0000000081800000| Complete 
|  25|0x0000000081900000, 0x0000000081a00000, 0x0000000081a00000|100%| O|  |TAMS 0x0000000081a00000, 0x0000000081900000| Untracked 
|  26|0x0000000081a00000, 0x0000000081b00000, 0x0000000081b00000|100%| O|  |TAMS 0x0000000081b00000, 0x0000000081a00000| Untracked 
|  27|0x0000000081b00000, 0x0000000081c00000, 0x0000000081c00000|100%|HS|  |TAMS 0x0000000081c00000, 0x0000000081b00000| Complete 
|  28|0x0000000081c00000, 0x0000000081d00000, 0x0000000081d00000|100%|HC|  |TAMS 0x0000000081d00000, 0x0000000081c00000| Complete 
|  29|0x0000000081d00000, 0x0000000081e00000, 0x0000000081e00000|100%| O|  |TAMS 0x0000000081e00000, 0x0000000081d00000| Untracked 
|  30|0x0000000081e00000, 0x0000000081f00000, 0x0000000081f00000|100%| O|  |TAMS 0x0000000081f00000, 0x0000000081e00000| Untracked 
|  31|0x0000000081f00000, 0x0000000082000000, 0x0000000082000000|100%| O|  |TAMS 0x0000000082000000, 0x0000000081f00000| Untracked 
|  32|0x0000000082000000, 0x0000000082100000, 0x0000000082100000|100%| O|  |TAMS 0x0000000082100000, 0x0000000082000000| Untracked 
|  33|0x0000000082100000, 0x0000000082200000, 0x0000000082200000|100%| O|  |TAMS 0x0000000082200000, 0x0000000082100000| Untracked 
|  34|0x0000000082200000, 0x0000000082300000, 0x0000000082300000|100%| O|  |TAMS 0x0000000082300000, 0x0000000082200000| Untracked 
|  35|0x0000000082300000, 0x0000000082400000, 0x0000000082400000|100%| O|  |TAMS 0x0000000082400000, 0x0000000082300000| Untracked 
|  36|0x0000000082400000, 0x0000000082500000, 0x0000000082500000|100%| O|  |TAMS 0x0000000082500000, 0x0000000082400000| Untracked 
|  37|0x0000000082500000, 0x0000000082600000, 0x0000000082600000|100%| O|  |TAMS 0x0000000082600000, 0x0000000082500000| Untracked 
|  38|0x0000000082600000, 0x0000000082700000, 0x0000000082700000|100%| O|  |TAMS 0x0000000082700000, 0x0000000082600000| Untracked 
|  39|0x0000000082700000, 0x0000000082800000, 0x0000000082800000|100%| O|  |TAMS 0x0000000082800000, 0x0000000082700000| Untracked 
|  40|0x0000000082800000, 0x0000000082900000, 0x0000000082900000|100%| O|  |TAMS 0x0000000082900000, 0x0000000082800000| Untracked 
|  41|0x0000000082900000, 0x0000000082a00000, 0x0000000082a00000|100%| O|  |TAMS 0x0000000082a00000, 0x0000000082900000| Untracked 
|  42|0x0000000082a00000, 0x0000000082b00000, 0x0000000082b00000|100%| O|  |TAMS 0x0000000082b00000, 0x0000000082a00000| Untracked 
|  43|0x0000000082b00000, 0x0000000082c00000, 0x0000000082c00000|100%| O|  |TAMS 0x0000000082c00000, 0x0000000082b00000| Untracked 
|  44|0x0000000082c00000, 0x0000000082d00000, 0x0000000082d00000|100%| O|  |TAMS 0x0000000082d00000, 0x0000000082c00000| Untracked 
|  45|0x0000000082d00000, 0x0000000082e00000, 0x0000000082e00000|100%| O|  |TAMS 0x0000000082e00000, 0x0000000082d00000| Untracked 
|  46|0x0000000082e00000, 0x0000000082f00000, 0x0000000082f00000|100%| O|  |TAMS 0x0000000082f00000, 0x0000000082e00000| Untracked 
|  47|0x0000000082f00000, 0x0000000083000000, 0x0000000083000000|100%| O|  |TAMS 0x0000000083000000, 0x0000000082f00000| Untracked 
|  48|0x0000000083000000, 0x0000000083100000, 0x0000000083100000|100%| O|  |TAMS 0x0000000083100000, 0x0000000083000000| Untracked 
|  49|0x0000000083100000, 0x0000000083100000, 0x0000000083200000|  0%| F|  |TAMS 0x0000000083100000, 0x0000000083100000| Untracked 
|  50|0x0000000083200000, 0x0000000083200000, 0x0000000083300000|  0%| F|  |TAMS 0x0000000083200000, 0x0000000083200000| Untracked 
|  51|0x0000000083300000, 0x0000000083300000, 0x0000000083400000|  0%| F|  |TAMS 0x0000000083300000, 0x0000000083300000| Untracked 
|  52|0x0000000083400000, 0x0000000083400000, 0x0000000083500000|  0%| F|  |TAMS 0x0000000083400000, 0x0000000083400000| Untracked 
|  53|0x0000000083500000, 0x0000000083500000, 0x0000000083600000|  0%| F|  |TAMS 0x0000000083500000, 0x0000000083500000| Untracked 
|  54|0x0000000083600000, 0x0000000083600000, 0x0000000083700000|  0%| F|  |TAMS 0x0000000083600000, 0x0000000083600000| Untracked 
|  55|0x0000000083700000, 0x0000000083700000, 0x0000000083800000|  0%| F|  |TAMS 0x0000000083700000, 0x0000000083700000| Untracked 
|  56|0x0000000083800000, 0x0000000083800000, 0x0000000083900000|  0%| F|  |TAMS 0x0000000083800000, 0x0000000083800000| Untracked 
|  57|0x0000000083900000, 0x0000000083900000, 0x0000000083a00000|  0%| F|  |TAMS 0x0000000083900000, 0x0000000083900000| Untracked 
|  58|0x0000000083a00000, 0x0000000083a00000, 0x0000000083b00000|  0%| F|  |TAMS 0x0000000083a00000, 0x0000000083a00000| Untracked 
|  59|0x0000000083b00000, 0x0000000083b00000, 0x0000000083c00000|  0%| F|  |TAMS 0x0000000083b00000, 0x0000000083b00000| Untracked 
|  60|0x0000000083c00000, 0x0000000083c00000, 0x0000000083d00000|  0%| F|  |TAMS 0x0000000083c00000, 0x0000000083c00000| Untracked 
|  61|0x0000000083d00000, 0x0000000083d00000, 0x0000000083e00000|  0%| F|  |TAMS 0x0000000083d00000, 0x0000000083d00000| Untracked 
|  62|0x0000000083e00000, 0x0000000083e00000, 0x0000000083f00000|  0%| F|  |TAMS 0x0000000083e00000, 0x0000000083e00000| Untracked 
|  63|0x0000000083f00000, 0x0000000083f3c300, 0x0000000084000000| 23%| S|CS|TAMS 0x0000000083f00000, 0x0000000083f00000| Complete 
|  64|0x0000000084000000, 0x0000000084100000, 0x0000000084100000|100%| S|CS|TAMS 0x0000000084000000, 0x0000000084000000| Complete 
|  65|0x0000000084100000, 0x0000000084200000, 0x0000000084200000|100%| S|CS|TAMS 0x0000000084100000, 0x0000000084100000| Complete 
|  66|0x0000000084200000, 0x0000000084200000, 0x0000000084300000|  0%| F|  |TAMS 0x0000000084200000, 0x0000000084200000| Untracked 
|  67|0x0000000084300000, 0x0000000084300000, 0x0000000084400000|  0%| F|  |TAMS 0x0000000084300000, 0x0000000084300000| Untracked 
|  68|0x0000000084400000, 0x0000000084400000, 0x0000000084500000|  0%| F|  |TAMS 0x0000000084400000, 0x0000000084400000| Untracked 
|  69|0x0000000084500000, 0x0000000084600000, 0x0000000084600000|100%| S|CS|TAMS 0x0000000084500000, 0x0000000084500000| Complete 
|  70|0x0000000084600000, 0x0000000084600000, 0x0000000084700000|  0%| F|  |TAMS 0x0000000084600000, 0x0000000084600000| Untracked 
|  71|0x0000000084700000, 0x0000000084700000, 0x0000000084800000|  0%| F|  |TAMS 0x0000000084700000, 0x0000000084700000| Untracked 
|  72|0x0000000084800000, 0x0000000084800000, 0x0000000084900000|  0%| F|  |TAMS 0x0000000084800000, 0x0000000084800000| Untracked 
|  73|0x0000000084900000, 0x0000000084900000, 0x0000000084a00000|  0%| F|  |TAMS 0x0000000084900000, 0x0000000084900000| Untracked 
|  74|0x0000000084a00000, 0x0000000084a00000, 0x0000000084b00000|  0%| F|  |TAMS 0x0000000084a00000, 0x0000000084a00000| Untracked 
|  75|0x0000000084b00000, 0x0000000084b00000, 0x0000000084c00000|  0%| F|  |TAMS 0x0000000084b00000, 0x0000000084b00000| Untracked 
|  76|0x0000000084c00000, 0x0000000084c00000, 0x0000000084d00000|  0%| F|  |TAMS 0x0000000084c00000, 0x0000000084c00000| Untracked 
|  77|0x0000000084d00000, 0x0000000084d00000, 0x0000000084e00000|  0%| F|  |TAMS 0x0000000084d00000, 0x0000000084d00000| Untracked 
|  78|0x0000000084e00000, 0x0000000084e00000, 0x0000000084f00000|  0%| F|  |TAMS 0x0000000084e00000, 0x0000000084e00000| Untracked 
|  79|0x0000000084f00000, 0x0000000084f00000, 0x0000000085000000|  0%| F|  |TAMS 0x0000000084f00000, 0x0000000084f00000| Untracked 
|  80|0x0000000085000000, 0x0000000085000000, 0x0000000085100000|  0%| F|  |TAMS 0x0000000085000000, 0x0000000085000000| Untracked 
|  81|0x0000000085100000, 0x0000000085100000, 0x0000000085200000|  0%| F|  |TAMS 0x0000000085100000, 0x0000000085100000| Untracked 
|  82|0x0000000085200000, 0x0000000085200000, 0x0000000085300000|  0%| F|  |TAMS 0x0000000085200000, 0x0000000085200000| Untracked 
|  83|0x0000000085300000, 0x0000000085300000, 0x0000000085400000|  0%| F|  |TAMS 0x0000000085300000, 0x0000000085300000| Untracked 
|  84|0x0000000085400000, 0x0000000085400000, 0x0000000085500000|  0%| F|  |TAMS 0x0000000085400000, 0x0000000085400000| Untracked 
|  85|0x0000000085500000, 0x0000000085500000, 0x0000000085600000|  0%| F|  |TAMS 0x0000000085500000, 0x0000000085500000| Untracked 
|  86|0x0000000085600000, 0x0000000085600000, 0x0000000085700000|  0%| F|  |TAMS 0x0000000085600000, 0x0000000085600000| Untracked 
|  87|0x0000000085700000, 0x0000000085700000, 0x0000000085800000|  0%| F|  |TAMS 0x0000000085700000, 0x0000000085700000| Untracked 
|  88|0x0000000085800000, 0x0000000085800000, 0x0000000085900000|  0%| F|  |TAMS 0x0000000085800000, 0x0000000085800000| Untracked 
|  89|0x0000000085900000, 0x0000000085900000, 0x0000000085a00000|  0%| F|  |TAMS 0x0000000085900000, 0x0000000085900000| Untracked 
|  90|0x0000000085a00000, 0x0000000085a86858, 0x0000000085b00000| 52%| E|  |TAMS 0x0000000085a00000, 0x0000000085a00000| Complete 
|  91|0x0000000085b00000, 0x0000000085c00000, 0x0000000085c00000|100%| E|CS|TAMS 0x0000000085b00000, 0x0000000085b00000| Complete 
|  92|0x0000000085c00000, 0x0000000085d00000, 0x0000000085d00000|100%| E|CS|TAMS 0x0000000085c00000, 0x0000000085c00000| Complete 

Card table byte_map: [0x000001dd16de0000,0x000001dd171e0000] _byte_map_base: 0x000001dd169e0000

Marking Bits (Prev, Next): (CMBitMap*) 0x000001dd044a9e58, (CMBitMap*) 0x000001dd044a9e90
 Prev Bits: [0x000001dd175e0000, 0x000001dd195e0000)
 Next Bits: [0x000001dd195e0000, 0x000001dd1b5e0000)

Polling page: 0x000001dd02330000

Metaspace:

Usage:
  Non-class:     62.17 MB capacity,    61.12 MB ( 98%) used,   918.36 KB (  1%) free+waste,   162.00 KB ( <1%) overhead. 
      Class:      9.80 MB capacity,     9.20 MB ( 94%) used,   540.59 KB (  5%) free+waste,    75.31 KB ( <1%) overhead. 
       Both:     71.97 MB capacity,    70.32 MB ( 98%) used,     1.42 MB (  2%) free+waste,   237.31 KB ( <1%) overhead. 

Virtual space:
  Non-class space:       64.00 MB reserved,      62.29 MB ( 97%) committed 
      Class space:        1.00 GB reserved,       9.88 MB ( <1%) committed 
             Both:        1.06 GB reserved,      72.16 MB (  7%) committed 

Chunk freelists:
   Non-Class:  50.00 KB
       Class:  13.00 KB
        Both:  63.00 KB

MaxMetaspaceSize: 17179869184.00 GB
CompressedClassSpaceSize: 1.00 GB

CodeHeap 'non-profiled nmethods': size=120064Kb used=3224Kb max_used=3224Kb free=116839Kb
 bounds [0x000001dd0f8a0000, 0x000001dd0fbd0000, 0x000001dd16de0000]
CodeHeap 'profiled nmethods': size=120000Kb used=13713Kb max_used=13713Kb free=106286Kb
 bounds [0x000001dd08370000, 0x000001dd090e0000, 0x000001dd0f8a0000]
CodeHeap 'non-nmethods': size=5696Kb used=2229Kb max_used=2262Kb free=3466Kb
 bounds [0x000001dd07de0000, 0x000001dd08050000, 0x000001dd08370000]
 total_blobs=7133 nmethods=6310 adapters=735
 compilation: enabled
              stopped_count=0, restarted_count=0
 full_count=0

Compilation events (20 events):
Event: 59.532 Thread 0x000001dd1da36800 6525       2       org.gradle.api.internal.tasks.DefaultTaskDependency::getMutableValues (24 bytes)
Event: 59.533 Thread 0x000001dd1da36800 nmethod 6525 0x000001dd090c1590 code [0x000001dd090c1760, 0x000001dd090c1a98]
Event: 59.534 Thread 0x000001dd1da36800 6526       2       org.gradle.internal.graph.CachingDirectedGraphWalker::doSearch (659 bytes)
Event: 59.543 Thread 0x000001dd1da36800 nmethod 6526 0x000001dd090c1b90 code [0x000001dd090c20c0, 0x000001dd090c3a78]
Event: 59.544 Thread 0x000001dd1da36800 6527       1       org.gradle.execution.plan.LocalTaskNode::getTask (5 bytes)
Event: 59.544 Thread 0x000001dd1da36800 nmethod 6527 0x000001dd0fbc3a10 code [0x000001dd0fbc3bc0, 0x000001dd0fbc3c78]
Event: 59.549 Thread 0x000001dd1da36800 6528       2       com.google.common.collect.LinkedHashMultimap::create (11 bytes)
Event: 59.549 Thread 0x000001dd1da36800 nmethod 6528 0x000001dd090c4b90 code [0x000001dd090c4d40, 0x000001dd090c4ea8]
Event: 59.549 Thread 0x000001dd1da36800 6529       2       com.google.common.collect.Platform::newLinkedHashMapWithExpectedSize (5 bytes)
Event: 59.550 Thread 0x000001dd1da36800 nmethod 6529 0x000001dd090c4f90 code [0x000001dd090c5160, 0x000001dd090c52e8]
Event: 59.550 Thread 0x000001dd1da36800 6530       2       com.google.common.collect.LinkedHashMultimapGwtSerializationDependencies::<init> (6 bytes)
Event: 59.551 Thread 0x000001dd1da36800 nmethod 6530 0x000001dd090c5410 code [0x000001dd090c55e0, 0x000001dd090c5838]
Event: 59.564 Thread 0x000001dd1da36800 6531       2       java.util.TreeSet::<init> (12 bytes)
Event: 59.565 Thread 0x000001dd1da36800 nmethod 6531 0x000001dd090c5990 code [0x000001dd090c5b40, 0x000001dd090c5cf8]
Event: 59.565 Thread 0x000001dd1da36800 6532       2       org.gradle.internal.service.DefaultServiceRegistry::get (10 bytes)
Event: 59.566 Thread 0x000001dd1da36800 nmethod 6532 0x000001dd090c5d90 code [0x000001dd090c5f60, 0x000001dd090c6188]
Event: 59.579 Thread 0x000001dd1da36800 6533       2       java.lang.Integer::formatUnsignedInt (44 bytes)
Event: 59.579 Thread 0x000001dd1da36800 nmethod 6533 0x000001dd090c6310 code [0x000001dd090c64c0, 0x000001dd090c6698]
Event: 59.728 Thread 0x000001dd1da36800 6535       2       java.lang.invoke.MethodHandles$Lookup::<init> (12 bytes)
Event: 59.729 Thread 0x000001dd1da36800 nmethod 6535 0x000001dd090c6810 code [0x000001dd090c69c0, 0x000001dd090c6b28]

GC Heap History (20 events):
Event: 40.122 GC heap before
{Heap before GC invocations=16 (full 0):
 garbage-first heap   total 95232K, used 68455K [0x0000000080000000, 0x0000000100000000)
  region size 1024K, 39 young (39936K), 5 survivors (5120K)
 Metaspace       used 48665K, capacity 49794K, committed 50044K, reserved 1093632K
  class space    used 6157K, capacity 6552K, committed 6656K, reserved 1048576K
}
Event: 40.148 GC heap after
{Heap after GC invocations=17 (full 0):
 garbage-first heap   total 95232K, used 38496K [0x0000000080000000, 0x0000000100000000)
  region size 1024K, 4 young (4096K), 4 survivors (4096K)
 Metaspace       used 48665K, capacity 49794K, committed 50044K, reserved 1093632K
  class space    used 6157K, capacity 6552K, committed 6656K, reserved 1048576K
}
Event: 43.787 GC heap before
{Heap before GC invocations=17 (full 0):
 garbage-first heap   total 95232K, used 71264K [0x0000000080000000, 0x0000000100000000)
  region size 1024K, 36 young (36864K), 4 survivors (4096K)
 Metaspace       used 53275K, capacity 54457K, committed 54652K, reserved 1097728K
  class space    used 6716K, capacity 7141K, committed 7168K, reserved 1048576K
}
Event: 43.806 GC heap after
{Heap after GC invocations=18 (full 0):
 garbage-first heap   total 95232K, used 40004K [0x0000000080000000, 0x0000000100000000)
  region size 1024K, 2 young (2048K), 2 survivors (2048K)
 Metaspace       used 53275K, capacity 54457K, committed 54652K, reserved 1097728K
  class space    used 6716K, capacity 7141K, committed 7168K, reserved 1048576K
}
Event: 46.103 GC heap before
{Heap before GC invocations=18 (full 0):
 garbage-first heap   total 95232K, used 72772K [0x0000000080000000, 0x0000000100000000)
  region size 1024K, 34 young (34816K), 2 survivors (2048K)
 Metaspace       used 57181K, capacity 58490K, committed 58620K, reserved 1099776K
  class space    used 7247K, capacity 7691K, committed 7808K, reserved 1048576K
}
Event: 46.124 GC heap after
{Heap after GC invocations=19 (full 0):
 garbage-first heap   total 95232K, used 42800K [0x0000000080000000, 0x0000000100000000)
  region size 1024K, 4 young (4096K), 4 survivors (4096K)
 Metaspace       used 57181K, capacity 58490K, committed 58620K, reserved 1099776K
  class space    used 7247K, capacity 7691K, committed 7808K, reserved 1048576K
}
Event: 47.217 GC heap before
{Heap before GC invocations=19 (full 0):
 garbage-first heap   total 95232K, used 54064K [0x0000000080000000, 0x0000000100000000)
  region size 1024K, 16 young (16384K), 4 survivors (4096K)
 Metaspace       used 58418K, capacity 59784K, committed 59940K, reserved 1101824K
  class space    used 7383K, capacity 7863K, committed 7936K, reserved 1048576K
}
Event: 47.240 GC heap after
{Heap after GC invocations=20 (full 0):
 garbage-first heap   total 95232K, used 43729K [0x0000000080000000, 0x0000000100000000)
  region size 1024K, 1 young (1024K), 1 survivors (1024K)
 Metaspace       used 58418K, capacity 59784K, committed 59940K, reserved 1101824K
  class space    used 7383K, capacity 7863K, committed 7936K, reserved 1048576K
}
Event: 49.857 GC heap before
{Heap before GC invocations=21 (full 0):
 garbage-first heap   total 95232K, used 68305K [0x0000000080000000, 0x0000000100000000)
  region size 1024K, 24 young (24576K), 1 survivors (1024K)
 Metaspace       used 59464K, capacity 60954K, committed 61092K, reserved 1101824K
  class space    used 7531K, capacity 8035K, committed 8064K, reserved 1048576K
}
Event: 49.877 GC heap after
{Heap after GC invocations=22 (full 0):
 garbage-first heap   total 95232K, used 45666K [0x0000000080000000, 0x0000000100000000)
  region size 1024K, 3 young (3072K), 3 survivors (3072K)
 Metaspace       used 59464K, capacity 60954K, committed 61092K, reserved 1101824K
  class space    used 7531K, capacity 8035K, committed 8064K, reserved 1048576K
}
Event: 51.927 GC heap before
{Heap before GC invocations=22 (full 0):
 garbage-first heap   total 95232K, used 69218K [0x0000000080000000, 0x0000000100000000)
  region size 1024K, 26 young (26624K), 3 survivors (3072K)
 Metaspace       used 61595K, capacity 63078K, committed 63268K, reserved 1103872K
  class space    used 7822K, capacity 8357K, committed 8448K, reserved 1048576K
}
Event: 51.951 GC heap after
{Heap after GC invocations=23 (full 0):
 garbage-first heap   total 95232K, used 47442K [0x0000000080000000, 0x0000000100000000)
  region size 1024K, 4 young (4096K), 4 survivors (4096K)
 Metaspace       used 61595K, capacity 63078K, committed 63268K, reserved 1103872K
  class space    used 7822K, capacity 8357K, committed 8448K, reserved 1048576K
}
Event: 53.897 GC heap before
{Heap before GC invocations=24 (full 0):
 garbage-first heap   total 95232K, used 70994K [0x0000000080000000, 0x0000000100000000)
  region size 1024K, 27 young (27648K), 4 survivors (4096K)
 Metaspace       used 64532K, capacity 65966K, committed 66084K, reserved 1105920K
  class space    used 8352K, capacity 8891K, committed 8960K, reserved 1048576K
}
Event: 53.922 GC heap after
{Heap after GC invocations=25 (full 0):
 garbage-first heap   total 95232K, used 49107K [0x0000000080000000, 0x0000000100000000)
  region size 1024K, 4 young (4096K), 4 survivors (4096K)
 Metaspace       used 64532K, capacity 65966K, committed 66084K, reserved 1105920K
  class space    used 8352K, capacity 8891K, committed 8960K, reserved 1048576K
}
Event: 55.913 GC heap before
{Heap before GC invocations=25 (full 0):
 garbage-first heap   total 95232K, used 72659K [0x0000000080000000, 0x0000000100000000)
  region size 1024K, 27 young (27648K), 4 survivors (4096K)
 Metaspace       used 67028K, capacity 68565K, committed 68772K, reserved 1110016K
  class space    used 8722K, capacity 9261K, committed 9344K, reserved 1048576K
}
Event: 55.937 GC heap after
{Heap after GC invocations=26 (full 0):
 garbage-first heap   total 95232K, used 50368K [0x0000000080000000, 0x0000000100000000)
  region size 1024K, 3 young (3072K), 3 survivors (3072K)
 Metaspace       used 67028K, capacity 68565K, committed 68772K, reserved 1110016K
  class space    used 8722K, capacity 9261K, committed 9344K, reserved 1048576K
}
Event: 58.235 GC heap before
{Heap before GC invocations=27 (full 0):
 garbage-first heap   total 95232K, used 73920K [0x0000000080000000, 0x0000000100000000)
  region size 1024K, 26 young (26624K), 3 survivors (3072K)
 Metaspace       used 70278K, capacity 71859K, committed 72100K, reserved 1112064K
  class space    used 9184K, capacity 9750K, committed 9856K, reserved 1048576K
}
Event: 58.261 GC heap after
{Heap after GC invocations=28 (full 0):
 garbage-first heap   total 95232K, used 51614K [0x0000000080000000, 0x0000000100000000)
  region size 1024K, 3 young (3072K), 3 survivors (3072K)
 Metaspace       used 70278K, capacity 71859K, committed 72100K, reserved 1112064K
  class space    used 9184K, capacity 9750K, committed 9856K, reserved 1048576K
}
Event: 59.606 GC heap before
{Heap before GC invocations=28 (full 0):
 garbage-first heap   total 95232K, used 75166K [0x0000000080000000, 0x0000000100000000)
  region size 1024K, 26 young (26624K), 3 survivors (3072K)
 Metaspace       used 71777K, capacity 73366K, committed 73508K, reserved 1114112K
  class space    used 9385K, capacity 9966K, committed 9984K, reserved 1048576K
}
Event: 59.631 GC heap after
{Heap after GC invocations=29 (full 0):
 garbage-first heap   total 95232K, used 53488K [0x0000000080000000, 0x0000000100000000)
  region size 1024K, 4 young (4096K), 4 survivors (4096K)
 Metaspace       used 71777K, capacity 73366K, committed 73508K, reserved 1114112K
  class space    used 9385K, capacity 9966K, committed 9984K, reserved 1048576K
}

Deoptimization events (20 events):
Event: 58.401 Thread 0x000001dd1f55c000 DEOPT PACKING pc=0x000001dd0fa51180 sp=0x000000628d2f8240
Event: 58.401 Thread 0x000001dd1f55c000 DEOPT UNPACKING pc=0x000001dd07e069aa sp=0x000000628d2f8158 mode 2
Event: 58.401 Thread 0x000001dd1f55c000 Uncommon trap: trap_request=0xffffff4d fr.pc=0x000001dd0fa379f4 relative=0x0000000000000674
Event: 58.402 Thread 0x000001dd1f55c000 Uncommon trap: reason=unstable_if action=reinterpret pc=0x000001dd0fa379f4 method=java.util.HashMap.putVal(ILjava/lang/Object;Ljava/lang/Object;ZZ)Ljava/lang/Object; @ 109 c2
Event: 58.402 Thread 0x000001dd1f55c000 DEOPT PACKING pc=0x000001dd0fa379f4 sp=0x000000628d2f8190
Event: 58.402 Thread 0x000001dd1f55c000 DEOPT UNPACKING pc=0x000001dd07e069aa sp=0x000000628d2f8148 mode 2
Event: 58.603 Thread 0x000001dd1f55c000 DEOPT PACKING pc=0x000001dd08e0472d sp=0x000000628d2f84c0
Event: 58.603 Thread 0x000001dd1f55c000 DEOPT UNPACKING pc=0x000001dd07e067c0 sp=0x000000628d2f7a60 mode 0
Event: 59.078 Thread 0x000001dd1f55c000 DEOPT PACKING pc=0x000001dd090622e0 sp=0x000000628d2f91a0
Event: 59.078 Thread 0x000001dd1f55c000 DEOPT UNPACKING pc=0x000001dd07e067c0 sp=0x000000628d2f86b8 mode 0
Event: 59.163 Thread 0x000001dd1f55c000 DEOPT PACKING pc=0x000001dd08a247f9 sp=0x000000628d2fa510
Event: 59.163 Thread 0x000001dd1f55c000 DEOPT UNPACKING pc=0x000001dd07e067c0 sp=0x000000628d2f99c8 mode 0
Event: 59.279 Thread 0x000001dd1f55c000 DEOPT PACKING pc=0x000001dd08e2006c sp=0x000000628d2f94e0
Event: 59.279 Thread 0x000001dd1f55c000 DEOPT UNPACKING pc=0x000001dd07e067c0 sp=0x000000628d2f89d8 mode 0
Event: 59.322 Thread 0x000001dd1f55c000 DEOPT PACKING pc=0x000001dd0907c63e sp=0x000000628d2f98a0
Event: 59.322 Thread 0x000001dd1f55c000 DEOPT UNPACKING pc=0x000001dd07e067c0 sp=0x000000628d2f8e00 mode 0
Event: 59.368 Thread 0x000001dd1f55c000 DEOPT PACKING pc=0x000001dd08e0472d sp=0x000000628d2f95c0
Event: 59.368 Thread 0x000001dd1f55c000 DEOPT UNPACKING pc=0x000001dd07e067c0 sp=0x000000628d2f8b60 mode 0
Event: 59.582 Thread 0x000001dd1f55c000 DEOPT PACKING pc=0x000001dd090622e0 sp=0x000000628d2f92a0
Event: 59.582 Thread 0x000001dd1f55c000 DEOPT UNPACKING pc=0x000001dd07e067c0 sp=0x000000628d2f87b8 mode 0

Classes redefined (0 events):
No events

Internal exceptions (20 events):
Event: 50.083 Thread 0x000001dd1f55c000 Exception <a 'java/lang/ClassNotFoundException'{0x00000000858d1300}: java/lang/EnumBeanInfo> (0x00000000858d1300) thrown at [./src/hotspot/share/classfile/systemDictionary.cpp, line 231]
Event: 50.084 Thread 0x000001dd1f55c000 Exception <a 'java/lang/ClassNotFoundException'{0x00000000858dc828}: java/lang/EnumCustomizer> (0x00000000858dc828) thrown at [./src/hotspot/share/classfile/systemDictionary.cpp, line 231]
Event: 50.089 Thread 0x000001dd1f55c000 Exception <a 'java/lang/ClassNotFoundException'{0x0000000085708130}: org/gradle/api/JavaVersionCustomizer> (0x0000000085708130) thrown at [./src/hotspot/share/classfile/systemDictionary.cpp, line 231]
Event: 50.114 Thread 0x000001dd1f55c000 Exception <a 'java/lang/ClassNotFoundException'{0x0000000085757228}: com/android/build/gradle/internal/CompileOptions_DecoratedBeanInfo> (0x0000000085757228) thrown at [./src/hotspot/share/classfile/systemDictionary.cpp, line 231]
Event: 50.116 Thread 0x000001dd1f55c000 Exception <a 'java/lang/ClassNotFoundException'{0x000000008576d8d0}: com/android/build/gradle/internal/CompileOptionsBeanInfo> (0x000000008576d8d0) thrown at [./src/hotspot/share/classfile/systemDictionary.cpp, line 231]
Event: 50.117 Thread 0x000001dd1f55c000 Exception <a 'java/lang/ClassNotFoundException'{0x0000000085784800}: com/android/build/gradle/internal/CompileOptionsCustomizer> (0x0000000085784800) thrown at [./src/hotspot/share/classfile/systemDictionary.cpp, line 231]
Event: 50.120 Thread 0x000001dd1f55c000 Exception <a 'java/lang/ClassNotFoundException'{0x00000000857a7c00}: com/android/build/gradle/internal/CompileOptions_DecoratedCustomizer> (0x00000000857a7c00) thrown at [./src/hotspot/share/classfile/systemDictionary.cpp, line 231]
Event: 53.885 Thread 0x000001dd1f55c000 Exception <a 'java/lang/ClassNotFoundException'{0x000000008467c700}: com/android/build/gradle/internal/api/ApkVariantOutputImpl_DecoratedBeanInfo> (0x000000008467c700) thrown at [./src/hotspot/share/classfile/systemDictionary.cpp, line 231]
Event: 53.887 Thread 0x000001dd1f55c000 Exception <a 'java/lang/ClassNotFoundException'{0x0000000084692948}: com/android/build/gradle/internal/api/ApkVariantOutputImplBeanInfo> (0x0000000084692948) thrown at [./src/hotspot/share/classfile/systemDictionary.cpp, line 231]
Event: 53.889 Thread 0x000001dd1f55c000 Exception <a 'java/lang/ClassNotFoundException'{0x00000000846a91c8}: com/android/build/gradle/internal/api/BaseVariantOutputImplBeanInfo> (0x00000000846a91c8) thrown at [./src/hotspot/share/classfile/systemDictionary.cpp, line 231]
Event: 53.892 Thread 0x000001dd1f55c000 Exception <a 'java/lang/ClassNotFoundException'{0x00000000846bfa70}: com/android/build/gradle/internal/api/BaseVariantOutputImplCustomizer> (0x00000000846bfa70) thrown at [./src/hotspot/share/classfile/systemDictionary.cpp, line 231]
Event: 53.895 Thread 0x000001dd1f55c000 Exception <a 'java/lang/ClassNotFoundException'{0x00000000846e8c40}: com/android/build/gradle/internal/api/ApkVariantOutputImplCustomizer> (0x00000000846e8c40) thrown at [./src/hotspot/share/classfile/systemDictionary.cpp, line 231]
Event: 53.924 Thread 0x000001dd1f55c000 Exception <a 'java/lang/ClassNotFoundException'{0x0000000085c0e068}: com/android/build/gradle/internal/api/ApkVariantOutputImpl_DecoratedCustomizer> (0x0000000085c0e068) thrown at [./src/hotspot/share/classfile/systemDictionary.cpp, line 231]
Event: 55.212 Thread 0x000001dd1f55c000 Exception <a 'sun/nio/fs/WindowsException'{0x0000000084d53428}> (0x0000000084d53428) thrown at [./src/hotspot/share/prims/jni.cpp, line 615]
Event: 56.277 Thread 0x000001dd1f55c000 Exception <a 'java/lang/NullPointerException'{0x0000000085cbb700}> (0x0000000085cbb700) thrown at [./src/hotspot/share/interpreter/linkResolver.cpp, line 1440]
Event: 56.704 Thread 0x000001dd1f55c000 Implicit null exception at 0x000001dd0fb93591 to 0x000001dd0fb93be4
Event: 57.445 Thread 0x000001dd1f55c000 Exception <a 'java/lang/NoSuchMethodError'{0x0000000084d9e780}: 'int java.lang.invoke.DirectMethodHandle$Holder.invokeStatic(java.lang.Object, java.lang.Object, int, java.lang.Object)'> (0x0000000084d9e780) thrown at [./src/hotspot/share/interpreter/linkResolver.cpp, line 773]
Event: 57.447 Thread 0x000001dd1f55c000 Exception <a 'java/lang/NoSuchMethodError'{0x0000000084da5628}: 'java.lang.Object java.lang.invoke.Invokers$Holder.linkToTargetMethod(java.lang.Object, int, java.lang.Object)'> (0x0000000084da5628) thrown at [./src/hotspot/share/interpreter/linkResolver.cpp, line 773]
Event: 58.886 Thread 0x000001dd1f55c000 Exception <a 'java/lang/NoSuchMethodError'{0x0000000085243f50}: 'void java.lang.invoke.DirectMethodHandle$Holder.invokeStatic(java.lang.Object, java.lang.Object, java.lang.Object, java.lang.Object, java.lang.Object, java.lang.Object, java.lang.Object)'> (0x0000000085243f50) thrown at [./src/hotspot/share/interpreter/linkResolver.cpp, line 773]
Event: 58.984 Thread 0x000001dd1f55c000 Exception <a 'java/lang/NoSuchMethodError'{0x0000000085025598}: 'java.lang.Object java.lang.invoke.Invokers$Holder.linkToTargetMethod(java.lang.Object, int, int, java.lang.Object)'> (0x0000000085025598) thrown at [./src/hotspot/share/interpreter/linkResolver.cpp, line 773]

Events (20 events):
Event: 59.572 loading class com/android/build/gradle/internal/tasks/DexParameterInputs
Event: 59.572 loading class com/android/build/gradle/internal/tasks/DexParameterInputs done
Event: 59.574 loading class com/android/build/gradle/internal/tasks/DxDexParameterInputs
Event: 59.574 loading class com/android/build/gradle/internal/tasks/DxDexParameterInputs done
Event: 59.577 loading class org/gradle/api/tasks/LocalState
Event: 59.577 loading class org/gradle/api/tasks/LocalState done
Event: 59.592 loading class com/android/build/gradle/internal/tasks/DexArchiveBuilderTask$CreationAction$configure$1
Event: 59.592 loading class com/android/build/gradle/internal/tasks/DexArchiveBuilderTask$CreationAction$configure$1 done
Event: 59.593 loading class com/android/build/gradle/internal/dexing/DexParameters
Event: 59.593 loading class com/android/build/gradle/internal/dexing/DexParameters done
Event: 59.606 Executing VM operation: G1CollectForAllocation
Event: 59.631 Executing VM operation: G1CollectForAllocation done
Event: 59.715 loading class com/android/build/gradle/internal/dexing/DxDexParameters
Event: 59.715 loading class com/android/build/gradle/internal/dexing/DxDexParameters done
Event: 59.730 loading class com/android/build/gradle/internal/tasks/DexArchiveBuilderTask$CreationAction$configure$2
Event: 59.730 loading class com/android/build/gradle/internal/tasks/DexArchiveBuilderTask$CreationAction$configure$2 done
Event: 59.732 loading class com/android/build/gradle/internal/tasks/DexArchiveBuilderTask$CreationAction$configure$3
Event: 59.732 loading class com/android/build/gradle/internal/tasks/DexArchiveBuilderTask$CreationAction$configure$3 done
Event: 59.733 loading class com/android/build/gradle/internal/tasks/DexArchiveBuilderTask$CreationAction$configure$4
Event: 59.733 loading class com/android/build/gradle/internal/tasks/DexArchiveBuilderTask$CreationAction$configure$4 done


Dynamic libraries:
0x00007ff60c020000 - 0x00007ff60c02a000 	C:\Program Files\Android\Android Studio\jre\bin\java.exe
0x00007ffc55a80000 - 0x00007ffc55c61000 	C:\Windows\SYSTEM32\ntdll.dll
0x00007ffc55690000 - 0x00007ffc55742000 	C:\Windows\System32\KERNEL32.DLL
0x00007ffc51e50000 - 0x00007ffc520c3000 	C:\Windows\System32\KERNELBASE.dll
0x00007ffc524c0000 - 0x00007ffc525ba000 	C:\Windows\System32\ucrtbase.dll
0x00007ffc49ca0000 - 0x00007ffc49cb9000 	C:\Program Files\Android\Android Studio\jre\bin\jli.dll
0x00007ffc534b0000 - 0x00007ffc53640000 	C:\Windows\System32\USER32.dll
0x00007ffc52ef0000 - 0x00007ffc52f10000 	C:\Windows\System32\win32u.dll
0x00007ffc53640000 - 0x00007ffc53668000 	C:\Windows\System32\GDI32.dll
0x00007ffc52320000 - 0x00007ffc524b2000 	C:\Windows\System32\gdi32full.dll
0x00007ffc52d20000 - 0x00007ffc52dbf000 	C:\Windows\System32\msvcp_win.dll
0x00007ffc48b70000 - 0x00007ffc48b87000 	C:\Program Files\Android\Android Studio\jre\bin\VCRUNTIME140.dll
0x00007ffc44c40000 - 0x00007ffc44ea9000 	C:\Windows\WinSxS\amd64_microsoft.windows.common-controls_6595b64144ccf1df_6.0.17133.73_none_b4b127863cb5b9c7\COMCTL32.dll
0x00007ffc55260000 - 0x00007ffc552fe000 	C:\Windows\System32\msvcrt.dll
0x00007ffc53010000 - 0x00007ffc53333000 	C:\Windows\System32\combase.dll
0x00007ffc55860000 - 0x00007ffc55984000 	C:\Windows\System32\RPCRT4.dll
0x00007ffc52e70000 - 0x00007ffc52eea000 	C:\Windows\System32\bcryptPrimitives.dll
0x00007ffc55230000 - 0x00007ffc5525d000 	C:\Windows\System32\IMM32.DLL
0x00007ffc45570000 - 0x00007ffc4560d000 	C:\Program Files\Android\Android Studio\jre\bin\msvcp140.dll
0x00007ffc24460000 - 0x00007ffc24f1c000 	C:\Program Files\Android\Android Studio\jre\bin\server\jvm.dll
0x00007ffc53400000 - 0x00007ffc534a1000 	C:\Windows\System32\ADVAPI32.dll
0x00007ffc55800000 - 0x00007ffc5585b000 	C:\Windows\System32\sechost.dll
0x00007ffc53000000 - 0x00007ffc53008000 	C:\Windows\System32\PSAPI.DLL
0x00007ffc4ffd0000 - 0x00007ffc4ffd9000 	C:\Windows\SYSTEM32\WSOCK32.dll
0x00007ffc550e0000 - 0x00007ffc5514c000 	C:\Windows\System32\WS2_32.dll
0x00007ffc4fbc0000 - 0x00007ffc4fbe3000 	C:\Windows\SYSTEM32\WINMM.dll
0x00007ffc44270000 - 0x00007ffc4427a000 	C:\Windows\SYSTEM32\VERSION.dll
0x00007ffc4fb90000 - 0x00007ffc4fbba000 	C:\Windows\SYSTEM32\winmmbase.dll
0x00007ffc52cd0000 - 0x00007ffc52d19000 	C:\Windows\System32\cfgmgr32.dll
0x00007ffc51dc0000 - 0x00007ffc51dd1000 	C:\Windows\System32\kernel.appcore.dll
0x00007ffc4b490000 - 0x00007ffc4b4a1000 	C:\Program Files\Android\Android Studio\jre\bin\verify.dll
0x00007ffc40e90000 - 0x00007ffc41059000 	C:\Windows\SYSTEM32\DBGHELP.DLL
0x00007ffc40e60000 - 0x00007ffc40e89000 	C:\Windows\SYSTEM32\dbgcore.DLL
0x00007ffc48ad0000 - 0x00007ffc48af9000 	C:\Program Files\Android\Android Studio\jre\bin\java.dll
0x00007ffc4ffc0000 - 0x00007ffc4ffcb000 	C:\Program Files\Android\Android Studio\jre\bin\jimage.dll
0x00007ffc454c0000 - 0x00007ffc454d8000 	C:\Program Files\Android\Android Studio\jre\bin\zip.dll
0x00007ffc53670000 - 0x00007ffc54ab0000 	C:\Windows\System32\SHELL32.dll
0x00007ffc55750000 - 0x00007ffc557f9000 	C:\Windows\System32\shcore.dll
0x00007ffc525c0000 - 0x00007ffc52ccd000 	C:\Windows\System32\windows.storage.dll
0x00007ffc54f00000 - 0x00007ffc54f51000 	C:\Windows\System32\shlwapi.dll
0x00007ffc51d90000 - 0x00007ffc51daf000 	C:\Windows\System32\profapi.dll
0x00007ffc51de0000 - 0x00007ffc51e2c000 	C:\Windows\System32\powrprof.dll
0x00007ffc51db0000 - 0x00007ffc51dba000 	C:\Windows\System32\FLTLIB.DLL
0x00007ffc42d00000 - 0x00007ffc42d1a000 	C:\Program Files\Android\Android Studio\jre\bin\net.dll
0x00007ffc49650000 - 0x00007ffc4972d000 	C:\Windows\SYSTEM32\WINHTTP.dll
0x00007ffc515b0000 - 0x00007ffc51616000 	C:\Windows\system32\mswsock.dll
0x00007ffc42ce0000 - 0x00007ffc42cf4000 	C:\Program Files\Android\Android Studio\jre\bin\nio.dll
0x00007ffc29ab0000 - 0x00007ffc29ad7000 	C:\Users\MISHECK\.gradle\native\fdc75f09e3144964f2cf3f50f0aa648679c211496f362492102eb8c894070792\windows-amd64\native-platform.dll
0x00007ffc0ae20000 - 0x00007ffc0afb6000 	C:\Users\MISHECK\.gradle\native\12488b8bf47d2d4c9fbf2f6322a914ad602e24e48041cd04a747c6da556b65c4\windows-amd64\native-platform-file-events.dll
0x00007ffc4ff80000 - 0x00007ffc4ff8a000 	C:\Program Files\Android\Android Studio\jre\bin\management.dll
0x00007ffc4e7d0000 - 0x00007ffc4e7dc000 	C:\Program Files\Android\Android Studio\jre\bin\management_ext.dll
0x00007ffc51760000 - 0x00007ffc51777000 	C:\Windows\SYSTEM32\CRYPTSP.dll
0x00007ffc51190000 - 0x00007ffc511c3000 	C:\Windows\system32\rsaenh.dll
0x00007ffc51880000 - 0x00007ffc518a5000 	C:\Windows\SYSTEM32\bcrypt.dll
0x00007ffc51c90000 - 0x00007ffc51cb8000 	C:\Windows\SYSTEM32\USERENV.dll
0x00007ffc51be0000 - 0x00007ffc51beb000 	C:\Windows\SYSTEM32\CRYPTBASE.dll
0x00007ffc51330000 - 0x00007ffc51368000 	C:\Windows\SYSTEM32\IPHLPAPI.DLL
0x00007ffc55220000 - 0x00007ffc55228000 	C:\Windows\System32\NSI.dll
0x00007ffc49200000 - 0x00007ffc49216000 	C:\Windows\SYSTEM32\dhcpcsvc6.DLL
0x00007ffc491c0000 - 0x00007ffc491da000 	C:\Windows\SYSTEM32\dhcpcsvc.DLL
0x00007ffc49220000 - 0x00007ffc4922b000 	C:\Windows\SYSTEM32\WINNSI.DLL

dbghelp: loaded successfully - version: 4.0.5 - missing functions: none
symbol engine: initialized successfully - sym options: 0x614 - pdb path: .;C:\Program Files\Android\Android Studio\jre\bin;C:\Windows\SYSTEM32;C:\Windows\WinSxS\amd64_microsoft.windows.common-controls_6595b64144ccf1df_6.0.17133.73_none_b4b127863cb5b9c7;C:\Program Files\Android\Android Studio\jre\bin\server;C:\Users\MISHECK\.gradle\native\fdc75f09e3144964f2cf3f50f0aa648679c211496f362492102eb8c894070792\windows-amd64;C:\Users\MISHECK\.gradle\native\12488b8bf47d2d4c9fbf2f6322a914ad602e24e48041cd04a747c6da556b65c4\windows-amd64

VM Arguments:
jvm_args: --add-opens=java.base/java.util=ALL-UNNAMED --add-opens=java.base/java.lang=ALL-UNNAMED --add-opens=java.base/java.lang.invoke=ALL-UNNAMED --add-opens=java.prefs/java.util.prefs=ALL-UNNAMED -Xmx2048m -Dfile.encoding=UTF-8 -Duser.country=US -Duser.language=en -Duser.variant 
java_command: org.gradle.launcher.daemon.bootstrap.GradleDaemon 6.7.1
java_class_path (initial): C:\Users\MISHECK\.gradle\wrapper\dists\gradle-6.7.1-bin\bwlcbys1h7rz3272sye1xwiv6\gradle-6.7.1\lib\gradle-launcher-6.7.1.jar
Launcher Type: SUN_STANDARD

[Global flags]
     intx CICompilerCount                          = 2                                         {product} {ergonomic}
     uint ConcGCThreads                            = 1                                         {product} {ergonomic}
     uint G1ConcRefinementThreads                  = 2                                         {product} {ergonomic}
   size_t G1HeapRegionSize                         = 1048576                                   {product} {ergonomic}
    uintx GCDrainStackTargetSize                   = 64                                        {product} {ergonomic}
   size_t InitialHeapSize                          = 67108864                                  {product} {ergonomic}
   size_t MarkStackSize                            = 4194304                                   {product} {ergonomic}
   size_t MaxHeapSize                              = 2147483648                                {product} {command line}
   size_t MaxNewSize                               = 1287651328                                {product} {ergonomic}
   size_t MinHeapDeltaBytes                        = 1048576                                   {product} {ergonomic}
    uintx NonNMethodCodeHeapSize                   = 5825164                                {pd product} {ergonomic}
    uintx NonProfiledCodeHeapSize                  = 122916538                              {pd product} {ergonomic}
    uintx ProfiledCodeHeapSize                     = 122916538                              {pd product} {ergonomic}
    uintx ReservedCodeCacheSize                    = 251658240                              {pd product} {ergonomic}
     bool SegmentedCodeCache                       = true                                      {product} {ergonomic}
     bool UseCompressedClassPointers               = true                                 {lp64_product} {ergonomic}
     bool UseCompressedOops                        = true                                 {lp64_product} {ergonomic}
     bool UseG1GC                                  = true                                      {product} {ergonomic}
     bool UseLargePagesIndividualAllocation        = false                                  {pd product} {ergonomic}

Logging:
Log output configuration:
 #0: stdout all=warning uptime,level,tags
 #1: stderr all=off uptime,level,tags

Environment Variables:
JAVA_HOME=C:\Program Files\Java\jdk1.8.0_191
PATH=C:\Program Files (x86)\Common Files\Oracle\Java\javapath;C:\Windows\system32;C:\Windows;C:\Windows\System32\Wbem;C:\Windows\System32\WindowsPowerShell\v1.0\;C:\Windows\System32\OpenSSH\;C:\Program Files (x86)\Git\cmd;C:\Program Files\nodejs\;C:\Program Files\Java\jdk1.8.0_191\bin;C:\Users\MISHECK\AppData\Roaming\npm;C:\Exercism;C:\Users\MISHECK\AppData\Local\Programs\Python\Python39;C:\Users\MISHECK\AppData\Local\Programs\Microsoft VS Code\bin;C:\Program Files\CodeBlocks\MinGW\bin;
USERNAME=MISHECK
OS=Windows_NT
PROCESSOR_IDENTIFIER=Intel64 Family 6 Model 55 Stepping 8, GenuineIntel



---------------  S Y S T E M  ---------------

OS: Windows 10 , 64 bit Build 17133 (10.0.17133.73)
OS uptime: 0 days 12:05 hours

CPU:total 2 (initial active 2) (2 cores per cpu, 1 threads per core) family 6 model 55 stepping 8, cmov, cx8, fxsr, mmx, sse, sse2, sse3, ssse3, sse4.1, sse4.2, popcnt, clmul, erms, 3dnowpref, tsc, tscinvbit

Memory: 4k page, system-wide physical 3987M (290M free)
TotalPageFile size 5381M (AvailPageFile size 5M)
current process WorkingSet (physical memory assigned to process): 290M, peak: 291M
current process commit charge ("private bytes"): 316M, peak: 317M

vm_info: OpenJDK 64-Bit Server VM (11.0.8+10-b944.6842174) for windows-amd64 JRE (11.0.8+10-b944.6842174), built on Sep 19 2020 01:11:42 by "builder" with MS VC++ 14.0 (VS2015)

END.
