#
# There is insufficient memory for the Java Runtime Environment to continue.
# Native memory allocation (mmap) failed to map 216006656 bytes for Failed to commit area from 0x000000008fc00000 to 0x000000009ca00000 of length 216006656.
# Possible reasons:
#   The system is out of physical RAM or swap space
#   The process is running with CompressedOops enabled, and the Java Heap may be blocking the growth of the native heap
# Possible solutions:
#   Reduce memory load on the system
#   Increase physical memory or swap space
#   Check if swap backing store is full
#   Decrease Java heap size (-Xmx/-Xms)
#   Decrease number of Java threads
#   Decrease Java thread stack sizes (-Xss)
#   Set larger code cache with -XX:ReservedCodeCacheSize=
#   JVM is running with Unscaled Compressed Oops mode in which the Java heap is
#     placed in the first 4GB address space. The Java Heap base address is the
#     maximum limit for the native heap growth. Please use -XX:HeapBaseMinAddress
#     to set the Java Heap base and to place the Java Heap above 4GB virtual address.
# This output file may be truncated or incomplete.
#
#  Out of Memory Error (./src/hotspot/os/windows/os_windows.cpp:3303), pid=7740, tid=8268
#
# JRE version: OpenJDK Runtime Environment (11.0.8+10) (build 11.0.8+10-b944.6842174)
# Java VM: OpenJDK 64-Bit Server VM (11.0.8+10-b944.6842174, mixed mode, tiered, compressed oops, g1 gc, windows-amd64)
# No core dump will be written. Minidumps are not enabled by default on client versions of Windows
#

---------------  S U M M A R Y ------------

Command Line: --add-opens=java.base/java.util=ALL-UNNAMED --add-opens=java.base/java.lang=ALL-UNNAMED --add-opens=java.base/java.lang.invoke=ALL-UNNAMED --add-opens=java.prefs/java.util.prefs=ALL-UNNAMED -Xmx2048m -Dfile.encoding=UTF-8 -Duser.country=US -Duser.language=en -Duser.variant org.gradle.launcher.daemon.bootstrap.GradleDaemon 6.7.1

Host: Intel(R) Celeron(R) CPU  N2840  @ 2.16GHz, 2 cores, 3G,  Windows 10 , 64 bit Build 17133 (10.0.17133.73)
Time: Mon Jul 19 00:45:49 2021 Pacific Daylight Time elapsed time: 84 seconds (0d 0h 1m 24s)

---------------  T H R E A D  ---------------

Current thread (0x000001e1792e2800):  VMThread "VM Thread" [stack: 0x0000005636800000,0x0000005636900000] [id=8268]

Stack: [0x0000005636800000,0x0000005636900000]
[error occurred during error reporting (printing stack bounds), id 0xc0000005, EXCEPTION_ACCESS_VIOLATION (0xc0000005) at pc=0x000001e163740dbe]

Native frames: (J=compiled Java code, j=interpreted, Vv=VM code, C=native code)
V  [jvm.dll+0x5de50a]
V  [jvm.dll+0x7122f5]
V  [jvm.dll+0x71384d]
V  [jvm.dll+0x713e65]
V  [jvm.dll+0x713e1b]
V  [jvm.dll+0x5dd958]
V  [jvm.dll+0x5de0f8]
C  [ntdll.dll+0x9eddd]
C  [ntdll.dll+0x6c86]
C  [ntdll.dll+0x9dd0e]
C  0x000001e163740dbe

VM_Operation (0x0000005635ffd110): G1CollectForAllocation, mode: safepoint, requested by thread 0x000001e17c078800


---------------  P R O C E S S  ---------------

Threads class SMR info:
_java_thread_list=0x000001e17c9bbf40, length=43, elements={
0x000001e15fdcb800, 0x000001e1792e5000, 0x000001e1792e6000, 0x000001e1792f2800,
0x000001e17934a800, 0x000001e17934b800, 0x000001e179351000, 0x000001e179c5d000,
0x000001e179d94800, 0x000001e179dac800, 0x000001e17a700000, 0x000001e17ba38800,
0x000001e17b6eb800, 0x000001e17b1dd000, 0x000001e17b1dd800, 0x000001e17b8d5800,
0x000001e17a7c2000, 0x000001e17adac800, 0x000001e17adb2800, 0x000001e17aca4800,
0x000001e17aca5800, 0x000001e17aca7000, 0x000001e17aca6000, 0x000001e17aca1800,
0x000001e17aca8000, 0x000001e17aca2000, 0x000001e17aca3000, 0x000001e17e3a1800,
0x000001e17e3a3000, 0x000001e17e39f000, 0x000001e17e3a4000, 0x000001e17c06e800,
0x000001e17c06d800, 0x000001e17c072000, 0x000001e17c06d000, 0x000001e17c077800,
0x000001e17c072800, 0x000001e17c075000, 0x000001e17c076800, 0x000001e17c078800,
0x000001e17c07a000, 0x000001e17c079000, 0x000001e100f02800
}

Java Threads: ( => current thread )
  0x000001e15fdcb800 JavaThread "main" [_thread_blocked, id=11200, stack(0x0000005636200000,0x0000005636300000)]
  0x000001e1792e5000 JavaThread "Reference Handler" daemon [_thread_blocked, id=8028, stack(0x0000005636900000,0x0000005636a00000)]
  0x000001e1792e6000 JavaThread "Finalizer" daemon [_thread_blocked, id=9424, stack(0x0000005636a00000,0x0000005636b00000)]
  0x000001e1792f2800 JavaThread "Signal Dispatcher" daemon [_thread_blocked, id=8252, stack(0x0000005636b00000,0x0000005636c00000)]
  0x000001e17934a800 JavaThread "Attach Listener" daemon [_thread_blocked, id=9076, stack(0x0000005636c00000,0x0000005636d00000)]
  0x000001e17934b800 JavaThread "C2 CompilerThread0" daemon [_thread_blocked, id=2984, stack(0x0000005636d00000,0x0000005636e00000)]
  0x000001e179351000 JavaThread "C1 CompilerThread0" daemon [_thread_blocked, id=5888, stack(0x0000005636e00000,0x0000005636f00000)]
  0x000001e179c5d000 JavaThread "Sweeper thread" daemon [_thread_blocked, id=12208, stack(0x0000005636f00000,0x0000005637000000)]
  0x000001e179d94800 JavaThread "Common-Cleaner" daemon [_thread_blocked, id=7356, stack(0x0000005637000000,0x0000005637100000)]
  0x000001e179dac800 JavaThread "Service Thread" daemon [_thread_blocked, id=12112, stack(0x0000005637100000,0x0000005637200000)]
  0x000001e17a700000 JavaThread "Daemon health stats" [_thread_blocked, id=204, stack(0x0000005637400000,0x0000005637500000)]
  0x000001e17ba38800 JavaThread "Incoming local TCP Connector on port 64390" [_thread_in_native, id=10268, stack(0x0000005637600000,0x0000005637700000)]
  0x000001e17b6eb800 JavaThread "Daemon" [_thread_blocked, id=4796, stack(0x0000005637700000,0x0000005637800000)]
  0x000001e17b1dd000 JavaThread "Daemon periodic checks" [_thread_blocked, id=4344, stack(0x0000005637800000,0x0000005637900000)]
  0x000001e17b1dd800 JavaThread "Handler for socket connection from /127.0.0.1:64390 to /127.0.0.1:64391" [_thread_in_native, id=6264, stack(0x0000005637900000,0x0000005637a00000)]
  0x000001e17b8d5800 JavaThread "Cancel handler" [_thread_blocked, id=5376, stack(0x0000005637a00000,0x0000005637b00000)]
  0x000001e17a7c2000 JavaThread "Daemon worker" [_thread_blocked, id=12124, stack(0x0000005637b00000,0x0000005637c00000)]
  0x000001e17adac800 JavaThread "Asynchronous log dispatcher for DefaultDaemonConnection: socket connection from /127.0.0.1:64390 to /127.0.0.1:64391" [_thread_blocked, id=10392, stack(0x0000005637c00000,0x0000005637d00000)]
  0x000001e17adb2800 JavaThread "Thread-8" [_thread_blocked, id=10348, stack(0x0000005637e00000,0x0000005637f00000)]
  0x000001e17aca4800 JavaThread "Cache worker for file hash cache (C:\Users\MISHECK\.gradle\caches\6.7.1\fileHashes)" [_thread_blocked, id=10412, stack(0x0000005637f00000,0x0000005638000000)]
  0x000001e17aca5800 JavaThread "File lock request listener" [_thread_in_native, id=10424, stack(0x0000005638000000,0x0000005638100000)]
  0x000001e17aca7000 JavaThread "Cache worker for journal cache (C:\Users\MISHECK\.gradle\caches\journal-1)" [_thread_blocked, id=10360, stack(0x0000005638100000,0x0000005638200000)]
  0x000001e17aca6000 JavaThread "Cache worker for file hash cache (C:\Users\MISHECK\AndroidStudioProjects\ChildSafetyApp\.gradle\6.7.1\fileHashes)" [_thread_blocked, id=6488, stack(0x0000005638200000,0x0000005638300000)]
  0x000001e17aca1800 JavaThread "Cache worker for checksums cache (C:\Users\MISHECK\AndroidStudioProjects\ChildSafetyApp\.gradle\checksums)" [_thread_blocked, id=2268, stack(0x0000005638300000,0x0000005638400000)]
  0x000001e17aca8000 JavaThread "Cache worker for cache directory md-supplier (C:\Users\MISHECK\.gradle\caches\6.7.1\md-supplier)" [_thread_blocked, id=6104, stack(0x0000005638400000,0x0000005638500000)]
  0x000001e17aca2000 JavaThread "Cache worker for cache directory md-rule (C:\Users\MISHECK\.gradle\caches\6.7.1\md-rule)" [_thread_blocked, id=6204, stack(0x0000005638500000,0x0000005638600000)]
  0x000001e17aca3000 JavaThread "Cache worker for execution history cache (C:\Users\MISHECK\.gradle\caches\6.7.1\executionHistory)" [_thread_blocked, id=9284, stack(0x0000005638600000,0x0000005638700000)]
  0x000001e17e3a1800 JavaThread "Cache worker for file content cache (C:\Users\MISHECK\.gradle\caches\6.7.1\fileContent)" [_thread_blocked, id=9276, stack(0x0000005638800000,0x0000005638900000)]
  0x000001e17e3a3000 JavaThread "Cache worker for Build Output Cleanup Cache (C:\Users\MISHECK\AndroidStudioProjects\ChildSafetyApp\.gradle\buildOutputCleanup)" [_thread_blocked, id=3860, stack(0x0000005638900000,0x0000005638a00000)]
  0x000001e17e39f000 JavaThread "Build operations" [_thread_blocked, id=3564, stack(0x0000005638a00000,0x0000005638b00000)]
  0x000001e17e3a4000 JavaThread "Build operations Thread 2" [_thread_blocked, id=3996, stack(0x0000005638b00000,0x0000005638c00000)]
  0x000001e17c06e800 JavaThread "jar transforms Thread 97" [_thread_blocked, id=3276, stack(0x000000563eb00000,0x000000563ec00000)]
  0x000001e17c06d800 JavaThread "Memory manager" [_thread_blocked, id=6880, stack(0x000000563ec00000,0x000000563ed00000)]
  0x000001e17c072000 JavaThread "build event listener" [_thread_blocked, id=6956, stack(0x000000563ed00000,0x000000563ee00000)]
  0x000001e17c06d000 JavaThread "build event listener" [_thread_blocked, id=8472, stack(0x000000563ee00000,0x000000563ef00000)]
  0x000001e17c077800 JavaThread "Execution worker for ':'" [_thread_blocked, id=3632, stack(0x000000563ef00000,0x000000563f000000)]
  0x000001e17c072800 JavaThread "Cache worker for execution history cache (C:\Users\MISHECK\AndroidStudioProjects\ChildSafetyApp\.gradle\6.7.1\executionHistory)" [_thread_blocked, id=1436, stack(0x000000563f000000,0x000000563f100000)]
  0x000001e17c075000 JavaThread "Cache worker for Java compile cache (C:\Users\MISHECK\.gradle\caches\6.7.1\javaCompile)" [_thread_blocked, id=6676, stack(0x000000563f100000,0x000000563f200000)]
  0x000001e17c076800 JavaThread "Cache worker for Java compile cache (C:\Users\MISHECK\AndroidStudioProjects\ChildSafetyApp\.gradle\6.7.1\javaCompile)" [_thread_blocked, id=11548, stack(0x000000563f200000,0x000000563f300000)]
  0x000001e17c078800 JavaThread "WorkerExecutor Queue" [_thread_blocked, id=10208, stack(0x0000005635f00000,0x0000005636000000)]
  0x000001e17c07a000 JavaThread "WorkerExecutor Queue Thread 3" [_thread_blocked, id=7544, stack(0x0000005637d00000,0x0000005637e00000)]
  0x000001e17c079000 JavaThread "ForkJoinPool-1-worker-3" daemon [_thread_blocked, id=9196, stack(0x000000563f300000,0x000000563f400000)]
  0x000001e100f02800 JavaThread "ForkJoinPool-1-worker-1" daemon [_thread_blocked, id=11364, stack(0x000000563f400000,0x000000563f500000)]

Other Threads:
=>0x000001e1792e2800 VMThread "VM Thread" [stack: 0x0000005636800000,0x0000005636900000] [id=8268]
  0x000001e179dad800 WatcherThread [stack: 0x0000005637200000,0x0000005637300000] [id=9500]
  0x000001e15fde3000 GCTaskThread "GC Thread#0" [stack: 0x0000005636300000,0x0000005636400000] [id=11520]
  0x000001e179ec6000 GCTaskThread "GC Thread#1" [stack: 0x0000005637300000,0x0000005637400000] [id=11440]
  0x000001e15fe13000 ConcurrentGCThread "G1 Main Marker" [stack: 0x0000005636400000,0x0000005636500000] [id=1352]
  0x000001e15fe15000 ConcurrentGCThread "G1 Conc#0" [stack: 0x0000005636500000,0x0000005636600000] [id=676]
  0x000001e15fe69800 ConcurrentGCThread "G1 Refine#0" [stack: 0x0000005636600000,0x0000005636700000] [id=8136]
  0x000001e15fe6b000 ConcurrentGCThread "G1 Young RemSet Sampling" [stack: 0x0000005636700000,0x0000005636800000] [id=10980]

Threads with active compile tasks:
C2 CompilerThread0  84965 11595       4       com.android.tools.r8.graph.u1$$Lambda$926/0x0000000100be2440::apply (16 bytes)

VM state:at safepoint (normal execution)

VM Mutex/Monitor currently owned by a thread:  ([mutex/lock_event])
[0x000001e15fdc7ba0] Threads_lock - owner thread: 0x000001e1792e2800
[0x000001e15fdc6010] Heap_lock - owner thread: 0x000001e17c078800

Heap address: 0x0000000080000000, size: 2048 MB, Compressed Oops mode: 32-bit
Narrow klass base: 0x0000000000000000, Narrow klass shift: 3
Compressed class space size: 1073741824 Address: 0x0000000100000000

Heap:
 garbage-first heap   total 468992K, used 177152K [0x0000000080000000, 0x0000000100000000)
  region size 1024K, 4 young (4096K), 4 survivors (4096K)
 Metaspace       used 96959K, capacity 99446K, committed 99712K, reserved 1134592K
  class space    used 12652K, capacity 13588K, committed 13696K, reserved 1048576K
Heap Regions: E=young(eden), S=young(survivor), O=old, HS=humongous(starts), HC=humongous(continues), CS=collection set, F=free, A=archive, TAMS=top-at-mark-start (previous, next)
|   0|0x0000000080000000, 0x0000000080100000, 0x0000000080100000|100%| O|  |TAMS 0x0000000080100000, 0x0000000080000000| Untracked 
|   1|0x0000000080100000, 0x0000000080200000, 0x0000000080200000|100%| O|  |TAMS 0x0000000080200000, 0x0000000080100000| Untracked 
|   2|0x0000000080200000, 0x0000000080300000, 0x0000000080300000|100%| O|  |TAMS 0x0000000080300000, 0x0000000080200000| Untracked 
|   3|0x0000000080300000, 0x0000000080400000, 0x0000000080400000|100%| O|  |TAMS 0x0000000080400000, 0x0000000080300000| Untracked 
|   4|0x0000000080400000, 0x0000000080500000, 0x0000000080500000|100%|HS|  |TAMS 0x0000000080500000, 0x0000000080400000| Complete 
|   5|0x0000000080500000, 0x0000000080600000, 0x0000000080600000|100%|HC|  |TAMS 0x0000000080600000, 0x0000000080500000| Complete 
|   6|0x0000000080600000, 0x0000000080700000, 0x0000000080700000|100%|HC|  |TAMS 0x0000000080700000, 0x0000000080600000| Complete 
|   7|0x0000000080700000, 0x0000000080800000, 0x0000000080800000|100%| O|  |TAMS 0x0000000080800000, 0x0000000080700000| Untracked 
|   8|0x0000000080800000, 0x0000000080900000, 0x0000000080900000|100%| O|  |TAMS 0x0000000080900000, 0x0000000080800000| Untracked 
|   9|0x0000000080900000, 0x0000000080a00000, 0x0000000080a00000|100%| O|  |TAMS 0x0000000080a00000, 0x0000000080900000| Untracked 
|  10|0x0000000080a00000, 0x0000000080b00000, 0x0000000080b00000|100%| O|  |TAMS 0x0000000080b00000, 0x0000000080a00000| Untracked 
|  11|0x0000000080b00000, 0x0000000080c00000, 0x0000000080c00000|100%| O|  |TAMS 0x0000000080c00000, 0x0000000080b00000| Untracked 
|  12|0x0000000080c00000, 0x0000000080d00000, 0x0000000080d00000|100%| O|  |TAMS 0x0000000080d00000, 0x0000000080c00000| Untracked 
|  13|0x0000000080d00000, 0x0000000080e00000, 0x0000000080e00000|100%| O|  |TAMS 0x0000000080e00000, 0x0000000080d00000| Untracked 
|  14|0x0000000080e00000, 0x0000000080f00000, 0x0000000080f00000|100%| O|  |TAMS 0x0000000080f00000, 0x0000000080e00000| Untracked 
|  15|0x0000000080f00000, 0x0000000081000000, 0x0000000081000000|100%| O|  |TAMS 0x0000000081000000, 0x0000000080f00000| Untracked 
|  16|0x0000000081000000, 0x0000000081100000, 0x0000000081100000|100%| O|  |TAMS 0x0000000081100000, 0x0000000081000000| Untracked 
|  17|0x0000000081100000, 0x0000000081200000, 0x0000000081200000|100%| O|  |TAMS 0x0000000081200000, 0x0000000081100000| Untracked 
|  18|0x0000000081200000, 0x0000000081300000, 0x0000000081300000|100%| O|  |TAMS 0x0000000081300000, 0x0000000081200000| Untracked 
|  19|0x0000000081300000, 0x0000000081400000, 0x0000000081400000|100%| O|  |TAMS 0x0000000081400000, 0x0000000081300000| Untracked 
|  20|0x0000000081400000, 0x0000000081500000, 0x0000000081500000|100%|HS|  |TAMS 0x0000000081500000, 0x0000000081400000| Complete 
|  21|0x0000000081500000, 0x0000000081600000, 0x0000000081600000|100%| O|  |TAMS 0x0000000081600000, 0x0000000081500000| Untracked 
|  22|0x0000000081600000, 0x0000000081700000, 0x0000000081700000|100%| O|  |TAMS 0x0000000081700000, 0x0000000081600000| Untracked 
|  23|0x0000000081700000, 0x0000000081800000, 0x0000000081800000|100%| O|  |TAMS 0x0000000081800000, 0x0000000081700000| Untracked 
|  24|0x0000000081800000, 0x0000000081900000, 0x0000000081900000|100%| O|  |TAMS 0x0000000081900000, 0x0000000081800000| Untracked 
|  25|0x0000000081900000, 0x0000000081a00000, 0x0000000081a00000|100%|HS|  |TAMS 0x0000000081a00000, 0x0000000081900000| Complete 
|  26|0x0000000081a00000, 0x0000000081b00000, 0x0000000081b00000|100%|HC|  |TAMS 0x0000000081b00000, 0x0000000081a00000| Complete 
|  27|0x0000000081b00000, 0x0000000081c00000, 0x0000000081c00000|100%| O|  |TAMS 0x0000000081c00000, 0x0000000081b00000| Untracked 
|  28|0x0000000081c00000, 0x0000000081d00000, 0x0000000081d00000|100%| O|  |TAMS 0x0000000081d00000, 0x0000000081c00000| Untracked 
|  29|0x0000000081d00000, 0x0000000081e00000, 0x0000000081e00000|100%| O|  |TAMS 0x0000000081e00000, 0x0000000081d00000| Untracked 
|  30|0x0000000081e00000, 0x0000000081f00000, 0x0000000081f00000|100%| O|  |TAMS 0x0000000081f00000, 0x0000000081e00000| Untracked 
|  31|0x0000000081f00000, 0x0000000082000000, 0x0000000082000000|100%| O|  |TAMS 0x0000000082000000, 0x0000000081f00000| Untracked 
|  32|0x0000000082000000, 0x0000000082100000, 0x0000000082100000|100%| O|  |TAMS 0x0000000082100000, 0x0000000082000000| Untracked 
|  33|0x0000000082100000, 0x0000000082200000, 0x0000000082200000|100%| O|  |TAMS 0x0000000082200000, 0x0000000082100000| Untracked 
|  34|0x0000000082200000, 0x0000000082300000, 0x0000000082300000|100%| O|  |TAMS 0x0000000082300000, 0x0000000082200000| Untracked 
|  35|0x0000000082300000, 0x0000000082400000, 0x0000000082400000|100%| O|  |TAMS 0x0000000082400000, 0x0000000082300000| Untracked 
|  36|0x0000000082400000, 0x0000000082500000, 0x0000000082500000|100%| O|  |TAMS 0x0000000082500000, 0x0000000082400000| Untracked 
|  37|0x0000000082500000, 0x0000000082600000, 0x0000000082600000|100%| O|  |TAMS 0x0000000082600000, 0x0000000082500000| Untracked 
|  38|0x0000000082600000, 0x0000000082700000, 0x0000000082700000|100%| O|  |TAMS 0x0000000082700000, 0x0000000082600000| Untracked 
|  39|0x0000000082700000, 0x0000000082800000, 0x0000000082800000|100%| O|  |TAMS 0x0000000082800000, 0x0000000082700000| Untracked 
|  40|0x0000000082800000, 0x0000000082900000, 0x0000000082900000|100%| O|  |TAMS 0x0000000082900000, 0x0000000082800000| Untracked 
|  41|0x0000000082900000, 0x0000000082a00000, 0x0000000082a00000|100%| O|  |TAMS 0x0000000082a00000, 0x0000000082900000| Untracked 
|  42|0x0000000082a00000, 0x0000000082b00000, 0x0000000082b00000|100%| O|  |TAMS 0x0000000082b00000, 0x0000000082a00000| Untracked 
|  43|0x0000000082b00000, 0x0000000082c00000, 0x0000000082c00000|100%| O|  |TAMS 0x0000000082c00000, 0x0000000082b00000| Untracked 
|  44|0x0000000082c00000, 0x0000000082d00000, 0x0000000082d00000|100%| O|  |TAMS 0x0000000082d00000, 0x0000000082c00000| Untracked 
|  45|0x0000000082d00000, 0x0000000082e00000, 0x0000000082e00000|100%| O|  |TAMS 0x0000000082e00000, 0x0000000082d00000| Untracked 
|  46|0x0000000082e00000, 0x0000000082f00000, 0x0000000082f00000|100%| O|  |TAMS 0x0000000082f00000, 0x0000000082e00000| Untracked 
|  47|0x0000000082f00000, 0x0000000083000000, 0x0000000083000000|100%| O|  |TAMS 0x0000000083000000, 0x0000000082f00000| Untracked 
|  48|0x0000000083000000, 0x0000000083100000, 0x0000000083100000|100%| O|  |TAMS 0x0000000083100000, 0x0000000083000000| Untracked 
|  49|0x0000000083100000, 0x0000000083200000, 0x0000000083200000|100%| O|  |TAMS 0x0000000083200000, 0x0000000083100000| Untracked 
|  50|0x0000000083200000, 0x0000000083300000, 0x0000000083300000|100%| O|  |TAMS 0x0000000083300000, 0x0000000083200000| Untracked 
|  51|0x0000000083300000, 0x0000000083400000, 0x0000000083400000|100%| O|  |TAMS 0x0000000083400000, 0x0000000083300000| Untracked 
|  52|0x0000000083400000, 0x0000000083500000, 0x0000000083500000|100%| O|  |TAMS 0x0000000083500000, 0x0000000083400000| Untracked 
|  53|0x0000000083500000, 0x0000000083600000, 0x0000000083600000|100%| O|  |TAMS 0x0000000083600000, 0x0000000083500000| Untracked 
|  54|0x0000000083600000, 0x0000000083700000, 0x0000000083700000|100%| O|  |TAMS 0x0000000083700000, 0x0000000083600000| Untracked 
|  55|0x0000000083700000, 0x0000000083800000, 0x0000000083800000|100%| O|  |TAMS 0x0000000083800000, 0x0000000083700000| Untracked 
|  56|0x0000000083800000, 0x0000000083900000, 0x0000000083900000|100%| O|  |TAMS 0x0000000083900000, 0x0000000083800000| Untracked 
|  57|0x0000000083900000, 0x0000000083a00000, 0x0000000083a00000|100%| O|  |TAMS 0x0000000083a00000, 0x0000000083900000| Untracked 
|  58|0x0000000083a00000, 0x0000000083b00000, 0x0000000083b00000|100%| O|  |TAMS 0x0000000083b00000, 0x0000000083a00000| Untracked 
|  59|0x0000000083b00000, 0x0000000083c00000, 0x0000000083c00000|100%| O|  |TAMS 0x0000000083c00000, 0x0000000083b00000| Untracked 
|  60|0x0000000083c00000, 0x0000000083d00000, 0x0000000083d00000|100%|HS|  |TAMS 0x0000000083d00000, 0x0000000083c00000| Complete 
|  61|0x0000000083d00000, 0x0000000083e00000, 0x0000000083e00000|100%| O|  |TAMS 0x0000000083e00000, 0x0000000083d00000| Untracked 
|  62|0x0000000083e00000, 0x0000000083f00000, 0x0000000083f00000|100%| O|  |TAMS 0x0000000083f00000, 0x0000000083e00000| Untracked 
|  63|0x0000000083f00000, 0x0000000084000000, 0x0000000084000000|100%| O|  |TAMS 0x0000000084000000, 0x0000000083f00000| Untracked 
|  64|0x0000000084000000, 0x0000000084100000, 0x0000000084100000|100%| O|  |TAMS 0x0000000084100000, 0x0000000084000000| Untracked 
|  65|0x0000000084100000, 0x0000000084200000, 0x0000000084200000|100%| O|  |TAMS 0x0000000084200000, 0x0000000084100000| Untracked 
|  66|0x0000000084200000, 0x0000000084300000, 0x0000000084300000|100%| O|  |TAMS 0x0000000084300000, 0x0000000084200000| Untracked 
|  67|0x0000000084300000, 0x0000000084400000, 0x0000000084400000|100%| O|  |TAMS 0x0000000084400000, 0x0000000084300000| Untracked 
|  68|0x0000000084400000, 0x0000000084500000, 0x0000000084500000|100%| O|  |TAMS 0x0000000084500000, 0x0000000084400000| Untracked 
|  69|0x0000000084500000, 0x0000000084600000, 0x0000000084600000|100%| O|  |TAMS 0x0000000084600000, 0x0000000084500000| Untracked 
|  70|0x0000000084600000, 0x0000000084700000, 0x0000000084700000|100%| O|  |TAMS 0x0000000084700000, 0x0000000084600000| Untracked 
|  71|0x0000000084700000, 0x0000000084800000, 0x0000000084800000|100%| O|  |TAMS 0x0000000084800000, 0x0000000084700000| Untracked 
|  72|0x0000000084800000, 0x0000000084900000, 0x0000000084900000|100%| O|  |TAMS 0x0000000084900000, 0x0000000084800000| Untracked 
|  73|0x0000000084900000, 0x0000000084a00000, 0x0000000084a00000|100%| O|  |TAMS 0x0000000084a00000, 0x0000000084900000| Untracked 
|  74|0x0000000084a00000, 0x0000000084b00000, 0x0000000084b00000|100%| O|  |TAMS 0x0000000084b00000, 0x0000000084a00000| Untracked 
|  75|0x0000000084b00000, 0x0000000084c00000, 0x0000000084c00000|100%| O|  |TAMS 0x0000000084c00000, 0x0000000084b00000| Untracked 
|  76|0x0000000084c00000, 0x0000000084d00000, 0x0000000084d00000|100%| O|  |TAMS 0x0000000084d00000, 0x0000000084c00000| Untracked 
|  77|0x0000000084d00000, 0x0000000084e00000, 0x0000000084e00000|100%| O|  |TAMS 0x0000000084e00000, 0x0000000084d00000| Untracked 
|  78|0x0000000084e00000, 0x0000000084f00000, 0x0000000084f00000|100%| O|  |TAMS 0x0000000084f00000, 0x0000000084e00000| Untracked 
|  79|0x0000000084f00000, 0x0000000085000000, 0x0000000085000000|100%| O|  |TAMS 0x0000000085000000, 0x0000000084f00000| Untracked 
|  80|0x0000000085000000, 0x0000000085100000, 0x0000000085100000|100%| O|  |TAMS 0x0000000085100000, 0x0000000085000000| Untracked 
|  81|0x0000000085100000, 0x0000000085200000, 0x0000000085200000|100%|HS|  |TAMS 0x0000000085200000, 0x0000000085100000| Complete 
|  82|0x0000000085200000, 0x0000000085300000, 0x0000000085300000|100%|HC|  |TAMS 0x0000000085300000, 0x0000000085200000| Complete 
|  83|0x0000000085300000, 0x0000000085400000, 0x0000000085400000|100%|HC|  |TAMS 0x0000000085400000, 0x0000000085300000| Complete 
|  84|0x0000000085400000, 0x0000000085500000, 0x0000000085500000|100%|HC|  |TAMS 0x0000000085500000, 0x0000000085400000| Complete 
|  85|0x0000000085500000, 0x0000000085600000, 0x0000000085600000|100%|HC|  |TAMS 0x0000000085600000, 0x0000000085500000| Complete 
|  86|0x0000000085600000, 0x0000000085700000, 0x0000000085700000|100%|HC|  |TAMS 0x0000000085700000, 0x0000000085600000| Complete 
|  87|0x0000000085700000, 0x0000000085800000, 0x0000000085800000|100%|HC|  |TAMS 0x0000000085800000, 0x0000000085700000| Complete 
|  88|0x0000000085800000, 0x0000000085900000, 0x0000000085900000|100%|HC|  |TAMS 0x0000000085900000, 0x0000000085800000| Complete 
|  89|0x0000000085900000, 0x0000000085a00000, 0x0000000085a00000|100%| O|  |TAMS 0x0000000085a00000, 0x0000000085900000| Untracked 
|  90|0x0000000085a00000, 0x0000000085b00000, 0x0000000085b00000|100%| O|  |TAMS 0x0000000085b00000, 0x0000000085a00000| Untracked 
|  91|0x0000000085b00000, 0x0000000085c00000, 0x0000000085c00000|100%| O|  |TAMS 0x0000000085c00000, 0x0000000085b00000| Untracked 
|  92|0x0000000085c00000, 0x0000000085d00000, 0x0000000085d00000|100%| O|  |TAMS 0x0000000085d00000, 0x0000000085c00000| Untracked 
|  93|0x0000000085d00000, 0x0000000085e00000, 0x0000000085e00000|100%| O|  |TAMS 0x0000000085e00000, 0x0000000085d00000| Untracked 
|  94|0x0000000085e00000, 0x0000000085f00000, 0x0000000085f00000|100%| O|  |TAMS 0x0000000085f00000, 0x0000000085e00000| Untracked 
|  95|0x0000000085f00000, 0x0000000086000000, 0x0000000086000000|100%| O|  |TAMS 0x0000000086000000, 0x0000000085f00000| Untracked 
|  96|0x0000000086000000, 0x0000000086100000, 0x0000000086100000|100%| O|  |TAMS 0x0000000086100000, 0x0000000086000000| Untracked 
|  97|0x0000000086100000, 0x0000000086200000, 0x0000000086200000|100%|HS|  |TAMS 0x0000000086200000, 0x0000000086100000| Complete 
|  98|0x0000000086200000, 0x0000000086300000, 0x0000000086300000|100%|HC|  |TAMS 0x0000000086300000, 0x0000000086200000| Complete 
|  99|0x0000000086300000, 0x0000000086400000, 0x0000000086400000|100%|HC|  |TAMS 0x0000000086400000, 0x0000000086300000| Complete 
| 100|0x0000000086400000, 0x0000000086500000, 0x0000000086500000|100%|HC|  |TAMS 0x0000000086500000, 0x0000000086400000| Complete 
| 101|0x0000000086500000, 0x0000000086600000, 0x0000000086600000|100%|HC|  |TAMS 0x0000000086600000, 0x0000000086500000| Complete 
| 102|0x0000000086600000, 0x0000000086700000, 0x0000000086700000|100%|HC|  |TAMS 0x0000000086700000, 0x0000000086600000| Complete 
| 103|0x0000000086700000, 0x0000000086800000, 0x0000000086800000|100%|HC|  |TAMS 0x0000000086800000, 0x0000000086700000| Complete 
| 104|0x0000000086800000, 0x0000000086900000, 0x0000000086900000|100%|HC|  |TAMS 0x0000000086900000, 0x0000000086800000| Complete 
| 105|0x0000000086900000, 0x0000000086a00000, 0x0000000086a00000|100%|HS|  |TAMS 0x0000000086a00000, 0x0000000086900000| Complete 
| 106|0x0000000086a00000, 0x0000000086b00000, 0x0000000086b00000|100%|HS|  |TAMS 0x0000000086b00000, 0x0000000086a00000| Complete 
| 107|0x0000000086b00000, 0x0000000086c00000, 0x0000000086c00000|100%| O|  |TAMS 0x0000000086c00000, 0x0000000086b00000| Untracked 
| 108|0x0000000086c00000, 0x0000000086d00000, 0x0000000086d00000|100%| O|  |TAMS 0x0000000086d00000, 0x0000000086c00000| Untracked 
| 109|0x0000000086d00000, 0x0000000086e00000, 0x0000000086e00000|100%|HS|  |TAMS 0x0000000086e00000, 0x0000000086d00000| Complete 
| 110|0x0000000086e00000, 0x0000000086f00000, 0x0000000086f00000|100%| O|  |TAMS 0x0000000086f00000, 0x0000000086e00000| Untracked 
| 111|0x0000000086f00000, 0x0000000087000000, 0x0000000087000000|100%| O|  |TAMS 0x0000000087000000, 0x0000000086f00000| Untracked 
| 112|0x0000000087000000, 0x0000000087100000, 0x0000000087100000|100%| O|  |TAMS 0x0000000087100000, 0x0000000087000000| Untracked 
| 113|0x0000000087100000, 0x0000000087200000, 0x0000000087200000|100%| O|  |TAMS 0x0000000087200000, 0x0000000087100000| Untracked 
| 114|0x0000000087200000, 0x0000000087300000, 0x0000000087300000|100%| O|  |TAMS 0x0000000087300000, 0x0000000087200000| Untracked 
| 115|0x0000000087300000, 0x0000000087400000, 0x0000000087400000|100%| O|  |TAMS 0x0000000087400000, 0x0000000087300000| Untracked 
| 116|0x0000000087400000, 0x0000000087500000, 0x0000000087500000|100%| O|  |TAMS 0x0000000087500000, 0x0000000087400000| Untracked 
| 117|0x0000000087500000, 0x0000000087600000, 0x0000000087600000|100%| O|  |TAMS 0x0000000087600000, 0x0000000087500000| Untracked 
| 118|0x0000000087600000, 0x0000000087700000, 0x0000000087700000|100%| O|  |TAMS 0x0000000087700000, 0x0000000087600000| Untracked 
| 119|0x0000000087700000, 0x0000000087800000, 0x0000000087800000|100%| O|  |TAMS 0x0000000087800000, 0x0000000087700000| Untracked 
| 120|0x0000000087800000, 0x0000000087900000, 0x0000000087900000|100%| O|  |TAMS 0x0000000087900000, 0x0000000087800000| Untracked 
| 121|0x0000000087900000, 0x0000000087a00000, 0x0000000087a00000|100%| O|  |TAMS 0x0000000087a00000, 0x0000000087900000| Untracked 
| 122|0x0000000087a00000, 0x0000000087b00000, 0x0000000087b00000|100%| O|  |TAMS 0x0000000087b00000, 0x0000000087a00000| Untracked 
| 123|0x0000000087b00000, 0x0000000087c00000, 0x0000000087c00000|100%| O|  |TAMS 0x0000000087c00000, 0x0000000087b00000| Untracked 
| 124|0x0000000087c00000, 0x0000000087d00000, 0x0000000087d00000|100%| O|  |TAMS 0x0000000087d00000, 0x0000000087c00000| Untracked 
| 125|0x0000000087d00000, 0x0000000087e00000, 0x0000000087e00000|100%| O|  |TAMS 0x0000000087e00000, 0x0000000087d00000| Untracked 
| 126|0x0000000087e00000, 0x0000000087f00000, 0x0000000087f00000|100%| O|  |TAMS 0x0000000087f00000, 0x0000000087e00000| Untracked 
| 127|0x0000000087f00000, 0x0000000088000000, 0x0000000088000000|100%| O|  |TAMS 0x0000000088000000, 0x0000000087f00000| Untracked 
| 128|0x0000000088000000, 0x0000000088100000, 0x0000000088100000|100%| O|  |TAMS 0x0000000088100000, 0x0000000088000000| Untracked 
| 129|0x0000000088100000, 0x0000000088200000, 0x0000000088200000|100%| O|  |TAMS 0x0000000088200000, 0x0000000088100000| Untracked 
| 130|0x0000000088200000, 0x0000000088300000, 0x0000000088300000|100%| O|  |TAMS 0x0000000088300000, 0x0000000088200000| Untracked 
| 131|0x0000000088300000, 0x0000000088400000, 0x0000000088400000|100%| O|  |TAMS 0x0000000088400000, 0x0000000088300000| Untracked 
| 132|0x0000000088400000, 0x0000000088500000, 0x0000000088500000|100%| O|  |TAMS 0x0000000088500000, 0x0000000088400000| Untracked 
| 133|0x0000000088500000, 0x0000000088600000, 0x0000000088600000|100%| O|  |TAMS 0x0000000088600000, 0x0000000088500000| Untracked 
| 134|0x0000000088600000, 0x0000000088700000, 0x0000000088700000|100%| O|  |TAMS 0x000000008867a600, 0x0000000088600000| Untracked 
| 135|0x0000000088700000, 0x0000000088800000, 0x0000000088800000|100%|HS|  |TAMS 0x0000000088700000, 0x0000000088700000| Complete 
| 136|0x0000000088800000, 0x0000000088900000, 0x0000000088900000|100%|HS|  |TAMS 0x0000000088800000, 0x0000000088800000| Complete 
| 137|0x0000000088900000, 0x0000000088a00000, 0x0000000088a00000|100%| O|  |TAMS 0x0000000088900000, 0x0000000088900000| Untracked 
| 138|0x0000000088a00000, 0x0000000088b00000, 0x0000000088b00000|100%| O|  |TAMS 0x0000000088a00000, 0x0000000088a00000| Untracked 
| 139|0x0000000088b00000, 0x0000000088c00000, 0x0000000088c00000|100%| O|  |TAMS 0x0000000088b00000, 0x0000000088b00000| Untracked 
| 140|0x0000000088c00000, 0x0000000088d00000, 0x0000000088d00000|100%| O|  |TAMS 0x0000000088c00000, 0x0000000088c00000| Untracked 
| 141|0x0000000088d00000, 0x0000000088e00000, 0x0000000088e00000|100%| O|  |TAMS 0x0000000088d00000, 0x0000000088d00000| Untracked 
| 142|0x0000000088e00000, 0x0000000088f00000, 0x0000000088f00000|100%| O|  |TAMS 0x0000000088e00000, 0x0000000088e00000| Untracked 
| 143|0x0000000088f00000, 0x0000000089000000, 0x0000000089000000|100%| O|  |TAMS 0x0000000088f00000, 0x0000000088f00000| Untracked 
| 144|0x0000000089000000, 0x0000000089100000, 0x0000000089100000|100%| O|  |TAMS 0x0000000089000000, 0x0000000089000000| Untracked 
| 145|0x0000000089100000, 0x0000000089200000, 0x0000000089200000|100%| O|  |TAMS 0x0000000089100000, 0x0000000089100000| Untracked 
| 146|0x0000000089200000, 0x0000000089300000, 0x0000000089300000|100%|HS|  |TAMS 0x0000000089200000, 0x0000000089200000| Complete 
| 147|0x0000000089300000, 0x0000000089400000, 0x0000000089400000|100%| O|  |TAMS 0x0000000089300000, 0x0000000089300000| Untracked 
| 148|0x0000000089400000, 0x0000000089500000, 0x0000000089500000|100%| O|  |TAMS 0x0000000089400000, 0x0000000089400000| Untracked 
| 149|0x0000000089500000, 0x0000000089600000, 0x0000000089600000|100%| O|  |TAMS 0x0000000089500000, 0x0000000089500000| Untracked 
| 150|0x0000000089600000, 0x0000000089700000, 0x0000000089700000|100%| O|  |TAMS 0x0000000089600000, 0x0000000089600000| Untracked 
| 151|0x0000000089700000, 0x0000000089800000, 0x0000000089800000|100%| O|  |TAMS 0x0000000089700000, 0x0000000089700000| Untracked 
| 152|0x0000000089800000, 0x0000000089900000, 0x0000000089900000|100%| O|  |TAMS 0x0000000089800000, 0x0000000089800000| Untracked 
| 153|0x0000000089900000, 0x0000000089a00000, 0x0000000089a00000|100%| O|  |TAMS 0x0000000089900000, 0x0000000089900000| Untracked 
| 154|0x0000000089a00000, 0x0000000089b00000, 0x0000000089b00000|100%| O|  |TAMS 0x0000000089a00000, 0x0000000089a00000| Untracked 
| 155|0x0000000089b00000, 0x0000000089c00000, 0x0000000089c00000|100%| O|  |TAMS 0x0000000089b00000, 0x0000000089b00000| Untracked 
| 156|0x0000000089c00000, 0x0000000089d00000, 0x0000000089d00000|100%| O|  |TAMS 0x0000000089c00000, 0x0000000089c00000| Untracked 
| 157|0x0000000089d00000, 0x0000000089e00000, 0x0000000089e00000|100%| O|  |TAMS 0x0000000089d00000, 0x0000000089d00000| Untracked 
| 158|0x0000000089e00000, 0x0000000089f00000, 0x0000000089f00000|100%| O|  |TAMS 0x0000000089e00000, 0x0000000089e00000| Untracked 
| 159|0x0000000089f00000, 0x000000008a000000, 0x000000008a000000|100%| O|  |TAMS 0x0000000089f00000, 0x0000000089f00000| Untracked 
| 160|0x000000008a000000, 0x000000008a000000, 0x000000008a100000|  0%| F|  |TAMS 0x000000008a000000, 0x000000008a000000| Untracked 
| 161|0x000000008a100000, 0x000000008a100000, 0x000000008a200000|  0%| F|  |TAMS 0x000000008a100000, 0x000000008a100000| Untracked 
| 162|0x000000008a200000, 0x000000008a200000, 0x000000008a300000|  0%| F|  |TAMS 0x000000008a200000, 0x000000008a200000| Untracked 
| 163|0x000000008a300000, 0x000000008a400000, 0x000000008a400000|100%| O|  |TAMS 0x000000008a400000, 0x000000008a300000| Untracked 
| 164|0x000000008a400000, 0x000000008a500000, 0x000000008a500000|100%| O|  |TAMS 0x000000008a500000, 0x000000008a400000| Untracked 
| 165|0x000000008a500000, 0x000000008a600000, 0x000000008a600000|100%| O|  |TAMS 0x000000008a600000, 0x000000008a500000| Untracked 
| 166|0x000000008a600000, 0x000000008a700000, 0x000000008a700000|100%| O|  |TAMS 0x000000008a700000, 0x000000008a600000| Untracked 
| 167|0x000000008a700000, 0x000000008a800000, 0x000000008a800000|100%| O|  |TAMS 0x000000008a800000, 0x000000008a700000| Untracked 
| 168|0x000000008a800000, 0x000000008a900000, 0x000000008a900000|100%| O|  |TAMS 0x000000008a900000, 0x000000008a800000| Untracked 
| 169|0x000000008a900000, 0x000000008aa00000, 0x000000008aa00000|100%| O|  |TAMS 0x000000008aa00000, 0x000000008a900000| Untracked 
| 170|0x000000008aa00000, 0x000000008ab00000, 0x000000008ab00000|100%| O|  |TAMS 0x000000008ab00000, 0x000000008aa00000| Untracked 
| 171|0x000000008ab00000, 0x000000008ac00000, 0x000000008ac00000|100%| O|  |TAMS 0x000000008ac00000, 0x000000008ab00000| Untracked 
| 172|0x000000008ac00000, 0x000000008ac00000, 0x000000008ad00000|  0%| F|  |TAMS 0x000000008ac00000, 0x000000008ac00000| Untracked 
| 173|0x000000008ad00000, 0x000000008ad00000, 0x000000008ae00000|  0%| F|  |TAMS 0x000000008ad00000, 0x000000008ad00000| Untracked 
| 174|0x000000008ae00000, 0x000000008ae00000, 0x000000008af00000|  0%| F|  |TAMS 0x000000008ae00000, 0x000000008ae00000| Untracked 
| 175|0x000000008af00000, 0x000000008af00000, 0x000000008b000000|  0%| F|  |TAMS 0x000000008af00000, 0x000000008af00000| Untracked 
| 176|0x000000008b000000, 0x000000008b000000, 0x000000008b100000|  0%| F|  |TAMS 0x000000008b000000, 0x000000008b000000| Untracked 
| 177|0x000000008b100000, 0x000000008b100000, 0x000000008b200000|  0%| F|  |TAMS 0x000000008b100000, 0x000000008b100000| Untracked 
| 178|0x000000008b200000, 0x000000008b200000, 0x000000008b300000|  0%| F|  |TAMS 0x000000008b200000, 0x000000008b200000| Untracked 
| 179|0x000000008b300000, 0x000000008b300000, 0x000000008b400000|  0%| F|  |TAMS 0x000000008b300000, 0x000000008b300000| Untracked 
| 180|0x000000008b400000, 0x000000008b400000, 0x000000008b500000|  0%| F|  |TAMS 0x000000008b400000, 0x000000008b400000| Untracked 
| 181|0x000000008b500000, 0x000000008b500000, 0x000000008b600000|  0%| F|  |TAMS 0x000000008b500000, 0x000000008b500000| Untracked 
| 182|0x000000008b600000, 0x000000008b600000, 0x000000008b700000|  0%| F|  |TAMS 0x000000008b600000, 0x000000008b600000| Untracked 
| 183|0x000000008b700000, 0x000000008b700000, 0x000000008b800000|  0%| F|  |TAMS 0x000000008b700000, 0x000000008b700000| Untracked 
| 184|0x000000008b800000, 0x000000008b800000, 0x000000008b900000|  0%| F|  |TAMS 0x000000008b800000, 0x000000008b800000| Untracked 
| 185|0x000000008b900000, 0x000000008b900000, 0x000000008ba00000|  0%| F|  |TAMS 0x000000008b900000, 0x000000008b900000| Untracked 
| 186|0x000000008ba00000, 0x000000008ba00000, 0x000000008bb00000|  0%| F|  |TAMS 0x000000008ba00000, 0x000000008ba00000| Untracked 
| 187|0x000000008bb00000, 0x000000008bb00000, 0x000000008bc00000|  0%| F|  |TAMS 0x000000008bb00000, 0x000000008bb00000| Untracked 
| 188|0x000000008bc00000, 0x000000008bc00000, 0x000000008bd00000|  0%| F|  |TAMS 0x000000008bc00000, 0x000000008bc00000| Untracked 
| 189|0x000000008bd00000, 0x000000008bd00000, 0x000000008be00000|  0%| F|  |TAMS 0x000000008bd00000, 0x000000008bd00000| Untracked 
| 190|0x000000008be00000, 0x000000008be00000, 0x000000008bf00000|  0%| F|  |TAMS 0x000000008be00000, 0x000000008be00000| Untracked 
| 191|0x000000008bf00000, 0x000000008bf00000, 0x000000008c000000|  0%| F|  |TAMS 0x000000008bf00000, 0x000000008bf00000| Untracked 
| 192|0x000000008c000000, 0x000000008c000000, 0x000000008c100000|  0%| F|  |TAMS 0x000000008c000000, 0x000000008c000000| Untracked 
| 193|0x000000008c100000, 0x000000008c100000, 0x000000008c200000|  0%| F|  |TAMS 0x000000008c100000, 0x000000008c100000| Untracked 
| 194|0x000000008c200000, 0x000000008c200000, 0x000000008c300000|  0%| F|  |TAMS 0x000000008c200000, 0x000000008c200000| Untracked 
| 195|0x000000008c300000, 0x000000008c300000, 0x000000008c400000|  0%| F|  |TAMS 0x000000008c300000, 0x000000008c300000| Untracked 
| 196|0x000000008c400000, 0x000000008c400000, 0x000000008c500000|  0%| F|  |TAMS 0x000000008c400000, 0x000000008c400000| Untracked 
| 197|0x000000008c500000, 0x000000008c500000, 0x000000008c600000|  0%| F|  |TAMS 0x000000008c500000, 0x000000008c500000| Untracked 
| 198|0x000000008c600000, 0x000000008c600000, 0x000000008c700000|  0%| F|  |TAMS 0x000000008c600000, 0x000000008c600000| Untracked 
| 199|0x000000008c700000, 0x000000008c700000, 0x000000008c800000|  0%| F|  |TAMS 0x000000008c700000, 0x000000008c700000| Untracked 
| 200|0x000000008c800000, 0x000000008c800000, 0x000000008c900000|  0%| F|  |TAMS 0x000000008c800000, 0x000000008c800000| Untracked 
| 201|0x000000008c900000, 0x000000008c900000, 0x000000008ca00000|  0%| F|  |TAMS 0x000000008c900000, 0x000000008c900000| Untracked 
| 202|0x000000008ca00000, 0x000000008ca00000, 0x000000008cb00000|  0%| F|  |TAMS 0x000000008ca00000, 0x000000008ca00000| Untracked 
| 203|0x000000008cb00000, 0x000000008cb00000, 0x000000008cc00000|  0%| F|  |TAMS 0x000000008cb00000, 0x000000008cb00000| Untracked 
| 204|0x000000008cc00000, 0x000000008cc00000, 0x000000008cd00000|  0%| F|  |TAMS 0x000000008cc00000, 0x000000008cc00000| Untracked 
| 205|0x000000008cd00000, 0x000000008cd00000, 0x000000008ce00000|  0%| F|  |TAMS 0x000000008cd00000, 0x000000008cd00000| Untracked 
| 206|0x000000008ce00000, 0x000000008ce00000, 0x000000008cf00000|  0%| F|  |TAMS 0x000000008ce00000, 0x000000008ce00000| Untracked 
| 207|0x000000008cf00000, 0x000000008cf00000, 0x000000008d000000|  0%| F|  |TAMS 0x000000008cf00000, 0x000000008cf00000| Untracked 
| 208|0x000000008d000000, 0x000000008d000000, 0x000000008d100000|  0%| F|  |TAMS 0x000000008d000000, 0x000000008d000000| Untracked 
| 209|0x000000008d100000, 0x000000008d100000, 0x000000008d200000|  0%| F|  |TAMS 0x000000008d100000, 0x000000008d100000| Untracked 
| 210|0x000000008d200000, 0x000000008d200000, 0x000000008d300000|  0%| F|  |TAMS 0x000000008d200000, 0x000000008d200000| Untracked 
| 211|0x000000008d300000, 0x000000008d300000, 0x000000008d400000|  0%| F|  |TAMS 0x000000008d300000, 0x000000008d300000| Untracked 
| 212|0x000000008d400000, 0x000000008d400000, 0x000000008d500000|  0%| F|  |TAMS 0x000000008d400000, 0x000000008d400000| Untracked 
| 213|0x000000008d500000, 0x000000008d500000, 0x000000008d600000|  0%| F|  |TAMS 0x000000008d500000, 0x000000008d500000| Untracked 
| 214|0x000000008d600000, 0x000000008d600000, 0x000000008d700000|  0%| F|  |TAMS 0x000000008d600000, 0x000000008d600000| Untracked 
| 215|0x000000008d700000, 0x000000008d700000, 0x000000008d800000|  0%| F|  |TAMS 0x000000008d700000, 0x000000008d700000| Untracked 
| 216|0x000000008d800000, 0x000000008d800000, 0x000000008d900000|  0%| F|  |TAMS 0x000000008d800000, 0x000000008d800000| Untracked 
| 217|0x000000008d900000, 0x000000008d900000, 0x000000008da00000|  0%| F|  |TAMS 0x000000008d900000, 0x000000008d900000| Untracked 
| 218|0x000000008da00000, 0x000000008da00000, 0x000000008db00000|  0%| F|  |TAMS 0x000000008da00000, 0x000000008da00000| Untracked 
| 219|0x000000008db00000, 0x000000008db00000, 0x000000008dc00000|  0%| F|  |TAMS 0x000000008db00000, 0x000000008db00000| Untracked 
| 220|0x000000008dc00000, 0x000000008dc00000, 0x000000008dd00000|  0%| F|  |TAMS 0x000000008dc00000, 0x000000008dc00000| Untracked 
| 221|0x000000008dd00000, 0x000000008dd00000, 0x000000008de00000|  0%| F|  |TAMS 0x000000008dd00000, 0x000000008dd00000| Untracked 
| 222|0x000000008de00000, 0x000000008de00000, 0x000000008df00000|  0%| F|  |TAMS 0x000000008de00000, 0x000000008de00000| Untracked 
| 223|0x000000008df00000, 0x000000008df00000, 0x000000008e000000|  0%| F|  |TAMS 0x000000008df00000, 0x000000008df00000| Untracked 
| 224|0x000000008e000000, 0x000000008e100000, 0x000000008e100000|100%| S|CS|TAMS 0x000000008e000000, 0x000000008e000000| Complete 
| 225|0x000000008e100000, 0x000000008e200000, 0x000000008e200000|100%| S|CS|TAMS 0x000000008e100000, 0x000000008e100000| Complete 
| 226|0x000000008e200000, 0x000000008e200000, 0x000000008e300000|  0%| F|  |TAMS 0x000000008e200000, 0x000000008e200000| Untracked 
| 227|0x000000008e300000, 0x000000008e300000, 0x000000008e400000|  0%| F|  |TAMS 0x000000008e300000, 0x000000008e300000| Untracked 
| 228|0x000000008e400000, 0x000000008e400000, 0x000000008e500000|  0%| F|  |TAMS 0x000000008e400000, 0x000000008e400000| Untracked 
| 229|0x000000008e500000, 0x000000008e600000, 0x000000008e600000|100%| S|CS|TAMS 0x000000008e500000, 0x000000008e500000| Complete 
| 230|0x000000008e600000, 0x000000008e700000, 0x000000008e700000|100%| S|CS|TAMS 0x000000008e600000, 0x000000008e600000| Complete 
| 231|0x000000008e700000, 0x000000008e700000, 0x000000008e800000|  0%| F|  |TAMS 0x000000008e700000, 0x000000008e700000| Untracked 
| 232|0x000000008e800000, 0x000000008e800000, 0x000000008e900000|  0%| F|  |TAMS 0x000000008e800000, 0x000000008e800000| Untracked 
| 233|0x000000008e900000, 0x000000008e900000, 0x000000008ea00000|  0%| F|  |TAMS 0x000000008e900000, 0x000000008e900000| Untracked 
| 234|0x000000008ea00000, 0x000000008ea00000, 0x000000008eb00000|  0%| F|  |TAMS 0x000000008ea00000, 0x000000008ea00000| Untracked 
| 235|0x000000008eb00000, 0x000000008eb00000, 0x000000008ec00000|  0%| F|  |TAMS 0x000000008eb00000, 0x000000008eb00000| Untracked 
| 236|0x000000008ec00000, 0x000000008ec00000, 0x000000008ed00000|  0%| F|  |TAMS 0x000000008ec00000, 0x000000008ec00000| Untracked 
| 237|0x000000008ed00000, 0x000000008ed00000, 0x000000008ee00000|  0%| F|  |TAMS 0x000000008ed00000, 0x000000008ed00000| Untracked 
| 238|0x000000008ee00000, 0x000000008ee00000, 0x000000008ef00000|  0%| F|  |TAMS 0x000000008ee00000, 0x000000008ee00000| Untracked 
| 239|0x000000008ef00000, 0x000000008ef00000, 0x000000008f000000|  0%| F|  |TAMS 0x000000008ef00000, 0x000000008ef00000| Untracked 
| 240|0x000000008f000000, 0x000000008f000000, 0x000000008f100000|  0%| F|  |TAMS 0x000000008f000000, 0x000000008f000000| Untracked 
| 241|0x000000008f100000, 0x000000008f100000, 0x000000008f200000|  0%| F|  |TAMS 0x000000008f100000, 0x000000008f100000| Untracked 
| 242|0x000000008f200000, 0x000000008f200000, 0x000000008f300000|  0%| F|  |TAMS 0x000000008f200000, 0x000000008f200000| Untracked 
| 243|0x000000008f300000, 0x000000008f300000, 0x000000008f400000|  0%| F|  |TAMS 0x000000008f300000, 0x000000008f300000| Untracked 
| 244|0x000000008f400000, 0x000000008f400000, 0x000000008f500000|  0%| F|  |TAMS 0x000000008f400000, 0x000000008f400000| Untracked 
| 245|0x000000008f500000, 0x000000008f500000, 0x000000008f600000|  0%| F|  |TAMS 0x000000008f500000, 0x000000008f500000| Untracked 
| 246|0x000000008f600000, 0x000000008f600000, 0x000000008f700000|  0%| F|  |TAMS 0x000000008f600000, 0x000000008f600000| Untracked 
| 247|0x000000008f700000, 0x000000008f700000, 0x000000008f800000|  0%| F|  |TAMS 0x000000008f700000, 0x000000008f700000| Untracked 
| 248|0x000000008f800000, 0x000000008f800000, 0x000000008f900000|  0%| F|  |TAMS 0x000000008f800000, 0x000000008f800000| Untracked 
| 249|0x000000008f900000, 0x000000008f900000, 0x000000008fa00000|  0%| F|  |TAMS 0x000000008f900000, 0x000000008f900000| Untracked 
| 250|0x000000008fa00000, 0x000000008fa00000, 0x000000008fb00000|  0%| F|  |TAMS 0x000000008fa00000, 0x000000008fa00000| Untracked 
| 251|0x000000008fb00000, 0x000000008fb00000, 0x000000008fc00000|  0%| F|  |TAMS 0x000000008fb00000, 0x000000008fb00000| Untracked 

Card table byte_map: [0x000001e172740000,0x000001e172b40000] _byte_map_base: 0x000001e172340000

Marking Bits (Prev, Next): (CMBitMap*) 0x000001e15fe09fa0, (CMBitMap*) 0x000001e15fe09f68
 Prev Bits: [0x000001e174f40000, 0x000001e176f40000)
 Next Bits: [0x000001e172f40000, 0x000001e174f40000)

Polling page: 0x000001e15dc70000

Metaspace:

Usage:
  Non-class:     83.85 MB capacity,    82.33 MB ( 98%) used,     1.23 MB (  1%) free+waste,   286.56 KB ( <1%) overhead. 
      Class:     13.27 MB capacity,    12.36 MB ( 93%) used,   802.80 KB (  6%) free+waste,   132.63 KB ( <1%) overhead. 
       Both:     97.12 MB capacity,    94.69 MB ( 97%) used,     2.02 MB (  2%) free+waste,   419.19 KB ( <1%) overhead. 

Virtual space:
  Non-class space:       84.00 MB reserved,      84.00 MB (100%) committed 
      Class space:        1.00 GB reserved,      13.38 MB (  1%) committed 
             Both:        1.08 GB reserved,      97.38 MB (  9%) committed 

Chunk freelists:
   Non-Class:  30.00 KB
       Class:  12.00 KB
        Both:  42.00 KB

MaxMetaspaceSize: 17179869184.00 GB
CompressedClassSpaceSize: 1.00 GB

CodeHeap 'non-profiled nmethods': size=120064Kb used=5948Kb max_used=5948Kb free=114115Kb
 bounds [0x000001e16b200000, 0x000001e16b7d0000, 0x000001e172740000]
CodeHeap 'profiled nmethods': size=120000Kb used=25233Kb max_used=25233Kb free=94766Kb
 bounds [0x000001e163cd0000, 0x000001e165580000, 0x000001e16b200000]
CodeHeap 'non-nmethods': size=5696Kb used=2269Kb max_used=2320Kb free=3426Kb
 bounds [0x000001e163740000, 0x000001e1639b0000, 0x000001e163cd0000]
 total_blobs=12392 nmethods=11510 adapters=794
 compilation: enabled
              stopped_count=0, restarted_count=0
 full_count=0

Compilation events (20 events):
Event: 84.667 Thread 0x000001e179351000 11936       2       com.android.tools.r8.code.M2::a (1 bytes)
Event: 84.667 Thread 0x000001e179351000 nmethod 11936 0x000001e165577210 code [0x000001e1655773c0, 0x000001e1655774b8]
Event: 84.669 Thread 0x000001e179351000 11937       2       com.android.tools.r8.code.u2::a (1 bytes)
Event: 84.669 Thread 0x000001e179351000 nmethod 11937 0x000001e165577590 code [0x000001e165577740, 0x000001e165577838]
Event: 84.693 Thread 0x000001e17934b800 nmethod 11907 0x000001e16b7c7a10 code [0x000001e16b7c7e20, 0x000001e16b7cc1e8]
Event: 84.693 Thread 0x000001e17934b800 11593       4       com.android.tools.r8.s.a.a.a.B::test (8 bytes)
Event: 84.695 Thread 0x000001e17934b800 nmethod 11593 0x000001e16b7cde10 code [0x000001e16b7cdfa0, 0x000001e16b7ce038]
Event: 84.695 Thread 0x000001e17934b800 11906       4       java.util.stream.ReferencePipeline$2$1::accept (27 bytes)
Event: 84.697 Thread 0x000001e17934b800 nmethod 11906 0x000001e16b7ce110 code [0x000001e16b7ce2a0, 0x000001e16b7ce358]
Event: 84.697 Thread 0x000001e17934b800 11539       4       jdk.internal.util.Preconditions::checkIndex (18 bytes)
Event: 84.698 Thread 0x000001e17934b800 nmethod 11539 0x000001e16b7ce490 code [0x000001e16b7ce620, 0x000001e16b7ce698]
Event: 84.698 Thread 0x000001e17934b800 11655       4       com.android.tools.r8.s.a.a.b.a::hasNext (17 bytes)
Event: 84.699 Thread 0x000001e17934b800 nmethod 11655 0x000001e16b7ce790 code [0x000001e16b7ce920, 0x000001e16b7ce998]
Event: 84.699 Thread 0x000001e17934b800 11650       4       com.android.tools.r8.w.a.a.a.h.f0$f::hasNext (14 bytes)
Event: 84.700 Thread 0x000001e17934b800 nmethod 11650 0x000001e16b7cea10 code [0x000001e16b7ceba0, 0x000001e16b7cec18]
Event: 84.700 Thread 0x000001e17934b800 11658       4       com.android.tools.r8.s.a.a.b.M0::next (32 bytes)
Event: 84.704 Thread 0x000001e17934b800 nmethod 11658 0x000001e16b7cec90 code [0x000001e16b7cee40, 0x000001e16b7cefc8]
Event: 84.704 Thread 0x000001e17934b800 11935       4       com.android.tools.r8.graph.e0::A (9 bytes)
Event: 84.705 Thread 0x000001e17934b800 nmethod 11935 0x000001e16b7cf110 code [0x000001e16b7cf2a0, 0x000001e16b7cf318]
Event: 84.705 Thread 0x000001e17934b800 11595       4       com.android.tools.r8.graph.u1$$Lambda$926/0x0000000100be2440::apply (16 bytes)

GC Heap History (20 events):
Event: 74.844 GC heap after
{Heap after GC invocations=39 (full 0):
 garbage-first heap   total 165888K, used 81552K [0x0000000080000000, 0x0000000100000000)
  region size 1024K, 1 young (1024K), 1 survivors (1024K)
 Metaspace       used 95230K, capacity 97731K, committed 97920K, reserved 1134592K
  class space    used 12429K, capacity 13335K, committed 13440K, reserved 1048576K
}
Event: 74.977 GC heap before
{Heap before GC invocations=39 (full 0):
 garbage-first heap   total 165888K, used 82576K [0x0000000080000000, 0x0000000100000000)
  region size 1024K, 3 young (3072K), 1 survivors (1024K)
 Metaspace       used 95343K, capacity 97843K, committed 97920K, reserved 1134592K
  class space    used 12438K, capacity 13369K, committed 13440K, reserved 1048576K
}
Event: 74.986 GC heap after
{Heap after GC invocations=40 (full 0):
 garbage-first heap   total 165888K, used 81517K [0x0000000080000000, 0x0000000100000000)
  region size 1024K, 1 young (1024K), 1 survivors (1024K)
 Metaspace       used 95343K, capacity 97843K, committed 97920K, reserved 1134592K
  class space    used 12438K, capacity 13369K, committed 13440K, reserved 1048576K
}
Event: 76.869 GC heap before
{Heap before GC invocations=41 (full 0):
 garbage-first heap   total 165888K, used 158317K [0x0000000080000000, 0x0000000100000000)
  region size 1024K, 47 young (48128K), 1 survivors (1024K)
 Metaspace       used 95657K, capacity 98148K, committed 98432K, reserved 1134592K
  class space    used 12467K, capacity 13405K, committed 13440K, reserved 1048576K
}
Event: 76.979 GC heap after
{Heap after GC invocations=42 (full 0):
 garbage-first heap   total 176128K, used 114744K [0x0000000080000000, 0x0000000100000000)
  region size 1024K, 6 young (6144K), 6 survivors (6144K)
 Metaspace       used 95657K, capacity 98148K, committed 98432K, reserved 1134592K
  class space    used 12467K, capacity 13405K, committed 13440K, reserved 1048576K
}
Event: 77.005 GC heap before
{Heap before GC invocations=42 (full 0):
 garbage-first heap   total 176128K, used 116792K [0x0000000080000000, 0x0000000100000000)
  region size 1024K, 8 young (8192K), 6 survivors (6144K)
 Metaspace       used 95657K, capacity 98148K, committed 98432K, reserved 1134592K
  class space    used 12467K, capacity 13405K, committed 13440K, reserved 1048576K
}
Event: 77.066 GC heap after
{Heap after GC invocations=43 (full 0):
 garbage-first heap   total 176128K, used 114176K [0x0000000080000000, 0x0000000100000000)
  region size 1024K, 1 young (1024K), 1 survivors (1024K)
 Metaspace       used 95657K, capacity 98148K, committed 98432K, reserved 1134592K
  class space    used 12467K, capacity 13405K, committed 13440K, reserved 1048576K
}
Event: 78.375 GC heap before
{Heap before GC invocations=43 (full 0):
 garbage-first heap   total 176128K, used 139776K [0x0000000080000000, 0x0000000100000000)
  region size 1024K, 27 young (27648K), 1 survivors (1024K)
 Metaspace       used 96619K, capacity 99140K, committed 99456K, reserved 1134592K
  class space    used 12645K, capacity 13583K, committed 13696K, reserved 1048576K
}
Event: 78.472 GC heap after
{Heap after GC invocations=44 (full 0):
 garbage-first heap   total 176128K, used 127616K [0x0000000080000000, 0x0000000100000000)
  region size 1024K, 4 young (4096K), 4 survivors (4096K)
 Metaspace       used 96619K, capacity 99140K, committed 99456K, reserved 1134592K
  class space    used 12645K, capacity 13583K, committed 13696K, reserved 1048576K
}
Event: 79.540 GC heap before
{Heap before GC invocations=45 (full 0):
 garbage-first heap   total 176128K, used 136832K [0x0000000080000000, 0x0000000100000000)
  region size 1024K, 13 young (13312K), 4 survivors (4096K)
 Metaspace       used 96623K, capacity 99140K, committed 99456K, reserved 1134592K
  class space    used 12645K, capacity 13583K, committed 13696K, reserved 1048576K
}
Event: 79.647 GC heap after
{Heap after GC invocations=46 (full 0):
 garbage-first heap   total 176128K, used 133120K [0x0000000080000000, 0x0000000100000000)
  region size 1024K, 2 young (2048K), 2 survivors (2048K)
 Metaspace       used 96623K, capacity 99140K, committed 99456K, reserved 1134592K
  class space    used 12645K, capacity 13583K, committed 13696K, reserved 1048576K
}
Event: 79.825 GC heap before
{Heap before GC invocations=46 (full 0):
 garbage-first heap   total 176128K, used 139264K [0x0000000080000000, 0x0000000100000000)
  region size 1024K, 8 young (8192K), 2 survivors (2048K)
 Metaspace       used 96633K, capacity 99140K, committed 99456K, reserved 1134592K
  class space    used 12645K, capacity 13583K, committed 13696K, reserved 1048576K
}
Event: 79.879 GC heap after
{Heap after GC invocations=47 (full 0):
 garbage-first heap   total 258048K, used 136192K [0x0000000080000000, 0x0000000100000000)
  region size 1024K, 1 young (1024K), 1 survivors (1024K)
 Metaspace       used 96633K, capacity 99140K, committed 99456K, reserved 1134592K
  class space    used 12645K, capacity 13583K, committed 13696K, reserved 1048576K
}
Event: 80.503 GC heap before
{Heap before GC invocations=47 (full 0):
 garbage-first heap   total 258048K, used 158720K [0x0000000080000000, 0x0000000100000000)
  region size 1024K, 24 young (24576K), 1 survivors (1024K)
 Metaspace       used 96645K, capacity 99143K, committed 99456K, reserved 1134592K
  class space    used 12645K, capacity 13583K, committed 13696K, reserved 1048576K
}
Event: 80.600 GC heap after
{Heap after GC invocations=48 (full 0):
 garbage-first heap   total 258048K, used 149993K [0x0000000080000000, 0x0000000100000000)
  region size 1024K, 3 young (3072K), 3 survivors (3072K)
 Metaspace       used 96645K, capacity 99143K, committed 99456K, reserved 1134592K
  class space    used 12645K, capacity 13583K, committed 13696K, reserved 1048576K
}
Event: 82.697 GC heap before
{Heap before GC invocations=49 (full 0):
 garbage-first heap   total 258048K, used 174569K [0x0000000080000000, 0x0000000100000000)
  region size 1024K, 25 young (25600K), 3 survivors (3072K)
 Metaspace       used 96805K, capacity 99299K, committed 99456K, reserved 1134592K
  class space    used 12650K, capacity 13585K, committed 13696K, reserved 1048576K
}
Event: 82.797 GC heap after
{Heap after GC invocations=50 (full 0):
 garbage-first heap   total 258048K, used 162816K [0x0000000080000000, 0x0000000100000000)
  region size 1024K, 4 young (4096K), 4 survivors (4096K)
 Metaspace       used 96805K, capacity 99299K, committed 99456K, reserved 1134592K
  class space    used 12650K, capacity 13585K, committed 13696K, reserved 1048576K
}
Event: 83.805 GC heap before
{Heap before GC invocations=50 (full 0):
 garbage-first heap   total 258048K, used 185344K [0x0000000080000000, 0x0000000100000000)
  region size 1024K, 26 young (26624K), 4 survivors (4096K)
 Metaspace       used 96948K, capacity 99446K, committed 99712K, reserved 1134592K
  class space    used 12652K, capacity 13588K, committed 13696K, reserved 1048576K
}
Event: 83.913 GC heap after
{Heap after GC invocations=51 (full 0):
 garbage-first heap   total 258048K, used 169984K [0x0000000080000000, 0x0000000100000000)
  region size 1024K, 4 young (4096K), 4 survivors (4096K)
 Metaspace       used 96948K, capacity 99446K, committed 99712K, reserved 1134592K
  class space    used 12652K, capacity 13588K, committed 13696K, reserved 1048576K
}
Event: 84.784 GC heap before
{Heap before GC invocations=51 (full 0):
 garbage-first heap   total 258048K, used 191488K [0x0000000080000000, 0x0000000100000000)
  region size 1024K, 25 young (25600K), 4 survivors (4096K)
 Metaspace       used 96959K, capacity 99446K, committed 99712K, reserved 1134592K
  class space    used 12652K, capacity 13588K, committed 13696K, reserved 1048576K
}

Deoptimization events (20 events):
Event: 83.198 Thread 0x000001e100f02800 DEOPT PACKING pc=0x000001e16552f3dd sp=0x000000563f4fef80
Event: 83.198 Thread 0x000001e100f02800 DEOPT UNPACKING pc=0x000001e1637667c0 sp=0x000000563f4fe450 mode 0
Event: 83.282 Thread 0x000001e17c079000 DEOPT PACKING pc=0x000001e16552e50e sp=0x000000563f3ff1f0
Event: 83.282 Thread 0x000001e17c079000 DEOPT UNPACKING pc=0x000001e1637667c0 sp=0x000000563f3fe7b0 mode 0
Event: 83.480 Thread 0x000001e17c078800 Uncommon trap: trap_request=0xffffffe4 fr.pc=0x000001e16b7815f4 relative=0x0000000000000234
Event: 83.480 Thread 0x000001e17c078800 Uncommon trap: reason=range_check action=make_not_entrant pc=0x000001e16b7815f4 method=com.android.tools.r8.graph.q0.b(Lcom/android/tools/r8/graph/q0;)I @ 26 c2
Event: 83.480 Thread 0x000001e17c078800 DEOPT PACKING pc=0x000001e16b7815f4 sp=0x0000005635ffd110
Event: 83.480 Thread 0x000001e17c078800 DEOPT UNPACKING pc=0x000001e1637669aa sp=0x0000005635ffd090 mode 2
Event: 83.524 Thread 0x000001e17c078800 DEOPT PACKING pc=0x000001e165548752 sp=0x0000005635ffd1c0
Event: 83.524 Thread 0x000001e17c078800 DEOPT UNPACKING pc=0x000001e1637667c0 sp=0x0000005635ffc700 mode 0
Event: 83.643 Thread 0x000001e17c078800 DEOPT PACKING pc=0x000001e165541d66 sp=0x0000005635ffcf30
Event: 83.643 Thread 0x000001e17c078800 DEOPT UNPACKING pc=0x000001e1637667c0 sp=0x0000005635ffc3c0 mode 0
Event: 84.015 Thread 0x000001e17c078800 DEOPT PACKING pc=0x000001e165557f6b sp=0x0000005635ffd5b0
Event: 84.015 Thread 0x000001e17c078800 DEOPT UNPACKING pc=0x000001e1637667c0 sp=0x0000005635ffca48 mode 0
Event: 84.380 Thread 0x000001e17c078800 DEOPT PACKING pc=0x000001e1655607bb sp=0x0000005635ffd630
Event: 84.380 Thread 0x000001e17c078800 DEOPT UNPACKING pc=0x000001e1637667c0 sp=0x0000005635ffcae0 mode 0
Event: 84.525 Thread 0x000001e17c078800 DEOPT PACKING pc=0x000001e16555cc06 sp=0x0000005635ffd320
Event: 84.525 Thread 0x000001e17c078800 DEOPT UNPACKING pc=0x000001e1637667c0 sp=0x0000005635ffc7f0 mode 0
Event: 84.624 Thread 0x000001e17c078800 DEOPT PACKING pc=0x000001e165546bc0 sp=0x0000005635ffd100
Event: 84.624 Thread 0x000001e17c078800 DEOPT UNPACKING pc=0x000001e1637667c0 sp=0x0000005635ffc5e8 mode 0

Classes redefined (0 events):
No events

Internal exceptions (20 events):
Event: 69.032 Thread 0x000001e17c078800 Exception <a 'sun/nio/fs/WindowsException'{0x0000000089cbeed0}> (0x0000000089cbeed0) thrown at [./src/hotspot/share/prims/jni.cpp, line 615]
Event: 69.342 Thread 0x000001e17c078800 Exception <a 'java/lang/NoSuchMethodError'{0x0000000089709350}: 'java.lang.Object java.lang.invoke.DirectMethodHandle$Holder.invokeStatic(java.lang.Object, java.lang.Object, java.lang.Object, java.lang.Object, java.lang.Object, java.lang.Object, java.lang.Object, java.lang.Object, java.lang.Object, java.lang.Object, java.lang.Object, java.lang.Object, java.lang.Object, java.lang.Object, java.lang.Object, java.lang.Object, java.lang.Object, int, java.lang.Object)'> (0x0000000089709350) thrown at [./src/hots
Event: 69.343 Thread 0x000001e17c078800 Exception <a 'java/lang/NoSuchMethodError'{0x000000008970e9a0}: 'java.lang.Object java.lang.invoke.DirectMethodHandle$Holder.invokeStaticInit(java.lang.Object, java.lang.Object, java.lang.Object, java.lang.Object, java.lang.Object, java.lang.Object, java.lang.Object, java.lang.Object, java.lang.Object, java.lang.Object, java.lang.Object, java.lang.Object, java.lang.Object, java.lang.Object, java.lang.Object, java.lang.Object, java.lang.Object, int, java.lang.Object)'> (0x000000008970e9a0) thrown at [./src/
Event: 69.522 Thread 0x000001e17c078800 Exception <a 'java/lang/NoSuchMethodError'{0x00000000894339b8}: 'java.lang.Object java.lang.invoke.DirectMethodHandle$Holder.invokeStatic(java.lang.Object, long)'> (0x00000000894339b8) thrown at [./src/hotspot/share/interpreter/linkResolver.cpp, line 773]
Event: 69.523 Thread 0x000001e17c078800 Exception <a 'java/lang/NoSuchMethodError'{0x0000000089439d38}: 'java.lang.Object java.lang.invoke.Invokers$Holder.linkToTargetMethod(long, java.lang.Object)'> (0x0000000089439d38) thrown at [./src/hotspot/share/interpreter/linkResolver.cpp, line 773]
Event: 69.642 Thread 0x000001e17c078800 Exception <a 'java/lang/NoSuchMethodError'{0x0000000089282850}: 'long java.lang.invoke.DirectMethodHandle$Holder.invokeStatic(java.lang.Object, java.lang.Object)'> (0x0000000089282850) thrown at [./src/hotspot/share/interpreter/linkResolver.cpp, line 773]
Event: 69.915 Thread 0x000001e17c078800 Exception <a 'java/lang/NoSuchMethodError'{0x0000000088e91198}: 'java.lang.Object java.lang.invoke.DirectMethodHandle$Holder.newInvokeSpecial(java.lang.Object, int)'> (0x0000000088e91198) thrown at [./src/hotspot/share/interpreter/linkResolver.cpp, line 773]
Event: 69.957 Thread 0x000001e17c078800 Exception <a 'java/lang/NoSuchMethodError'{0x0000000088d9c920}: 'void java.lang.invoke.DirectMethodHandle$Holder.invokeStatic(java.lang.Object, java.lang.Object, java.lang.Object, int)'> (0x0000000088d9c920) thrown at [./src/hotspot/share/interpreter/linkResolver.cpp, line 773]
Event: 69.963 Thread 0x000001e17c078800 Exception <a 'java/lang/IncompatibleClassChangeError'{0x0000000088da4830}: Found class java.lang.Object, but interface was expected> (0x0000000088da4830) thrown at [./src/hotspot/share/interpreter/linkResolver.cpp, line 839]
Event: 70.179 Thread 0x000001e17c078800 Exception <a 'java/lang/NoSuchMethodError'{0x0000000088add770}: 'void java.lang.invoke.DirectMethodHandle$Holder.invokeStaticInit(java.lang.Object, java.lang.Object, java.lang.Object, java.lang.Object, java.lang.Object)'> (0x0000000088add770) thrown at [./src/hotspot/share/interpreter/linkResolver.cpp, line 773]
Event: 70.271 Thread 0x000001e17c078800 Exception <a 'java/lang/NoSuchMethodError'{0x00000000889c4860}: 'java.lang.Object java.lang.invoke.DirectMethodHandle$Holder.invokeStatic(java.lang.Object, int, java.lang.Object, java.lang.Object)'> (0x00000000889c4860) thrown at [./src/hotspot/share/interpreter/linkResolver.cpp, line 773]
Event: 70.327 Thread 0x000001e17c078800 Exception <a 'java/lang/NoSuchMethodError'{0x0000000088866770}: 'void java.lang.invoke.DirectMethodHandle$Holder.invokeSpecial(java.lang.Object, java.lang.Object, int, java.lang.Object)'> (0x0000000088866770) thrown at [./src/hotspot/share/interpreter/linkResolver.cpp, line 773]
Event: 70.541 Thread 0x000001e17c078800 Exception <a 'java/lang/NoSuchMethodError'{0x00000000885fe338}: 'java.lang.Object java.lang.invoke.DirectMethodHandle$Holder.invokeVirtual(java.lang.Object, java.lang.Object, int, java.lang.Object)'> (0x00000000885fe338) thrown at [./src/hotspot/share/interpreter/linkResolver.cpp, line 773]
Event: 70.598 Thread 0x000001e17c078800 Exception <a 'java/lang/NoSuchMethodError'{0x00000000884a8068}: 'void java.lang.invoke.DirectMethodHandle$Holder.invokeVirtual(java.lang.Object, java.lang.Object, int, java.lang.Object)'> (0x00000000884a8068) thrown at [./src/hotspot/share/interpreter/linkResolver.cpp, line 773]
Event: 71.397 Thread 0x000001e17c078800 Exception <a 'java/lang/NoSuchMethodError'{0x0000000087cc8f48}: 'java.lang.Object java.lang.invoke.DirectMethodHandle$Holder.invokeSpecial(java.lang.Object, java.lang.Object, java.lang.Object, java.lang.Object, java.lang.Object, java.lang.Object, java.lang.Object, java.lang.Object, java.lang.Object, java.lang.Object)'> (0x0000000087cc8f48) thrown at [./src/hotspot/share/interpreter/linkResolver.cpp, line 773]
Event: 71.397 Thread 0x000001e17c078800 Exception <a 'java/lang/NoSuchMethodError'{0x0000000087ccd038}: 'java.lang.Object java.lang.invoke.Invokers$Holder.linkToTargetMethod(java.lang.Object, java.lang.Object, java.lang.Object, java.lang.Object, java.lang.Object, java.lang.Object, java.lang.Object, java.lang.Object, java.lang.Object)'> (0x0000000087ccd038) thrown at [./src/hotspot/share/interpreter/linkResolver.cpp, line 773]
Event: 71.591 Thread 0x000001e17c078800 Exception <a 'java/lang/NoSuchMethodError'{0x000000008799abb8}: 'void java.lang.invoke.DirectMethodHandle$Holder.invokeVirtual(java.lang.Object, java.lang.Object, int)'> (0x000000008799abb8) thrown at [./src/hotspot/share/interpreter/linkResolver.cpp, line 773]
Event: 71.655 Thread 0x000001e17c078800 Exception <a 'sun/nio/fs/WindowsException'{0x00000000878214c0}> (0x00000000878214c0) thrown at [./src/hotspot/share/prims/jni.cpp, line 615]
Event: 72.931 Thread 0x000001e17a7c2000 Implicit null exception at 0x000001e16b29baa4 to 0x000001e16b29bda4
Event: 75.733 Thread 0x000001e17c078800 Exception <a 'sun/nio/fs/WindowsException'{0x0000000089c686f8}> (0x0000000089c686f8) thrown at [./src/hotspot/share/prims/jni.cpp, line 615]

Events (20 events):
Event: 84.196 Thread 0x000001e17a55b000 Thread exited: 0x000001e17a55b000
Event: 84.196 Thread 0x000001e17a560000 Thread exited: 0x000001e17a560000
Event: 84.197 Thread 0x000001e17a55d800 Thread exited: 0x000001e17a55d800
Event: 84.197 Thread 0x000001e17a55f000 Thread exited: 0x000001e17a55f000
Event: 84.197 Thread 0x000001e17a55c800 Thread exited: 0x000001e17a55c800
Event: 84.197 Thread 0x000001e17a55e000 Thread exited: 0x000001e17a55e000
Event: 84.197 Thread 0x000001e17a554800 Thread exited: 0x000001e17a554800
Event: 84.198 Thread 0x000001e17a55a000 Thread exited: 0x000001e17a55a000
Event: 84.198 Thread 0x000001e17a553800 Thread exited: 0x000001e17a553800
Event: 84.198 Thread 0x000001e17a559000 Thread exited: 0x000001e17a559000
Event: 84.198 Thread 0x000001e17a552800 Thread exited: 0x000001e17a552800
Event: 84.198 Thread 0x000001e17a558800 Thread exited: 0x000001e17a558800
Event: 84.198 Thread 0x000001e17a552000 Thread exited: 0x000001e17a552000
Event: 84.199 Thread 0x000001e17a557800 Thread exited: 0x000001e17a557800
Event: 84.199 Thread 0x000001e17a551000 Thread exited: 0x000001e17a551000
Event: 84.199 Thread 0x000001e17a557000 Thread exited: 0x000001e17a557000
Event: 84.199 Thread 0x000001e17a556000 Thread exited: 0x000001e17a556000
Event: 84.199 Thread 0x000001e17a555000 Thread exited: 0x000001e17a555000
Event: 84.200 Thread 0x000001e17deff000 Thread exited: 0x000001e17deff000
Event: 84.784 Executing VM operation: G1CollectForAllocation


Dynamic libraries:
0x00007ff66d3f0000 - 0x00007ff66d3fa000 	C:\Program Files\Android\Android Studio\jre\bin\java.exe
0x00007ffe7bd20000 - 0x00007ffe7bf01000 	C:\Windows\SYSTEM32\ntdll.dll
0x00007ffe7b160000 - 0x00007ffe7b212000 	C:\Windows\System32\KERNEL32.DLL
0x00007ffe78360000 - 0x00007ffe785d3000 	C:\Windows\System32\KERNELBASE.dll
0x00007ffe78980000 - 0x00007ffe78a7a000 	C:\Windows\System32\ucrtbase.dll
0x00007ffe6c020000 - 0x00007ffe6c039000 	C:\Program Files\Android\Android Studio\jre\bin\jli.dll
0x00007ffe6c580000 - 0x00007ffe6c597000 	C:\Program Files\Android\Android Studio\jre\bin\VCRUNTIME140.dll
0x00007ffe7b370000 - 0x00007ffe7b500000 	C:\Windows\System32\USER32.dll
0x00007ffe78a80000 - 0x00007ffe78aa0000 	C:\Windows\System32\win32u.dll
0x00007ffe6ab30000 - 0x00007ffe6ad99000 	C:\Windows\WinSxS\amd64_microsoft.windows.common-controls_6595b64144ccf1df_6.0.17133.73_none_b4b127863cb5b9c7\COMCTL32.dll
0x00007ffe7af40000 - 0x00007ffe7af68000 	C:\Windows\System32\GDI32.dll
0x00007ffe797c0000 - 0x00007ffe7985e000 	C:\Windows\System32\msvcrt.dll
0x00007ffe78690000 - 0x00007ffe78822000 	C:\Windows\System32\gdi32full.dll
0x00007ffe7b500000 - 0x00007ffe7b823000 	C:\Windows\System32\combase.dll
0x00007ffe78890000 - 0x00007ffe7892f000 	C:\Windows\System32\msvcp_win.dll
0x00007ffe7af70000 - 0x00007ffe7b094000 	C:\Windows\System32\RPCRT4.dll
0x00007ffe782e0000 - 0x00007ffe7835a000 	C:\Windows\System32\bcryptPrimitives.dll
0x00007ffe79490000 - 0x00007ffe794bd000 	C:\Windows\System32\IMM32.DLL
0x00007ffe65680000 - 0x00007ffe6571d000 	C:\Program Files\Android\Android Studio\jre\bin\msvcp140.dll
0x00007ffe433a0000 - 0x00007ffe43e5c000 	C:\Program Files\Android\Android Studio\jre\bin\server\jvm.dll
0x00007ffe793e0000 - 0x00007ffe79481000 	C:\Windows\System32\ADVAPI32.dll
0x00007ffe79860000 - 0x00007ffe798bb000 	C:\Windows\System32\sechost.dll
0x00007ffe791b0000 - 0x00007ffe791b8000 	C:\Windows\System32\PSAPI.DLL
0x00007ffe6c010000 - 0x00007ffe6c019000 	C:\Windows\SYSTEM32\WSOCK32.dll
0x00007ffe75e60000 - 0x00007ffe75e83000 	C:\Windows\SYSTEM32\WINMM.dll
0x00007ffe7b830000 - 0x00007ffe7b89c000 	C:\Windows\System32\WS2_32.dll
0x00007ffe68610000 - 0x00007ffe6861a000 	C:\Windows\SYSTEM32\VERSION.dll
0x00007ffe75e30000 - 0x00007ffe75e5a000 	C:\Windows\SYSTEM32\WINMMBASE.dll
0x00007ffe78930000 - 0x00007ffe78979000 	C:\Windows\System32\cfgmgr32.dll
0x00007ffe780b0000 - 0x00007ffe780c1000 	C:\Windows\System32\kernel.appcore.dll
0x00007ffe63290000 - 0x00007ffe632a1000 	C:\Program Files\Android\Android Studio\jre\bin\verify.dll
0x00007ffe67470000 - 0x00007ffe67639000 	C:\Windows\SYSTEM32\DBGHELP.DLL
0x00007ffe67440000 - 0x00007ffe67469000 	C:\Windows\SYSTEM32\dbgcore.DLL
0x00007ffe62e60000 - 0x00007ffe62e89000 	C:\Program Files\Android\Android Studio\jre\bin\java.dll
0x00007ffe6b770000 - 0x00007ffe6b77b000 	C:\Program Files\Android\Android Studio\jre\bin\jimage.dll
0x00007ffe63270000 - 0x00007ffe63288000 	C:\Program Files\Android\Android Studio\jre\bin\zip.dll
0x00007ffe79b00000 - 0x00007ffe7af40000 	C:\Windows\System32\SHELL32.dll
0x00007ffe7b0a0000 - 0x00007ffe7b149000 	C:\Windows\System32\shcore.dll
0x00007ffe78aa0000 - 0x00007ffe791ad000 	C:\Windows\System32\windows.storage.dll
0x00007ffe798c0000 - 0x00007ffe79911000 	C:\Windows\System32\shlwapi.dll
0x00007ffe78030000 - 0x00007ffe7804f000 	C:\Windows\System32\profapi.dll
0x00007ffe78060000 - 0x00007ffe780ac000 	C:\Windows\System32\powrprof.dll
0x00007ffe78050000 - 0x00007ffe7805a000 	C:\Windows\System32\FLTLIB.DLL
0x00007ffe5c9e0000 - 0x00007ffe5c9fa000 	C:\Program Files\Android\Android Studio\jre\bin\net.dll
0x00007ffe6f3f0000 - 0x00007ffe6f4cd000 	C:\Windows\SYSTEM32\WINHTTP.dll
0x00007ffe77850000 - 0x00007ffe778b6000 	C:\Windows\system32\mswsock.dll
0x00007ffe5b600000 - 0x00007ffe5b614000 	C:\Program Files\Android\Android Studio\jre\bin\nio.dll
0x00007ffe71fe0000 - 0x00007ffe72007000 	C:\Users\MISHECK\.gradle\native\fdc75f09e3144964f2cf3f50f0aa648679c211496f362492102eb8c894070792\windows-amd64\native-platform.dll
0x00007ffe63460000 - 0x00007ffe635f6000 	C:\Users\MISHECK\.gradle\native\12488b8bf47d2d4c9fbf2f6322a914ad602e24e48041cd04a747c6da556b65c4\windows-amd64\native-platform-file-events.dll
0x00007ffe68c50000 - 0x00007ffe68c5a000 	C:\Program Files\Android\Android Studio\jre\bin\management.dll
0x00007ffe67c40000 - 0x00007ffe67c4c000 	C:\Program Files\Android\Android Studio\jre\bin\management_ext.dll
0x00007ffe77a00000 - 0x00007ffe77a17000 	C:\Windows\SYSTEM32\CRYPTSP.dll
0x00007ffe77430000 - 0x00007ffe77463000 	C:\Windows\system32\rsaenh.dll
0x00007ffe77b30000 - 0x00007ffe77b55000 	C:\Windows\SYSTEM32\bcrypt.dll
0x00007ffe77f30000 - 0x00007ffe77f58000 	C:\Windows\SYSTEM32\USERENV.dll
0x00007ffe77a20000 - 0x00007ffe77a2b000 	C:\Windows\SYSTEM32\CRYPTBASE.dll
0x00007ffe775d0000 - 0x00007ffe77608000 	C:\Windows\SYSTEM32\IPHLPAPI.DLL
0x00007ffe7b150000 - 0x00007ffe7b158000 	C:\Windows\System32\NSI.dll
0x00007ffe6f920000 - 0x00007ffe6f936000 	C:\Windows\SYSTEM32\dhcpcsvc6.DLL
0x00007ffe6f900000 - 0x00007ffe6f91a000 	C:\Windows\SYSTEM32\dhcpcsvc.DLL
0x00007ffe6f690000 - 0x00007ffe6f69b000 	C:\Windows\SYSTEM32\WINNSI.DLL

dbghelp: loaded successfully - version: 4.0.5 - missing functions: none
symbol engine: initialized successfully - sym options: 0x614 - pdb path: .;C:\Program Files\Android\Android Studio\jre\bin;C:\Windows\SYSTEM32;C:\Windows\WinSxS\amd64_microsoft.windows.common-controls_6595b64144ccf1df_6.0.17133.73_none_b4b127863cb5b9c7;C:\Program Files\Android\Android Studio\jre\bin\server;C:\Users\MISHECK\.gradle\native\fdc75f09e3144964f2cf3f50f0aa648679c211496f362492102eb8c894070792\windows-amd64;C:\Users\MISHECK\.gradle\native\12488b8bf47d2d4c9fbf2f6322a914ad602e24e48041cd04a747c6da556b65c4\windows-amd64

VM Arguments:
jvm_args: --add-opens=java.base/java.util=ALL-UNNAMED --add-opens=java.base/java.lang=ALL-UNNAMED --add-opens=java.base/java.lang.invoke=ALL-UNNAMED --add-opens=java.prefs/java.util.prefs=ALL-UNNAMED -Xmx2048m -Dfile.encoding=UTF-8 -Duser.country=US -Duser.language=en -Duser.variant 
java_command: org.gradle.launcher.daemon.bootstrap.GradleDaemon 6.7.1
java_class_path (initial): C:\Users\MISHECK\.gradle\wrapper\dists\gradle-6.7.1-bin\bwlcbys1h7rz3272sye1xwiv6\gradle-6.7.1\lib\gradle-launcher-6.7.1.jar
Launcher Type: SUN_STANDARD

[Global flags]
     intx CICompilerCount                          = 2                                         {product} {ergonomic}
     uint ConcGCThreads                            = 1                                         {product} {ergonomic}
     uint G1ConcRefinementThreads                  = 2                                         {product} {ergonomic}
   size_t G1HeapRegionSize                         = 1048576                                   {product} {ergonomic}
    uintx GCDrainStackTargetSize                   = 64                                        {product} {ergonomic}
   size_t InitialHeapSize                          = 67108864                                  {product} {ergonomic}
   size_t MarkStackSize                            = 4194304                                   {product} {ergonomic}
   size_t MaxHeapSize                              = 2147483648                                {product} {command line}
   size_t MaxNewSize                               = 1287651328                                {product} {ergonomic}
   size_t MinHeapDeltaBytes                        = 1048576                                   {product} {ergonomic}
    uintx NonNMethodCodeHeapSize                   = 5825164                                {pd product} {ergonomic}
    uintx NonProfiledCodeHeapSize                  = 122916538                              {pd product} {ergonomic}
    uintx ProfiledCodeHeapSize                     = 122916538                              {pd product} {ergonomic}
    uintx ReservedCodeCacheSize                    = 251658240                              {pd product} {ergonomic}
     bool SegmentedCodeCache                       = true                                      {product} {ergonomic}
     bool UseCompressedClassPointers               = true                                 {lp64_product} {ergonomic}
     bool UseCompressedOops                        = true                                 {lp64_product} {ergonomic}
     bool UseG1GC                                  = true                                      {product} {ergonomic}
     bool UseLargePagesIndividualAllocation        = false                                  {pd product} {ergonomic}

Logging:
Log output configuration:
 #0: stdout all=warning uptime,level,tags
 #1: stderr all=off uptime,level,tags

Environment Variables:
JAVA_HOME=C:\Program Files\Java\jdk1.8.0_191
PATH=C:\Program Files (x86)\Common Files\Oracle\Java\javapath;C:\Windows\system32;C:\Windows;C:\Windows\System32\Wbem;C:\Windows\System32\WindowsPowerShell\v1.0\;C:\Windows\System32\OpenSSH\;C:\Program Files (x86)\Git\cmd;C:\Program Files\nodejs\;C:\Program Files\Java\jdk1.8.0_191\bin;C:\Users\MISHECK\AppData\Roaming\npm;C:\Exercism;C:\Users\MISHECK\AppData\Local\Programs\Python\Python39;C:\Users\MISHECK\AppData\Local\Programs\Microsoft VS Code\bin;C:\Program Files\CodeBlocks\MinGW\bin;
USERNAME=MISHECK
OS=Windows_NT
PROCESSOR_IDENTIFIER=Intel64 Family 6 Model 55 Stepping 8, GenuineIntel



---------------  S Y S T E M  ---------------

OS: Windows 10 , 64 bit Build 17133 (10.0.17133.73)
OS uptime: 0 days 17:35 hours

CPU:total 2 (initial active 2) (2 cores per cpu, 1 threads per core) family 6 model 55 stepping 8, cmov, cx8, fxsr, mmx, sse, sse2, sse3, ssse3, sse4.1, sse4.2, popcnt, clmul, erms, 3dnowpref, tsc, tscinvbit

Memory: 4k page, system-wide physical 3987M (637M free)
TotalPageFile size 5381M (AvailPageFile size 198M)
current process WorkingSet (physical memory assigned to process): 464M, peak: 471M
current process commit charge ("private bytes"): 536M, peak: 742M

vm_info: OpenJDK 64-Bit Server VM (11.0.8+10-b944.6842174) for windows-amd64 JRE (11.0.8+10-b944.6842174), built on Sep 19 2020 01:11:42 by "builder" with MS VC++ 14.0 (VS2015)

END.
