#
# There is insufficient memory for the Java Runtime Environment to continue.
# Native memory allocation (malloc) failed to allocate 997936 bytes for Chunk::new
# Possible reasons:
#   The system is out of physical RAM or swap space
#   The process is running with CompressedOops enabled, and the Java Heap may be blocking the growth of the native heap
# Possible solutions:
#   Reduce memory load on the system
#   Increase physical memory or swap space
#   Check if swap backing store is full
#   Decrease Java heap size (-Xmx/-Xms)
#   Decrease number of Java threads
#   Decrease Java thread stack sizes (-Xss)
#   Set larger code cache with -XX:ReservedCodeCacheSize=
#   JVM is running with Unscaled Compressed Oops mode in which the Java heap is
#     placed in the first 4GB address space. The Java Heap base address is the
#     maximum limit for the native heap growth. Please use -XX:HeapBaseMinAddress
#     to set the Java Heap base and to place the Java Heap above 4GB virtual address.
# This output file may be truncated or incomplete.
#
#  Out of Memory Error (./src/hotspot/share/memory/arena.cpp:197), pid=9064, tid=10872
#
# JRE version: OpenJDK Runtime Environment (11.0.8+10) (build 11.0.8+10-b944.6842174)
# Java VM: OpenJDK 64-Bit Server VM (11.0.8+10-b944.6842174, mixed mode, tiered, compressed oops, g1 gc, windows-amd64)
# No core dump will be written. Minidumps are not enabled by default on client versions of Windows
#

---------------  S U M M A R Y ------------

Command Line: --add-opens=java.base/java.util=ALL-UNNAMED --add-opens=java.base/java.lang=ALL-UNNAMED --add-opens=java.base/java.lang.invoke=ALL-UNNAMED --add-opens=java.prefs/java.util.prefs=ALL-UNNAMED -Xmx2048m -Dfile.encoding=UTF-8 -Duser.country=US -Duser.language=en -Duser.variant org.gradle.launcher.daemon.bootstrap.GradleDaemon 6.7.1

Host: Intel(R) Celeron(R) CPU  N2840  @ 2.16GHz, 2 cores, 3G,  Windows 10 , 64 bit Build 17133 (10.0.17133.73)
Time: Tue Jul 13 07:36:08 2021 Pacific Daylight Time elapsed time: 618 seconds (0d 0h 10m 18s)

---------------  T H R E A D  ---------------

Current thread (0x000002371a6b3800):  JavaThread "C2 CompilerThread0" daemon [_thread_in_native, id=10872, stack(0x0000009c51100000,0x0000009c51200000)]


Current CompileTask:
C2: 618622 16627   !   4       org.gradle.api.internal.artifacts.ivyservice.resolveengine.artifact.ArtifactBackedResolvedVariant$DownloadArtifactFile::run (50 bytes)

Stack: [0x0000009c51100000,0x0000009c51200000]
Native frames: (J=compiled Java code, j=interpreted, Vv=VM code, C=native code)
V  [jvm.dll+0x5de50a]
V  [jvm.dll+0x7122f5]
V  [jvm.dll+0x71384d]
V  [jvm.dll+0x713f03]
V  [jvm.dll+0x23e728]
V  [jvm.dll+0xb899c]
V  [jvm.dll+0xb8e9c]
V  [jvm.dll+0x35024d]
V  [jvm.dll+0x193b27]
V  [jvm.dll+0x1f780e]
V  [jvm.dll+0x1f68d4]
V  [jvm.dll+0x17f32c]
V  [jvm.dll+0x205047]
V  [jvm.dll+0x203891]
V  [jvm.dll+0x6dad3f]
V  [jvm.dll+0x6d3895]
V  [jvm.dll+0x5dd4a6]
C  [ucrtbase.dll+0x1c1ae]
C  [KERNEL32.DLL+0x13034]
C  [ntdll.dll+0x71551]


---------------  P R O C E S S  ---------------

Threads class SMR info:
_java_thread_list=0x000002371c98e9a0, length=43, elements={
0x000002377e78d000, 0x0000023719e30000, 0x0000023719e31800, 0x000002371a6b0800,
0x000002371a6b1800, 0x000002371a6b3800, 0x000002371a6b8800, 0x000002371a6bf800,
0x000002371a7fa000, 0x000002371a807800, 0x000002371b967000, 0x000002371b240800,
0x000002371aff4800, 0x000002371b580000, 0x000002371b581000, 0x000002371b57e800,
0x000002371cc26000, 0x000002371cc24800, 0x000002371aa2d800, 0x000002371aa2c800,
0x000002371aa2f000, 0x000002371aa31800, 0x000002371aa2f800, 0x000002371aa30800,
0x000002371aa33000, 0x000002371aa2e000, 0x000002371aa38800, 0x000002371aa39800,
0x000002371aa3a800, 0x000002371aa34800, 0x000002371aa3b000, 0x000002371aa35800,
0x0000023722d9a800, 0x0000023722d9b000, 0x0000023722d97000, 0x0000023722d98000,
0x0000023722965800, 0x0000023722967000, 0x0000023722966000, 0x0000023722967800,
0x000002372296a000, 0x000002371cc23800, 0x000002371cc25000
}

Java Threads: ( => current thread )
  0x000002377e78d000 JavaThread "main" [_thread_blocked, id=18892, stack(0x0000009c50600000,0x0000009c50700000)]
  0x0000023719e30000 JavaThread "Reference Handler" daemon [_thread_blocked, id=324, stack(0x0000009c50d00000,0x0000009c50e00000)]
  0x0000023719e31800 JavaThread "Finalizer" daemon [_thread_blocked, id=18228, stack(0x0000009c50e00000,0x0000009c50f00000)]
  0x000002371a6b0800 JavaThread "Signal Dispatcher" daemon [_thread_blocked, id=10048, stack(0x0000009c50f00000,0x0000009c51000000)]
  0x000002371a6b1800 JavaThread "Attach Listener" daemon [_thread_blocked, id=5660, stack(0x0000009c51000000,0x0000009c51100000)]
=>0x000002371a6b3800 JavaThread "C2 CompilerThread0" daemon [_thread_in_native, id=10872, stack(0x0000009c51100000,0x0000009c51200000)]
  0x000002371a6b8800 JavaThread "C1 CompilerThread0" daemon [_thread_blocked, id=10868, stack(0x0000009c51200000,0x0000009c51300000)]
  0x000002371a6bf800 JavaThread "Sweeper thread" daemon [_thread_blocked, id=788, stack(0x0000009c51300000,0x0000009c51400000)]
  0x000002371a7fa000 JavaThread "Common-Cleaner" daemon [_thread_blocked, id=17512, stack(0x0000009c51400000,0x0000009c51500000)]
  0x000002371a807800 JavaThread "Service Thread" daemon [_thread_blocked, id=6532, stack(0x0000009c51500000,0x0000009c51600000)]
  0x000002371b967000 JavaThread "Daemon health stats" [_thread_blocked, id=15696, stack(0x0000009c51800000,0x0000009c51900000)]
  0x000002371b240800 JavaThread "Incoming local TCP Connector on port 50045" [_thread_in_native, id=2236, stack(0x0000009c51a00000,0x0000009c51b00000)]
  0x000002371aff4800 JavaThread "Daemon periodic checks" [_thread_blocked, id=7564, stack(0x0000009c51c00000,0x0000009c51d00000)]
  0x000002371b580000 JavaThread "Cache worker for file hash cache (C:\Users\MISHECK\.gradle\caches\6.7.1\fileHashes)" [_thread_blocked, id=6168, stack(0x0000009c52300000,0x0000009c52400000)]
  0x000002371b581000 JavaThread "File lock request listener" [_thread_in_native, id=4472, stack(0x0000009c52400000,0x0000009c52500000)]
  0x000002371b57e800 JavaThread "Cache worker for journal cache (C:\Users\MISHECK\.gradle\caches\journal-1)" [_thread_blocked, id=1992, stack(0x0000009c52500000,0x0000009c52600000)]
  0x000002371cc26000 JavaThread "Cache worker for execution history cache (C:\Users\MISHECK\.gradle\caches\6.7.1\executionHistory)" [_thread_blocked, id=5988, stack(0x0000009c53f00000,0x0000009c54000000)]
  0x000002371cc24800 JavaThread "Cache worker for file content cache (C:\Users\MISHECK\.gradle\caches\6.7.1\fileContent)" [_thread_blocked, id=3976, stack(0x0000009c54000000,0x0000009c54100000)]
  0x000002371aa2d800 JavaThread "Memory manager" [_thread_blocked, id=13852, stack(0x0000009c50300000,0x0000009c50400000)]
  0x000002371aa2c800 JavaThread "Daemon Thread 2" [_thread_blocked, id=14128, stack(0x0000009c50400000,0x0000009c50500000)]
  0x000002371aa2f000 JavaThread "Handler for socket connection from /127.0.0.1:50045 to /127.0.0.1:57718" [_thread_in_native, id=15932, stack(0x0000009c51b00000,0x0000009c51c00000)]
  0x000002371aa31800 JavaThread "Cancel handler" [_thread_blocked, id=15556, stack(0x0000009c51d00000,0x0000009c51e00000)]
  0x000002371aa2f800 JavaThread "Daemon worker Thread 2" [_thread_blocked, id=11804, stack(0x0000009c51e00000,0x0000009c51f00000)]
  0x000002371aa30800 JavaThread "Asynchronous log dispatcher for DefaultDaemonConnection: socket connection from /127.0.0.1:50045 to /127.0.0.1:57718" [_thread_blocked, id=14184, stack(0x0000009c51f00000,0x0000009c52000000)]
  0x000002371aa33000 JavaThread "Thread-126" [_thread_blocked, id=18284, stack(0x0000009c52200000,0x0000009c52300000)]
  0x000002371aa2e000 JavaThread "Cache worker for file hash cache (C:\Users\MISHECK\AndroidStudioProjects\ChildSafetyApp\.gradle\6.7.1\fileHashes)" [_thread_blocked, id=6836, stack(0x0000009c52600000,0x0000009c52700000)]
  0x000002371aa38800 JavaThread "Cache worker for checksums cache (C:\Users\MISHECK\AndroidStudioProjects\ChildSafetyApp\.gradle\checksums)" [_thread_blocked, id=13288, stack(0x0000009c52700000,0x0000009c52800000)]
  0x000002371aa39800 JavaThread "Cache worker for cache directory md-supplier (C:\Users\MISHECK\.gradle\caches\6.7.1\md-supplier)" [_thread_blocked, id=19420, stack(0x0000009c52800000,0x0000009c52900000)]
  0x000002371aa3a800 JavaThread "Cache worker for cache directory md-rule (C:\Users\MISHECK\.gradle\caches\6.7.1\md-rule)" [_thread_blocked, id=7624, stack(0x0000009c52900000,0x0000009c52a00000)]
  0x000002371aa34800 JavaThread "Cache worker for Build Output Cleanup Cache (C:\Users\MISHECK\AndroidStudioProjects\ChildSafetyApp\.gradle\buildOutputCleanup)" [_thread_blocked, id=8472, stack(0x0000009c52a00000,0x0000009c52b00000)]
  0x000002371aa3b000 JavaThread "Build operations" [_thread_blocked, id=10352, stack(0x0000009c52b00000,0x0000009c52c00000)]
  0x000002371aa35800 JavaThread "Build operations Thread 2" [_thread_blocked, id=12564, stack(0x0000009c52c00000,0x0000009c52d00000)]
  0x0000023722d9a800 JavaThread "build event listener" [_thread_blocked, id=14928, stack(0x0000009c59000000,0x0000009c59100000)]
  0x0000023722d9b000 JavaThread "build event listener" [_thread_blocked, id=11172, stack(0x0000009c59100000,0x0000009c59200000)]
  0x0000023722d97000 JavaThread "Execution worker for ':'" [_thread_in_native, id=14772, stack(0x0000009c59200000,0x0000009c59300000)]
  0x0000023722d98000 JavaThread "Cache worker for execution history cache (C:\Users\MISHECK\AndroidStudioProjects\ChildSafetyApp\.gradle\6.7.1\executionHistory)" [_thread_blocked, id=12152, stack(0x0000009c59300000,0x0000009c59400000)]
  0x0000023722965800 JavaThread "WorkerExecutor Queue" [_thread_blocked, id=7720, stack(0x0000009c59400000,0x0000009c59500000)]
  0x0000023722967000 JavaThread "WorkerExecutor Queue Thread 2" [_thread_blocked, id=6300, stack(0x0000009c59500000,0x0000009c59600000)]
  0x0000023722966000 JavaThread "pool-7-thread-1" [_thread_blocked, id=17956, stack(0x0000009c52100000,0x0000009c52200000)]
  0x0000023722967800 JavaThread "stderr" [_thread_in_native, id=16804, stack(0x0000009c59600000,0x0000009c59700000)]
  0x000002372296a000 JavaThread "stdout" [_thread_in_native, id=7772, stack(0x0000009c59700000,0x0000009c59800000)]
  0x000002371cc23800 JavaThread "Cache worker for Java compile cache (C:\Users\MISHECK\.gradle\caches\6.7.1\javaCompile)" [_thread_blocked, id=18724, stack(0x0000009c52000000,0x0000009c52100000)]
  0x000002371cc25000 JavaThread "Cache worker for Java compile cache (C:\Users\MISHECK\AndroidStudioProjects\ChildSafetyApp\.gradle\6.7.1\javaCompile)" [_thread_blocked, id=18316, stack(0x0000009c52d00000,0x0000009c52e00000)]

Other Threads:
  0x0000023719e2d800 VMThread "VM Thread" [stack: 0x0000009c50c00000,0x0000009c50d00000] [id=4228]
  0x000002371a80c800 WatcherThread [stack: 0x0000009c51600000,0x0000009c51700000] [id=1984]
  0x000002377e7a5800 GCTaskThread "GC Thread#0" [stack: 0x0000009c50700000,0x0000009c50800000] [id=5548]
  0x000002371a920000 GCTaskThread "GC Thread#1" [stack: 0x0000009c51700000,0x0000009c51800000] [id=13616]
  0x000002377e7d4000 ConcurrentGCThread "G1 Main Marker" [stack: 0x0000009c50800000,0x0000009c50900000] [id=13272]
  0x000002377e7d6800 ConcurrentGCThread "G1 Conc#0" [stack: 0x0000009c50900000,0x0000009c50a00000] [id=8736]
  0x000002377e825800 ConcurrentGCThread "G1 Refine#0" [stack: 0x0000009c50a00000,0x0000009c50b00000] [id=2548]
  0x000002377e826800 ConcurrentGCThread "G1 Young RemSet Sampling" [stack: 0x0000009c50b00000,0x0000009c50c00000] [id=17980]

Threads with active compile tasks:
C2 CompilerThread0 619477 16627   !   4       org.gradle.api.internal.artifacts.ivyservice.resolveengine.artifact.ArtifactBackedResolvedVariant$DownloadArtifactFile::run (50 bytes)

VM state:not at safepoint (normal execution)

VM Mutex/Monitor currently owned by a thread: None

Heap address: 0x0000000080000000, size: 2048 MB, Compressed Oops mode: 32-bit
Narrow klass base: 0x0000000000000000, Narrow klass shift: 3
Compressed class space size: 1073741824 Address: 0x0000000100000000

Heap:
 garbage-first heap   total 276480K, used 213504K [0x0000000080000000, 0x0000000100000000)
  region size 1024K, 51 young (52224K), 9 survivors (9216K)
 Metaspace       used 126216K, capacity 129287K, committed 129532K, reserved 1163264K
  class space    used 15605K, capacity 16661K, committed 16768K, reserved 1048576K
Heap Regions: E=young(eden), S=young(survivor), O=old, HS=humongous(starts), HC=humongous(continues), CS=collection set, F=free, A=archive, TAMS=top-at-mark-start (previous, next)
|   0|0x0000000080000000, 0x0000000080100000, 0x0000000080100000|100%| O|  |TAMS 0x0000000080100000, 0x0000000080000000| Untracked 
|   1|0x0000000080100000, 0x0000000080200000, 0x0000000080200000|100%| O|  |TAMS 0x0000000080200000, 0x0000000080100000| Untracked 
|   2|0x0000000080200000, 0x0000000080300000, 0x0000000080300000|100%| O|  |TAMS 0x0000000080300000, 0x0000000080200000| Untracked 
|   3|0x0000000080300000, 0x0000000080400000, 0x0000000080400000|100%| O|  |TAMS 0x0000000080400000, 0x0000000080300000| Untracked 
|   4|0x0000000080400000, 0x0000000080500000, 0x0000000080500000|100%|HS|  |TAMS 0x0000000080500000, 0x0000000080400000| Complete 
|   5|0x0000000080500000, 0x0000000080600000, 0x0000000080600000|100%|HC|  |TAMS 0x0000000080600000, 0x0000000080500000| Complete 
|   6|0x0000000080600000, 0x0000000080700000, 0x0000000080700000|100%|HC|  |TAMS 0x0000000080700000, 0x0000000080600000| Complete 
|   7|0x0000000080700000, 0x0000000080800000, 0x0000000080800000|100%| O|  |TAMS 0x0000000080800000, 0x0000000080700000| Untracked 
|   8|0x0000000080800000, 0x0000000080900000, 0x0000000080900000|100%| O|  |TAMS 0x0000000080900000, 0x0000000080800000| Untracked 
|   9|0x0000000080900000, 0x0000000080a00000, 0x0000000080a00000|100%| O|  |TAMS 0x0000000080a00000, 0x0000000080900000| Untracked 
|  10|0x0000000080a00000, 0x0000000080b00000, 0x0000000080b00000|100%| O|  |TAMS 0x0000000080b00000, 0x0000000080a00000| Untracked 
|  11|0x0000000080b00000, 0x0000000080c00000, 0x0000000080c00000|100%| O|  |TAMS 0x0000000080c00000, 0x0000000080b00000| Untracked 
|  12|0x0000000080c00000, 0x0000000080d00000, 0x0000000080d00000|100%| O|  |TAMS 0x0000000080d00000, 0x0000000080c00000| Untracked 
|  13|0x0000000080d00000, 0x0000000080e00000, 0x0000000080e00000|100%| O|  |TAMS 0x0000000080e00000, 0x0000000080d00000| Untracked 
|  14|0x0000000080e00000, 0x0000000080f00000, 0x0000000080f00000|100%| O|  |TAMS 0x0000000080f00000, 0x0000000080e00000| Untracked 
|  15|0x0000000080f00000, 0x0000000081000000, 0x0000000081000000|100%|HS|  |TAMS 0x0000000081000000, 0x0000000080f00000| Complete 
|  16|0x0000000081000000, 0x0000000081100000, 0x0000000081100000|100%|HC|  |TAMS 0x0000000081100000, 0x0000000081000000| Complete 
|  17|0x0000000081100000, 0x0000000081200000, 0x0000000081200000|100%|HS|  |TAMS 0x0000000081200000, 0x0000000081100000| Complete 
|  18|0x0000000081200000, 0x0000000081300000, 0x0000000081300000|100%|HC|  |TAMS 0x0000000081300000, 0x0000000081200000| Complete 
|  19|0x0000000081300000, 0x0000000081400000, 0x0000000081400000|100%|HC|  |TAMS 0x0000000081400000, 0x0000000081300000| Complete 
|  20|0x0000000081400000, 0x0000000081500000, 0x0000000081500000|100%|HS|  |TAMS 0x0000000081500000, 0x0000000081400000| Complete 
|  21|0x0000000081500000, 0x0000000081600000, 0x0000000081600000|100%|HC|  |TAMS 0x0000000081600000, 0x0000000081500000| Complete 
|  22|0x0000000081600000, 0x0000000081700000, 0x0000000081700000|100%|HC|  |TAMS 0x0000000081700000, 0x0000000081600000| Complete 
|  23|0x0000000081700000, 0x0000000081800000, 0x0000000081800000|100%|HC|  |TAMS 0x0000000081800000, 0x0000000081700000| Complete 
|  24|0x0000000081800000, 0x0000000081900000, 0x0000000081900000|100%| O|  |TAMS 0x0000000081900000, 0x0000000081800000| Untracked 
|  25|0x0000000081900000, 0x0000000081a00000, 0x0000000081a00000|100%| O|  |TAMS 0x0000000081a00000, 0x0000000081900000| Untracked 
|  26|0x0000000081a00000, 0x0000000081b00000, 0x0000000081b00000|100%| O|  |TAMS 0x0000000081b00000, 0x0000000081a00000| Untracked 
|  27|0x0000000081b00000, 0x0000000081c00000, 0x0000000081c00000|100%| O|  |TAMS 0x0000000081c00000, 0x0000000081b00000| Untracked 
|  28|0x0000000081c00000, 0x0000000081d00000, 0x0000000081d00000|100%| O|  |TAMS 0x0000000081d00000, 0x0000000081c00000| Untracked 
|  29|0x0000000081d00000, 0x0000000081e00000, 0x0000000081e00000|100%| O|  |TAMS 0x0000000081e00000, 0x0000000081d00000| Untracked 
|  30|0x0000000081e00000, 0x0000000081f00000, 0x0000000081f00000|100%| O|  |TAMS 0x0000000081f00000, 0x0000000081e00000| Untracked 
|  31|0x0000000081f00000, 0x0000000082000000, 0x0000000082000000|100%| O|  |TAMS 0x0000000082000000, 0x0000000081f00000| Untracked 
|  32|0x0000000082000000, 0x0000000082100000, 0x0000000082100000|100%| O|  |TAMS 0x0000000082100000, 0x0000000082000000| Untracked 
|  33|0x0000000082100000, 0x0000000082200000, 0x0000000082200000|100%| O|  |TAMS 0x0000000082200000, 0x0000000082100000| Untracked 
|  34|0x0000000082200000, 0x0000000082300000, 0x0000000082300000|100%|HS|  |TAMS 0x0000000082300000, 0x0000000082200000| Complete 
|  35|0x0000000082300000, 0x0000000082400000, 0x0000000082400000|100%|HC|  |TAMS 0x0000000082400000, 0x0000000082300000| Complete 
|  36|0x0000000082400000, 0x0000000082500000, 0x0000000082500000|100%|HC|  |TAMS 0x0000000082500000, 0x0000000082400000| Complete 
|  37|0x0000000082500000, 0x0000000082600000, 0x0000000082600000|100%|HC|  |TAMS 0x0000000082600000, 0x0000000082500000| Complete 
|  38|0x0000000082600000, 0x0000000082700000, 0x0000000082700000|100%|HS|  |TAMS 0x0000000082700000, 0x0000000082600000| Complete 
|  39|0x0000000082700000, 0x0000000082800000, 0x0000000082800000|100%|HC|  |TAMS 0x0000000082800000, 0x0000000082700000| Complete 
|  40|0x0000000082800000, 0x0000000082900000, 0x0000000082900000|100%|HC|  |TAMS 0x0000000082900000, 0x0000000082800000| Complete 
|  41|0x0000000082900000, 0x0000000082a00000, 0x0000000082a00000|100%| O|  |TAMS 0x0000000082a00000, 0x0000000082900000| Untracked 
|  42|0x0000000082a00000, 0x0000000082b00000, 0x0000000082b00000|100%| O|  |TAMS 0x0000000082b00000, 0x0000000082a00000| Untracked 
|  43|0x0000000082b00000, 0x0000000082c00000, 0x0000000082c00000|100%| O|  |TAMS 0x0000000082c00000, 0x0000000082b00000| Untracked 
|  44|0x0000000082c00000, 0x0000000082d00000, 0x0000000082d00000|100%| O|  |TAMS 0x0000000082d00000, 0x0000000082c00000| Untracked 
|  45|0x0000000082d00000, 0x0000000082e00000, 0x0000000082e00000|100%| O|  |TAMS 0x0000000082e00000, 0x0000000082d00000| Untracked 
|  46|0x0000000082e00000, 0x0000000082f00000, 0x0000000082f00000|100%| O|  |TAMS 0x0000000082f00000, 0x0000000082e00000| Untracked 
|  47|0x0000000082f00000, 0x0000000083000000, 0x0000000083000000|100%| O|  |TAMS 0x0000000083000000, 0x0000000082f00000| Untracked 
|  48|0x0000000083000000, 0x0000000083100000, 0x0000000083100000|100%| O|  |TAMS 0x0000000083100000, 0x0000000083000000| Untracked 
|  49|0x0000000083100000, 0x0000000083200000, 0x0000000083200000|100%| O|  |TAMS 0x0000000083200000, 0x0000000083100000| Untracked 
|  50|0x0000000083200000, 0x0000000083300000, 0x0000000083300000|100%| O|  |TAMS 0x0000000083300000, 0x0000000083200000| Untracked 
|  51|0x0000000083300000, 0x0000000083400000, 0x0000000083400000|100%|HS|  |TAMS 0x0000000083400000, 0x0000000083300000| Complete 
|  52|0x0000000083400000, 0x0000000083500000, 0x0000000083500000|100%| O|  |TAMS 0x0000000083500000, 0x0000000083400000| Untracked 
|  53|0x0000000083500000, 0x0000000083600000, 0x0000000083600000|100%| O|  |TAMS 0x0000000083600000, 0x0000000083500000| Untracked 
|  54|0x0000000083600000, 0x0000000083700000, 0x0000000083700000|100%| O|  |TAMS 0x0000000083700000, 0x0000000083600000| Untracked 
|  55|0x0000000083700000, 0x0000000083800000, 0x0000000083800000|100%|HS|  |TAMS 0x0000000083800000, 0x0000000083700000| Complete 
|  56|0x0000000083800000, 0x0000000083900000, 0x0000000083900000|100%|HC|  |TAMS 0x0000000083900000, 0x0000000083800000| Complete 
|  57|0x0000000083900000, 0x0000000083a00000, 0x0000000083a00000|100%| O|  |TAMS 0x0000000083a00000, 0x0000000083900000| Untracked 
|  58|0x0000000083a00000, 0x0000000083b00000, 0x0000000083b00000|100%| O|  |TAMS 0x0000000083b00000, 0x0000000083a00000| Untracked 
|  59|0x0000000083b00000, 0x0000000083c00000, 0x0000000083c00000|100%| O|  |TAMS 0x0000000083c00000, 0x0000000083b00000| Untracked 
|  60|0x0000000083c00000, 0x0000000083d00000, 0x0000000083d00000|100%| O|  |TAMS 0x0000000083d00000, 0x0000000083c00000| Untracked 
|  61|0x0000000083d00000, 0x0000000083e00000, 0x0000000083e00000|100%| O|  |TAMS 0x0000000083e00000, 0x0000000083d00000| Untracked 
|  62|0x0000000083e00000, 0x0000000083f00000, 0x0000000083f00000|100%| O|  |TAMS 0x0000000083f00000, 0x0000000083e00000| Untracked 
|  63|0x0000000083f00000, 0x0000000084000000, 0x0000000084000000|100%| O|  |TAMS 0x0000000084000000, 0x0000000083f00000| Untracked 
|  64|0x0000000084000000, 0x0000000084100000, 0x0000000084100000|100%| O|  |TAMS 0x0000000084100000, 0x0000000084000000| Untracked 
|  65|0x0000000084100000, 0x0000000084200000, 0x0000000084200000|100%| O|  |TAMS 0x0000000084200000, 0x0000000084100000| Untracked 
|  66|0x0000000084200000, 0x0000000084300000, 0x0000000084300000|100%| O|  |TAMS 0x0000000084300000, 0x0000000084200000| Untracked 
|  67|0x0000000084300000, 0x0000000084400000, 0x0000000084400000|100%| O|  |TAMS 0x0000000084400000, 0x0000000084300000| Untracked 
|  68|0x0000000084400000, 0x0000000084500000, 0x0000000084500000|100%| O|  |TAMS 0x0000000084500000, 0x0000000084400000| Untracked 
|  69|0x0000000084500000, 0x0000000084600000, 0x0000000084600000|100%| O|  |TAMS 0x0000000084600000, 0x0000000084500000| Untracked 
|  70|0x0000000084600000, 0x0000000084700000, 0x0000000084700000|100%| O|  |TAMS 0x0000000084700000, 0x0000000084600000| Untracked 
|  71|0x0000000084700000, 0x0000000084800000, 0x0000000084800000|100%| O|  |TAMS 0x0000000084800000, 0x0000000084700000| Untracked 
|  72|0x0000000084800000, 0x0000000084900000, 0x0000000084900000|100%| O|  |TAMS 0x0000000084900000, 0x0000000084800000| Untracked 
|  73|0x0000000084900000, 0x0000000084a00000, 0x0000000084a00000|100%| O|  |TAMS 0x0000000084a00000, 0x0000000084900000| Untracked 
|  74|0x0000000084a00000, 0x0000000084b00000, 0x0000000084b00000|100%| O|  |TAMS 0x0000000084b00000, 0x0000000084a00000| Untracked 
|  75|0x0000000084b00000, 0x0000000084c00000, 0x0000000084c00000|100%| O|  |TAMS 0x0000000084c00000, 0x0000000084b00000| Untracked 
|  76|0x0000000084c00000, 0x0000000084d00000, 0x0000000084d00000|100%| O|  |TAMS 0x0000000084d00000, 0x0000000084c00000| Untracked 
|  77|0x0000000084d00000, 0x0000000084e00000, 0x0000000084e00000|100%| O|  |TAMS 0x0000000084e00000, 0x0000000084d00000| Untracked 
|  78|0x0000000084e00000, 0x0000000084f00000, 0x0000000084f00000|100%| O|  |TAMS 0x0000000084f00000, 0x0000000084e00000| Untracked 
|  79|0x0000000084f00000, 0x0000000085000000, 0x0000000085000000|100%| O|  |TAMS 0x0000000085000000, 0x0000000084f00000| Untracked 
|  80|0x0000000085000000, 0x0000000085100000, 0x0000000085100000|100%| O|  |TAMS 0x0000000085100000, 0x0000000085000000| Untracked 
|  81|0x0000000085100000, 0x0000000085200000, 0x0000000085200000|100%| O|  |TAMS 0x0000000085200000, 0x0000000085100000| Untracked 
|  82|0x0000000085200000, 0x0000000085300000, 0x0000000085300000|100%| O|  |TAMS 0x0000000085300000, 0x0000000085200000| Untracked 
|  83|0x0000000085300000, 0x0000000085400000, 0x0000000085400000|100%| O|  |TAMS 0x0000000085400000, 0x0000000085300000| Untracked 
|  84|0x0000000085400000, 0x0000000085500000, 0x0000000085500000|100%| O|  |TAMS 0x0000000085500000, 0x0000000085400000| Untracked 
|  85|0x0000000085500000, 0x0000000085600000, 0x0000000085600000|100%| O|  |TAMS 0x0000000085600000, 0x0000000085500000| Untracked 
|  86|0x0000000085600000, 0x0000000085700000, 0x0000000085700000|100%| O|  |TAMS 0x0000000085700000, 0x0000000085600000| Untracked 
|  87|0x0000000085700000, 0x0000000085800000, 0x0000000085800000|100%| O|  |TAMS 0x0000000085800000, 0x0000000085700000| Untracked 
|  88|0x0000000085800000, 0x0000000085900000, 0x0000000085900000|100%| O|  |TAMS 0x0000000085900000, 0x0000000085800000| Untracked 
|  89|0x0000000085900000, 0x0000000085a00000, 0x0000000085a00000|100%| O|  |TAMS 0x0000000085a00000, 0x0000000085900000| Untracked 
|  90|0x0000000085a00000, 0x0000000085b00000, 0x0000000085b00000|100%| O|  |TAMS 0x0000000085b00000, 0x0000000085a00000| Untracked 
|  91|0x0000000085b00000, 0x0000000085c00000, 0x0000000085c00000|100%| O|  |TAMS 0x0000000085c00000, 0x0000000085b00000| Untracked 
|  92|0x0000000085c00000, 0x0000000085d00000, 0x0000000085d00000|100%| O|  |TAMS 0x0000000085d00000, 0x0000000085c00000| Untracked 
|  93|0x0000000085d00000, 0x0000000085e00000, 0x0000000085e00000|100%| O|  |TAMS 0x0000000085e00000, 0x0000000085d00000| Untracked 
|  94|0x0000000085e00000, 0x0000000085f00000, 0x0000000085f00000|100%| O|  |TAMS 0x0000000085f00000, 0x0000000085e00000| Untracked 
|  95|0x0000000085f00000, 0x0000000086000000, 0x0000000086000000|100%| O|  |TAMS 0x0000000086000000, 0x0000000085f00000| Untracked 
|  96|0x0000000086000000, 0x0000000086100000, 0x0000000086100000|100%| O|  |TAMS 0x0000000086100000, 0x0000000086000000| Untracked 
|  97|0x0000000086100000, 0x0000000086200000, 0x0000000086200000|100%| O|  |TAMS 0x0000000086200000, 0x0000000086100000| Untracked 
|  98|0x0000000086200000, 0x0000000086300000, 0x0000000086300000|100%| O|  |TAMS 0x0000000086300000, 0x0000000086200000| Untracked 
|  99|0x0000000086300000, 0x0000000086400000, 0x0000000086400000|100%| O|  |TAMS 0x0000000086400000, 0x0000000086300000| Untracked 
| 100|0x0000000086400000, 0x0000000086500000, 0x0000000086500000|100%| O|  |TAMS 0x0000000086500000, 0x0000000086400000| Untracked 
| 101|0x0000000086500000, 0x0000000086600000, 0x0000000086600000|100%| O|  |TAMS 0x0000000086600000, 0x0000000086500000| Untracked 
| 102|0x0000000086600000, 0x0000000086700000, 0x0000000086700000|100%| O|  |TAMS 0x0000000086700000, 0x0000000086600000| Untracked 
| 103|0x0000000086700000, 0x0000000086800000, 0x0000000086800000|100%| O|  |TAMS 0x0000000086800000, 0x0000000086700000| Untracked 
| 104|0x0000000086800000, 0x0000000086900000, 0x0000000086900000|100%| O|  |TAMS 0x0000000086900000, 0x0000000086800000| Untracked 
| 105|0x0000000086900000, 0x0000000086a00000, 0x0000000086a00000|100%| O|  |TAMS 0x0000000086a00000, 0x0000000086900000| Untracked 
| 106|0x0000000086a00000, 0x0000000086b00000, 0x0000000086b00000|100%| O|  |TAMS 0x0000000086b00000, 0x0000000086a00000| Untracked 
| 107|0x0000000086b00000, 0x0000000086c00000, 0x0000000086c00000|100%| O|  |TAMS 0x0000000086c00000, 0x0000000086b00000| Untracked 
| 108|0x0000000086c00000, 0x0000000086d00000, 0x0000000086d00000|100%| O|  |TAMS 0x0000000086d00000, 0x0000000086c00000| Untracked 
| 109|0x0000000086d00000, 0x0000000086e00000, 0x0000000086e00000|100%| O|  |TAMS 0x0000000086d00000, 0x0000000086d00000| Untracked 
| 110|0x0000000086e00000, 0x0000000086f00000, 0x0000000086f00000|100%| O|  |TAMS 0x0000000086f00000, 0x0000000086e00000| Untracked 
| 111|0x0000000086f00000, 0x0000000087000000, 0x0000000087000000|100%| O|  |TAMS 0x0000000087000000, 0x0000000086f00000| Untracked 
| 112|0x0000000087000000, 0x0000000087100000, 0x0000000087100000|100%| O|  |TAMS 0x0000000087100000, 0x0000000087000000| Untracked 
| 113|0x0000000087100000, 0x0000000087200000, 0x0000000087200000|100%| O|  |TAMS 0x0000000087200000, 0x0000000087100000| Untracked 
| 114|0x0000000087200000, 0x0000000087300000, 0x0000000087300000|100%| O|  |TAMS 0x0000000087300000, 0x0000000087200000| Untracked 
| 115|0x0000000087300000, 0x0000000087400000, 0x0000000087400000|100%| O|  |TAMS 0x0000000087400000, 0x0000000087300000| Untracked 
| 116|0x0000000087400000, 0x0000000087500000, 0x0000000087500000|100%| O|  |TAMS 0x0000000087500000, 0x0000000087400000| Untracked 
| 117|0x0000000087500000, 0x0000000087600000, 0x0000000087600000|100%| O|  |TAMS 0x0000000087600000, 0x0000000087500000| Untracked 
| 118|0x0000000087600000, 0x0000000087700000, 0x0000000087700000|100%| O|  |TAMS 0x0000000087700000, 0x0000000087600000| Untracked 
| 119|0x0000000087700000, 0x0000000087800000, 0x0000000087800000|100%| O|  |TAMS 0x0000000087800000, 0x0000000087700000| Untracked 
| 120|0x0000000087800000, 0x0000000087900000, 0x0000000087900000|100%| O|  |TAMS 0x0000000087900000, 0x0000000087800000| Untracked 
| 121|0x0000000087900000, 0x0000000087a00000, 0x0000000087a00000|100%| O|  |TAMS 0x0000000087a00000, 0x0000000087900000| Untracked 
| 122|0x0000000087a00000, 0x0000000087b00000, 0x0000000087b00000|100%| O|  |TAMS 0x0000000087b00000, 0x0000000087a00000| Untracked 
| 123|0x0000000087b00000, 0x0000000087c00000, 0x0000000087c00000|100%| O|  |TAMS 0x0000000087c00000, 0x0000000087b00000| Untracked 
| 124|0x0000000087c00000, 0x0000000087d00000, 0x0000000087d00000|100%| O|  |TAMS 0x0000000087d00000, 0x0000000087c00000| Untracked 
| 125|0x0000000087d00000, 0x0000000087e00000, 0x0000000087e00000|100%| O|  |TAMS 0x0000000087e00000, 0x0000000087d00000| Untracked 
| 126|0x0000000087e00000, 0x0000000087f00000, 0x0000000087f00000|100%| O|  |TAMS 0x0000000087f00000, 0x0000000087e00000| Untracked 
| 127|0x0000000087f00000, 0x0000000088000000, 0x0000000088000000|100%| O|  |TAMS 0x0000000088000000, 0x0000000087f00000| Untracked 
| 128|0x0000000088000000, 0x0000000088100000, 0x0000000088100000|100%| O|  |TAMS 0x0000000088100000, 0x0000000088000000| Untracked 
| 129|0x0000000088100000, 0x0000000088200000, 0x0000000088200000|100%| O|  |TAMS 0x0000000088200000, 0x0000000088100000| Untracked 
| 130|0x0000000088200000, 0x0000000088300000, 0x0000000088300000|100%| O|  |TAMS 0x0000000088300000, 0x0000000088200000| Untracked 
| 131|0x0000000088300000, 0x0000000088400000, 0x0000000088400000|100%| O|  |TAMS 0x0000000088400000, 0x0000000088300000| Untracked 
| 132|0x0000000088400000, 0x0000000088500000, 0x0000000088500000|100%| O|  |TAMS 0x00000000884a5400, 0x0000000088400000| Untracked 
| 133|0x0000000088500000, 0x0000000088600000, 0x0000000088600000|100%| O|  |TAMS 0x0000000088500000, 0x0000000088500000| Untracked 
| 134|0x0000000088600000, 0x0000000088700000, 0x0000000088700000|100%| O|  |TAMS 0x0000000088600000, 0x0000000088600000| Untracked 
| 135|0x0000000088700000, 0x0000000088800000, 0x0000000088800000|100%| O|  |TAMS 0x0000000088700000, 0x0000000088700000| Untracked 
| 136|0x0000000088800000, 0x0000000088900000, 0x0000000088900000|100%| O|  |TAMS 0x0000000088800000, 0x0000000088800000| Untracked 
| 137|0x0000000088900000, 0x0000000088a00000, 0x0000000088a00000|100%| O|  |TAMS 0x0000000088900000, 0x0000000088900000| Untracked 
| 138|0x0000000088a00000, 0x0000000088b00000, 0x0000000088b00000|100%| O|  |TAMS 0x0000000088a00000, 0x0000000088a00000| Untracked 
| 139|0x0000000088b00000, 0x0000000088c00000, 0x0000000088c00000|100%| O|  |TAMS 0x0000000088b00000, 0x0000000088b00000| Untracked 
| 140|0x0000000088c00000, 0x0000000088d00000, 0x0000000088d00000|100%| O|  |TAMS 0x0000000088c00000, 0x0000000088c00000| Untracked 
| 141|0x0000000088d00000, 0x0000000088e00000, 0x0000000088e00000|100%| O|  |TAMS 0x0000000088d00000, 0x0000000088d00000| Untracked 
| 142|0x0000000088e00000, 0x0000000088f00000, 0x0000000088f00000|100%| O|  |TAMS 0x0000000088e00000, 0x0000000088e00000| Untracked 
| 143|0x0000000088f00000, 0x0000000089000000, 0x0000000089000000|100%| O|  |TAMS 0x0000000088f00000, 0x0000000088f00000| Untracked 
| 144|0x0000000089000000, 0x0000000089100000, 0x0000000089100000|100%| O|  |TAMS 0x0000000089000000, 0x0000000089000000| Untracked 
| 145|0x0000000089100000, 0x0000000089200000, 0x0000000089200000|100%|HS|  |TAMS 0x0000000089100000, 0x0000000089100000| Complete 
| 146|0x0000000089200000, 0x0000000089300000, 0x0000000089300000|100%|HC|  |TAMS 0x0000000089200000, 0x0000000089200000| Complete 
| 147|0x0000000089300000, 0x0000000089400000, 0x0000000089400000|100%| O|  |TAMS 0x0000000089300000, 0x0000000089300000| Untracked 
| 148|0x0000000089400000, 0x0000000089500000, 0x0000000089500000|100%| O|  |TAMS 0x0000000089400000, 0x0000000089400000| Untracked 
| 149|0x0000000089500000, 0x0000000089600000, 0x0000000089600000|100%| O|  |TAMS 0x0000000089500000, 0x0000000089500000| Untracked 
| 150|0x0000000089600000, 0x0000000089700000, 0x0000000089700000|100%| O|  |TAMS 0x0000000089600000, 0x0000000089600000| Untracked 
| 151|0x0000000089700000, 0x0000000089800000, 0x0000000089800000|100%| O|  |TAMS 0x0000000089700000, 0x0000000089700000| Untracked 
| 152|0x0000000089800000, 0x0000000089880000, 0x0000000089900000| 50%| O|  |TAMS 0x0000000089800000, 0x0000000089800000| Untracked 
| 153|0x0000000089900000, 0x0000000089a00000, 0x0000000089a00000|100%|HS|  |TAMS 0x0000000089900000, 0x0000000089900000| Complete 
| 154|0x0000000089a00000, 0x0000000089b00000, 0x0000000089b00000|100%|HC|  |TAMS 0x0000000089a00000, 0x0000000089a00000| Complete 
| 155|0x0000000089b00000, 0x0000000089c00000, 0x0000000089c00000|100%|HS|  |TAMS 0x0000000089b00000, 0x0000000089b00000| Complete 
| 156|0x0000000089c00000, 0x0000000089d00000, 0x0000000089d00000|100%|HC|  |TAMS 0x0000000089c00000, 0x0000000089c00000| Complete 
| 157|0x0000000089d00000, 0x0000000089e00000, 0x0000000089e00000|100%|HS|  |TAMS 0x0000000089d00000, 0x0000000089d00000| Complete 
| 158|0x0000000089e00000, 0x0000000089f00000, 0x0000000089f00000|100%|HC|  |TAMS 0x0000000089e00000, 0x0000000089e00000| Complete 
| 159|0x0000000089f00000, 0x0000000089f00000, 0x000000008a000000|  0%| F|  |TAMS 0x0000000089f00000, 0x0000000089f00000| Untracked 
| 160|0x000000008a000000, 0x000000008a000000, 0x000000008a100000|  0%| F|  |TAMS 0x000000008a000000, 0x000000008a000000| Untracked 
| 161|0x000000008a100000, 0x000000008a100000, 0x000000008a200000|  0%| F|  |TAMS 0x000000008a100000, 0x000000008a100000| Untracked 
| 162|0x000000008a200000, 0x000000008a200000, 0x000000008a300000|  0%| F|  |TAMS 0x000000008a200000, 0x000000008a200000| Untracked 
| 163|0x000000008a300000, 0x000000008a300000, 0x000000008a400000|  0%| F|  |TAMS 0x000000008a300000, 0x000000008a300000| Untracked 
| 164|0x000000008a400000, 0x000000008a400000, 0x000000008a500000|  0%| F|  |TAMS 0x000000008a400000, 0x000000008a400000| Untracked 
| 165|0x000000008a500000, 0x000000008a500000, 0x000000008a600000|  0%| F|  |TAMS 0x000000008a500000, 0x000000008a500000| Untracked 
| 166|0x000000008a600000, 0x000000008a600000, 0x000000008a700000|  0%| F|  |TAMS 0x000000008a600000, 0x000000008a600000| Untracked 
| 167|0x000000008a700000, 0x000000008a700000, 0x000000008a800000|  0%| F|  |TAMS 0x000000008a700000, 0x000000008a700000| Untracked 
| 168|0x000000008a800000, 0x000000008a800000, 0x000000008a900000|  0%| F|  |TAMS 0x000000008a800000, 0x000000008a800000| Untracked 
| 169|0x000000008a900000, 0x000000008a900000, 0x000000008aa00000|  0%| F|  |TAMS 0x000000008a900000, 0x000000008a900000| Untracked 
| 170|0x000000008aa00000, 0x000000008aa00000, 0x000000008ab00000|  0%| F|  |TAMS 0x000000008aa00000, 0x000000008aa00000| Untracked 
| 171|0x000000008ab00000, 0x000000008ab00000, 0x000000008ac00000|  0%| F|  |TAMS 0x000000008ab00000, 0x000000008ab00000| Untracked 
| 172|0x000000008ac00000, 0x000000008ac00000, 0x000000008ad00000|  0%| F|  |TAMS 0x000000008ac00000, 0x000000008ac00000| Untracked 
| 173|0x000000008ad00000, 0x000000008ad00000, 0x000000008ae00000|  0%| F|  |TAMS 0x000000008ad00000, 0x000000008ad00000| Untracked 
| 174|0x000000008ae00000, 0x000000008ae00000, 0x000000008af00000|  0%| F|  |TAMS 0x000000008ae00000, 0x000000008ae00000| Untracked 
| 175|0x000000008af00000, 0x000000008af00000, 0x000000008b000000|  0%| F|  |TAMS 0x000000008af00000, 0x000000008af00000| Untracked 
| 176|0x000000008b000000, 0x000000008b000000, 0x000000008b100000|  0%| F|  |TAMS 0x000000008b000000, 0x000000008b000000| Untracked 
| 177|0x000000008b100000, 0x000000008b100000, 0x000000008b200000|  0%| F|  |TAMS 0x000000008b100000, 0x000000008b100000| Untracked 
| 178|0x000000008b200000, 0x000000008b200000, 0x000000008b300000|  0%| F|  |TAMS 0x000000008b200000, 0x000000008b200000| Untracked 
| 179|0x000000008b300000, 0x000000008b300000, 0x000000008b400000|  0%| F|  |TAMS 0x000000008b300000, 0x000000008b300000| Untracked 
| 180|0x000000008b400000, 0x000000008b400000, 0x000000008b500000|  0%| F|  |TAMS 0x000000008b400000, 0x000000008b400000| Untracked 
| 181|0x000000008b500000, 0x000000008b500000, 0x000000008b600000|  0%| F|  |TAMS 0x000000008b500000, 0x000000008b500000| Untracked 
| 182|0x000000008b600000, 0x000000008b600000, 0x000000008b700000|  0%| F|  |TAMS 0x000000008b600000, 0x000000008b600000| Untracked 
| 183|0x000000008b700000, 0x000000008b700000, 0x000000008b800000|  0%| F|  |TAMS 0x000000008b700000, 0x000000008b700000| Untracked 
| 184|0x000000008b800000, 0x000000008b800000, 0x000000008b900000|  0%| F|  |TAMS 0x000000008b800000, 0x000000008b800000| Untracked 
| 185|0x000000008b900000, 0x000000008b900000, 0x000000008ba00000|  0%| F|  |TAMS 0x000000008b900000, 0x000000008b900000| Untracked 
| 186|0x000000008ba00000, 0x000000008ba00000, 0x000000008bb00000|  0%| F|  |TAMS 0x000000008ba00000, 0x000000008ba00000| Untracked 
| 187|0x000000008bb00000, 0x000000008bb00000, 0x000000008bc00000|  0%| F|  |TAMS 0x000000008bb00000, 0x000000008bb00000| Untracked 
| 188|0x000000008bc00000, 0x000000008bc00000, 0x000000008bd00000|  0%| F|  |TAMS 0x000000008bc00000, 0x000000008bc00000| Untracked 
| 189|0x000000008bd00000, 0x000000008bd00000, 0x000000008be00000|  0%| F|  |TAMS 0x000000008bd00000, 0x000000008bd00000| Untracked 
| 190|0x000000008be00000, 0x000000008be00000, 0x000000008bf00000|  0%| F|  |TAMS 0x000000008be00000, 0x000000008be00000| Untracked 
| 191|0x000000008bf00000, 0x000000008bf00000, 0x000000008c000000|  0%| F|  |TAMS 0x000000008bf00000, 0x000000008bf00000| Untracked 
| 192|0x000000008c000000, 0x000000008c000000, 0x000000008c100000|  0%| F|  |TAMS 0x000000008c000000, 0x000000008c000000| Untracked 
| 193|0x000000008c100000, 0x000000008c100000, 0x000000008c200000|  0%| F|  |TAMS 0x000000008c100000, 0x000000008c100000| Untracked 
| 194|0x000000008c200000, 0x000000008c300000, 0x000000008c300000|100%| S|CS|TAMS 0x000000008c200000, 0x000000008c200000| Complete 
| 195|0x000000008c300000, 0x000000008c400000, 0x000000008c400000|100%| S|CS|TAMS 0x000000008c300000, 0x000000008c300000| Complete 
| 196|0x000000008c400000, 0x000000008c500000, 0x000000008c500000|100%| S|CS|TAMS 0x000000008c400000, 0x000000008c400000| Complete 
| 197|0x000000008c500000, 0x000000008c600000, 0x000000008c600000|100%| S|CS|TAMS 0x000000008c500000, 0x000000008c500000| Complete 
| 198|0x000000008c600000, 0x000000008c700000, 0x000000008c700000|100%| S|CS|TAMS 0x000000008c600000, 0x000000008c600000| Complete 
| 199|0x000000008c700000, 0x000000008c700000, 0x000000008c800000|  0%| F|  |TAMS 0x000000008c700000, 0x000000008c700000| Untracked 
| 200|0x000000008c800000, 0x000000008c900000, 0x000000008c900000|100%| S|CS|TAMS 0x000000008c800000, 0x000000008c800000| Complete 
| 201|0x000000008c900000, 0x000000008ca00000, 0x000000008ca00000|100%| S|CS|TAMS 0x000000008c900000, 0x000000008c900000| Complete 
| 202|0x000000008ca00000, 0x000000008cb00000, 0x000000008cb00000|100%| S|CS|TAMS 0x000000008ca00000, 0x000000008ca00000| Complete 
| 203|0x000000008cb00000, 0x000000008cc00000, 0x000000008cc00000|100%| S|CS|TAMS 0x000000008cb00000, 0x000000008cb00000| Complete 
| 204|0x000000008cc00000, 0x000000008cc00000, 0x000000008cd00000|  0%| F|  |TAMS 0x000000008cc00000, 0x000000008cc00000| Untracked 
| 205|0x000000008cd00000, 0x000000008cd00000, 0x000000008ce00000|  0%| F|  |TAMS 0x000000008cd00000, 0x000000008cd00000| Untracked 
| 206|0x000000008ce00000, 0x000000008ce00000, 0x000000008cf00000|  0%| F|  |TAMS 0x000000008ce00000, 0x000000008ce00000| Untracked 
| 207|0x000000008cf00000, 0x000000008cf00000, 0x000000008d000000|  0%| F|  |TAMS 0x000000008cf00000, 0x000000008cf00000| Untracked 
| 208|0x000000008d000000, 0x000000008d000000, 0x000000008d100000|  0%| F|  |TAMS 0x000000008d000000, 0x000000008d000000| Untracked 
| 209|0x000000008d100000, 0x000000008d100000, 0x000000008d200000|  0%| F|  |TAMS 0x000000008d100000, 0x000000008d100000| Untracked 
| 210|0x000000008d200000, 0x000000008d200000, 0x000000008d300000|  0%| F|  |TAMS 0x000000008d200000, 0x000000008d200000| Untracked 
| 211|0x000000008d300000, 0x000000008d300000, 0x000000008d400000|  0%| F|  |TAMS 0x000000008d300000, 0x000000008d300000| Untracked 
| 212|0x000000008d400000, 0x000000008d400000, 0x000000008d500000|  0%| F|  |TAMS 0x000000008d400000, 0x000000008d400000| Untracked 
| 213|0x000000008d500000, 0x000000008d500000, 0x000000008d600000|  0%| F|  |TAMS 0x000000008d500000, 0x000000008d500000| Untracked 
| 214|0x000000008d600000, 0x000000008d600000, 0x000000008d700000|  0%| F|  |TAMS 0x000000008d600000, 0x000000008d600000| Untracked 
| 215|0x000000008d700000, 0x000000008d700000, 0x000000008d800000|  0%| F|  |TAMS 0x000000008d700000, 0x000000008d700000| Untracked 
| 216|0x000000008d800000, 0x000000008d800000, 0x000000008d900000|  0%| F|  |TAMS 0x000000008d800000, 0x000000008d800000| Untracked 
| 217|0x000000008d900000, 0x000000008d900000, 0x000000008da00000|  0%| F|  |TAMS 0x000000008d900000, 0x000000008d900000| Untracked 
| 218|0x000000008da00000, 0x000000008da00000, 0x000000008db00000|  0%| F|  |TAMS 0x000000008da00000, 0x000000008da00000| Untracked 
| 219|0x000000008db00000, 0x000000008db00000, 0x000000008dc00000|  0%| F|  |TAMS 0x000000008db00000, 0x000000008db00000| Untracked 
| 220|0x000000008dc00000, 0x000000008dc00000, 0x000000008dd00000|  0%| F|  |TAMS 0x000000008dc00000, 0x000000008dc00000| Untracked 
| 221|0x000000008dd00000, 0x000000008dd00000, 0x000000008de00000|  0%| F|  |TAMS 0x000000008dd00000, 0x000000008dd00000| Untracked 
| 222|0x000000008de00000, 0x000000008de00000, 0x000000008df00000|  0%| F|  |TAMS 0x000000008de00000, 0x000000008de00000| Untracked 
| 223|0x000000008df00000, 0x000000008df00000, 0x000000008e000000|  0%| F|  |TAMS 0x000000008df00000, 0x000000008df00000| Untracked 
| 224|0x000000008e000000, 0x000000008e000000, 0x000000008e100000|  0%| F|  |TAMS 0x000000008e000000, 0x000000008e000000| Untracked 
| 225|0x000000008e100000, 0x000000008e100000, 0x000000008e200000|  0%| F|  |TAMS 0x000000008e100000, 0x000000008e100000| Untracked 
| 226|0x000000008e200000, 0x000000008e200000, 0x000000008e300000|  0%| F|  |TAMS 0x000000008e200000, 0x000000008e200000| Untracked 
| 227|0x000000008e300000, 0x000000008e300000, 0x000000008e400000|  0%| F|  |TAMS 0x000000008e300000, 0x000000008e300000| Untracked 
| 228|0x000000008e400000, 0x000000008e484620, 0x000000008e500000| 51%| E|  |TAMS 0x000000008e400000, 0x000000008e400000| Complete 
| 229|0x000000008e500000, 0x000000008e600000, 0x000000008e600000|100%| E|CS|TAMS 0x000000008e500000, 0x000000008e500000| Complete 
| 230|0x000000008e600000, 0x000000008e700000, 0x000000008e700000|100%| E|CS|TAMS 0x000000008e600000, 0x000000008e600000| Complete 
| 231|0x000000008e700000, 0x000000008e800000, 0x000000008e800000|100%| E|CS|TAMS 0x000000008e700000, 0x000000008e700000| Complete 
| 232|0x000000008e800000, 0x000000008e900000, 0x000000008e900000|100%| E|CS|TAMS 0x000000008e800000, 0x000000008e800000| Complete 
| 233|0x000000008e900000, 0x000000008ea00000, 0x000000008ea00000|100%| E|CS|TAMS 0x000000008e900000, 0x000000008e900000| Complete 
| 234|0x000000008ea00000, 0x000000008eb00000, 0x000000008eb00000|100%| E|CS|TAMS 0x000000008ea00000, 0x000000008ea00000| Complete 
| 235|0x000000008eb00000, 0x000000008ec00000, 0x000000008ec00000|100%| E|CS|TAMS 0x000000008eb00000, 0x000000008eb00000| Complete 
| 236|0x000000008ec00000, 0x000000008ed00000, 0x000000008ed00000|100%| E|CS|TAMS 0x000000008ec00000, 0x000000008ec00000| Complete 
| 237|0x000000008ed00000, 0x000000008ee00000, 0x000000008ee00000|100%| E|CS|TAMS 0x000000008ed00000, 0x000000008ed00000| Complete 
| 238|0x000000008ee00000, 0x000000008ef00000, 0x000000008ef00000|100%| E|CS|TAMS 0x000000008ee00000, 0x000000008ee00000| Complete 
| 239|0x000000008ef00000, 0x000000008f000000, 0x000000008f000000|100%| E|CS|TAMS 0x000000008ef00000, 0x000000008ef00000| Complete 
| 240|0x000000008f000000, 0x000000008f100000, 0x000000008f100000|100%| E|CS|TAMS 0x000000008f000000, 0x000000008f000000| Complete 
| 241|0x000000008f100000, 0x000000008f200000, 0x000000008f200000|100%| E|CS|TAMS 0x000000008f100000, 0x000000008f100000| Complete 
| 242|0x000000008f200000, 0x000000008f300000, 0x000000008f300000|100%| E|CS|TAMS 0x000000008f200000, 0x000000008f200000| Complete 
| 243|0x000000008f300000, 0x000000008f400000, 0x000000008f400000|100%| E|CS|TAMS 0x000000008f300000, 0x000000008f300000| Complete 
| 244|0x000000008f400000, 0x000000008f500000, 0x000000008f500000|100%| E|CS|TAMS 0x000000008f400000, 0x000000008f400000| Complete 
| 245|0x000000008f500000, 0x000000008f600000, 0x000000008f600000|100%| E|CS|TAMS 0x000000008f500000, 0x000000008f500000| Complete 
| 246|0x000000008f600000, 0x000000008f700000, 0x000000008f700000|100%| E|CS|TAMS 0x000000008f600000, 0x000000008f600000| Complete 
| 247|0x000000008f700000, 0x000000008f800000, 0x000000008f800000|100%| E|CS|TAMS 0x000000008f700000, 0x000000008f700000| Complete 
| 248|0x000000008f800000, 0x000000008f900000, 0x000000008f900000|100%| E|CS|TAMS 0x000000008f800000, 0x000000008f800000| Complete 
| 249|0x000000008f900000, 0x000000008fa00000, 0x000000008fa00000|100%| E|CS|TAMS 0x000000008f900000, 0x000000008f900000| Complete 
| 250|0x000000008fa00000, 0x000000008fb00000, 0x000000008fb00000|100%| E|CS|TAMS 0x000000008fa00000, 0x000000008fa00000| Complete 
| 251|0x000000008fb00000, 0x000000008fc00000, 0x000000008fc00000|100%| E|CS|TAMS 0x000000008fb00000, 0x000000008fb00000| Complete 
| 252|0x000000008fc00000, 0x000000008fd00000, 0x000000008fd00000|100%| E|CS|TAMS 0x000000008fc00000, 0x000000008fc00000| Complete 
| 253|0x000000008fd00000, 0x000000008fe00000, 0x000000008fe00000|100%| E|CS|TAMS 0x000000008fd00000, 0x000000008fd00000| Complete 
| 254|0x000000008fe00000, 0x000000008ff00000, 0x000000008ff00000|100%| E|CS|TAMS 0x000000008fe00000, 0x000000008fe00000| Complete 
| 255|0x000000008ff00000, 0x0000000090000000, 0x0000000090000000|100%| E|CS|TAMS 0x000000008ff00000, 0x000000008ff00000| Complete 
| 256|0x0000000090000000, 0x0000000090100000, 0x0000000090100000|100%| E|CS|TAMS 0x0000000090000000, 0x0000000090000000| Complete 
| 257|0x0000000090100000, 0x0000000090200000, 0x0000000090200000|100%| E|CS|TAMS 0x0000000090100000, 0x0000000090100000| Complete 
| 258|0x0000000090200000, 0x0000000090300000, 0x0000000090300000|100%| E|CS|TAMS 0x0000000090200000, 0x0000000090200000| Complete 
| 259|0x0000000090300000, 0x0000000090400000, 0x0000000090400000|100%| E|CS|TAMS 0x0000000090300000, 0x0000000090300000| Complete 
| 260|0x0000000090400000, 0x0000000090500000, 0x0000000090500000|100%| E|CS|TAMS 0x0000000090400000, 0x0000000090400000| Complete 
| 261|0x0000000090500000, 0x0000000090600000, 0x0000000090600000|100%| E|CS|TAMS 0x0000000090500000, 0x0000000090500000| Complete 
| 262|0x0000000090600000, 0x0000000090700000, 0x0000000090700000|100%| E|CS|TAMS 0x0000000090600000, 0x0000000090600000| Complete 
| 263|0x0000000090700000, 0x0000000090800000, 0x0000000090800000|100%| E|CS|TAMS 0x0000000090700000, 0x0000000090700000| Complete 
| 264|0x0000000090800000, 0x0000000090900000, 0x0000000090900000|100%| E|CS|TAMS 0x0000000090800000, 0x0000000090800000| Complete 
| 265|0x0000000090900000, 0x0000000090a00000, 0x0000000090a00000|100%| E|CS|TAMS 0x0000000090900000, 0x0000000090900000| Complete 
| 266|0x0000000090a00000, 0x0000000090b00000, 0x0000000090b00000|100%| E|CS|TAMS 0x0000000090a00000, 0x0000000090a00000| Complete 
| 267|0x0000000090b00000, 0x0000000090c00000, 0x0000000090c00000|100%| E|CS|TAMS 0x0000000090b00000, 0x0000000090b00000| Complete 
| 268|0x0000000090c00000, 0x0000000090d00000, 0x0000000090d00000|100%| E|CS|TAMS 0x0000000090c00000, 0x0000000090c00000| Complete 
| 269|0x0000000090d00000, 0x0000000090e00000, 0x0000000090e00000|100%| E|CS|TAMS 0x0000000090d00000, 0x0000000090d00000| Complete 

Card table byte_map: [0x000002377f440000,0x000002377f840000] _byte_map_base: 0x000002377f040000

Marking Bits (Prev, Next): (CMBitMap*) 0x000002377e7cb480, (CMBitMap*) 0x000002377e7cb448
 Prev Bits: [0x0000023715cb0000, 0x0000023717cb0000)
 Next Bits: [0x0000023713cb0000, 0x0000023715cb0000)

Polling page: 0x000002377e630000

Metaspace:

Usage:
  Non-class:    109.99 MB capacity,   108.02 MB ( 98%) used,     1.65 MB (  1%) free+waste,   328.13 KB ( <1%) overhead. 
      Class:     16.27 MB capacity,    15.24 MB ( 94%) used,   908.19 KB (  5%) free+waste,   147.56 KB ( <1%) overhead. 
       Both:    126.26 MB capacity,   123.26 MB ( 98%) used,     2.53 MB (  2%) free+waste,   475.69 KB ( <1%) overhead. 

Virtual space:
  Non-class space:      112.00 MB reserved,     110.12 MB ( 98%) committed 
      Class space:        1.00 GB reserved,      16.38 MB (  2%) committed 
             Both:        1.11 GB reserved,     126.50 MB ( 11%) committed 

Chunk freelists:
   Non-Class:  10.00 KB
       Class:  11.00 KB
        Both:  21.00 KB

MaxMetaspaceSize: 17179869184.00 GB
CompressedClassSpaceSize: 1.00 GB

CodeHeap 'non-profiled nmethods': size=120064Kb used=9079Kb max_used=9079Kb free=110984Kb
 bounds [0x000002370c770000, 0x000002370d050000, 0x0000023713cb0000]
CodeHeap 'profiled nmethods': size=120000Kb used=31411Kb max_used=31411Kb free=88588Kb
 bounds [0x0000023705240000, 0x0000023707110000, 0x000002370c770000]
CodeHeap 'non-nmethods': size=5696Kb used=2363Kb max_used=2402Kb free=3332Kb
 bounds [0x0000023704cb0000, 0x0000023704f20000, 0x0000023705240000]
 total_blobs=15167 nmethods=14160 adapters=919
 compilation: enabled
              stopped_count=0, restarted_count=0
 full_count=0

Compilation events (20 events):
Event: 617.087 Thread 0x000002371a6b3800 nmethod 16623 0x000002370d046b10 code [0x000002370d047000, 0x000002370d04bd10]
Event: 617.088 Thread 0x000002371a6b3800 16628   !   4       org.gradle.api.internal.artifacts.DefaultResolvedArtifact::getFile (59 bytes)
Event: 617.110 Thread 0x000002371a6b3800 nmethod 16628 0x000002370d04e890 code [0x000002370d04eac0, 0x000002370d04f1f0]
Event: 617.110 Thread 0x000002371a6b3800 16627   !   4       org.gradle.api.internal.artifacts.ivyservice.resolveengine.artifact.ArtifactBackedResolvedVariant$DownloadArtifactFile::run (50 bytes)
Event: 617.314 Thread 0x000002371a6b8800 16644       2       java.io.BufferedInputStream::getInIfOpen (21 bytes)
Event: 617.314 Thread 0x000002371a6b8800 nmethod 16644 0x00000237070fd310 code [0x00000237070fd4c0, 0x00000237070fd668]
Event: 617.549 Thread 0x000002371a6b8800 16647       1       com.android.tools.r8.ArchiveClassFileProvider::a (2 bytes)
Event: 617.549 Thread 0x000002371a6b8800 nmethod 16647 0x000002370d04f690 code [0x000002370d04f840, 0x000002370d04f8d8]
Event: 617.550 Thread 0x000002371a6b8800 16648       3       com.android.tools.r8.utils.A1::a (50 bytes)
Event: 617.552 Thread 0x000002371a6b8800 nmethod 16648 0x00000237070fd710 code [0x00000237070fd9c0, 0x00000237070fe518]
Event: 617.553 Thread 0x000002371a6b8800 16649       3       com.android.tools.r8.ArchiveClassFileProvider$$Lambda$1188/0x0000000101033c40::test (8 bytes)
Event: 617.553 Thread 0x000002371a6b8800 nmethod 16649 0x00000237070fe910 code [0x00000237070feac0, 0x00000237070fed18]
Event: 617.553 Thread 0x000002371a6b8800 16650       3       com.android.tools.r8.utils.V::w (160 bytes)
Event: 617.556 Thread 0x000002371a6b8800 nmethod 16650 0x00000237070fee10 code [0x00000237070ff1a0, 0x0000023707100548]
Event: 617.901 Thread 0x000002371a6b8800 16652       2       java.util.zip.ZipFile$Source$Key::hashCode (29 bytes)
Event: 617.902 Thread 0x000002371a6b8800 nmethod 16652 0x0000023707100c10 code [0x0000023707100e00, 0x0000023707100fd8]
Event: 618.273 Thread 0x000002371a6b8800 16653 %     3       java.util.zip.ZipFile$Source::initCEN @ 223 (658 bytes)
Event: 618.283 Thread 0x000002371a6b8800 nmethod 16653% 0x0000023707101190 code [0x00000237071017e0, 0x0000023707105508]
Event: 618.283 Thread 0x000002371a6b8800 16654       3       java.util.zip.ZipFile$Source::initCEN (658 bytes)
Event: 618.293 Thread 0x000002371a6b8800 nmethod 16654 0x0000023707106f90 code [0x00000237071075e0, 0x000002370710b168]

GC Heap History (20 events):
Event: 500.099 GC heap before
{Heap before GC invocations=99 (full 0):
 garbage-first heap   total 165888K, used 137748K [0x0000000080000000, 0x0000000100000000)
  region size 1024K, 9 young (9216K), 2 survivors (2048K)
 Metaspace       used 108725K, capacity 111455K, committed 111740K, reserved 1146880K
  class space    used 13611K, capacity 14546K, committed 14592K, reserved 1048576K
}
Event: 500.150 GC heap after
{Heap after GC invocations=100 (full 0):
 garbage-first heap   total 165888K, used 137877K [0x0000000080000000, 0x0000000100000000)
  region size 1024K, 2 young (2048K), 2 survivors (2048K)
 Metaspace       used 108725K, capacity 111455K, committed 111740K, reserved 1146880K
  class space    used 13611K, capacity 14546K, committed 14592K, reserved 1048576K
}
Event: 501.982 GC heap before
{Heap before GC invocations=101 (full 0):
 garbage-first heap   total 165888K, used 160405K [0x0000000080000000, 0x0000000100000000)
  region size 1024K, 8 young (8192K), 2 survivors (2048K)
 Metaspace       used 109377K, capacity 112223K, committed 112380K, reserved 1146880K
  class space    used 13677K, capacity 14649K, committed 14720K, reserved 1048576K
}
Event: 502.011 GC heap after
{Heap after GC invocations=102 (full 0):
 garbage-first heap   total 276480K, used 137133K [0x0000000080000000, 0x0000000100000000)
  region size 1024K, 1 young (1024K), 1 survivors (1024K)
 Metaspace       used 109377K, capacity 112223K, committed 112380K, reserved 1146880K
  class space    used 13677K, capacity 14649K, committed 14720K, reserved 1048576K
}
Event: 503.825 GC heap before
{Heap before GC invocations=102 (full 0):
 garbage-first heap   total 276480K, used 149421K [0x0000000080000000, 0x0000000100000000)
  region size 1024K, 13 young (13312K), 1 survivors (1024K)
 Metaspace       used 110117K, capacity 112929K, committed 113276K, reserved 1148928K
  class space    used 13757K, capacity 14730K, committed 14848K, reserved 1048576K
}
Event: 503.836 GC heap after
{Heap after GC invocations=103 (full 0):
 garbage-first heap   total 276480K, used 137347K [0x0000000080000000, 0x0000000100000000)
  region size 1024K, 1 young (1024K), 1 survivors (1024K)
 Metaspace       used 110117K, capacity 112929K, committed 113276K, reserved 1148928K
  class space    used 13757K, capacity 14730K, committed 14848K, reserved 1048576K
}
Event: 508.752 GC heap before
{Heap before GC invocations=103 (full 0):
 garbage-first heap   total 276480K, used 175235K [0x0000000080000000, 0x0000000100000000)
  region size 1024K, 38 young (38912K), 1 survivors (1024K)
 Metaspace       used 112183K, capacity 114975K, committed 115324K, reserved 1148928K
  class space    used 14015K, capacity 15002K, committed 15104K, reserved 1048576K
}
Event: 508.763 GC heap after
{Heap after GC invocations=104 (full 0):
 garbage-first heap   total 276480K, used 137758K [0x0000000080000000, 0x0000000100000000)
  region size 1024K, 2 young (2048K), 2 survivors (2048K)
 Metaspace       used 112183K, capacity 114975K, committed 115324K, reserved 1148928K
  class space    used 14015K, capacity 15002K, committed 15104K, reserved 1048576K
}
Event: 514.904 GC heap before
{Heap before GC invocations=104 (full 0):
 garbage-first heap   total 276480K, used 178718K [0x0000000080000000, 0x0000000100000000)
  region size 1024K, 43 young (44032K), 2 survivors (2048K)
 Metaspace       used 114221K, capacity 117099K, committed 117372K, reserved 1150976K
  class space    used 14257K, capacity 15239K, committed 15360K, reserved 1048576K
}
Event: 514.930 GC heap after
{Heap after GC invocations=105 (full 0):
 garbage-first heap   total 276480K, used 140485K [0x0000000080000000, 0x0000000100000000)
  region size 1024K, 4 young (4096K), 4 survivors (4096K)
 Metaspace       used 114221K, capacity 117099K, committed 117372K, reserved 1150976K
  class space    used 14257K, capacity 15239K, committed 15360K, reserved 1048576K
}
Event: 519.601 GC heap before
{Heap before GC invocations=105 (full 0):
 garbage-first heap   total 276480K, used 200901K [0x0000000080000000, 0x0000000100000000)
  region size 1024K, 64 young (65536K), 4 survivors (4096K)
 Metaspace       used 114399K, capacity 117269K, committed 117628K, reserved 1150976K
  class space    used 14272K, capacity 15252K, committed 15360K, reserved 1048576K
}
Event: 519.634 GC heap after
{Heap after GC invocations=106 (full 0):
 garbage-first heap   total 276480K, used 142400K [0x0000000080000000, 0x0000000100000000)
  region size 1024K, 6 young (6144K), 6 survivors (6144K)
 Metaspace       used 114399K, capacity 117269K, committed 117628K, reserved 1150976K
  class space    used 14272K, capacity 15252K, committed 15360K, reserved 1048576K
}
Event: 527.910 GC heap before
{Heap before GC invocations=106 (full 0):
 garbage-first heap   total 276480K, used 202816K [0x0000000080000000, 0x0000000100000000)
  region size 1024K, 66 young (67584K), 6 survivors (6144K)
 Metaspace       used 114699K, capacity 117624K, committed 117884K, reserved 1153024K
  class space    used 14293K, capacity 15296K, committed 15360K, reserved 1048576K
}
Event: 527.952 GC heap after
{Heap after GC invocations=107 (full 0):
 garbage-first heap   total 276480K, used 145402K [0x0000000080000000, 0x0000000100000000)
  region size 1024K, 5 young (5120K), 5 survivors (5120K)
 Metaspace       used 114699K, capacity 117624K, committed 117884K, reserved 1153024K
  class space    used 14293K, capacity 15296K, committed 15360K, reserved 1048576K
}
Event: 597.841 GC heap before
{Heap before GC invocations=107 (full 0):
 garbage-first heap   total 276480K, used 207866K [0x0000000080000000, 0x0000000100000000)
  region size 1024K, 67 young (68608K), 5 survivors (5120K)
 Metaspace       used 116192K, capacity 119078K, committed 119292K, reserved 1153024K
  class space    used 14440K, capacity 15442K, committed 15488K, reserved 1048576K
}
Event: 597.893 GC heap after
{Heap after GC invocations=108 (full 0):
 garbage-first heap   total 276480K, used 151552K [0x0000000080000000, 0x0000000100000000)
  region size 1024K, 9 young (9216K), 9 survivors (9216K)
 Metaspace       used 116192K, capacity 119078K, committed 119292K, reserved 1153024K
  class space    used 14440K, capacity 15442K, committed 15488K, reserved 1048576K
}
Event: 601.604 GC heap before
{Heap before GC invocations=108 (full 0):
 garbage-first heap   total 276480K, used 214016K [0x0000000080000000, 0x0000000100000000)
  region size 1024K, 71 young (72704K), 9 survivors (9216K)
 Metaspace       used 117109K, capacity 120030K, committed 120188K, reserved 1155072K
  class space    used 14551K, capacity 15524K, committed 15616K, reserved 1048576K
}
Event: 601.664 GC heap after
{Heap after GC invocations=109 (full 0):
 garbage-first heap   total 276480K, used 153973K [0x0000000080000000, 0x0000000100000000)
  region size 1024K, 5 young (5120K), 5 survivors (5120K)
 Metaspace       used 117109K, capacity 120030K, committed 120188K, reserved 1155072K
  class space    used 14551K, capacity 15524K, committed 15616K, reserved 1048576K
}
Event: 613.060 GC heap before
{Heap before GC invocations=109 (full 0):
 garbage-first heap   total 276480K, used 218485K [0x0000000080000000, 0x0000000100000000)
  region size 1024K, 67 young (68608K), 5 survivors (5120K)
 Metaspace       used 124336K, capacity 127386K, committed 127484K, reserved 1161216K
  class space    used 15412K, capacity 16439K, committed 16512K, reserved 1048576K
}
Event: 613.135 GC heap after
{Heap after GC invocations=110 (full 0):
 garbage-first heap   total 276480K, used 165376K [0x0000000080000000, 0x0000000100000000)
  region size 1024K, 9 young (9216K), 9 survivors (9216K)
 Metaspace       used 124336K, capacity 127386K, committed 127484K, reserved 1161216K
  class space    used 15412K, capacity 16439K, committed 16512K, reserved 1048576K
}

Deoptimization events (20 events):
Event: 617.025 Thread 0x0000023722d97000 Uncommon trap: trap_request=0xffffffbe fr.pc=0x000002370cf86f94 relative=0x0000000000001694
Event: 617.025 Thread 0x0000023722d97000 Uncommon trap: reason=profile_predicate action=maybe_recompile pc=0x000002370cf86f94 method=com.google.common.collect.MapMakerInternalMap$Segment.expand()V @ 56 c2
Event: 617.025 Thread 0x0000023722d97000 DEOPT PACKING pc=0x000002370cf86f94 sp=0x0000009c592fa040
Event: 617.025 Thread 0x0000023722d97000 DEOPT UNPACKING pc=0x0000023704cd69aa sp=0x0000009c592fa008 mode 2
Event: 617.026 Thread 0x0000023722d97000 Uncommon trap: trap_request=0xffffffbe fr.pc=0x000002370cf86f94 relative=0x0000000000001694
Event: 617.026 Thread 0x0000023722d97000 Uncommon trap: reason=profile_predicate action=maybe_recompile pc=0x000002370cf86f94 method=com.google.common.collect.MapMakerInternalMap$Segment.expand()V @ 56 c2
Event: 617.026 Thread 0x0000023722d97000 DEOPT PACKING pc=0x000002370cf86f94 sp=0x0000009c592fa040
Event: 617.026 Thread 0x0000023722d97000 DEOPT UNPACKING pc=0x0000023704cd69aa sp=0x0000009c592fa008 mode 2
Event: 617.041 Thread 0x0000023722d97000 Uncommon trap: trap_request=0xffffffbe fr.pc=0x000002370cf86f94 relative=0x0000000000001694
Event: 617.041 Thread 0x0000023722d97000 Uncommon trap: reason=profile_predicate action=maybe_recompile pc=0x000002370cf86f94 method=com.google.common.collect.MapMakerInternalMap$Segment.expand()V @ 56 c2
Event: 617.041 Thread 0x0000023722d97000 DEOPT PACKING pc=0x000002370cf86f94 sp=0x0000009c592fa040
Event: 617.041 Thread 0x0000023722d97000 DEOPT UNPACKING pc=0x0000023704cd69aa sp=0x0000009c592fa008 mode 2
Event: 617.424 Thread 0x0000023722d97000 DEOPT PACKING pc=0x0000023706f9abfc sp=0x0000009c592faf30
Event: 617.424 Thread 0x0000023722d97000 DEOPT UNPACKING pc=0x0000023704cd67c0 sp=0x0000009c592fa4d0 mode 0
Event: 617.425 Thread 0x0000023722d97000 DEOPT PACKING pc=0x0000023706f9abfc sp=0x0000009c592faf30
Event: 617.425 Thread 0x0000023722d97000 DEOPT UNPACKING pc=0x0000023704cd67c0 sp=0x0000009c592fa4d0 mode 0
Event: 617.902 Thread 0x0000023722d97000 Uncommon trap: trap_request=0xffffff4d fr.pc=0x000002370ca145fc relative=0x0000000000001e9c
Event: 617.903 Thread 0x0000023722d97000 Uncommon trap: reason=unstable_if action=reinterpret pc=0x000002370ca145fc method=java.util.zip.ZipFile$Source.initCEN(ILjava/util/zip/ZipCoder;)V @ 16 c2
Event: 617.903 Thread 0x0000023722d97000 DEOPT PACKING pc=0x000002370ca145fc sp=0x0000009c592fab60
Event: 617.903 Thread 0x0000023722d97000 DEOPT UNPACKING pc=0x0000023704cd69aa sp=0x0000009c592fab20 mode 2

Classes redefined (0 events):
No events

Internal exceptions (20 events):
Event: 614.205 Thread 0x0000023722d97000 Exception <a 'sun/nio/fs/WindowsException'{0x0000000090454748}> (0x0000000090454748) thrown at [./src/hotspot/share/prims/jni.cpp, line 615]
Event: 614.253 Thread 0x0000023722d97000 Exception <a 'sun/nio/fs/WindowsException'{0x00000000904b61b0}> (0x00000000904b61b0) thrown at [./src/hotspot/share/prims/jni.cpp, line 615]
Event: 614.253 Thread 0x0000023722d97000 Exception <a 'sun/nio/fs/WindowsException'{0x00000000904b6338}> (0x00000000904b6338) thrown at [./src/hotspot/share/prims/jni.cpp, line 615]
Event: 614.334 Thread 0x0000023722d97000 Exception <a 'sun/nio/fs/WindowsException'{0x00000000902e6820}> (0x00000000902e6820) thrown at [./src/hotspot/share/prims/jni.cpp, line 615]
Event: 614.384 Thread 0x0000023722d97000 Exception <a 'sun/nio/fs/WindowsException'{0x00000000902edf08}> (0x00000000902edf08) thrown at [./src/hotspot/share/prims/jni.cpp, line 615]
Event: 614.389 Thread 0x0000023722d97000 Exception <a 'sun/nio/fs/WindowsException'{0x00000000902fcd58}> (0x00000000902fcd58) thrown at [./src/hotspot/share/prims/jni.cpp, line 615]
Event: 614.389 Thread 0x0000023722d97000 Exception <a 'sun/nio/fs/WindowsException'{0x00000000902fced8}> (0x00000000902fced8) thrown at [./src/hotspot/share/prims/jni.cpp, line 615]
Event: 614.458 Thread 0x0000023722d97000 Exception <a 'sun/nio/fs/WindowsException'{0x00000000901b41b8}> (0x00000000901b41b8) thrown at [./src/hotspot/share/prims/jni.cpp, line 615]
Event: 614.471 Thread 0x0000023722d97000 Exception <a 'sun/nio/fs/WindowsException'{0x00000000901bd7c8}> (0x00000000901bd7c8) thrown at [./src/hotspot/share/prims/jni.cpp, line 615]
Event: 614.562 Thread 0x0000023722d97000 Exception <a 'sun/nio/fs/WindowsException'{0x000000008ffa0b48}> (0x000000008ffa0b48) thrown at [./src/hotspot/share/prims/jni.cpp, line 615]
Event: 614.657 Thread 0x0000023722d97000 Exception <a 'sun/nio/fs/WindowsException'{0x000000008fd70028}> (0x000000008fd70028) thrown at [./src/hotspot/share/prims/jni.cpp, line 615]
Event: 614.719 Thread 0x0000023722d97000 Exception <a 'sun/nio/fs/WindowsException'{0x000000008fdb3150}> (0x000000008fdb3150) thrown at [./src/hotspot/share/prims/jni.cpp, line 615]
Event: 614.842 Thread 0x0000023722d97000 Exception <a 'sun/nio/fs/WindowsException'{0x000000008fdf6be8}> (0x000000008fdf6be8) thrown at [./src/hotspot/share/prims/jni.cpp, line 615]
Event: 614.900 Thread 0x0000023722d97000 Exception <a 'sun/nio/fs/WindowsException'{0x000000008fb8ec50}> (0x000000008fb8ec50) thrown at [./src/hotspot/share/prims/jni.cpp, line 615]
Event: 615.153 Thread 0x0000023722d97000 Exception <a 'sun/nio/fs/WindowsException'{0x000000008f8dfa68}> (0x000000008f8dfa68) thrown at [./src/hotspot/share/prims/jni.cpp, line 615]
Event: 615.347 Thread 0x0000023722d97000 Exception <a 'sun/nio/fs/WindowsException'{0x000000008f753130}> (0x000000008f753130) thrown at [./src/hotspot/share/prims/jni.cpp, line 615]
Event: 615.429 Thread 0x0000023722d97000 Exception <a 'sun/nio/fs/WindowsException'{0x000000008f79c190}> (0x000000008f79c190) thrown at [./src/hotspot/share/prims/jni.cpp, line 615]
Event: 615.495 Thread 0x0000023722d97000 Exception <a 'sun/nio/fs/WindowsException'{0x000000008f7dc970}> (0x000000008f7dc970) thrown at [./src/hotspot/share/prims/jni.cpp, line 615]
Event: 615.654 Thread 0x0000023722d97000 Exception <a 'sun/nio/fs/WindowsException'{0x000000008f61dcf0}> (0x000000008f61dcf0) thrown at [./src/hotspot/share/prims/jni.cpp, line 615]
Event: 615.975 Thread 0x000002371aa33000 Exception <a 'java/lang/NoSuchMethodError'{0x000000008f4238b8}: <clinit>> (0x000000008f4238b8) thrown at [./src/hotspot/share/prims/jni.cpp, line 1362]

Events (20 events):
Event: 617.430 loading class com/android/tools/r8/ClassFileResourceProvider
Event: 617.430 loading class com/android/tools/r8/ClassFileResourceProvider done
Event: 617.449 loading class com/android/builder/dexing/r8/CachingArchiveClassFileProvider
Event: 617.449 loading class com/android/builder/dexing/r8/CachingArchiveClassFileProvider done
Event: 617.449 loading class com/android/tools/r8/ArchiveClassFileProvider
Event: 617.449 loading class com/android/tools/r8/ArchiveClassFileProvider done
Event: 617.465 loading class com/android/tools/r8/origin/Origin$a
Event: 617.465 loading class com/android/tools/r8/origin/Origin$a done
Event: 617.478 loading class com/android/tools/r8/origin/Origin$b
Event: 617.478 loading class com/android/tools/r8/origin/Origin$b done
Event: 617.495 loading class com/android/tools/r8/utils/d0
Event: 617.495 loading class com/android/tools/r8/utils/d0 done
Event: 617.521 loading class com/android/tools/r8/utils/A1
Event: 617.521 loading class com/android/tools/r8/utils/A1 done
Event: 617.581 loading class com/android/builder/dexing/r8/ClassFileProviderFactory$OrderedClassFileResourceProvider
Event: 617.581 loading class com/android/builder/dexing/r8/ClassFileProviderFactory$OrderedClassFileResourceProvider done
Event: 617.634 loading class com/android/tools/r8/DirectoryClassFileProvider
Event: 617.634 loading class com/android/tools/r8/DirectoryClassFileProvider done
Event: 617.713 loading class com/android/tools/r8/ProgramResource
Event: 617.713 loading class com/android/tools/r8/ProgramResource done


Dynamic libraries:
0x00007ff691ee0000 - 0x00007ff691eea000 	C:\Program Files\Android\Android Studio\jre\bin\java.exe
0x00007ff804fa0000 - 0x00007ff805181000 	C:\Windows\SYSTEM32\ntdll.dll
0x00007ff802670000 - 0x00007ff802722000 	C:\Windows\System32\KERNEL32.DLL
0x00007ff801ba0000 - 0x00007ff801e13000 	C:\Windows\System32\KERNELBASE.dll
0x00007ff801370000 - 0x00007ff80146a000 	C:\Windows\System32\ucrtbase.dll
0x00007fffffe90000 - 0x00007fffffea9000 	C:\Program Files\Android\Android Studio\jre\bin\jli.dll
0x00007ffffa600000 - 0x00007ffffa617000 	C:\Program Files\Android\Android Studio\jre\bin\VCRUNTIME140.dll
0x00007ff803d30000 - 0x00007ff803ec0000 	C:\Windows\System32\USER32.dll
0x00007ff801470000 - 0x00007ff801490000 	C:\Windows\System32\win32u.dll
0x00007ffff4200000 - 0x00007ffff4469000 	C:\Windows\WinSxS\amd64_microsoft.windows.common-controls_6595b64144ccf1df_6.0.17133.73_none_b4b127863cb5b9c7\COMCTL32.dll
0x00007ff804cd0000 - 0x00007ff804cf8000 	C:\Windows\System32\GDI32.dll
0x00007ff804a90000 - 0x00007ff804b2e000 	C:\Windows\System32\msvcrt.dll
0x00007ff802120000 - 0x00007ff8022b2000 	C:\Windows\System32\gdi32full.dll
0x00007ff8022c0000 - 0x00007ff80235f000 	C:\Windows\System32\msvcp_win.dll
0x00007ff804190000 - 0x00007ff8044b3000 	C:\Windows\System32\combase.dll
0x00007ff802450000 - 0x00007ff802574000 	C:\Windows\System32\RPCRT4.dll
0x00007ff8023b0000 - 0x00007ff80242a000 	C:\Windows\System32\bcryptPrimitives.dll
0x00007ff802850000 - 0x00007ff80287d000 	C:\Windows\System32\IMM32.DLL
0x00007fffdfdc0000 - 0x00007fffdfe5d000 	C:\Program Files\Android\Android Studio\jre\bin\msvcp140.dll
0x00007fffca060000 - 0x00007fffcab1c000 	C:\Program Files\Android\Android Studio\jre\bin\server\jvm.dll
0x00007ff804ec0000 - 0x00007ff804f61000 	C:\Windows\System32\ADVAPI32.dll
0x00007ff8027f0000 - 0x00007ff80284b000 	C:\Windows\System32\sechost.dll
0x00007ff802740000 - 0x00007ff802748000 	C:\Windows\System32\PSAPI.DLL
0x00007ffffab50000 - 0x00007ffffab59000 	C:\Windows\SYSTEM32\WSOCK32.dll
0x00007fffff0f0000 - 0x00007fffff113000 	C:\Windows\SYSTEM32\WINMM.dll
0x00007ff803cc0000 - 0x00007ff803d2c000 	C:\Windows\System32\WS2_32.dll
0x00007ff800010000 - 0x00007ff80001a000 	C:\Windows\SYSTEM32\VERSION.dll
0x00007fffff0c0000 - 0x00007fffff0ea000 	C:\Windows\SYSTEM32\winmmbase.dll
0x00007ff802360000 - 0x00007ff8023a9000 	C:\Windows\System32\cfgmgr32.dll
0x00007ff801350000 - 0x00007ff801361000 	C:\Windows\System32\kernel.appcore.dll
0x00007ffff7ca0000 - 0x00007ffff7cb1000 	C:\Program Files\Android\Android Studio\jre\bin\verify.dll
0x00007fffeecf0000 - 0x00007fffeeeb9000 	C:\Windows\SYSTEM32\DBGHELP.DLL
0x00007fffeecc0000 - 0x00007fffeece9000 	C:\Windows\SYSTEM32\dbgcore.DLL
0x00007ffff63c0000 - 0x00007ffff63e9000 	C:\Program Files\Android\Android Studio\jre\bin\java.dll
0x00007ffffa710000 - 0x00007ffffa71b000 	C:\Program Files\Android\Android Studio\jre\bin\jimage.dll
0x00007ffff7c80000 - 0x00007ffff7c98000 	C:\Program Files\Android\Android Studio\jre\bin\zip.dll
0x00007ff802880000 - 0x00007ff803cc0000 	C:\Windows\System32\SHELL32.dll
0x00007ff8049e0000 - 0x00007ff804a89000 	C:\Windows\System32\shcore.dll
0x00007ff801490000 - 0x00007ff801b9d000 	C:\Windows\System32\windows.storage.dll
0x00007ff804d00000 - 0x00007ff804d51000 	C:\Windows\System32\shlwapi.dll
0x00007ff801310000 - 0x00007ff80132f000 	C:\Windows\System32\profapi.dll
0x00007ff8012c0000 - 0x00007ff80130c000 	C:\Windows\System32\powrprof.dll
0x00007ff8012b0000 - 0x00007ff8012ba000 	C:\Windows\System32\FLTLIB.DLL
0x00007ffff58b0000 - 0x00007ffff58ca000 	C:\Program Files\Android\Android Studio\jre\bin\net.dll
0x00007ffff84a0000 - 0x00007ffff857d000 	C:\Windows\SYSTEM32\WINHTTP.dll
0x00007ff800ad0000 - 0x00007ff800b36000 	C:\Windows\system32\mswsock.dll
0x00007ffff5890000 - 0x00007ffff58a4000 	C:\Program Files\Android\Android Studio\jre\bin\nio.dll
0x00007ffff5900000 - 0x00007ffff5927000 	C:\Users\MISHECK\.gradle\native\fdc75f09e3144964f2cf3f50f0aa648679c211496f362492102eb8c894070792\windows-amd64\native-platform.dll
0x00007fffd7bd0000 - 0x00007fffd7d66000 	C:\Users\MISHECK\.gradle\native\12488b8bf47d2d4c9fbf2f6322a914ad602e24e48041cd04a747c6da556b65c4\windows-amd64\native-platform-file-events.dll
0x00007ffffa5f0000 - 0x00007ffffa5fa000 	C:\Program Files\Android\Android Studio\jre\bin\management.dll
0x00007ffffa290000 - 0x00007ffffa29c000 	C:\Program Files\Android\Android Studio\jre\bin\management_ext.dll
0x00007ff800c80000 - 0x00007ff800c97000 	C:\Windows\SYSTEM32\CRYPTSP.dll
0x00007ff8006b0000 - 0x00007ff8006e3000 	C:\Windows\system32\rsaenh.dll
0x00007ff800db0000 - 0x00007ff800dd5000 	C:\Windows\SYSTEM32\bcrypt.dll
0x00007ff8011b0000 - 0x00007ff8011d8000 	C:\Windows\SYSTEM32\USERENV.dll
0x00007ff800ca0000 - 0x00007ff800cab000 	C:\Windows\SYSTEM32\CRYPTBASE.dll
0x00007ff800850000 - 0x00007ff800888000 	C:\Windows\SYSTEM32\IPHLPAPI.DLL
0x00007ff804120000 - 0x00007ff804128000 	C:\Windows\System32\NSI.dll
0x00007ffff8630000 - 0x00007ffff8646000 	C:\Windows\SYSTEM32\dhcpcsvc6.DLL
0x00007ffff8610000 - 0x00007ffff862a000 	C:\Windows\SYSTEM32\dhcpcsvc.DLL
0x00007ffff87f0000 - 0x00007ffff87fb000 	C:\Windows\SYSTEM32\WINNSI.DLL
0x00007fffed260000 - 0x00007fffed287000 	C:\Program Files\Android\Android Studio\jre\bin\sunec.dll
0x00007ff800890000 - 0x00007ff80094e000 	C:\Windows\SYSTEM32\DNSAPI.dll
0x00007ffff3c50000 - 0x00007ffff3c5a000 	C:\Windows\System32\rasadhlp.dll
0x00007ffff82e0000 - 0x00007ffff8352000 	C:\Windows\System32\fwpuclnt.dll

dbghelp: loaded successfully - version: 4.0.5 - missing functions: none
symbol engine: initialized successfully - sym options: 0x614 - pdb path: .;C:\Program Files\Android\Android Studio\jre\bin;C:\Windows\SYSTEM32;C:\Windows\WinSxS\amd64_microsoft.windows.common-controls_6595b64144ccf1df_6.0.17133.73_none_b4b127863cb5b9c7;C:\Program Files\Android\Android Studio\jre\bin\server;C:\Users\MISHECK\.gradle\native\fdc75f09e3144964f2cf3f50f0aa648679c211496f362492102eb8c894070792\windows-amd64;C:\Users\MISHECK\.gradle\native\12488b8bf47d2d4c9fbf2f6322a914ad602e24e48041cd04a747c6da556b65c4\windows-amd64

VM Arguments:
jvm_args: --add-opens=java.base/java.util=ALL-UNNAMED --add-opens=java.base/java.lang=ALL-UNNAMED --add-opens=java.base/java.lang.invoke=ALL-UNNAMED --add-opens=java.prefs/java.util.prefs=ALL-UNNAMED -Xmx2048m -Dfile.encoding=UTF-8 -Duser.country=US -Duser.language=en -Duser.variant 
java_command: org.gradle.launcher.daemon.bootstrap.GradleDaemon 6.7.1
java_class_path (initial): C:\Users\MISHECK\.gradle\wrapper\dists\gradle-6.7.1-bin\bwlcbys1h7rz3272sye1xwiv6\gradle-6.7.1\lib\gradle-launcher-6.7.1.jar
Launcher Type: SUN_STANDARD

[Global flags]
     intx CICompilerCount                          = 2                                         {product} {ergonomic}
     uint ConcGCThreads                            = 1                                         {product} {ergonomic}
     uint G1ConcRefinementThreads                  = 2                                         {product} {ergonomic}
   size_t G1HeapRegionSize                         = 1048576                                   {product} {ergonomic}
    uintx GCDrainStackTargetSize                   = 64                                        {product} {ergonomic}
   size_t InitialHeapSize                          = 67108864                                  {product} {ergonomic}
   size_t MarkStackSize                            = 4194304                                   {product} {ergonomic}
   size_t MaxHeapSize                              = 2147483648                                {product} {command line}
   size_t MaxNewSize                               = 1287651328                                {product} {ergonomic}
   size_t MinHeapDeltaBytes                        = 1048576                                   {product} {ergonomic}
    uintx NonNMethodCodeHeapSize                   = 5825164                                {pd product} {ergonomic}
    uintx NonProfiledCodeHeapSize                  = 122916538                              {pd product} {ergonomic}
    uintx ProfiledCodeHeapSize                     = 122916538                              {pd product} {ergonomic}
    uintx ReservedCodeCacheSize                    = 251658240                              {pd product} {ergonomic}
     bool SegmentedCodeCache                       = true                                      {product} {ergonomic}
     bool UseCompressedClassPointers               = true                                 {lp64_product} {ergonomic}
     bool UseCompressedOops                        = true                                 {lp64_product} {ergonomic}
     bool UseG1GC                                  = true                                      {product} {ergonomic}
     bool UseLargePagesIndividualAllocation        = false                                  {pd product} {ergonomic}

Logging:
Log output configuration:
 #0: stdout all=warning uptime,level,tags
 #1: stderr all=off uptime,level,tags

Environment Variables:
JAVA_HOME=C:\Program Files\Java\jdk1.8.0_191
PATH=C:\Program Files (x86)\Common Files\Oracle\Java\javapath;C:\Windows\system32;C:\Windows;C:\Windows\System32\Wbem;C:\Windows\System32\WindowsPowerShell\v1.0\;C:\Windows\System32\OpenSSH\;C:\Program Files (x86)\Git\cmd;C:\Program Files\nodejs\;C:\Program Files\Java\jdk1.8.0_191\bin;C:\Users\MISHECK\AppData\Roaming\npm;C:\Exercism;C:\Users\MISHECK\AppData\Local\Programs\Python\Python39;C:\Users\MISHECK\AppData\Local\Programs\Microsoft VS Code\bin;C:\Program Files\CodeBlocks\MinGW\bin;
USERNAME=MISHECK
OS=Windows_NT
PROCESSOR_IDENTIFIER=Intel64 Family 6 Model 55 Stepping 8, GenuineIntel



---------------  S Y S T E M  ---------------

OS: Windows 10 , 64 bit Build 17133 (10.0.17133.73)
OS uptime: 1 days 1:17 hours

CPU:total 2 (initial active 2) (2 cores per cpu, 1 threads per core) family 6 model 55 stepping 8, cmov, cx8, fxsr, mmx, sse, sse2, sse3, ssse3, sse4.1, sse4.2, popcnt, clmul, erms, 3dnowpref, tsc, tscinvbit

Memory: 4k page, system-wide physical 3987M (396M free)
TotalPageFile size 5381M (AvailPageFile size 8M)
current process WorkingSet (physical memory assigned to process): 518M, peak: 521M
current process commit charge ("private bytes"): 607M, peak: 611M

vm_info: OpenJDK 64-Bit Server VM (11.0.8+10-b944.6842174) for windows-amd64 JRE (11.0.8+10-b944.6842174), built on Sep 19 2020 01:11:42 by "builder" with MS VC++ 14.0 (VS2015)

END.
