#
# There is insufficient memory for the Java Runtime Environment to continue.
# Native memory allocation (mmap) failed to map 195035136 bytes for Failed to commit area from 0x0000000093b00000 to 0x000000009f500000 of length 195035136.
# Possible reasons:
#   The system is out of physical RAM or swap space
#   The process is running with CompressedOops enabled, and the Java Heap may be blocking the growth of the native heap
# Possible solutions:
#   Reduce memory load on the system
#   Increase physical memory or swap space
#   Check if swap backing store is full
#   Decrease Java heap size (-Xmx/-Xms)
#   Decrease number of Java threads
#   Decrease Java thread stack sizes (-Xss)
#   Set larger code cache with -XX:ReservedCodeCacheSize=
#   JVM is running with Unscaled Compressed Oops mode in which the Java heap is
#     placed in the first 4GB address space. The Java Heap base address is the
#     maximum limit for the native heap growth. Please use -XX:HeapBaseMinAddress
#     to set the Java Heap base and to place the Java Heap above 4GB virtual address.
# This output file may be truncated or incomplete.
#
#  Out of Memory Error (./src/hotspot/os/windows/os_windows.cpp:3303), pid=2688, tid=12616
#
# JRE version: OpenJDK Runtime Environment (11.0.8+10) (build 11.0.8+10-b944.6842174)
# Java VM: OpenJDK 64-Bit Server VM (11.0.8+10-b944.6842174, mixed mode, tiered, compressed oops, g1 gc, windows-amd64)
# No core dump will be written. Minidumps are not enabled by default on client versions of Windows
#

---------------  S U M M A R Y ------------

Command Line: --add-opens=java.base/java.util=ALL-UNNAMED --add-opens=java.base/java.lang=ALL-UNNAMED --add-opens=java.base/java.lang.invoke=ALL-UNNAMED --add-opens=java.prefs/java.util.prefs=ALL-UNNAMED -Xmx2048m -Dfile.encoding=UTF-8 -Duser.country=US -Duser.language=en -Duser.variant org.gradle.launcher.daemon.bootstrap.GradleDaemon 6.7.1

Host: Intel(R) Celeron(R) CPU  N2840  @ 2.16GHz, 2 cores, 3G,  Windows 10 , 64 bit Build 17133 (10.0.17133.73)
Time: Sat Aug 21 14:05:36 2021 Pacific Daylight Time elapsed time: 206 seconds (0d 0h 3m 26s)

---------------  T H R E A D  ---------------

Current thread (0x00000209b325c800):  VMThread "VM Thread" [stack: 0x000000bd73a00000,0x000000bd73b00000] [id=12616]

Stack: [0x000000bd73a00000,0x000000bd73b00000]
[error occurred during error reporting (printing stack bounds), id 0xc0000005, EXCEPTION_ACCESS_VIOLATION (0xc0000005) at pc=0x000002099d4e0dbe]

Native frames: (J=compiled Java code, j=interpreted, Vv=VM code, C=native code)
V  [jvm.dll+0x5de50a]
V  [jvm.dll+0x7122f5]
V  [jvm.dll+0x71384d]
V  [jvm.dll+0x713e65]
V  [jvm.dll+0x713e1b]
V  [jvm.dll+0x5dd958]
V  [jvm.dll+0x5de0f8]
C  [ntdll.dll+0x9eddd]
C  [ntdll.dll+0x6c86]
C  [ntdll.dll+0x9dd0e]
C  0x000002099d4e0dbe

VM_Operation (0x000000bd765fdbd0): G1CollectForAllocation, mode: safepoint, requested by thread 0x00000209b5b7f800


---------------  P R O C E S S  ---------------

Threads class SMR info:
_java_thread_list=0x00000209b8499e50, length=45, elements={
0x0000020999b6c800, 0x00000209b3263800, 0x00000209b3271000, 0x00000209b3ae0800,
0x00000209b3ae2000, 0x00000209b3ae4000, 0x00000209b3ae9800, 0x00000209b3af0000,
0x00000209b3223800, 0x00000209b3c51000, 0x00000209b4cb2800, 0x00000209b5c50000,
0x00000209b4fa1800, 0x00000209b58a8000, 0x00000209b547e000, 0x00000209b5962800,
0x00000209b5239800, 0x00000209b4f44000, 0x00000209b5659800, 0x00000209b3ea0800,
0x00000209b3ea1000, 0x00000209b3e9e800, 0x00000209b3ea2000, 0x00000209b3e9d000,
0x00000209b3e9f800, 0x00000209b3e9c800, 0x00000209b3e9e000, 0x00000209b5b7a000,
0x00000209b5b7b800, 0x00000209b5b7c800, 0x00000209b5b7d800, 0x00000209b78c1000,
0x00000209b78c7800, 0x00000209b78c8000, 0x00000209b78c2800, 0x00000209b78ca000,
0x00000209b5b7e000, 0x00000209b5b78800, 0x00000209b5b7f000, 0x00000209b5b79000,
0x00000209b5b80800, 0x00000209b5b84000, 0x00000209b5b85800, 0x00000209b5b84800,
0x00000209b5b7f800
}

Java Threads: ( => current thread )
  0x0000020999b6c800 JavaThread "main" [_thread_blocked, id=3896, stack(0x000000bd73400000,0x000000bd73500000)]
  0x00000209b3263800 JavaThread "Reference Handler" daemon [_thread_blocked, id=3848, stack(0x000000bd73b00000,0x000000bd73c00000)]
  0x00000209b3271000 JavaThread "Finalizer" daemon [_thread_blocked, id=8412, stack(0x000000bd73c00000,0x000000bd73d00000)]
  0x00000209b3ae0800 JavaThread "Signal Dispatcher" daemon [_thread_blocked, id=11432, stack(0x000000bd73d00000,0x000000bd73e00000)]
  0x00000209b3ae2000 JavaThread "Attach Listener" daemon [_thread_blocked, id=9632, stack(0x000000bd73e00000,0x000000bd73f00000)]
  0x00000209b3ae4000 JavaThread "C2 CompilerThread0" daemon [_thread_blocked, id=6252, stack(0x000000bd73f00000,0x000000bd74000000)]
  0x00000209b3ae9800 JavaThread "C1 CompilerThread0" daemon [_thread_blocked, id=9116, stack(0x000000bd74000000,0x000000bd74100000)]
  0x00000209b3af0000 JavaThread "Sweeper thread" daemon [_thread_blocked, id=8652, stack(0x000000bd74100000,0x000000bd74200000)]
  0x00000209b3223800 JavaThread "Common-Cleaner" daemon [_thread_blocked, id=6888, stack(0x000000bd74200000,0x000000bd74300000)]
  0x00000209b3c51000 JavaThread "Service Thread" daemon [_thread_blocked, id=12900, stack(0x000000bd74300000,0x000000bd74400000)]
  0x00000209b4cb2800 JavaThread "Daemon health stats" [_thread_blocked, id=10404, stack(0x000000bd74600000,0x000000bd74700000)]
  0x00000209b5c50000 JavaThread "Incoming local TCP Connector on port 62901" [_thread_in_native, id=12728, stack(0x000000bd74800000,0x000000bd74900000)]
  0x00000209b4fa1800 JavaThread "Daemon periodic checks" [_thread_blocked, id=5872, stack(0x000000bd74900000,0x000000bd74a00000)]
  0x00000209b58a8000 JavaThread "Daemon" [_thread_blocked, id=11512, stack(0x000000bd74a00000,0x000000bd74b00000)]
  0x00000209b547e000 JavaThread "Handler for socket connection from /127.0.0.1:62901 to /127.0.0.1:62902" [_thread_in_native, id=12404, stack(0x000000bd74b00000,0x000000bd74c00000)]
  0x00000209b5962800 JavaThread "Cancel handler" [_thread_blocked, id=7796, stack(0x000000bd74c00000,0x000000bd74d00000)]
  0x00000209b5239800 JavaThread "Daemon worker" [_thread_blocked, id=6052, stack(0x000000bd74d00000,0x000000bd74e00000)]
  0x00000209b4f44000 JavaThread "Asynchronous log dispatcher for DefaultDaemonConnection: socket connection from /127.0.0.1:62901 to /127.0.0.1:62902" [_thread_blocked, id=9996, stack(0x000000bd74e00000,0x000000bd74f00000)]
  0x00000209b5659800 JavaThread "Thread-8" [_thread_blocked, id=11368, stack(0x000000bd75000000,0x000000bd75100000)]
  0x00000209b3ea0800 JavaThread "Cache worker for file hash cache (C:\Users\MISHECK\.gradle\caches\6.7.1\fileHashes)" [_thread_blocked, id=5360, stack(0x000000bd75100000,0x000000bd75200000)]
  0x00000209b3ea1000 JavaThread "File lock request listener" [_thread_in_native, id=5200, stack(0x000000bd75200000,0x000000bd75300000)]
  0x00000209b3e9e800 JavaThread "Cache worker for journal cache (C:\Users\MISHECK\.gradle\caches\journal-1)" [_thread_blocked, id=5756, stack(0x000000bd75300000,0x000000bd75400000)]
  0x00000209b3ea2000 JavaThread "Cache worker for file hash cache (C:\Users\MISHECK\AndroidStudioProjects\ChildSafetyApp\.gradle\6.7.1\fileHashes)" [_thread_blocked, id=4004, stack(0x000000bd75400000,0x000000bd75500000)]
  0x00000209b3e9d000 JavaThread "Cache worker for checksums cache (C:\Users\MISHECK\AndroidStudioProjects\ChildSafetyApp\.gradle\checksums)" [_thread_blocked, id=7324, stack(0x000000bd75500000,0x000000bd75600000)]
  0x00000209b3e9f800 JavaThread "Cache worker for cache directory md-supplier (C:\Users\MISHECK\.gradle\caches\6.7.1\md-supplier)" [_thread_blocked, id=2404, stack(0x000000bd75600000,0x000000bd75700000)]
  0x00000209b3e9c800 JavaThread "Cache worker for cache directory md-rule (C:\Users\MISHECK\.gradle\caches\6.7.1\md-rule)" [_thread_blocked, id=8916, stack(0x000000bd75700000,0x000000bd75800000)]
  0x00000209b3e9e000 JavaThread "Cache worker for execution history cache (C:\Users\MISHECK\.gradle\caches\6.7.1\executionHistory)" [_thread_blocked, id=10968, stack(0x000000bd75800000,0x000000bd75900000)]
  0x00000209b5b7a000 JavaThread "Cache worker for file content cache (C:\Users\MISHECK\.gradle\caches\6.7.1\fileContent)" [_thread_blocked, id=4332, stack(0x000000bd75a00000,0x000000bd75b00000)]
  0x00000209b5b7b800 JavaThread "Cache worker for Build Output Cleanup Cache (C:\Users\MISHECK\AndroidStudioProjects\ChildSafetyApp\.gradle\buildOutputCleanup)" [_thread_blocked, id=10008, stack(0x000000bd75b00000,0x000000bd75c00000)]
  0x00000209b5b7c800 JavaThread "Build operations" [_thread_blocked, id=3888, stack(0x000000bd75c00000,0x000000bd75d00000)]
  0x00000209b5b7d800 JavaThread "Build operations Thread 2" [_thread_blocked, id=12236, stack(0x000000bd75d00000,0x000000bd75e00000)]
  0x00000209b78c1000 JavaThread "Memory manager" [_thread_blocked, id=13000, stack(0x000000bd7be00000,0x000000bd7bf00000)]
  0x00000209b78c7800 JavaThread "build event listener" [_thread_blocked, id=13424, stack(0x000000bd73100000,0x000000bd73200000)]
  0x00000209b78c8000 JavaThread "build event listener" [_thread_blocked, id=10460, stack(0x000000bd73200000,0x000000bd73300000)]
  0x00000209b78c2800 JavaThread "Execution worker for ':'" [_thread_blocked, id=4468, stack(0x000000bd74f00000,0x000000bd75000000)]
  0x00000209b78ca000 JavaThread "Cache worker for execution history cache (C:\Users\MISHECK\AndroidStudioProjects\ChildSafetyApp\.gradle\6.7.1\executionHistory)" [_thread_blocked, id=1216, stack(0x000000bd7bf00000,0x000000bd7c000000)]
  0x00000209b5b7e000 JavaThread "WorkerExecutor Queue" [_thread_blocked, id=11336, stack(0x000000bd75900000,0x000000bd75a00000)]
  0x00000209b5b78800 JavaThread "WorkerExecutor Queue Thread 2" [_thread_blocked, id=8328, stack(0x000000bd75e00000,0x000000bd75f00000)]
  0x00000209b5b7f000 JavaThread "pool-4-thread-1" [_thread_blocked, id=14252, stack(0x000000bd75f00000,0x000000bd76000000)]
  0x00000209b5b79000 JavaThread "stderr" [_thread_in_native, id=6572, stack(0x000000bd76000000,0x000000bd76100000)]
  0x00000209b5b80800 JavaThread "stdout" [_thread_in_native, id=6476, stack(0x000000bd76100000,0x000000bd76200000)]
  0x00000209b5b84000 JavaThread "Cache worker for Java compile cache (C:\Users\MISHECK\.gradle\caches\6.7.1\javaCompile)" [_thread_blocked, id=12380, stack(0x000000bd76200000,0x000000bd76300000)]
  0x00000209b5b85800 JavaThread "Cache worker for Java compile cache (C:\Users\MISHECK\AndroidStudioProjects\ChildSafetyApp\.gradle\6.7.1\javaCompile)" [_thread_blocked, id=7636, stack(0x000000bd76300000,0x000000bd76400000)]
  0x00000209b5b84800 JavaThread "ForkJoinPool-1-worker-3" daemon [_thread_blocked, id=3476, stack(0x000000bd76400000,0x000000bd76500000)]
  0x00000209b5b7f800 JavaThread "ForkJoinPool-1-worker-1" daemon [_thread_blocked, id=7648, stack(0x000000bd76500000,0x000000bd76600000)]

Other Threads:
=>0x00000209b325c800 VMThread "VM Thread" [stack: 0x000000bd73a00000,0x000000bd73b00000] [id=12616]
  0x00000209b3c5e000 WatcherThread [stack: 0x000000bd74400000,0x000000bd74500000] [id=1256]
  0x0000020999b85000 GCTaskThread "GC Thread#0" [stack: 0x000000bd73500000,0x000000bd73600000] [id=6216]
  0x00000209b3dc7800 GCTaskThread "GC Thread#1" [stack: 0x000000bd74500000,0x000000bd74600000] [id=5220]
  0x0000020999bb5800 ConcurrentGCThread "G1 Main Marker" [stack: 0x000000bd73600000,0x000000bd73700000] [id=13612]
  0x0000020999bb8000 ConcurrentGCThread "G1 Conc#0" [stack: 0x000000bd73700000,0x000000bd73800000] [id=9856]
  0x0000020999c08800 ConcurrentGCThread "G1 Refine#0" [stack: 0x000000bd73800000,0x000000bd73900000] [id=13528]
  0x0000020999c09800 ConcurrentGCThread "G1 Young RemSet Sampling" [stack: 0x000000bd73900000,0x000000bd73a00000] [id=9424]

Threads with active compile tasks:
C2 CompilerThread0 206416 16642       4       com.android.tools.r8.dex.t::a (30 bytes)

VM state:at safepoint (normal execution)

VM Mutex/Monitor currently owned by a thread:  ([mutex/lock_event])
[0x0000020999b685a0] Threads_lock - owner thread: 0x00000209b325c800
[0x0000020999b68bd0] Heap_lock - owner thread: 0x00000209b5b7f800

Heap address: 0x0000000080000000, size: 2048 MB, Compressed Oops mode: 32-bit
Narrow klass base: 0x0000000000000000, Narrow klass shift: 3
Compressed class space size: 1073741824 Address: 0x0000000100000000

Heap:
 garbage-first heap   total 513024K, used 229948K [0x0000000080000000, 0x0000000100000000)
  region size 1024K, 3 young (3072K), 3 survivors (3072K)
 Metaspace       used 108362K, capacity 110952K, committed 111228K, reserved 1146880K
  class space    used 13592K, capacity 14566K, committed 14592K, reserved 1048576K
Heap Regions: E=young(eden), S=young(survivor), O=old, HS=humongous(starts), HC=humongous(continues), CS=collection set, F=free, A=archive, TAMS=top-at-mark-start (previous, next)
|   0|0x0000000080000000, 0x0000000080100000, 0x0000000080100000|100%| O|  |TAMS 0x0000000080100000, 0x0000000080000000| Untracked 
|   1|0x0000000080100000, 0x0000000080200000, 0x0000000080200000|100%| O|  |TAMS 0x0000000080200000, 0x0000000080100000| Untracked 
|   2|0x0000000080200000, 0x0000000080300000, 0x0000000080300000|100%| O|  |TAMS 0x0000000080300000, 0x0000000080200000| Untracked 
|   3|0x0000000080300000, 0x0000000080400000, 0x0000000080400000|100%| O|  |TAMS 0x0000000080400000, 0x0000000080300000| Untracked 
|   4|0x0000000080400000, 0x0000000080500000, 0x0000000080500000|100%|HS|  |TAMS 0x0000000080500000, 0x0000000080400000| Complete 
|   5|0x0000000080500000, 0x0000000080600000, 0x0000000080600000|100%|HC|  |TAMS 0x0000000080600000, 0x0000000080500000| Complete 
|   6|0x0000000080600000, 0x0000000080700000, 0x0000000080700000|100%|HC|  |TAMS 0x0000000080700000, 0x0000000080600000| Complete 
|   7|0x0000000080700000, 0x0000000080800000, 0x0000000080800000|100%| O|  |TAMS 0x0000000080800000, 0x0000000080700000| Untracked 
|   8|0x0000000080800000, 0x0000000080900000, 0x0000000080900000|100%| O|  |TAMS 0x0000000080900000, 0x0000000080800000| Untracked 
|   9|0x0000000080900000, 0x0000000080a00000, 0x0000000080a00000|100%| O|  |TAMS 0x0000000080a00000, 0x0000000080900000| Untracked 
|  10|0x0000000080a00000, 0x0000000080b00000, 0x0000000080b00000|100%| O|  |TAMS 0x0000000080b00000, 0x0000000080a00000| Untracked 
|  11|0x0000000080b00000, 0x0000000080c00000, 0x0000000080c00000|100%| O|  |TAMS 0x0000000080c00000, 0x0000000080b00000| Untracked 
|  12|0x0000000080c00000, 0x0000000080d00000, 0x0000000080d00000|100%| O|  |TAMS 0x0000000080d00000, 0x0000000080c00000| Untracked 
|  13|0x0000000080d00000, 0x0000000080e00000, 0x0000000080e00000|100%| O|  |TAMS 0x0000000080e00000, 0x0000000080d00000| Untracked 
|  14|0x0000000080e00000, 0x0000000080f00000, 0x0000000080f00000|100%| O|  |TAMS 0x0000000080f00000, 0x0000000080e00000| Untracked 
|  15|0x0000000080f00000, 0x0000000081000000, 0x0000000081000000|100%| O|  |TAMS 0x0000000081000000, 0x0000000080f00000| Untracked 
|  16|0x0000000081000000, 0x0000000081100000, 0x0000000081100000|100%| O|  |TAMS 0x0000000081100000, 0x0000000081000000| Untracked 
|  17|0x0000000081100000, 0x0000000081200000, 0x0000000081200000|100%| O|  |TAMS 0x0000000081200000, 0x0000000081100000| Untracked 
|  18|0x0000000081200000, 0x0000000081300000, 0x0000000081300000|100%| O|  |TAMS 0x0000000081300000, 0x0000000081200000| Untracked 
|  19|0x0000000081300000, 0x0000000081400000, 0x0000000081400000|100%| O|  |TAMS 0x0000000081400000, 0x0000000081300000| Untracked 
|  20|0x0000000081400000, 0x0000000081500000, 0x0000000081500000|100%| O|  |TAMS 0x0000000081500000, 0x0000000081400000| Untracked 
|  21|0x0000000081500000, 0x0000000081600000, 0x0000000081600000|100%| O|  |TAMS 0x0000000081600000, 0x0000000081500000| Untracked 
|  22|0x0000000081600000, 0x0000000081700000, 0x0000000081700000|100%| O|  |TAMS 0x0000000081700000, 0x0000000081600000| Untracked 
|  23|0x0000000081700000, 0x0000000081800000, 0x0000000081800000|100%|HS|  |TAMS 0x0000000081800000, 0x0000000081700000| Complete 
|  24|0x0000000081800000, 0x0000000081900000, 0x0000000081900000|100%|HS|  |TAMS 0x0000000081900000, 0x0000000081800000| Complete 
|  25|0x0000000081900000, 0x0000000081a00000, 0x0000000081a00000|100%|HC|  |TAMS 0x0000000081a00000, 0x0000000081900000| Complete 
|  26|0x0000000081a00000, 0x0000000081b00000, 0x0000000081b00000|100%| O|  |TAMS 0x0000000081b00000, 0x0000000081a00000| Untracked 
|  27|0x0000000081b00000, 0x0000000081c00000, 0x0000000081c00000|100%| O|  |TAMS 0x0000000081c00000, 0x0000000081b00000| Untracked 
|  28|0x0000000081c00000, 0x0000000081d00000, 0x0000000081d00000|100%| O|  |TAMS 0x0000000081d00000, 0x0000000081c00000| Untracked 
|  29|0x0000000081d00000, 0x0000000081e00000, 0x0000000081e00000|100%| O|  |TAMS 0x0000000081e00000, 0x0000000081d00000| Untracked 
|  30|0x0000000081e00000, 0x0000000081f00000, 0x0000000081f00000|100%| O|  |TAMS 0x0000000081f00000, 0x0000000081e00000| Untracked 
|  31|0x0000000081f00000, 0x0000000082000000, 0x0000000082000000|100%| O|  |TAMS 0x0000000082000000, 0x0000000081f00000| Untracked 
|  32|0x0000000082000000, 0x0000000082100000, 0x0000000082100000|100%| O|  |TAMS 0x0000000082100000, 0x0000000082000000| Untracked 
|  33|0x0000000082100000, 0x0000000082200000, 0x0000000082200000|100%| O|  |TAMS 0x0000000082200000, 0x0000000082100000| Untracked 
|  34|0x0000000082200000, 0x0000000082300000, 0x0000000082300000|100%| O|  |TAMS 0x0000000082300000, 0x0000000082200000| Untracked 
|  35|0x0000000082300000, 0x0000000082400000, 0x0000000082400000|100%| O|  |TAMS 0x0000000082400000, 0x0000000082300000| Untracked 
|  36|0x0000000082400000, 0x0000000082500000, 0x0000000082500000|100%| O|  |TAMS 0x0000000082500000, 0x0000000082400000| Untracked 
|  37|0x0000000082500000, 0x0000000082600000, 0x0000000082600000|100%| O|  |TAMS 0x0000000082600000, 0x0000000082500000| Untracked 
|  38|0x0000000082600000, 0x0000000082700000, 0x0000000082700000|100%| O|  |TAMS 0x0000000082700000, 0x0000000082600000| Untracked 
|  39|0x0000000082700000, 0x0000000082800000, 0x0000000082800000|100%| O|  |TAMS 0x0000000082800000, 0x0000000082700000| Untracked 
|  40|0x0000000082800000, 0x0000000082900000, 0x0000000082900000|100%| O|  |TAMS 0x0000000082900000, 0x0000000082800000| Untracked 
|  41|0x0000000082900000, 0x0000000082a00000, 0x0000000082a00000|100%| O|  |TAMS 0x0000000082a00000, 0x0000000082900000| Untracked 
|  42|0x0000000082a00000, 0x0000000082b00000, 0x0000000082b00000|100%| O|  |TAMS 0x0000000082b00000, 0x0000000082a00000| Untracked 
|  43|0x0000000082b00000, 0x0000000082c00000, 0x0000000082c00000|100%| O|  |TAMS 0x0000000082c00000, 0x0000000082b00000| Untracked 
|  44|0x0000000082c00000, 0x0000000082d00000, 0x0000000082d00000|100%| O|  |TAMS 0x0000000082d00000, 0x0000000082c00000| Untracked 
|  45|0x0000000082d00000, 0x0000000082e00000, 0x0000000082e00000|100%| O|  |TAMS 0x0000000082e00000, 0x0000000082d00000| Untracked 
|  46|0x0000000082e00000, 0x0000000082f00000, 0x0000000082f00000|100%| O|  |TAMS 0x0000000082f00000, 0x0000000082e00000| Untracked 
|  47|0x0000000082f00000, 0x0000000083000000, 0x0000000083000000|100%| O|  |TAMS 0x0000000083000000, 0x0000000082f00000| Untracked 
|  48|0x0000000083000000, 0x0000000083100000, 0x0000000083100000|100%| O|  |TAMS 0x0000000083100000, 0x0000000083000000| Untracked 
|  49|0x0000000083100000, 0x0000000083200000, 0x0000000083200000|100%| O|  |TAMS 0x0000000083200000, 0x0000000083100000| Untracked 
|  50|0x0000000083200000, 0x0000000083300000, 0x0000000083300000|100%| O|  |TAMS 0x0000000083300000, 0x0000000083200000| Untracked 
|  51|0x0000000083300000, 0x0000000083400000, 0x0000000083400000|100%| O|  |TAMS 0x0000000083400000, 0x0000000083300000| Untracked 
|  52|0x0000000083400000, 0x0000000083500000, 0x0000000083500000|100%| O|  |TAMS 0x0000000083500000, 0x0000000083400000| Untracked 
|  53|0x0000000083500000, 0x0000000083600000, 0x0000000083600000|100%| O|  |TAMS 0x0000000083600000, 0x0000000083500000| Untracked 
|  54|0x0000000083600000, 0x0000000083700000, 0x0000000083700000|100%| O|  |TAMS 0x0000000083700000, 0x0000000083600000| Untracked 
|  55|0x0000000083700000, 0x0000000083800000, 0x0000000083800000|100%| O|  |TAMS 0x0000000083800000, 0x0000000083700000| Untracked 
|  56|0x0000000083800000, 0x0000000083900000, 0x0000000083900000|100%| O|  |TAMS 0x0000000083900000, 0x0000000083800000| Untracked 
|  57|0x0000000083900000, 0x0000000083a00000, 0x0000000083a00000|100%| O|  |TAMS 0x0000000083a00000, 0x0000000083900000| Untracked 
|  58|0x0000000083a00000, 0x0000000083b00000, 0x0000000083b00000|100%|HS|  |TAMS 0x0000000083a00000, 0x0000000083a00000| Complete 
|  59|0x0000000083b00000, 0x0000000083c00000, 0x0000000083c00000|100%| O|  |TAMS 0x0000000083b00000, 0x0000000083b00000| Untracked 
|  60|0x0000000083c00000, 0x0000000083d00000, 0x0000000083d00000|100%| O|  |TAMS 0x0000000083c00000, 0x0000000083c00000| Untracked 
|  61|0x0000000083d00000, 0x0000000083e00000, 0x0000000083e00000|100%|HS|  |TAMS 0x0000000083d00000, 0x0000000083d00000| Complete 
|  62|0x0000000083e00000, 0x0000000083f00000, 0x0000000083f00000|100%| O|  |TAMS 0x0000000083e00000, 0x0000000083e00000| Untracked 
|  63|0x0000000083f00000, 0x0000000084000000, 0x0000000084000000|100%| O|  |TAMS 0x0000000083f00000, 0x0000000083f00000| Untracked 
|  64|0x0000000084000000, 0x0000000084100000, 0x0000000084100000|100%| O|  |TAMS 0x0000000084000000, 0x0000000084000000| Untracked 
|  65|0x0000000084100000, 0x0000000084200000, 0x0000000084200000|100%| O|  |TAMS 0x0000000084100000, 0x0000000084100000| Untracked 
|  66|0x0000000084200000, 0x0000000084300000, 0x0000000084300000|100%| O|  |TAMS 0x0000000084200000, 0x0000000084200000| Untracked 
|  67|0x0000000084300000, 0x0000000084400000, 0x0000000084400000|100%| O|  |TAMS 0x0000000084400000, 0x0000000084300000| Untracked 
|  68|0x0000000084400000, 0x0000000084500000, 0x0000000084500000|100%| O|  |TAMS 0x0000000084400000, 0x0000000084400000| Untracked 
|  69|0x0000000084500000, 0x0000000084600000, 0x0000000084600000|100%| O|  |TAMS 0x0000000084500000, 0x0000000084500000| Untracked 
|  70|0x0000000084600000, 0x0000000084700000, 0x0000000084700000|100%| O|  |TAMS 0x0000000084600000, 0x0000000084600000| Untracked 
|  71|0x0000000084700000, 0x0000000084800000, 0x0000000084800000|100%| O|  |TAMS 0x0000000084700000, 0x0000000084700000| Untracked 
|  72|0x0000000084800000, 0x0000000084900000, 0x0000000084900000|100%| O|  |TAMS 0x0000000084800000, 0x0000000084800000| Untracked 
|  73|0x0000000084900000, 0x0000000084a00000, 0x0000000084a00000|100%| O|  |TAMS 0x0000000084900000, 0x0000000084900000| Untracked 
|  74|0x0000000084a00000, 0x0000000084b00000, 0x0000000084b00000|100%| O|  |TAMS 0x0000000084a00000, 0x0000000084a00000| Untracked 
|  75|0x0000000084b00000, 0x0000000084c00000, 0x0000000084c00000|100%| O|  |TAMS 0x0000000084b00000, 0x0000000084b00000| Untracked 
|  76|0x0000000084c00000, 0x0000000084d00000, 0x0000000084d00000|100%| O|  |TAMS 0x0000000084c00000, 0x0000000084c00000| Untracked 
|  77|0x0000000084d00000, 0x0000000084e00000, 0x0000000084e00000|100%| O|  |TAMS 0x0000000084d00000, 0x0000000084d00000| Untracked 
|  78|0x0000000084e00000, 0x0000000084f00000, 0x0000000084f00000|100%| O|  |TAMS 0x0000000084e00000, 0x0000000084e00000| Untracked 
|  79|0x0000000084f00000, 0x0000000085000000, 0x0000000085000000|100%| O|  |TAMS 0x0000000084f00000, 0x0000000084f00000| Untracked 
|  80|0x0000000085000000, 0x0000000085100000, 0x0000000085100000|100%| O|  |TAMS 0x0000000085000000, 0x0000000085000000| Untracked 
|  81|0x0000000085100000, 0x0000000085200000, 0x0000000085200000|100%| O|  |TAMS 0x0000000085100000, 0x0000000085100000| Untracked 
|  82|0x0000000085200000, 0x0000000085300000, 0x0000000085300000|100%| O|  |TAMS 0x0000000085300000, 0x0000000085200000| Untracked 
|  83|0x0000000085300000, 0x0000000085400000, 0x0000000085400000|100%| O|  |TAMS 0x0000000085400000, 0x0000000085300000| Untracked 
|  84|0x0000000085400000, 0x0000000085500000, 0x0000000085500000|100%| O|  |TAMS 0x0000000085500000, 0x0000000085400000| Untracked 
|  85|0x0000000085500000, 0x0000000085600000, 0x0000000085600000|100%| O|  |TAMS 0x0000000085500000, 0x0000000085500000| Untracked 
|  86|0x0000000085600000, 0x0000000085700000, 0x0000000085700000|100%| O|  |TAMS 0x0000000085600000, 0x0000000085600000| Untracked 
|  87|0x0000000085700000, 0x0000000085800000, 0x0000000085800000|100%| O|  |TAMS 0x0000000085700000, 0x0000000085700000| Untracked 
|  88|0x0000000085800000, 0x0000000085900000, 0x0000000085900000|100%| O|  |TAMS 0x0000000085800000, 0x0000000085800000| Untracked 
|  89|0x0000000085900000, 0x0000000085a00000, 0x0000000085a00000|100%| O|  |TAMS 0x0000000085900000, 0x0000000085900000| Untracked 
|  90|0x0000000085a00000, 0x0000000085b00000, 0x0000000085b00000|100%| O|  |TAMS 0x0000000085a00000, 0x0000000085a00000| Untracked 
|  91|0x0000000085b00000, 0x0000000085c00000, 0x0000000085c00000|100%| O|  |TAMS 0x0000000085b00000, 0x0000000085b00000| Untracked 
|  92|0x0000000085c00000, 0x0000000085d00000, 0x0000000085d00000|100%| O|  |TAMS 0x0000000085c00000, 0x0000000085c00000| Untracked 
|  93|0x0000000085d00000, 0x0000000085e00000, 0x0000000085e00000|100%| O|  |TAMS 0x0000000085e00000, 0x0000000085d00000| Untracked 
|  94|0x0000000085e00000, 0x0000000085f00000, 0x0000000085f00000|100%| O|  |TAMS 0x0000000085f00000, 0x0000000085e00000| Untracked 
|  95|0x0000000085f00000, 0x0000000086000000, 0x0000000086000000|100%| O|  |TAMS 0x0000000086000000, 0x0000000085f00000| Untracked 
|  96|0x0000000086000000, 0x0000000086100000, 0x0000000086100000|100%| O|  |TAMS 0x0000000086100000, 0x0000000086000000| Untracked 
|  97|0x0000000086100000, 0x0000000086200000, 0x0000000086200000|100%| O|  |TAMS 0x0000000086200000, 0x0000000086100000| Untracked 
|  98|0x0000000086200000, 0x0000000086300000, 0x0000000086300000|100%| O|  |TAMS 0x0000000086300000, 0x0000000086200000| Untracked 
|  99|0x0000000086300000, 0x0000000086400000, 0x0000000086400000|100%| O|  |TAMS 0x0000000086400000, 0x0000000086300000| Untracked 
| 100|0x0000000086400000, 0x0000000086500000, 0x0000000086500000|100%| O|  |TAMS 0x0000000086500000, 0x0000000086400000| Untracked 
| 101|0x0000000086500000, 0x0000000086600000, 0x0000000086600000|100%| O|  |TAMS 0x0000000086600000, 0x0000000086500000| Untracked 
| 102|0x0000000086600000, 0x0000000086700000, 0x0000000086700000|100%| O|  |TAMS 0x0000000086700000, 0x0000000086600000| Untracked 
| 103|0x0000000086700000, 0x0000000086800000, 0x0000000086800000|100%| O|  |TAMS 0x0000000086800000, 0x0000000086700000| Untracked 
| 104|0x0000000086800000, 0x0000000086900000, 0x0000000086900000|100%| O|  |TAMS 0x0000000086900000, 0x0000000086800000| Untracked 
| 105|0x0000000086900000, 0x0000000086a00000, 0x0000000086a00000|100%| O|  |TAMS 0x0000000086a00000, 0x0000000086900000| Untracked 
| 106|0x0000000086a00000, 0x0000000086b00000, 0x0000000086b00000|100%|HS|  |TAMS 0x0000000086b00000, 0x0000000086a00000| Complete 
| 107|0x0000000086b00000, 0x0000000086c00000, 0x0000000086c00000|100%|HC|  |TAMS 0x0000000086c00000, 0x0000000086b00000| Complete 
| 108|0x0000000086c00000, 0x0000000086d00000, 0x0000000086d00000|100%| O|  |TAMS 0x0000000086d00000, 0x0000000086c00000| Untracked 
| 109|0x0000000086d00000, 0x0000000086e00000, 0x0000000086e00000|100%| O|  |TAMS 0x0000000086e00000, 0x0000000086d00000| Untracked 
| 110|0x0000000086e00000, 0x0000000086f00000, 0x0000000086f00000|100%| O|  |TAMS 0x0000000086e00000, 0x0000000086e00000| Untracked 
| 111|0x0000000086f00000, 0x0000000087000000, 0x0000000087000000|100%| O|  |TAMS 0x0000000087000000, 0x0000000086f00000| Untracked 
| 112|0x0000000087000000, 0x0000000087100000, 0x0000000087100000|100%| O|  |TAMS 0x0000000087100000, 0x0000000087000000| Untracked 
| 113|0x0000000087100000, 0x0000000087200000, 0x0000000087200000|100%| O|  |TAMS 0x0000000087200000, 0x0000000087100000| Untracked 
| 114|0x0000000087200000, 0x0000000087300000, 0x0000000087300000|100%| O|  |TAMS 0x0000000087200000, 0x0000000087200000| Untracked 
| 115|0x0000000087300000, 0x0000000087400000, 0x0000000087400000|100%| O|  |TAMS 0x0000000087400000, 0x0000000087300000| Untracked 
| 116|0x0000000087400000, 0x0000000087500000, 0x0000000087500000|100%| O|  |TAMS 0x0000000087400000, 0x0000000087400000| Untracked 
| 117|0x0000000087500000, 0x0000000087600000, 0x0000000087600000|100%| O|  |TAMS 0x0000000087500000, 0x0000000087500000| Untracked 
| 118|0x0000000087600000, 0x0000000087700000, 0x0000000087700000|100%| O|  |TAMS 0x0000000087700000, 0x0000000087600000| Untracked 
| 119|0x0000000087700000, 0x0000000087800000, 0x0000000087800000|100%| O|  |TAMS 0x0000000087700000, 0x0000000087700000| Untracked 
| 120|0x0000000087800000, 0x0000000087900000, 0x0000000087900000|100%|HS|  |TAMS 0x0000000087800000, 0x0000000087800000| Complete 
| 121|0x0000000087900000, 0x0000000087a00000, 0x0000000087a00000|100%| O|  |TAMS 0x0000000087a00000, 0x0000000087900000| Untracked 
| 122|0x0000000087a00000, 0x0000000087b00000, 0x0000000087b00000|100%| O|  |TAMS 0x0000000087b00000, 0x0000000087a00000| Untracked 
| 123|0x0000000087b00000, 0x0000000087c00000, 0x0000000087c00000|100%| O|  |TAMS 0x0000000087b00000, 0x0000000087b00000| Untracked 
| 124|0x0000000087c00000, 0x0000000087d00000, 0x0000000087d00000|100%| O|  |TAMS 0x0000000087c00000, 0x0000000087c00000| Untracked 
| 125|0x0000000087d00000, 0x0000000087e00000, 0x0000000087e00000|100%| O|  |TAMS 0x0000000087d00000, 0x0000000087d00000| Untracked 
| 126|0x0000000087e00000, 0x0000000087f00000, 0x0000000087f00000|100%| O|  |TAMS 0x0000000087e00000, 0x0000000087e00000| Untracked 
| 127|0x0000000087f00000, 0x0000000088000000, 0x0000000088000000|100%| O|  |TAMS 0x0000000087f00000, 0x0000000087f00000| Untracked 
| 128|0x0000000088000000, 0x0000000088100000, 0x0000000088100000|100%| O|  |TAMS 0x0000000088000000, 0x0000000088000000| Untracked 
| 129|0x0000000088100000, 0x0000000088200000, 0x0000000088200000|100%| O|  |TAMS 0x0000000088100000, 0x0000000088100000| Untracked 
| 130|0x0000000088200000, 0x0000000088300000, 0x0000000088300000|100%| O|  |TAMS 0x0000000088300000, 0x0000000088200000| Untracked 
| 131|0x0000000088300000, 0x0000000088400000, 0x0000000088400000|100%| O|  |TAMS 0x0000000088400000, 0x0000000088300000| Untracked 
| 132|0x0000000088400000, 0x0000000088500000, 0x0000000088500000|100%| O|  |TAMS 0x0000000088500000, 0x0000000088400000| Untracked 
| 133|0x0000000088500000, 0x0000000088600000, 0x0000000088600000|100%|HS|  |TAMS 0x0000000088500000, 0x0000000088500000| Complete 
| 134|0x0000000088600000, 0x0000000088700000, 0x0000000088700000|100%| O|  |TAMS 0x0000000088600000, 0x0000000088600000| Untracked 
| 135|0x0000000088700000, 0x0000000088800000, 0x0000000088800000|100%| O|  |TAMS 0x0000000088700000, 0x0000000088700000| Untracked 
| 136|0x0000000088800000, 0x0000000088900000, 0x0000000088900000|100%| O|  |TAMS 0x0000000088800000, 0x0000000088800000| Untracked 
| 137|0x0000000088900000, 0x0000000088a00000, 0x0000000088a00000|100%| O|  |TAMS 0x0000000088900000, 0x0000000088900000| Untracked 
| 138|0x0000000088a00000, 0x0000000088b00000, 0x0000000088b00000|100%| O|  |TAMS 0x0000000088a00000, 0x0000000088a00000| Untracked 
| 139|0x0000000088b00000, 0x0000000088c00000, 0x0000000088c00000|100%|HS|  |TAMS 0x0000000088c00000, 0x0000000088b00000| Complete 
| 140|0x0000000088c00000, 0x0000000088d00000, 0x0000000088d00000|100%|HC|  |TAMS 0x0000000088d00000, 0x0000000088c00000| Complete 
| 141|0x0000000088d00000, 0x0000000088e00000, 0x0000000088e00000|100%|HC|  |TAMS 0x0000000088e00000, 0x0000000088d00000| Complete 
| 142|0x0000000088e00000, 0x0000000088f00000, 0x0000000088f00000|100%|HC|  |TAMS 0x0000000088f00000, 0x0000000088e00000| Complete 
| 143|0x0000000088f00000, 0x0000000089000000, 0x0000000089000000|100%|HC|  |TAMS 0x0000000089000000, 0x0000000088f00000| Complete 
| 144|0x0000000089000000, 0x0000000089100000, 0x0000000089100000|100%|HC|  |TAMS 0x0000000089100000, 0x0000000089000000| Complete 
| 145|0x0000000089100000, 0x0000000089200000, 0x0000000089200000|100%|HC|  |TAMS 0x0000000089200000, 0x0000000089100000| Complete 
| 146|0x0000000089200000, 0x0000000089300000, 0x0000000089300000|100%|HC|  |TAMS 0x0000000089300000, 0x0000000089200000| Complete 
| 147|0x0000000089300000, 0x0000000089400000, 0x0000000089400000|100%| O|  |TAMS 0x0000000089300000, 0x0000000089300000| Untracked 
| 148|0x0000000089400000, 0x0000000089500000, 0x0000000089500000|100%|HS|  |TAMS 0x0000000089500000, 0x0000000089400000| Complete 
| 149|0x0000000089500000, 0x0000000089600000, 0x0000000089600000|100%| O|  |TAMS 0x0000000089500000, 0x0000000089500000| Untracked 
| 150|0x0000000089600000, 0x0000000089700000, 0x0000000089700000|100%| O|  |TAMS 0x0000000089600000, 0x0000000089600000| Untracked 
| 151|0x0000000089700000, 0x0000000089800000, 0x0000000089800000|100%|HS|  |TAMS 0x0000000089700000, 0x0000000089700000| Complete 
| 152|0x0000000089800000, 0x0000000089900000, 0x0000000089900000|100%| O|  |TAMS 0x0000000089800000, 0x0000000089800000| Untracked 
| 153|0x0000000089900000, 0x0000000089a00000, 0x0000000089a00000|100%| O|  |TAMS 0x0000000089900000, 0x0000000089900000| Untracked 
| 154|0x0000000089a00000, 0x0000000089b00000, 0x0000000089b00000|100%| O|  |TAMS 0x0000000089a00000, 0x0000000089a00000| Untracked 
| 155|0x0000000089b00000, 0x0000000089c00000, 0x0000000089c00000|100%| O|  |TAMS 0x0000000089b00000, 0x0000000089b00000| Untracked 
| 156|0x0000000089c00000, 0x0000000089d00000, 0x0000000089d00000|100%| O|  |TAMS 0x0000000089c00000, 0x0000000089c00000| Untracked 
| 157|0x0000000089d00000, 0x0000000089e00000, 0x0000000089e00000|100%| O|  |TAMS 0x0000000089e00000, 0x0000000089d00000| Untracked 
| 158|0x0000000089e00000, 0x0000000089f00000, 0x0000000089f00000|100%| O|  |TAMS 0x0000000089e00000, 0x0000000089e00000| Untracked 
| 159|0x0000000089f00000, 0x000000008a000000, 0x000000008a000000|100%| O|  |TAMS 0x0000000089f00000, 0x0000000089f00000| Untracked 
| 160|0x000000008a000000, 0x000000008a100000, 0x000000008a100000|100%| O|  |TAMS 0x000000008a100000, 0x000000008a000000| Untracked 
| 161|0x000000008a100000, 0x000000008a200000, 0x000000008a200000|100%| O|  |TAMS 0x000000008a180000, 0x000000008a100000| Untracked 
| 162|0x000000008a200000, 0x000000008a300000, 0x000000008a300000|100%|HS|  |TAMS 0x000000008a200000, 0x000000008a200000| Complete 
| 163|0x000000008a300000, 0x000000008a400000, 0x000000008a400000|100%|HC|  |TAMS 0x000000008a300000, 0x000000008a300000| Complete 
| 164|0x000000008a400000, 0x000000008a500000, 0x000000008a500000|100%|HC|  |TAMS 0x000000008a400000, 0x000000008a400000| Complete 
| 165|0x000000008a500000, 0x000000008a600000, 0x000000008a600000|100%|HC|  |TAMS 0x000000008a500000, 0x000000008a500000| Complete 
| 166|0x000000008a600000, 0x000000008a700000, 0x000000008a700000|100%|HC|  |TAMS 0x000000008a600000, 0x000000008a600000| Complete 
| 167|0x000000008a700000, 0x000000008a800000, 0x000000008a800000|100%|HC|  |TAMS 0x000000008a700000, 0x000000008a700000| Complete 
| 168|0x000000008a800000, 0x000000008a900000, 0x000000008a900000|100%|HC|  |TAMS 0x000000008a800000, 0x000000008a800000| Complete 
| 169|0x000000008a900000, 0x000000008aa00000, 0x000000008aa00000|100%|HC|  |TAMS 0x000000008a900000, 0x000000008a900000| Complete 
| 170|0x000000008aa00000, 0x000000008ab00000, 0x000000008ab00000|100%| O|  |TAMS 0x000000008aa00000, 0x000000008aa00000| Untracked 
| 171|0x000000008ab00000, 0x000000008ac00000, 0x000000008ac00000|100%| O|  |TAMS 0x000000008ab00000, 0x000000008ab00000| Untracked 
| 172|0x000000008ac00000, 0x000000008ad00000, 0x000000008ad00000|100%| O|  |TAMS 0x000000008ac00000, 0x000000008ac00000| Untracked 
| 173|0x000000008ad00000, 0x000000008ae00000, 0x000000008ae00000|100%| O|  |TAMS 0x000000008ad00000, 0x000000008ad00000| Untracked 
| 174|0x000000008ae00000, 0x000000008af00000, 0x000000008af00000|100%| O|  |TAMS 0x000000008ae00000, 0x000000008ae00000| Untracked 
| 175|0x000000008af00000, 0x000000008b000000, 0x000000008b000000|100%| O|  |TAMS 0x000000008af00000, 0x000000008af00000| Untracked 
| 176|0x000000008b000000, 0x000000008b100000, 0x000000008b100000|100%| O|  |TAMS 0x000000008b000000, 0x000000008b000000| Untracked 
| 177|0x000000008b100000, 0x000000008b200000, 0x000000008b200000|100%| O|  |TAMS 0x000000008b100000, 0x000000008b100000| Untracked 
| 178|0x000000008b200000, 0x000000008b300000, 0x000000008b300000|100%| O|  |TAMS 0x000000008b200000, 0x000000008b200000| Untracked 
| 179|0x000000008b300000, 0x000000008b400000, 0x000000008b400000|100%| O|  |TAMS 0x000000008b300000, 0x000000008b300000| Untracked 
| 180|0x000000008b400000, 0x000000008b500000, 0x000000008b500000|100%| O|  |TAMS 0x000000008b400000, 0x000000008b400000| Untracked 
| 181|0x000000008b500000, 0x000000008b600000, 0x000000008b600000|100%| O|  |TAMS 0x000000008b500000, 0x000000008b500000| Untracked 
| 182|0x000000008b600000, 0x000000008b700000, 0x000000008b700000|100%| O|  |TAMS 0x000000008b600000, 0x000000008b600000| Untracked 
| 183|0x000000008b700000, 0x000000008b800000, 0x000000008b800000|100%| O|  |TAMS 0x000000008b700000, 0x000000008b700000| Untracked 
| 184|0x000000008b800000, 0x000000008b900000, 0x000000008b900000|100%| O|  |TAMS 0x000000008b800000, 0x000000008b800000| Untracked 
| 185|0x000000008b900000, 0x000000008ba00000, 0x000000008ba00000|100%| O|  |TAMS 0x000000008b900000, 0x000000008b900000| Untracked 
| 186|0x000000008ba00000, 0x000000008bb00000, 0x000000008bb00000|100%| O|  |TAMS 0x000000008ba00000, 0x000000008ba00000| Untracked 
| 187|0x000000008bb00000, 0x000000008bc00000, 0x000000008bc00000|100%|HS|  |TAMS 0x000000008bb00000, 0x000000008bb00000| Complete 
| 188|0x000000008bc00000, 0x000000008bd00000, 0x000000008bd00000|100%|HS|  |TAMS 0x000000008bc00000, 0x000000008bc00000| Complete 
| 189|0x000000008bd00000, 0x000000008be00000, 0x000000008be00000|100%|HS|  |TAMS 0x000000008bd00000, 0x000000008bd00000| Complete 
| 190|0x000000008be00000, 0x000000008bf00000, 0x000000008bf00000|100%|HS|  |TAMS 0x000000008be00000, 0x000000008be00000| Complete 
| 191|0x000000008bf00000, 0x000000008c000000, 0x000000008c000000|100%|HC|  |TAMS 0x000000008bf00000, 0x000000008bf00000| Complete 
| 192|0x000000008c000000, 0x000000008c100000, 0x000000008c100000|100%|HS|  |TAMS 0x000000008c000000, 0x000000008c000000| Complete 
| 193|0x000000008c100000, 0x000000008c200000, 0x000000008c200000|100%|HS|  |TAMS 0x000000008c100000, 0x000000008c100000| Complete 
| 194|0x000000008c200000, 0x000000008c300000, 0x000000008c300000|100%|HC|  |TAMS 0x000000008c200000, 0x000000008c200000| Complete 
| 195|0x000000008c300000, 0x000000008c400000, 0x000000008c400000|100%| O|  |TAMS 0x000000008c300000, 0x000000008c300000| Untracked 
| 196|0x000000008c400000, 0x000000008c500000, 0x000000008c500000|100%| O|  |TAMS 0x000000008c400000, 0x000000008c400000| Untracked 
| 197|0x000000008c500000, 0x000000008c600000, 0x000000008c600000|100%| O|  |TAMS 0x000000008c500000, 0x000000008c500000| Untracked 
| 198|0x000000008c600000, 0x000000008c700000, 0x000000008c700000|100%| O|  |TAMS 0x000000008c600000, 0x000000008c600000| Untracked 
| 199|0x000000008c700000, 0x000000008c800000, 0x000000008c800000|100%|HS|  |TAMS 0x000000008c700000, 0x000000008c700000| Complete 
| 200|0x000000008c800000, 0x000000008c900000, 0x000000008c900000|100%|HS|  |TAMS 0x000000008c800000, 0x000000008c800000| Complete 
| 201|0x000000008c900000, 0x000000008ca00000, 0x000000008ca00000|100%|HC|  |TAMS 0x000000008c900000, 0x000000008c900000| Complete 
| 202|0x000000008ca00000, 0x000000008cb00000, 0x000000008cb00000|100%|HS|  |TAMS 0x000000008ca00000, 0x000000008ca00000| Complete 
| 203|0x000000008cb00000, 0x000000008cc00000, 0x000000008cc00000|100%|HS|  |TAMS 0x000000008cb00000, 0x000000008cb00000| Complete 
| 204|0x000000008cc00000, 0x000000008cd00000, 0x000000008cd00000|100%|HS|  |TAMS 0x000000008cc00000, 0x000000008cc00000| Complete 
| 205|0x000000008cd00000, 0x000000008ce00000, 0x000000008ce00000|100%|HC|  |TAMS 0x000000008cd00000, 0x000000008cd00000| Complete 
| 206|0x000000008ce00000, 0x000000008cf00000, 0x000000008cf00000|100%|HS|  |TAMS 0x000000008ce00000, 0x000000008ce00000| Complete 
| 207|0x000000008cf00000, 0x000000008d000000, 0x000000008d000000|100%|HS|  |TAMS 0x000000008cf00000, 0x000000008cf00000| Complete 
| 208|0x000000008d000000, 0x000000008d100000, 0x000000008d100000|100%|HS|  |TAMS 0x000000008d000000, 0x000000008d000000| Complete 
| 209|0x000000008d100000, 0x000000008d200000, 0x000000008d200000|100%|HS|  |TAMS 0x000000008d100000, 0x000000008d100000| Complete 
| 210|0x000000008d200000, 0x000000008d300000, 0x000000008d300000|100%|HC|  |TAMS 0x000000008d200000, 0x000000008d200000| Complete 
| 211|0x000000008d300000, 0x000000008d400000, 0x000000008d400000|100%| O|  |TAMS 0x000000008d300000, 0x000000008d300000| Untracked 
| 212|0x000000008d400000, 0x000000008d500000, 0x000000008d500000|100%| O|  |TAMS 0x000000008d400000, 0x000000008d400000| Untracked 
| 213|0x000000008d500000, 0x000000008d600000, 0x000000008d600000|100%| O|  |TAMS 0x000000008d500000, 0x000000008d500000| Untracked 
| 214|0x000000008d600000, 0x000000008d700000, 0x000000008d700000|100%|HS|  |TAMS 0x000000008d600000, 0x000000008d600000| Complete 
| 215|0x000000008d700000, 0x000000008d800000, 0x000000008d800000|100%|HS|  |TAMS 0x000000008d700000, 0x000000008d700000| Complete 
| 216|0x000000008d800000, 0x000000008d800000, 0x000000008d900000|  0%| F|  |TAMS 0x000000008d800000, 0x000000008d800000| Untracked 
| 217|0x000000008d900000, 0x000000008da00000, 0x000000008da00000|100%|HS|  |TAMS 0x000000008d900000, 0x000000008d900000| Complete 
| 218|0x000000008da00000, 0x000000008db00000, 0x000000008db00000|100%|HS|  |TAMS 0x000000008da00000, 0x000000008da00000| Complete 
| 219|0x000000008db00000, 0x000000008dc00000, 0x000000008dc00000|100%|HS|  |TAMS 0x000000008db00000, 0x000000008db00000| Complete 
| 220|0x000000008dc00000, 0x000000008dd00000, 0x000000008dd00000|100%|HC|  |TAMS 0x000000008dc00000, 0x000000008dc00000| Complete 
| 221|0x000000008dd00000, 0x000000008de00000, 0x000000008de00000|100%| O|  |TAMS 0x000000008dd00000, 0x000000008dd00000| Untracked 
| 222|0x000000008de00000, 0x000000008deef000, 0x000000008df00000| 93%| O|  |TAMS 0x000000008de00000, 0x000000008de00000| Untracked 
| 223|0x000000008df00000, 0x000000008df00000, 0x000000008e000000|  0%| F|  |TAMS 0x000000008df00000, 0x000000008df00000| Untracked 
| 224|0x000000008e000000, 0x000000008e000000, 0x000000008e100000|  0%| F|  |TAMS 0x000000008e000000, 0x000000008e000000| Untracked 
| 225|0x000000008e100000, 0x000000008e100000, 0x000000008e200000|  0%| F|  |TAMS 0x000000008e100000, 0x000000008e100000| Untracked 
| 226|0x000000008e200000, 0x000000008e200000, 0x000000008e300000|  0%| F|  |TAMS 0x000000008e200000, 0x000000008e200000| Untracked 
| 227|0x000000008e300000, 0x000000008e300000, 0x000000008e400000|  0%| F|  |TAMS 0x000000008e300000, 0x000000008e300000| Untracked 
| 228|0x000000008e400000, 0x000000008e400000, 0x000000008e500000|  0%| F|  |TAMS 0x000000008e400000, 0x000000008e400000| Untracked 
| 229|0x000000008e500000, 0x000000008e500000, 0x000000008e600000|  0%| F|  |TAMS 0x000000008e500000, 0x000000008e500000| Untracked 
| 230|0x000000008e600000, 0x000000008e600000, 0x000000008e700000|  0%| F|  |TAMS 0x000000008e600000, 0x000000008e600000| Untracked 
| 231|0x000000008e700000, 0x000000008e700000, 0x000000008e800000|  0%| F|  |TAMS 0x000000008e700000, 0x000000008e700000| Untracked 
| 232|0x000000008e800000, 0x000000008e800000, 0x000000008e900000|  0%| F|  |TAMS 0x000000008e800000, 0x000000008e800000| Untracked 
| 233|0x000000008e900000, 0x000000008e900000, 0x000000008ea00000|  0%| F|  |TAMS 0x000000008e900000, 0x000000008e900000| Untracked 
| 234|0x000000008ea00000, 0x000000008ea00000, 0x000000008eb00000|  0%| F|  |TAMS 0x000000008ea00000, 0x000000008ea00000| Untracked 
| 235|0x000000008eb00000, 0x000000008eb00000, 0x000000008ec00000|  0%| F|  |TAMS 0x000000008eb00000, 0x000000008eb00000| Untracked 
| 236|0x000000008ec00000, 0x000000008ec00000, 0x000000008ed00000|  0%| F|  |TAMS 0x000000008ec00000, 0x000000008ec00000| Untracked 
| 237|0x000000008ed00000, 0x000000008ed00000, 0x000000008ee00000|  0%| F|  |TAMS 0x000000008ed00000, 0x000000008ed00000| Untracked 
| 238|0x000000008ee00000, 0x000000008ee00000, 0x000000008ef00000|  0%| F|  |TAMS 0x000000008ee00000, 0x000000008ee00000| Untracked 
| 239|0x000000008ef00000, 0x000000008ef00000, 0x000000008f000000|  0%| F|  |TAMS 0x000000008ef00000, 0x000000008ef00000| Untracked 
| 240|0x000000008f000000, 0x000000008f000000, 0x000000008f100000|  0%| F|  |TAMS 0x000000008f000000, 0x000000008f000000| Untracked 
| 241|0x000000008f100000, 0x000000008f100000, 0x000000008f200000|  0%| F|  |TAMS 0x000000008f100000, 0x000000008f100000| Untracked 
| 242|0x000000008f200000, 0x000000008f200000, 0x000000008f300000|  0%| F|  |TAMS 0x000000008f200000, 0x000000008f200000| Untracked 
| 243|0x000000008f300000, 0x000000008f300000, 0x000000008f400000|  0%| F|  |TAMS 0x000000008f300000, 0x000000008f300000| Untracked 
| 244|0x000000008f400000, 0x000000008f400000, 0x000000008f500000|  0%| F|  |TAMS 0x000000008f400000, 0x000000008f400000| Untracked 
| 245|0x000000008f500000, 0x000000008f500000, 0x000000008f600000|  0%| F|  |TAMS 0x000000008f500000, 0x000000008f500000| Untracked 
| 246|0x000000008f600000, 0x000000008f600000, 0x000000008f700000|  0%| F|  |TAMS 0x000000008f600000, 0x000000008f600000| Untracked 
| 247|0x000000008f700000, 0x000000008f700000, 0x000000008f800000|  0%| F|  |TAMS 0x000000008f700000, 0x000000008f700000| Untracked 
| 248|0x000000008f800000, 0x000000008f800000, 0x000000008f900000|  0%| F|  |TAMS 0x000000008f800000, 0x000000008f800000| Untracked 
| 249|0x000000008f900000, 0x000000008f900000, 0x000000008fa00000|  0%| F|  |TAMS 0x000000008f900000, 0x000000008f900000| Untracked 
| 250|0x000000008fa00000, 0x000000008fa00000, 0x000000008fb00000|  0%| F|  |TAMS 0x000000008fa00000, 0x000000008fa00000| Untracked 
| 251|0x000000008fb00000, 0x000000008fb00000, 0x000000008fc00000|  0%| F|  |TAMS 0x000000008fb00000, 0x000000008fb00000| Untracked 
| 252|0x000000008fc00000, 0x000000008fc00000, 0x000000008fd00000|  0%| F|  |TAMS 0x000000008fc00000, 0x000000008fc00000| Untracked 
| 253|0x000000008fd00000, 0x000000008fd00000, 0x000000008fe00000|  0%| F|  |TAMS 0x000000008fd00000, 0x000000008fd00000| Untracked 
| 254|0x000000008fe00000, 0x000000008fe00000, 0x000000008ff00000|  0%| F|  |TAMS 0x000000008fe00000, 0x000000008fe00000| Untracked 
| 255|0x000000008ff00000, 0x000000008ff00000, 0x0000000090000000|  0%| F|  |TAMS 0x000000008ff00000, 0x000000008ff00000| Untracked 
| 256|0x0000000090000000, 0x0000000090000000, 0x0000000090100000|  0%| F|  |TAMS 0x0000000090000000, 0x0000000090000000| Untracked 
| 257|0x0000000090100000, 0x0000000090100000, 0x0000000090200000|  0%| F|  |TAMS 0x0000000090100000, 0x0000000090100000| Untracked 
| 258|0x0000000090200000, 0x0000000090200000, 0x0000000090300000|  0%| F|  |TAMS 0x0000000090200000, 0x0000000090200000| Untracked 
| 259|0x0000000090300000, 0x0000000090300000, 0x0000000090400000|  0%| F|  |TAMS 0x0000000090300000, 0x0000000090300000| Untracked 
| 260|0x0000000090400000, 0x0000000090400000, 0x0000000090500000|  0%| F|  |TAMS 0x0000000090400000, 0x0000000090400000| Untracked 
| 261|0x0000000090500000, 0x0000000090500000, 0x0000000090600000|  0%| F|  |TAMS 0x0000000090500000, 0x0000000090500000| Untracked 
| 262|0x0000000090600000, 0x0000000090600000, 0x0000000090700000|  0%| F|  |TAMS 0x0000000090600000, 0x0000000090600000| Untracked 
| 263|0x0000000090700000, 0x0000000090700000, 0x0000000090800000|  0%| F|  |TAMS 0x0000000090700000, 0x0000000090700000| Untracked 
| 264|0x0000000090800000, 0x0000000090800000, 0x0000000090900000|  0%| F|  |TAMS 0x0000000090800000, 0x0000000090800000| Untracked 
| 265|0x0000000090900000, 0x0000000090900000, 0x0000000090a00000|  0%| F|  |TAMS 0x0000000090900000, 0x0000000090900000| Untracked 
| 266|0x0000000090a00000, 0x0000000090a00000, 0x0000000090b00000|  0%| F|  |TAMS 0x0000000090a00000, 0x0000000090a00000| Untracked 
| 267|0x0000000090b00000, 0x0000000090b00000, 0x0000000090c00000|  0%| F|  |TAMS 0x0000000090b00000, 0x0000000090b00000| Untracked 
| 268|0x0000000090c00000, 0x0000000090c00000, 0x0000000090d00000|  0%| F|  |TAMS 0x0000000090c00000, 0x0000000090c00000| Untracked 
| 269|0x0000000090d00000, 0x0000000090d00000, 0x0000000090e00000|  0%| F|  |TAMS 0x0000000090d00000, 0x0000000090d00000| Untracked 
| 270|0x0000000090e00000, 0x0000000090e00000, 0x0000000090f00000|  0%| F|  |TAMS 0x0000000090e00000, 0x0000000090e00000| Untracked 
| 271|0x0000000090f00000, 0x0000000090f00000, 0x0000000091000000|  0%| F|  |TAMS 0x0000000090f00000, 0x0000000090f00000| Untracked 
| 272|0x0000000091000000, 0x0000000091000000, 0x0000000091100000|  0%| F|  |TAMS 0x0000000091000000, 0x0000000091000000| Untracked 
| 273|0x0000000091100000, 0x0000000091100000, 0x0000000091200000|  0%| F|  |TAMS 0x0000000091100000, 0x0000000091100000| Untracked 
| 274|0x0000000091200000, 0x0000000091200000, 0x0000000091300000|  0%| F|  |TAMS 0x0000000091200000, 0x0000000091200000| Untracked 
| 275|0x0000000091300000, 0x0000000091300000, 0x0000000091400000|  0%| F|  |TAMS 0x0000000091300000, 0x0000000091300000| Untracked 
| 276|0x0000000091400000, 0x0000000091400000, 0x0000000091500000|  0%| F|  |TAMS 0x0000000091400000, 0x0000000091400000| Untracked 
| 277|0x0000000091500000, 0x0000000091500000, 0x0000000091600000|  0%| F|  |TAMS 0x0000000091500000, 0x0000000091500000| Untracked 
| 278|0x0000000091600000, 0x0000000091600000, 0x0000000091700000|  0%| F|  |TAMS 0x0000000091600000, 0x0000000091600000| Untracked 
| 279|0x0000000091700000, 0x0000000091700000, 0x0000000091800000|  0%| F|  |TAMS 0x0000000091700000, 0x0000000091700000| Untracked 
| 280|0x0000000091800000, 0x0000000091800000, 0x0000000091900000|  0%| F|  |TAMS 0x0000000091800000, 0x0000000091800000| Untracked 
| 281|0x0000000091900000, 0x00000000919a0078, 0x0000000091a00000| 62%| S|CS|TAMS 0x0000000091900000, 0x0000000091900000| Complete 
| 282|0x0000000091a00000, 0x0000000091b00000, 0x0000000091b00000|100%| S|CS|TAMS 0x0000000091a00000, 0x0000000091a00000| Complete 
| 283|0x0000000091b00000, 0x0000000091c00000, 0x0000000091c00000|100%| S|CS|TAMS 0x0000000091b00000, 0x0000000091b00000| Complete 
| 284|0x0000000091c00000, 0x0000000091c00000, 0x0000000091d00000|  0%| F|  |TAMS 0x0000000091c00000, 0x0000000091c00000| Untracked 
| 285|0x0000000091d00000, 0x0000000091d00000, 0x0000000091e00000|  0%| F|  |TAMS 0x0000000091d00000, 0x0000000091d00000| Untracked 
| 286|0x0000000091e00000, 0x0000000091e00000, 0x0000000091f00000|  0%| F|  |TAMS 0x0000000091e00000, 0x0000000091e00000| Untracked 
| 287|0x0000000091f00000, 0x0000000091f00000, 0x0000000092000000|  0%| F|  |TAMS 0x0000000091f00000, 0x0000000091f00000| Untracked 
| 288|0x0000000092000000, 0x0000000092000000, 0x0000000092100000|  0%| F|  |TAMS 0x0000000092000000, 0x0000000092000000| Untracked 
| 289|0x0000000092100000, 0x0000000092100000, 0x0000000092200000|  0%| F|  |TAMS 0x0000000092100000, 0x0000000092100000| Untracked 
| 290|0x0000000092200000, 0x0000000092200000, 0x0000000092300000|  0%| F|  |TAMS 0x0000000092200000, 0x0000000092200000| Untracked 
| 291|0x0000000092300000, 0x0000000092300000, 0x0000000092400000|  0%| F|  |TAMS 0x0000000092300000, 0x0000000092300000| Untracked 
| 292|0x0000000092400000, 0x0000000092400000, 0x0000000092500000|  0%| F|  |TAMS 0x0000000092400000, 0x0000000092400000| Untracked 
| 293|0x0000000092500000, 0x0000000092500000, 0x0000000092600000|  0%| F|  |TAMS 0x0000000092500000, 0x0000000092500000| Untracked 
| 294|0x0000000092600000, 0x0000000092600000, 0x0000000092700000|  0%| F|  |TAMS 0x0000000092600000, 0x0000000092600000| Untracked 
| 295|0x0000000092700000, 0x0000000092700000, 0x0000000092800000|  0%| F|  |TAMS 0x0000000092700000, 0x0000000092700000| Untracked 
| 296|0x0000000092800000, 0x0000000092800000, 0x0000000092900000|  0%| F|  |TAMS 0x0000000092800000, 0x0000000092800000| Untracked 
| 297|0x0000000092900000, 0x0000000092900000, 0x0000000092a00000|  0%| F|  |TAMS 0x0000000092900000, 0x0000000092900000| Untracked 
| 298|0x0000000092a00000, 0x0000000092a00000, 0x0000000092b00000|  0%| F|  |TAMS 0x0000000092a00000, 0x0000000092a00000| Untracked 
| 299|0x0000000092b00000, 0x0000000092b00000, 0x0000000092c00000|  0%| F|  |TAMS 0x0000000092b00000, 0x0000000092b00000| Untracked 
| 300|0x0000000092c00000, 0x0000000092c00000, 0x0000000092d00000|  0%| F|  |TAMS 0x0000000092c00000, 0x0000000092c00000| Untracked 
| 301|0x0000000092d00000, 0x0000000092d00000, 0x0000000092e00000|  0%| F|  |TAMS 0x0000000092d00000, 0x0000000092d00000| Untracked 
| 302|0x0000000092e00000, 0x0000000092e00000, 0x0000000092f00000|  0%| F|  |TAMS 0x0000000092e00000, 0x0000000092e00000| Untracked 
| 303|0x0000000092f00000, 0x0000000092f00000, 0x0000000093000000|  0%| F|  |TAMS 0x0000000092f00000, 0x0000000092f00000| Untracked 
| 304|0x0000000093000000, 0x0000000093000000, 0x0000000093100000|  0%| F|  |TAMS 0x0000000093000000, 0x0000000093000000| Untracked 
| 305|0x0000000093100000, 0x0000000093100000, 0x0000000093200000|  0%| F|  |TAMS 0x0000000093100000, 0x0000000093100000| Untracked 
| 306|0x0000000093200000, 0x0000000093200000, 0x0000000093300000|  0%| F|  |TAMS 0x0000000093200000, 0x0000000093200000| Untracked 
| 307|0x0000000093300000, 0x0000000093300000, 0x0000000093400000|  0%| F|  |TAMS 0x0000000093300000, 0x0000000093300000| Untracked 
| 308|0x0000000093400000, 0x0000000093400000, 0x0000000093500000|  0%| F|  |TAMS 0x0000000093400000, 0x0000000093400000| Untracked 
| 309|0x0000000093500000, 0x0000000093500000, 0x0000000093600000|  0%| F|  |TAMS 0x0000000093500000, 0x0000000093500000| Untracked 
| 310|0x0000000093600000, 0x0000000093600000, 0x0000000093700000|  0%| F|  |TAMS 0x0000000093600000, 0x0000000093600000| Untracked 
| 311|0x0000000093700000, 0x0000000093700000, 0x0000000093800000|  0%| F|  |TAMS 0x0000000093700000, 0x0000000093700000| Untracked 
| 312|0x0000000093800000, 0x0000000093800000, 0x0000000093900000|  0%| F|  |TAMS 0x0000000093800000, 0x0000000093800000| Untracked 
| 313|0x0000000093900000, 0x0000000093900000, 0x0000000093a00000|  0%| F|  |TAMS 0x0000000093900000, 0x0000000093900000| Untracked 
| 314|0x0000000093a00000, 0x0000000093a00000, 0x0000000093b00000|  0%| F|  |TAMS 0x0000000093a00000, 0x0000000093a00000| Untracked 

Card table byte_map: [0x00000209ac8e0000,0x00000209acce0000] _byte_map_base: 0x00000209ac4e0000

Marking Bits (Prev, Next): (CMBitMap*) 0x0000020999bacbb8, (CMBitMap*) 0x0000020999bacbf0
 Prev Bits: [0x00000209ad0e0000, 0x00000209af0e0000)
 Next Bits: [0x00000209af0e0000, 0x00000209b10e0000)

Polling page: 0x0000020999340000

Metaspace:

Usage:
  Non-class:     94.13 MB capacity,    92.55 MB ( 98%) used,     1.27 MB (  1%) free+waste,   319.44 KB ( <1%) overhead. 
      Class:     14.22 MB capacity,    13.27 MB ( 93%) used,   829.73 KB (  6%) free+waste,   143.38 KB ( <1%) overhead. 
       Both:    108.35 MB capacity,   105.82 MB ( 98%) used,     2.08 MB (  2%) free+waste,   462.81 KB ( <1%) overhead. 

Virtual space:
  Non-class space:       96.00 MB reserved,      94.37 MB ( 98%) committed 
      Class space:        1.00 GB reserved,      14.25 MB (  1%) committed 
             Both:        1.09 GB reserved,     108.62 MB ( 10%) committed 

Chunk freelists:
   Non-Class:  58.00 KB
       Class:  0 bytes
        Both:  58.00 KB

MaxMetaspaceSize: 17179869184.00 GB
CompressedClassSpaceSize: 1.00 GB

CodeHeap 'non-profiled nmethods': size=120064Kb used=7694Kb max_used=8684Kb free=112369Kb
 bounds [0x00000209a4fa0000, 0x00000209a5840000, 0x00000209ac4e0000]
CodeHeap 'profiled nmethods': size=120000Kb used=29950Kb max_used=36626Kb free=90049Kb
 bounds [0x000002099da70000, 0x000002099fe40000, 0x00000209a4fa0000]
CodeHeap 'non-nmethods': size=5696Kb used=2297Kb max_used=2351Kb free=3398Kb
 bounds [0x000002099d4e0000, 0x000002099d750000, 0x000002099da70000]
 total_blobs=14526 nmethods=13608 adapters=829
 compilation: enabled
              stopped_count=0, restarted_count=0
 full_count=0

Compilation events (20 events):
Event: 206.008 Thread 0x00000209b3ae4000 nmethod 16295 0x00000209a512e590 code [0x00000209a512e8e0, 0x00000209a51303f8]
Event: 206.009 Thread 0x00000209b3ae4000 16639       4       java.lang.Iterable::forEach (39 bytes)
Event: 206.012 Thread 0x00000209b3ae4000 nmethod 16639 0x00000209a504cc90 code [0x00000209a504ce40, 0x00000209a504cf58]
Event: 206.012 Thread 0x00000209b3ae4000 16641       4       com.android.tools.r8.w.a.a.a.h.V0::containsKey (74 bytes)
Event: 206.020 Thread 0x00000209b3ae4000 nmethod 16641 0x00000209a506c310 code [0x00000209a506c4c0, 0x00000209a506c708]
Event: 206.020 Thread 0x00000209b3ae4000 16645       4       com.android.tools.r8.w.a.a.a.h.N::a (278 bytes)
Event: 206.040 Thread 0x00000209b3ae4000 nmethod 16645 0x00000209a50b1590 code [0x00000209a50b17a0, 0x00000209a50b1d78]
Event: 206.040 Thread 0x00000209b3ae4000 16646       4       com.android.tools.r8.s.a.a.b.c::m (9 bytes)
Event: 206.043 Thread 0x00000209b3ae4000 nmethod 16646 0x00000209a504c910 code [0x00000209a504caa0, 0x00000209a504cbd8]
Event: 206.043 Thread 0x00000209b3ae4000 16291       4       com.android.tools.r8.code.M0::hashCode (31 bytes)
Event: 206.046 Thread 0x00000209b3ae4000 nmethod 16291 0x00000209a50b1110 code [0x00000209a50b12c0, 0x00000209a50b1408]
Event: 206.046 Thread 0x00000209b3ae4000 16246       4       com.android.tools.r8.w.a.a.a.h.f0$d::getValue (13 bytes)
Event: 206.048 Thread 0x00000209b3ae4000 nmethod 16246 0x00000209a5033090 code [0x00000209a5033220, 0x00000209a50332b8]
Event: 206.048 Thread 0x00000209b3ae4000 16616       4       com.android.tools.r8.w.a.a.a.h.f0$a::next (25 bytes)
Event: 206.056 Thread 0x00000209b3ae4000 nmethod 16616 0x00000209a50b0a90 code [0x00000209a50b0c40, 0x00000209a50b0f38]
Event: 206.057 Thread 0x00000209b3ae4000 16369       4       java.util.concurrent.ConcurrentHashMap$KeyIterator::next (34 bytes)
Event: 206.071 Thread 0x00000209b3ae4000 nmethod 16369 0x00000209a50b0310 code [0x00000209a50b04c0, 0x00000209a50b0898]
Event: 206.071 Thread 0x00000209b3ae4000 16370       4       com.android.tools.r8.dex.B::a (123 bytes)
Event: 206.089 Thread 0x00000209b3ae4000 nmethod 16370 0x00000209a50afb90 code [0x00000209a50afd60, 0x00000209a50affa8]
Event: 206.090 Thread 0x00000209b3ae4000 16642       4       com.android.tools.r8.dex.t::a (30 bytes)

GC Heap History (20 events):
Event: 199.329 GC heap after
{Heap after GC invocations=79 (full 0):
 garbage-first heap   total 268288K, used 145408K [0x0000000080000000, 0x0000000100000000)
  region size 1024K, 2 young (2048K), 2 survivors (2048K)
 Metaspace       used 108177K, capacity 110716K, committed 110972K, reserved 1146880K
  class space    used 13582K, capacity 14555K, committed 14592K, reserved 1048576K
}
Event: 199.683 GC heap before
{Heap before GC invocations=79 (full 0):
 garbage-first heap   total 268288K, used 155648K [0x0000000080000000, 0x0000000100000000)
  region size 1024K, 13 young (13312K), 2 survivors (2048K)
 Metaspace       used 108186K, capacity 110717K, committed 110972K, reserved 1146880K
  class space    used 13582K, capacity 14555K, committed 14592K, reserved 1048576K
}
Event: 199.727 GC heap after
{Heap after GC invocations=80 (full 0):
 garbage-first heap   total 268288K, used 152064K [0x0000000080000000, 0x0000000100000000)
  region size 1024K, 2 young (2048K), 2 survivors (2048K)
 Metaspace       used 108186K, capacity 110717K, committed 110972K, reserved 1146880K
  class space    used 13582K, capacity 14555K, committed 14592K, reserved 1048576K
}
Event: 200.065 GC heap before
{Heap before GC invocations=80 (full 0):
 garbage-first heap   total 268288K, used 163328K [0x0000000080000000, 0x0000000100000000)
  region size 1024K, 13 young (13312K), 2 survivors (2048K)
 Metaspace       used 108199K, capacity 110718K, committed 110972K, reserved 1146880K
  class space    used 13582K, capacity 14555K, committed 14592K, reserved 1048576K
}
Event: 200.115 GC heap after
{Heap after GC invocations=81 (full 0):
 garbage-first heap   total 268288K, used 158720K [0x0000000080000000, 0x0000000100000000)
  region size 1024K, 2 young (2048K), 2 survivors (2048K)
 Metaspace       used 108199K, capacity 110718K, committed 110972K, reserved 1146880K
  class space    used 13582K, capacity 14555K, committed 14592K, reserved 1048576K
}
Event: 200.517 GC heap before
{Heap before GC invocations=81 (full 0):
 garbage-first heap   total 268288K, used 174080K [0x0000000080000000, 0x0000000100000000)
  region size 1024K, 17 young (17408K), 2 survivors (2048K)
 Metaspace       used 108200K, capacity 110718K, committed 110972K, reserved 1146880K
  class space    used 13582K, capacity 14555K, committed 14592K, reserved 1048576K
}
Event: 200.597 GC heap after
{Heap after GC invocations=82 (full 0):
 garbage-first heap   total 268288K, used 167936K [0x0000000080000000, 0x0000000100000000)
  region size 1024K, 3 young (3072K), 3 survivors (3072K)
 Metaspace       used 108200K, capacity 110718K, committed 110972K, reserved 1146880K
  class space    used 13582K, capacity 14555K, committed 14592K, reserved 1048576K
}
Event: 201.184 GC heap before
{Heap before GC invocations=82 (full 0):
 garbage-first heap   total 268288K, used 188416K [0x0000000080000000, 0x0000000100000000)
  region size 1024K, 21 young (21504K), 3 survivors (3072K)
 Metaspace       used 108250K, capacity 110790K, committed 110972K, reserved 1146880K
  class space    used 13587K, capacity 14557K, committed 14592K, reserved 1048576K
}
Event: 201.272 GC heap after
{Heap after GC invocations=83 (full 0):
 garbage-first heap   total 268288K, used 179712K [0x0000000080000000, 0x0000000100000000)
  region size 1024K, 3 young (3072K), 3 survivors (3072K)
 Metaspace       used 108250K, capacity 110790K, committed 110972K, reserved 1146880K
  class space    used 13587K, capacity 14557K, committed 14592K, reserved 1048576K
}
Event: 201.668 GC heap before
{Heap before GC invocations=83 (full 0):
 garbage-first heap   total 268288K, used 189952K [0x0000000080000000, 0x0000000100000000)
  region size 1024K, 13 young (13312K), 3 survivors (3072K)
 Metaspace       used 108259K, capacity 110797K, committed 110972K, reserved 1146880K
  class space    used 13588K, capacity 14559K, committed 14592K, reserved 1048576K
}
Event: 201.724 GC heap after
{Heap after GC invocations=84 (full 0):
 garbage-first heap   total 268288K, used 182784K [0x0000000080000000, 0x0000000100000000)
  region size 1024K, 2 young (2048K), 2 survivors (2048K)
 Metaspace       used 108259K, capacity 110797K, committed 110972K, reserved 1146880K
  class space    used 13588K, capacity 14559K, committed 14592K, reserved 1048576K
}
Event: 202.289 GC heap before
{Heap before GC invocations=84 (full 0):
 garbage-first heap   total 268288K, used 197120K [0x0000000080000000, 0x0000000100000000)
  region size 1024K, 15 young (15360K), 2 survivors (2048K)
 Metaspace       used 108296K, capacity 110861K, committed 110972K, reserved 1146880K
  class space    used 13588K, capacity 14559K, committed 14592K, reserved 1048576K
}
Event: 202.354 GC heap after
{Heap after GC invocations=85 (full 0):
 garbage-first heap   total 322560K, used 187389K [0x0000000080000000, 0x0000000100000000)
  region size 1024K, 2 young (2048K), 2 survivors (2048K)
 Metaspace       used 108296K, capacity 110861K, committed 110972K, reserved 1146880K
  class space    used 13588K, capacity 14559K, committed 14592K, reserved 1048576K
}
Event: 203.155 GC heap before
{Heap before GC invocations=85 (full 0):
 garbage-first heap   total 322560K, used 206845K [0x0000000080000000, 0x0000000100000000)
  region size 1024K, 21 young (21504K), 2 survivors (2048K)
 Metaspace       used 108312K, capacity 110861K, committed 110972K, reserved 1146880K
  class space    used 13588K, capacity 14559K, committed 14592K, reserved 1048576K
}
Event: 203.239 GC heap after
{Heap after GC invocations=86 (full 0):
 garbage-first heap   total 322560K, used 193792K [0x0000000080000000, 0x0000000100000000)
  region size 1024K, 3 young (3072K), 3 survivors (3072K)
 Metaspace       used 108312K, capacity 110861K, committed 110972K, reserved 1146880K
  class space    used 13588K, capacity 14559K, committed 14592K, reserved 1048576K
}
Event: 203.994 GC heap before
{Heap before GC invocations=86 (full 0):
 garbage-first heap   total 322560K, used 218368K [0x0000000080000000, 0x0000000100000000)
  region size 1024K, 20 young (20480K), 3 survivors (3072K)
 Metaspace       used 108317K, capacity 110862K, committed 110972K, reserved 1146880K
  class space    used 13588K, capacity 14559K, committed 14592K, reserved 1048576K
}
Event: 204.078 GC heap after
{Heap after GC invocations=87 (full 0):
 garbage-first heap   total 322560K, used 206219K [0x0000000080000000, 0x0000000100000000)
  region size 1024K, 3 young (3072K), 3 survivors (3072K)
 Metaspace       used 108317K, capacity 110862K, committed 110972K, reserved 1146880K
  class space    used 13588K, capacity 14559K, committed 14592K, reserved 1048576K
}
Event: 205.439 GC heap before
{Heap before GC invocations=87 (full 0):
 garbage-first heap   total 322560K, used 240011K [0x0000000080000000, 0x0000000100000000)
  region size 1024K, 25 young (25600K), 3 survivors (3072K)
 Metaspace       used 108335K, capacity 110866K, committed 110972K, reserved 1146880K
  class space    used 13588K, capacity 14559K, committed 14592K, reserved 1048576K
}
Event: 205.479 GC heap after
{Heap after GC invocations=88 (full 0):
 garbage-first heap   total 322560K, used 221996K [0x0000000080000000, 0x0000000100000000)
  region size 1024K, 4 young (4096K), 4 survivors (4096K)
 Metaspace       used 108335K, capacity 110866K, committed 110972K, reserved 1146880K
  class space    used 13588K, capacity 14559K, committed 14592K, reserved 1048576K
}
Event: 206.094 GC heap before
{Heap before GC invocations=88 (full 0):
 garbage-first heap   total 322560K, used 255788K [0x0000000080000000, 0x0000000100000000)
  region size 1024K, 31 young (31744K), 4 survivors (4096K)
 Metaspace       used 108362K, capacity 110952K, committed 111228K, reserved 1146880K
  class space    used 13592K, capacity 14566K, committed 14592K, reserved 1048576K
}

Deoptimization events (20 events):
Event: 205.227 Thread 0x00000209b5b7f800 DEOPT PACKING pc=0x000002099fc22789 sp=0x000000bd765fe310
Event: 205.227 Thread 0x00000209b5b7f800 DEOPT UNPACKING pc=0x000002099d5067c0 sp=0x000000bd765fd800 mode 0
Event: 205.236 Thread 0x00000209b5b7f800 DEOPT PACKING pc=0x000002099fc22789 sp=0x000000bd765fe310
Event: 205.236 Thread 0x00000209b5b7f800 DEOPT UNPACKING pc=0x000002099d5067c0 sp=0x000000bd765fd800 mode 0
Event: 205.239 Thread 0x00000209b5b7f800 DEOPT PACKING pc=0x000002099fc22789 sp=0x000000bd765fe310
Event: 205.239 Thread 0x00000209b5b7f800 DEOPT UNPACKING pc=0x000002099d5067c0 sp=0x000000bd765fd800 mode 0
Event: 205.241 Thread 0x00000209b5b7f800 DEOPT PACKING pc=0x000002099fc22789 sp=0x000000bd765fe310
Event: 205.241 Thread 0x00000209b5b7f800 DEOPT UNPACKING pc=0x000002099d5067c0 sp=0x000000bd765fd800 mode 0
Event: 205.246 Thread 0x00000209b5b7f800 DEOPT PACKING pc=0x000002099fc22789 sp=0x000000bd765fe310
Event: 205.246 Thread 0x00000209b5b7f800 DEOPT UNPACKING pc=0x000002099d5067c0 sp=0x000000bd765fd800 mode 0
Event: 205.253 Thread 0x00000209b5b7f800 DEOPT PACKING pc=0x000002099fc22789 sp=0x000000bd765fe310
Event: 205.253 Thread 0x00000209b5b7f800 DEOPT UNPACKING pc=0x000002099d5067c0 sp=0x000000bd765fd800 mode 0
Event: 205.358 Thread 0x00000209b5b7f800 DEOPT PACKING pc=0x000002099fc23bd4 sp=0x000000bd765fe360
Event: 205.358 Thread 0x00000209b5b7f800 DEOPT UNPACKING pc=0x000002099d5067c0 sp=0x000000bd765fd818 mode 0
Event: 205.383 Thread 0x00000209b5b7f800 DEOPT PACKING pc=0x000002099fb0e63e sp=0x000000bd765fe330
Event: 205.383 Thread 0x00000209b5b7f800 DEOPT UNPACKING pc=0x000002099d5067c0 sp=0x000000bd765fd830 mode 0
Event: 205.845 Thread 0x00000209b5b7f800 Uncommon trap: trap_request=0xffffffad fr.pc=0x00000209a57d1100 relative=0x0000000000000120
Event: 205.845 Thread 0x00000209b5b7f800 Uncommon trap: reason=uninitialized action=reinterpret pc=0x00000209a57d1100 method=com.android.tools.r8.graph.t0.a(Lcom/android/tools/r8/graph/r0;)Lcom/android/tools/r8/graph/t0; @ 135 c2
Event: 205.845 Thread 0x00000209b5b7f800 DEOPT PACKING pc=0x00000209a57d1100 sp=0x000000bd765fe610
Event: 205.845 Thread 0x00000209b5b7f800 DEOPT UNPACKING pc=0x000002099d5069aa sp=0x000000bd765fe548 mode 2

Classes redefined (0 events):
No events

Internal exceptions (20 events):
Event: 186.420 Thread 0x00000209b5b78800 Exception <a 'java/lang/NoSuchMethodError'{0x000000008faf4830}: 'void java.lang.invoke.DirectMethodHandle$Holder.invokeStatic(java.lang.Object, java.lang.Object, java.lang.Object, int)'> (0x000000008faf4830) thrown at [./src/hotspot/share/interpreter/linkResolver.cpp, line 773]
Event: 186.424 Thread 0x00000209b5b78800 Exception <a 'java/lang/IncompatibleClassChangeError'{0x000000008fafa3a0}: Found class java.lang.Object, but interface was expected> (0x000000008fafa3a0) thrown at [./src/hotspot/share/interpreter/linkResolver.cpp, line 839]
Event: 186.424 Thread 0x00000209b5b7e000 Exception <a 'java/lang/IncompatibleClassChangeError'{0x000000008fa8b670}: Found class java.lang.Object, but interface was expected> (0x000000008fa8b670) thrown at [./src/hotspot/share/interpreter/linkResolver.cpp, line 839]
Event: 187.310 Thread 0x00000209b5b7e000 Exception <a 'java/lang/NoSuchMethodError'{0x000000008f2cbed8}: 'void java.lang.invoke.DirectMethodHandle$Holder.invokeStaticInit(java.lang.Object, java.lang.Object, java.lang.Object, java.lang.Object, java.lang.Object)'> (0x000000008f2cbed8) thrown at [./src/hotspot/share/interpreter/linkResolver.cpp, line 773]
Event: 187.456 Thread 0x00000209b5b78800 Exception <a 'java/lang/NoSuchMethodError'{0x000000008f1fc298}: 'java.lang.Object java.lang.invoke.DirectMethodHandle$Holder.invokeStatic(java.lang.Object, int, java.lang.Object, java.lang.Object)'> (0x000000008f1fc298) thrown at [./src/hotspot/share/interpreter/linkResolver.cpp, line 773]
Event: 187.456 Thread 0x00000209b5b7e000 Exception <a 'java/lang/NoSuchMethodError'{0x000000008f1cd510}: 'java.lang.Object java.lang.invoke.DirectMethodHandle$Holder.invokeStatic(java.lang.Object, int, java.lang.Object, java.lang.Object)'> (0x000000008f1cd510) thrown at [./src/hotspot/share/interpreter/linkResolver.cpp, line 773]
Event: 187.523 Thread 0x00000209b5b7e000 Exception <a 'java/lang/NoSuchMethodError'{0x000000008ef12048}: 'void java.lang.invoke.DirectMethodHandle$Holder.invokeSpecial(java.lang.Object, java.lang.Object, int, java.lang.Object)'> (0x000000008ef12048) thrown at [./src/hotspot/share/interpreter/linkResolver.cpp, line 773]
Event: 187.776 Thread 0x00000209b5b78800 Exception <a 'java/lang/NoSuchMethodError'{0x000000008ec8f230}: 'java.lang.Object java.lang.invoke.DirectMethodHandle$Holder.invokeVirtual(java.lang.Object, java.lang.Object, int, java.lang.Object)'> (0x000000008ec8f230) thrown at [./src/hotspot/share/interpreter/linkResolver.cpp, line 773]
Event: 187.891 Thread 0x00000209b5b7e000 Exception <a 'java/lang/NoSuchMethodError'{0x000000008eb09260}: 'void java.lang.invoke.DirectMethodHandle$Holder.invokeVirtual(java.lang.Object, java.lang.Object, int, java.lang.Object)'> (0x000000008eb09260) thrown at [./src/hotspot/share/interpreter/linkResolver.cpp, line 773]
Event: 188.053 Thread 0x00000209b5b78800 Exception <a 'java/lang/NoSuchMethodError'{0x000000008e9f7a58}: 'java.lang.Object java.lang.invoke.DirectMethodHandle$Holder.invokeInterface(java.lang.Object, java.lang.Object, int)'> (0x000000008e9f7a58) thrown at [./src/hotspot/share/interpreter/linkResolver.cpp, line 773]
Event: 190.787 Thread 0x00000209b5b78800 Exception <a 'java/lang/NoSuchMethodError'{0x000000008d030530}: 'java.lang.Object java.lang.invoke.DirectMethodHandle$Holder.invokeSpecial(java.lang.Object, java.lang.Object, java.lang.Object, java.lang.Object, java.lang.Object, java.lang.Object, java.lang.Object, java.lang.Object, java.lang.Object, java.lang.Object)'> (0x000000008d030530) thrown at [./src/hotspot/share/interpreter/linkResolver.cpp, line 773]
Event: 190.790 Thread 0x00000209b5b78800 Exception <a 'java/lang/NoSuchMethodError'{0x000000008d034880}: 'java.lang.Object java.lang.invoke.Invokers$Holder.linkToTargetMethod(java.lang.Object, java.lang.Object, java.lang.Object, java.lang.Object, java.lang.Object, java.lang.Object, java.lang.Object, java.lang.Object, java.lang.Object)'> (0x000000008d034880) thrown at [./src/hotspot/share/interpreter/linkResolver.cpp, line 773]
Event: 191.470 Thread 0x00000209b5b78800 Exception <a 'java/lang/NoSuchMethodError'{0x000000008c9e5f60}: 'void java.lang.invoke.DirectMethodHandle$Holder.invokeVirtual(java.lang.Object, java.lang.Object, int)'> (0x000000008c9e5f60) thrown at [./src/hotspot/share/interpreter/linkResolver.cpp, line 773]
Event: 191.679 Thread 0x00000209b5b78800 Exception <a 'sun/nio/fs/WindowsException'{0x000000008c750ab0}> (0x000000008c750ab0) thrown at [./src/hotspot/share/prims/jni.cpp, line 615]
Event: 191.959 Thread 0x00000209b5b78800 Exception <a 'sun/nio/fs/WindowsException'{0x000000008c3e27c0}> (0x000000008c3e27c0) thrown at [./src/hotspot/share/prims/jni.cpp, line 615]
Event: 191.969 Thread 0x00000209b5b78800 Exception <a 'sun/nio/fs/WindowsException'{0x000000008c3ee3a8}> (0x000000008c3ee3a8) thrown at [./src/hotspot/share/prims/jni.cpp, line 615]
Event: 192.246 Thread 0x00000209b5b78800 Exception <a 'sun/nio/fs/WindowsException'{0x0000000090306e18}> (0x0000000090306e18) thrown at [./src/hotspot/share/prims/jni.cpp, line 615]
Event: 192.495 Thread 0x00000209b5b78800 Exception <a 'sun/nio/fs/WindowsException'{0x0000000090312ce8}> (0x0000000090312ce8) thrown at [./src/hotspot/share/prims/jni.cpp, line 615]
Event: 194.639 Thread 0x00000209b5239800 Exception <a 'java/lang/NoSuchMethodError'{0x000000008e2f36c0}: <clinit>> (0x000000008e2f36c0) thrown at [./src/hotspot/share/prims/jni.cpp, line 1362]
Event: 195.613 Thread 0x00000209b5b7e000 Exception <a 'sun/nio/fs/WindowsException'{0x000000008df6f4e8}> (0x000000008df6f4e8) thrown at [./src/hotspot/share/prims/jni.cpp, line 615]

Events (20 events):
Event: 206.066 Thread 0x00000209b3af0000 flushing nmethod 0x000002099fd12f90
Event: 206.066 Thread 0x00000209b3af0000 flushing nmethod 0x000002099fd13710
Event: 206.066 Thread 0x00000209b3af0000 flushing nmethod 0x000002099fd14a90
Event: 206.066 Thread 0x00000209b3af0000 flushing nmethod 0x000002099fd16910
Event: 206.066 Thread 0x00000209b3af0000 flushing nmethod 0x000002099fd17010
Event: 206.066 Thread 0x00000209b3af0000 flushing nmethod 0x000002099fd2c890
Event: 206.066 Thread 0x00000209b3af0000 flushing nmethod 0x000002099fd34710
Event: 206.066 Thread 0x00000209b3af0000 flushing nmethod 0x000002099fd3a210
Event: 206.066 Thread 0x00000209b3af0000 flushing nmethod 0x000002099fd3ac10
Event: 206.066 Thread 0x00000209b3af0000 flushing nmethod 0x000002099fd3b910
Event: 206.066 Thread 0x00000209b3af0000 flushing nmethod 0x000002099fd3f490
Event: 206.066 Thread 0x00000209b3af0000 flushing nmethod 0x000002099fd61310
Event: 206.066 Thread 0x00000209b3af0000 flushing nmethod 0x000002099fdd5d90
Event: 206.067 Thread 0x00000209b3af0000 flushing nmethod 0x000002099fdfa010
Event: 206.067 Thread 0x00000209b3af0000 flushing nmethod 0x000002099fe17910
Event: 206.067 Executing VM operation: RevokeBias
Event: 206.067 Executing VM operation: RevokeBias done
Event: 206.068 Executing VM operation: BulkRevokeBias
Event: 206.069 Executing VM operation: BulkRevokeBias done
Event: 206.094 Executing VM operation: G1CollectForAllocation


Dynamic libraries:
0x00007ff66d3d0000 - 0x00007ff66d3da000 	C:\Program Files\Android\Android Studio\jre\bin\java.exe
0x00007ffb6e4d0000 - 0x00007ffb6e6b1000 	C:\Windows\SYSTEM32\ntdll.dll
0x00007ffb6bb90000 - 0x00007ffb6bc42000 	C:\Windows\System32\KERNEL32.DLL
0x00007ffb6b5c0000 - 0x00007ffb6b833000 	C:\Windows\System32\KERNELBASE.dll
0x00007ffb6ac50000 - 0x00007ffb6ad4a000 	C:\Windows\System32\ucrtbase.dll
0x00007ffb63500000 - 0x00007ffb63519000 	C:\Program Files\Android\Android Studio\jre\bin\jli.dll
0x00007ffb5c660000 - 0x00007ffb5c677000 	C:\Program Files\Android\Android Studio\jre\bin\VCRUNTIME140.dll
0x00007ffb6c4c0000 - 0x00007ffb6c650000 	C:\Windows\System32\USER32.dll
0x00007ffb5c100000 - 0x00007ffb5c369000 	C:\Windows\WinSxS\amd64_microsoft.windows.common-controls_6595b64144ccf1df_6.0.17133.73_none_b4b127863cb5b9c7\COMCTL32.dll
0x00007ffb6ac30000 - 0x00007ffb6ac50000 	C:\Windows\System32\win32u.dll
0x00007ffb6c1a0000 - 0x00007ffb6c23e000 	C:\Windows\System32\msvcrt.dll
0x00007ffb6c3c0000 - 0x00007ffb6c3e8000 	C:\Windows\System32\GDI32.dll
0x00007ffb6c650000 - 0x00007ffb6c973000 	C:\Windows\System32\combase.dll
0x00007ffb6aa90000 - 0x00007ffb6ac22000 	C:\Windows\System32\gdi32full.dll
0x00007ffb6ca40000 - 0x00007ffb6cb64000 	C:\Windows\System32\RPCRT4.dll
0x00007ffb6b840000 - 0x00007ffb6b8df000 	C:\Windows\System32\msvcp_win.dll
0x00007ffb6b8e0000 - 0x00007ffb6b95a000 	C:\Windows\System32\bcryptPrimitives.dll
0x00007ffb6bb60000 - 0x00007ffb6bb8d000 	C:\Windows\System32\IMM32.DLL
0x00007ffb58a30000 - 0x00007ffb58acd000 	C:\Program Files\Android\Android Studio\jre\bin\msvcp140.dll
0x00007ffb27d40000 - 0x00007ffb287fc000 	C:\Program Files\Android\Android Studio\jre\bin\server\jvm.dll
0x00007ffb6e200000 - 0x00007ffb6e2a1000 	C:\Windows\System32\ADVAPI32.dll
0x00007ffb6e2b0000 - 0x00007ffb6e30b000 	C:\Windows\System32\sechost.dll
0x00007ffb6c190000 - 0x00007ffb6c198000 	C:\Windows\System32\PSAPI.DLL
0x00007ffb68950000 - 0x00007ffb68973000 	C:\Windows\SYSTEM32\WINMM.dll
0x00007ffb61870000 - 0x00007ffb61879000 	C:\Windows\SYSTEM32\WSOCK32.dll
0x00007ffb6e380000 - 0x00007ffb6e3ec000 	C:\Windows\System32\WS2_32.dll
0x00007ffb5e3e0000 - 0x00007ffb5e3ea000 	C:\Windows\SYSTEM32\VERSION.dll
0x00007ffb68920000 - 0x00007ffb6894a000 	C:\Windows\SYSTEM32\WINMMBASE.dll
0x00007ffb6ae00000 - 0x00007ffb6ae49000 	C:\Windows\System32\cfgmgr32.dll
0x00007ffb6a820000 - 0x00007ffb6a831000 	C:\Windows\System32\kernel.appcore.dll
0x00007ffb61850000 - 0x00007ffb61861000 	C:\Program Files\Android\Android Studio\jre\bin\verify.dll
0x00007ffb5a9a0000 - 0x00007ffb5ab69000 	C:\Windows\SYSTEM32\DBGHELP.DLL
0x00007ffb5a970000 - 0x00007ffb5a999000 	C:\Windows\SYSTEM32\dbgcore.DLL
0x00007ffb59350000 - 0x00007ffb59379000 	C:\Program Files\Android\Android Studio\jre\bin\java.dll
0x00007ffb5c750000 - 0x00007ffb5c75b000 	C:\Program Files\Android\Android Studio\jre\bin\jimage.dll
0x00007ffb59b50000 - 0x00007ffb59b68000 	C:\Program Files\Android\Android Studio\jre\bin\zip.dll
0x00007ffb6cbf0000 - 0x00007ffb6e030000 	C:\Windows\System32\SHELL32.dll
0x00007ffb6e3f0000 - 0x00007ffb6e499000 	C:\Windows\System32\shcore.dll
0x00007ffb6aeb0000 - 0x00007ffb6b5bd000 	C:\Windows\System32\windows.storage.dll
0x00007ffb6c9e0000 - 0x00007ffb6ca31000 	C:\Windows\System32\shlwapi.dll
0x00007ffb6a7e0000 - 0x00007ffb6a7ff000 	C:\Windows\System32\profapi.dll
0x00007ffb6a840000 - 0x00007ffb6a88c000 	C:\Windows\System32\powrprof.dll
0x00007ffb6a890000 - 0x00007ffb6a89a000 	C:\Windows\System32\FLTLIB.DLL
0x00007ffb59b20000 - 0x00007ffb59b3a000 	C:\Program Files\Android\Android Studio\jre\bin\net.dll
0x00007ffb5ef60000 - 0x00007ffb5f03d000 	C:\Windows\SYSTEM32\WINHTTP.dll
0x00007ffb6a000000 - 0x00007ffb6a066000 	C:\Windows\system32\mswsock.dll
0x00007ffb593b0000 - 0x00007ffb593c4000 	C:\Program Files\Android\Android Studio\jre\bin\nio.dll
0x00007ffb593d0000 - 0x00007ffb593f7000 	C:\Users\MISHECK\.gradle\native\fdc75f09e3144964f2cf3f50f0aa648679c211496f362492102eb8c894070792\windows-amd64\native-platform.dll
0x00007ffb41100000 - 0x00007ffb41296000 	C:\Users\MISHECK\.gradle\native\12488b8bf47d2d4c9fbf2f6322a914ad602e24e48041cd04a747c6da556b65c4\windows-amd64\native-platform-file-events.dll
0x00007ffb5c740000 - 0x00007ffb5c74a000 	C:\Program Files\Android\Android Studio\jre\bin\management.dll
0x00007ffb5c6e0000 - 0x00007ffb5c6ec000 	C:\Program Files\Android\Android Studio\jre\bin\management_ext.dll
0x00007ffb6a1b0000 - 0x00007ffb6a1c7000 	C:\Windows\SYSTEM32\CRYPTSP.dll
0x00007ffb69be0000 - 0x00007ffb69c13000 	C:\Windows\system32\rsaenh.dll
0x00007ffb6a2e0000 - 0x00007ffb6a305000 	C:\Windows\SYSTEM32\bcrypt.dll
0x00007ffb6a6e0000 - 0x00007ffb6a708000 	C:\Windows\SYSTEM32\USERENV.dll
0x00007ffb6a1d0000 - 0x00007ffb6a1db000 	C:\Windows\SYSTEM32\CRYPTBASE.dll
0x00007ffb69d80000 - 0x00007ffb69db8000 	C:\Windows\SYSTEM32\IPHLPAPI.DLL
0x00007ffb6e370000 - 0x00007ffb6e378000 	C:\Windows\System32\NSI.dll
0x00007ffb62930000 - 0x00007ffb62946000 	C:\Windows\SYSTEM32\dhcpcsvc6.DLL
0x00007ffb61a40000 - 0x00007ffb61a5a000 	C:\Windows\SYSTEM32\dhcpcsvc.DLL
0x00007ffb62c30000 - 0x00007ffb62c3b000 	C:\Windows\SYSTEM32\WINNSI.DLL

dbghelp: loaded successfully - version: 4.0.5 - missing functions: none
symbol engine: initialized successfully - sym options: 0x614 - pdb path: .;C:\Program Files\Android\Android Studio\jre\bin;C:\Windows\SYSTEM32;C:\Windows\WinSxS\amd64_microsoft.windows.common-controls_6595b64144ccf1df_6.0.17133.73_none_b4b127863cb5b9c7;C:\Program Files\Android\Android Studio\jre\bin\server;C:\Users\MISHECK\.gradle\native\fdc75f09e3144964f2cf3f50f0aa648679c211496f362492102eb8c894070792\windows-amd64;C:\Users\MISHECK\.gradle\native\12488b8bf47d2d4c9fbf2f6322a914ad602e24e48041cd04a747c6da556b65c4\windows-amd64

VM Arguments:
jvm_args: --add-opens=java.base/java.util=ALL-UNNAMED --add-opens=java.base/java.lang=ALL-UNNAMED --add-opens=java.base/java.lang.invoke=ALL-UNNAMED --add-opens=java.prefs/java.util.prefs=ALL-UNNAMED -Xmx2048m -Dfile.encoding=UTF-8 -Duser.country=US -Duser.language=en -Duser.variant 
java_command: org.gradle.launcher.daemon.bootstrap.GradleDaemon 6.7.1
java_class_path (initial): C:\Users\MISHECK\.gradle\wrapper\dists\gradle-6.7.1-bin\bwlcbys1h7rz3272sye1xwiv6\gradle-6.7.1\lib\gradle-launcher-6.7.1.jar
Launcher Type: SUN_STANDARD

[Global flags]
     intx CICompilerCount                          = 2                                         {product} {ergonomic}
     uint ConcGCThreads                            = 1                                         {product} {ergonomic}
     uint G1ConcRefinementThreads                  = 2                                         {product} {ergonomic}
   size_t G1HeapRegionSize                         = 1048576                                   {product} {ergonomic}
    uintx GCDrainStackTargetSize                   = 64                                        {product} {ergonomic}
   size_t InitialHeapSize                          = 67108864                                  {product} {ergonomic}
   size_t MarkStackSize                            = 4194304                                   {product} {ergonomic}
   size_t MaxHeapSize                              = 2147483648                                {product} {command line}
   size_t MaxNewSize                               = 1287651328                                {product} {ergonomic}
   size_t MinHeapDeltaBytes                        = 1048576                                   {product} {ergonomic}
    uintx NonNMethodCodeHeapSize                   = 5825164                                {pd product} {ergonomic}
    uintx NonProfiledCodeHeapSize                  = 122916538                              {pd product} {ergonomic}
    uintx ProfiledCodeHeapSize                     = 122916538                              {pd product} {ergonomic}
    uintx ReservedCodeCacheSize                    = 251658240                              {pd product} {ergonomic}
     bool SegmentedCodeCache                       = true                                      {product} {ergonomic}
     bool UseCompressedClassPointers               = true                                 {lp64_product} {ergonomic}
     bool UseCompressedOops                        = true                                 {lp64_product} {ergonomic}
     bool UseG1GC                                  = true                                      {product} {ergonomic}
     bool UseLargePagesIndividualAllocation        = false                                  {pd product} {ergonomic}

Logging:
Log output configuration:
 #0: stdout all=warning uptime,level,tags
 #1: stderr all=off uptime,level,tags

Environment Variables:
JAVA_HOME=C:\Program Files\Java\jdk1.8.0_191
PATH=C:\Program Files (x86)\Common Files\Oracle\Java\javapath;C:\Windows\system32;C:\Windows;C:\Windows\System32\Wbem;C:\Windows\System32\WindowsPowerShell\v1.0\;C:\Windows\System32\OpenSSH\;C:\Program Files (x86)\Git\cmd;C:\Program Files\nodejs\;C:\Program Files\Java\jdk1.8.0_191\bin;C:\Users\MISHECK\AppData\Roaming\npm;C:\Exercism;C:\Users\MISHECK\AppData\Local\Programs\Python\Python39;C:\Users\MISHECK\AppData\Local\Programs\Microsoft VS Code\bin;C:\Program Files\CodeBlocks\MinGW\bin;
USERNAME=MISHECK
OS=Windows_NT
PROCESSOR_IDENTIFIER=Intel64 Family 6 Model 55 Stepping 8, GenuineIntel



---------------  S Y S T E M  ---------------

OS: Windows 10 , 64 bit Build 17133 (10.0.17133.73)
OS uptime: 3 days 4:57 hours

CPU:total 2 (initial active 2) (2 cores per cpu, 1 threads per core) family 6 model 55 stepping 8, cmov, cx8, fxsr, mmx, sse, sse2, sse3, ssse3, sse4.1, sse4.2, popcnt, clmul, erms, 3dnowpref, tsc, tscinvbit

Memory: 4k page, system-wide physical 3987M (518M free)
TotalPageFile size 5381M (AvailPageFile size 169M)
current process WorkingSet (physical memory assigned to process): 589M, peak: 589M
current process commit charge ("private bytes"): 633M, peak: 819M

vm_info: OpenJDK 64-Bit Server VM (11.0.8+10-b944.6842174) for windows-amd64 JRE (11.0.8+10-b944.6842174), built on Sep 19 2020 01:11:42 by "builder" with MS VC++ 14.0 (VS2015)

END.
