#
# There is insufficient memory for the Java Runtime Environment to continue.
# Native memory allocation (malloc) failed to allocate 32744 bytes for ChunkPool::allocate
# Possible reasons:
#   The system is out of physical RAM or swap space
#   The process is running with CompressedOops enabled, and the Java Heap may be blocking the growth of the native heap
# Possible solutions:
#   Reduce memory load on the system
#   Increase physical memory or swap space
#   Check if swap backing store is full
#   Decrease Java heap size (-Xmx/-Xms)
#   Decrease number of Java threads
#   Decrease Java thread stack sizes (-Xss)
#   Set larger code cache with -XX:ReservedCodeCacheSize=
#   JVM is running with Unscaled Compressed Oops mode in which the Java heap is
#     placed in the first 4GB address space. The Java Heap base address is the
#     maximum limit for the native heap growth. Please use -XX:HeapBaseMinAddress
#     to set the Java Heap base and to place the Java Heap above 4GB virtual address.
# This output file may be truncated or incomplete.
#
#  Out of Memory Error (./src/hotspot/share/memory/arena.cpp:81), pid=4176, tid=22756
#
# JRE version: OpenJDK Runtime Environment (11.0.8+10) (build 11.0.8+10-b944.6842174)
# Java VM: OpenJDK 64-Bit Server VM (11.0.8+10-b944.6842174, mixed mode, tiered, compressed oops, g1 gc, windows-amd64)
# No core dump will be written. Minidumps are not enabled by default on client versions of Windows
#

---------------  S U M M A R Y ------------

Command Line: --add-opens=java.base/java.util=ALL-UNNAMED --add-opens=java.base/java.lang=ALL-UNNAMED --add-opens=java.base/java.lang.invoke=ALL-UNNAMED --add-opens=java.prefs/java.util.prefs=ALL-UNNAMED -Xmx2048m -Dfile.encoding=UTF-8 -Duser.country=US -Duser.language=en -Duser.variant org.gradle.launcher.daemon.bootstrap.GradleDaemon 6.7.1

Host: Intel(R) Celeron(R) CPU  N2840  @ 2.16GHz, 2 cores, 3G,  Windows 10 , 64 bit Build 17133 (10.0.17133.73)
Time: Wed Jul  7 07:34:47 2021 Pacific Daylight Time elapsed time: 206 seconds (0d 0h 3m 26s)

---------------  T H R E A D  ---------------

Current thread (0x0000015ffa493800):  JavaThread "C2 CompilerThread0" daemon [_thread_in_native, id=22756, stack(0x0000005f79600000,0x0000005f79700000)]


Current CompileTask:
C2: 206741 15091       4       com.android.tools.r8.code.x1::a (4137 bytes)

Stack: [0x0000005f79600000,0x0000005f79700000]
Native frames: (J=compiled Java code, j=interpreted, Vv=VM code, C=native code)
V  [jvm.dll+0x5de50a]
V  [jvm.dll+0x7122f5]
V  [jvm.dll+0x71384d]
V  [jvm.dll+0x713f03]
V  [jvm.dll+0x23e728]
V  [jvm.dll+0xb8beb]
V  [jvm.dll+0xb8e9c]
V  [jvm.dll+0x35555e]
V  [jvm.dll+0x4e6074]
V  [jvm.dll+0x31ded2]
V  [jvm.dll+0x31d39a]
V  [jvm.dll+0x1f7702]
V  [jvm.dll+0x1f68d4]
V  [jvm.dll+0x17f32c]
V  [jvm.dll+0x205047]
V  [jvm.dll+0x203891]
V  [jvm.dll+0x6dad3f]
V  [jvm.dll+0x6d3895]
V  [jvm.dll+0x5dd4a6]
C  [ucrtbase.dll+0x1c1ae]
C  [KERNEL32.DLL+0x13034]
C  [ntdll.dll+0x71551]


---------------  P R O C E S S  ---------------

Threads class SMR info:
_java_thread_list=0x0000015f832be770, length=45, elements={
0x0000015fe060e000, 0x0000015ff9b22000, 0x0000015ff9b2e000, 0x0000015ffa490800,
0x0000015ffa491800, 0x0000015ffa493800, 0x0000015ffa498800, 0x0000015ff9b80800,
0x0000015ffa5dd800, 0x0000015ffa611000, 0x0000015ffbfef000, 0x0000015ffb82d000,
0x0000015ffb82a000, 0x0000015ffc222000, 0x0000015ffbfda800, 0x0000015ffb64d000,
0x0000015ffb086000, 0x0000015ffbd65000, 0x0000015ffa74f800, 0x0000015ffbe42000,
0x0000015ffbe3e000, 0x0000015ffbe3e800, 0x0000015ffbe41000, 0x0000015ffbe3f800,
0x0000015ffbe40800, 0x0000015ffbe43000, 0x0000015ffbe3d000, 0x0000015ffc10c800,
0x0000015ffc10b000, 0x0000015ffc10f000, 0x0000015ffc10e000, 0x0000015ffc38f800,
0x0000015ffc38d000, 0x0000015ffc396000, 0x0000015ffc397000, 0x0000015ffc395000,
0x0000015ffc393800, 0x0000015ffc10d800, 0x0000015ffc109800, 0x0000015ffc110000,
0x0000015ffc10a000, 0x0000015ffc112000, 0x0000015ffc114000, 0x0000015ffc117000,
0x0000015ffc111800
}

Java Threads: ( => current thread )
  0x0000015fe060e000 JavaThread "main" [_thread_blocked, id=17444, stack(0x0000005f78b00000,0x0000005f78c00000)]
  0x0000015ff9b22000 JavaThread "Reference Handler" daemon [_thread_blocked, id=25032, stack(0x0000005f79200000,0x0000005f79300000)]
  0x0000015ff9b2e000 JavaThread "Finalizer" daemon [_thread_blocked, id=14924, stack(0x0000005f79300000,0x0000005f79400000)]
  0x0000015ffa490800 JavaThread "Signal Dispatcher" daemon [_thread_blocked, id=25040, stack(0x0000005f79400000,0x0000005f79500000)]
  0x0000015ffa491800 JavaThread "Attach Listener" daemon [_thread_blocked, id=10904, stack(0x0000005f79500000,0x0000005f79600000)]
=>0x0000015ffa493800 JavaThread "C2 CompilerThread0" daemon [_thread_in_native, id=22756, stack(0x0000005f79600000,0x0000005f79700000)]
  0x0000015ffa498800 JavaThread "C1 CompilerThread0" daemon [_thread_blocked, id=4088, stack(0x0000005f79700000,0x0000005f79800000)]
  0x0000015ff9b80800 JavaThread "Sweeper thread" daemon [_thread_blocked, id=24164, stack(0x0000005f79800000,0x0000005f79900000)]
  0x0000015ffa5dd800 JavaThread "Common-Cleaner" daemon [_thread_blocked, id=16000, stack(0x0000005f79900000,0x0000005f79a00000)]
  0x0000015ffa611000 JavaThread "Service Thread" daemon [_thread_blocked, id=20660, stack(0x0000005f79a00000,0x0000005f79b00000)]
  0x0000015ffbfef000 JavaThread "Daemon health stats" [_thread_blocked, id=25096, stack(0x0000005f79d00000,0x0000005f79e00000)]
  0x0000015ffb82d000 JavaThread "Incoming local TCP Connector on port 57805" [_thread_in_native, id=22340, stack(0x0000005f79f00000,0x0000005f7a000000)]
  0x0000015ffb82a000 JavaThread "Daemon periodic checks" [_thread_blocked, id=22988, stack(0x0000005f7a000000,0x0000005f7a100000)]
  0x0000015ffc222000 JavaThread "Daemon" [_thread_blocked, id=13936, stack(0x0000005f7a100000,0x0000005f7a200000)]
  0x0000015ffbfda800 JavaThread "Handler for socket connection from /127.0.0.1:57805 to /127.0.0.1:57806" [_thread_in_native, id=24892, stack(0x0000005f7a200000,0x0000005f7a300000)]
  0x0000015ffb64d000 JavaThread "Cancel handler" [_thread_blocked, id=21980, stack(0x0000005f7a300000,0x0000005f7a400000)]
  0x0000015ffb086000 JavaThread "Daemon worker" [_thread_blocked, id=17712, stack(0x0000005f7a400000,0x0000005f7a500000)]
  0x0000015ffbd65000 JavaThread "Asynchronous log dispatcher for DefaultDaemonConnection: socket connection from /127.0.0.1:57805 to /127.0.0.1:57806" [_thread_blocked, id=20528, stack(0x0000005f7a500000,0x0000005f7a600000)]
  0x0000015ffa74f800 JavaThread "Thread-8" [_thread_blocked, id=14748, stack(0x0000005f7a700000,0x0000005f7a800000)]
  0x0000015ffbe42000 JavaThread "Cache worker for file hash cache (C:\Users\MISHECK\.gradle\caches\6.7.1\fileHashes)" [_thread_blocked, id=20952, stack(0x0000005f7a800000,0x0000005f7a900000)]
  0x0000015ffbe3e000 JavaThread "File lock request listener" [_thread_in_native, id=14220, stack(0x0000005f7a900000,0x0000005f7aa00000)]
  0x0000015ffbe3e800 JavaThread "Cache worker for journal cache (C:\Users\MISHECK\.gradle\caches\journal-1)" [_thread_blocked, id=1788, stack(0x0000005f7aa00000,0x0000005f7ab00000)]
  0x0000015ffbe41000 JavaThread "Cache worker for file hash cache (C:\Users\MISHECK\AndroidStudioProjects\ChildSafetyApp\.gradle\6.7.1\fileHashes)" [_thread_blocked, id=22452, stack(0x0000005f7ab00000,0x0000005f7ac00000)]
  0x0000015ffbe3f800 JavaThread "Cache worker for checksums cache (C:\Users\MISHECK\AndroidStudioProjects\ChildSafetyApp\.gradle\checksums)" [_thread_blocked, id=14900, stack(0x0000005f7ac00000,0x0000005f7ad00000)]
  0x0000015ffbe40800 JavaThread "Cache worker for cache directory md-supplier (C:\Users\MISHECK\.gradle\caches\6.7.1\md-supplier)" [_thread_blocked, id=14408, stack(0x0000005f7ad00000,0x0000005f7ae00000)]
  0x0000015ffbe43000 JavaThread "Cache worker for cache directory md-rule (C:\Users\MISHECK\.gradle\caches\6.7.1\md-rule)" [_thread_blocked, id=10188, stack(0x0000005f7ae00000,0x0000005f7af00000)]
  0x0000015ffbe3d000 JavaThread "Cache worker for execution history cache (C:\Users\MISHECK\.gradle\caches\6.7.1\executionHistory)" [_thread_blocked, id=15460, stack(0x0000005f7af00000,0x0000005f7b000000)]
  0x0000015ffc10c800 JavaThread "Cache worker for file content cache (C:\Users\MISHECK\.gradle\caches\6.7.1\fileContent)" [_thread_blocked, id=7924, stack(0x0000005f7b100000,0x0000005f7b200000)]
  0x0000015ffc10b000 JavaThread "Cache worker for Build Output Cleanup Cache (C:\Users\MISHECK\AndroidStudioProjects\ChildSafetyApp\.gradle\buildOutputCleanup)" [_thread_blocked, id=24692, stack(0x0000005f7b200000,0x0000005f7b300000)]
  0x0000015ffc10f000 JavaThread "Build operations" [_thread_blocked, id=24224, stack(0x0000005f7b300000,0x0000005f7b400000)]
  0x0000015ffc10e000 JavaThread "Build operations Thread 2" [_thread_blocked, id=19304, stack(0x0000005f7b400000,0x0000005f7b500000)]
  0x0000015ffc38f800 JavaThread "Memory manager" [_thread_blocked, id=19804, stack(0x0000005f01500000,0x0000005f01600000)]
  0x0000015ffc38d000 JavaThread "build event listener" [_thread_blocked, id=23728, stack(0x0000005f01600000,0x0000005f01700000)]
  0x0000015ffc396000 JavaThread "build event listener" [_thread_blocked, id=16164, stack(0x0000005f01700000,0x0000005f01800000)]
  0x0000015ffc397000 JavaThread "Execution worker for ':'" [_thread_blocked, id=9288, stack(0x0000005f01800000,0x0000005f01900000)]
  0x0000015ffc395000 JavaThread "Cache worker for execution history cache (C:\Users\MISHECK\AndroidStudioProjects\ChildSafetyApp\.gradle\6.7.1\executionHistory)" [_thread_blocked, id=18820, stack(0x0000005f01900000,0x0000005f01a00000)]
  0x0000015ffc393800 JavaThread "WorkerExecutor Queue" [_thread_blocked, id=20188, stack(0x0000005f01a00000,0x0000005f01b00000)]
  0x0000015ffc10d800 JavaThread "pool-4-thread-1" [_thread_blocked, id=23684, stack(0x0000005f00000000,0x0000005f00100000)]
  0x0000015ffc109800 JavaThread "stderr" [_thread_in_native, id=11100, stack(0x0000005f00100000,0x0000005f00200000)]
  0x0000015ffc110000 JavaThread "stdout" [_thread_in_native, id=12048, stack(0x0000005f00200000,0x0000005f00300000)]
  0x0000015ffc10a000 JavaThread "Cache worker for Java compile cache (C:\Users\MISHECK\.gradle\caches\6.7.1\javaCompile)" [_thread_blocked, id=9640, stack(0x0000005f00300000,0x0000005f00400000)]
  0x0000015ffc112000 JavaThread "Cache worker for Java compile cache (C:\Users\MISHECK\AndroidStudioProjects\ChildSafetyApp\.gradle\6.7.1\javaCompile)" [_thread_blocked, id=17028, stack(0x0000005f00400000,0x0000005f00500000)]
  0x0000015ffc114000 JavaThread "WorkerExecutor Queue Thread 3" [_thread_blocked, id=12672, stack(0x0000005f00500000,0x0000005f00600000)]
  0x0000015ffc117000 JavaThread "ForkJoinPool-1-worker-3" daemon [_thread_blocked, id=6512, stack(0x0000005f00700000,0x0000005f00800000)]
  0x0000015ffc111800 JavaThread "ForkJoinPool-1-worker-1" daemon [_thread_blocked, id=9292, stack(0x0000005f00800000,0x0000005f00900000)]

Other Threads:
  0x0000015ff9b1e800 VMThread "VM Thread" [stack: 0x0000005f79100000,0x0000005f79200000] [id=25072]
  0x0000015ffa608000 WatcherThread [stack: 0x0000005f79b00000,0x0000005f79c00000] [id=24460]
  0x0000015fe0625000 GCTaskThread "GC Thread#0" [stack: 0x0000005f78c00000,0x0000005f78d00000] [id=14260]
  0x0000015ffa706000 GCTaskThread "GC Thread#1" [stack: 0x0000005f79c00000,0x0000005f79d00000] [id=2808]
  0x0000015fe0655800 ConcurrentGCThread "G1 Main Marker" [stack: 0x0000005f78d00000,0x0000005f78e00000] [id=15796]
  0x0000015fe065a000 ConcurrentGCThread "G1 Conc#0" [stack: 0x0000005f78e00000,0x0000005f78f00000] [id=5008]
  0x0000015fe06a8800 ConcurrentGCThread "G1 Refine#0" [stack: 0x0000005f78f00000,0x0000005f79000000] [id=7304]
  0x0000015fe06a9800 ConcurrentGCThread "G1 Young RemSet Sampling" [stack: 0x0000005f79000000,0x0000005f79100000] [id=24588]

Threads with active compile tasks:
C2 CompilerThread0 207024 15091       4       com.android.tools.r8.code.x1::a (4137 bytes)

VM state:at safepoint (normal execution)

VM Mutex/Monitor currently owned by a thread:  ([mutex/lock_event])
[0x0000015fe060aee0] Threads_lock - owner thread: 0x0000015ff9b1e800
[0x0000015fe060a5e0] Heap_lock - owner thread: 0x0000015ffc111800

Heap address: 0x0000000080000000, size: 2048 MB, Compressed Oops mode: 32-bit
Narrow klass base: 0x0000000000000000, Narrow klass shift: 3
Compressed class space size: 1073741824 Address: 0x0000000100000000

Heap:
 garbage-first heap   total 350208K, used 177664K [0x0000000080000000, 0x0000000100000000)
  region size 1024K, 2 young (2048K), 2 survivors (2048K)
 Metaspace       used 106553K, capacity 109000K, committed 109184K, reserved 1144832K
  class space    used 13454K, capacity 14373K, committed 14464K, reserved 1048576K
Heap Regions: E=young(eden), S=young(survivor), O=old, HS=humongous(starts), HC=humongous(continues), CS=collection set, F=free, A=archive, TAMS=top-at-mark-start (previous, next)
|   0|0x0000000080000000, 0x0000000080100000, 0x0000000080100000|100%| O|  |TAMS 0x0000000080100000, 0x0000000080000000| Untracked 
|   1|0x0000000080100000, 0x0000000080200000, 0x0000000080200000|100%| O|  |TAMS 0x0000000080200000, 0x0000000080100000| Untracked 
|   2|0x0000000080200000, 0x0000000080300000, 0x0000000080300000|100%| O|  |TAMS 0x0000000080300000, 0x0000000080200000| Untracked 
|   3|0x0000000080300000, 0x0000000080400000, 0x0000000080400000|100%| O|  |TAMS 0x0000000080400000, 0x0000000080300000| Untracked 
|   4|0x0000000080400000, 0x0000000080500000, 0x0000000080500000|100%|HS|  |TAMS 0x0000000080500000, 0x0000000080400000| Complete 
|   5|0x0000000080500000, 0x0000000080600000, 0x0000000080600000|100%|HC|  |TAMS 0x0000000080600000, 0x0000000080500000| Complete 
|   6|0x0000000080600000, 0x0000000080700000, 0x0000000080700000|100%|HC|  |TAMS 0x0000000080700000, 0x0000000080600000| Complete 
|   7|0x0000000080700000, 0x0000000080800000, 0x0000000080800000|100%| O|  |TAMS 0x0000000080800000, 0x0000000080700000| Untracked 
|   8|0x0000000080800000, 0x0000000080900000, 0x0000000080900000|100%| O|  |TAMS 0x0000000080900000, 0x0000000080800000| Untracked 
|   9|0x0000000080900000, 0x0000000080a00000, 0x0000000080a00000|100%| O|  |TAMS 0x0000000080a00000, 0x0000000080900000| Untracked 
|  10|0x0000000080a00000, 0x0000000080b00000, 0x0000000080b00000|100%| O|  |TAMS 0x0000000080b00000, 0x0000000080a00000| Untracked 
|  11|0x0000000080b00000, 0x0000000080c00000, 0x0000000080c00000|100%| O|  |TAMS 0x0000000080c00000, 0x0000000080b00000| Untracked 
|  12|0x0000000080c00000, 0x0000000080d00000, 0x0000000080d00000|100%| O|  |TAMS 0x0000000080d00000, 0x0000000080c00000| Untracked 
|  13|0x0000000080d00000, 0x0000000080e00000, 0x0000000080e00000|100%| O|  |TAMS 0x0000000080e00000, 0x0000000080d00000| Untracked 
|  14|0x0000000080e00000, 0x0000000080f00000, 0x0000000080f00000|100%| O|  |TAMS 0x0000000080f00000, 0x0000000080e00000| Untracked 
|  15|0x0000000080f00000, 0x0000000081000000, 0x0000000081000000|100%| O|  |TAMS 0x0000000081000000, 0x0000000080f00000| Untracked 
|  16|0x0000000081000000, 0x0000000081100000, 0x0000000081100000|100%| O|  |TAMS 0x0000000081100000, 0x0000000081000000| Untracked 
|  17|0x0000000081100000, 0x0000000081200000, 0x0000000081200000|100%| O|  |TAMS 0x0000000081200000, 0x0000000081100000| Untracked 
|  18|0x0000000081200000, 0x0000000081300000, 0x0000000081300000|100%| O|  |TAMS 0x0000000081300000, 0x0000000081200000| Untracked 
|  19|0x0000000081300000, 0x0000000081400000, 0x0000000081400000|100%| O|  |TAMS 0x0000000081400000, 0x0000000081300000| Untracked 
|  20|0x0000000081400000, 0x0000000081500000, 0x0000000081500000|100%| O|  |TAMS 0x0000000081500000, 0x0000000081400000| Untracked 
|  21|0x0000000081500000, 0x0000000081600000, 0x0000000081600000|100%| O|  |TAMS 0x0000000081600000, 0x0000000081500000| Untracked 
|  22|0x0000000081600000, 0x0000000081700000, 0x0000000081700000|100%| O|  |TAMS 0x0000000081700000, 0x0000000081600000| Untracked 
|  23|0x0000000081700000, 0x0000000081800000, 0x0000000081800000|100%| O|  |TAMS 0x0000000081800000, 0x0000000081700000| Untracked 
|  24|0x0000000081800000, 0x0000000081900000, 0x0000000081900000|100%| O|  |TAMS 0x0000000081900000, 0x0000000081800000| Untracked 
|  25|0x0000000081900000, 0x0000000081a00000, 0x0000000081a00000|100%| O|  |TAMS 0x0000000081a00000, 0x0000000081900000| Untracked 
|  26|0x0000000081a00000, 0x0000000081b00000, 0x0000000081b00000|100%|HS|  |TAMS 0x0000000081b00000, 0x0000000081a00000| Complete 
|  27|0x0000000081b00000, 0x0000000081c00000, 0x0000000081c00000|100%|HS|  |TAMS 0x0000000081c00000, 0x0000000081b00000| Complete 
|  28|0x0000000081c00000, 0x0000000081d00000, 0x0000000081d00000|100%|HC|  |TAMS 0x0000000081d00000, 0x0000000081c00000| Complete 
|  29|0x0000000081d00000, 0x0000000081e00000, 0x0000000081e00000|100%| O|  |TAMS 0x0000000081e00000, 0x0000000081d00000| Untracked 
|  30|0x0000000081e00000, 0x0000000081f00000, 0x0000000081f00000|100%| O|  |TAMS 0x0000000081f00000, 0x0000000081e00000| Untracked 
|  31|0x0000000081f00000, 0x0000000082000000, 0x0000000082000000|100%| O|  |TAMS 0x0000000082000000, 0x0000000081f00000| Untracked 
|  32|0x0000000082000000, 0x0000000082100000, 0x0000000082100000|100%| O|  |TAMS 0x0000000082100000, 0x0000000082000000| Untracked 
|  33|0x0000000082100000, 0x0000000082200000, 0x0000000082200000|100%| O|  |TAMS 0x0000000082200000, 0x0000000082100000| Untracked 
|  34|0x0000000082200000, 0x0000000082300000, 0x0000000082300000|100%| O|  |TAMS 0x0000000082300000, 0x0000000082200000| Untracked 
|  35|0x0000000082300000, 0x0000000082400000, 0x0000000082400000|100%| O|  |TAMS 0x0000000082400000, 0x0000000082300000| Untracked 
|  36|0x0000000082400000, 0x0000000082500000, 0x0000000082500000|100%| O|  |TAMS 0x0000000082500000, 0x0000000082400000| Untracked 
|  37|0x0000000082500000, 0x0000000082600000, 0x0000000082600000|100%| O|  |TAMS 0x0000000082600000, 0x0000000082500000| Untracked 
|  38|0x0000000082600000, 0x0000000082700000, 0x0000000082700000|100%| O|  |TAMS 0x0000000082700000, 0x0000000082600000| Untracked 
|  39|0x0000000082700000, 0x0000000082800000, 0x0000000082800000|100%| O|  |TAMS 0x0000000082800000, 0x0000000082700000| Untracked 
|  40|0x0000000082800000, 0x0000000082900000, 0x0000000082900000|100%| O|  |TAMS 0x0000000082900000, 0x0000000082800000| Untracked 
|  41|0x0000000082900000, 0x0000000082a00000, 0x0000000082a00000|100%|HS|  |TAMS 0x0000000082900000, 0x0000000082900000| Complete 
|  42|0x0000000082a00000, 0x0000000082b00000, 0x0000000082b00000|100%| O|  |TAMS 0x0000000082b00000, 0x0000000082a00000| Untracked 
|  43|0x0000000082b00000, 0x0000000082c00000, 0x0000000082c00000|100%| O|  |TAMS 0x0000000082c00000, 0x0000000082b00000| Untracked 
|  44|0x0000000082c00000, 0x0000000082d00000, 0x0000000082d00000|100%| O|  |TAMS 0x0000000082d00000, 0x0000000082c00000| Untracked 
|  45|0x0000000082d00000, 0x0000000082e00000, 0x0000000082e00000|100%| O|  |TAMS 0x0000000082e00000, 0x0000000082d00000| Untracked 
|  46|0x0000000082e00000, 0x0000000082f00000, 0x0000000082f00000|100%| O|  |TAMS 0x0000000082f00000, 0x0000000082e00000| Untracked 
|  47|0x0000000082f00000, 0x0000000083000000, 0x0000000083000000|100%| O|  |TAMS 0x0000000083000000, 0x0000000082f00000| Untracked 
|  48|0x0000000083000000, 0x0000000083100000, 0x0000000083100000|100%| O|  |TAMS 0x0000000083100000, 0x0000000083000000| Untracked 
|  49|0x0000000083100000, 0x0000000083200000, 0x0000000083200000|100%| O|  |TAMS 0x0000000083200000, 0x0000000083100000| Untracked 
|  50|0x0000000083200000, 0x0000000083300000, 0x0000000083300000|100%| O|  |TAMS 0x0000000083300000, 0x0000000083200000| Untracked 
|  51|0x0000000083300000, 0x0000000083400000, 0x0000000083400000|100%| O|  |TAMS 0x0000000083400000, 0x0000000083300000| Untracked 
|  52|0x0000000083400000, 0x0000000083500000, 0x0000000083500000|100%| O|  |TAMS 0x0000000083500000, 0x0000000083400000| Untracked 
|  53|0x0000000083500000, 0x0000000083600000, 0x0000000083600000|100%| O|  |TAMS 0x0000000083600000, 0x0000000083500000| Untracked 
|  54|0x0000000083600000, 0x0000000083700000, 0x0000000083700000|100%| O|  |TAMS 0x0000000083700000, 0x0000000083600000| Untracked 
|  55|0x0000000083700000, 0x0000000083800000, 0x0000000083800000|100%| O|  |TAMS 0x0000000083800000, 0x0000000083700000| Untracked 
|  56|0x0000000083800000, 0x0000000083900000, 0x0000000083900000|100%| O|  |TAMS 0x0000000083800000, 0x0000000083800000| Untracked 
|  57|0x0000000083900000, 0x0000000083a00000, 0x0000000083a00000|100%| O|  |TAMS 0x0000000083a00000, 0x0000000083900000| Untracked 
|  58|0x0000000083a00000, 0x0000000083b00000, 0x0000000083b00000|100%| O|  |TAMS 0x0000000083a00000, 0x0000000083a00000| Untracked 
|  59|0x0000000083b00000, 0x0000000083c00000, 0x0000000083c00000|100%| O|  |TAMS 0x0000000083c00000, 0x0000000083b00000| Untracked 
|  60|0x0000000083c00000, 0x0000000083d00000, 0x0000000083d00000|100%| O|  |TAMS 0x0000000083d00000, 0x0000000083c00000| Untracked 
|  61|0x0000000083d00000, 0x0000000083e00000, 0x0000000083e00000|100%| O|  |TAMS 0x0000000083e00000, 0x0000000083d00000| Untracked 
|  62|0x0000000083e00000, 0x0000000083f00000, 0x0000000083f00000|100%|HS|  |TAMS 0x0000000083e00000, 0x0000000083e00000| Complete 
|  63|0x0000000083f00000, 0x0000000084000000, 0x0000000084000000|100%| O|  |TAMS 0x0000000083f00000, 0x0000000083f00000| Untracked 
|  64|0x0000000084000000, 0x0000000084100000, 0x0000000084100000|100%| O|  |TAMS 0x0000000084000000, 0x0000000084000000| Untracked 
|  65|0x0000000084100000, 0x0000000084200000, 0x0000000084200000|100%| O|  |TAMS 0x0000000084100000, 0x0000000084100000| Untracked 
|  66|0x0000000084200000, 0x0000000084300000, 0x0000000084300000|100%| O|  |TAMS 0x0000000084300000, 0x0000000084200000| Untracked 
|  67|0x0000000084300000, 0x0000000084400000, 0x0000000084400000|100%| O|  |TAMS 0x0000000084400000, 0x0000000084300000| Untracked 
|  68|0x0000000084400000, 0x0000000084500000, 0x0000000084500000|100%| O|  |TAMS 0x0000000084500000, 0x0000000084400000| Untracked 
|  69|0x0000000084500000, 0x0000000084600000, 0x0000000084600000|100%| O|  |TAMS 0x0000000084600000, 0x0000000084500000| Untracked 
|  70|0x0000000084600000, 0x0000000084700000, 0x0000000084700000|100%| O|  |TAMS 0x0000000084700000, 0x0000000084600000| Untracked 
|  71|0x0000000084700000, 0x0000000084800000, 0x0000000084800000|100%| O|  |TAMS 0x0000000084800000, 0x0000000084700000| Untracked 
|  72|0x0000000084800000, 0x0000000084900000, 0x0000000084900000|100%| O|  |TAMS 0x0000000084900000, 0x0000000084800000| Untracked 
|  73|0x0000000084900000, 0x0000000084a00000, 0x0000000084a00000|100%| O|  |TAMS 0x0000000084900000, 0x0000000084900000| Untracked 
|  74|0x0000000084a00000, 0x0000000084b00000, 0x0000000084b00000|100%| O|  |TAMS 0x0000000084a00000, 0x0000000084a00000| Untracked 
|  75|0x0000000084b00000, 0x0000000084c00000, 0x0000000084c00000|100%| O|  |TAMS 0x0000000084c00000, 0x0000000084b00000| Untracked 
|  76|0x0000000084c00000, 0x0000000084d00000, 0x0000000084d00000|100%| O|  |TAMS 0x0000000084d00000, 0x0000000084c00000| Untracked 
|  77|0x0000000084d00000, 0x0000000084e00000, 0x0000000084e00000|100%| O|  |TAMS 0x0000000084d00000, 0x0000000084d00000| Untracked 
|  78|0x0000000084e00000, 0x0000000084f00000, 0x0000000084f00000|100%| O|  |TAMS 0x0000000084e00000, 0x0000000084e00000| Untracked 
|  79|0x0000000084f00000, 0x0000000085000000, 0x0000000085000000|100%| O|  |TAMS 0x0000000084f00000, 0x0000000084f00000| Untracked 
|  80|0x0000000085000000, 0x0000000085100000, 0x0000000085100000|100%| O|  |TAMS 0x0000000085100000, 0x0000000085000000| Untracked 
|  81|0x0000000085100000, 0x0000000085200000, 0x0000000085200000|100%| O|  |TAMS 0x0000000085100000, 0x0000000085100000| Untracked 
|  82|0x0000000085200000, 0x0000000085300000, 0x0000000085300000|100%| O|  |TAMS 0x0000000085200000, 0x0000000085200000| Untracked 
|  83|0x0000000085300000, 0x0000000085400000, 0x0000000085400000|100%| O|  |TAMS 0x0000000085300000, 0x0000000085300000| Untracked 
|  84|0x0000000085400000, 0x0000000085500000, 0x0000000085500000|100%| O|  |TAMS 0x0000000085400000, 0x0000000085400000| Untracked 
|  85|0x0000000085500000, 0x0000000085600000, 0x0000000085600000|100%| O|  |TAMS 0x0000000085600000, 0x0000000085500000| Untracked 
|  86|0x0000000085600000, 0x0000000085700000, 0x0000000085700000|100%| O|  |TAMS 0x0000000085700000, 0x0000000085600000| Untracked 
|  87|0x0000000085700000, 0x0000000085800000, 0x0000000085800000|100%| O|  |TAMS 0x0000000085800000, 0x0000000085700000| Untracked 
|  88|0x0000000085800000, 0x0000000085900000, 0x0000000085900000|100%| O|  |TAMS 0x0000000085800000, 0x0000000085800000| Untracked 
|  89|0x0000000085900000, 0x0000000085a00000, 0x0000000085a00000|100%| O|  |TAMS 0x0000000085a00000, 0x0000000085900000| Untracked 
|  90|0x0000000085a00000, 0x0000000085b00000, 0x0000000085b00000|100%| O|  |TAMS 0x0000000085b00000, 0x0000000085a00000| Untracked 
|  91|0x0000000085b00000, 0x0000000085c00000, 0x0000000085c00000|100%| O|  |TAMS 0x0000000085c00000, 0x0000000085b00000| Untracked 
|  92|0x0000000085c00000, 0x0000000085d00000, 0x0000000085d00000|100%| O|  |TAMS 0x0000000085c00000, 0x0000000085c00000| Untracked 
|  93|0x0000000085d00000, 0x0000000085e00000, 0x0000000085e00000|100%| O|  |TAMS 0x0000000085d00000, 0x0000000085d00000| Untracked 
|  94|0x0000000085e00000, 0x0000000085f00000, 0x0000000085f00000|100%| O|  |TAMS 0x0000000085e00000, 0x0000000085e00000| Untracked 
|  95|0x0000000085f00000, 0x0000000086000000, 0x0000000086000000|100%| O|  |TAMS 0x0000000085f00000, 0x0000000085f00000| Untracked 
|  96|0x0000000086000000, 0x0000000086100000, 0x0000000086100000|100%| O|  |TAMS 0x0000000086100000, 0x0000000086000000| Untracked 
|  97|0x0000000086100000, 0x0000000086200000, 0x0000000086200000|100%| O|  |TAMS 0x0000000086100000, 0x0000000086100000| Untracked 
|  98|0x0000000086200000, 0x0000000086300000, 0x0000000086300000|100%| O|  |TAMS 0x0000000086200000, 0x0000000086200000| Untracked 
|  99|0x0000000086300000, 0x0000000086400000, 0x0000000086400000|100%| O|  |TAMS 0x0000000086300000, 0x0000000086300000| Untracked 
| 100|0x0000000086400000, 0x0000000086500000, 0x0000000086500000|100%| O|  |TAMS 0x0000000086400000, 0x0000000086400000| Untracked 
| 101|0x0000000086500000, 0x0000000086600000, 0x0000000086600000|100%|HS|  |TAMS 0x0000000086500000, 0x0000000086500000| Complete 
| 102|0x0000000086600000, 0x0000000086700000, 0x0000000086700000|100%| O|  |TAMS 0x0000000086600000, 0x0000000086600000| Untracked 
| 103|0x0000000086700000, 0x0000000086800000, 0x0000000086800000|100%| O|  |TAMS 0x0000000086700000, 0x0000000086700000| Untracked 
| 104|0x0000000086800000, 0x0000000086900000, 0x0000000086900000|100%| O|  |TAMS 0x0000000086800000, 0x0000000086800000| Untracked 
| 105|0x0000000086900000, 0x0000000086a00000, 0x0000000086a00000|100%| O|  |TAMS 0x0000000086900000, 0x0000000086900000| Untracked 
| 106|0x0000000086a00000, 0x0000000086b00000, 0x0000000086b00000|100%| O|  |TAMS 0x0000000086b00000, 0x0000000086a00000| Untracked 
| 107|0x0000000086b00000, 0x0000000086c00000, 0x0000000086c00000|100%| O|  |TAMS 0x0000000086b00000, 0x0000000086b00000| Untracked 
| 108|0x0000000086c00000, 0x0000000086d00000, 0x0000000086d00000|100%| O|  |TAMS 0x0000000086c00000, 0x0000000086c00000| Untracked 
| 109|0x0000000086d00000, 0x0000000086e00000, 0x0000000086e00000|100%| O|  |TAMS 0x0000000086e00000, 0x0000000086d00000| Untracked 
| 110|0x0000000086e00000, 0x0000000086f00000, 0x0000000086f00000|100%| O|  |TAMS 0x0000000086f00000, 0x0000000086e00000| Untracked 
| 111|0x0000000086f00000, 0x0000000087000000, 0x0000000087000000|100%| O|  |TAMS 0x0000000087000000, 0x0000000086f00000| Untracked 
| 112|0x0000000087000000, 0x0000000087100000, 0x0000000087100000|100%| O|  |TAMS 0x0000000087100000, 0x0000000087000000| Untracked 
| 113|0x0000000087100000, 0x0000000087200000, 0x0000000087200000|100%| O|  |TAMS 0x0000000087200000, 0x0000000087100000| Untracked 
| 114|0x0000000087200000, 0x0000000087300000, 0x0000000087300000|100%| O|  |TAMS 0x0000000087300000, 0x0000000087200000| Untracked 
| 115|0x0000000087300000, 0x0000000087400000, 0x0000000087400000|100%| O|  |TAMS 0x0000000087400000, 0x0000000087300000| Untracked 
| 116|0x0000000087400000, 0x0000000087500000, 0x0000000087500000|100%| O|  |TAMS 0x0000000087500000, 0x0000000087400000| Untracked 
| 117|0x0000000087500000, 0x0000000087600000, 0x0000000087600000|100%| O|  |TAMS 0x0000000087580000, 0x0000000087500000| Untracked 
| 118|0x0000000087600000, 0x0000000087700000, 0x0000000087700000|100%| O|  |TAMS 0x0000000087600000, 0x0000000087600000| Untracked 
| 119|0x0000000087700000, 0x0000000087800000, 0x0000000087800000|100%| O|  |TAMS 0x0000000087700000, 0x0000000087700000| Untracked 
| 120|0x0000000087800000, 0x0000000087900000, 0x0000000087900000|100%| O|  |TAMS 0x0000000087800000, 0x0000000087800000| Untracked 
| 121|0x0000000087900000, 0x0000000087a00000, 0x0000000087a00000|100%|HS|  |TAMS 0x0000000087a00000, 0x0000000087900000| Complete 
| 122|0x0000000087a00000, 0x0000000087b00000, 0x0000000087b00000|100%|HC|  |TAMS 0x0000000087b00000, 0x0000000087a00000| Complete 
| 123|0x0000000087b00000, 0x0000000087c00000, 0x0000000087c00000|100%|HC|  |TAMS 0x0000000087c00000, 0x0000000087b00000| Complete 
| 124|0x0000000087c00000, 0x0000000087d00000, 0x0000000087d00000|100%|HC|  |TAMS 0x0000000087d00000, 0x0000000087c00000| Complete 
| 125|0x0000000087d00000, 0x0000000087e00000, 0x0000000087e00000|100%|HC|  |TAMS 0x0000000087e00000, 0x0000000087d00000| Complete 
| 126|0x0000000087e00000, 0x0000000087f00000, 0x0000000087f00000|100%|HC|  |TAMS 0x0000000087f00000, 0x0000000087e00000| Complete 
| 127|0x0000000087f00000, 0x0000000088000000, 0x0000000088000000|100%|HC|  |TAMS 0x0000000088000000, 0x0000000087f00000| Complete 
| 128|0x0000000088000000, 0x0000000088100000, 0x0000000088100000|100%|HC|  |TAMS 0x0000000088100000, 0x0000000088000000| Complete 
| 129|0x0000000088100000, 0x0000000088200000, 0x0000000088200000|100%| O|  |TAMS 0x0000000088100000, 0x0000000088100000| Untracked 
| 130|0x0000000088200000, 0x0000000088300000, 0x0000000088300000|100%|HS|  |TAMS 0x0000000088300000, 0x0000000088200000| Complete 
| 131|0x0000000088300000, 0x0000000088400000, 0x0000000088400000|100%| O|  |TAMS 0x0000000088300000, 0x0000000088300000| Untracked 
| 132|0x0000000088400000, 0x0000000088500000, 0x0000000088500000|100%| O|  |TAMS 0x0000000088400000, 0x0000000088400000| Untracked 
| 133|0x0000000088500000, 0x0000000088600000, 0x0000000088600000|100%| O|  |TAMS 0x0000000088500000, 0x0000000088500000| Untracked 
| 134|0x0000000088600000, 0x0000000088700000, 0x0000000088700000|100%| O|  |TAMS 0x0000000088600000, 0x0000000088600000| Untracked 
| 135|0x0000000088700000, 0x0000000088800000, 0x0000000088800000|100%| O|  |TAMS 0x0000000088700000, 0x0000000088700000| Untracked 
| 136|0x0000000088800000, 0x0000000088900000, 0x0000000088900000|100%| O|  |TAMS 0x0000000088800000, 0x0000000088800000| Untracked 
| 137|0x0000000088900000, 0x0000000088a00000, 0x0000000088a00000|100%| O|  |TAMS 0x0000000088900000, 0x0000000088900000| Untracked 
| 138|0x0000000088a00000, 0x0000000088b00000, 0x0000000088b00000|100%| O|  |TAMS 0x0000000088a00000, 0x0000000088a00000| Untracked 
| 139|0x0000000088b00000, 0x0000000088c00000, 0x0000000088c00000|100%|HS|  |TAMS 0x0000000088b00000, 0x0000000088b00000| Complete 
| 140|0x0000000088c00000, 0x0000000088d00000, 0x0000000088d00000|100%|HC|  |TAMS 0x0000000088c00000, 0x0000000088c00000| Complete 
| 141|0x0000000088d00000, 0x0000000088e00000, 0x0000000088e00000|100%|HC|  |TAMS 0x0000000088d00000, 0x0000000088d00000| Complete 
| 142|0x0000000088e00000, 0x0000000088f00000, 0x0000000088f00000|100%|HC|  |TAMS 0x0000000088e00000, 0x0000000088e00000| Complete 
| 143|0x0000000088f00000, 0x0000000089000000, 0x0000000089000000|100%|HC|  |TAMS 0x0000000088f00000, 0x0000000088f00000| Complete 
| 144|0x0000000089000000, 0x0000000089100000, 0x0000000089100000|100%|HC|  |TAMS 0x0000000089000000, 0x0000000089000000| Complete 
| 145|0x0000000089100000, 0x0000000089200000, 0x0000000089200000|100%|HC|  |TAMS 0x0000000089100000, 0x0000000089100000| Complete 
| 146|0x0000000089200000, 0x0000000089300000, 0x0000000089300000|100%|HC|  |TAMS 0x0000000089200000, 0x0000000089200000| Complete 
| 147|0x0000000089300000, 0x0000000089400000, 0x0000000089400000|100%| O|  |TAMS 0x0000000089300000, 0x0000000089300000| Untracked 
| 148|0x0000000089400000, 0x0000000089500000, 0x0000000089500000|100%| O|  |TAMS 0x0000000089400000, 0x0000000089400000| Untracked 
| 149|0x0000000089500000, 0x0000000089600000, 0x0000000089600000|100%| O|  |TAMS 0x0000000089500000, 0x0000000089500000| Untracked 
| 150|0x0000000089600000, 0x0000000089700000, 0x0000000089700000|100%| O|  |TAMS 0x0000000089600000, 0x0000000089600000| Untracked 
| 151|0x0000000089700000, 0x0000000089800000, 0x0000000089800000|100%| O|  |TAMS 0x0000000089700000, 0x0000000089700000| Untracked 
| 152|0x0000000089800000, 0x0000000089900000, 0x0000000089900000|100%| O|  |TAMS 0x0000000089800000, 0x0000000089800000| Untracked 
| 153|0x0000000089900000, 0x0000000089a00000, 0x0000000089a00000|100%| O|  |TAMS 0x0000000089900000, 0x0000000089900000| Untracked 
| 154|0x0000000089a00000, 0x0000000089b00000, 0x0000000089b00000|100%| O|  |TAMS 0x0000000089a00000, 0x0000000089a00000| Untracked 
| 155|0x0000000089b00000, 0x0000000089c00000, 0x0000000089c00000|100%| O|  |TAMS 0x0000000089b00000, 0x0000000089b00000| Untracked 
| 156|0x0000000089c00000, 0x0000000089d00000, 0x0000000089d00000|100%| O|  |TAMS 0x0000000089c00000, 0x0000000089c00000| Untracked 
| 157|0x0000000089d00000, 0x0000000089e00000, 0x0000000089e00000|100%|HS|  |TAMS 0x0000000089d00000, 0x0000000089d00000| Complete 
| 158|0x0000000089e00000, 0x0000000089f00000, 0x0000000089f00000|100%|HS|  |TAMS 0x0000000089e00000, 0x0000000089e00000| Complete 
| 159|0x0000000089f00000, 0x000000008a000000, 0x000000008a000000|100%| O|  |TAMS 0x0000000089f00000, 0x0000000089f00000| Untracked 
| 160|0x000000008a000000, 0x000000008a100000, 0x000000008a100000|100%| O|  |TAMS 0x000000008a000000, 0x000000008a000000| Untracked 
| 161|0x000000008a100000, 0x000000008a200000, 0x000000008a200000|100%| O|  |TAMS 0x000000008a100000, 0x000000008a100000| Untracked 
| 162|0x000000008a200000, 0x000000008a300000, 0x000000008a300000|100%| O|  |TAMS 0x000000008a200000, 0x000000008a200000| Untracked 
| 163|0x000000008a300000, 0x000000008a400000, 0x000000008a400000|100%| O|  |TAMS 0x000000008a300000, 0x000000008a300000| Untracked 
| 164|0x000000008a400000, 0x000000008a500000, 0x000000008a500000|100%| O|  |TAMS 0x000000008a400000, 0x000000008a400000| Untracked 
| 165|0x000000008a500000, 0x000000008a600000, 0x000000008a600000|100%| O|  |TAMS 0x000000008a500000, 0x000000008a500000| Untracked 
| 166|0x000000008a600000, 0x000000008a700000, 0x000000008a700000|100%| O|  |TAMS 0x000000008a600000, 0x000000008a600000| Untracked 
| 167|0x000000008a700000, 0x000000008a800000, 0x000000008a800000|100%| O|  |TAMS 0x000000008a700000, 0x000000008a700000| Untracked 
| 168|0x000000008a800000, 0x000000008a900000, 0x000000008a900000|100%| O|  |TAMS 0x000000008a800000, 0x000000008a800000| Untracked 
| 169|0x000000008a900000, 0x000000008aa00000, 0x000000008aa00000|100%| O|  |TAMS 0x000000008a900000, 0x000000008a900000| Untracked 
| 170|0x000000008aa00000, 0x000000008ab00000, 0x000000008ab00000|100%| O|  |TAMS 0x000000008aa00000, 0x000000008aa00000| Untracked 
| 171|0x000000008ab00000, 0x000000008ab80000, 0x000000008ac00000| 50%| O|  |TAMS 0x000000008ab00000, 0x000000008ab00000| Untracked 
| 172|0x000000008ac00000, 0x000000008ac00000, 0x000000008ad00000|  0%| F|  |TAMS 0x000000008ac00000, 0x000000008ac00000| Untracked 
| 173|0x000000008ad00000, 0x000000008ad00000, 0x000000008ae00000|  0%| F|  |TAMS 0x000000008ad00000, 0x000000008ad00000| Untracked 
| 174|0x000000008ae00000, 0x000000008ae00000, 0x000000008af00000|  0%| F|  |TAMS 0x000000008ae00000, 0x000000008ae00000| Untracked 
| 175|0x000000008af00000, 0x000000008af00000, 0x000000008b000000|  0%| F|  |TAMS 0x000000008af00000, 0x000000008af00000| Untracked 
| 176|0x000000008b000000, 0x000000008b000000, 0x000000008b100000|  0%| F|  |TAMS 0x000000008b000000, 0x000000008b000000| Untracked 
| 177|0x000000008b100000, 0x000000008b100000, 0x000000008b200000|  0%| F|  |TAMS 0x000000008b100000, 0x000000008b100000| Untracked 
| 178|0x000000008b200000, 0x000000008b200000, 0x000000008b300000|  0%| F|  |TAMS 0x000000008b200000, 0x000000008b200000| Untracked 
| 179|0x000000008b300000, 0x000000008b300000, 0x000000008b400000|  0%| F|  |TAMS 0x000000008b300000, 0x000000008b300000| Untracked 
| 180|0x000000008b400000, 0x000000008b400000, 0x000000008b500000|  0%| F|  |TAMS 0x000000008b400000, 0x000000008b400000| Untracked 
| 181|0x000000008b500000, 0x000000008b500000, 0x000000008b600000|  0%| F|  |TAMS 0x000000008b500000, 0x000000008b500000| Untracked 
| 182|0x000000008b600000, 0x000000008b600000, 0x000000008b700000|  0%| F|  |TAMS 0x000000008b600000, 0x000000008b600000| Untracked 
| 183|0x000000008b700000, 0x000000008b700000, 0x000000008b800000|  0%| F|  |TAMS 0x000000008b700000, 0x000000008b700000| Untracked 
| 184|0x000000008b800000, 0x000000008b800000, 0x000000008b900000|  0%| F|  |TAMS 0x000000008b800000, 0x000000008b800000| Untracked 
| 185|0x000000008b900000, 0x000000008b900000, 0x000000008ba00000|  0%| F|  |TAMS 0x000000008b900000, 0x000000008b900000| Untracked 
| 186|0x000000008ba00000, 0x000000008ba00000, 0x000000008bb00000|  0%| F|  |TAMS 0x000000008ba00000, 0x000000008ba00000| Untracked 
| 187|0x000000008bb00000, 0x000000008bb00000, 0x000000008bc00000|  0%| F|  |TAMS 0x000000008bb00000, 0x000000008bb00000| Untracked 
| 188|0x000000008bc00000, 0x000000008bc00000, 0x000000008bd00000|  0%| F|  |TAMS 0x000000008bc00000, 0x000000008bc00000| Untracked 
| 189|0x000000008bd00000, 0x000000008bd00000, 0x000000008be00000|  0%| F|  |TAMS 0x000000008bd00000, 0x000000008bd00000| Untracked 
| 190|0x000000008be00000, 0x000000008be00000, 0x000000008bf00000|  0%| F|  |TAMS 0x000000008be00000, 0x000000008be00000| Untracked 
| 191|0x000000008bf00000, 0x000000008bf00000, 0x000000008c000000|  0%| F|  |TAMS 0x000000008bf00000, 0x000000008bf00000| Untracked 
| 192|0x000000008c000000, 0x000000008c000000, 0x000000008c100000|  0%| F|  |TAMS 0x000000008c000000, 0x000000008c000000| Untracked 
| 193|0x000000008c100000, 0x000000008c100000, 0x000000008c200000|  0%| F|  |TAMS 0x000000008c100000, 0x000000008c100000| Untracked 
| 194|0x000000008c200000, 0x000000008c200000, 0x000000008c300000|  0%| F|  |TAMS 0x000000008c200000, 0x000000008c200000| Untracked 
| 195|0x000000008c300000, 0x000000008c300000, 0x000000008c400000|  0%| F|  |TAMS 0x000000008c300000, 0x000000008c300000| Untracked 
| 196|0x000000008c400000, 0x000000008c400000, 0x000000008c500000|  0%| F|  |TAMS 0x000000008c400000, 0x000000008c400000| Untracked 
| 197|0x000000008c500000, 0x000000008c600000, 0x000000008c600000|100%| S|CS|TAMS 0x000000008c500000, 0x000000008c500000| Complete 
| 198|0x000000008c600000, 0x000000008c700000, 0x000000008c700000|100%| S|CS|TAMS 0x000000008c600000, 0x000000008c600000| Complete 
| 199|0x000000008c700000, 0x000000008c700000, 0x000000008c800000|  0%| F|  |TAMS 0x000000008c700000, 0x000000008c700000| Untracked 
| 200|0x000000008c800000, 0x000000008c800000, 0x000000008c900000|  0%| F|  |TAMS 0x000000008c800000, 0x000000008c800000| Untracked 
| 201|0x000000008c900000, 0x000000008c900000, 0x000000008ca00000|  0%| F|  |TAMS 0x000000008c900000, 0x000000008c900000| Untracked 
| 202|0x000000008ca00000, 0x000000008ca00000, 0x000000008cb00000|  0%| F|  |TAMS 0x000000008ca00000, 0x000000008ca00000| Untracked 
| 203|0x000000008cb00000, 0x000000008cb00000, 0x000000008cc00000|  0%| F|  |TAMS 0x000000008cb00000, 0x000000008cb00000| Untracked 
| 204|0x000000008cc00000, 0x000000008cc00000, 0x000000008cd00000|  0%| F|  |TAMS 0x000000008cc00000, 0x000000008cc00000| Untracked 
| 205|0x000000008cd00000, 0x000000008cd00000, 0x000000008ce00000|  0%| F|  |TAMS 0x000000008cd00000, 0x000000008cd00000| Untracked 
| 206|0x000000008ce00000, 0x000000008ce00000, 0x000000008cf00000|  0%| F|  |TAMS 0x000000008ce00000, 0x000000008ce00000| Untracked 

Card table byte_map: [0x0000015ff2f80000,0x0000015ff3380000] _byte_map_base: 0x0000015ff2b80000

Marking Bits (Prev, Next): (CMBitMap*) 0x0000015fe064ce80, (CMBitMap*) 0x0000015fe064ce48
 Prev Bits: [0x0000015ff5780000, 0x0000015ff7780000)
 Next Bits: [0x0000015ff3780000, 0x0000015ff5780000)

Polling page: 0x0000015fde480000

Metaspace:

Usage:
  Non-class:     92.41 MB capacity,    90.92 MB ( 98%) used,     1.20 MB (  1%) free+waste,   303.25 KB ( <1%) overhead. 
      Class:     14.04 MB capacity,    13.14 MB ( 94%) used,   783.20 KB (  5%) free+waste,   135.19 KB ( <1%) overhead. 
       Both:    106.45 MB capacity,   104.06 MB ( 98%) used,     1.96 MB (  2%) free+waste,   438.44 KB ( <1%) overhead. 

Virtual space:
  Non-class space:       94.00 MB reserved,      92.50 MB ( 98%) committed 
      Class space:        1.00 GB reserved,      14.13 MB (  1%) committed 
             Both:        1.09 GB reserved,     106.63 MB ( 10%) committed 

Chunk freelists:
   Non-Class:  29.00 KB
       Class:  0 bytes
        Both:  29.00 KB

MaxMetaspaceSize: 17179869184.00 GB
CompressedClassSpaceSize: 1.00 GB

CodeHeap 'non-profiled nmethods': size=120064Kb used=7731Kb max_used=8076Kb free=112332Kb
 bounds [0x0000015feba40000, 0x0000015fec230000, 0x0000015ff2f80000]
CodeHeap 'profiled nmethods': size=120000Kb used=31314Kb max_used=32966Kb free=88685Kb
 bounds [0x0000015fe4510000, 0x0000015fe6590000, 0x0000015feba40000]
CodeHeap 'non-nmethods': size=5696Kb used=2299Kb max_used=2343Kb free=3396Kb
 bounds [0x0000015fe3f80000, 0x0000015fe41f0000, 0x0000015fe4510000]
 total_blobs=14548 nmethods=13631 adapters=828
 compilation: enabled
              stopped_count=0, restarted_count=0
 full_count=0

Compilation events (20 events):
Event: 206.139 Thread 0x0000015ffa498800 15179       3       com.android.tools.r8.dex.n::l (52 bytes)
Event: 206.140 Thread 0x0000015ffa498800 nmethod 15179 0x0000015fe4952d90 code [0x0000015fe4952fe0, 0x0000015fe4953988]
Event: 206.159 Thread 0x0000015ffa498800 15180       2       com.android.tools.r8.code.s2::<init> (7 bytes)
Event: 206.159 Thread 0x0000015ffa498800 nmethod 15180 0x0000015fe494bc90 code [0x0000015fe494be60, 0x0000015fe494c028]
Event: 206.219 Thread 0x0000015ffa498800 15182       2       com.android.tools.r8.graph.v1::d (64 bytes)
Event: 206.220 Thread 0x0000015ffa498800 nmethod 15182 0x0000015fe4952610 code [0x0000015fe4952820, 0x0000015fe4952b98]
Event: 206.288 Thread 0x0000015ffa498800 15183       2       com.android.tools.r8.code.N3::<init> (7 bytes)
Event: 206.289 Thread 0x0000015ffa498800 nmethod 15183 0x0000015fe4946290 code [0x0000015fe4946440, 0x0000015fe4946598]
Event: 206.329 Thread 0x0000015ffa498800 15184       2       com.android.tools.r8.code.f1::<init> (7 bytes)
Event: 206.330 Thread 0x0000015ffa498800 nmethod 15184 0x0000015fe4952090 code [0x0000015fe4952260, 0x0000015fe4952448]
Event: 206.454 Thread 0x0000015ffa498800 15186       2       com.android.tools.r8.dex.n::a (913 bytes)
Event: 206.463 Thread 0x0000015ffa498800 nmethod 15186 0x0000015fe49ab710 code [0x0000015fe49abc40, 0x0000015fe49adf88]
Event: 206.486 Thread 0x0000015ffa498800 15187 %     3       com.android.tools.r8.dex.n::a @ 315 (913 bytes)
Event: 206.502 Thread 0x0000015ffa498800 nmethod 15187% 0x0000015fe6577610 code [0x0000015fe6577f00, 0x0000015fe657e988]
Event: 206.502 Thread 0x0000015ffa498800 15188       3       com.android.tools.r8.dex.n::a (913 bytes)
Event: 206.517 Thread 0x0000015ffa498800 nmethod 15188 0x0000015fe6582810 code [0x0000015fe65830e0, 0x0000015fe6589048]
Event: 206.535 Thread 0x0000015ffa498800 15189       2       com.android.tools.r8.code.N::<init> (7 bytes)
Event: 206.536 Thread 0x0000015ffa498800 nmethod 15189 0x0000015fe4951a90 code [0x0000015fe4951c60, 0x0000015fe4951e98]
Event: 206.638 Thread 0x0000015ffa498800 15190   !   2       org.gradle.internal.concurrent.ManagedExecutorImpl$1::run (57 bytes)
Event: 206.651 Thread 0x0000015ffa498800 nmethod 15190 0x0000015fe499a790 code [0x0000015fe499aac0, 0x0000015fe499b738]

GC Heap History (20 events):
Event: 198.559 GC heap before
{Heap before GC invocations=83 (full 0):
 garbage-first heap   total 176128K, used 144820K [0x0000000080000000, 0x0000000100000000)
  region size 1024K, 29 young (29696K), 5 survivors (5120K)
 Metaspace       used 103008K, capacity 105339K, committed 105600K, reserved 1140736K
  class space    used 13004K, capacity 13849K, committed 13952K, reserved 1048576K
}
Event: 198.590 GC heap after
{Heap after GC invocations=84 (full 0):
 garbage-first heap   total 176128K, used 121290K [0x0000000080000000, 0x0000000100000000)
  region size 1024K, 1 young (1024K), 1 survivors (1024K)
 Metaspace       used 103008K, capacity 105339K, committed 105600K, reserved 1140736K
  class space    used 13004K, capacity 13849K, committed 13952K, reserved 1048576K
}
Event: 200.153 GC heap before
{Heap before GC invocations=84 (full 0):
 garbage-first heap   total 176128K, used 145866K [0x0000000080000000, 0x0000000100000000)
  region size 1024K, 25 young (25600K), 1 survivors (1024K)
 Metaspace       used 103533K, capacity 105823K, committed 106112K, reserved 1140736K
  class space    used 13009K, capacity 13853K, committed 13952K, reserved 1048576K
}
Event: 200.162 GC heap after
{Heap after GC invocations=85 (full 0):
 garbage-first heap   total 176128K, used 121040K [0x0000000080000000, 0x0000000100000000)
  region size 1024K, 1 young (1024K), 1 survivors (1024K)
 Metaspace       used 103533K, capacity 105823K, committed 106112K, reserved 1140736K
  class space    used 13009K, capacity 13853K, committed 13952K, reserved 1048576K
}
Event: 202.883 GC heap before
{Heap before GC invocations=85 (full 0):
 garbage-first heap   total 176128K, used 154832K [0x0000000080000000, 0x0000000100000000)
  region size 1024K, 23 young (23552K), 1 survivors (1024K)
 Metaspace       used 105454K, capacity 107865K, committed 108160K, reserved 1142784K
  class space    used 13239K, capacity 14127K, committed 14208K, reserved 1048576K
}
Event: 202.902 GC heap after
{Heap after GC invocations=86 (full 0):
 garbage-first heap   total 176128K, used 129715K [0x0000000080000000, 0x0000000100000000)
  region size 1024K, 2 young (2048K), 2 survivors (2048K)
 Metaspace       used 105454K, capacity 107865K, committed 108160K, reserved 1142784K
  class space    used 13239K, capacity 14127K, committed 14208K, reserved 1048576K
}
Event: 203.884 GC heap before
{Heap before GC invocations=87 (full 0):
 garbage-first heap   total 176128K, used 162483K [0x0000000080000000, 0x0000000100000000)
  region size 1024K, 22 young (22528K), 2 survivors (2048K)
 Metaspace       used 105497K, capacity 107934K, committed 108160K, reserved 1142784K
  class space    used 13243K, capacity 14128K, committed 14208K, reserved 1048576K
}
Event: 203.935 GC heap after
{Heap after GC invocations=88 (full 0):
 garbage-first heap   total 176128K, used 140288K [0x0000000080000000, 0x0000000100000000)
  region size 1024K, 3 young (3072K), 3 survivors (3072K)
 Metaspace       used 105497K, capacity 107934K, committed 108160K, reserved 1142784K
  class space    used 13243K, capacity 14128K, committed 14208K, reserved 1048576K
}
Event: 203.984 GC heap before
{Heap before GC invocations=88 (full 0):
 garbage-first heap   total 176128K, used 144384K [0x0000000080000000, 0x0000000100000000)
  region size 1024K, 8 young (8192K), 3 survivors (3072K)
 Metaspace       used 105497K, capacity 107934K, committed 108160K, reserved 1142784K
  class space    used 13243K, capacity 14128K, committed 14208K, reserved 1048576K
}
Event: 204.039 GC heap after
{Heap after GC invocations=89 (full 0):
 garbage-first heap   total 176128K, used 125568K [0x0000000080000000, 0x0000000100000000)
  region size 1024K, 1 young (1024K), 1 survivors (1024K)
 Metaspace       used 105497K, capacity 107934K, committed 108160K, reserved 1142784K
  class space    used 13243K, capacity 14128K, committed 14208K, reserved 1048576K
}
Event: 204.092 GC heap before
{Heap before GC invocations=89 (full 0):
 garbage-first heap   total 176128K, used 132736K [0x0000000080000000, 0x0000000100000000)
  region size 1024K, 8 young (8192K), 1 survivors (1024K)
 Metaspace       used 105497K, capacity 107934K, committed 108160K, reserved 1142784K
  class space    used 13243K, capacity 14128K, committed 14208K, reserved 1048576K
}
Event: 204.150 GC heap after
{Heap after GC invocations=90 (full 0):
 garbage-first heap   total 176128K, used 127488K [0x0000000080000000, 0x0000000100000000)
  region size 1024K, 1 young (1024K), 1 survivors (1024K)
 Metaspace       used 105497K, capacity 107934K, committed 108160K, reserved 1142784K
  class space    used 13243K, capacity 14128K, committed 14208K, reserved 1048576K
}
Event: 204.835 GC heap before
{Heap before GC invocations=90 (full 0):
 garbage-first heap   total 176128K, used 144896K [0x0000000080000000, 0x0000000100000000)
  region size 1024K, 17 young (17408K), 1 survivors (1024K)
 Metaspace       used 106486K, capacity 108934K, committed 109184K, reserved 1144832K
  class space    used 13454K, capacity 14373K, committed 14464K, reserved 1048576K
}
Event: 204.901 GC heap after
{Heap after GC invocations=91 (full 0):
 garbage-first heap   total 176128K, used 135913K [0x0000000080000000, 0x0000000100000000)
  region size 1024K, 3 young (3072K), 3 survivors (3072K)
 Metaspace       used 106486K, capacity 108934K, committed 109184K, reserved 1144832K
  class space    used 13454K, capacity 14373K, committed 14464K, reserved 1048576K
}
Event: 205.237 GC heap before
{Heap before GC invocations=91 (full 0):
 garbage-first heap   total 176128K, used 146153K [0x0000000080000000, 0x0000000100000000)
  region size 1024K, 13 young (13312K), 3 survivors (3072K)
 Metaspace       used 106516K, capacity 108998K, committed 109184K, reserved 1144832K
  class space    used 13454K, capacity 14373K, committed 14464K, reserved 1048576K
}
Event: 205.307 GC heap after
{Heap after GC invocations=92 (full 0):
 garbage-first heap   total 211968K, used 142315K [0x0000000080000000, 0x0000000100000000)
  region size 1024K, 2 young (2048K), 2 survivors (2048K)
 Metaspace       used 106516K, capacity 108998K, committed 109184K, reserved 1144832K
  class space    used 13454K, capacity 14373K, committed 14464K, reserved 1048576K
}
Event: 205.938 GC heap before
{Heap before GC invocations=92 (full 0):
 garbage-first heap   total 211968K, used 161771K [0x0000000080000000, 0x0000000100000000)
  region size 1024K, 22 young (22528K), 2 survivors (2048K)
 Metaspace       used 106541K, capacity 108999K, committed 109184K, reserved 1144832K
  class space    used 13454K, capacity 14373K, committed 14464K, reserved 1048576K
}
Event: 206.004 GC heap after
{Heap after GC invocations=93 (full 0):
 garbage-first heap   total 211968K, used 154112K [0x0000000080000000, 0x0000000100000000)
  region size 1024K, 3 young (3072K), 3 survivors (3072K)
 Metaspace       used 106541K, capacity 108999K, committed 109184K, reserved 1144832K
  class space    used 13454K, capacity 14373K, committed 14464K, reserved 1048576K
}
Event: 206.338 GC heap before
{Heap before GC invocations=93 (full 0):
 garbage-first heap   total 211968K, used 169472K [0x0000000080000000, 0x0000000100000000)
  region size 1024K, 18 young (18432K), 3 survivors (3072K)
 Metaspace       used 106550K, capacity 109000K, committed 109184K, reserved 1144832K
  class space    used 13454K, capacity 14373K, committed 14464K, reserved 1048576K
}
Event: 206.427 GC heap after
{Heap after GC invocations=94 (full 0):
 garbage-first heap   total 211968K, used 163328K [0x0000000080000000, 0x0000000100000000)
  region size 1024K, 3 young (3072K), 3 survivors (3072K)
 Metaspace       used 106550K, capacity 109000K, committed 109184K, reserved 1144832K
  class space    used 13454K, capacity 14373K, committed 14464K, reserved 1048576K
}

Deoptimization events (20 events):
Event: 203.814 Thread 0x0000015ffc114000 DEOPT PACKING pc=0x0000015fe641d179 sp=0x0000005f005fd490
Event: 203.814 Thread 0x0000015ffc114000 DEOPT UNPACKING pc=0x0000015fe3fa67c0 sp=0x0000005f005fc9e8 mode 0
Event: 203.843 Thread 0x0000015ffc114000 DEOPT PACKING pc=0x0000015fe5532e99 sp=0x0000005f005fd780
Event: 203.843 Thread 0x0000015ffc114000 DEOPT UNPACKING pc=0x0000015fe3fa67c0 sp=0x0000005f005fcc48 mode 0
Event: 204.176 Thread 0x0000015ffc114000 DEOPT PACKING pc=0x0000015fe6512716 sp=0x0000005f005fd500
Event: 204.177 Thread 0x0000015ffc114000 DEOPT UNPACKING pc=0x0000015fe3fa67c0 sp=0x0000005f005fc978 mode 0
Event: 204.177 Thread 0x0000015ffc114000 Uncommon trap: trap_request=0xffffff4d fr.pc=0x0000015fec21b40c relative=0x0000000000000aac
Event: 204.177 Thread 0x0000015ffc114000 Uncommon trap: reason=unstable_if action=reinterpret pc=0x0000015fec21b40c method=com.android.tools.r8.s.a.b.l.d.a(Ljava/lang/Object;Z)Lcom/android/tools/r8/s/a/b/l/f; @ 15 c2
Event: 204.177 Thread 0x0000015ffc114000 DEOPT PACKING pc=0x0000015fec21b40c sp=0x0000005f005fd330
Event: 204.177 Thread 0x0000015ffc114000 DEOPT UNPACKING pc=0x0000015fe3fa69aa sp=0x0000005f005fd2e0 mode 2
Event: 204.767 Thread 0x0000015ffc111800 Uncommon trap: trap_request=0xffffff4d fr.pc=0x0000015febaf7148 relative=0x00000000000010a8
Event: 204.767 Thread 0x0000015ffc111800 Uncommon trap: reason=unstable_if action=reinterpret pc=0x0000015febaf7148 method=com.android.tools.r8.dex.n.i()Lcom/android/tools/r8/graph/t0; @ 64 c2
Event: 204.767 Thread 0x0000015ffc111800 DEOPT PACKING pc=0x0000015febaf7148 sp=0x0000005f008fe150
Event: 204.767 Thread 0x0000015ffc111800 DEOPT UNPACKING pc=0x0000015fe3fa69aa sp=0x0000005f008fe128 mode 2
Event: 206.453 Thread 0x0000015ffc111800 Uncommon trap: trap_request=0xffffff4d fr.pc=0x0000015febe47248 relative=0x0000000000005068
Event: 206.453 Thread 0x0000015ffc111800 Uncommon trap: reason=unstable_if action=reinterpret pc=0x0000015febe47248 method=com.android.tools.r8.graph.o1.e(I)Lcom/android/tools/r8/graph/o1; @ 22 c2
Event: 206.453 Thread 0x0000015ffc111800 DEOPT PACKING pc=0x0000015febe47248 sp=0x0000005f008fe8a0
Event: 206.453 Thread 0x0000015ffc111800 DEOPT UNPACKING pc=0x0000015fe3fa69aa sp=0x0000005f008fe808 mode 2
Event: 206.518 Thread 0x0000015ffc111800 DEOPT PACKING pc=0x0000015fe49ad7d0 sp=0x0000005f008fe790
Event: 206.518 Thread 0x0000015ffc111800 DEOPT UNPACKING pc=0x0000015fe3fa67c0 sp=0x0000005f008fdd78 mode 0

Classes redefined (0 events):
No events

Internal exceptions (20 events):
Event: 186.850 Thread 0x0000015ffa74f800 Exception <a 'java/lang/NoSuchMethodError'{0x00000000895e5a30}: <clinit>> (0x00000000895e5a30) thrown at [./src/hotspot/share/prims/jni.cpp, line 1362]
Event: 189.985 Thread 0x0000015ffb086000 Exception <a 'sun/nio/fs/WindowsException'{0x000000008a5432a8}> (0x000000008a5432a8) thrown at [./src/hotspot/share/prims/jni.cpp, line 615]
Event: 190.122 Thread 0x0000015ffb086000 Exception <a 'java/lang/NoSuchMethodError'{0x000000008a400080}: <clinit>> (0x000000008a400080) thrown at [./src/hotspot/share/prims/jni.cpp, line 1362]
Event: 191.761 Thread 0x0000015ffc114000 Exception <a 'java/lang/NoSuchMethodError'{0x0000000089286710}: 'java.lang.Object java.lang.invoke.DirectMethodHandle$Holder.invokeStatic(java.lang.Object, java.lang.Object, java.lang.Object, java.lang.Object, java.lang.Object, java.lang.Object, java.lang.Object, java.lang.Object, java.lang.Object, java.lang.Object, java.lang.Object, java.lang.Object, java.lang.Object, java.lang.Object, java.lang.Object, java.lang.Object, java.lang.Object, int, java.lang.Object)'> (0x0000000089286710) thrown at [./src/hots
Event: 191.761 Thread 0x0000015ffc114000 Exception <a 'java/lang/NoSuchMethodError'{0x000000008928bd60}: 'java.lang.Object java.lang.invoke.DirectMethodHandle$Holder.invokeStaticInit(java.lang.Object, java.lang.Object, java.lang.Object, java.lang.Object, java.lang.Object, java.lang.Object, java.lang.Object, java.lang.Object, java.lang.Object, java.lang.Object, java.lang.Object, java.lang.Object, java.lang.Object, java.lang.Object, java.lang.Object, java.lang.Object, java.lang.Object, int, java.lang.Object)'> (0x000000008928bd60) thrown at [./src/
Event: 193.772 Thread 0x0000015ffc114000 Exception <a 'java/lang/NoSuchMethodError'{0x0000000089e0c098}: 'long java.lang.invoke.DirectMethodHandle$Holder.invokeStatic(java.lang.Object, java.lang.Object)'> (0x0000000089e0c098) thrown at [./src/hotspot/share/interpreter/linkResolver.cpp, line 773]
Event: 194.010 Thread 0x0000015ffc114000 Exception <a 'java/lang/NoSuchMethodError'{0x0000000089bf7f20}: 'java.lang.Object java.lang.invoke.DirectMethodHandle$Holder.newInvokeSpecial(java.lang.Object, int)'> (0x0000000089bf7f20) thrown at [./src/hotspot/share/interpreter/linkResolver.cpp, line 773]
Event: 194.236 Thread 0x0000015ffc114000 Exception <a 'java/lang/NoSuchMethodError'{0x0000000089908118}: 'void java.lang.invoke.DirectMethodHandle$Holder.invokeStatic(java.lang.Object, java.lang.Object, java.lang.Object, int)'> (0x0000000089908118) thrown at [./src/hotspot/share/interpreter/linkResolver.cpp, line 773]
Event: 194.240 Thread 0x0000015ffc114000 Exception <a 'java/lang/IncompatibleClassChangeError'{0x0000000089910010}: Found class java.lang.Object, but interface was expected> (0x0000000089910010) thrown at [./src/hotspot/share/interpreter/linkResolver.cpp, line 839]
Event: 195.270 Thread 0x0000015ffc114000 Exception <a 'java/lang/NoSuchMethodError'{0x000000008911f478}: 'void java.lang.invoke.DirectMethodHandle$Holder.invokeStaticInit(java.lang.Object, java.lang.Object, java.lang.Object, java.lang.Object, java.lang.Object)'> (0x000000008911f478) thrown at [./src/hotspot/share/interpreter/linkResolver.cpp, line 773]
Event: 195.354 Thread 0x0000015ffc114000 Exception <a 'java/lang/NoSuchMethodError'{0x0000000089004880}: 'java.lang.Object java.lang.invoke.DirectMethodHandle$Holder.invokeStatic(java.lang.Object, int, java.lang.Object, java.lang.Object)'> (0x0000000089004880) thrown at [./src/hotspot/share/interpreter/linkResolver.cpp, line 773]
Event: 195.439 Thread 0x0000015ffc114000 Exception <a 'java/lang/NoSuchMethodError'{0x00000000890b8e28}: 'void java.lang.invoke.DirectMethodHandle$Holder.invokeSpecial(java.lang.Object, java.lang.Object, int, java.lang.Object)'> (0x00000000890b8e28) thrown at [./src/hotspot/share/interpreter/linkResolver.cpp, line 773]
Event: 195.726 Thread 0x0000015ffc114000 Exception <a 'java/lang/NoSuchMethodError'{0x000000008ab8f198}: 'java.lang.Object java.lang.invoke.DirectMethodHandle$Holder.invokeVirtual(java.lang.Object, java.lang.Object, int, java.lang.Object)'> (0x000000008ab8f198) thrown at [./src/hotspot/share/interpreter/linkResolver.cpp, line 773]
Event: 195.919 Thread 0x0000015ffc114000 Exception <a 'java/lang/NoSuchMethodError'{0x000000008aa109f8}: 'void java.lang.invoke.DirectMethodHandle$Holder.invokeVirtual(java.lang.Object, java.lang.Object, int, java.lang.Object)'> (0x000000008aa109f8) thrown at [./src/hotspot/share/interpreter/linkResolver.cpp, line 773]
Event: 200.325 Thread 0x0000015ffc114000 Exception <a 'java/lang/NoSuchMethodError'{0x000000008a8d9bb8}: 'java.lang.Object java.lang.invoke.DirectMethodHandle$Holder.invokeSpecial(java.lang.Object, java.lang.Object, java.lang.Object, java.lang.Object, java.lang.Object, java.lang.Object, java.lang.Object, java.lang.Object, java.lang.Object, java.lang.Object)'> (0x000000008a8d9bb8) thrown at [./src/hotspot/share/interpreter/linkResolver.cpp, line 773]
Event: 200.326 Thread 0x0000015ffc114000 Exception <a 'java/lang/NoSuchMethodError'{0x000000008a8ddca8}: 'java.lang.Object java.lang.invoke.Invokers$Holder.linkToTargetMethod(java.lang.Object, java.lang.Object, java.lang.Object, java.lang.Object, java.lang.Object, java.lang.Object, java.lang.Object, java.lang.Object, java.lang.Object)'> (0x000000008a8ddca8) thrown at [./src/hotspot/share/interpreter/linkResolver.cpp, line 773]
Event: 201.573 Thread 0x0000015ffc114000 Exception <a 'java/lang/NoSuchMethodError'{0x0000000089c81948}: 'void java.lang.invoke.DirectMethodHandle$Holder.invokeVirtual(java.lang.Object, java.lang.Object, int)'> (0x0000000089c81948) thrown at [./src/hotspot/share/interpreter/linkResolver.cpp, line 773]
Event: 202.242 Thread 0x0000015ffb086000 Exception <a 'java/lang/NoSuchMethodError'{0x00000000899e9ab8}: <clinit>> (0x00000000899e9ab8) thrown at [./src/hotspot/share/prims/jni.cpp, line 1362]
Event: 202.835 Thread 0x0000015ffc114000 Exception <a 'sun/nio/fs/WindowsException'{0x00000000897fe808}> (0x00000000897fe808) thrown at [./src/hotspot/share/prims/jni.cpp, line 615]
Event: 204.177 Thread 0x0000015ffc114000 Implicit null exception at 0x0000015fec21a99d to 0x0000015fec21b3e8

Events (20 events):
Event: 204.489 Executing VM operation: RevokeBias done
Event: 204.500 loading class com/android/tools/r8/graph/E1
Event: 204.500 loading class com/android/tools/r8/graph/E1 done
Event: 204.500 loading class com/android/tools/r8/dex/n
Event: 204.500 loading class com/android/tools/r8/dex/n done
Event: 204.512 Thread 0x0000015ffc116800 Thread exited: 0x0000015ffc116800
Event: 204.582 loading class com/android/tools/r8/graph/S$e
Event: 204.582 loading class com/android/tools/r8/graph/S$e done
Event: 204.583 loading class com/android/tools/r8/graph/S$e
Event: 204.583 loading class com/android/tools/r8/graph/S$e done
Event: 204.691 loading class com/android/tools/r8/s/a/a/a/r
Event: 204.691 loading class com/android/tools/r8/s/a/a/a/r done
Event: 204.835 Executing VM operation: G1CollectForAllocation
Event: 204.902 Executing VM operation: G1CollectForAllocation done
Event: 205.236 Executing VM operation: G1CollectForAllocation
Event: 205.307 Executing VM operation: G1CollectForAllocation done
Event: 205.937 Executing VM operation: G1CollectForAllocation
Event: 206.004 Executing VM operation: G1CollectForAllocation done
Event: 206.338 Executing VM operation: G1CollectForAllocation
Event: 206.427 Executing VM operation: G1CollectForAllocation done


Dynamic libraries:
0x00007ff68c4e0000 - 0x00007ff68c4ea000 	C:\Program Files\Android\Android Studio\jre\bin\java.exe
0x00007ffa775b0000 - 0x00007ffa77791000 	C:\Windows\SYSTEM32\ntdll.dll
0x00007ffa774c0000 - 0x00007ffa77572000 	C:\Windows\System32\KERNEL32.DLL
0x00007ffa74520000 - 0x00007ffa74793000 	C:\Windows\System32\KERNELBASE.dll
0x00007ffa73a00000 - 0x00007ffa73afa000 	C:\Windows\System32\ucrtbase.dll
0x00007ffa6a6b0000 - 0x00007ffa6a6c9000 	C:\Program Files\Android\Android Studio\jre\bin\jli.dll
0x00007ffa751e0000 - 0x00007ffa75370000 	C:\Windows\System32\USER32.dll
0x00007ffa73980000 - 0x00007ffa739a0000 	C:\Windows\System32\win32u.dll
0x00007ffa759d0000 - 0x00007ffa759f8000 	C:\Windows\System32\GDI32.dll
0x00007ffa747a0000 - 0x00007ffa74932000 	C:\Windows\System32\gdi32full.dll
0x00007ffa73d70000 - 0x00007ffa73e0f000 	C:\Windows\System32\msvcp_win.dll
0x00007ffa66810000 - 0x00007ffa66a79000 	C:\Windows\WinSxS\amd64_microsoft.windows.common-controls_6595b64144ccf1df_6.0.17133.73_none_b4b127863cb5b9c7\COMCTL32.dll
0x00007ffa74d60000 - 0x00007ffa74dfe000 	C:\Windows\System32\msvcrt.dll
0x00007ffa770a0000 - 0x00007ffa773c3000 	C:\Windows\System32\combase.dll
0x00007ffa75420000 - 0x00007ffa75544000 	C:\Windows\System32\RPCRT4.dll
0x00007ffa73cf0000 - 0x00007ffa73d6a000 	C:\Windows\System32\bcryptPrimitives.dll
0x00007ffa65090000 - 0x00007ffa650a7000 	C:\Program Files\Android\Android Studio\jre\bin\VCRUNTIME140.dll
0x00007ffa759a0000 - 0x00007ffa759cd000 	C:\Windows\System32\IMM32.DLL
0x00007ffa4fc30000 - 0x00007ffa4fccd000 	C:\Program Files\Android\Android Studio\jre\bin\msvcp140.dll
0x00007ffa213c0000 - 0x00007ffa21e7c000 	C:\Program Files\Android\Android Studio\jre\bin\server\jvm.dll
0x00007ffa74aa0000 - 0x00007ffa74b41000 	C:\Windows\System32\ADVAPI32.dll
0x00007ffa75180000 - 0x00007ffa751db000 	C:\Windows\System32\sechost.dll
0x00007ffa75a00000 - 0x00007ffa75a08000 	C:\Windows\System32\PSAPI.DLL
0x00007ffa71520000 - 0x00007ffa71543000 	C:\Windows\SYSTEM32\WINMM.dll
0x00007ffa724f0000 - 0x00007ffa724fa000 	C:\Windows\SYSTEM32\VERSION.dll
0x00007ffa714f0000 - 0x00007ffa7151a000 	C:\Windows\SYSTEM32\WINMMBASE.dll
0x00007ffa749f0000 - 0x00007ffa74a39000 	C:\Windows\System32\cfgmgr32.dll
0x00007ffa63310000 - 0x00007ffa63319000 	C:\Windows\SYSTEM32\WSOCK32.dll
0x00007ffa76e50000 - 0x00007ffa76ebc000 	C:\Windows\System32\WS2_32.dll
0x00007ffa73960000 - 0x00007ffa73971000 	C:\Windows\System32\kernel.appcore.dll
0x00007ffa545f0000 - 0x00007ffa54601000 	C:\Program Files\Android\Android Studio\jre\bin\verify.dll
0x00007ffa61410000 - 0x00007ffa615d9000 	C:\Windows\SYSTEM32\DBGHELP.DLL
0x00007ffa613e0000 - 0x00007ffa61409000 	C:\Windows\SYSTEM32\dbgcore.DLL
0x00007ffa48670000 - 0x00007ffa48699000 	C:\Program Files\Android\Android Studio\jre\bin\java.dll
0x00007ffa61700000 - 0x00007ffa6170b000 	C:\Program Files\Android\Android Studio\jre\bin\jimage.dll
0x00007ffa51760000 - 0x00007ffa51778000 	C:\Program Files\Android\Android Studio\jre\bin\zip.dll
0x00007ffa75a10000 - 0x00007ffa76e50000 	C:\Windows\System32\SHELL32.dll
0x00007ffa75370000 - 0x00007ffa75419000 	C:\Windows\System32\shcore.dll
0x00007ffa73e10000 - 0x00007ffa7451d000 	C:\Windows\System32\windows.storage.dll
0x00007ffa74d00000 - 0x00007ffa74d51000 	C:\Windows\System32\shlwapi.dll
0x00007ffa73940000 - 0x00007ffa7395f000 	C:\Windows\System32\profapi.dll
0x00007ffa738f0000 - 0x00007ffa7393c000 	C:\Windows\System32\powrprof.dll
0x00007ffa738c0000 - 0x00007ffa738ca000 	C:\Windows\System32\FLTLIB.DLL
0x00007ffa48650000 - 0x00007ffa4866a000 	C:\Program Files\Android\Android Studio\jre\bin\net.dll
0x00007ffa6a9c0000 - 0x00007ffa6aa9d000 	C:\Windows\SYSTEM32\WINHTTP.dll
0x00007ffa730e0000 - 0x00007ffa73146000 	C:\Windows\system32\mswsock.dll
0x00007ffa48630000 - 0x00007ffa48644000 	C:\Program Files\Android\Android Studio\jre\bin\nio.dll
0x00007ffa60800000 - 0x00007ffa60827000 	C:\Users\MISHECK\.gradle\native\fdc75f09e3144964f2cf3f50f0aa648679c211496f362492102eb8c894070792\windows-amd64\native-platform.dll
0x00007ffa39850000 - 0x00007ffa399e6000 	C:\Users\MISHECK\.gradle\native\12488b8bf47d2d4c9fbf2f6322a914ad602e24e48041cd04a747c6da556b65c4\windows-amd64\native-platform-file-events.dll
0x00007ffa48620000 - 0x00007ffa4862a000 	C:\Program Files\Android\Android Studio\jre\bin\management.dll
0x00007ffa48610000 - 0x00007ffa4861c000 	C:\Program Files\Android\Android Studio\jre\bin\management_ext.dll
0x00007ffa73290000 - 0x00007ffa732a7000 	C:\Windows\SYSTEM32\CRYPTSP.dll
0x00007ffa72cc0000 - 0x00007ffa72cf3000 	C:\Windows\system32\rsaenh.dll
0x00007ffa733c0000 - 0x00007ffa733e5000 	C:\Windows\SYSTEM32\bcrypt.dll
0x00007ffa737f0000 - 0x00007ffa73818000 	C:\Windows\SYSTEM32\USERENV.dll
0x00007ffa732b0000 - 0x00007ffa732bb000 	C:\Windows\SYSTEM32\CRYPTBASE.dll
0x00007ffa72e60000 - 0x00007ffa72e98000 	C:\Windows\SYSTEM32\IPHLPAPI.DLL
0x00007ffa74cf0000 - 0x00007ffa74cf8000 	C:\Windows\System32\NSI.dll
0x00007ffa6b060000 - 0x00007ffa6b076000 	C:\Windows\SYSTEM32\dhcpcsvc6.DLL
0x00007ffa6b040000 - 0x00007ffa6b05a000 	C:\Windows\SYSTEM32\dhcpcsvc.DLL
0x00007ffa6bfe0000 - 0x00007ffa6bfeb000 	C:\Windows\SYSTEM32\WINNSI.DLL

dbghelp: loaded successfully - version: 4.0.5 - missing functions: none
symbol engine: initialized successfully - sym options: 0x614 - pdb path: .;C:\Program Files\Android\Android Studio\jre\bin;C:\Windows\SYSTEM32;C:\Windows\WinSxS\amd64_microsoft.windows.common-controls_6595b64144ccf1df_6.0.17133.73_none_b4b127863cb5b9c7;C:\Program Files\Android\Android Studio\jre\bin\server;C:\Users\MISHECK\.gradle\native\fdc75f09e3144964f2cf3f50f0aa648679c211496f362492102eb8c894070792\windows-amd64;C:\Users\MISHECK\.gradle\native\12488b8bf47d2d4c9fbf2f6322a914ad602e24e48041cd04a747c6da556b65c4\windows-amd64

VM Arguments:
jvm_args: --add-opens=java.base/java.util=ALL-UNNAMED --add-opens=java.base/java.lang=ALL-UNNAMED --add-opens=java.base/java.lang.invoke=ALL-UNNAMED --add-opens=java.prefs/java.util.prefs=ALL-UNNAMED -Xmx2048m -Dfile.encoding=UTF-8 -Duser.country=US -Duser.language=en -Duser.variant 
java_command: org.gradle.launcher.daemon.bootstrap.GradleDaemon 6.7.1
java_class_path (initial): C:\Users\MISHECK\.gradle\wrapper\dists\gradle-6.7.1-bin\bwlcbys1h7rz3272sye1xwiv6\gradle-6.7.1\lib\gradle-launcher-6.7.1.jar
Launcher Type: SUN_STANDARD

[Global flags]
     intx CICompilerCount                          = 2                                         {product} {ergonomic}
     uint ConcGCThreads                            = 1                                         {product} {ergonomic}
     uint G1ConcRefinementThreads                  = 2                                         {product} {ergonomic}
   size_t G1HeapRegionSize                         = 1048576                                   {product} {ergonomic}
    uintx GCDrainStackTargetSize                   = 64                                        {product} {ergonomic}
   size_t InitialHeapSize                          = 67108864                                  {product} {ergonomic}
   size_t MarkStackSize                            = 4194304                                   {product} {ergonomic}
   size_t MaxHeapSize                              = 2147483648                                {product} {command line}
   size_t MaxNewSize                               = 1287651328                                {product} {ergonomic}
   size_t MinHeapDeltaBytes                        = 1048576                                   {product} {ergonomic}
    uintx NonNMethodCodeHeapSize                   = 5825164                                {pd product} {ergonomic}
    uintx NonProfiledCodeHeapSize                  = 122916538                              {pd product} {ergonomic}
    uintx ProfiledCodeHeapSize                     = 122916538                              {pd product} {ergonomic}
    uintx ReservedCodeCacheSize                    = 251658240                              {pd product} {ergonomic}
     bool SegmentedCodeCache                       = true                                      {product} {ergonomic}
     bool UseCompressedClassPointers               = true                                 {lp64_product} {ergonomic}
     bool UseCompressedOops                        = true                                 {lp64_product} {ergonomic}
     bool UseG1GC                                  = true                                      {product} {ergonomic}
     bool UseLargePagesIndividualAllocation        = false                                  {pd product} {ergonomic}

Logging:
Log output configuration:
 #0: stdout all=warning uptime,level,tags
 #1: stderr all=off uptime,level,tags

Environment Variables:
JAVA_HOME=C:\Program Files\Java\jdk1.8.0_191
PATH=C:\Program Files (x86)\Common Files\Oracle\Java\javapath;C:\Windows\system32;C:\Windows;C:\Windows\System32\Wbem;C:\Windows\System32\WindowsPowerShell\v1.0\;C:\Windows\System32\OpenSSH\;C:\Program Files (x86)\Git\cmd;C:\Program Files\nodejs\;C:\Program Files\Java\jdk1.8.0_191\bin;C:\Users\MISHECK\AppData\Roaming\npm;C:\Exercism;C:\Users\MISHECK\AppData\Local\Programs\Python\Python39;C:\Users\MISHECK\AppData\Local\Programs\Microsoft VS Code\bin;C:\Program Files\CodeBlocks\MinGW\bin;
USERNAME=MISHECK
OS=Windows_NT
PROCESSOR_IDENTIFIER=Intel64 Family 6 Model 55 Stepping 8, GenuineIntel



---------------  S Y S T E M  ---------------

OS: Windows 10 , 64 bit Build 17133 (10.0.17133.73)
OS uptime: 1 days 0:30 hours

CPU:total 2 (initial active 2) (2 cores per cpu, 1 threads per core) family 6 model 55 stepping 8, cmov, cx8, fxsr, mmx, sse, sse2, sse3, ssse3, sse4.1, sse4.2, popcnt, clmul, erms, 3dnowpref, tsc, tscinvbit

Memory: 4k page, system-wide physical 3987M (299M free)
TotalPageFile size 5381M (AvailPageFile size 3M)
current process WorkingSet (physical memory assigned to process): 483M, peak: 483M
current process commit charge ("private bytes"): 521M, peak: 656M

vm_info: OpenJDK 64-Bit Server VM (11.0.8+10-b944.6842174) for windows-amd64 JRE (11.0.8+10-b944.6842174), built on Sep 19 2020 01:11:42 by "builder" with MS VC++ 14.0 (VS2015)

END.
