#
# There is insufficient memory for the Java Runtime Environment to continue.
# Native memory allocation (malloc) failed to allocate 609616 bytes for Chunk::new
# Possible reasons:
#   The system is out of physical RAM or swap space
#   The process is running with CompressedOops enabled, and the Java Heap may be blocking the growth of the native heap
# Possible solutions:
#   Reduce memory load on the system
#   Increase physical memory or swap space
#   Check if swap backing store is full
#   Decrease Java heap size (-Xmx/-Xms)
#   Decrease number of Java threads
#   Decrease Java thread stack sizes (-Xss)
#   Set larger code cache with -XX:ReservedCodeCacheSize=
#   JVM is running with Unscaled Compressed Oops mode in which the Java heap is
#     placed in the first 4GB address space. The Java Heap base address is the
#     maximum limit for the native heap growth. Please use -XX:HeapBaseMinAddress
#     to set the Java Heap base and to place the Java Heap above 4GB virtual address.
# This output file may be truncated or incomplete.
#
#  Out of Memory Error (./src/hotspot/share/memory/arena.cpp:197), pid=1728, tid=11740
#
# JRE version: OpenJDK Runtime Environment (11.0.8+10) (build 11.0.8+10-b944.6842174)
# Java VM: OpenJDK 64-Bit Server VM (11.0.8+10-b944.6842174, mixed mode, tiered, compressed oops, g1 gc, windows-amd64)
# No core dump will be written. Minidumps are not enabled by default on client versions of Windows
#

---------------  S U M M A R Y ------------

Command Line: --add-opens=java.base/java.util=ALL-UNNAMED --add-opens=java.base/java.lang=ALL-UNNAMED --add-opens=java.base/java.lang.invoke=ALL-UNNAMED --add-opens=java.prefs/java.util.prefs=ALL-UNNAMED -Xmx2048m -Dfile.encoding=UTF-8 -Duser.country=US -Duser.language=en -Duser.variant org.gradle.launcher.daemon.bootstrap.GradleDaemon 6.7.1

Host: Intel(R) Celeron(R) CPU  N2840  @ 2.16GHz, 2 cores, 3G,  Windows 10 , 64 bit Build 17133 (10.0.17133.73)
Time: Sun Jul 11 23:21:00 2021 Pacific Daylight Time elapsed time: 78 seconds (0d 0h 1m 18s)

---------------  T H R E A D  ---------------

Current thread (0x000001fb4070d800):  JavaThread "C2 CompilerThread0" daemon [_thread_in_native, id=11740, stack(0x0000008c9ad00000,0x0000008c9ae00000)]


Current CompileTask:
C2:  78857 6358       4       java.lang.Class::annotationData (44 bytes)

Stack: [0x0000008c9ad00000,0x0000008c9ae00000]
Native frames: (J=compiled Java code, j=interpreted, Vv=VM code, C=native code)
V  [jvm.dll+0x5de50a]
V  [jvm.dll+0x7122f5]
V  [jvm.dll+0x71384d]
V  [jvm.dll+0x713f03]
V  [jvm.dll+0x23e728]
V  [jvm.dll+0xb899c]
V  [jvm.dll+0xb8e9c]
V  [jvm.dll+0x35024d]
V  [jvm.dll+0x31dea3]
V  [jvm.dll+0x31d39a]
V  [jvm.dll+0x1f7702]
V  [jvm.dll+0x1f68d4]
V  [jvm.dll+0x17f32c]
V  [jvm.dll+0x205047]
V  [jvm.dll+0x203891]
V  [jvm.dll+0x6dad3f]
V  [jvm.dll+0x6d3895]
V  [jvm.dll+0x5dd4a6]
C  [ucrtbase.dll+0x1c1ae]
C  [KERNEL32.DLL+0x13034]
C  [ntdll.dll+0x71551]


---------------  P R O C E S S  ---------------

Threads class SMR info:
_java_thread_list=0x000001fb410aa780, length=129, elements={
0x000001fb2719a800, 0x000001fb406af000, 0x000001fb406b0000, 0x000001fb4070a800,
0x000001fb4070b800, 0x000001fb4070d800, 0x000001fb41067800, 0x000001fb4106f000,
0x000001fb4115b800, 0x000001fb41198800, 0x000001fb42624000, 0x000001fb425ce800,
0x000001fb42996000, 0x000001fb427d7800, 0x000001fb426b5800, 0x000001fb42bf8800,
0x000001fb42bf9000, 0x000001fb41f2c000, 0x000001fb42bfa800, 0x000001fb421e1000,
0x000001fb421e2800, 0x000001fb421e1800, 0x000001fb421e0000, 0x000001fb4548b800,
0x000001fb4548a000, 0x000001fb4548e000, 0x000001fb4548f800, 0x000001fb4548c800,
0x000001fb4548d000, 0x000001fb45490800, 0x000001fb4548a800, 0x000001fb45497000,
0x000001fb45495000, 0x000001fb45496000, 0x000001fb45491000, 0x000001fb45497800,
0x000001fb45493000, 0x000001fb45492000, 0x000001fb45498800, 0x000001fb45494800,
0x000001fb45493800, 0x000001fb43525800, 0x000001fb43522800, 0x000001fb43521800,
0x000001fb43524000, 0x000001fb43527000, 0x000001fb43529000, 0x000001fb43524800,
0x000001fb43526800, 0x000001fb43528000, 0x000001fb43523000, 0x000001fb4352d800,
0x000001fb4352d000, 0x000001fb4352a800, 0x000001fb4352b000, 0x000001fb4352f800,
0x000001fb4352c000, 0x000001fb4352e800, 0x000001fb43529800, 0x000001fb43530000,
0x000001fb430b5800, 0x000001fb430bc000, 0x000001fb430b6800, 0x000001fb430ba800,
0x000001fb430b7800, 0x000001fb430be000, 0x000001fb430bb800, 0x000001fb430b8000,
0x000001fb430bd000, 0x000001fb430b9000, 0x000001fb430bf800, 0x000001fb430be800,
0x000001fb430b9800, 0x000001fb430c0000, 0x000001fb430c1000, 0x000001fb430c4800,
0x000001fb430c2000, 0x000001fb430c2800, 0x000001fb430c3800, 0x000001fb456c3800,
0x000001fb456bf800, 0x000001fb456c4800, 0x000001fb456c0800, 0x000001fb456c6000,
0x000001fb456c7000, 0x000001fb456c1000, 0x000001fb456c5000, 0x000001fb456c7800,
0x000001fb456c2000, 0x000001fb456c8800, 0x000001fb456c2800, 0x000001fb456cb800,
0x000001fb456c9800, 0x000001fb456ca000, 0x000001fb456cb000, 0x000001fb456cc800,
0x000001fb456ce000, 0x000001fb456cd800, 0x000001fb43d97800, 0x000001fb43d95800,
0x000001fb43d94800, 0x000001fb43d96000, 0x000001fb43d99800, 0x000001fb43d93800,
0x000001fb43d9c800, 0x000001fb43d9b000, 0x000001fb43d9a000, 0x000001fb43d97000,
0x000001fb43d9c000, 0x000001fb43d9d800, 0x000001fb43d9e000, 0x000001fb43d98800,
0x000001fb43d9f000, 0x000001fb43da1800, 0x000001fb43da2800, 0x000001fb43da0000,
0x000001fb43da0800, 0x000001fb430d5800, 0x000001fb430d9800, 0x000001fb430d7000,
0x000001fb430d8000, 0x000001fb430d9000, 0x000001fb430da800, 0x000001fb430db800,
0x000001fb430dc000, 0x000001fb430d6800, 0x000001fb430e2800, 0x000001fb430de000,
0x000001fb430dd000
}

Java Threads: ( => current thread )
  0x000001fb2719a800 JavaThread "main" [_thread_blocked, id=3036, stack(0x0000008c9a200000,0x0000008c9a300000)]
  0x000001fb406af000 JavaThread "Reference Handler" daemon [_thread_blocked, id=1536, stack(0x0000008c9a900000,0x0000008c9aa00000)]
  0x000001fb406b0000 JavaThread "Finalizer" daemon [_thread_blocked, id=11224, stack(0x0000008c9aa00000,0x0000008c9ab00000)]
  0x000001fb4070a800 JavaThread "Signal Dispatcher" daemon [_thread_blocked, id=9708, stack(0x0000008c9ab00000,0x0000008c9ac00000)]
  0x000001fb4070b800 JavaThread "Attach Listener" daemon [_thread_blocked, id=1872, stack(0x0000008c9ac00000,0x0000008c9ad00000)]
=>0x000001fb4070d800 JavaThread "C2 CompilerThread0" daemon [_thread_in_native, id=11740, stack(0x0000008c9ad00000,0x0000008c9ae00000)]
  0x000001fb41067800 JavaThread "C1 CompilerThread0" daemon [_thread_blocked, id=9840, stack(0x0000008c9ae00000,0x0000008c9af00000)]
  0x000001fb4106f000 JavaThread "Sweeper thread" daemon [_thread_blocked, id=3408, stack(0x0000008c9af00000,0x0000008c9b000000)]
  0x000001fb4115b800 JavaThread "Common-Cleaner" daemon [_thread_blocked, id=1792, stack(0x0000008c9b000000,0x0000008c9b100000)]
  0x000001fb41198800 JavaThread "Service Thread" daemon [_thread_blocked, id=8892, stack(0x0000008c9b100000,0x0000008c9b200000)]
  0x000001fb42624000 JavaThread "Daemon health stats" [_thread_blocked, id=9888, stack(0x0000008c9b400000,0x0000008c9b500000)]
  0x000001fb425ce800 JavaThread "Incoming local TCP Connector on port 64948" [_thread_in_native, id=8768, stack(0x0000008c9b600000,0x0000008c9b700000)]
  0x000001fb42996000 JavaThread "Daemon periodic checks" [_thread_blocked, id=5592, stack(0x0000008c9b700000,0x0000008c9b800000)]
  0x000001fb427d7800 JavaThread "Daemon" [_thread_blocked, id=1632, stack(0x0000008c9b800000,0x0000008c9b900000)]
  0x000001fb426b5800 JavaThread "Handler for socket connection from /127.0.0.1:64948 to /127.0.0.1:64949" [_thread_in_native, id=4256, stack(0x0000008c9b900000,0x0000008c9ba00000)]
  0x000001fb42bf8800 JavaThread "Cancel handler" [_thread_blocked, id=11856, stack(0x0000008c9ba00000,0x0000008c9bb00000)]
  0x000001fb42bf9000 JavaThread "Daemon worker" [_thread_in_vm, id=10764, stack(0x0000008c9bb00000,0x0000008c9bc00000)]
  0x000001fb41f2c000 JavaThread "Asynchronous log dispatcher for DefaultDaemonConnection: socket connection from /127.0.0.1:64948 to /127.0.0.1:64949" [_thread_blocked, id=8696, stack(0x0000008c9bc00000,0x0000008c9bd00000)]
  0x000001fb42bfa800 JavaThread "Thread-8" [_thread_blocked, id=12184, stack(0x0000008c9be00000,0x0000008c9bf00000)]
  0x000001fb421e1000 JavaThread "Cache worker for file hash cache (C:\Users\MISHECK\.gradle\caches\6.7.1\fileHashes)" [_thread_blocked, id=8864, stack(0x0000008c9bf00000,0x0000008c9c000000)]
  0x000001fb421e2800 JavaThread "File lock request listener" [_thread_in_native, id=7636, stack(0x0000008c9c000000,0x0000008c9c100000)]
  0x000001fb421e1800 JavaThread "Cache worker for journal cache (C:\Users\MISHECK\.gradle\caches\journal-1)" [_thread_blocked, id=9776, stack(0x0000008c9c100000,0x0000008c9c200000)]
  0x000001fb421e0000 JavaThread "Cache worker for file hash cache (C:\Users\MISHECK\AndroidStudioProjects\ChildSafetyApp\.gradle\6.7.1\fileHashes)" [_thread_blocked, id=860, stack(0x0000008c9c200000,0x0000008c9c300000)]
  0x000001fb4548b800 JavaThread "Cache worker for checksums cache (C:\Users\MISHECK\AndroidStudioProjects\ChildSafetyApp\.gradle\checksums)" [_thread_blocked, id=10540, stack(0x0000008c9c300000,0x0000008c9c400000)]
  0x000001fb4548a000 JavaThread "Cache worker for cache directory md-supplier (C:\Users\MISHECK\.gradle\caches\6.7.1\md-supplier)" [_thread_blocked, id=10036, stack(0x0000008c9c400000,0x0000008c9c500000)]
  0x000001fb4548e000 JavaThread "Cache worker for cache directory md-rule (C:\Users\MISHECK\.gradle\caches\6.7.1\md-rule)" [_thread_blocked, id=8844, stack(0x0000008c9c500000,0x0000008c9c600000)]
  0x000001fb4548f800 JavaThread "Cache worker for execution history cache (C:\Users\MISHECK\.gradle\caches\6.7.1\executionHistory)" [_thread_blocked, id=8248, stack(0x0000008c9c600000,0x0000008c9c700000)]
  0x000001fb4548c800 JavaThread "jar transforms" [_thread_blocked, id=8464, stack(0x0000008c9c700000,0x0000008c9c800000)]
  0x000001fb4548d000 JavaThread "Cache worker for file content cache (C:\Users\MISHECK\.gradle\caches\6.7.1\fileContent)" [_thread_blocked, id=12268, stack(0x0000008c9c800000,0x0000008c9c900000)]
  0x000001fb45490800 JavaThread "Cache worker for Build Output Cleanup Cache (C:\Users\MISHECK\AndroidStudioProjects\ChildSafetyApp\.gradle\buildOutputCleanup)" [_thread_blocked, id=7472, stack(0x0000008c9c900000,0x0000008c9ca00000)]
  0x000001fb4548a800 JavaThread "Build operations" [_thread_blocked, id=9276, stack(0x0000008c9ca00000,0x0000008c9cb00000)]
  0x000001fb45497000 JavaThread "Build operations Thread 2" [_thread_blocked, id=11024, stack(0x0000008c9cb00000,0x0000008c9cc00000)]
  0x000001fb45495000 JavaThread "jar transforms Thread 2" [_thread_blocked, id=10028, stack(0x0000008c9cc00000,0x0000008c9cd00000)]
  0x000001fb45496000 JavaThread "jar transforms Thread 3" [_thread_blocked, id=7980, stack(0x0000008c9cd00000,0x0000008c9ce00000)]
  0x000001fb45491000 JavaThread "jar transforms Thread 4" [_thread_blocked, id=9096, stack(0x0000008c9ce00000,0x0000008c9cf00000)]
  0x000001fb45497800 JavaThread "jar transforms Thread 5" [_thread_blocked, id=9100, stack(0x0000008c9cf00000,0x0000008c9d000000)]
  0x000001fb45493000 JavaThread "jar transforms Thread 6" [_thread_blocked, id=12052, stack(0x0000008c9d000000,0x0000008c9d100000)]
  0x000001fb45492000 JavaThread "jar transforms Thread 7" [_thread_blocked, id=11992, stack(0x0000008c9d100000,0x0000008c9d200000)]
  0x000001fb45498800 JavaThread "jar transforms Thread 8" [_thread_blocked, id=1668, stack(0x0000008c9d200000,0x0000008c9d300000)]
  0x000001fb45494800 JavaThread "jar transforms Thread 9" [_thread_blocked, id=3752, stack(0x0000008c9d300000,0x0000008c9d400000)]
  0x000001fb45493800 JavaThread "jar transforms Thread 10" [_thread_blocked, id=1604, stack(0x0000008c9d400000,0x0000008c9d500000)]
  0x000001fb43525800 JavaThread "jar transforms Thread 11" [_thread_blocked, id=12024, stack(0x0000008c9d500000,0x0000008c9d600000)]
  0x000001fb43522800 JavaThread "jar transforms Thread 12" [_thread_blocked, id=11492, stack(0x0000008c9d600000,0x0000008c9d700000)]
  0x000001fb43521800 JavaThread "jar transforms Thread 13" [_thread_blocked, id=7304, stack(0x0000008c9d700000,0x0000008c9d800000)]
  0x000001fb43524000 JavaThread "jar transforms Thread 14" [_thread_blocked, id=10008, stack(0x0000008c9d800000,0x0000008c9d900000)]
  0x000001fb43527000 JavaThread "jar transforms Thread 15" [_thread_blocked, id=12188, stack(0x0000008c9d900000,0x0000008c9da00000)]
  0x000001fb43529000 JavaThread "jar transforms Thread 16" [_thread_blocked, id=7708, stack(0x0000008c9da00000,0x0000008c9db00000)]
  0x000001fb43524800 JavaThread "jar transforms Thread 17" [_thread_blocked, id=5980, stack(0x0000008c9db00000,0x0000008c9dc00000)]
  0x000001fb43526800 JavaThread "jar transforms Thread 18" [_thread_blocked, id=9836, stack(0x0000008c9dc00000,0x0000008c9dd00000)]
  0x000001fb43528000 JavaThread "jar transforms Thread 19" [_thread_blocked, id=8592, stack(0x0000008c9dd00000,0x0000008c9de00000)]
  0x000001fb43523000 JavaThread "jar transforms Thread 20" [_thread_blocked, id=10144, stack(0x0000008c9de00000,0x0000008c9df00000)]
  0x000001fb4352d800 JavaThread "jar transforms Thread 21" [_thread_blocked, id=2720, stack(0x0000008c9df00000,0x0000008c9e000000)]
  0x000001fb4352d000 JavaThread "jar transforms Thread 22" [_thread_blocked, id=11444, stack(0x0000008c9e000000,0x0000008c9e100000)]
  0x000001fb4352a800 JavaThread "jar transforms Thread 23" [_thread_blocked, id=10220, stack(0x0000008c9e100000,0x0000008c9e200000)]
  0x000001fb4352b000 JavaThread "jar transforms Thread 24" [_thread_blocked, id=11288, stack(0x0000008c9e200000,0x0000008c9e300000)]
  0x000001fb4352f800 JavaThread "jar transforms Thread 25" [_thread_blocked, id=11276, stack(0x0000008c9e300000,0x0000008c9e400000)]
  0x000001fb4352c000 JavaThread "jar transforms Thread 26" [_thread_blocked, id=11280, stack(0x0000008c9e400000,0x0000008c9e500000)]
  0x000001fb4352e800 JavaThread "jar transforms Thread 27" [_thread_blocked, id=9448, stack(0x0000008c9e500000,0x0000008c9e600000)]
  0x000001fb43529800 JavaThread "jar transforms Thread 28" [_thread_blocked, id=4400, stack(0x0000008c9e600000,0x0000008c9e700000)]
  0x000001fb43530000 JavaThread "jar transforms Thread 29" [_thread_blocked, id=4444, stack(0x0000008c9e700000,0x0000008c9e800000)]
  0x000001fb430b5800 JavaThread "jar transforms Thread 30" [_thread_blocked, id=4032, stack(0x0000008c9e800000,0x0000008c9e900000)]
  0x000001fb430bc000 JavaThread "jar transforms Thread 31" [_thread_blocked, id=3404, stack(0x0000008c9e900000,0x0000008c9ea00000)]
  0x000001fb430b6800 JavaThread "jar transforms Thread 32" [_thread_blocked, id=5220, stack(0x0000008c9ea00000,0x0000008c9eb00000)]
  0x000001fb430ba800 JavaThread "jar transforms Thread 33" [_thread_blocked, id=2200, stack(0x0000008c9eb00000,0x0000008c9ec00000)]
  0x000001fb430b7800 JavaThread "jar transforms Thread 34" [_thread_blocked, id=3632, stack(0x0000008c9ec00000,0x0000008c9ed00000)]
  0x000001fb430be000 JavaThread "jar transforms Thread 35" [_thread_blocked, id=5828, stack(0x0000008c9ed00000,0x0000008c9ee00000)]
  0x000001fb430bb800 JavaThread "jar transforms Thread 36" [_thread_blocked, id=7388, stack(0x0000008c9ee00000,0x0000008c9ef00000)]
  0x000001fb430b8000 JavaThread "jar transforms Thread 37" [_thread_blocked, id=8800, stack(0x0000008c9ef00000,0x0000008c9f000000)]
  0x000001fb430bd000 JavaThread "jar transforms Thread 38" [_thread_blocked, id=11952, stack(0x0000008c9f000000,0x0000008c9f100000)]
  0x000001fb430b9000 JavaThread "jar transforms Thread 39" [_thread_blocked, id=11924, stack(0x0000008c9f100000,0x0000008c9f200000)]
  0x000001fb430bf800 JavaThread "jar transforms Thread 40" [_thread_blocked, id=11936, stack(0x0000008c9f200000,0x0000008c9f300000)]
  0x000001fb430be800 JavaThread "jar transforms Thread 41" [_thread_blocked, id=11968, stack(0x0000008c9f300000,0x0000008c9f400000)]
  0x000001fb430b9800 JavaThread "jar transforms Thread 42" [_thread_blocked, id=11940, stack(0x0000008c9f400000,0x0000008c9f500000)]
  0x000001fb430c0000 JavaThread "jar transforms Thread 43" [_thread_blocked, id=11956, stack(0x0000008c9f500000,0x0000008c9f600000)]
  0x000001fb430c1000 JavaThread "jar transforms Thread 44" [_thread_blocked, id=2888, stack(0x0000008c9f600000,0x0000008c9f700000)]
  0x000001fb430c4800 JavaThread "jar transforms Thread 45" [_thread_blocked, id=7320, stack(0x0000008c9f700000,0x0000008c9f800000)]
  0x000001fb430c2000 JavaThread "jar transforms Thread 46" [_thread_blocked, id=8140, stack(0x0000008c9f800000,0x0000008c9f900000)]
  0x000001fb430c2800 JavaThread "jar transforms Thread 47" [_thread_blocked, id=11044, stack(0x0000008c9f900000,0x0000008c9fa00000)]
  0x000001fb430c3800 JavaThread "jar transforms Thread 48" [_thread_blocked, id=10576, stack(0x0000008c9fa00000,0x0000008c9fb00000)]
  0x000001fb456c3800 JavaThread "jar transforms Thread 49" [_thread_blocked, id=7784, stack(0x0000008c9fb00000,0x0000008c9fc00000)]
  0x000001fb456bf800 JavaThread "jar transforms Thread 50" [_thread_blocked, id=2236, stack(0x0000008c9fc00000,0x0000008c9fd00000)]
  0x000001fb456c4800 JavaThread "jar transforms Thread 51" [_thread_blocked, id=7532, stack(0x0000008c9fd00000,0x0000008c9fe00000)]
  0x000001fb456c0800 JavaThread "jar transforms Thread 52" [_thread_blocked, id=6380, stack(0x0000008c9fe00000,0x0000008c9ff00000)]
  0x000001fb456c6000 JavaThread "jar transforms Thread 53" [_thread_blocked, id=6152, stack(0x0000008c9ff00000,0x0000008ca0000000)]
  0x000001fb456c7000 JavaThread "jar transforms Thread 54" [_thread_blocked, id=9696, stack(0x0000008ca0000000,0x0000008ca0100000)]
  0x000001fb456c1000 JavaThread "jar transforms Thread 55" [_thread_blocked, id=5716, stack(0x0000008ca0100000,0x0000008ca0200000)]
  0x000001fb456c5000 JavaThread "jar transforms Thread 56" [_thread_blocked, id=11660, stack(0x0000008ca0200000,0x0000008ca0300000)]
  0x000001fb456c7800 JavaThread "jar transforms Thread 57" [_thread_blocked, id=3792, stack(0x0000008ca0300000,0x0000008ca0400000)]
  0x000001fb456c2000 JavaThread "jar transforms Thread 58" [_thread_blocked, id=1612, stack(0x0000008ca0400000,0x0000008ca0500000)]
  0x000001fb456c8800 JavaThread "jar transforms Thread 59" [_thread_blocked, id=11672, stack(0x0000008ca0500000,0x0000008ca0600000)]
  0x000001fb456c2800 JavaThread "jar transforms Thread 60" [_thread_blocked, id=4572, stack(0x0000008ca0600000,0x0000008ca0700000)]
  0x000001fb456cb800 JavaThread "jar transforms Thread 61" [_thread_blocked, id=11608, stack(0x0000008ca0700000,0x0000008ca0800000)]
  0x000001fb456c9800 JavaThread "jar transforms Thread 62" [_thread_blocked, id=3304, stack(0x0000008ca0800000,0x0000008ca0900000)]
  0x000001fb456ca000 JavaThread "jar transforms Thread 63" [_thread_blocked, id=5572, stack(0x0000008ca0900000,0x0000008ca0a00000)]
  0x000001fb456cb000 JavaThread "jar transforms Thread 64" [_thread_blocked, id=5580, stack(0x0000008ca0a00000,0x0000008ca0b00000)]
  0x000001fb456cc800 JavaThread "jar transforms Thread 65" [_thread_blocked, id=2608, stack(0x0000008ca0b00000,0x0000008ca0c00000)]
  0x000001fb456ce000 JavaThread "jar transforms Thread 66" [_thread_blocked, id=11680, stack(0x0000008ca0c00000,0x0000008ca0d00000)]
  0x000001fb456cd800 JavaThread "jar transforms Thread 67" [_thread_blocked, id=2056, stack(0x0000008ca0d00000,0x0000008ca0e00000)]
  0x000001fb43d97800 JavaThread "jar transforms Thread 68" [_thread_blocked, id=1416, stack(0x0000008ca0e00000,0x0000008ca0f00000)]
  0x000001fb43d95800 JavaThread "jar transforms Thread 69" [_thread_blocked, id=2820, stack(0x0000008ca0f00000,0x0000008ca1000000)]
  0x000001fb43d94800 JavaThread "jar transforms Thread 70" [_thread_blocked, id=3104, stack(0x0000008ca1000000,0x0000008ca1100000)]
  0x000001fb43d96000 JavaThread "jar transforms Thread 71" [_thread_blocked, id=11948, stack(0x0000008ca1100000,0x0000008ca1200000)]
  0x000001fb43d99800 JavaThread "jar transforms Thread 72" [_thread_blocked, id=12172, stack(0x0000008ca1200000,0x0000008ca1300000)]
  0x000001fb43d93800 JavaThread "jar transforms Thread 73" [_thread_blocked, id=9192, stack(0x0000008ca1300000,0x0000008ca1400000)]
  0x000001fb43d9c800 JavaThread "jar transforms Thread 74" [_thread_blocked, id=2552, stack(0x0000008ca1400000,0x0000008ca1500000)]
  0x000001fb43d9b000 JavaThread "jar transforms Thread 75" [_thread_blocked, id=6248, stack(0x0000008ca1500000,0x0000008ca1600000)]
  0x000001fb43d9a000 JavaThread "jar transforms Thread 76" [_thread_blocked, id=12096, stack(0x0000008ca1600000,0x0000008ca1700000)]
  0x000001fb43d97000 JavaThread "jar transforms Thread 77" [_thread_blocked, id=11416, stack(0x0000008ca1700000,0x0000008ca1800000)]
  0x000001fb43d9c000 JavaThread "jar transforms Thread 78" [_thread_blocked, id=11404, stack(0x0000008ca1800000,0x0000008ca1900000)]
  0x000001fb43d9d800 JavaThread "jar transforms Thread 79" [_thread_blocked, id=11424, stack(0x0000008ca1900000,0x0000008ca1a00000)]
  0x000001fb43d9e000 JavaThread "jar transforms Thread 80" [_thread_blocked, id=5380, stack(0x0000008ca1a00000,0x0000008ca1b00000)]
  0x000001fb43d98800 JavaThread "jar transforms Thread 81" [_thread_blocked, id=6372, stack(0x0000008ca1b00000,0x0000008ca1c00000)]
  0x000001fb43d9f000 JavaThread "jar transforms Thread 82" [_thread_blocked, id=10536, stack(0x0000008ca1c00000,0x0000008ca1d00000)]
  0x000001fb43da1800 JavaThread "jar transforms Thread 83" [_thread_blocked, id=9432, stack(0x0000008ca1d00000,0x0000008ca1e00000)]
  0x000001fb43da2800 JavaThread "jar transforms Thread 84" [_thread_blocked, id=2656, stack(0x0000008ca1e00000,0x0000008ca1f00000)]
  0x000001fb43da0000 JavaThread "jar transforms Thread 85" [_thread_blocked, id=2832, stack(0x0000008ca1f00000,0x0000008ca2000000)]
  0x000001fb43da0800 JavaThread "jar transforms Thread 86" [_thread_blocked, id=1148, stack(0x0000008ca2000000,0x0000008ca2100000)]
  0x000001fb430d5800 JavaThread "jar transforms Thread 87" [_thread_blocked, id=1804, stack(0x0000008ca2100000,0x0000008ca2200000)]
  0x000001fb430d9800 JavaThread "jar transforms Thread 88" [_thread_blocked, id=11272, stack(0x0000008ca2200000,0x0000008ca2300000)]
  0x000001fb430d7000 JavaThread "jar transforms Thread 89" [_thread_blocked, id=11776, stack(0x0000008ca2300000,0x0000008ca2400000)]
  0x000001fb430d8000 JavaThread "jar transforms Thread 90" [_thread_blocked, id=12244, stack(0x0000008ca2400000,0x0000008ca2500000)]
  0x000001fb430d9000 JavaThread "jar transforms Thread 91" [_thread_blocked, id=11928, stack(0x0000008ca2500000,0x0000008ca2600000)]
  0x000001fb430da800 JavaThread "jar transforms Thread 92" [_thread_blocked, id=11472, stack(0x0000008ca2600000,0x0000008ca2700000)]
  0x000001fb430db800 JavaThread "jar transforms Thread 93" [_thread_blocked, id=10272, stack(0x0000008ca2700000,0x0000008ca2800000)]
  0x000001fb430dc000 JavaThread "jar transforms Thread 94" [_thread_blocked, id=12064, stack(0x0000008ca2800000,0x0000008ca2900000)]
  0x000001fb430d6800 JavaThread "jar transforms Thread 95" [_thread_blocked, id=3700, stack(0x0000008ca2900000,0x0000008ca2a00000)]
  0x000001fb430e2800 JavaThread "jar transforms Thread 96" [_thread_blocked, id=12072, stack(0x0000008ca2a00000,0x0000008ca2b00000)]
  0x000001fb430de000 JavaThread "jar transforms Thread 97" [_thread_blocked, id=12044, stack(0x0000008ca2b00000,0x0000008ca2c00000)]
  0x000001fb430dd000 JavaThread "Memory manager" [_thread_blocked, id=9996, stack(0x0000008ca2c00000,0x0000008ca2d00000)]

Other Threads:
  0x000001fb406a9000 VMThread "VM Thread" [stack: 0x0000008c9a800000,0x0000008c9a900000] [id=3340]
  0x000001fb4119d800 WatcherThread [stack: 0x0000008c9b200000,0x0000008c9b300000] [id=12280]
  0x000001fb271b1800 GCTaskThread "GC Thread#0" [stack: 0x0000008c9a300000,0x0000008c9a400000] [id=2420]
  0x000001fb412a1000 GCTaskThread "GC Thread#1" [stack: 0x0000008c9b300000,0x0000008c9b400000] [id=7748]
  0x000001fb271e0800 ConcurrentGCThread "G1 Main Marker" [stack: 0x0000008c9a400000,0x0000008c9a500000] [id=11484]
  0x000001fb271e3000 ConcurrentGCThread "G1 Conc#0" [stack: 0x0000008c9a500000,0x0000008c9a600000] [id=10324]
  0x000001fb27232000 ConcurrentGCThread "G1 Refine#0" [stack: 0x0000008c9a600000,0x0000008c9a700000] [id=4012]
  0x000001fb27233000 ConcurrentGCThread "G1 Young RemSet Sampling" [stack: 0x0000008c9a700000,0x0000008c9a800000] [id=7676]

Threads with active compile tasks:
C2 CompilerThread0  79170 6358       4       java.lang.Class::annotationData (44 bytes)

VM state:not at safepoint (normal execution)

VM Mutex/Monitor currently owned by a thread: None

Heap address: 0x0000000080000000, size: 2048 MB, Compressed Oops mode: 32-bit
Narrow klass base: 0x0000000000000000, Narrow klass shift: 3
Compressed class space size: 1073741824 Address: 0x0000000100000000

Heap:
 garbage-first heap   total 95232K, used 62211K [0x0000000080000000, 0x0000000100000000)
  region size 1024K, 16 young (16384K), 4 survivors (4096K)
 Metaspace       used 69927K, capacity 71575K, committed 71844K, reserved 1112064K
  class space    used 9180K, capacity 9757K, committed 9856K, reserved 1048576K
Heap Regions: E=young(eden), S=young(survivor), O=old, HS=humongous(starts), HC=humongous(continues), CS=collection set, F=free, A=archive, TAMS=top-at-mark-start (previous, next)
|   0|0x0000000080000000, 0x0000000080100000, 0x0000000080100000|100%| O|  |TAMS 0x0000000080100000, 0x0000000080000000| Untracked 
|   1|0x0000000080100000, 0x0000000080200000, 0x0000000080200000|100%| O|  |TAMS 0x0000000080200000, 0x0000000080100000| Untracked 
|   2|0x0000000080200000, 0x0000000080300000, 0x0000000080300000|100%| O|  |TAMS 0x0000000080300000, 0x0000000080200000| Untracked 
|   3|0x0000000080300000, 0x0000000080400000, 0x0000000080400000|100%| O|  |TAMS 0x0000000080400000, 0x0000000080300000| Untracked 
|   4|0x0000000080400000, 0x0000000080500000, 0x0000000080500000|100%|HS|  |TAMS 0x0000000080500000, 0x0000000080400000| Complete 
|   5|0x0000000080500000, 0x0000000080600000, 0x0000000080600000|100%|HC|  |TAMS 0x0000000080600000, 0x0000000080500000| Complete 
|   6|0x0000000080600000, 0x0000000080700000, 0x0000000080700000|100%|HC|  |TAMS 0x0000000080700000, 0x0000000080600000| Complete 
|   7|0x0000000080700000, 0x0000000080800000, 0x0000000080800000|100%| O|  |TAMS 0x0000000080800000, 0x0000000080700000| Untracked 
|   8|0x0000000080800000, 0x0000000080900000, 0x0000000080900000|100%| O|  |TAMS 0x0000000080900000, 0x0000000080800000| Untracked 
|   9|0x0000000080900000, 0x0000000080a00000, 0x0000000080a00000|100%| O|  |TAMS 0x0000000080a00000, 0x0000000080900000| Untracked 
|  10|0x0000000080a00000, 0x0000000080b00000, 0x0000000080b00000|100%| O|  |TAMS 0x0000000080b00000, 0x0000000080a00000| Untracked 
|  11|0x0000000080b00000, 0x0000000080c00000, 0x0000000080c00000|100%| O|  |TAMS 0x0000000080c00000, 0x0000000080b00000| Untracked 
|  12|0x0000000080c00000, 0x0000000080d00000, 0x0000000080d00000|100%| O|  |TAMS 0x0000000080d00000, 0x0000000080c00000| Untracked 
|  13|0x0000000080d00000, 0x0000000080e00000, 0x0000000080e00000|100%| O|  |TAMS 0x0000000080e00000, 0x0000000080d00000| Untracked 
|  14|0x0000000080e00000, 0x0000000080f00000, 0x0000000080f00000|100%| O|  |TAMS 0x0000000080f00000, 0x0000000080e00000| Untracked 
|  15|0x0000000080f00000, 0x0000000081000000, 0x0000000081000000|100%| O|  |TAMS 0x0000000081000000, 0x0000000080f00000| Untracked 
|  16|0x0000000081000000, 0x0000000081100000, 0x0000000081100000|100%| O|  |TAMS 0x0000000081100000, 0x0000000081000000| Untracked 
|  17|0x0000000081100000, 0x0000000081200000, 0x0000000081200000|100%| O|  |TAMS 0x0000000081200000, 0x0000000081100000| Untracked 
|  18|0x0000000081200000, 0x0000000081300000, 0x0000000081300000|100%| O|  |TAMS 0x0000000081300000, 0x0000000081200000| Untracked 
|  19|0x0000000081300000, 0x0000000081400000, 0x0000000081400000|100%| O|  |TAMS 0x0000000081400000, 0x0000000081300000| Untracked 
|  20|0x0000000081400000, 0x0000000081500000, 0x0000000081500000|100%| O|  |TAMS 0x0000000081500000, 0x0000000081400000| Untracked 
|  21|0x0000000081500000, 0x0000000081600000, 0x0000000081600000|100%| O|  |TAMS 0x0000000081600000, 0x0000000081500000| Untracked 
|  22|0x0000000081600000, 0x0000000081700000, 0x0000000081700000|100%| O|  |TAMS 0x0000000081700000, 0x0000000081600000| Untracked 
|  23|0x0000000081700000, 0x0000000081800000, 0x0000000081800000|100%| O|  |TAMS 0x0000000081800000, 0x0000000081700000| Untracked 
|  24|0x0000000081800000, 0x0000000081900000, 0x0000000081900000|100%| O|  |TAMS 0x0000000081900000, 0x0000000081800000| Untracked 
|  25|0x0000000081900000, 0x0000000081a00000, 0x0000000081a00000|100%|HS|  |TAMS 0x0000000081a00000, 0x0000000081900000| Complete 
|  26|0x0000000081a00000, 0x0000000081b00000, 0x0000000081b00000|100%|HS|  |TAMS 0x0000000081b00000, 0x0000000081a00000| Complete 
|  27|0x0000000081b00000, 0x0000000081c00000, 0x0000000081c00000|100%|HC|  |TAMS 0x0000000081c00000, 0x0000000081b00000| Complete 
|  28|0x0000000081c00000, 0x0000000081d00000, 0x0000000081d00000|100%| O|  |TAMS 0x0000000081d00000, 0x0000000081c00000| Untracked 
|  29|0x0000000081d00000, 0x0000000081e00000, 0x0000000081e00000|100%| O|  |TAMS 0x0000000081e00000, 0x0000000081d00000| Untracked 
|  30|0x0000000081e00000, 0x0000000081f00000, 0x0000000081f00000|100%| O|  |TAMS 0x0000000081f00000, 0x0000000081e00000| Untracked 
|  31|0x0000000081f00000, 0x0000000082000000, 0x0000000082000000|100%| O|  |TAMS 0x0000000082000000, 0x0000000081f00000| Untracked 
|  32|0x0000000082000000, 0x0000000082100000, 0x0000000082100000|100%| O|  |TAMS 0x0000000082100000, 0x0000000082000000| Untracked 
|  33|0x0000000082100000, 0x0000000082200000, 0x0000000082200000|100%| O|  |TAMS 0x0000000082200000, 0x0000000082100000| Untracked 
|  34|0x0000000082200000, 0x0000000082300000, 0x0000000082300000|100%| O|  |TAMS 0x0000000082300000, 0x0000000082200000| Untracked 
|  35|0x0000000082300000, 0x0000000082400000, 0x0000000082400000|100%| O|  |TAMS 0x0000000082400000, 0x0000000082300000| Untracked 
|  36|0x0000000082400000, 0x0000000082500000, 0x0000000082500000|100%| O|  |TAMS 0x0000000082500000, 0x0000000082400000| Untracked 
|  37|0x0000000082500000, 0x0000000082600000, 0x0000000082600000|100%| O|  |TAMS 0x0000000082600000, 0x0000000082500000| Untracked 
|  38|0x0000000082600000, 0x0000000082700000, 0x0000000082700000|100%| O|  |TAMS 0x0000000082700000, 0x0000000082600000| Untracked 
|  39|0x0000000082700000, 0x0000000082800000, 0x0000000082800000|100%| O|  |TAMS 0x0000000082800000, 0x0000000082700000| Untracked 
|  40|0x0000000082800000, 0x0000000082900000, 0x0000000082900000|100%| O|  |TAMS 0x0000000082900000, 0x0000000082800000| Untracked 
|  41|0x0000000082900000, 0x0000000082a00000, 0x0000000082a00000|100%| O|  |TAMS 0x0000000082a00000, 0x0000000082900000| Untracked 
|  42|0x0000000082a00000, 0x0000000082b00000, 0x0000000082b00000|100%| O|  |TAMS 0x0000000082b00000, 0x0000000082a00000| Untracked 
|  43|0x0000000082b00000, 0x0000000082c00000, 0x0000000082c00000|100%| O|  |TAMS 0x0000000082c00000, 0x0000000082b00000| Untracked 
|  44|0x0000000082c00000, 0x0000000082d00000, 0x0000000082d00000|100%| O|  |TAMS 0x0000000082d00000, 0x0000000082c00000| Untracked 
|  45|0x0000000082d00000, 0x0000000082e00000, 0x0000000082e00000|100%| O|  |TAMS 0x0000000082e00000, 0x0000000082d00000| Untracked 
|  46|0x0000000082e00000, 0x0000000082e36400, 0x0000000082f00000| 21%| O|  |TAMS 0x0000000082e36400, 0x0000000082e00000| Untracked 
|  47|0x0000000082f00000, 0x0000000082f00000, 0x0000000083000000|  0%| F|  |TAMS 0x0000000082f00000, 0x0000000082f00000| Untracked 
|  48|0x0000000083000000, 0x0000000083000000, 0x0000000083100000|  0%| F|  |TAMS 0x0000000083000000, 0x0000000083000000| Untracked 
|  49|0x0000000083100000, 0x0000000083100000, 0x0000000083200000|  0%| F|  |TAMS 0x0000000083100000, 0x0000000083100000| Untracked 
|  50|0x0000000083200000, 0x0000000083200000, 0x0000000083300000|  0%| F|  |TAMS 0x0000000083200000, 0x0000000083200000| Untracked 
|  51|0x0000000083300000, 0x0000000083300000, 0x0000000083400000|  0%| F|  |TAMS 0x0000000083300000, 0x0000000083300000| Untracked 
|  52|0x0000000083400000, 0x0000000083400000, 0x0000000083500000|  0%| F|  |TAMS 0x0000000083400000, 0x0000000083400000| Untracked 
|  53|0x0000000083500000, 0x0000000083500000, 0x0000000083600000|  0%| F|  |TAMS 0x0000000083500000, 0x0000000083500000| Untracked 
|  54|0x0000000083600000, 0x0000000083600000, 0x0000000083700000|  0%| F|  |TAMS 0x0000000083600000, 0x0000000083600000| Untracked 
|  55|0x0000000083700000, 0x0000000083700000, 0x0000000083800000|  0%| F|  |TAMS 0x0000000083700000, 0x0000000083700000| Untracked 
|  56|0x0000000083800000, 0x0000000083800000, 0x0000000083900000|  0%| F|  |TAMS 0x0000000083800000, 0x0000000083800000| Untracked 
|  57|0x0000000083900000, 0x0000000083900000, 0x0000000083a00000|  0%| F|  |TAMS 0x0000000083900000, 0x0000000083900000| Untracked 
|  58|0x0000000083a00000, 0x0000000083a8a810, 0x0000000083b00000| 54%| S|CS|TAMS 0x0000000083a00000, 0x0000000083a00000| Complete 
|  59|0x0000000083b00000, 0x0000000083b00000, 0x0000000083c00000|  0%| F|  |TAMS 0x0000000083b00000, 0x0000000083b00000| Untracked 
|  60|0x0000000083c00000, 0x0000000083c00000, 0x0000000083d00000|  0%| F|  |TAMS 0x0000000083c00000, 0x0000000083c00000| Untracked 
|  61|0x0000000083d00000, 0x0000000083d00000, 0x0000000083e00000|  0%| F|  |TAMS 0x0000000083d00000, 0x0000000083d00000| Untracked 
|  62|0x0000000083e00000, 0x0000000083e00000, 0x0000000083f00000|  0%| F|  |TAMS 0x0000000083e00000, 0x0000000083e00000| Untracked 
|  63|0x0000000083f00000, 0x0000000084000000, 0x0000000084000000|100%| S|CS|TAMS 0x0000000083f00000, 0x0000000083f00000| Complete 
|  64|0x0000000084000000, 0x0000000084100000, 0x0000000084100000|100%| S|CS|TAMS 0x0000000084000000, 0x0000000084000000| Complete 
|  65|0x0000000084100000, 0x0000000084200000, 0x0000000084200000|100%| S|CS|TAMS 0x0000000084100000, 0x0000000084100000| Complete 
|  66|0x0000000084200000, 0x0000000084200000, 0x0000000084300000|  0%| F|  |TAMS 0x0000000084200000, 0x0000000084200000| Untracked 
|  67|0x0000000084300000, 0x0000000084300000, 0x0000000084400000|  0%| F|  |TAMS 0x0000000084300000, 0x0000000084300000| Untracked 
|  68|0x0000000084400000, 0x0000000084400000, 0x0000000084500000|  0%| F|  |TAMS 0x0000000084400000, 0x0000000084400000| Untracked 
|  69|0x0000000084500000, 0x0000000084500000, 0x0000000084600000|  0%| F|  |TAMS 0x0000000084500000, 0x0000000084500000| Untracked 
|  70|0x0000000084600000, 0x0000000084600000, 0x0000000084700000|  0%| F|  |TAMS 0x0000000084600000, 0x0000000084600000| Untracked 
|  71|0x0000000084700000, 0x0000000084700000, 0x0000000084800000|  0%| F|  |TAMS 0x0000000084700000, 0x0000000084700000| Untracked 
|  72|0x0000000084800000, 0x0000000084800000, 0x0000000084900000|  0%| F|  |TAMS 0x0000000084800000, 0x0000000084800000| Untracked 
|  73|0x0000000084900000, 0x0000000084900000, 0x0000000084a00000|  0%| F|  |TAMS 0x0000000084900000, 0x0000000084900000| Untracked 
|  74|0x0000000084a00000, 0x0000000084a00000, 0x0000000084b00000|  0%| F|  |TAMS 0x0000000084a00000, 0x0000000084a00000| Untracked 
|  75|0x0000000084b00000, 0x0000000084b00000, 0x0000000084c00000|  0%| F|  |TAMS 0x0000000084b00000, 0x0000000084b00000| Untracked 
|  76|0x0000000084c00000, 0x0000000084c00000, 0x0000000084d00000|  0%| F|  |TAMS 0x0000000084c00000, 0x0000000084c00000| Untracked 
|  77|0x0000000084d00000, 0x0000000084d00000, 0x0000000084e00000|  0%| F|  |TAMS 0x0000000084d00000, 0x0000000084d00000| Untracked 
|  78|0x0000000084e00000, 0x0000000084e00000, 0x0000000084f00000|  0%| F|  |TAMS 0x0000000084e00000, 0x0000000084e00000| Untracked 
|  79|0x0000000084f00000, 0x0000000084f00000, 0x0000000085000000|  0%| F|  |TAMS 0x0000000084f00000, 0x0000000084f00000| Untracked 
|  80|0x0000000085000000, 0x0000000085000000, 0x0000000085100000|  0%| F|  |TAMS 0x0000000085000000, 0x0000000085000000| Untracked 
|  81|0x0000000085100000, 0x0000000085200000, 0x0000000085200000|100%| E|  |TAMS 0x0000000085100000, 0x0000000085100000| Complete 
|  82|0x0000000085200000, 0x0000000085300000, 0x0000000085300000|100%| E|CS|TAMS 0x0000000085200000, 0x0000000085200000| Complete 
|  83|0x0000000085300000, 0x0000000085400000, 0x0000000085400000|100%| E|CS|TAMS 0x0000000085300000, 0x0000000085300000| Complete 
|  84|0x0000000085400000, 0x0000000085500000, 0x0000000085500000|100%| E|CS|TAMS 0x0000000085400000, 0x0000000085400000| Complete 
|  85|0x0000000085500000, 0x0000000085600000, 0x0000000085600000|100%| E|CS|TAMS 0x0000000085500000, 0x0000000085500000| Complete 
|  86|0x0000000085600000, 0x0000000085700000, 0x0000000085700000|100%| E|CS|TAMS 0x0000000085600000, 0x0000000085600000| Complete 
|  87|0x0000000085700000, 0x0000000085800000, 0x0000000085800000|100%| E|CS|TAMS 0x0000000085700000, 0x0000000085700000| Complete 
|  88|0x0000000085800000, 0x0000000085900000, 0x0000000085900000|100%| E|CS|TAMS 0x0000000085800000, 0x0000000085800000| Complete 
|  89|0x0000000085900000, 0x0000000085a00000, 0x0000000085a00000|100%| E|CS|TAMS 0x0000000085900000, 0x0000000085900000| Complete 
|  90|0x0000000085a00000, 0x0000000085b00000, 0x0000000085b00000|100%| E|CS|TAMS 0x0000000085a00000, 0x0000000085a00000| Complete 
|  91|0x0000000085b00000, 0x0000000085c00000, 0x0000000085c00000|100%| E|CS|TAMS 0x0000000085b00000, 0x0000000085b00000| Complete 
|  92|0x0000000085c00000, 0x0000000085d00000, 0x0000000085d00000|100%| E|CS|TAMS 0x0000000085c00000, 0x0000000085c00000| Complete 

Card table byte_map: [0x000001fb39b10000,0x000001fb39f10000] _byte_map_base: 0x000001fb39710000

Marking Bits (Prev, Next): (CMBitMap*) 0x000001fb271d7c10, (CMBitMap*) 0x000001fb271d7bd8
 Prev Bits: [0x000001fb3c310000, 0x000001fb3e310000)
 Next Bits: [0x000001fb3a310000, 0x000001fb3c310000)

Polling page: 0x000001fb24ff0000

Metaspace:

Usage:
  Non-class:     60.49 MB capacity,    59.41 MB ( 98%) used,   948.63 KB (  2%) free+waste,   157.06 KB ( <1%) overhead. 
      Class:      9.53 MB capacity,     8.98 MB ( 94%) used,   489.16 KB (  5%) free+waste,    73.44 KB ( <1%) overhead. 
       Both:     70.02 MB capacity,    68.39 MB ( 98%) used,     1.40 MB (  2%) free+waste,   230.50 KB ( <1%) overhead. 

Virtual space:
  Non-class space:       62.00 MB reserved,      60.54 MB ( 98%) committed 
      Class space:        1.00 GB reserved,       9.63 MB ( <1%) committed 
             Both:        1.06 GB reserved,      70.16 MB (  6%) committed 

Chunk freelists:
   Non-Class:  42.00 KB
       Class:  3.00 KB
        Both:  45.00 KB

MaxMetaspaceSize: 17179869184.00 GB
CompressedClassSpaceSize: 1.00 GB

CodeHeap 'non-profiled nmethods': size=120064Kb used=3517Kb max_used=3517Kb free=116546Kb
 bounds [0x000001fb325d0000, 0x000001fb32940000, 0x000001fb39b10000]
CodeHeap 'profiled nmethods': size=120000Kb used=13562Kb max_used=13562Kb free=106437Kb
 bounds [0x000001fb2b0a0000, 0x000001fb2bdf0000, 0x000001fb325d0000]
CodeHeap 'non-nmethods': size=5696Kb used=2231Kb max_used=2276Kb free=3465Kb
 bounds [0x000001fb2ab10000, 0x000001fb2ad80000, 0x000001fb2b0a0000]
 total_blobs=6962 nmethods=6140 adapters=732
 compilation: enabled
              stopped_count=0, restarted_count=0
 full_count=0

Compilation events (20 events):
Event: 78.789 Thread 0x000001fb41067800 nmethod 6375 0x000001fb2bdca310 code [0x000001fb2bdca560, 0x000001fb2bdcaf48]
Event: 78.792 Thread 0x000001fb41067800 6377       3       com.sun.xml.bind.v2.model.nav.ReflectionNavigator::isSameType (13 bytes)
Event: 78.793 Thread 0x000001fb41067800 nmethod 6377 0x000001fb2bdcb290 code [0x000001fb2bdcb460, 0x000001fb2bdcb888]
Event: 78.793 Thread 0x000001fb41067800 6378       3       com.sun.xml.bind.v2.model.annotation.RuntimeInlineAnnotationReader::getAllMethodAnnotations (10 bytes)
Event: 78.794 Thread 0x000001fb41067800 nmethod 6378 0x000001fb2bdcb990 code [0x000001fb2bdcbbe0, 0x000001fb2bdcc558]
Event: 78.798 Thread 0x000001fb41067800 6379       3       java.lang.Class::isAnnotationPresent (6 bytes)
Event: 78.798 Thread 0x000001fb41067800 nmethod 6379 0x000001fb2bdcc890 code [0x000001fb2bdccaa0, 0x000001fb2bdcd008]
Event: 78.812 Thread 0x000001fb41067800 6380       3       com.sun.xml.bind.v2.model.annotation.RuntimeInlineAnnotationReader::getPackageAnnotation (107 bytes)
Event: 78.813 Thread 0x000001fb41067800 nmethod 6380 0x000001fb2bdcd210 code [0x000001fb2bdcd4e0, 0x000001fb2bdce348]
Event: 78.815 Thread 0x000001fb41067800 6381       3       java.lang.reflect.Field::getGenericType (20 bytes)
Event: 78.818 Thread 0x000001fb41067800 nmethod 6381 0x000001fb2bdce810 code [0x000001fb2bdceb20, 0x000001fb2bdcff88]
Event: 78.818 Thread 0x000001fb41067800 6382       3       com.sun.xml.bind.v2.model.nav.ReflectionNavigator::getReturnType (9 bytes)
Event: 78.820 Thread 0x000001fb41067800 nmethod 6382 0x000001fb2bdd0610 code [0x000001fb2bdd08a0, 0x000001fb2bdd1548]
Event: 78.820 Thread 0x000001fb41067800 6384       3       com.sun.xml.bind.v2.model.impl.RuntimeClassInfoImpl$RuntimePropertySeed::getRawType (5 bytes)
Event: 78.821 Thread 0x000001fb41067800 nmethod 6384 0x000001fb2bdd1990 code [0x000001fb2bdd1b60, 0x000001fb2bdd1e88]
Event: 78.821 Thread 0x000001fb41067800 6383       3       com.sun.xml.bind.v2.model.nav.ReflectionNavigator::getReturnType (9 bytes)
Event: 78.823 Thread 0x000001fb41067800 nmethod 6383 0x000001fb2bdd1f90 code [0x000001fb2bdd2260, 0x000001fb2bdd3358]
Event: 78.823 Thread 0x000001fb41067800 6385       3       com.sun.xml.bind.v2.model.impl.FieldPropertySeed::getRawType (17 bytes)
Event: 78.824 Thread 0x000001fb41067800 nmethod 6385 0x000001fb2bdd3910 code [0x000001fb2bdd3ae0, 0x000001fb2bdd3e28]
Event: 78.824 Thread 0x000001fb41067800 6386       3       com.sun.xml.bind.v2.model.nav.ReflectionNavigator::getFieldType (9 bytes)

GC Heap History (20 events):
Event: 24.256 GC heap before
{Heap before GC invocations=14 (full 0):
 garbage-first heap   total 78848K, used 54963K [0x0000000080000000, 0x0000000100000000)
  region size 1024K, 32 young (32768K), 3 survivors (3072K)
 Metaspace       used 43160K, capacity 44092K, committed 44156K, reserved 1087488K
  class space    used 5534K, capacity 5863K, committed 5888K, reserved 1048576K
}
Event: 24.276 GC heap after
{Heap after GC invocations=15 (full 0):
 garbage-first heap   total 78848K, used 26659K [0x0000000080000000, 0x0000000100000000)
  region size 1024K, 3 young (3072K), 3 survivors (3072K)
 Metaspace       used 43160K, capacity 44092K, committed 44156K, reserved 1087488K
  class space    used 5534K, capacity 5863K, committed 5888K, reserved 1048576K
}
Event: 29.562 GC heap before
{Heap before GC invocations=15 (full 0):
 garbage-first heap   total 78848K, used 55331K [0x0000000080000000, 0x0000000100000000)
  region size 1024K, 32 young (32768K), 3 survivors (3072K)
 Metaspace       used 44459K, capacity 45456K, committed 45692K, reserved 1089536K
  class space    used 5664K, capacity 6037K, committed 6144K, reserved 1048576K
}
Event: 29.606 GC heap after
{Heap after GC invocations=16 (full 0):
 garbage-first heap   total 78848K, used 28437K [0x0000000080000000, 0x0000000100000000)
  region size 1024K, 3 young (3072K), 3 survivors (3072K)
 Metaspace       used 44459K, capacity 45456K, committed 45692K, reserved 1089536K
  class space    used 5664K, capacity 6037K, committed 6144K, reserved 1048576K
}
Event: 38.603 GC heap before
{Heap before GC invocations=16 (full 0):
 garbage-first heap   total 78848K, used 60181K [0x0000000080000000, 0x0000000100000000)
  region size 1024K, 32 young (32768K), 3 survivors (3072K)
 Metaspace       used 46475K, capacity 47660K, committed 47740K, reserved 1091584K
  class space    used 5937K, capacity 6350K, committed 6400K, reserved 1048576K
}
Event: 38.628 GC heap after
{Heap after GC invocations=17 (full 0):
 garbage-first heap   total 95232K, used 37846K [0x0000000080000000, 0x0000000100000000)
  region size 1024K, 4 young (4096K), 4 survivors (4096K)
 Metaspace       used 46475K, capacity 47660K, committed 47740K, reserved 1091584K
  class space    used 5937K, capacity 6350K, committed 6400K, reserved 1048576K
}
Event: 43.522 GC heap before
{Heap before GC invocations=17 (full 0):
 garbage-first heap   total 95232K, used 68566K [0x0000000080000000, 0x0000000100000000)
  region size 1024K, 34 young (34816K), 4 survivors (4096K)
 Metaspace       used 51321K, capacity 52557K, committed 52732K, reserved 1095680K
  class space    used 6515K, capacity 6943K, committed 7040K, reserved 1048576K
}
Event: 43.535 GC heap after
{Heap after GC invocations=18 (full 0):
 garbage-first heap   total 95232K, used 39102K [0x0000000080000000, 0x0000000100000000)
  region size 1024K, 2 young (2048K), 2 survivors (2048K)
 Metaspace       used 51321K, capacity 52557K, committed 52732K, reserved 1095680K
  class space    used 6515K, capacity 6943K, committed 7040K, reserved 1048576K
}
Event: 53.098 GC heap before
{Heap before GC invocations=18 (full 0):
 garbage-first heap   total 95232K, used 68798K [0x0000000080000000, 0x0000000100000000)
  region size 1024K, 32 young (32768K), 2 survivors (2048K)
 Metaspace       used 56118K, capacity 57431K, committed 57724K, reserved 1099776K
  class space    used 7108K, capacity 7557K, committed 7680K, reserved 1048576K
}
Event: 53.125 GC heap after
{Heap after GC invocations=19 (full 0):
 garbage-first heap   total 95232K, used 40936K [0x0000000080000000, 0x0000000100000000)
  region size 1024K, 3 young (3072K), 3 survivors (3072K)
 Metaspace       used 56118K, capacity 57431K, committed 57724K, reserved 1099776K
  class space    used 7108K, capacity 7557K, committed 7680K, reserved 1048576K
}
Event: 57.266 GC heap before
{Heap before GC invocations=19 (full 0):
 garbage-first heap   total 95232K, used 67560K [0x0000000080000000, 0x0000000100000000)
  region size 1024K, 30 young (30720K), 3 survivors (3072K)
 Metaspace       used 58430K, capacity 59823K, committed 59940K, reserved 1101824K
  class space    used 7389K, capacity 7898K, committed 7936K, reserved 1048576K
}
Event: 57.293 GC heap after
{Heap after GC invocations=20 (full 0):
 garbage-first heap   total 95232K, used 43203K [0x0000000080000000, 0x0000000100000000)
  region size 1024K, 5 young (5120K), 5 survivors (5120K)
 Metaspace       used 58430K, capacity 59823K, committed 59940K, reserved 1101824K
  class space    used 7389K, capacity 7898K, committed 7936K, reserved 1048576K
}
Event: 61.235 GC heap before
{Heap before GC invocations=21 (full 0):
 garbage-first heap   total 95232K, used 72899K [0x0000000080000000, 0x0000000100000000)
  region size 1024K, 34 young (34816K), 5 survivors (5120K)
 Metaspace       used 59504K, capacity 61017K, committed 61092K, reserved 1101824K
  class space    used 7539K, capacity 8035K, committed 8064K, reserved 1048576K
}
Event: 61.268 GC heap after
{Heap after GC invocations=22 (full 0):
 garbage-first heap   total 95232K, used 46162K [0x0000000080000000, 0x0000000100000000)
  region size 1024K, 3 young (3072K), 3 survivors (3072K)
 Metaspace       used 59504K, capacity 61017K, committed 61092K, reserved 1101824K
  class space    used 7539K, capacity 8035K, committed 8064K, reserved 1048576K
}
Event: 67.989 GC heap before
{Heap before GC invocations=22 (full 0):
 garbage-first heap   total 95232K, used 74834K [0x0000000080000000, 0x0000000100000000)
  region size 1024K, 31 young (31744K), 3 survivors (3072K)
 Metaspace       used 63284K, capacity 64783K, committed 64932K, reserved 1105920K
  class space    used 8184K, capacity 8714K, committed 8832K, reserved 1048576K
}
Event: 68.016 GC heap after
{Heap after GC invocations=23 (full 0):
 garbage-first heap   total 95232K, used 47657K [0x0000000080000000, 0x0000000100000000)
  region size 1024K, 2 young (2048K), 2 survivors (2048K)
 Metaspace       used 63284K, capacity 64783K, committed 64932K, reserved 1105920K
  class space    used 8184K, capacity 8714K, committed 8832K, reserved 1048576K
}
Event: 72.709 GC heap before
{Heap before GC invocations=24 (full 0):
 garbage-first heap   total 95232K, used 76329K [0x0000000080000000, 0x0000000100000000)
  region size 1024K, 30 young (30720K), 2 survivors (2048K)
 Metaspace       used 65990K, capacity 67530K, committed 67620K, reserved 1107968K
  class space    used 8577K, capacity 9127K, committed 9216K, reserved 1048576K
}
Event: 72.731 GC heap after
{Heap after GC invocations=25 (full 0):
 garbage-first heap   total 95232K, used 49279K [0x0000000080000000, 0x0000000100000000)
  region size 1024K, 4 young (4096K), 4 survivors (4096K)
 Metaspace       used 65990K, capacity 67530K, committed 67620K, reserved 1107968K
  class space    used 8577K, capacity 9127K, committed 9216K, reserved 1048576K
}
Event: 78.208 GC heap before
{Heap before GC invocations=25 (full 0):
 garbage-first heap   total 95232K, used 76927K [0x0000000080000000, 0x0000000100000000)
  region size 1024K, 31 young (31744K), 4 survivors (4096K)
 Metaspace       used 68638K, capacity 70267K, committed 70564K, reserved 1110016K
  class space    used 8975K, capacity 9543K, committed 9600K, reserved 1048576K
}
Event: 78.236 GC heap after
{Heap after GC invocations=26 (full 0):
 garbage-first heap   total 95232K, used 50947K [0x0000000080000000, 0x0000000100000000)
  region size 1024K, 4 young (4096K), 4 survivors (4096K)
 Metaspace       used 68638K, capacity 70267K, committed 70564K, reserved 1110016K
  class space    used 8975K, capacity 9543K, committed 9600K, reserved 1048576K
}

Deoptimization events (20 events):
Event: 73.993 Thread 0x000001fb42bf9000 Uncommon trap: trap_request=0xffffff4d fr.pc=0x000001fb3278328c relative=0x000000000000070c
Event: 73.993 Thread 0x000001fb42bf9000 Uncommon trap: reason=unstable_if action=reinterpret pc=0x000001fb3278328c method=java.util.HashMap.putVal(ILjava/lang/Object;Ljava/lang/Object;ZZ)Ljava/lang/Object; @ 109 c2
Event: 73.993 Thread 0x000001fb42bf9000 DEOPT PACKING pc=0x000001fb3278328c sp=0x0000008c9bbf8a50
Event: 73.993 Thread 0x000001fb42bf9000 DEOPT UNPACKING pc=0x000001fb2ab369aa sp=0x0000008c9bbf8968 mode 2
Event: 73.993 Thread 0x000001fb42bf9000 Uncommon trap: trap_request=0xffffff4d fr.pc=0x000001fb3274a99c relative=0x000000000000069c
Event: 73.993 Thread 0x000001fb42bf9000 Uncommon trap: reason=unstable_if action=reinterpret pc=0x000001fb3274a99c method=java.util.HashMap.putVal(ILjava/lang/Object;Ljava/lang/Object;ZZ)Ljava/lang/Object; @ 109 c2
Event: 73.993 Thread 0x000001fb42bf9000 DEOPT PACKING pc=0x000001fb3274a99c sp=0x0000008c9bbf89a0
Event: 73.993 Thread 0x000001fb42bf9000 DEOPT UNPACKING pc=0x000001fb2ab369aa sp=0x0000008c9bbf8958 mode 2
Event: 77.697 Thread 0x000001fb42bf9000 Uncommon trap: trap_request=0xffffff4d fr.pc=0x000001fb327d8358 relative=0x0000000000001898
Event: 77.697 Thread 0x000001fb42bf9000 Uncommon trap: reason=unstable_if action=reinterpret pc=0x000001fb327d8358 method=java.util.jar.JarFile.getVersionedEntry(Ljava/lang/String;Ljava/util/jar/JarEntry;)Ljava/util/jar/JarEntry; @ 67 c2
Event: 77.697 Thread 0x000001fb42bf9000 DEOPT PACKING pc=0x000001fb327d8358 sp=0x0000008c9bbf80c0
Event: 77.698 Thread 0x000001fb42bf9000 DEOPT UNPACKING pc=0x000001fb2ab369aa sp=0x0000008c9bbf8068 mode 2
Event: 77.725 Thread 0x000001fb42bf9000 Uncommon trap: trap_request=0xffffff4d fr.pc=0x000001fb32873e68 relative=0x0000000000004f68
Event: 77.725 Thread 0x000001fb42bf9000 Uncommon trap: reason=unstable_if action=reinterpret pc=0x000001fb32873e68 method=java.util.jar.JarFile.maybeInstantiateVerifier()V @ 4 c2
Event: 77.725 Thread 0x000001fb42bf9000 DEOPT PACKING pc=0x000001fb32873e68 sp=0x0000008c9bbf8c60
Event: 77.725 Thread 0x000001fb42bf9000 DEOPT UNPACKING pc=0x000001fb2ab369aa sp=0x0000008c9bbf8a68 mode 2
Event: 78.716 Thread 0x000001fb42bf9000 Uncommon trap: trap_request=0xfffffff4 fr.pc=0x000001fb32909580 relative=0x0000000000000720
Event: 78.716 Thread 0x000001fb42bf9000 Uncommon trap: reason=null_check action=make_not_entrant pc=0x000001fb32909580 method=java.lang.Class.createAnnotationData(I)Ljava/lang/Class$AnnotationData; @ 14 c2
Event: 78.716 Thread 0x000001fb42bf9000 DEOPT PACKING pc=0x000001fb32909580 sp=0x0000008c9bbf7f40
Event: 78.716 Thread 0x000001fb42bf9000 DEOPT UNPACKING pc=0x000001fb2ab369aa sp=0x0000008c9bbf7e90 mode 2

Classes redefined (0 events):
No events

Internal exceptions (20 events):
Event: 61.146 Thread 0x000001fb42bf9000 Exception <a 'java/lang/ClassNotFoundException'{0x0000000083c7dc98}: build_9jnm9edfmsglc83zjektd4dp$_run_closure1Customizer> (0x0000000083c7dc98) thrown at [./src/hotspot/share/classfile/systemDictionary.cpp, line 231]
Event: 61.173 Thread 0x000001fb42bf9000 Exception <a 'java/lang/ClassNotFoundException'{0x0000000083cd4090}: org/gradle/api/JavaVersionBeanInfo> (0x0000000083cd4090) thrown at [./src/hotspot/share/classfile/systemDictionary.cpp, line 231]
Event: 61.174 Thread 0x000001fb42bf9000 Exception <a 'java/lang/ClassNotFoundException'{0x0000000083cde990}: java/lang/EnumBeanInfo> (0x0000000083cde990) thrown at [./src/hotspot/share/classfile/systemDictionary.cpp, line 231]
Event: 61.175 Thread 0x000001fb42bf9000 Exception <a 'java/lang/ClassNotFoundException'{0x0000000083ce9300}: java/lang/EnumCustomizer> (0x0000000083ce9300) thrown at [./src/hotspot/share/classfile/systemDictionary.cpp, line 231]
Event: 61.178 Thread 0x000001fb42bf9000 Exception <a 'java/lang/ClassNotFoundException'{0x0000000083b13498}: org/gradle/api/JavaVersionCustomizer> (0x0000000083b13498) thrown at [./src/hotspot/share/classfile/systemDictionary.cpp, line 231]
Event: 61.206 Thread 0x000001fb42bf9000 Exception <a 'java/lang/ClassNotFoundException'{0x0000000083b649b8}: com/android/build/gradle/internal/CompileOptions_DecoratedBeanInfo> (0x0000000083b649b8) thrown at [./src/hotspot/share/classfile/systemDictionary.cpp, line 231]
Event: 61.208 Thread 0x000001fb42bf9000 Exception <a 'java/lang/ClassNotFoundException'{0x0000000083b79710}: com/android/build/gradle/internal/CompileOptionsBeanInfo> (0x0000000083b79710) thrown at [./src/hotspot/share/classfile/systemDictionary.cpp, line 231]
Event: 61.210 Thread 0x000001fb42bf9000 Exception <a 'java/lang/ClassNotFoundException'{0x0000000083b8ecf8}: com/android/build/gradle/internal/CompileOptionsCustomizer> (0x0000000083b8ecf8) thrown at [./src/hotspot/share/classfile/systemDictionary.cpp, line 231]
Event: 61.217 Thread 0x000001fb42bf9000 Exception <a 'java/lang/ClassNotFoundException'{0x0000000083bb06b8}: com/android/build/gradle/internal/CompileOptions_DecoratedCustomizer> (0x0000000083bb06b8) thrown at [./src/hotspot/share/classfile/systemDictionary.cpp, line 231]
Event: 69.241 Thread 0x000001fb42bf9000 Exception <a 'java/lang/ClassNotFoundException'{0x0000000085184680}: com/android/build/gradle/internal/api/ApkVariantOutputImpl_DecoratedBeanInfo> (0x0000000085184680) thrown at [./src/hotspot/share/classfile/systemDictionary.cpp, line 231]
Event: 69.243 Thread 0x000001fb42bf9000 Exception <a 'java/lang/ClassNotFoundException'{0x0000000085199ba8}: com/android/build/gradle/internal/api/ApkVariantOutputImplBeanInfo> (0x0000000085199ba8) thrown at [./src/hotspot/share/classfile/systemDictionary.cpp, line 231]
Event: 69.244 Thread 0x000001fb42bf9000 Exception <a 'java/lang/ClassNotFoundException'{0x00000000851af708}: com/android/build/gradle/internal/api/BaseVariantOutputImplBeanInfo> (0x00000000851af708) thrown at [./src/hotspot/share/classfile/systemDictionary.cpp, line 231]
Event: 69.245 Thread 0x000001fb42bf9000 Exception <a 'java/lang/ClassNotFoundException'{0x00000000851c5290}: com/android/build/gradle/internal/api/BaseVariantOutputImplCustomizer> (0x00000000851c5290) thrown at [./src/hotspot/share/classfile/systemDictionary.cpp, line 231]
Event: 69.250 Thread 0x000001fb42bf9000 Exception <a 'java/lang/ClassNotFoundException'{0x00000000851ed4f0}: com/android/build/gradle/internal/api/ApkVariantOutputImplCustomizer> (0x00000000851ed4f0) thrown at [./src/hotspot/share/classfile/systemDictionary.cpp, line 231]
Event: 69.253 Thread 0x000001fb42bf9000 Exception <a 'java/lang/ClassNotFoundException'{0x0000000085011b28}: com/android/build/gradle/internal/api/ApkVariantOutputImpl_DecoratedCustomizer> (0x0000000085011b28) thrown at [./src/hotspot/share/classfile/systemDictionary.cpp, line 231]
Event: 71.370 Thread 0x000001fb42bf9000 Exception <a 'java/lang/NoSuchMethodError'{0x000000008472ac40}: 'void java.lang.invoke.DirectMethodHandle$Holder.invokeStatic(java.lang.Object, java.lang.Object, java.lang.Object, java.lang.Object, java.lang.Object, java.lang.Object, java.lang.Object)'> (0x000000008472ac40) thrown at [./src/hotspot/share/interpreter/linkResolver.cpp, line 773]
Event: 74.253 Thread 0x000001fb42bf9000 Exception <a 'java/lang/NoSuchMethodError'{0x000000008526e880}: 'java.lang.Object java.lang.invoke.Invokers$Holder.linkToTargetMethod(java.lang.Object, int, java.lang.Object)'> (0x000000008526e880) thrown at [./src/hotspot/share/interpreter/linkResolver.cpp, line 773]
Event: 75.381 Thread 0x000001fb42bf9000 Exception <a 'sun/nio/fs/WindowsException'{0x0000000084c3b688}> (0x0000000084c3b688) thrown at [./src/hotspot/share/prims/jni.cpp, line 615]
Event: 78.034 Thread 0x000001fb42bf9000 Exception <a 'java/lang/NullPointerException'{0x0000000084472b50}> (0x0000000084472b50) thrown at [./src/hotspot/share/interpreter/linkResolver.cpp, line 1440]
Event: 78.716 Thread 0x000001fb42bf9000 Implicit null exception at 0x000001fb32908f11 to 0x000001fb32909564

Events (20 events):
Event: 78.758 loading class com/sun/xml/bind/api/impl/NameConverter
Event: 78.758 loading class com/sun/xml/bind/api/impl/NameConverter done
Event: 78.759 loading class com/sun/xml/bind/api/impl/NameConverter$Standard
Event: 78.759 loading class com/sun/xml/bind/api/impl/NameConverter$Standard done
Event: 78.761 loading class com/sun/xml/bind/api/impl/NameUtil
Event: 78.761 loading class com/sun/xml/bind/api/impl/NameUtil done
Event: 78.766 loading class com/sun/xml/bind/api/impl/NameConverter$1
Event: 78.766 loading class com/sun/xml/bind/api/impl/NameConverter$1 done
Event: 78.767 loading class com/sun/xml/bind/api/impl/NameConverter$2
Event: 78.767 loading class com/sun/xml/bind/api/impl/NameConverter$2 done
Event: 78.769 loading class java/lang/Package$1PackageInfoProxy
Event: 78.769 loading class java/lang/Package$1PackageInfoProxy done
Event: 78.807 loading class com/android/sdklib/repository/generated/addon/v1/AddonDetailsType
Event: 78.807 loading class com/android/sdklib/repository/generated/addon/v1/AddonDetailsType done
Event: 78.808 loading class com/android/sdklib/repository/generated/addon/v1/ExtraDetailsType
Event: 78.808 loading class com/android/sdklib/repository/generated/addon/v1/ExtraDetailsType done
Event: 78.809 loading class com/android/sdklib/repository/generated/addon/v1/MavenType
Event: 78.809 loading class com/android/sdklib/repository/generated/addon/v1/MavenType done
Event: 78.809 loading class com/android/sdklib/repository/meta/DetailsTypes$MavenType
Event: 78.809 loading class com/android/sdklib/repository/meta/DetailsTypes$MavenType done


Dynamic libraries:
0x00007ff60c020000 - 0x00007ff60c02a000 	C:\Program Files\Android\Android Studio\jre\bin\java.exe
0x00007ffc55a80000 - 0x00007ffc55c61000 	C:\Windows\SYSTEM32\ntdll.dll
0x00007ffc55690000 - 0x00007ffc55742000 	C:\Windows\System32\KERNEL32.DLL
0x00007ffc51e50000 - 0x00007ffc520c3000 	C:\Windows\System32\KERNELBASE.dll
0x00007ffc524c0000 - 0x00007ffc525ba000 	C:\Windows\System32\ucrtbase.dll
0x00007ffc49ca0000 - 0x00007ffc49cb9000 	C:\Program Files\Android\Android Studio\jre\bin\jli.dll
0x00007ffc534b0000 - 0x00007ffc53640000 	C:\Windows\System32\USER32.dll
0x00007ffc52ef0000 - 0x00007ffc52f10000 	C:\Windows\System32\win32u.dll
0x00007ffc53640000 - 0x00007ffc53668000 	C:\Windows\System32\GDI32.dll
0x00007ffc52320000 - 0x00007ffc524b2000 	C:\Windows\System32\gdi32full.dll
0x00007ffc52d20000 - 0x00007ffc52dbf000 	C:\Windows\System32\msvcp_win.dll
0x00007ffc48b70000 - 0x00007ffc48b87000 	C:\Program Files\Android\Android Studio\jre\bin\VCRUNTIME140.dll
0x00007ffc44c40000 - 0x00007ffc44ea9000 	C:\Windows\WinSxS\amd64_microsoft.windows.common-controls_6595b64144ccf1df_6.0.17133.73_none_b4b127863cb5b9c7\COMCTL32.dll
0x00007ffc55260000 - 0x00007ffc552fe000 	C:\Windows\System32\msvcrt.dll
0x00007ffc53010000 - 0x00007ffc53333000 	C:\Windows\System32\combase.dll
0x00007ffc55860000 - 0x00007ffc55984000 	C:\Windows\System32\RPCRT4.dll
0x00007ffc52e70000 - 0x00007ffc52eea000 	C:\Windows\System32\bcryptPrimitives.dll
0x00007ffc55230000 - 0x00007ffc5525d000 	C:\Windows\System32\IMM32.DLL
0x00007ffc0f3b0000 - 0x00007ffc0f44d000 	C:\Program Files\Android\Android Studio\jre\bin\msvcp140.dll
0x00007ffc24460000 - 0x00007ffc24f1c000 	C:\Program Files\Android\Android Studio\jre\bin\server\jvm.dll
0x00007ffc53400000 - 0x00007ffc534a1000 	C:\Windows\System32\ADVAPI32.dll
0x00007ffc55800000 - 0x00007ffc5585b000 	C:\Windows\System32\sechost.dll
0x00007ffc53000000 - 0x00007ffc53008000 	C:\Windows\System32\PSAPI.DLL
0x00007ffc4ffd0000 - 0x00007ffc4ffd9000 	C:\Windows\SYSTEM32\WSOCK32.dll
0x00007ffc550e0000 - 0x00007ffc5514c000 	C:\Windows\System32\WS2_32.dll
0x00007ffc4fbc0000 - 0x00007ffc4fbe3000 	C:\Windows\SYSTEM32\WINMM.dll
0x00007ffc44270000 - 0x00007ffc4427a000 	C:\Windows\SYSTEM32\VERSION.dll
0x00007ffc4fb90000 - 0x00007ffc4fbba000 	C:\Windows\SYSTEM32\WINMMBASE.dll
0x00007ffc52cd0000 - 0x00007ffc52d19000 	C:\Windows\System32\cfgmgr32.dll
0x00007ffc51dc0000 - 0x00007ffc51dd1000 	C:\Windows\System32\kernel.appcore.dll
0x00007ffc4b490000 - 0x00007ffc4b4a1000 	C:\Program Files\Android\Android Studio\jre\bin\verify.dll
0x00007ffc40e90000 - 0x00007ffc41059000 	C:\Windows\SYSTEM32\DBGHELP.DLL
0x00007ffc40e60000 - 0x00007ffc40e89000 	C:\Windows\SYSTEM32\dbgcore.DLL
0x00007ffc48ad0000 - 0x00007ffc48af9000 	C:\Program Files\Android\Android Studio\jre\bin\java.dll
0x00007ffc4ffc0000 - 0x00007ffc4ffcb000 	C:\Program Files\Android\Android Studio\jre\bin\jimage.dll
0x00007ffc454c0000 - 0x00007ffc454d8000 	C:\Program Files\Android\Android Studio\jre\bin\zip.dll
0x00007ffc53670000 - 0x00007ffc54ab0000 	C:\Windows\System32\SHELL32.dll
0x00007ffc55750000 - 0x00007ffc557f9000 	C:\Windows\System32\shcore.dll
0x00007ffc525c0000 - 0x00007ffc52ccd000 	C:\Windows\System32\windows.storage.dll
0x00007ffc54f00000 - 0x00007ffc54f51000 	C:\Windows\System32\shlwapi.dll
0x00007ffc51d90000 - 0x00007ffc51daf000 	C:\Windows\System32\profapi.dll
0x00007ffc51de0000 - 0x00007ffc51e2c000 	C:\Windows\System32\powrprof.dll
0x00007ffc51db0000 - 0x00007ffc51dba000 	C:\Windows\System32\FLTLIB.DLL
0x00007ffc42d00000 - 0x00007ffc42d1a000 	C:\Program Files\Android\Android Studio\jre\bin\net.dll
0x00007ffc49650000 - 0x00007ffc4972d000 	C:\Windows\SYSTEM32\WINHTTP.dll
0x00007ffc515b0000 - 0x00007ffc51616000 	C:\Windows\system32\mswsock.dll
0x00007ffc42ce0000 - 0x00007ffc42cf4000 	C:\Program Files\Android\Android Studio\jre\bin\nio.dll
0x00007ffc29ab0000 - 0x00007ffc29ad7000 	C:\Users\MISHECK\.gradle\native\fdc75f09e3144964f2cf3f50f0aa648679c211496f362492102eb8c894070792\windows-amd64\native-platform.dll
0x00007ffc0ae20000 - 0x00007ffc0afb6000 	C:\Users\MISHECK\.gradle\native\12488b8bf47d2d4c9fbf2f6322a914ad602e24e48041cd04a747c6da556b65c4\windows-amd64\native-platform-file-events.dll
0x00007ffc4ff80000 - 0x00007ffc4ff8a000 	C:\Program Files\Android\Android Studio\jre\bin\management.dll
0x00007ffc4e7d0000 - 0x00007ffc4e7dc000 	C:\Program Files\Android\Android Studio\jre\bin\management_ext.dll
0x00007ffc51760000 - 0x00007ffc51777000 	C:\Windows\SYSTEM32\CRYPTSP.dll
0x00007ffc51190000 - 0x00007ffc511c3000 	C:\Windows\system32\rsaenh.dll
0x00007ffc51880000 - 0x00007ffc518a5000 	C:\Windows\SYSTEM32\bcrypt.dll
0x00007ffc51c90000 - 0x00007ffc51cb8000 	C:\Windows\SYSTEM32\USERENV.dll
0x00007ffc51be0000 - 0x00007ffc51beb000 	C:\Windows\SYSTEM32\CRYPTBASE.dll
0x00007ffc51330000 - 0x00007ffc51368000 	C:\Windows\SYSTEM32\IPHLPAPI.DLL
0x00007ffc55220000 - 0x00007ffc55228000 	C:\Windows\System32\NSI.dll
0x00007ffc49200000 - 0x00007ffc49216000 	C:\Windows\SYSTEM32\dhcpcsvc6.DLL
0x00007ffc491c0000 - 0x00007ffc491da000 	C:\Windows\SYSTEM32\dhcpcsvc.DLL
0x00007ffc49220000 - 0x00007ffc4922b000 	C:\Windows\SYSTEM32\WINNSI.DLL

dbghelp: loaded successfully - version: 4.0.5 - missing functions: none
symbol engine: initialized successfully - sym options: 0x614 - pdb path: .;C:\Program Files\Android\Android Studio\jre\bin;C:\Windows\SYSTEM32;C:\Windows\WinSxS\amd64_microsoft.windows.common-controls_6595b64144ccf1df_6.0.17133.73_none_b4b127863cb5b9c7;C:\Program Files\Android\Android Studio\jre\bin\server;C:\Users\MISHECK\.gradle\native\fdc75f09e3144964f2cf3f50f0aa648679c211496f362492102eb8c894070792\windows-amd64;C:\Users\MISHECK\.gradle\native\12488b8bf47d2d4c9fbf2f6322a914ad602e24e48041cd04a747c6da556b65c4\windows-amd64

VM Arguments:
jvm_args: --add-opens=java.base/java.util=ALL-UNNAMED --add-opens=java.base/java.lang=ALL-UNNAMED --add-opens=java.base/java.lang.invoke=ALL-UNNAMED --add-opens=java.prefs/java.util.prefs=ALL-UNNAMED -Xmx2048m -Dfile.encoding=UTF-8 -Duser.country=US -Duser.language=en -Duser.variant 
java_command: org.gradle.launcher.daemon.bootstrap.GradleDaemon 6.7.1
java_class_path (initial): C:\Users\MISHECK\.gradle\wrapper\dists\gradle-6.7.1-bin\bwlcbys1h7rz3272sye1xwiv6\gradle-6.7.1\lib\gradle-launcher-6.7.1.jar
Launcher Type: SUN_STANDARD

[Global flags]
     intx CICompilerCount                          = 2                                         {product} {ergonomic}
     uint ConcGCThreads                            = 1                                         {product} {ergonomic}
     uint G1ConcRefinementThreads                  = 2                                         {product} {ergonomic}
   size_t G1HeapRegionSize                         = 1048576                                   {product} {ergonomic}
    uintx GCDrainStackTargetSize                   = 64                                        {product} {ergonomic}
   size_t InitialHeapSize                          = 67108864                                  {product} {ergonomic}
   size_t MarkStackSize                            = 4194304                                   {product} {ergonomic}
   size_t MaxHeapSize                              = 2147483648                                {product} {command line}
   size_t MaxNewSize                               = 1287651328                                {product} {ergonomic}
   size_t MinHeapDeltaBytes                        = 1048576                                   {product} {ergonomic}
    uintx NonNMethodCodeHeapSize                   = 5825164                                {pd product} {ergonomic}
    uintx NonProfiledCodeHeapSize                  = 122916538                              {pd product} {ergonomic}
    uintx ProfiledCodeHeapSize                     = 122916538                              {pd product} {ergonomic}
    uintx ReservedCodeCacheSize                    = 251658240                              {pd product} {ergonomic}
     bool SegmentedCodeCache                       = true                                      {product} {ergonomic}
     bool UseCompressedClassPointers               = true                                 {lp64_product} {ergonomic}
     bool UseCompressedOops                        = true                                 {lp64_product} {ergonomic}
     bool UseG1GC                                  = true                                      {product} {ergonomic}
     bool UseLargePagesIndividualAllocation        = false                                  {pd product} {ergonomic}

Logging:
Log output configuration:
 #0: stdout all=warning uptime,level,tags
 #1: stderr all=off uptime,level,tags

Environment Variables:
JAVA_HOME=C:\Program Files\Java\jdk1.8.0_191
PATH=C:\Program Files (x86)\Common Files\Oracle\Java\javapath;C:\Windows\system32;C:\Windows;C:\Windows\System32\Wbem;C:\Windows\System32\WindowsPowerShell\v1.0\;C:\Windows\System32\OpenSSH\;C:\Program Files (x86)\Git\cmd;C:\Program Files\nodejs\;C:\Program Files\Java\jdk1.8.0_191\bin;C:\Users\MISHECK\AppData\Roaming\npm;C:\Exercism;C:\Users\MISHECK\AppData\Local\Programs\Python\Python39;C:\Users\MISHECK\AppData\Local\Programs\Microsoft VS Code\bin;C:\Program Files\CodeBlocks\MinGW\bin;
USERNAME=MISHECK
OS=Windows_NT
PROCESSOR_IDENTIFIER=Intel64 Family 6 Model 55 Stepping 8, GenuineIntel



---------------  S Y S T E M  ---------------

OS: Windows 10 , 64 bit Build 17133 (10.0.17133.73)
OS uptime: 0 days 11:58 hours

CPU:total 2 (initial active 2) (2 cores per cpu, 1 threads per core) family 6 model 55 stepping 8, cmov, cx8, fxsr, mmx, sse, sse2, sse3, ssse3, sse4.1, sse4.2, popcnt, clmul, erms, 3dnowpref, tsc, tscinvbit

Memory: 4k page, system-wide physical 3987M (496M free)
TotalPageFile size 5381M (AvailPageFile size 4M)
current process WorkingSet (physical memory assigned to process): 278M, peak: 288M
current process commit charge ("private bytes"): 307M, peak: 317M

vm_info: OpenJDK 64-Bit Server VM (11.0.8+10-b944.6842174) for windows-amd64 JRE (11.0.8+10-b944.6842174), built on Sep 19 2020 01:11:42 by "builder" with MS VC++ 14.0 (VS2015)

END.
