#
# There is insufficient memory for the Java Runtime Environment to continue.
# Native memory allocation (mmap) failed to map 130023424 bytes for Failed to commit area from 0x000000009bf00000 to 0x00000000a3b00000 of length 130023424.
# Possible reasons:
#   The system is out of physical RAM or swap space
#   The process is running with CompressedOops enabled, and the Java Heap may be blocking the growth of the native heap
# Possible solutions:
#   Reduce memory load on the system
#   Increase physical memory or swap space
#   Check if swap backing store is full
#   Decrease Java heap size (-Xmx/-Xms)
#   Decrease number of Java threads
#   Decrease Java thread stack sizes (-Xss)
#   Set larger code cache with -XX:ReservedCodeCacheSize=
#   JVM is running with Unscaled Compressed Oops mode in which the Java heap is
#     placed in the first 4GB address space. The Java Heap base address is the
#     maximum limit for the native heap growth. Please use -XX:HeapBaseMinAddress
#     to set the Java Heap base and to place the Java Heap above 4GB virtual address.
# This output file may be truncated or incomplete.
#
#  Out of Memory Error (./src/hotspot/os/windows/os_windows.cpp:3303), pid=16808, tid=3152
#
# JRE version: OpenJDK Runtime Environment (11.0.8+10) (build 11.0.8+10-b944.6842174)
# Java VM: OpenJDK 64-Bit Server VM (11.0.8+10-b944.6842174, mixed mode, tiered, compressed oops, g1 gc, windows-amd64)
# No core dump will be written. Minidumps are not enabled by default on client versions of Windows
#

---------------  S U M M A R Y ------------

Command Line: --add-opens=java.base/java.util=ALL-UNNAMED --add-opens=java.base/java.lang=ALL-UNNAMED --add-opens=java.base/java.lang.invoke=ALL-UNNAMED --add-opens=java.prefs/java.util.prefs=ALL-UNNAMED -Xmx2048m -Dfile.encoding=UTF-8 -Duser.country=US -Duser.language=en -Duser.variant org.gradle.launcher.daemon.bootstrap.GradleDaemon 6.7.1

Host: Intel(R) Celeron(R) CPU  N2840  @ 2.16GHz, 2 cores, 3G,  Windows 10 , 64 bit Build 17133 (10.0.17133.73)
Time: Sat Jul 31 01:28:44 2021 Pacific Daylight Time elapsed time: 2139 seconds (0d 0h 35m 39s)

---------------  T H R E A D  ---------------

Current thread (0x000001a3a2d7b000):  VMThread "VM Thread" [stack: 0x00000011f4100000,0x00000011f4200000] [id=3152]

Stack: [0x00000011f4100000,0x00000011f4200000]
[error occurred during error reporting (printing stack bounds), id 0xc0000005, EXCEPTION_ACCESS_VIOLATION (0xc0000005) at pc=0x000001a38d1e0dbe]

Native frames: (J=compiled Java code, j=interpreted, Vv=VM code, C=native code)
V  [jvm.dll+0x5de50a]
V  [jvm.dll+0x7122f5]
V  [jvm.dll+0x71384d]
V  [jvm.dll+0x713e65]
V  [jvm.dll+0x713e1b]
V  [jvm.dll+0x5dd958]
V  [jvm.dll+0x5de0f8]
C  [ntdll.dll+0x9eddd]
C  [ntdll.dll+0x6c86]
C  [ntdll.dll+0x9dd0e]
C  0x000001a38d1e0dbe

VM_Operation (0x00000011f4efe300): G1CollectForAllocation, mode: safepoint, requested by thread 0x000001a3ac0ca800


---------------  P R O C E S S  ---------------

Threads class SMR info:
_java_thread_list=0x000001a3aa267b20, length=26, elements={
0x000001a38986b000, 0x000001a3a2d7e000, 0x000001a3a2d8a000, 0x000001a3a3732800,
0x000001a3a3733800, 0x000001a3a2dac000, 0x000001a3a2db0000, 0x000001a3a2db8800,
0x000001a3a3842800, 0x000001a3a3867800, 0x000001a3a5c03800, 0x000001a3a3b2b800,
0x000001a3a489d000, 0x000001a3a5939800, 0x000001a3a593a000, 0x000001a3a593b000,
0x000001a3a5940000, 0x000001a3a5bb8800, 0x000001a3a77fb800, 0x000001a3a7805800,
0x000001a3ac0c5000, 0x000001a3ac0c4000, 0x000001a3ac0ca000, 0x000001a3ac0c6800,
0x000001a3ac0ca800, 0x000001a3ac0c6000
}

Java Threads: ( => current thread )
  0x000001a38986b000 JavaThread "main" [_thread_blocked, id=9376, stack(0x00000011f3b00000,0x00000011f3c00000)]
  0x000001a3a2d7e000 JavaThread "Reference Handler" daemon [_thread_blocked, id=22828, stack(0x00000011f4200000,0x00000011f4300000)]
  0x000001a3a2d8a000 JavaThread "Finalizer" daemon [_thread_blocked, id=7192, stack(0x00000011f4300000,0x00000011f4400000)]
  0x000001a3a3732800 JavaThread "Signal Dispatcher" daemon [_thread_blocked, id=5300, stack(0x00000011f4400000,0x00000011f4500000)]
  0x000001a3a3733800 JavaThread "Attach Listener" daemon [_thread_blocked, id=22568, stack(0x00000011f4500000,0x00000011f4600000)]
  0x000001a3a2dac000 JavaThread "C2 CompilerThread0" daemon [_thread_blocked, id=12952, stack(0x00000011f4600000,0x00000011f4700000)]
  0x000001a3a2db0000 JavaThread "C1 CompilerThread0" daemon [_thread_blocked, id=22248, stack(0x00000011f4700000,0x00000011f4800000)]
  0x000001a3a2db8800 JavaThread "Sweeper thread" daemon [_thread_blocked, id=15820, stack(0x00000011f4800000,0x00000011f4900000)]
  0x000001a3a3842800 JavaThread "Common-Cleaner" daemon [_thread_blocked, id=9972, stack(0x00000011f4900000,0x00000011f4a00000)]
  0x000001a3a3867800 JavaThread "Service Thread" daemon [_thread_blocked, id=15408, stack(0x00000011f4a00000,0x00000011f4b00000)]
  0x000001a3a5c03800 JavaThread "Daemon health stats" [_thread_blocked, id=25120, stack(0x00000011f4d00000,0x00000011f4e00000)]
  0x000001a3a3b2b800 JavaThread "Incoming local TCP Connector on port 53920" [_thread_in_native, id=12500, stack(0x00000011f4f00000,0x00000011f5000000)]
  0x000001a3a489d000 JavaThread "Daemon periodic checks" [_thread_blocked, id=17040, stack(0x00000011f5000000,0x00000011f5100000)]
  0x000001a3a5939800 JavaThread "Cache worker for file hash cache (C:\Users\MISHECK\.gradle\caches\6.7.1\fileHashes)" [_thread_blocked, id=23428, stack(0x00000011f5800000,0x00000011f5900000)]
  0x000001a3a593a000 JavaThread "File lock request listener" [_thread_in_native, id=8852, stack(0x00000011f5900000,0x00000011f5a00000)]
  0x000001a3a593b000 JavaThread "Cache worker for journal cache (C:\Users\MISHECK\.gradle\caches\journal-1)" [_thread_blocked, id=24004, stack(0x00000011f5a00000,0x00000011f5b00000)]
  0x000001a3a5940000 JavaThread "Cache worker for execution history cache (C:\Users\MISHECK\.gradle\caches\6.7.1\executionHistory)" [_thread_blocked, id=8880, stack(0x00000011f5f00000,0x00000011f6000000)]
  0x000001a3a5bb8800 JavaThread "Cache worker for file content cache (C:\Users\MISHECK\.gradle\caches\6.7.1\fileContent)" [_thread_blocked, id=13064, stack(0x00000011f6100000,0x00000011f6200000)]
  0x000001a3a77fb800 JavaThread "Memory manager" [_thread_blocked, id=23948, stack(0x00000011fc500000,0x00000011fc600000)]
  0x000001a3a7805800 JavaThread "Cache worker for Java compile cache (C:\Users\MISHECK\.gradle\caches\6.7.1\javaCompile)" [_thread_blocked, id=17216, stack(0x00000011fca00000,0x00000011fcb00000)]
  0x000001a3ac0c5000 JavaThread "ForkJoinPool.commonPool-worker-3" daemon [_thread_blocked, id=23456, stack(0x00000011fc900000,0x00000011fca00000)]
  0x000001a3ac0c4000 JavaThread "Daemon Thread 7" [_thread_blocked, id=6016, stack(0x00000011f3800000,0x00000011f3900000)]
  0x000001a3ac0ca000 JavaThread "Handler for socket connection from /127.0.0.1:53920 to /127.0.0.1:54136" [_thread_blocked, id=24800, stack(0x00000011f3900000,0x00000011f3a00000)]
  0x000001a3ac0c6800 JavaThread "Cancel handler" [_thread_blocked, id=14220, stack(0x00000011f3a00000,0x00000011f3b00000)]
  0x000001a3ac0ca800 JavaThread "Daemon worker Thread 7" [_thread_blocked, id=25420, stack(0x00000011f4e00000,0x00000011f4f00000)]
  0x000001a3ac0c6000 JavaThread "Asynchronous log dispatcher for DefaultDaemonConnection: socket connection from /127.0.0.1:53920 to /127.0.0.1:54136" [_thread_blocked, id=17176, stack(0x00000011f5100000,0x00000011f5200000)]

Other Threads:
=>0x000001a3a2d7b000 VMThread "VM Thread" [stack: 0x00000011f4100000,0x00000011f4200000] [id=3152]
  0x000001a3a3884800 WatcherThread [stack: 0x00000011f4b00000,0x00000011f4c00000] [id=7792]
  0x000001a389882800 GCTaskThread "GC Thread#0" [stack: 0x00000011f3c00000,0x00000011f3d00000] [id=12224]
  0x000001a3a3a6d800 GCTaskThread "GC Thread#1" [stack: 0x00000011f4c00000,0x00000011f4d00000] [id=6460]
  0x000001a3898b1800 ConcurrentGCThread "G1 Main Marker" [stack: 0x00000011f3d00000,0x00000011f3e00000] [id=4648]
  0x000001a3898b4000 ConcurrentGCThread "G1 Conc#0" [stack: 0x00000011f3e00000,0x00000011f3f00000] [id=13756]
  0x000001a389903000 ConcurrentGCThread "G1 Refine#0" [stack: 0x00000011f3f00000,0x00000011f4000000] [id=7812]
  0x000001a3aff57800 ConcurrentGCThread "G1 Refine#1" [stack: 0x00000011fcf00000,0x00000011fd000000] [id=16548]
  0x000001a389904000 ConcurrentGCThread "G1 Young RemSet Sampling" [stack: 0x00000011f4000000,0x00000011f4100000] [id=25320]

Threads with active compile tasks:

VM state:at safepoint (normal execution)

VM Mutex/Monitor currently owned by a thread:  ([mutex/lock_event])
[0x000001a389867000] Threads_lock - owner thread: 0x000001a3a2d7b000
[0x000001a389867ea0] Heap_lock - owner thread: 0x000001a3ac0ca800

Heap address: 0x0000000080000000, size: 2048 MB, Compressed Oops mode: 32-bit
Narrow klass base: 0x0000000000000000, Narrow klass shift: 3
Compressed class space size: 1073741824 Address: 0x0000000100000000

Heap:
 garbage-first heap   total 584704K, used 213110K [0x0000000080000000, 0x0000000100000000)
  region size 1024K, 1 young (1024K), 1 survivors (1024K)
 Metaspace       used 110708K, capacity 113576K, committed 113956K, reserved 1148928K
  class space    used 13651K, capacity 14700K, committed 14848K, reserved 1048576K
Heap Regions: E=young(eden), S=young(survivor), O=old, HS=humongous(starts), HC=humongous(continues), CS=collection set, F=free, A=archive, TAMS=top-at-mark-start (previous, next)
|   0|0x0000000080000000, 0x0000000080100000, 0x0000000080100000|100%| O|  |TAMS 0x0000000080100000, 0x0000000080000000| Untracked 
|   1|0x0000000080100000, 0x0000000080200000, 0x0000000080200000|100%| O|  |TAMS 0x0000000080200000, 0x0000000080100000| Complete 
|   2|0x0000000080200000, 0x0000000080300000, 0x0000000080300000|100%| O|  |TAMS 0x0000000080300000, 0x0000000080200000| Untracked 
|   3|0x0000000080300000, 0x0000000080400000, 0x0000000080400000|100%| O|  |TAMS 0x0000000080400000, 0x0000000080300000| Untracked 
|   4|0x0000000080400000, 0x0000000080500000, 0x0000000080500000|100%|HS|  |TAMS 0x0000000080500000, 0x0000000080400000| Complete 
|   5|0x0000000080500000, 0x0000000080600000, 0x0000000080600000|100%|HC|  |TAMS 0x0000000080600000, 0x0000000080500000| Complete 
|   6|0x0000000080600000, 0x0000000080700000, 0x0000000080700000|100%|HC|  |TAMS 0x0000000080700000, 0x0000000080600000| Complete 
|   7|0x0000000080700000, 0x0000000080800000, 0x0000000080800000|100%| O|  |TAMS 0x0000000080800000, 0x0000000080700000| Untracked 
|   8|0x0000000080800000, 0x0000000080900000, 0x0000000080900000|100%| O|  |TAMS 0x0000000080900000, 0x0000000080800000| Complete 
|   9|0x0000000080900000, 0x0000000080a00000, 0x0000000080a00000|100%| O|  |TAMS 0x0000000080a00000, 0x0000000080900000| Untracked 
|  10|0x0000000080a00000, 0x0000000080b00000, 0x0000000080b00000|100%| O|  |TAMS 0x0000000080b00000, 0x0000000080a00000| Complete 
|  11|0x0000000080b00000, 0x0000000080c00000, 0x0000000080c00000|100%| O|  |TAMS 0x0000000080c00000, 0x0000000080b00000| Complete 
|  12|0x0000000080c00000, 0x0000000080d00000, 0x0000000080d00000|100%| O|  |TAMS 0x0000000080d00000, 0x0000000080c00000| Untracked 
|  13|0x0000000080d00000, 0x0000000080e00000, 0x0000000080e00000|100%| O|  |TAMS 0x0000000080e00000, 0x0000000080d00000| Untracked 
|  14|0x0000000080e00000, 0x0000000080f00000, 0x0000000080f00000|100%| O|  |TAMS 0x0000000080f00000, 0x0000000080e00000| Complete 
|  15|0x0000000080f00000, 0x0000000081000000, 0x0000000081000000|100%| O|  |TAMS 0x0000000081000000, 0x0000000080f00000| Complete 
|  16|0x0000000081000000, 0x0000000081100000, 0x0000000081100000|100%| O|  |TAMS 0x0000000081100000, 0x0000000081000000| Untracked 
|  17|0x0000000081100000, 0x0000000081200000, 0x0000000081200000|100%| O|  |TAMS 0x0000000081200000, 0x0000000081100000| Complete 
|  18|0x0000000081200000, 0x0000000081300000, 0x0000000081300000|100%| O|  |TAMS 0x0000000081300000, 0x0000000081200000| Complete 
|  19|0x0000000081300000, 0x0000000081400000, 0x0000000081400000|100%| O|  |TAMS 0x0000000081400000, 0x0000000081300000| Complete 
|  20|0x0000000081400000, 0x0000000081500000, 0x0000000081500000|100%| O|  |TAMS 0x0000000081500000, 0x0000000081400000| Complete 
|  21|0x0000000081500000, 0x0000000081600000, 0x0000000081600000|100%| O|  |TAMS 0x0000000081600000, 0x0000000081500000| Complete 
|  22|0x0000000081600000, 0x0000000081700000, 0x0000000081700000|100%| O|  |TAMS 0x0000000081700000, 0x0000000081600000| Complete 
|  23|0x0000000081700000, 0x0000000081800000, 0x0000000081800000|100%| O|  |TAMS 0x0000000081800000, 0x0000000081700000| Complete 
|  24|0x0000000081800000, 0x0000000081900000, 0x0000000081900000|100%|HS|  |TAMS 0x0000000081900000, 0x0000000081800000| Complete 
|  25|0x0000000081900000, 0x0000000081a00000, 0x0000000081a00000|100%|HS|  |TAMS 0x0000000081a00000, 0x0000000081900000| Complete 
|  26|0x0000000081a00000, 0x0000000081b00000, 0x0000000081b00000|100%|HC|  |TAMS 0x0000000081b00000, 0x0000000081a00000| Complete 
|  27|0x0000000081b00000, 0x0000000081c00000, 0x0000000081c00000|100%| O|  |TAMS 0x0000000081c00000, 0x0000000081b00000| Complete 
|  28|0x0000000081c00000, 0x0000000081d00000, 0x0000000081d00000|100%| O|  |TAMS 0x0000000081d00000, 0x0000000081c00000| Complete 
|  29|0x0000000081d00000, 0x0000000081e00000, 0x0000000081e00000|100%| O|  |TAMS 0x0000000081e00000, 0x0000000081d00000| Complete 
|  30|0x0000000081e00000, 0x0000000081f00000, 0x0000000081f00000|100%| O|  |TAMS 0x0000000081f00000, 0x0000000081e00000| Complete 
|  31|0x0000000081f00000, 0x0000000082000000, 0x0000000082000000|100%| O|  |TAMS 0x0000000082000000, 0x0000000081f00000| Untracked 
|  32|0x0000000082000000, 0x0000000082100000, 0x0000000082100000|100%| O|  |TAMS 0x0000000082100000, 0x0000000082000000| Untracked 
|  33|0x0000000082100000, 0x0000000082200000, 0x0000000082200000|100%| O|  |TAMS 0x0000000082200000, 0x0000000082100000| Untracked 
|  34|0x0000000082200000, 0x0000000082300000, 0x0000000082300000|100%| O|  |TAMS 0x0000000082300000, 0x0000000082200000| Complete 
|  35|0x0000000082300000, 0x0000000082400000, 0x0000000082400000|100%| O|  |TAMS 0x0000000082400000, 0x0000000082300000| Complete 
|  36|0x0000000082400000, 0x0000000082500000, 0x0000000082500000|100%| O|  |TAMS 0x0000000082500000, 0x0000000082400000| Complete 
|  37|0x0000000082500000, 0x0000000082600000, 0x0000000082600000|100%| O|  |TAMS 0x0000000082600000, 0x0000000082500000| Complete 
|  38|0x0000000082600000, 0x0000000082700000, 0x0000000082700000|100%| O|  |TAMS 0x0000000082700000, 0x0000000082600000| Complete 
|  39|0x0000000082700000, 0x0000000082800000, 0x0000000082800000|100%| O|  |TAMS 0x0000000082800000, 0x0000000082700000| Complete 
|  40|0x0000000082800000, 0x0000000082900000, 0x0000000082900000|100%| O|  |TAMS 0x0000000082900000, 0x0000000082800000| Complete 
|  41|0x0000000082900000, 0x0000000082a00000, 0x0000000082a00000|100%| O|  |TAMS 0x0000000082a00000, 0x0000000082900000| Untracked 
|  42|0x0000000082a00000, 0x0000000082b00000, 0x0000000082b00000|100%| O|  |TAMS 0x0000000082b00000, 0x0000000082a00000| Complete 
|  43|0x0000000082b00000, 0x0000000082c00000, 0x0000000082c00000|100%| O|  |TAMS 0x0000000082c00000, 0x0000000082b00000| Complete 
|  44|0x0000000082c00000, 0x0000000082d00000, 0x0000000082d00000|100%| O|  |TAMS 0x0000000082d00000, 0x0000000082c00000| Untracked 
|  45|0x0000000082d00000, 0x0000000082e00000, 0x0000000082e00000|100%| O|  |TAMS 0x0000000082e00000, 0x0000000082d00000| Complete 
|  46|0x0000000082e00000, 0x0000000082f00000, 0x0000000082f00000|100%| O|  |TAMS 0x0000000082f00000, 0x0000000082e00000| Complete 
|  47|0x0000000082f00000, 0x0000000083000000, 0x0000000083000000|100%| O|  |TAMS 0x0000000083000000, 0x0000000082f00000| Complete 
|  48|0x0000000083000000, 0x0000000083100000, 0x0000000083100000|100%| O|  |TAMS 0x0000000083100000, 0x0000000083000000| Complete 
|  49|0x0000000083100000, 0x0000000083200000, 0x0000000083200000|100%| O|  |TAMS 0x0000000083200000, 0x0000000083100000| Complete 
|  50|0x0000000083200000, 0x0000000083300000, 0x0000000083300000|100%| O|  |TAMS 0x0000000083300000, 0x0000000083200000| Complete 
|  51|0x0000000083300000, 0x0000000083400000, 0x0000000083400000|100%| O|  |TAMS 0x0000000083400000, 0x0000000083300000| Complete 
|  52|0x0000000083400000, 0x0000000083500000, 0x0000000083500000|100%| O|  |TAMS 0x0000000083500000, 0x0000000083400000| Complete 
|  53|0x0000000083500000, 0x0000000083600000, 0x0000000083600000|100%| O|  |TAMS 0x0000000083600000, 0x0000000083500000| Complete 
|  54|0x0000000083600000, 0x0000000083700000, 0x0000000083700000|100%| O|  |TAMS 0x0000000083700000, 0x0000000083600000| Untracked 
|  55|0x0000000083700000, 0x0000000083800000, 0x0000000083800000|100%| O|  |TAMS 0x0000000083800000, 0x0000000083700000| Untracked 
|  56|0x0000000083800000, 0x0000000083900000, 0x0000000083900000|100%| O|  |TAMS 0x0000000083900000, 0x0000000083800000| Complete 
|  57|0x0000000083900000, 0x0000000083a00000, 0x0000000083a00000|100%| O|  |TAMS 0x0000000083a00000, 0x0000000083900000| Complete 
|  58|0x0000000083a00000, 0x0000000083b00000, 0x0000000083b00000|100%| O|  |TAMS 0x0000000083b00000, 0x0000000083a00000| Untracked 
|  59|0x0000000083b00000, 0x0000000083c00000, 0x0000000083c00000|100%| O|  |TAMS 0x0000000083c00000, 0x0000000083b00000| Untracked 
|  60|0x0000000083c00000, 0x0000000083d00000, 0x0000000083d00000|100%| O|  |TAMS 0x0000000083d00000, 0x0000000083c00000| Complete 
|  61|0x0000000083d00000, 0x0000000083e00000, 0x0000000083e00000|100%| O|  |TAMS 0x0000000083e00000, 0x0000000083d00000| Untracked 
|  62|0x0000000083e00000, 0x0000000083f00000, 0x0000000083f00000|100%| O|  |TAMS 0x0000000083f00000, 0x0000000083e00000| Complete 
|  63|0x0000000083f00000, 0x0000000084000000, 0x0000000084000000|100%|HS|  |TAMS 0x0000000084000000, 0x0000000083f00000| Complete 
|  64|0x0000000084000000, 0x0000000084100000, 0x0000000084100000|100%| O|  |TAMS 0x0000000084100000, 0x0000000084000000| Untracked 
|  65|0x0000000084100000, 0x0000000084200000, 0x0000000084200000|100%| O|  |TAMS 0x0000000084200000, 0x0000000084100000| Untracked 
|  66|0x0000000084200000, 0x0000000084300000, 0x0000000084300000|100%| O|  |TAMS 0x0000000084300000, 0x0000000084200000| Complete 
|  67|0x0000000084300000, 0x0000000084400000, 0x0000000084400000|100%| O|  |TAMS 0x0000000084400000, 0x0000000084300000| Complete 
|  68|0x0000000084400000, 0x0000000084500000, 0x0000000084500000|100%|HS|  |TAMS 0x0000000084500000, 0x0000000084400000| Complete 
|  69|0x0000000084500000, 0x0000000084600000, 0x0000000084600000|100%| O|  |TAMS 0x0000000084600000, 0x0000000084500000| Complete 
|  70|0x0000000084600000, 0x0000000084700000, 0x0000000084700000|100%| O|  |TAMS 0x0000000084700000, 0x0000000084600000| Complete 
|  71|0x0000000084700000, 0x0000000084800000, 0x0000000084800000|100%| O|  |TAMS 0x0000000084800000, 0x0000000084700000| Complete 
|  72|0x0000000084800000, 0x0000000084900000, 0x0000000084900000|100%|HS|  |TAMS 0x0000000084900000, 0x0000000084800000| Complete 
|  73|0x0000000084900000, 0x0000000084a00000, 0x0000000084a00000|100%| O|  |TAMS 0x0000000084a00000, 0x0000000084900000| Complete 
|  74|0x0000000084a00000, 0x0000000084b00000, 0x0000000084b00000|100%| O|  |TAMS 0x0000000084b00000, 0x0000000084a00000| Untracked 
|  75|0x0000000084b00000, 0x0000000084c00000, 0x0000000084c00000|100%| O|  |TAMS 0x0000000084c00000, 0x0000000084b00000| Untracked 
|  76|0x0000000084c00000, 0x0000000084d00000, 0x0000000084d00000|100%| O|  |TAMS 0x0000000084d00000, 0x0000000084c00000| Complete 
|  77|0x0000000084d00000, 0x0000000084e00000, 0x0000000084e00000|100%| O|  |TAMS 0x0000000084e00000, 0x0000000084d00000| Complete 
|  78|0x0000000084e00000, 0x0000000084f00000, 0x0000000084f00000|100%| O|  |TAMS 0x0000000084f00000, 0x0000000084e00000| Untracked 
|  79|0x0000000084f00000, 0x0000000085000000, 0x0000000085000000|100%| O|  |TAMS 0x0000000085000000, 0x0000000084f00000| Untracked 
|  80|0x0000000085000000, 0x0000000085100000, 0x0000000085100000|100%| O|  |TAMS 0x0000000085100000, 0x0000000085000000| Complete 
|  81|0x0000000085100000, 0x0000000085200000, 0x0000000085200000|100%| O|  |TAMS 0x00000000851e0200, 0x0000000085100000| Untracked 
|  82|0x0000000085200000, 0x0000000085300000, 0x0000000085300000|100%| O|  |TAMS 0x0000000085300000, 0x0000000085200000| Untracked 
|  83|0x0000000085300000, 0x0000000085400000, 0x0000000085400000|100%| O|  |TAMS 0x0000000085400000, 0x0000000085300000| Complete 
|  84|0x0000000085400000, 0x0000000085500000, 0x0000000085500000|100%|HS|  |TAMS 0x0000000085400000, 0x0000000085400000| Complete 
|  85|0x0000000085500000, 0x0000000085600000, 0x0000000085600000|100%| O|  |TAMS 0x0000000085600000, 0x0000000085500000| Complete 
|  86|0x0000000085600000, 0x0000000085700000, 0x0000000085700000|100%| O|  |TAMS 0x0000000085700000, 0x0000000085600000| Complete 
|  87|0x0000000085700000, 0x0000000085800000, 0x0000000085800000|100%| O|  |TAMS 0x0000000085800000, 0x0000000085700000| Complete 
|  88|0x0000000085800000, 0x0000000085900000, 0x0000000085900000|100%| O|  |TAMS 0x0000000085900000, 0x0000000085800000| Complete 
|  89|0x0000000085900000, 0x0000000085a00000, 0x0000000085a00000|100%|HS|  |TAMS 0x0000000085a00000, 0x0000000085900000| Complete 
|  90|0x0000000085a00000, 0x0000000085b00000, 0x0000000085b00000|100%|HC|  |TAMS 0x0000000085b00000, 0x0000000085a00000| Complete 
|  91|0x0000000085b00000, 0x0000000085c00000, 0x0000000085c00000|100%|HC|  |TAMS 0x0000000085c00000, 0x0000000085b00000| Complete 
|  92|0x0000000085c00000, 0x0000000085d00000, 0x0000000085d00000|100%|HC|  |TAMS 0x0000000085d00000, 0x0000000085c00000| Complete 
|  93|0x0000000085d00000, 0x0000000085e00000, 0x0000000085e00000|100%|HC|  |TAMS 0x0000000085e00000, 0x0000000085d00000| Complete 
|  94|0x0000000085e00000, 0x0000000085f00000, 0x0000000085f00000|100%|HC|  |TAMS 0x0000000085f00000, 0x0000000085e00000| Complete 
|  95|0x0000000085f00000, 0x0000000086000000, 0x0000000086000000|100%|HC|  |TAMS 0x0000000086000000, 0x0000000085f00000| Complete 
|  96|0x0000000086000000, 0x0000000086100000, 0x0000000086100000|100%|HC|  |TAMS 0x0000000086100000, 0x0000000086000000| Complete 
|  97|0x0000000086100000, 0x0000000086200000, 0x0000000086200000|100%| O|  |TAMS 0x0000000086200000, 0x0000000086100000| Untracked 
|  98|0x0000000086200000, 0x0000000086300000, 0x0000000086300000|100%| O|  |TAMS 0x0000000086300000, 0x0000000086200000| Untracked 
|  99|0x0000000086300000, 0x0000000086400000, 0x0000000086400000|100%| O|  |TAMS 0x0000000086400000, 0x0000000086300000| Untracked 
| 100|0x0000000086400000, 0x0000000086500000, 0x0000000086500000|100%| O|  |TAMS 0x0000000086500000, 0x0000000086400000| Untracked 
| 101|0x0000000086500000, 0x0000000086600000, 0x0000000086600000|100%| O|  |TAMS 0x0000000086600000, 0x0000000086500000| Untracked 
| 102|0x0000000086600000, 0x0000000086700000, 0x0000000086700000|100%| O|  |TAMS 0x0000000086700000, 0x0000000086600000| Untracked 
| 103|0x0000000086700000, 0x0000000086800000, 0x0000000086800000|100%| O|  |TAMS 0x0000000086800000, 0x0000000086700000| Untracked 
| 104|0x0000000086800000, 0x0000000086900000, 0x0000000086900000|100%| O|  |TAMS 0x0000000086900000, 0x0000000086800000| Untracked 
| 105|0x0000000086900000, 0x0000000086a00000, 0x0000000086a00000|100%| O|  |TAMS 0x0000000086a00000, 0x0000000086900000| Untracked 
| 106|0x0000000086a00000, 0x0000000086b00000, 0x0000000086b00000|100%|HS|  |TAMS 0x0000000086a00000, 0x0000000086a00000| Complete 
| 107|0x0000000086b00000, 0x0000000086c00000, 0x0000000086c00000|100%| O|  |TAMS 0x0000000086c00000, 0x0000000086b00000| Complete 
| 108|0x0000000086c00000, 0x0000000086d00000, 0x0000000086d00000|100%| O|  |TAMS 0x0000000086d00000, 0x0000000086c00000| Complete 
| 109|0x0000000086d00000, 0x0000000086e00000, 0x0000000086e00000|100%| O|  |TAMS 0x0000000086e00000, 0x0000000086d00000| Complete 
| 110|0x0000000086e00000, 0x0000000086f00000, 0x0000000086f00000|100%| O|  |TAMS 0x0000000086f00000, 0x0000000086e00000| Complete 
| 111|0x0000000086f00000, 0x0000000087000000, 0x0000000087000000|100%| O|  |TAMS 0x0000000087000000, 0x0000000086f00000| Complete 
| 112|0x0000000087000000, 0x0000000087100000, 0x0000000087100000|100%| O|  |TAMS 0x0000000087100000, 0x0000000087000000| Complete 
| 113|0x0000000087100000, 0x0000000087200000, 0x0000000087200000|100%|HS|  |TAMS 0x0000000087200000, 0x0000000087100000| Complete 
| 114|0x0000000087200000, 0x0000000087300000, 0x0000000087300000|100%| O|  |TAMS 0x0000000087300000, 0x0000000087200000| Complete 
| 115|0x0000000087300000, 0x0000000087400000, 0x0000000087400000|100%| O|  |TAMS 0x0000000087400000, 0x0000000087300000| Complete 
| 116|0x0000000087400000, 0x0000000087500000, 0x0000000087500000|100%| O|  |TAMS 0x0000000087500000, 0x0000000087400000| Complete 
| 117|0x0000000087500000, 0x0000000087600000, 0x0000000087600000|100%| O|  |TAMS 0x0000000087600000, 0x0000000087500000| Untracked 
| 118|0x0000000087600000, 0x0000000087700000, 0x0000000087700000|100%|HS|  |TAMS 0x0000000087600000, 0x0000000087600000| Complete 
| 119|0x0000000087700000, 0x0000000087800000, 0x0000000087800000|100%| O|  |TAMS 0x0000000087800000, 0x0000000087700000| Untracked 
| 120|0x0000000087800000, 0x0000000087900000, 0x0000000087900000|100%| O|  |TAMS 0x0000000087900000, 0x0000000087800000| Untracked 
| 121|0x0000000087900000, 0x0000000087a00000, 0x0000000087a00000|100%| O|  |TAMS 0x0000000087a00000, 0x0000000087900000| Untracked 
| 122|0x0000000087a00000, 0x0000000087b00000, 0x0000000087b00000|100%| O|  |TAMS 0x0000000087b00000, 0x0000000087a00000| Untracked 
| 123|0x0000000087b00000, 0x0000000087c00000, 0x0000000087c00000|100%| O|  |TAMS 0x0000000087c00000, 0x0000000087b00000| Untracked 
| 124|0x0000000087c00000, 0x0000000087d00000, 0x0000000087d00000|100%| O|  |TAMS 0x0000000087d00000, 0x0000000087c00000| Untracked 
| 125|0x0000000087d00000, 0x0000000087e00000, 0x0000000087e00000|100%| O|  |TAMS 0x0000000087e00000, 0x0000000087d00000| Untracked 
| 126|0x0000000087e00000, 0x0000000087f00000, 0x0000000087f00000|100%| O|  |TAMS 0x0000000087f00000, 0x0000000087e00000| Untracked 
| 127|0x0000000087f00000, 0x0000000088000000, 0x0000000088000000|100%| O|  |TAMS 0x0000000088000000, 0x0000000087f00000| Untracked 
| 128|0x0000000088000000, 0x0000000088100000, 0x0000000088100000|100%| O|  |TAMS 0x0000000088100000, 0x0000000088000000| Untracked 
| 129|0x0000000088100000, 0x0000000088200000, 0x0000000088200000|100%| O|  |TAMS 0x0000000088200000, 0x0000000088100000| Complete 
| 130|0x0000000088200000, 0x0000000088300000, 0x0000000088300000|100%| O|  |TAMS 0x0000000088300000, 0x0000000088200000| Untracked 
| 131|0x0000000088300000, 0x0000000088400000, 0x0000000088400000|100%| O|  |TAMS 0x0000000088400000, 0x0000000088300000| Untracked 
| 132|0x0000000088400000, 0x0000000088500000, 0x0000000088500000|100%| O|  |TAMS 0x0000000088500000, 0x0000000088400000| Untracked 
| 133|0x0000000088500000, 0x0000000088600000, 0x0000000088600000|100%| O|  |TAMS 0x0000000088600000, 0x0000000088500000| Untracked 
| 134|0x0000000088600000, 0x0000000088700000, 0x0000000088700000|100%| O|  |TAMS 0x0000000088700000, 0x0000000088600000| Untracked 
| 135|0x0000000088700000, 0x0000000088800000, 0x0000000088800000|100%| O|  |TAMS 0x0000000088800000, 0x0000000088700000| Untracked 
| 136|0x0000000088800000, 0x0000000088900000, 0x0000000088900000|100%| O|  |TAMS 0x0000000088900000, 0x0000000088800000| Untracked 
| 137|0x0000000088900000, 0x0000000088a00000, 0x0000000088a00000|100%| O|  |TAMS 0x0000000088a00000, 0x0000000088900000| Untracked 
| 138|0x0000000088a00000, 0x0000000088b00000, 0x0000000088b00000|100%| O|  |TAMS 0x0000000088b00000, 0x0000000088a00000| Untracked 
| 139|0x0000000088b00000, 0x0000000088c00000, 0x0000000088c00000|100%| O|  |TAMS 0x0000000088c00000, 0x0000000088b00000| Untracked 
| 140|0x0000000088c00000, 0x0000000088d00000, 0x0000000088d00000|100%|HS|  |TAMS 0x0000000088c00000, 0x0000000088c00000| Complete 
| 141|0x0000000088d00000, 0x0000000088e00000, 0x0000000088e00000|100%| O|  |TAMS 0x0000000088e00000, 0x0000000088d00000| Complete 
| 142|0x0000000088e00000, 0x0000000088f00000, 0x0000000088f00000|100%| O|  |TAMS 0x0000000088f00000, 0x0000000088e00000| Complete 
| 143|0x0000000088f00000, 0x0000000089000000, 0x0000000089000000|100%| O|  |TAMS 0x0000000089000000, 0x0000000088f00000| Complete 
| 144|0x0000000089000000, 0x0000000089100000, 0x0000000089100000|100%|HS|  |TAMS 0x0000000089000000, 0x0000000089000000| Complete 
| 145|0x0000000089100000, 0x0000000089200000, 0x0000000089200000|100%| O|  |TAMS 0x0000000089200000, 0x0000000089100000| Complete 
| 146|0x0000000089200000, 0x0000000089300000, 0x0000000089300000|100%| O|  |TAMS 0x0000000089300000, 0x0000000089200000| Untracked 
| 147|0x0000000089300000, 0x0000000089400000, 0x0000000089400000|100%| O|  |TAMS 0x0000000089400000, 0x0000000089300000| Untracked 
| 148|0x0000000089400000, 0x0000000089500000, 0x0000000089500000|100%| O|  |TAMS 0x0000000089500000, 0x0000000089400000| Untracked 
| 149|0x0000000089500000, 0x0000000089600000, 0x0000000089600000|100%| O|  |TAMS 0x0000000089600000, 0x0000000089500000| Untracked 
| 150|0x0000000089600000, 0x0000000089700000, 0x0000000089700000|100%| O|  |TAMS 0x0000000089700000, 0x0000000089600000| Complete 
| 151|0x0000000089700000, 0x0000000089800000, 0x0000000089800000|100%| O|  |TAMS 0x0000000089800000, 0x0000000089700000| Untracked 
| 152|0x0000000089800000, 0x0000000089900000, 0x0000000089900000|100%| O|  |TAMS 0x0000000089900000, 0x0000000089800000| Untracked 
| 153|0x0000000089900000, 0x0000000089a00000, 0x0000000089a00000|100%| O|  |TAMS 0x0000000089a00000, 0x0000000089900000| Untracked 
| 154|0x0000000089a00000, 0x0000000089b00000, 0x0000000089b00000|100%| O|  |TAMS 0x0000000089b00000, 0x0000000089a00000| Untracked 
| 155|0x0000000089b00000, 0x0000000089c00000, 0x0000000089c00000|100%| O|  |TAMS 0x0000000089c00000, 0x0000000089b00000| Untracked 
| 156|0x0000000089c00000, 0x0000000089d00000, 0x0000000089d00000|100%| O|  |TAMS 0x0000000089d00000, 0x0000000089c00000| Untracked 
| 157|0x0000000089d00000, 0x0000000089e00000, 0x0000000089e00000|100%| O|  |TAMS 0x0000000089e00000, 0x0000000089d00000| Complete 
| 158|0x0000000089e00000, 0x0000000089f00000, 0x0000000089f00000|100%| O|  |TAMS 0x0000000089f00000, 0x0000000089e00000| Complete 
| 159|0x0000000089f00000, 0x000000008a000000, 0x000000008a000000|100%| O|  |TAMS 0x0000000089f00000, 0x0000000089f00000| Untracked 
| 160|0x000000008a000000, 0x000000008a100000, 0x000000008a100000|100%| O|  |TAMS 0x000000008a100000, 0x000000008a000000| Untracked 
| 161|0x000000008a100000, 0x000000008a200000, 0x000000008a200000|100%| O|  |TAMS 0x000000008a200000, 0x000000008a100000| Complete 
| 162|0x000000008a200000, 0x000000008a300000, 0x000000008a300000|100%| O|  |TAMS 0x000000008a300000, 0x000000008a200000| Untracked 
| 163|0x000000008a300000, 0x000000008a400000, 0x000000008a400000|100%| O|  |TAMS 0x000000008a400000, 0x000000008a300000| Untracked 
| 164|0x000000008a400000, 0x000000008a500000, 0x000000008a500000|100%| O|  |TAMS 0x000000008a500000, 0x000000008a400000| Untracked 
| 165|0x000000008a500000, 0x000000008a600000, 0x000000008a600000|100%| O|  |TAMS 0x000000008a600000, 0x000000008a500000| Complete 
| 166|0x000000008a600000, 0x000000008a700000, 0x000000008a700000|100%|HS|  |TAMS 0x000000008a700000, 0x000000008a600000| Complete 
| 167|0x000000008a700000, 0x000000008a800000, 0x000000008a800000|100%| O|  |TAMS 0x000000008a700000, 0x000000008a700000| Untracked 
| 168|0x000000008a800000, 0x000000008a900000, 0x000000008a900000|100%|HS|  |TAMS 0x000000008a900000, 0x000000008a800000| Complete 
| 169|0x000000008a900000, 0x000000008aa00000, 0x000000008aa00000|100%|HC|  |TAMS 0x000000008aa00000, 0x000000008a900000| Complete 
| 170|0x000000008aa00000, 0x000000008ab00000, 0x000000008ab00000|100%| O|  |TAMS 0x000000008aa00000, 0x000000008aa00000| Untracked 
| 171|0x000000008ab00000, 0x000000008ac00000, 0x000000008ac00000|100%|HS|  |TAMS 0x000000008ac00000, 0x000000008ab00000| Complete 
| 172|0x000000008ac00000, 0x000000008ad00000, 0x000000008ad00000|100%|HC|  |TAMS 0x000000008ad00000, 0x000000008ac00000| Complete 
| 173|0x000000008ad00000, 0x000000008ae00000, 0x000000008ae00000|100%| O|  |TAMS 0x000000008ad00000, 0x000000008ad00000| Untracked 
| 174|0x000000008ae00000, 0x000000008af00000, 0x000000008af00000|100%|HS|  |TAMS 0x000000008af00000, 0x000000008ae00000| Complete 
| 175|0x000000008af00000, 0x000000008b000000, 0x000000008b000000|100%|HC|  |TAMS 0x000000008b000000, 0x000000008af00000| Complete 
| 176|0x000000008b000000, 0x000000008b100000, 0x000000008b100000|100%| O|  |TAMS 0x000000008b000000, 0x000000008b000000| Untracked 
| 177|0x000000008b100000, 0x000000008b200000, 0x000000008b200000|100%|HS|  |TAMS 0x000000008b200000, 0x000000008b100000| Complete 
| 178|0x000000008b200000, 0x000000008b300000, 0x000000008b300000|100%|HS|  |TAMS 0x000000008b300000, 0x000000008b200000| Complete 
| 179|0x000000008b300000, 0x000000008b400000, 0x000000008b400000|100%|HS|  |TAMS 0x000000008b400000, 0x000000008b300000| Complete 
| 180|0x000000008b400000, 0x000000008b500000, 0x000000008b500000|100%|HC|  |TAMS 0x000000008b500000, 0x000000008b400000| Complete 
| 181|0x000000008b500000, 0x000000008b600000, 0x000000008b600000|100%|HS|  |TAMS 0x000000008b600000, 0x000000008b500000| Complete 
| 182|0x000000008b600000, 0x000000008b700000, 0x000000008b700000|100%|HS|  |TAMS 0x000000008b700000, 0x000000008b600000| Complete 
| 183|0x000000008b700000, 0x000000008b800000, 0x000000008b800000|100%|HS|  |TAMS 0x000000008b800000, 0x000000008b700000| Complete 
| 184|0x000000008b800000, 0x000000008b900000, 0x000000008b900000|100%|HS|  |TAMS 0x000000008b900000, 0x000000008b800000| Complete 
| 185|0x000000008b900000, 0x000000008ba00000, 0x000000008ba00000|100%|HC|  |TAMS 0x000000008ba00000, 0x000000008b900000| Complete 
| 186|0x000000008ba00000, 0x000000008bb00000, 0x000000008bb00000|100%| O|  |TAMS 0x000000008bb00000, 0x000000008ba00000| Untracked 
| 187|0x000000008bb00000, 0x000000008bc00000, 0x000000008bc00000|100%| O|  |TAMS 0x000000008bc00000, 0x000000008bb00000| Complete 
| 188|0x000000008bc00000, 0x000000008bd00000, 0x000000008bd00000|100%| O|  |TAMS 0x000000008bd00000, 0x000000008bc00000| Complete 
| 189|0x000000008bd00000, 0x000000008be00000, 0x000000008be00000|100%| O|  |TAMS 0x000000008be00000, 0x000000008bd00000| Complete 
| 190|0x000000008be00000, 0x000000008bf00000, 0x000000008bf00000|100%| O|  |TAMS 0x000000008bf00000, 0x000000008be00000| Complete 
| 191|0x000000008bf00000, 0x000000008c000000, 0x000000008c000000|100%| O|  |TAMS 0x000000008c000000, 0x000000008bf00000| Complete 
| 192|0x000000008c000000, 0x000000008c100000, 0x000000008c100000|100%| O|  |TAMS 0x000000008c100000, 0x000000008c000000| Complete 
| 193|0x000000008c100000, 0x000000008c200000, 0x000000008c200000|100%| O|  |TAMS 0x000000008c200000, 0x000000008c100000| Complete 
| 194|0x000000008c200000, 0x000000008c300000, 0x000000008c300000|100%|HS|  |TAMS 0x000000008c200000, 0x000000008c200000| Complete 
| 195|0x000000008c300000, 0x000000008c400000, 0x000000008c400000|100%|HC|  |TAMS 0x000000008c300000, 0x000000008c300000| Complete 
| 196|0x000000008c400000, 0x000000008c500000, 0x000000008c500000|100%| O|  |TAMS 0x000000008c400000, 0x000000008c400000| Untracked 
| 197|0x000000008c500000, 0x000000008c600000, 0x000000008c600000|100%| O|  |TAMS 0x000000008c500000, 0x000000008c500000| Untracked 
| 198|0x000000008c600000, 0x000000008c700000, 0x000000008c700000|100%| O|  |TAMS 0x000000008c700000, 0x000000008c600000| Untracked 
| 199|0x000000008c700000, 0x000000008c700000, 0x000000008c800000|  0%| F|  |TAMS 0x000000008c700000, 0x000000008c700000| Untracked 
| 200|0x000000008c800000, 0x000000008c800000, 0x000000008c900000|  0%| F|  |TAMS 0x000000008c800000, 0x000000008c800000| Untracked 
| 201|0x000000008c900000, 0x000000008c900000, 0x000000008ca00000|  0%| F|  |TAMS 0x000000008c900000, 0x000000008c900000| Untracked 
| 202|0x000000008ca00000, 0x000000008ca00000, 0x000000008cb00000|  0%| F|  |TAMS 0x000000008ca00000, 0x000000008ca00000| Untracked 
| 203|0x000000008cb00000, 0x000000008cb00000, 0x000000008cc00000|  0%| F|  |TAMS 0x000000008cb00000, 0x000000008cb00000| Untracked 
| 204|0x000000008cc00000, 0x000000008cc00000, 0x000000008cd00000|  0%| F|  |TAMS 0x000000008cc00000, 0x000000008cc00000| Untracked 
| 205|0x000000008cd00000, 0x000000008cd00000, 0x000000008ce00000|  0%| F|  |TAMS 0x000000008cd00000, 0x000000008cd00000| Untracked 
| 206|0x000000008ce00000, 0x000000008ce00000, 0x000000008cf00000|  0%| F|  |TAMS 0x000000008ce00000, 0x000000008ce00000| Untracked 
| 207|0x000000008cf00000, 0x000000008cf00000, 0x000000008d000000|  0%| F|  |TAMS 0x000000008cf00000, 0x000000008cf00000| Untracked 
| 208|0x000000008d000000, 0x000000008d100000, 0x000000008d100000|100%| O|  |TAMS 0x000000008d000000, 0x000000008d000000| Untracked 
| 209|0x000000008d100000, 0x000000008d100000, 0x000000008d200000|  0%| F|  |TAMS 0x000000008d100000, 0x000000008d100000| Untracked 
| 210|0x000000008d200000, 0x000000008d200000, 0x000000008d300000|  0%| F|  |TAMS 0x000000008d200000, 0x000000008d200000| Untracked 
| 211|0x000000008d300000, 0x000000008d300000, 0x000000008d400000|  0%| F|  |TAMS 0x000000008d300000, 0x000000008d300000| Untracked 
| 212|0x000000008d400000, 0x000000008d400000, 0x000000008d500000|  0%| F|  |TAMS 0x000000008d400000, 0x000000008d400000| Untracked 
| 213|0x000000008d500000, 0x000000008d500000, 0x000000008d600000|  0%| F|  |TAMS 0x000000008d500000, 0x000000008d500000| Untracked 
| 214|0x000000008d600000, 0x000000008d600000, 0x000000008d700000|  0%| F|  |TAMS 0x000000008d600000, 0x000000008d600000| Untracked 
| 215|0x000000008d700000, 0x000000008d700000, 0x000000008d800000|  0%| F|  |TAMS 0x000000008d700000, 0x000000008d700000| Untracked 
| 216|0x000000008d800000, 0x000000008d800000, 0x000000008d900000|  0%| F|  |TAMS 0x000000008d800000, 0x000000008d800000| Untracked 
| 217|0x000000008d900000, 0x000000008d900000, 0x000000008da00000|  0%| F|  |TAMS 0x000000008d900000, 0x000000008d900000| Untracked 
| 218|0x000000008da00000, 0x000000008da00000, 0x000000008db00000|  0%| F|  |TAMS 0x000000008da00000, 0x000000008da00000| Untracked 
| 219|0x000000008db00000, 0x000000008db00000, 0x000000008dc00000|  0%| F|  |TAMS 0x000000008db00000, 0x000000008db00000| Untracked 
| 220|0x000000008dc00000, 0x000000008dc00000, 0x000000008dd00000|  0%| F|  |TAMS 0x000000008dc00000, 0x000000008dc00000| Untracked 
| 221|0x000000008dd00000, 0x000000008dd00000, 0x000000008de00000|  0%| F|  |TAMS 0x000000008dd00000, 0x000000008dd00000| Untracked 
| 222|0x000000008de00000, 0x000000008de00000, 0x000000008df00000|  0%| F|  |TAMS 0x000000008de00000, 0x000000008de00000| Untracked 
| 223|0x000000008df00000, 0x000000008df00000, 0x000000008e000000|  0%| F|  |TAMS 0x000000008df00000, 0x000000008df00000| Untracked 
| 224|0x000000008e000000, 0x000000008e000000, 0x000000008e100000|  0%| F|  |TAMS 0x000000008e000000, 0x000000008e000000| Untracked 
| 225|0x000000008e100000, 0x000000008e100000, 0x000000008e200000|  0%| F|  |TAMS 0x000000008e100000, 0x000000008e100000| Untracked 
| 226|0x000000008e200000, 0x000000008e200000, 0x000000008e300000|  0%| F|  |TAMS 0x000000008e200000, 0x000000008e200000| Untracked 
| 227|0x000000008e300000, 0x000000008e300000, 0x000000008e400000|  0%| F|  |TAMS 0x000000008e300000, 0x000000008e300000| Untracked 
| 228|0x000000008e400000, 0x000000008e400000, 0x000000008e500000|  0%| F|  |TAMS 0x000000008e400000, 0x000000008e400000| Untracked 
| 229|0x000000008e500000, 0x000000008e500000, 0x000000008e600000|  0%| F|  |TAMS 0x000000008e500000, 0x000000008e500000| Untracked 
| 230|0x000000008e600000, 0x000000008e600000, 0x000000008e700000|  0%| F|  |TAMS 0x000000008e600000, 0x000000008e600000| Untracked 
| 231|0x000000008e700000, 0x000000008e700000, 0x000000008e800000|  0%| F|  |TAMS 0x000000008e700000, 0x000000008e700000| Untracked 
| 232|0x000000008e800000, 0x000000008e800000, 0x000000008e900000|  0%| F|  |TAMS 0x000000008e800000, 0x000000008e800000| Untracked 
| 233|0x000000008e900000, 0x000000008e900000, 0x000000008ea00000|  0%| F|  |TAMS 0x000000008e900000, 0x000000008e900000| Untracked 
| 234|0x000000008ea00000, 0x000000008ea00000, 0x000000008eb00000|  0%| F|  |TAMS 0x000000008ea00000, 0x000000008ea00000| Untracked 
| 235|0x000000008eb00000, 0x000000008eb00000, 0x000000008ec00000|  0%| F|  |TAMS 0x000000008eb00000, 0x000000008eb00000| Untracked 
| 236|0x000000008ec00000, 0x000000008ec00000, 0x000000008ed00000|  0%| F|  |TAMS 0x000000008ec00000, 0x000000008ec00000| Untracked 
| 237|0x000000008ed00000, 0x000000008ee00000, 0x000000008ee00000|100%| O|  |TAMS 0x000000008ee00000, 0x000000008ed00000| Untracked 
| 238|0x000000008ee00000, 0x000000008ef00000, 0x000000008ef00000|100%| O|  |TAMS 0x000000008ef00000, 0x000000008ee00000| Untracked 
| 239|0x000000008ef00000, 0x000000008f000000, 0x000000008f000000|100%| O|  |TAMS 0x000000008f000000, 0x000000008ef00000| Complete 
| 240|0x000000008f000000, 0x000000008f000000, 0x000000008f100000|  0%| F|  |TAMS 0x000000008f000000, 0x000000008f000000| Untracked 
| 241|0x000000008f100000, 0x000000008f100000, 0x000000008f200000|  0%| F|  |TAMS 0x000000008f100000, 0x000000008f100000| Untracked 
| 242|0x000000008f200000, 0x000000008f200000, 0x000000008f300000|  0%| F|  |TAMS 0x000000008f200000, 0x000000008f200000| Untracked 
| 243|0x000000008f300000, 0x000000008f300000, 0x000000008f400000|  0%| F|  |TAMS 0x000000008f300000, 0x000000008f300000| Untracked 
| 244|0x000000008f400000, 0x000000008f400000, 0x000000008f500000|  0%| F|  |TAMS 0x000000008f400000, 0x000000008f400000| Untracked 
| 245|0x000000008f500000, 0x000000008f500000, 0x000000008f600000|  0%| F|  |TAMS 0x000000008f500000, 0x000000008f500000| Untracked 
| 246|0x000000008f600000, 0x000000008f600000, 0x000000008f700000|  0%| F|  |TAMS 0x000000008f600000, 0x000000008f600000| Untracked 
| 247|0x000000008f700000, 0x000000008f700000, 0x000000008f800000|  0%| F|  |TAMS 0x000000008f700000, 0x000000008f700000| Untracked 
| 248|0x000000008f800000, 0x000000008f800000, 0x000000008f900000|  0%| F|  |TAMS 0x000000008f800000, 0x000000008f800000| Untracked 
| 249|0x000000008f900000, 0x000000008f900000, 0x000000008fa00000|  0%| F|  |TAMS 0x000000008f900000, 0x000000008f900000| Untracked 
| 250|0x000000008fa00000, 0x000000008fa00000, 0x000000008fb00000|  0%| F|  |TAMS 0x000000008fa00000, 0x000000008fa00000| Untracked 
| 251|0x000000008fb00000, 0x000000008fb00000, 0x000000008fc00000|  0%| F|  |TAMS 0x000000008fb00000, 0x000000008fb00000| Untracked 
| 252|0x000000008fc00000, 0x000000008fc00000, 0x000000008fd00000|  0%| F|  |TAMS 0x000000008fc00000, 0x000000008fc00000| Untracked 
| 253|0x000000008fd00000, 0x000000008fd00000, 0x000000008fe00000|  0%| F|  |TAMS 0x000000008fd00000, 0x000000008fd00000| Untracked 
| 254|0x000000008fe00000, 0x000000008fe00000, 0x000000008ff00000|  0%| F|  |TAMS 0x000000008fe00000, 0x000000008fe00000| Untracked 
| 255|0x000000008ff00000, 0x000000008ff00000, 0x0000000090000000|  0%| F|  |TAMS 0x000000008ff00000, 0x000000008ff00000| Untracked 
| 256|0x0000000090000000, 0x0000000090000000, 0x0000000090100000|  0%| F|  |TAMS 0x0000000090000000, 0x0000000090000000| Untracked 
| 257|0x0000000090100000, 0x0000000090200000, 0x0000000090200000|100%| O|  |TAMS 0x0000000090100000, 0x0000000090100000| Untracked 
| 258|0x0000000090200000, 0x0000000090300000, 0x0000000090300000|100%| O|  |TAMS 0x0000000090200000, 0x0000000090200000| Untracked 
| 259|0x0000000090300000, 0x0000000090400000, 0x0000000090400000|100%| O|  |TAMS 0x0000000090300000, 0x0000000090300000| Untracked 
| 260|0x0000000090400000, 0x0000000090500000, 0x0000000090500000|100%| O|  |TAMS 0x0000000090400000, 0x0000000090400000| Untracked 
| 261|0x0000000090500000, 0x0000000090541600, 0x0000000090600000| 25%| O|  |TAMS 0x0000000090500000, 0x0000000090500000| Untracked 
| 262|0x0000000090600000, 0x0000000090600000, 0x0000000090700000|  0%| F|  |TAMS 0x0000000090600000, 0x0000000090600000| Untracked 
| 263|0x0000000090700000, 0x0000000090700000, 0x0000000090800000|  0%| F|  |TAMS 0x0000000090700000, 0x0000000090700000| Untracked 
| 264|0x0000000090800000, 0x0000000090800000, 0x0000000090900000|  0%| F|  |TAMS 0x0000000090800000, 0x0000000090800000| Untracked 
| 265|0x0000000090900000, 0x0000000090900000, 0x0000000090a00000|  0%| F|  |TAMS 0x0000000090900000, 0x0000000090900000| Untracked 
| 266|0x0000000090a00000, 0x0000000090a00000, 0x0000000090b00000|  0%| F|  |TAMS 0x0000000090a00000, 0x0000000090a00000| Untracked 
| 267|0x0000000090b00000, 0x0000000090b00000, 0x0000000090c00000|  0%| F|  |TAMS 0x0000000090b00000, 0x0000000090b00000| Untracked 
| 268|0x0000000090c00000, 0x0000000090c00000, 0x0000000090d00000|  0%| F|  |TAMS 0x0000000090c00000, 0x0000000090c00000| Untracked 
| 269|0x0000000090d00000, 0x0000000090d00000, 0x0000000090e00000|  0%| F|  |TAMS 0x0000000090d00000, 0x0000000090d00000| Untracked 
| 270|0x0000000090e00000, 0x0000000090e00000, 0x0000000090f00000|  0%| F|  |TAMS 0x0000000090e00000, 0x0000000090e00000| Untracked 
| 271|0x0000000090f00000, 0x0000000090f00000, 0x0000000091000000|  0%| F|  |TAMS 0x0000000090f00000, 0x0000000090f00000| Untracked 
| 272|0x0000000091000000, 0x0000000091000000, 0x0000000091100000|  0%| F|  |TAMS 0x0000000091000000, 0x0000000091000000| Untracked 
| 273|0x0000000091100000, 0x0000000091100000, 0x0000000091200000|  0%| F|  |TAMS 0x0000000091100000, 0x0000000091100000| Untracked 
| 274|0x0000000091200000, 0x0000000091200000, 0x0000000091300000|  0%| F|  |TAMS 0x0000000091200000, 0x0000000091200000| Untracked 
| 275|0x0000000091300000, 0x0000000091300000, 0x0000000091400000|  0%| F|  |TAMS 0x0000000091300000, 0x0000000091300000| Untracked 
| 276|0x0000000091400000, 0x0000000091400000, 0x0000000091500000|  0%| F|  |TAMS 0x0000000091400000, 0x0000000091400000| Untracked 
| 277|0x0000000091500000, 0x0000000091500000, 0x0000000091600000|  0%| F|  |TAMS 0x0000000091500000, 0x0000000091500000| Untracked 
| 278|0x0000000091600000, 0x0000000091600000, 0x0000000091700000|  0%| F|  |TAMS 0x0000000091600000, 0x0000000091600000| Untracked 
| 279|0x0000000091700000, 0x0000000091700000, 0x0000000091800000|  0%| F|  |TAMS 0x0000000091700000, 0x0000000091700000| Untracked 
| 280|0x0000000091800000, 0x0000000091800000, 0x0000000091900000|  0%| F|  |TAMS 0x0000000091800000, 0x0000000091800000| Untracked 
| 281|0x0000000091900000, 0x0000000091900000, 0x0000000091a00000|  0%| F|  |TAMS 0x0000000091900000, 0x0000000091900000| Untracked 
| 282|0x0000000091a00000, 0x0000000091a00000, 0x0000000091b00000|  0%| F|  |TAMS 0x0000000091a00000, 0x0000000091a00000| Untracked 
| 283|0x0000000091b00000, 0x0000000091b00000, 0x0000000091c00000|  0%| F|  |TAMS 0x0000000091b00000, 0x0000000091b00000| Untracked 
| 284|0x0000000091c00000, 0x0000000091c00000, 0x0000000091d00000|  0%| F|  |TAMS 0x0000000091c00000, 0x0000000091c00000| Untracked 
| 285|0x0000000091d00000, 0x0000000091d00000, 0x0000000091e00000|  0%| F|  |TAMS 0x0000000091d00000, 0x0000000091d00000| Untracked 
| 286|0x0000000091e00000, 0x0000000091e00000, 0x0000000091f00000|  0%| F|  |TAMS 0x0000000091e00000, 0x0000000091e00000| Untracked 
| 287|0x0000000091f00000, 0x0000000091f00000, 0x0000000092000000|  0%| F|  |TAMS 0x0000000091f00000, 0x0000000091f00000| Untracked 
| 288|0x0000000092000000, 0x0000000092000000, 0x0000000092100000|  0%| F|  |TAMS 0x0000000092000000, 0x0000000092000000| Untracked 
| 289|0x0000000092100000, 0x0000000092100000, 0x0000000092200000|  0%| F|  |TAMS 0x0000000092100000, 0x0000000092100000| Untracked 
| 290|0x0000000092200000, 0x0000000092200000, 0x0000000092300000|  0%| F|  |TAMS 0x0000000092200000, 0x0000000092200000| Untracked 
| 291|0x0000000092300000, 0x0000000092300000, 0x0000000092400000|  0%| F|  |TAMS 0x0000000092300000, 0x0000000092300000| Untracked 
| 292|0x0000000092400000, 0x0000000092400000, 0x0000000092500000|  0%| F|  |TAMS 0x0000000092400000, 0x0000000092400000| Untracked 
| 293|0x0000000092500000, 0x0000000092500000, 0x0000000092600000|  0%| F|  |TAMS 0x0000000092500000, 0x0000000092500000| Untracked 
| 294|0x0000000092600000, 0x0000000092600000, 0x0000000092700000|  0%| F|  |TAMS 0x0000000092600000, 0x0000000092600000| Untracked 
| 295|0x0000000092700000, 0x0000000092700000, 0x0000000092800000|  0%| F|  |TAMS 0x0000000092700000, 0x0000000092700000| Untracked 
| 296|0x0000000092800000, 0x0000000092800000, 0x0000000092900000|  0%| F|  |TAMS 0x0000000092800000, 0x0000000092800000| Untracked 
| 297|0x0000000092900000, 0x0000000092900000, 0x0000000092a00000|  0%| F|  |TAMS 0x0000000092900000, 0x0000000092900000| Untracked 
| 298|0x0000000092a00000, 0x0000000092a00000, 0x0000000092b00000|  0%| F|  |TAMS 0x0000000092a00000, 0x0000000092a00000| Untracked 
| 299|0x0000000092b00000, 0x0000000092b00000, 0x0000000092c00000|  0%| F|  |TAMS 0x0000000092b00000, 0x0000000092b00000| Untracked 
| 300|0x0000000092c00000, 0x0000000092c00000, 0x0000000092d00000|  0%| F|  |TAMS 0x0000000092c00000, 0x0000000092c00000| Untracked 
| 301|0x0000000092d00000, 0x0000000092d00000, 0x0000000092e00000|  0%| F|  |TAMS 0x0000000092d00000, 0x0000000092d00000| Untracked 
| 302|0x0000000092e00000, 0x0000000092e00000, 0x0000000092f00000|  0%| F|  |TAMS 0x0000000092e00000, 0x0000000092e00000| Untracked 
| 303|0x0000000092f00000, 0x0000000092f00000, 0x0000000093000000|  0%| F|  |TAMS 0x0000000092f00000, 0x0000000092f00000| Untracked 
| 304|0x0000000093000000, 0x0000000093000000, 0x0000000093100000|  0%| F|  |TAMS 0x0000000093000000, 0x0000000093000000| Untracked 
| 305|0x0000000093100000, 0x0000000093100000, 0x0000000093200000|  0%| F|  |TAMS 0x0000000093100000, 0x0000000093100000| Untracked 
| 306|0x0000000093200000, 0x0000000093200000, 0x0000000093300000|  0%| F|  |TAMS 0x0000000093200000, 0x0000000093200000| Untracked 
| 307|0x0000000093300000, 0x0000000093300000, 0x0000000093400000|  0%| F|  |TAMS 0x0000000093300000, 0x0000000093300000| Untracked 
| 308|0x0000000093400000, 0x0000000093400000, 0x0000000093500000|  0%| F|  |TAMS 0x0000000093400000, 0x0000000093400000| Untracked 
| 309|0x0000000093500000, 0x0000000093500000, 0x0000000093600000|  0%| F|  |TAMS 0x0000000093500000, 0x0000000093500000| Untracked 
| 310|0x0000000093600000, 0x0000000093600000, 0x0000000093700000|  0%| F|  |TAMS 0x0000000093600000, 0x0000000093600000| Untracked 
| 311|0x0000000093700000, 0x0000000093700000, 0x0000000093800000|  0%| F|  |TAMS 0x0000000093700000, 0x0000000093700000| Untracked 
| 312|0x0000000093800000, 0x0000000093800000, 0x0000000093900000|  0%| F|  |TAMS 0x0000000093800000, 0x0000000093800000| Untracked 
| 313|0x0000000093900000, 0x0000000093900000, 0x0000000093a00000|  0%| F|  |TAMS 0x0000000093900000, 0x0000000093900000| Untracked 
| 314|0x0000000093a00000, 0x0000000093a00000, 0x0000000093b00000|  0%| F|  |TAMS 0x0000000093a00000, 0x0000000093a00000| Untracked 
| 315|0x0000000093b00000, 0x0000000093b00000, 0x0000000093c00000|  0%| F|  |TAMS 0x0000000093b00000, 0x0000000093b00000| Untracked 
| 316|0x0000000093c00000, 0x0000000093c00000, 0x0000000093d00000|  0%| F|  |TAMS 0x0000000093c00000, 0x0000000093c00000| Untracked 
| 317|0x0000000093d00000, 0x0000000093d00000, 0x0000000093e00000|  0%| F|  |TAMS 0x0000000093d00000, 0x0000000093d00000| Untracked 
| 318|0x0000000093e00000, 0x0000000093e00000, 0x0000000093f00000|  0%| F|  |TAMS 0x0000000093e00000, 0x0000000093e00000| Untracked 
| 319|0x0000000093f00000, 0x0000000093f00000, 0x0000000094000000|  0%| F|  |TAMS 0x0000000093f00000, 0x0000000093f00000| Untracked 
| 320|0x0000000094000000, 0x0000000094000000, 0x0000000094100000|  0%| F|  |TAMS 0x0000000094000000, 0x0000000094000000| Untracked 
| 321|0x0000000094100000, 0x0000000094100000, 0x0000000094200000|  0%| F|  |TAMS 0x0000000094100000, 0x0000000094100000| Untracked 
| 322|0x0000000094200000, 0x0000000094200000, 0x0000000094300000|  0%| F|  |TAMS 0x0000000094200000, 0x0000000094200000| Untracked 
| 323|0x0000000094300000, 0x0000000094300000, 0x0000000094400000|  0%| F|  |TAMS 0x0000000094300000, 0x0000000094300000| Untracked 
| 324|0x0000000094400000, 0x0000000094400000, 0x0000000094500000|  0%| F|  |TAMS 0x0000000094400000, 0x0000000094400000| Untracked 
| 325|0x0000000094500000, 0x0000000094500000, 0x0000000094600000|  0%| F|  |TAMS 0x0000000094500000, 0x0000000094500000| Untracked 
| 326|0x0000000094600000, 0x0000000094600000, 0x0000000094700000|  0%| F|  |TAMS 0x0000000094600000, 0x0000000094600000| Untracked 
| 327|0x0000000094700000, 0x0000000094700000, 0x0000000094800000|  0%| F|  |TAMS 0x0000000094700000, 0x0000000094700000| Untracked 
| 328|0x0000000094800000, 0x0000000094800000, 0x0000000094900000|  0%| F|  |TAMS 0x0000000094800000, 0x0000000094800000| Untracked 
| 329|0x0000000094900000, 0x0000000094900000, 0x0000000094a00000|  0%| F|  |TAMS 0x0000000094900000, 0x0000000094900000| Untracked 
| 330|0x0000000094a00000, 0x0000000094a00000, 0x0000000094b00000|  0%| F|  |TAMS 0x0000000094a00000, 0x0000000094a00000| Untracked 
| 331|0x0000000094b00000, 0x0000000094b00000, 0x0000000094c00000|  0%| F|  |TAMS 0x0000000094b00000, 0x0000000094b00000| Untracked 
| 332|0x0000000094c00000, 0x0000000094c00000, 0x0000000094d00000|  0%| F|  |TAMS 0x0000000094c00000, 0x0000000094c00000| Untracked 
| 333|0x0000000094d00000, 0x0000000094d00000, 0x0000000094e00000|  0%| F|  |TAMS 0x0000000094d00000, 0x0000000094d00000| Untracked 
| 334|0x0000000094e00000, 0x0000000094e00000, 0x0000000094f00000|  0%| F|  |TAMS 0x0000000094e00000, 0x0000000094e00000| Untracked 
| 335|0x0000000094f00000, 0x0000000094f00000, 0x0000000095000000|  0%| F|  |TAMS 0x0000000094f00000, 0x0000000094f00000| Untracked 
| 336|0x0000000095000000, 0x0000000095000000, 0x0000000095100000|  0%| F|  |TAMS 0x0000000095000000, 0x0000000095000000| Untracked 
| 337|0x0000000095100000, 0x0000000095100000, 0x0000000095200000|  0%| F|  |TAMS 0x0000000095100000, 0x0000000095100000| Untracked 
| 338|0x0000000095200000, 0x0000000095200000, 0x0000000095300000|  0%| F|  |TAMS 0x0000000095200000, 0x0000000095200000| Untracked 
| 339|0x0000000095300000, 0x0000000095300000, 0x0000000095400000|  0%| F|  |TAMS 0x0000000095300000, 0x0000000095300000| Untracked 
| 340|0x0000000095400000, 0x0000000095400000, 0x0000000095500000|  0%| F|  |TAMS 0x0000000095400000, 0x0000000095400000| Untracked 
| 341|0x0000000095500000, 0x0000000095500000, 0x0000000095600000|  0%| F|  |TAMS 0x0000000095500000, 0x0000000095500000| Untracked 
| 342|0x0000000095600000, 0x0000000095600000, 0x0000000095700000|  0%| F|  |TAMS 0x0000000095600000, 0x0000000095600000| Untracked 
| 343|0x0000000095700000, 0x0000000095700000, 0x0000000095800000|  0%| F|  |TAMS 0x0000000095700000, 0x0000000095700000| Untracked 
| 344|0x0000000095800000, 0x0000000095800000, 0x0000000095900000|  0%| F|  |TAMS 0x0000000095800000, 0x0000000095800000| Untracked 
| 345|0x0000000095900000, 0x0000000095900000, 0x0000000095a00000|  0%| F|  |TAMS 0x0000000095900000, 0x0000000095900000| Untracked 
| 346|0x0000000095a00000, 0x0000000095a00000, 0x0000000095b00000|  0%| F|  |TAMS 0x0000000095a00000, 0x0000000095a00000| Untracked 
| 347|0x0000000095b00000, 0x0000000095b00000, 0x0000000095c00000|  0%| F|  |TAMS 0x0000000095b00000, 0x0000000095b00000| Untracked 
| 348|0x0000000095c00000, 0x0000000095c00000, 0x0000000095d00000|  0%| F|  |TAMS 0x0000000095c00000, 0x0000000095c00000| Untracked 
| 349|0x0000000095d00000, 0x0000000095d00000, 0x0000000095e00000|  0%| F|  |TAMS 0x0000000095d00000, 0x0000000095d00000| Untracked 
| 350|0x0000000095e00000, 0x0000000095e00000, 0x0000000095f00000|  0%| F|  |TAMS 0x0000000095e00000, 0x0000000095e00000| Untracked 
| 351|0x0000000095f00000, 0x0000000095f00000, 0x0000000096000000|  0%| F|  |TAMS 0x0000000095f00000, 0x0000000095f00000| Untracked 
| 352|0x0000000096000000, 0x0000000096000000, 0x0000000096100000|  0%| F|  |TAMS 0x0000000096000000, 0x0000000096000000| Untracked 
| 353|0x0000000096100000, 0x0000000096100000, 0x0000000096200000|  0%| F|  |TAMS 0x0000000096100000, 0x0000000096100000| Untracked 
| 354|0x0000000096200000, 0x0000000096200000, 0x0000000096300000|  0%| F|  |TAMS 0x0000000096200000, 0x0000000096200000| Untracked 
| 355|0x0000000096300000, 0x0000000096300000, 0x0000000096400000|  0%| F|  |TAMS 0x0000000096300000, 0x0000000096300000| Untracked 
| 356|0x0000000096400000, 0x0000000096400000, 0x0000000096500000|  0%| F|  |TAMS 0x0000000096400000, 0x0000000096400000| Untracked 
| 357|0x0000000096500000, 0x0000000096500000, 0x0000000096600000|  0%| F|  |TAMS 0x0000000096500000, 0x0000000096500000| Untracked 
| 358|0x0000000096600000, 0x0000000096600000, 0x0000000096700000|  0%| F|  |TAMS 0x0000000096600000, 0x0000000096600000| Untracked 
| 359|0x0000000096700000, 0x0000000096700000, 0x0000000096800000|  0%| F|  |TAMS 0x0000000096700000, 0x0000000096700000| Untracked 
| 360|0x0000000096800000, 0x0000000096800000, 0x0000000096900000|  0%| F|  |TAMS 0x0000000096800000, 0x0000000096800000| Untracked 
| 361|0x0000000096900000, 0x0000000096900000, 0x0000000096a00000|  0%| F|  |TAMS 0x0000000096900000, 0x0000000096900000| Untracked 
| 362|0x0000000096a00000, 0x0000000096a00000, 0x0000000096b00000|  0%| F|  |TAMS 0x0000000096a00000, 0x0000000096a00000| Untracked 
| 363|0x0000000096b00000, 0x0000000096b00000, 0x0000000096c00000|  0%| F|  |TAMS 0x0000000096b00000, 0x0000000096b00000| Untracked 
| 364|0x0000000096c00000, 0x0000000096c00000, 0x0000000096d00000|  0%| F|  |TAMS 0x0000000096c00000, 0x0000000096c00000| Untracked 
| 365|0x0000000096d00000, 0x0000000096d00000, 0x0000000096e00000|  0%| F|  |TAMS 0x0000000096d00000, 0x0000000096d00000| Untracked 
| 366|0x0000000096e00000, 0x0000000096e00000, 0x0000000096f00000|  0%| F|  |TAMS 0x0000000096e00000, 0x0000000096e00000| Untracked 
| 367|0x0000000096f00000, 0x0000000096f00000, 0x0000000097000000|  0%| F|  |TAMS 0x0000000096f00000, 0x0000000096f00000| Untracked 
| 368|0x0000000097000000, 0x0000000097000000, 0x0000000097100000|  0%| F|  |TAMS 0x0000000097000000, 0x0000000097000000| Untracked 
| 369|0x0000000097100000, 0x0000000097100000, 0x0000000097200000|  0%| F|  |TAMS 0x0000000097100000, 0x0000000097100000| Untracked 
| 370|0x0000000097200000, 0x0000000097200000, 0x0000000097300000|  0%| F|  |TAMS 0x0000000097200000, 0x0000000097200000| Untracked 
| 371|0x0000000097300000, 0x0000000097300000, 0x0000000097400000|  0%| F|  |TAMS 0x0000000097300000, 0x0000000097300000| Untracked 
| 372|0x0000000097400000, 0x0000000097400000, 0x0000000097500000|  0%| F|  |TAMS 0x0000000097400000, 0x0000000097400000| Untracked 
| 373|0x0000000097500000, 0x0000000097500000, 0x0000000097600000|  0%| F|  |TAMS 0x0000000097500000, 0x0000000097500000| Untracked 
| 374|0x0000000097600000, 0x0000000097600000, 0x0000000097700000|  0%| F|  |TAMS 0x0000000097600000, 0x0000000097600000| Untracked 
| 375|0x0000000097700000, 0x0000000097700000, 0x0000000097800000|  0%| F|  |TAMS 0x0000000097700000, 0x0000000097700000| Untracked 
| 376|0x0000000097800000, 0x0000000097800000, 0x0000000097900000|  0%| F|  |TAMS 0x0000000097800000, 0x0000000097800000| Untracked 
| 377|0x0000000097900000, 0x0000000097900000, 0x0000000097a00000|  0%| F|  |TAMS 0x0000000097900000, 0x0000000097900000| Untracked 
| 378|0x0000000097a00000, 0x0000000097a00000, 0x0000000097b00000|  0%| F|  |TAMS 0x0000000097a00000, 0x0000000097a00000| Untracked 
| 379|0x0000000097b00000, 0x0000000097b00000, 0x0000000097c00000|  0%| F|  |TAMS 0x0000000097b00000, 0x0000000097b00000| Untracked 
| 380|0x0000000097c00000, 0x0000000097c00000, 0x0000000097d00000|  0%| F|  |TAMS 0x0000000097c00000, 0x0000000097c00000| Untracked 
| 381|0x0000000097d00000, 0x0000000097d00000, 0x0000000097e00000|  0%| F|  |TAMS 0x0000000097d00000, 0x0000000097d00000| Untracked 
| 382|0x0000000097e00000, 0x0000000097e00000, 0x0000000097f00000|  0%| F|  |TAMS 0x0000000097e00000, 0x0000000097e00000| Untracked 
| 383|0x0000000097f00000, 0x0000000097f00000, 0x0000000098000000|  0%| F|  |TAMS 0x0000000097f00000, 0x0000000097f00000| Untracked 
| 384|0x0000000098000000, 0x0000000098000000, 0x0000000098100000|  0%| F|  |TAMS 0x0000000098000000, 0x0000000098000000| Untracked 
| 385|0x0000000098100000, 0x0000000098100000, 0x0000000098200000|  0%| F|  |TAMS 0x0000000098100000, 0x0000000098100000| Untracked 
| 386|0x0000000098200000, 0x0000000098200000, 0x0000000098300000|  0%| F|  |TAMS 0x0000000098200000, 0x0000000098200000| Untracked 
| 387|0x0000000098300000, 0x0000000098300000, 0x0000000098400000|  0%| F|  |TAMS 0x0000000098300000, 0x0000000098300000| Untracked 
| 388|0x0000000098400000, 0x0000000098400000, 0x0000000098500000|  0%| F|  |TAMS 0x0000000098400000, 0x0000000098400000| Untracked 
| 389|0x0000000098500000, 0x0000000098500000, 0x0000000098600000|  0%| F|  |TAMS 0x0000000098500000, 0x0000000098500000| Untracked 
| 390|0x0000000098600000, 0x0000000098600000, 0x0000000098700000|  0%| F|  |TAMS 0x0000000098600000, 0x0000000098600000| Untracked 
| 391|0x0000000098700000, 0x0000000098700000, 0x0000000098800000|  0%| F|  |TAMS 0x0000000098700000, 0x0000000098700000| Untracked 
| 392|0x0000000098800000, 0x0000000098800000, 0x0000000098900000|  0%| F|  |TAMS 0x0000000098800000, 0x0000000098800000| Untracked 
| 393|0x0000000098900000, 0x0000000098900000, 0x0000000098a00000|  0%| F|  |TAMS 0x0000000098900000, 0x0000000098900000| Untracked 
| 394|0x0000000098a00000, 0x0000000098a00000, 0x0000000098b00000|  0%| F|  |TAMS 0x0000000098a00000, 0x0000000098a00000| Untracked 
| 395|0x0000000098b00000, 0x0000000098b00000, 0x0000000098c00000|  0%| F|  |TAMS 0x0000000098b00000, 0x0000000098b00000| Untracked 
| 396|0x0000000098c00000, 0x0000000098c00000, 0x0000000098d00000|  0%| F|  |TAMS 0x0000000098c00000, 0x0000000098c00000| Untracked 
| 397|0x0000000098d00000, 0x0000000098d00000, 0x0000000098e00000|  0%| F|  |TAMS 0x0000000098d00000, 0x0000000098d00000| Untracked 
| 398|0x0000000098e00000, 0x0000000098e00000, 0x0000000098f00000|  0%| F|  |TAMS 0x0000000098e00000, 0x0000000098e00000| Untracked 
| 399|0x0000000098f00000, 0x0000000098f00000, 0x0000000099000000|  0%| F|  |TAMS 0x0000000098f00000, 0x0000000098f00000| Untracked 
| 400|0x0000000099000000, 0x00000000990dc510, 0x0000000099100000| 86%| S|CS|TAMS 0x0000000099000000, 0x0000000099000000| Complete 
| 401|0x0000000099100000, 0x0000000099100000, 0x0000000099200000|  0%| F|  |TAMS 0x0000000099100000, 0x0000000099100000| Untracked 
| 402|0x0000000099200000, 0x0000000099200000, 0x0000000099300000|  0%| F|  |TAMS 0x0000000099200000, 0x0000000099200000| Untracked 
| 403|0x0000000099300000, 0x0000000099300000, 0x0000000099400000|  0%| F|  |TAMS 0x0000000099300000, 0x0000000099300000| Untracked 
| 404|0x0000000099400000, 0x0000000099400000, 0x0000000099500000|  0%| F|  |TAMS 0x0000000099400000, 0x0000000099400000| Untracked 
| 405|0x0000000099500000, 0x0000000099500000, 0x0000000099600000|  0%| F|  |TAMS 0x0000000099500000, 0x0000000099500000| Untracked 
| 406|0x0000000099600000, 0x0000000099600000, 0x0000000099700000|  0%| F|  |TAMS 0x0000000099600000, 0x0000000099600000| Untracked 
| 407|0x0000000099700000, 0x0000000099700000, 0x0000000099800000|  0%| F|  |TAMS 0x0000000099700000, 0x0000000099700000| Untracked 
| 408|0x0000000099800000, 0x0000000099800000, 0x0000000099900000|  0%| F|  |TAMS 0x0000000099800000, 0x0000000099800000| Untracked 
| 409|0x0000000099900000, 0x0000000099900000, 0x0000000099a00000|  0%| F|  |TAMS 0x0000000099900000, 0x0000000099900000| Untracked 
| 410|0x0000000099a00000, 0x0000000099a00000, 0x0000000099b00000|  0%| F|  |TAMS 0x0000000099a00000, 0x0000000099a00000| Untracked 
| 411|0x0000000099b00000, 0x0000000099b00000, 0x0000000099c00000|  0%| F|  |TAMS 0x0000000099b00000, 0x0000000099b00000| Untracked 
| 412|0x0000000099c00000, 0x0000000099c00000, 0x0000000099d00000|  0%| F|  |TAMS 0x0000000099c00000, 0x0000000099c00000| Untracked 
| 413|0x0000000099d00000, 0x0000000099d00000, 0x0000000099e00000|  0%| F|  |TAMS 0x0000000099d00000, 0x0000000099d00000| Untracked 
| 414|0x0000000099e00000, 0x0000000099e00000, 0x0000000099f00000|  0%| F|  |TAMS 0x0000000099e00000, 0x0000000099e00000| Untracked 
| 415|0x0000000099f00000, 0x0000000099f00000, 0x000000009a000000|  0%| F|  |TAMS 0x0000000099f00000, 0x0000000099f00000| Untracked 
| 416|0x000000009a000000, 0x000000009a000000, 0x000000009a100000|  0%| F|  |TAMS 0x000000009a000000, 0x000000009a000000| Untracked 
| 417|0x000000009a100000, 0x000000009a100000, 0x000000009a200000|  0%| F|  |TAMS 0x000000009a100000, 0x000000009a100000| Untracked 
| 418|0x000000009a200000, 0x000000009a200000, 0x000000009a300000|  0%| F|  |TAMS 0x000000009a200000, 0x000000009a200000| Untracked 
| 419|0x000000009a300000, 0x000000009a300000, 0x000000009a400000|  0%| F|  |TAMS 0x000000009a300000, 0x000000009a300000| Untracked 
| 420|0x000000009a400000, 0x000000009a400000, 0x000000009a500000|  0%| F|  |TAMS 0x000000009a400000, 0x000000009a400000| Untracked 
| 421|0x000000009a500000, 0x000000009a500000, 0x000000009a600000|  0%| F|  |TAMS 0x000000009a500000, 0x000000009a500000| Untracked 
| 422|0x000000009a600000, 0x000000009a600000, 0x000000009a700000|  0%| F|  |TAMS 0x000000009a600000, 0x000000009a600000| Untracked 
| 423|0x000000009a700000, 0x000000009a700000, 0x000000009a800000|  0%| F|  |TAMS 0x000000009a700000, 0x000000009a700000| Untracked 
| 424|0x000000009a800000, 0x000000009a800000, 0x000000009a900000|  0%| F|  |TAMS 0x000000009a800000, 0x000000009a800000| Untracked 
| 425|0x000000009a900000, 0x000000009a900000, 0x000000009aa00000|  0%| F|  |TAMS 0x000000009a900000, 0x000000009a900000| Untracked 
| 426|0x000000009aa00000, 0x000000009aa00000, 0x000000009ab00000|  0%| F|  |TAMS 0x000000009aa00000, 0x000000009aa00000| Untracked 
| 427|0x000000009ab00000, 0x000000009ab00000, 0x000000009ac00000|  0%| F|  |TAMS 0x000000009ab00000, 0x000000009ab00000| Untracked 
| 428|0x000000009ac00000, 0x000000009ac00000, 0x000000009ad00000|  0%| F|  |TAMS 0x000000009ac00000, 0x000000009ac00000| Untracked 
| 429|0x000000009ad00000, 0x000000009ad00000, 0x000000009ae00000|  0%| F|  |TAMS 0x000000009ad00000, 0x000000009ad00000| Untracked 
| 430|0x000000009ae00000, 0x000000009ae00000, 0x000000009af00000|  0%| F|  |TAMS 0x000000009ae00000, 0x000000009ae00000| Untracked 
| 431|0x000000009af00000, 0x000000009af00000, 0x000000009b000000|  0%| F|  |TAMS 0x000000009af00000, 0x000000009af00000| Untracked 
| 432|0x000000009b000000, 0x000000009b000000, 0x000000009b100000|  0%| F|  |TAMS 0x000000009b000000, 0x000000009b000000| Untracked 
| 433|0x000000009b100000, 0x000000009b100000, 0x000000009b200000|  0%| F|  |TAMS 0x000000009b100000, 0x000000009b100000| Untracked 
| 434|0x000000009b200000, 0x000000009b200000, 0x000000009b300000|  0%| F|  |TAMS 0x000000009b200000, 0x000000009b200000| Untracked 
| 435|0x000000009b300000, 0x000000009b300000, 0x000000009b400000|  0%| F|  |TAMS 0x000000009b300000, 0x000000009b300000| Untracked 
| 436|0x000000009b400000, 0x000000009b400000, 0x000000009b500000|  0%| F|  |TAMS 0x000000009b400000, 0x000000009b400000| Untracked 
| 437|0x000000009b500000, 0x000000009b500000, 0x000000009b600000|  0%| F|  |TAMS 0x000000009b500000, 0x000000009b500000| Untracked 
| 438|0x000000009b600000, 0x000000009b600000, 0x000000009b700000|  0%| F|  |TAMS 0x000000009b600000, 0x000000009b600000| Untracked 
| 439|0x000000009b700000, 0x000000009b700000, 0x000000009b800000|  0%| F|  |TAMS 0x000000009b700000, 0x000000009b700000| Untracked 
| 440|0x000000009b800000, 0x000000009b800000, 0x000000009b900000|  0%| F|  |TAMS 0x000000009b800000, 0x000000009b800000| Untracked 
| 441|0x000000009b900000, 0x000000009b900000, 0x000000009ba00000|  0%| F|  |TAMS 0x000000009b900000, 0x000000009b900000| Untracked 
| 442|0x000000009ba00000, 0x000000009ba00000, 0x000000009bb00000|  0%| F|  |TAMS 0x000000009ba00000, 0x000000009ba00000| Untracked 
| 443|0x000000009bb00000, 0x000000009bb00000, 0x000000009bc00000|  0%| F|  |TAMS 0x000000009bb00000, 0x000000009bb00000| Untracked 
| 444|0x000000009bc00000, 0x000000009bc00000, 0x000000009bd00000|  0%| F|  |TAMS 0x000000009bc00000, 0x000000009bc00000| Untracked 
| 445|0x000000009bd00000, 0x000000009bd00000, 0x000000009be00000|  0%| F|  |TAMS 0x000000009bd00000, 0x000000009bd00000| Untracked 
| 446|0x000000009be00000, 0x000000009be00000, 0x000000009bf00000|  0%| F|  |TAMS 0x000000009be00000, 0x000000009be00000| Untracked 

Card table byte_map: [0x000001a39c1e0000,0x000001a39c5e0000] _byte_map_base: 0x000001a39bde0000

Marking Bits (Prev, Next): (CMBitMap*) 0x000001a3898a8858, (CMBitMap*) 0x000001a3898a8890
 Prev Bits: [0x000001a39c9e0000, 0x000001a39e9e0000)
 Next Bits: [0x000001a39e9e0000, 0x000001a3a09e0000)

Polling page: 0x000001a387660000

Metaspace:

Usage:
  Non-class:     96.56 MB capacity,    94.78 MB ( 98%) used,     1.44 MB (  1%) free+waste,   342.31 KB ( <1%) overhead. 
      Class:     14.36 MB capacity,    13.33 MB ( 93%) used,   900.14 KB (  6%) free+waste,   147.88 KB (  1%) overhead. 
       Both:    110.91 MB capacity,   108.11 MB ( 97%) used,     2.32 MB (  2%) free+waste,   490.19 KB ( <1%) overhead. 

Virtual space:
  Non-class space:       98.00 MB reserved,      96.79 MB ( 99%) committed 
      Class space:        1.00 GB reserved,      14.50 MB (  1%) committed 
             Both:        1.10 GB reserved,     111.29 MB ( 10%) committed 

Chunk freelists:
   Non-Class:  232.00 KB
       Class:  111.00 KB
        Both:  343.00 KB

MaxMetaspaceSize: 17179869184.00 GB
CompressedClassSpaceSize: 1.00 GB

CodeHeap 'non-profiled nmethods': size=120064Kb used=13337Kb max_used=13529Kb free=106726Kb
 bounds [0x000001a394ca0000, 0x000001a3959f0000, 0x000001a39c1e0000]
CodeHeap 'profiled nmethods': size=120000Kb used=32920Kb max_used=39187Kb free=87080Kb
 bounds [0x000001a38d770000, 0x000001a38fdf0000, 0x000001a394ca0000]
CodeHeap 'non-nmethods': size=5696Kb used=2294Kb max_used=2350Kb free=3402Kb
 bounds [0x000001a38d1e0000, 0x000001a38d450000, 0x000001a38d770000]
 total_blobs=18086 nmethods=17176 adapters=821
 compilation: enabled
              stopped_count=0, restarted_count=0
 full_count=0

Compilation events (20 events):
Event: 1922.241 Thread 0x000001a3a2dac000 21578       4       java.math.MutableBigInteger::add (346 bytes)
Event: 1922.328 Thread 0x000001a3a2dac000 nmethod 21578 0x000001a39527ff90 code [0x000001a395280160, 0x000001a3952810f8]
Event: 1948.234 Thread 0x000001a3a2db0000 21615       3       org.gradle.process.internal.health.memory.DefaultMemoryManager$OsMemoryListener::onOsMemoryStatus (25 bytes)
Event: 1948.235 Thread 0x000001a3a2db0000 nmethod 21615 0x000001a38df84590 code [0x000001a38df84760, 0x000001a38df849a8]
Event: 1948.235 Thread 0x000001a3a2db0000 21616       3       org.gradle.process.internal.health.memory.DefaultMemoryManager::getMemoryThresholdInBytes (15 bytes)
Event: 1948.235 Thread 0x000001a3a2db0000 nmethod 21616 0x000001a38dee5a90 code [0x000001a38dee5c40, 0x000001a38dee5e18]
Event: 1948.235 Thread 0x000001a3a2db0000 21617   !   3       org.gradle.process.internal.health.memory.DefaultMemoryManager::doRequestFreeMemory (168 bytes)
Event: 1948.239 Thread 0x000001a3a2db0000 nmethod 21617 0x000001a38e0c9290 code [0x000001a38e0c9620, 0x000001a38e0cb148]
Event: 1964.519 Thread 0x000001a3a2dac000 21618       4       java.util.concurrent.SynchronousQueue$TransferStack::clean (115 bytes)
Event: 1964.539 Thread 0x000001a3a2dac000 nmethod 21618 0x000001a395207190 code [0x000001a395207320, 0x000001a3952076d8]
Event: 2068.060 Thread 0x000001a3a2dac000 21619       4       java.util.concurrent.LinkedBlockingDeque$AbstractItr::hasNext (13 bytes)
Event: 2068.060 Thread 0x000001a3a2db0000 21620   !   3       org.gradle.launcher.daemon.registry.PersistentDaemonRegistry::getDaemonsMatching (104 bytes)
Event: 2068.061 Thread 0x000001a3a2dac000 nmethod 21619 0x000001a3951a6d10 code [0x000001a3951a6ea0, 0x000001a3951a6f18]
Event: 2068.063 Thread 0x000001a3a2db0000 nmethod 21620 0x000001a38dfecc90 code [0x000001a38dfecf20, 0x000001a38dfedb08]
Event: 2139.701 Thread 0x000001a3a2db0000 21621       3       jdk.internal.misc.SharedSecrets::getJavaObjectInputStreamAccess (18 bytes)
Event: 2139.701 Thread 0x000001a3a2db0000 nmethod 21621 0x000001a38dfe3290 code [0x000001a38dfe3460, 0x000001a38dfe3668]
Event: 2139.702 Thread 0x000001a3a2db0000 21622       3       java.io.ObjectInputStream$$Lambda$79/0x00000001001e7840::checkArray (7 bytes)
Event: 2139.702 Thread 0x000001a3a2db0000 nmethod 21622 0x000001a38dee9090 code [0x000001a38dee9240, 0x000001a38dee9388]
Event: 2139.723 Thread 0x000001a3a2dac000 21623       4       java.lang.ProcessEnvironment$NameComparator::compare (13 bytes)
Event: 2139.739 Thread 0x000001a3a2dac000 nmethod 21623 0x000001a39524bd10 code [0x000001a39524bf00, 0x000001a39524c458]

GC Heap History (20 events):
Event: 1913.052 GC heap after
{Heap after GC invocations=118 (full 0):
 garbage-first heap   total 457728K, used 90660K [0x0000000080000000, 0x0000000100000000)
  region size 1024K, 1 young (1024K), 1 survivors (1024K)
 Metaspace       used 110583K, capacity 113425K, committed 113956K, reserved 1148928K
  class space    used 13649K, capacity 14697K, committed 14848K, reserved 1048576K
}
Event: 1914.543 GC heap before
{Heap before GC invocations=119 (full 0):
 garbage-first heap   total 457728K, used 217636K [0x0000000080000000, 0x0000000100000000)
  region size 1024K, 94 young (96256K), 1 survivors (1024K)
 Metaspace       used 110612K, capacity 113496K, committed 113956K, reserved 1148928K
  class space    used 13649K, capacity 14697K, committed 14848K, reserved 1048576K
}
Event: 1914.847 GC heap after
{Heap after GC invocations=120 (full 0):
 garbage-first heap   total 457728K, used 156280K [0x0000000080000000, 0x0000000100000000)
  region size 1024K, 12 young (12288K), 12 survivors (12288K)
 Metaspace       used 110612K, capacity 113496K, committed 113956K, reserved 1148928K
  class space    used 13649K, capacity 14697K, committed 14848K, reserved 1048576K
}
Event: 1915.015 GC heap before
{Heap before GC invocations=120 (full 0):
 garbage-first heap   total 457728K, used 168568K [0x0000000080000000, 0x0000000100000000)
  region size 1024K, 22 young (22528K), 12 survivors (12288K)
 Metaspace       used 110612K, capacity 113496K, committed 113956K, reserved 1148928K
  class space    used 13649K, capacity 14697K, committed 14848K, reserved 1048576K
}
Event: 1915.266 GC heap after
{Heap after GC invocations=121 (full 0):
 garbage-first heap   total 457728K, used 163840K [0x0000000080000000, 0x0000000100000000)
  region size 1024K, 3 young (3072K), 3 survivors (3072K)
 Metaspace       used 110612K, capacity 113496K, committed 113956K, reserved 1148928K
  class space    used 13649K, capacity 14697K, committed 14848K, reserved 1048576K
}
Event: 1915.476 GC heap before
{Heap before GC invocations=121 (full 0):
 garbage-first heap   total 457728K, used 183296K [0x0000000080000000, 0x0000000100000000)
  region size 1024K, 22 young (22528K), 3 survivors (3072K)
 Metaspace       used 110612K, capacity 113496K, committed 113956K, reserved 1148928K
  class space    used 13649K, capacity 14697K, committed 14848K, reserved 1048576K
}
Event: 1915.548 GC heap after
{Heap after GC invocations=122 (full 0):
 garbage-first heap   total 457728K, used 174080K [0x0000000080000000, 0x0000000100000000)
  region size 1024K, 3 young (3072K), 3 survivors (3072K)
 Metaspace       used 110612K, capacity 113496K, committed 113956K, reserved 1148928K
  class space    used 13649K, capacity 14697K, committed 14848K, reserved 1048576K
}
Event: 1916.576 GC heap before
{Heap before GC invocations=122 (full 0):
 garbage-first heap   total 457728K, used 182272K [0x0000000080000000, 0x0000000100000000)
  region size 1024K, 22 young (22528K), 3 survivors (3072K)
 Metaspace       used 110641K, capacity 113498K, committed 113956K, reserved 1148928K
  class space    used 13649K, capacity 14697K, committed 14848K, reserved 1048576K
}
Event: 1916.662 GC heap after
{Heap after GC invocations=123 (full 0):
 garbage-first heap   total 457728K, used 169472K [0x0000000080000000, 0x0000000100000000)
  region size 1024K, 3 young (3072K), 3 survivors (3072K)
 Metaspace       used 110641K, capacity 113498K, committed 113956K, reserved 1148928K
  class space    used 13649K, capacity 14697K, committed 14848K, reserved 1048576K
}
Event: 1917.206 GC heap before
{Heap before GC invocations=124 (full 0):
 garbage-first heap   total 457728K, used 189952K [0x0000000080000000, 0x0000000100000000)
  region size 1024K, 22 young (22528K), 3 survivors (3072K)
 Metaspace       used 110643K, capacity 113498K, committed 113956K, reserved 1148928K
  class space    used 13649K, capacity 14697K, committed 14848K, reserved 1048576K
}
Event: 1917.319 GC heap after
{Heap after GC invocations=125 (full 0):
 garbage-first heap   total 457728K, used 179200K [0x0000000080000000, 0x0000000100000000)
  region size 1024K, 3 young (3072K), 3 survivors (3072K)
 Metaspace       used 110643K, capacity 113498K, committed 113956K, reserved 1148928K
  class space    used 13649K, capacity 14697K, committed 14848K, reserved 1048576K
}
Event: 1918.134 GC heap before
{Heap before GC invocations=125 (full 0):
 garbage-first heap   total 457728K, used 217088K [0x0000000080000000, 0x0000000100000000)
  region size 1024K, 22 young (22528K), 3 survivors (3072K)
 Metaspace       used 110649K, capacity 113498K, committed 113956K, reserved 1148928K
  class space    used 13649K, capacity 14697K, committed 14848K, reserved 1048576K
}
Event: 1918.200 GC heap after
{Heap after GC invocations=126 (full 0):
 garbage-first heap   total 457728K, used 196096K [0x0000000080000000, 0x0000000100000000)
  region size 1024K, 3 young (3072K), 3 survivors (3072K)
 Metaspace       used 110649K, capacity 113498K, committed 113956K, reserved 1148928K
  class space    used 13649K, capacity 14697K, committed 14848K, reserved 1048576K
}
Event: 1918.295 GC heap before
{Heap before GC invocations=126 (full 0):
 garbage-first heap   total 457728K, used 209408K [0x0000000080000000, 0x0000000100000000)
  region size 1024K, 18 young (18432K), 3 survivors (3072K)
 Metaspace       used 110649K, capacity 113498K, committed 113956K, reserved 1148928K
  class space    used 13649K, capacity 14697K, committed 14848K, reserved 1048576K
}
Event: 1918.319 GC heap after
{Heap after GC invocations=127 (full 0):
 garbage-first heap   total 457728K, used 197875K [0x0000000080000000, 0x0000000100000000)
  region size 1024K, 3 young (3072K), 3 survivors (3072K)
 Metaspace       used 110649K, capacity 113498K, committed 113956K, reserved 1148928K
  class space    used 13649K, capacity 14697K, committed 14848K, reserved 1048576K
}
Event: 1918.974 GC heap before
{Heap before GC invocations=127 (full 0):
 garbage-first heap   total 457728K, used 241907K [0x0000000080000000, 0x0000000100000000)
  region size 1024K, 40 young (40960K), 3 survivors (3072K)
 Metaspace       used 110649K, capacity 113498K, committed 113956K, reserved 1148928K
  class space    used 13649K, capacity 14697K, committed 14848K, reserved 1048576K
}
Event: 1919.004 GC heap after
{Heap after GC invocations=128 (full 0):
 garbage-first heap   total 457728K, used 209139K [0x0000000080000000, 0x0000000100000000)
  region size 1024K, 5 young (5120K), 5 survivors (5120K)
 Metaspace       used 110649K, capacity 113498K, committed 113956K, reserved 1148928K
  class space    used 13649K, capacity 14697K, committed 14848K, reserved 1048576K
}
Event: 1919.323 GC heap before
{Heap before GC invocations=128 (full 0):
 garbage-first heap   total 457728K, used 261363K [0x0000000080000000, 0x0000000100000000)
  region size 1024K, 49 young (50176K), 5 survivors (5120K)
 Metaspace       used 110649K, capacity 113498K, committed 113956K, reserved 1148928K
  class space    used 13649K, capacity 14697K, committed 14848K, reserved 1048576K
}
Event: 1919.369 GC heap after
{Heap after GC invocations=129 (full 0):
 garbage-first heap   total 457728K, used 222623K [0x0000000080000000, 0x0000000100000000)
  region size 1024K, 7 young (7168K), 7 survivors (7168K)
 Metaspace       used 110649K, capacity 113498K, committed 113956K, reserved 1148928K
  class space    used 13649K, capacity 14697K, committed 14848K, reserved 1048576K
}
Event: 2139.746 GC heap before
{Heap before GC invocations=130 (full 0):
 garbage-first heap   total 457728K, used 314783K [0x0000000080000000, 0x0000000100000000)
  region size 1024K, 53 young (54272K), 7 survivors (7168K)
 Metaspace       used 110708K, capacity 113576K, committed 113956K, reserved 1148928K
  class space    used 13651K, capacity 14700K, committed 14848K, reserved 1048576K
}

Deoptimization events (20 events):
Event: 1919.860 Thread 0x000001a3a7a20800 DEOPT PACKING pc=0x000001a3959a9734 sp=0x00000011fccfea20
Event: 1919.860 Thread 0x000001a3a7a20800 DEOPT UNPACKING pc=0x000001a38d2069aa sp=0x00000011fccfea00 mode 2
Event: 1919.860 Thread 0x000001a3a7a20800 Uncommon trap: trap_request=0xffffffbe fr.pc=0x000001a3959a9734 relative=0x0000000000000554
Event: 1919.860 Thread 0x000001a3a7a20800 Uncommon trap: reason=profile_predicate action=maybe_recompile pc=0x000001a3959a9734 method=com.android.tools.r8.graph.v1.d(Ljava/util/function/Predicate;)I @ 17 c2
Event: 1919.860 Thread 0x000001a3a7a20800 DEOPT PACKING pc=0x000001a3959a9734 sp=0x00000011fccfea20
Event: 1919.860 Thread 0x000001a3a7a20800 DEOPT UNPACKING pc=0x000001a38d2069aa sp=0x00000011fccfea00 mode 2
Event: 1919.860 Thread 0x000001a3a7a20800 Uncommon trap: trap_request=0xffffffbe fr.pc=0x000001a3959a7744 relative=0x0000000000000104
Event: 1919.860 Thread 0x000001a3a7a20800 Uncommon trap: reason=profile_predicate action=maybe_recompile pc=0x000001a3959a7744 method=com.android.tools.r8.graph.v1.d(Ljava/util/function/Predicate;)I @ 17 c2
Event: 1919.860 Thread 0x000001a3a7a20800 DEOPT PACKING pc=0x000001a3959a7744 sp=0x00000011fccfea10
Event: 1919.860 Thread 0x000001a3a7a20800 DEOPT UNPACKING pc=0x000001a38d2069aa sp=0x00000011fccfea00 mode 2
Event: 1919.861 Thread 0x000001a3a7a20800 Uncommon trap: trap_request=0xffffffbe fr.pc=0x000001a3959a9734 relative=0x0000000000000554
Event: 1919.861 Thread 0x000001a3a7a20800 Uncommon trap: reason=profile_predicate action=maybe_recompile pc=0x000001a3959a9734 method=com.android.tools.r8.graph.v1.d(Ljava/util/function/Predicate;)I @ 17 c2
Event: 1919.861 Thread 0x000001a3a7a20800 DEOPT PACKING pc=0x000001a3959a9734 sp=0x00000011fccfea20
Event: 1919.861 Thread 0x000001a3a7a20800 DEOPT UNPACKING pc=0x000001a38d2069aa sp=0x00000011fccfea00 mode 2
Event: 1919.954 Thread 0x000001a3a7a20800 DEOPT PACKING pc=0x000001a38f44a974 sp=0x00000011fccfeba0
Event: 1919.954 Thread 0x000001a3a7a20800 DEOPT UNPACKING pc=0x000001a38d2067c0 sp=0x00000011fccfe070 mode 0
Event: 1919.956 Thread 0x000001a3a7a20800 DEOPT PACKING pc=0x000001a38f44a974 sp=0x00000011fccfeba0
Event: 1919.956 Thread 0x000001a3a7a20800 DEOPT UNPACKING pc=0x000001a38d2067c0 sp=0x00000011fccfe070 mode 0
Event: 1920.743 Thread 0x000001a3a7a1b800 DEOPT PACKING pc=0x000001a38dbc0839 sp=0x00000011fc8fdfd0
Event: 1920.743 Thread 0x000001a3a7a1b800 DEOPT UNPACKING pc=0x000001a38d2067c0 sp=0x00000011fc8fd4a8 mode 0

Classes redefined (0 events):
No events

Internal exceptions (20 events):
Event: 1910.185 Thread 0x000001a3ac0c6000 Exception <a 'sun/nio/fs/WindowsException'{0x000000009a65eb30}> (0x000000009a65eb30) thrown at [./src/hotspot/share/prims/jni.cpp, line 615]
Event: 1910.194 Thread 0x000001a3ac0c6000 Exception <a 'sun/nio/fs/WindowsException'{0x000000009a6c8a10}> (0x000000009a6c8a10) thrown at [./src/hotspot/share/prims/jni.cpp, line 615]
Event: 1910.194 Thread 0x000001a3ac0c6000 Exception <a 'sun/nio/fs/WindowsException'{0x000000009a6c8ba8}> (0x000000009a6c8ba8) thrown at [./src/hotspot/share/prims/jni.cpp, line 615]
Event: 1910.225 Thread 0x000001a3ac0c6000 Exception <a 'sun/nio/fs/WindowsException'{0x000000009a5b7c58}> (0x000000009a5b7c58) thrown at [./src/hotspot/share/prims/jni.cpp, line 615]
Event: 1910.226 Thread 0x000001a3ac0c6000 Exception <a 'sun/nio/fs/WindowsException'{0x000000009a5b7dc8}> (0x000000009a5b7dc8) thrown at [./src/hotspot/share/prims/jni.cpp, line 615]
Event: 1910.244 Thread 0x000001a3ac0c6000 Exception <a 'sun/nio/fs/WindowsException'{0x000000009a5fa4e8}> (0x000000009a5fa4e8) thrown at [./src/hotspot/share/prims/jni.cpp, line 615]
Event: 1910.244 Thread 0x000001a3ac0c6000 Exception <a 'sun/nio/fs/WindowsException'{0x000000009a5fa670}> (0x000000009a5fa670) thrown at [./src/hotspot/share/prims/jni.cpp, line 615]
Event: 1910.283 Thread 0x000001a3ac0c6000 Exception <a 'sun/nio/fs/WindowsException'{0x000000009a3fe9b0}> (0x000000009a3fe9b0) thrown at [./src/hotspot/share/prims/jni.cpp, line 615]
Event: 1910.289 Thread 0x000001a3ac0c6000 Exception <a 'sun/nio/fs/WindowsException'{0x000000009a20ae18}> (0x000000009a20ae18) thrown at [./src/hotspot/share/prims/jni.cpp, line 615]
Event: 1910.314 Thread 0x000001a3ac0c6000 Exception <a 'sun/nio/fs/WindowsException'{0x000000009a1c4df8}> (0x000000009a1c4df8) thrown at [./src/hotspot/share/prims/jni.cpp, line 615]
Event: 1910.320 Thread 0x000001a3ac0c6000 Exception <a 'sun/nio/fs/WindowsException'{0x000000009a1cbfe0}> (0x000000009a1cbfe0) thrown at [./src/hotspot/share/prims/jni.cpp, line 615]
Event: 1910.372 Thread 0x000001a3ac0c6000 Exception <a 'sun/nio/fs/WindowsException'{0x0000000099e269e0}> (0x0000000099e269e0) thrown at [./src/hotspot/share/prims/jni.cpp, line 615]
Event: 1910.378 Thread 0x000001a3ac0c6000 Exception <a 'sun/nio/fs/WindowsException'{0x0000000099e301e8}> (0x0000000099e301e8) thrown at [./src/hotspot/share/prims/jni.cpp, line 615]
Event: 1910.385 Thread 0x000001a3ac0c6000 Exception <a 'sun/nio/fs/WindowsException'{0x0000000099e37c80}> (0x0000000099e37c80) thrown at [./src/hotspot/share/prims/jni.cpp, line 615]
Event: 1911.206 Thread 0x000001a3a7a1c800 Exception <a 'sun/nio/fs/WindowsException'{0x0000000098d16220}> (0x0000000098d16220) thrown at [./src/hotspot/share/prims/jni.cpp, line 615]
Event: 1911.206 Thread 0x000001a3a7a1c800 Exception <a 'sun/nio/fs/WindowsException'{0x0000000098d16ea0}> (0x0000000098d16ea0) thrown at [./src/hotspot/share/prims/jni.cpp, line 615]
Event: 1911.828 Thread 0x000001a3a7a1f800 Exception <a 'sun/nio/fs/WindowsException'{0x0000000096d17f98}> (0x0000000096d17f98) thrown at [./src/hotspot/share/prims/jni.cpp, line 615]
Event: 1912.002 Thread 0x000001a3a7a1f800 Exception <a 'sun/nio/fs/WindowsException'{0x00000000967e4808}> (0x00000000967e4808) thrown at [./src/hotspot/share/prims/jni.cpp, line 615]
Event: 1913.599 Thread 0x000001a3a7a1b800 Exception <a 'sun/nio/fs/WindowsException'{0x000000009be16718}> (0x000000009be16718) thrown at [./src/hotspot/share/prims/jni.cpp, line 615]
Event: 1920.240 Thread 0x000001a3a7a20800 Exception <a 'sun/nio/fs/WindowsException'{0x000000009a9ea4c0}> (0x000000009a9ea4c0) thrown at [./src/hotspot/share/prims/jni.cpp, line 615]

Events (20 events):
Event: 1964.545 Thread 0x000001a3ac4b7000 Thread exited: 0x000001a3ac4b7000
Event: 1964.545 Thread 0x000001a3ac4b5800 Thread exited: 0x000001a3ac4b5800
Event: 1964.545 Thread 0x000001a3a593f000 Thread exited: 0x000001a3a593f000
Event: 1964.545 Thread 0x000001a3a593d800 Thread exited: 0x000001a3a593d800
Event: 1964.545 Thread 0x000001a3a593c000 Thread exited: 0x000001a3a593c000
Event: 1964.545 Thread 0x000001a3a5bbd800 Thread exited: 0x000001a3a5bbd800
Event: 1964.545 Thread 0x000001a3a63c9000 Thread exited: 0x000001a3a63c9000
Event: 1981.240 Executing VM operation: RevokeBias
Event: 1981.240 Executing VM operation: RevokeBias done
Event: 1981.240 Thread 0x000001a3a7a19000 Thread exited: 0x000001a3a7a19000
Event: 1981.486 Thread 0x000001a3ac0c6000 Thread exited: 0x000001a3ac0c6000
Event: 1981.580 Thread 0x000001a3ac0c4000 Thread exited: 0x000001a3ac0c4000
Event: 2139.522 Thread 0x000001a3ac0c4000 Thread added: 0x000001a3ac0c4000
Event: 2139.687 Thread 0x000001a3ac0ca000 Thread added: 0x000001a3ac0ca000
Event: 2139.704 Thread 0x000001a3ac0c6800 Thread added: 0x000001a3ac0c6800
Event: 2139.718 Thread 0x000001a3ac0ca800 Thread added: 0x000001a3ac0ca800
Event: 2139.722 Executing VM operation: RevokeBias
Event: 2139.722 Executing VM operation: RevokeBias done
Event: 2139.743 Thread 0x000001a3ac0c6000 Thread added: 0x000001a3ac0c6000
Event: 2139.745 Executing VM operation: G1CollectForAllocation


Dynamic libraries:
0x00007ff77b540000 - 0x00007ff77b54a000 	C:\Program Files\Android\Android Studio\jre\bin\java.exe
0x00007ffe822e0000 - 0x00007ffe824c1000 	C:\Windows\SYSTEM32\ntdll.dll
0x00007ffe81780000 - 0x00007ffe81832000 	C:\Windows\System32\KERNEL32.DLL
0x00007ffe7e8b0000 - 0x00007ffe7eb23000 	C:\Windows\System32\KERNELBASE.dll
0x00007ffe7e6b0000 - 0x00007ffe7e7aa000 	C:\Windows\System32\ucrtbase.dll
0x00007ffe7c3e0000 - 0x00007ffe7c3f9000 	C:\Program Files\Android\Android Studio\jre\bin\jli.dll
0x00007ffe810b0000 - 0x00007ffe81240000 	C:\Windows\System32\USER32.dll
0x00007ffe7eb90000 - 0x00007ffe7ebb0000 	C:\Windows\System32\win32u.dll
0x00007ffe75310000 - 0x00007ffe75327000 	C:\Program Files\Android\Android Studio\jre\bin\VCRUNTIME140.dll
0x00007ffe81fe0000 - 0x00007ffe82008000 	C:\Windows\System32\GDI32.dll
0x00007ffe7f2c0000 - 0x00007ffe7f452000 	C:\Windows\System32\gdi32full.dll
0x00007ffe7f6d0000 - 0x00007ffe7f76f000 	C:\Windows\System32\msvcp_win.dll
0x00007ffe71010000 - 0x00007ffe71279000 	C:\Windows\WinSxS\amd64_microsoft.windows.common-controls_6595b64144ccf1df_6.0.17133.73_none_b4b127863cb5b9c7\COMCTL32.dll
0x00007ffe820f0000 - 0x00007ffe8218e000 	C:\Windows\System32\msvcrt.dll
0x00007ffe80d80000 - 0x00007ffe810a3000 	C:\Windows\System32\combase.dll
0x00007ffe81d60000 - 0x00007ffe81e84000 	C:\Windows\System32\RPCRT4.dll
0x00007ffe7f650000 - 0x00007ffe7f6ca000 	C:\Windows\System32\bcryptPrimitives.dll
0x00007ffe81d30000 - 0x00007ffe81d5d000 	C:\Windows\System32\IMM32.DLL
0x00007ffe650b0000 - 0x00007ffe6514d000 	C:\Program Files\Android\Android Studio\jre\bin\msvcp140.dll
0x00007ffe52080000 - 0x00007ffe52b3c000 	C:\Program Files\Android\Android Studio\jre\bin\server\jvm.dll
0x00007ffe82190000 - 0x00007ffe82231000 	C:\Windows\System32\ADVAPI32.dll
0x00007ffe80d20000 - 0x00007ffe80d7b000 	C:\Windows\System32\sechost.dll
0x00007ffe7f770000 - 0x00007ffe7f778000 	C:\Windows\System32\PSAPI.DLL
0x00007ffe7d240000 - 0x00007ffe7d249000 	C:\Windows\SYSTEM32\WSOCK32.dll
0x00007ffe82080000 - 0x00007ffe820ec000 	C:\Windows\System32\WS2_32.dll
0x00007ffe7c330000 - 0x00007ffe7c353000 	C:\Windows\SYSTEM32\WINMM.dll
0x00007ffe7d230000 - 0x00007ffe7d23a000 	C:\Windows\SYSTEM32\VERSION.dll
0x00007ffe7c300000 - 0x00007ffe7c32a000 	C:\Windows\SYSTEM32\WINMMBASE.dll
0x00007ffe7e860000 - 0x00007ffe7e8a9000 	C:\Windows\System32\cfgmgr32.dll
0x00007ffe7e690000 - 0x00007ffe7e6a1000 	C:\Windows\System32\kernel.appcore.dll
0x00007ffe7ad10000 - 0x00007ffe7ad21000 	C:\Program Files\Android\Android Studio\jre\bin\verify.dll
0x00007ffe6d480000 - 0x00007ffe6d649000 	C:\Windows\SYSTEM32\DBGHELP.DLL
0x00007ffe6d450000 - 0x00007ffe6d479000 	C:\Windows\SYSTEM32\dbgcore.DLL
0x00007ffe7ace0000 - 0x00007ffe7ad09000 	C:\Program Files\Android\Android Studio\jre\bin\java.dll
0x00007ffe7d220000 - 0x00007ffe7d22b000 	C:\Program Files\Android\Android Studio\jre\bin\jimage.dll
0x00007ffe77fe0000 - 0x00007ffe77ff8000 	C:\Program Files\Android\Android Studio\jre\bin\zip.dll
0x00007ffe7f8e0000 - 0x00007ffe80d20000 	C:\Windows\System32\SHELL32.dll
0x00007ffe81e90000 - 0x00007ffe81f39000 	C:\Windows\System32\shcore.dll
0x00007ffe7ebb0000 - 0x00007ffe7f2bd000 	C:\Windows\System32\windows.storage.dll
0x00007ffe81ab0000 - 0x00007ffe81b01000 	C:\Windows\System32\shlwapi.dll
0x00007ffe7e670000 - 0x00007ffe7e68f000 	C:\Windows\System32\profapi.dll
0x00007ffe7e600000 - 0x00007ffe7e64c000 	C:\Windows\System32\powrprof.dll
0x00007ffe7e5f0000 - 0x00007ffe7e5fa000 	C:\Windows\System32\FLTLIB.DLL
0x00007ffe77fc0000 - 0x00007ffe77fda000 	C:\Program Files\Android\Android Studio\jre\bin\net.dll
0x00007ffe75670000 - 0x00007ffe7574d000 	C:\Windows\SYSTEM32\WINHTTP.dll
0x00007ffe7de10000 - 0x00007ffe7de76000 	C:\Windows\system32\mswsock.dll
0x00007ffe76e40000 - 0x00007ffe76e54000 	C:\Program Files\Android\Android Studio\jre\bin\nio.dll
0x00007ffe77b80000 - 0x00007ffe77ba7000 	C:\Users\MISHECK\.gradle\native\fdc75f09e3144964f2cf3f50f0aa648679c211496f362492102eb8c894070792\windows-amd64\native-platform.dll
0x00007ffe55d10000 - 0x00007ffe55ea6000 	C:\Users\MISHECK\.gradle\native\12488b8bf47d2d4c9fbf2f6322a914ad602e24e48041cd04a747c6da556b65c4\windows-amd64\native-platform-file-events.dll
0x00007ffe7d020000 - 0x00007ffe7d02a000 	C:\Program Files\Android\Android Studio\jre\bin\management.dll
0x00007ffe7cdb0000 - 0x00007ffe7cdbc000 	C:\Program Files\Android\Android Studio\jre\bin\management_ext.dll
0x00007ffe7dfc0000 - 0x00007ffe7dfd7000 	C:\Windows\SYSTEM32\CRYPTSP.dll
0x00007ffe7d9f0000 - 0x00007ffe7da23000 	C:\Windows\system32\rsaenh.dll
0x00007ffe7e150000 - 0x00007ffe7e175000 	C:\Windows\SYSTEM32\bcrypt.dll
0x00007ffe7e4f0000 - 0x00007ffe7e518000 	C:\Windows\SYSTEM32\USERENV.dll
0x00007ffe7dfe0000 - 0x00007ffe7dfeb000 	C:\Windows\SYSTEM32\CRYPTBASE.dll
0x00007ffe7db90000 - 0x00007ffe7dbc8000 	C:\Windows\SYSTEM32\IPHLPAPI.DLL
0x00007ffe82070000 - 0x00007ffe82078000 	C:\Windows\System32\NSI.dll
0x00007ffe76da0000 - 0x00007ffe76db6000 	C:\Windows\SYSTEM32\dhcpcsvc6.DLL
0x00007ffe76d80000 - 0x00007ffe76d9a000 	C:\Windows\SYSTEM32\dhcpcsvc.DLL
0x00007ffe77210000 - 0x00007ffe7721b000 	C:\Windows\SYSTEM32\WINNSI.DLL
0x00007ffe718a0000 - 0x00007ffe718c7000 	C:\Program Files\Android\Android Studio\jre\bin\sunec.dll

dbghelp: loaded successfully - version: 4.0.5 - missing functions: none
symbol engine: initialized successfully - sym options: 0x614 - pdb path: .;C:\Program Files\Android\Android Studio\jre\bin;C:\Windows\SYSTEM32;C:\Windows\WinSxS\amd64_microsoft.windows.common-controls_6595b64144ccf1df_6.0.17133.73_none_b4b127863cb5b9c7;C:\Program Files\Android\Android Studio\jre\bin\server;C:\Users\MISHECK\.gradle\native\fdc75f09e3144964f2cf3f50f0aa648679c211496f362492102eb8c894070792\windows-amd64;C:\Users\MISHECK\.gradle\native\12488b8bf47d2d4c9fbf2f6322a914ad602e24e48041cd04a747c6da556b65c4\windows-amd64

VM Arguments:
jvm_args: --add-opens=java.base/java.util=ALL-UNNAMED --add-opens=java.base/java.lang=ALL-UNNAMED --add-opens=java.base/java.lang.invoke=ALL-UNNAMED --add-opens=java.prefs/java.util.prefs=ALL-UNNAMED -Xmx2048m -Dfile.encoding=UTF-8 -Duser.country=US -Duser.language=en -Duser.variant 
java_command: org.gradle.launcher.daemon.bootstrap.GradleDaemon 6.7.1
java_class_path (initial): C:\Users\MISHECK\.gradle\wrapper\dists\gradle-6.7.1-bin\bwlcbys1h7rz3272sye1xwiv6\gradle-6.7.1\lib\gradle-launcher-6.7.1.jar
Launcher Type: SUN_STANDARD

[Global flags]
     intx CICompilerCount                          = 2                                         {product} {ergonomic}
     uint ConcGCThreads                            = 1                                         {product} {ergonomic}
     uint G1ConcRefinementThreads                  = 2                                         {product} {ergonomic}
   size_t G1HeapRegionSize                         = 1048576                                   {product} {ergonomic}
    uintx GCDrainStackTargetSize                   = 64                                        {product} {ergonomic}
   size_t InitialHeapSize                          = 67108864                                  {product} {ergonomic}
   size_t MarkStackSize                            = 4194304                                   {product} {ergonomic}
   size_t MaxHeapSize                              = 2147483648                                {product} {command line}
   size_t MaxNewSize                               = 1287651328                                {product} {ergonomic}
   size_t MinHeapDeltaBytes                        = 1048576                                   {product} {ergonomic}
    uintx NonNMethodCodeHeapSize                   = 5825164                                {pd product} {ergonomic}
    uintx NonProfiledCodeHeapSize                  = 122916538                              {pd product} {ergonomic}
    uintx ProfiledCodeHeapSize                     = 122916538                              {pd product} {ergonomic}
    uintx ReservedCodeCacheSize                    = 251658240                              {pd product} {ergonomic}
     bool SegmentedCodeCache                       = true                                      {product} {ergonomic}
     bool UseCompressedClassPointers               = true                                 {lp64_product} {ergonomic}
     bool UseCompressedOops                        = true                                 {lp64_product} {ergonomic}
     bool UseG1GC                                  = true                                      {product} {ergonomic}
     bool UseLargePagesIndividualAllocation        = false                                  {pd product} {ergonomic}

Logging:
Log output configuration:
 #0: stdout all=warning uptime,level,tags
 #1: stderr all=off uptime,level,tags

Environment Variables:
JAVA_HOME=C:\Program Files\Java\jdk1.8.0_191
PATH=C:\Program Files (x86)\Common Files\Oracle\Java\javapath;C:\Windows\system32;C:\Windows;C:\Windows\System32\Wbem;C:\Windows\System32\WindowsPowerShell\v1.0\;C:\Windows\System32\OpenSSH\;C:\Program Files (x86)\Git\cmd;C:\Program Files\nodejs\;C:\Program Files\Java\jdk1.8.0_191\bin;C:\Users\MISHECK\AppData\Roaming\npm;C:\Exercism;C:\Users\MISHECK\AppData\Local\Programs\Python\Python39;C:\Users\MISHECK\AppData\Local\Programs\Microsoft VS Code\bin;C:\Program Files\CodeBlocks\MinGW\bin;
USERNAME=MISHECK
OS=Windows_NT
PROCESSOR_IDENTIFIER=Intel64 Family 6 Model 55 Stepping 8, GenuineIntel



---------------  S Y S T E M  ---------------

OS: Windows 10 , 64 bit Build 17133 (10.0.17133.73)
OS uptime: 1 days 10:31 hours

CPU:total 2 (initial active 2) (2 cores per cpu, 1 threads per core) family 6 model 55 stepping 8, cmov, cx8, fxsr, mmx, sse, sse2, sse3, ssse3, sse4.1, sse4.2, popcnt, clmul, erms, 3dnowpref, tsc, tscinvbit

Memory: 4k page, system-wide physical 3987M (460M free)
TotalPageFile size 5381M (AvailPageFile size 69M)
current process WorkingSet (physical memory assigned to process): 690M, peak: 764M
current process commit charge ("private bytes"): 787M, peak: 911M

vm_info: OpenJDK 64-Bit Server VM (11.0.8+10-b944.6842174) for windows-amd64 JRE (11.0.8+10-b944.6842174), built on Sep 19 2020 01:11:42 by "builder" with MS VC++ 14.0 (VS2015)

END.
