#
# There is insufficient memory for the Java Runtime Environment to continue.
# Native memory allocation (mmap) failed to map 155189248 bytes for Failed to commit area from 0x000000008cf00000 to 0x0000000096300000 of length 155189248.
# Possible reasons:
#   The system is out of physical RAM or swap space
#   The process is running with CompressedOops enabled, and the Java Heap may be blocking the growth of the native heap
# Possible solutions:
#   Reduce memory load on the system
#   Increase physical memory or swap space
#   Check if swap backing store is full
#   Decrease Java heap size (-Xmx/-Xms)
#   Decrease number of Java threads
#   Decrease Java thread stack sizes (-Xss)
#   Set larger code cache with -XX:ReservedCodeCacheSize=
#   JVM is running with Unscaled Compressed Oops mode in which the Java heap is
#     placed in the first 4GB address space. The Java Heap base address is the
#     maximum limit for the native heap growth. Please use -XX:HeapBaseMinAddress
#     to set the Java Heap base and to place the Java Heap above 4GB virtual address.
# This output file may be truncated or incomplete.
#
#  Out of Memory Error (./src/hotspot/os/windows/os_windows.cpp:3303), pid=14036, tid=3020
#
# JRE version: OpenJDK Runtime Environment (11.0.8+10) (build 11.0.8+10-b944.6842174)
# Java VM: OpenJDK 64-Bit Server VM (11.0.8+10-b944.6842174, mixed mode, tiered, compressed oops, g1 gc, windows-amd64)
# No core dump will be written. Minidumps are not enabled by default on client versions of Windows
#

---------------  S U M M A R Y ------------

Command Line: --add-opens=java.base/java.util=ALL-UNNAMED --add-opens=java.base/java.lang=ALL-UNNAMED --add-opens=java.base/java.lang.invoke=ALL-UNNAMED --add-opens=java.prefs/java.util.prefs=ALL-UNNAMED -Xmx2048m -Dfile.encoding=UTF-8 -Duser.country=US -Duser.language=en -Duser.variant org.gradle.launcher.daemon.bootstrap.GradleDaemon 6.7.1

Host: Intel(R) Celeron(R) CPU  N2840  @ 2.16GHz, 2 cores, 3G,  Windows 10 , 64 bit Build 17133 (10.0.17133.73)
Time: Thu Jul 29 00:46:29 2021 Pacific Daylight Time elapsed time: 342 seconds (0d 0h 5m 42s)

---------------  T H R E A D  ---------------

Current thread (0x00000241b930d000):  VMThread "VM Thread" [stack: 0x000000d1f4400000,0x000000d1f4500000] [id=3020]

Stack: [0x000000d1f4400000,0x000000d1f4500000]
[error occurred during error reporting (printing stack bounds), id 0xc0000005, EXCEPTION_ACCESS_VIOLATION (0xc0000005) at pc=0x00000241a3590dbe]

Native frames: (J=compiled Java code, j=interpreted, Vv=VM code, C=native code)
V  [jvm.dll+0x5de50a]
V  [jvm.dll+0x7122f5]
V  [jvm.dll+0x71384d]
V  [jvm.dll+0x713e65]
V  [jvm.dll+0x713e1b]
V  [jvm.dll+0x5dd958]
V  [jvm.dll+0x5de0f8]
C  [ntdll.dll+0x9eddd]
C  [ntdll.dll+0x6c86]
C  [ntdll.dll+0x9dd0e]
C  0x00000241a3590dbe

VM_Operation (0x000000d1fd1fdbe0): G1CollectForAllocation, mode: safepoint, requested by thread 0x00000241c25e9800


---------------  P R O C E S S  ---------------

Threads class SMR info:
_java_thread_list=0x00000241be89af90, length=141, elements={
0x000002419fc1c000, 0x00000241b9315800, 0x00000241b9317000, 0x00000241b9b90800,
0x00000241b9b91800, 0x00000241b9b94000, 0x00000241b9b98800, 0x00000241b9b9f800,
0x00000241b9cce800, 0x00000241b9cd7800, 0x00000241bb616000, 0x00000241bb3f0000,
0x00000241bae5f000, 0x00000241bbba7000, 0x00000241bbba6800, 0x00000241bbba4000,
0x00000241bbba5800, 0x00000241bde6c800, 0x00000241be818800, 0x00000241be815000,
0x00000241be81c000, 0x00000241c297e000, 0x00000241c297c000, 0x00000241c2980000,
0x00000241c297e800, 0x00000241c2981000, 0x00000241c297f800, 0x00000241c2982000,
0x00000241c2982800, 0x00000241c297d000, 0x00000241c2988800, 0x00000241c2989000,
0x00000241c2987800, 0x00000241c2986000, 0x00000241c2983800, 0x00000241c2987000,
0x00000241c2984800, 0x00000241c298b000, 0x00000241c2985000, 0x00000241bc505800,
0x00000241bc502000, 0x00000241bc501800, 0x00000241bc504800, 0x00000241bc508000,
0x00000241bc506000, 0x00000241bc508800, 0x00000241bc503000, 0x00000241bc503800,
0x00000241bc50b000, 0x00000241bc50f000, 0x00000241bc50e800, 0x00000241bc509800,
0x00000241bc50d800, 0x00000241bc510000, 0x00000241bc50c000, 0x00000241bc50c800,
0x00000241bc50a800, 0x00000241bde6e000, 0x00000241bde6f000, 0x00000241bde6b000,
0x00000241bde69800, 0x00000241bde6b800, 0x00000241bde70000, 0x00000241bde6a000,
0x00000241bde75800, 0x00000241bde74000, 0x00000241bde72800, 0x00000241bde74800,
0x00000241bde76800, 0x00000241bde70800, 0x00000241bde77000, 0x00000241bde73000,
0x00000241bde71800, 0x00000241bde78000, 0x00000241be816000, 0x00000241be811000,
0x00000241be817000, 0x00000241be813000, 0x00000241be813800, 0x00000241be817800,
0x00000241be812000, 0x00000241be81a000, 0x00000241be814800, 0x00000241be81c800,
0x00000241be81d800, 0x00000241be819800, 0x00000241be81e000, 0x00000241be820000,
0x00000241be81f000, 0x00000241bbba2800, 0x00000241bbba4800, 0x00000241bbba8000,
0x00000241bbba9000, 0x00000241bbba3000, 0x00000241beac5000, 0x00000241beac3800,
0x00000241beac6800, 0x00000241beac5800, 0x00000241beac7800, 0x00000241beaca000,
0x00000241beac8000, 0x00000241beac9000, 0x00000241beac4000, 0x00000241beace800,
0x00000241beaca800, 0x00000241beacb800, 0x00000241beacf800, 0x00000241bead2000,
0x00000241bead0800, 0x00000241beacc800, 0x00000241bead1000, 0x00000241beacd000,
0x00000241beace000, 0x00000241c02fc800, 0x00000241c02fa000, 0x00000241c02fd800,
0x00000241c02f9000, 0x00000241c02fe000, 0x00000241c02ff800, 0x00000241c02fb000,
0x00000241c02ff000, 0x00000241c0301800, 0x00000241c0300800, 0x00000241c02fb800,
0x00000241c0304800, 0x00000241c0303000, 0x00000241c0306800, 0x00000241c0304000,
0x00000241c0305800, 0x00000241c0307000, 0x00000241c0308000, 0x00000241c0302000,
0x00000241c25e6800, 0x00000241c25e3000, 0x00000241c25e8000, 0x00000241c25e4000,
0x00000241c25e2800, 0x00000241c25e7000, 0x00000241c25ea800, 0x00000241c25e9800,
0x00000241c25e9000
}

Java Threads: ( => current thread )
  0x000002419fc1c000 JavaThread "main" [_thread_blocked, id=12356, stack(0x000000d1f3e00000,0x000000d1f3f00000)]
  0x00000241b9315800 JavaThread "Reference Handler" daemon [_thread_blocked, id=13016, stack(0x000000d1f4500000,0x000000d1f4600000)]
  0x00000241b9317000 JavaThread "Finalizer" daemon [_thread_blocked, id=11572, stack(0x000000d1f4600000,0x000000d1f4700000)]
  0x00000241b9b90800 JavaThread "Signal Dispatcher" daemon [_thread_blocked, id=17160, stack(0x000000d1f4700000,0x000000d1f4800000)]
  0x00000241b9b91800 JavaThread "Attach Listener" daemon [_thread_blocked, id=17228, stack(0x000000d1f4800000,0x000000d1f4900000)]
  0x00000241b9b94000 JavaThread "C2 CompilerThread0" daemon [_thread_blocked, id=1720, stack(0x000000d1f4900000,0x000000d1f4a00000)]
  0x00000241b9b98800 JavaThread "C1 CompilerThread0" daemon [_thread_blocked, id=8116, stack(0x000000d1f4a00000,0x000000d1f4b00000)]
  0x00000241b9b9f800 JavaThread "Sweeper thread" daemon [_thread_blocked, id=16304, stack(0x000000d1f4b00000,0x000000d1f4c00000)]
  0x00000241b9cce800 JavaThread "Common-Cleaner" daemon [_thread_blocked, id=10632, stack(0x000000d1f4c00000,0x000000d1f4d00000)]
  0x00000241b9cd7800 JavaThread "Service Thread" daemon [_thread_blocked, id=17512, stack(0x000000d1f4d00000,0x000000d1f4e00000)]
  0x00000241bb616000 JavaThread "Daemon health stats" [_thread_blocked, id=7636, stack(0x000000d1f5000000,0x000000d1f5100000)]
  0x00000241bb3f0000 JavaThread "Incoming local TCP Connector on port 55018" [_thread_in_native, id=7808, stack(0x000000d1f5200000,0x000000d1f5300000)]
  0x00000241bae5f000 JavaThread "Daemon periodic checks" [_thread_blocked, id=9672, stack(0x000000d1f5400000,0x000000d1f5500000)]
  0x00000241bbba7000 JavaThread "Cache worker for file hash cache (C:\Users\MISHECK\.gradle\caches\6.7.1\fileHashes)" [_thread_blocked, id=16776, stack(0x000000d1f5b00000,0x000000d1f5c00000)]
  0x00000241bbba6800 JavaThread "File lock request listener" [_thread_in_native, id=12384, stack(0x000000d1f5c00000,0x000000d1f5d00000)]
  0x00000241bbba4000 JavaThread "Cache worker for journal cache (C:\Users\MISHECK\.gradle\caches\journal-1)" [_thread_blocked, id=18168, stack(0x000000d1f5d00000,0x000000d1f5e00000)]
  0x00000241bbba5800 JavaThread "Cache worker for execution history cache (C:\Users\MISHECK\.gradle\caches\6.7.1\executionHistory)" [_thread_blocked, id=16876, stack(0x000000d1f6200000,0x000000d1f6300000)]
  0x00000241bde6c800 JavaThread "Cache worker for file content cache (C:\Users\MISHECK\.gradle\caches\6.7.1\fileContent)" [_thread_blocked, id=9948, stack(0x000000d1f6400000,0x000000d1f6500000)]
  0x00000241be818800 JavaThread "Memory manager" [_thread_blocked, id=15688, stack(0x000000d1fc800000,0x000000d1fc900000)]
  0x00000241be815000 JavaThread "Cache worker for Java compile cache (C:\Users\MISHECK\.gradle\caches\6.7.1\javaCompile)" [_thread_blocked, id=17148, stack(0x000000d1fcd00000,0x000000d1fce00000)]
  0x00000241be81c000 JavaThread "ForkJoinPool.commonPool-worker-3" daemon [_thread_blocked, id=16520, stack(0x000000d1f3c00000,0x000000d1f3d00000)]
  0x00000241c297e000 JavaThread "Daemon Thread 3" [_thread_blocked, id=12916, stack(0x000000d1f3b00000,0x000000d1f3c00000)]
  0x00000241c297c000 JavaThread "Handler for socket connection from /127.0.0.1:55018 to /127.0.0.1:55145" [_thread_in_native, id=9288, stack(0x000000d1f5300000,0x000000d1f5400000)]
  0x00000241c2980000 JavaThread "Cancel handler" [_thread_blocked, id=10884, stack(0x000000d1f5500000,0x000000d1f5600000)]
  0x00000241c297e800 JavaThread "Daemon worker Thread 3" [_thread_blocked, id=17432, stack(0x000000d1f5600000,0x000000d1f5700000)]
  0x00000241c2981000 JavaThread "Asynchronous log dispatcher for DefaultDaemonConnection: socket connection from /127.0.0.1:55018 to /127.0.0.1:55145" [_thread_blocked, id=17084, stack(0x000000d1f5700000,0x000000d1f5800000)]
  0x00000241c297f800 JavaThread "Stdin handler" [_thread_blocked, id=17368, stack(0x000000d1f5800000,0x000000d1f5900000)]
  0x00000241c2982000 JavaThread "Thread-245" [_thread_blocked, id=11868, stack(0x000000d1f5900000,0x000000d1f5a00000)]
  0x00000241c2982800 JavaThread "Cache worker for file hash cache (C:\Users\MISHECK\AndroidStudioProjects\ChildSafetyApp\.gradle\6.7.1\fileHashes)" [_thread_blocked, id=16368, stack(0x000000d1f5a00000,0x000000d1f5b00000)]
  0x00000241c297d000 JavaThread "Cache worker for checksums cache (C:\Users\MISHECK\AndroidStudioProjects\ChildSafetyApp\.gradle\checksums)" [_thread_blocked, id=11864, stack(0x000000d1f5e00000,0x000000d1f5f00000)]
  0x00000241c2988800 JavaThread "Cache worker for cache directory md-supplier (C:\Users\MISHECK\.gradle\caches\6.7.1\md-supplier)" [_thread_blocked, id=1924, stack(0x000000d1f5f00000,0x000000d1f6000000)]
  0x00000241c2989000 JavaThread "Cache worker for cache directory md-rule (C:\Users\MISHECK\.gradle\caches\6.7.1\md-rule)" [_thread_blocked, id=6080, stack(0x000000d1f6000000,0x000000d1f6100000)]
  0x00000241c2987800 JavaThread "Cache worker for Build Output Cleanup Cache (C:\Users\MISHECK\AndroidStudioProjects\ChildSafetyApp\.gradle\buildOutputCleanup)" [_thread_blocked, id=7052, stack(0x000000d1f6100000,0x000000d1f6200000)]
  0x00000241c2986000 JavaThread "Build operations" [_thread_blocked, id=17340, stack(0x000000d1f6300000,0x000000d1f6400000)]
  0x00000241c2983800 JavaThread "Build operations Thread 2" [_thread_blocked, id=7608, stack(0x000000d1f6500000,0x000000d1f6600000)]
  0x00000241c2987000 JavaThread "jar transforms Thread 195" [_thread_blocked, id=5260, stack(0x000000d1f6600000,0x000000d1f6700000)]
  0x00000241c2984800 JavaThread "jar transforms Thread 196" [_thread_blocked, id=18208, stack(0x000000d1f6700000,0x000000d1f6800000)]
  0x00000241c298b000 JavaThread "jar transforms Thread 197" [_thread_blocked, id=1728, stack(0x000000d1f6800000,0x000000d1f6900000)]
  0x00000241c2985000 JavaThread "jar transforms Thread 198" [_thread_blocked, id=11764, stack(0x000000d1f6900000,0x000000d1f6a00000)]
  0x00000241bc505800 JavaThread "jar transforms Thread 199" [_thread_blocked, id=15968, stack(0x000000d1f6a00000,0x000000d1f6b00000)]
  0x00000241bc502000 JavaThread "jar transforms Thread 200" [_thread_blocked, id=16412, stack(0x000000d1f6b00000,0x000000d1f6c00000)]
  0x00000241bc501800 JavaThread "jar transforms Thread 201" [_thread_blocked, id=16668, stack(0x000000d1f6c00000,0x000000d1f6d00000)]
  0x00000241bc504800 JavaThread "jar transforms Thread 202" [_thread_blocked, id=17624, stack(0x000000d1f6d00000,0x000000d1f6e00000)]
  0x00000241bc508000 JavaThread "jar transforms Thread 203" [_thread_blocked, id=9320, stack(0x000000d1f6e00000,0x000000d1f6f00000)]
  0x00000241bc506000 JavaThread "jar transforms Thread 204" [_thread_blocked, id=16332, stack(0x000000d1f6f00000,0x000000d1f7000000)]
  0x00000241bc508800 JavaThread "jar transforms Thread 205" [_thread_blocked, id=6496, stack(0x000000d1f7000000,0x000000d1f7100000)]
  0x00000241bc503000 JavaThread "jar transforms Thread 206" [_thread_blocked, id=17452, stack(0x000000d1f7100000,0x000000d1f7200000)]
  0x00000241bc503800 JavaThread "jar transforms Thread 207" [_thread_blocked, id=9744, stack(0x000000d1f7200000,0x000000d1f7300000)]
  0x00000241bc50b000 JavaThread "jar transforms Thread 208" [_thread_blocked, id=9000, stack(0x000000d1f7300000,0x000000d1f7400000)]
  0x00000241bc50f000 JavaThread "jar transforms Thread 209" [_thread_blocked, id=18428, stack(0x000000d1f7400000,0x000000d1f7500000)]
  0x00000241bc50e800 JavaThread "jar transforms Thread 210" [_thread_blocked, id=18152, stack(0x000000d1f7500000,0x000000d1f7600000)]
  0x00000241bc509800 JavaThread "jar transforms Thread 211" [_thread_blocked, id=13992, stack(0x000000d1f7600000,0x000000d1f7700000)]
  0x00000241bc50d800 JavaThread "jar transforms Thread 212" [_thread_blocked, id=15184, stack(0x000000d1f7700000,0x000000d1f7800000)]
  0x00000241bc510000 JavaThread "jar transforms Thread 213" [_thread_blocked, id=13792, stack(0x000000d1f7800000,0x000000d1f7900000)]
  0x00000241bc50c000 JavaThread "jar transforms Thread 214" [_thread_blocked, id=15980, stack(0x000000d1f7900000,0x000000d1f7a00000)]
  0x00000241bc50c800 JavaThread "jar transforms Thread 215" [_thread_blocked, id=12360, stack(0x000000d1f7a00000,0x000000d1f7b00000)]
  0x00000241bc50a800 JavaThread "jar transforms Thread 216" [_thread_blocked, id=15964, stack(0x000000d1f7b00000,0x000000d1f7c00000)]
  0x00000241bde6e000 JavaThread "jar transforms Thread 217" [_thread_blocked, id=2708, stack(0x000000d1f7c00000,0x000000d1f7d00000)]
  0x00000241bde6f000 JavaThread "jar transforms Thread 218" [_thread_blocked, id=9904, stack(0x000000d1f7d00000,0x000000d1f7e00000)]
  0x00000241bde6b000 JavaThread "jar transforms Thread 219" [_thread_blocked, id=14264, stack(0x000000d1f7e00000,0x000000d1f7f00000)]
  0x00000241bde69800 JavaThread "jar transforms Thread 220" [_thread_blocked, id=4964, stack(0x000000d1f7f00000,0x000000d1f8000000)]
  0x00000241bde6b800 JavaThread "jar transforms Thread 221" [_thread_blocked, id=18072, stack(0x000000d1f8000000,0x000000d1f8100000)]
  0x00000241bde70000 JavaThread "jar transforms Thread 222" [_thread_blocked, id=8224, stack(0x000000d1f8100000,0x000000d1f8200000)]
  0x00000241bde6a000 JavaThread "jar transforms Thread 223" [_thread_blocked, id=9340, stack(0x000000d1f8200000,0x000000d1f8300000)]
  0x00000241bde75800 JavaThread "jar transforms Thread 224" [_thread_blocked, id=3604, stack(0x000000d1f8300000,0x000000d1f8400000)]
  0x00000241bde74000 JavaThread "jar transforms Thread 225" [_thread_blocked, id=12852, stack(0x000000d1f8400000,0x000000d1f8500000)]
  0x00000241bde72800 JavaThread "jar transforms Thread 226" [_thread_blocked, id=18100, stack(0x000000d1f8500000,0x000000d1f8600000)]
  0x00000241bde74800 JavaThread "jar transforms Thread 227" [_thread_blocked, id=18196, stack(0x000000d1f8600000,0x000000d1f8700000)]
  0x00000241bde76800 JavaThread "jar transforms Thread 228" [_thread_blocked, id=10476, stack(0x000000d1f8700000,0x000000d1f8800000)]
  0x00000241bde70800 JavaThread "jar transforms Thread 229" [_thread_blocked, id=14384, stack(0x000000d1f8800000,0x000000d1f8900000)]
  0x00000241bde77000 JavaThread "jar transforms Thread 230" [_thread_blocked, id=16928, stack(0x000000d1f8900000,0x000000d1f8a00000)]
  0x00000241bde73000 JavaThread "jar transforms Thread 231" [_thread_blocked, id=17212, stack(0x000000d1f8a00000,0x000000d1f8b00000)]
  0x00000241bde71800 JavaThread "jar transforms Thread 232" [_thread_blocked, id=13412, stack(0x000000d1f8b00000,0x000000d1f8c00000)]
  0x00000241bde78000 JavaThread "jar transforms Thread 233" [_thread_blocked, id=13440, stack(0x000000d1f8c00000,0x000000d1f8d00000)]
  0x00000241be816000 JavaThread "jar transforms Thread 234" [_thread_blocked, id=12072, stack(0x000000d1f8d00000,0x000000d1f8e00000)]
  0x00000241be811000 JavaThread "jar transforms Thread 235" [_thread_blocked, id=15772, stack(0x000000d1f8e00000,0x000000d1f8f00000)]
  0x00000241be817000 JavaThread "jar transforms Thread 236" [_thread_blocked, id=11396, stack(0x000000d1f8f00000,0x000000d1f9000000)]
  0x00000241be813000 JavaThread "jar transforms Thread 237" [_thread_blocked, id=17888, stack(0x000000d1f9000000,0x000000d1f9100000)]
  0x00000241be813800 JavaThread "jar transforms Thread 238" [_thread_blocked, id=8516, stack(0x000000d1f9100000,0x000000d1f9200000)]
  0x00000241be817800 JavaThread "jar transforms Thread 239" [_thread_blocked, id=17956, stack(0x000000d1f9200000,0x000000d1f9300000)]
  0x00000241be812000 JavaThread "jar transforms Thread 240" [_thread_blocked, id=13236, stack(0x000000d1f9300000,0x000000d1f9400000)]
  0x00000241be81a000 JavaThread "jar transforms Thread 241" [_thread_blocked, id=8356, stack(0x000000d1f9400000,0x000000d1f9500000)]
  0x00000241be814800 JavaThread "jar transforms Thread 242" [_thread_blocked, id=7952, stack(0x000000d1f9500000,0x000000d1f9600000)]
  0x00000241be81c800 JavaThread "jar transforms Thread 243" [_thread_blocked, id=12940, stack(0x000000d1f9600000,0x000000d1f9700000)]
  0x00000241be81d800 JavaThread "jar transforms Thread 244" [_thread_blocked, id=5672, stack(0x000000d1f9700000,0x000000d1f9800000)]
  0x00000241be819800 JavaThread "jar transforms Thread 245" [_thread_blocked, id=18204, stack(0x000000d1f9800000,0x000000d1f9900000)]
  0x00000241be81e000 JavaThread "jar transforms Thread 246" [_thread_blocked, id=9240, stack(0x000000d1f9900000,0x000000d1f9a00000)]
  0x00000241be820000 JavaThread "jar transforms Thread 247" [_thread_blocked, id=12692, stack(0x000000d1f9a00000,0x000000d1f9b00000)]
  0x00000241be81f000 JavaThread "jar transforms Thread 248" [_thread_blocked, id=9996, stack(0x000000d1f9b00000,0x000000d1f9c00000)]
  0x00000241bbba2800 JavaThread "jar transforms Thread 249" [_thread_blocked, id=14724, stack(0x000000d1f9c00000,0x000000d1f9d00000)]
  0x00000241bbba4800 JavaThread "jar transforms Thread 250" [_thread_blocked, id=6380, stack(0x000000d1f9d00000,0x000000d1f9e00000)]
  0x00000241bbba8000 JavaThread "jar transforms Thread 251" [_thread_blocked, id=8644, stack(0x000000d1f9e00000,0x000000d1f9f00000)]
  0x00000241bbba9000 JavaThread "jar transforms Thread 252" [_thread_blocked, id=16084, stack(0x000000d1f9f00000,0x000000d1fa000000)]
  0x00000241bbba3000 JavaThread "jar transforms Thread 253" [_thread_blocked, id=17800, stack(0x000000d1fa000000,0x000000d1fa100000)]
  0x00000241beac5000 JavaThread "jar transforms Thread 254" [_thread_blocked, id=15708, stack(0x000000d1fa100000,0x000000d1fa200000)]
  0x00000241beac3800 JavaThread "jar transforms Thread 255" [_thread_blocked, id=12264, stack(0x000000d1fa200000,0x000000d1fa300000)]
  0x00000241beac6800 JavaThread "jar transforms Thread 256" [_thread_blocked, id=16420, stack(0x000000d1fa300000,0x000000d1fa400000)]
  0x00000241beac5800 JavaThread "jar transforms Thread 257" [_thread_blocked, id=17332, stack(0x000000d1fa400000,0x000000d1fa500000)]
  0x00000241beac7800 JavaThread "jar transforms Thread 258" [_thread_blocked, id=15680, stack(0x000000d1fa500000,0x000000d1fa600000)]
  0x00000241beaca000 JavaThread "jar transforms Thread 259" [_thread_blocked, id=16880, stack(0x000000d1fa600000,0x000000d1fa700000)]
  0x00000241beac8000 JavaThread "jar transforms Thread 260" [_thread_blocked, id=9436, stack(0x000000d1fa700000,0x000000d1fa800000)]
  0x00000241beac9000 JavaThread "jar transforms Thread 261" [_thread_blocked, id=7424, stack(0x000000d1fa800000,0x000000d1fa900000)]
  0x00000241beac4000 JavaThread "jar transforms Thread 262" [_thread_blocked, id=17528, stack(0x000000d1fa900000,0x000000d1faa00000)]
  0x00000241beace800 JavaThread "jar transforms Thread 263" [_thread_blocked, id=8932, stack(0x000000d1faa00000,0x000000d1fab00000)]
  0x00000241beaca800 JavaThread "jar transforms Thread 264" [_thread_blocked, id=13084, stack(0x000000d1fab00000,0x000000d1fac00000)]
  0x00000241beacb800 JavaThread "jar transforms Thread 265" [_thread_blocked, id=13404, stack(0x000000d1fac00000,0x000000d1fad00000)]
  0x00000241beacf800 JavaThread "jar transforms Thread 266" [_thread_blocked, id=14192, stack(0x000000d1fad00000,0x000000d1fae00000)]
  0x00000241bead2000 JavaThread "jar transforms Thread 267" [_thread_blocked, id=10144, stack(0x000000d1fae00000,0x000000d1faf00000)]
  0x00000241bead0800 JavaThread "jar transforms Thread 268" [_thread_blocked, id=16188, stack(0x000000d1faf00000,0x000000d1fb000000)]
  0x00000241beacc800 JavaThread "jar transforms Thread 269" [_thread_blocked, id=14340, stack(0x000000d1fb000000,0x000000d1fb100000)]
  0x00000241bead1000 JavaThread "jar transforms Thread 270" [_thread_blocked, id=15436, stack(0x000000d1fb100000,0x000000d1fb200000)]
  0x00000241beacd000 JavaThread "jar transforms Thread 271" [_thread_blocked, id=15488, stack(0x000000d1fb200000,0x000000d1fb300000)]
  0x00000241beace000 JavaThread "jar transforms Thread 272" [_thread_blocked, id=13704, stack(0x000000d1fb300000,0x000000d1fb400000)]
  0x00000241c02fc800 JavaThread "jar transforms Thread 273" [_thread_blocked, id=4844, stack(0x000000d1fb400000,0x000000d1fb500000)]
  0x00000241c02fa000 JavaThread "jar transforms Thread 274" [_thread_blocked, id=17504, stack(0x000000d1fb500000,0x000000d1fb600000)]
  0x00000241c02fd800 JavaThread "jar transforms Thread 275" [_thread_blocked, id=15700, stack(0x000000d1fb600000,0x000000d1fb700000)]
  0x00000241c02f9000 JavaThread "jar transforms Thread 276" [_thread_blocked, id=17444, stack(0x000000d1fb700000,0x000000d1fb800000)]
  0x00000241c02fe000 JavaThread "jar transforms Thread 277" [_thread_blocked, id=17372, stack(0x000000d1fb800000,0x000000d1fb900000)]
  0x00000241c02ff800 JavaThread "jar transforms Thread 278" [_thread_blocked, id=16268, stack(0x000000d1fb900000,0x000000d1fba00000)]
  0x00000241c02fb000 JavaThread "jar transforms Thread 279" [_thread_blocked, id=3744, stack(0x000000d1fba00000,0x000000d1fbb00000)]
  0x00000241c02ff000 JavaThread "jar transforms Thread 280" [_thread_blocked, id=17692, stack(0x000000d1fbb00000,0x000000d1fbc00000)]
  0x00000241c0301800 JavaThread "jar transforms Thread 281" [_thread_blocked, id=16952, stack(0x000000d1fbc00000,0x000000d1fbd00000)]
  0x00000241c0300800 JavaThread "jar transforms Thread 282" [_thread_blocked, id=17996, stack(0x000000d1fbd00000,0x000000d1fbe00000)]
  0x00000241c02fb800 JavaThread "jar transforms Thread 283" [_thread_blocked, id=17860, stack(0x000000d1fbe00000,0x000000d1fbf00000)]
  0x00000241c0304800 JavaThread "jar transforms Thread 284" [_thread_blocked, id=14056, stack(0x000000d1fbf00000,0x000000d1fc000000)]
  0x00000241c0303000 JavaThread "jar transforms Thread 285" [_thread_blocked, id=4676, stack(0x000000d1fc000000,0x000000d1fc100000)]
  0x00000241c0306800 JavaThread "jar transforms Thread 286" [_thread_blocked, id=13488, stack(0x000000d1fc100000,0x000000d1fc200000)]
  0x00000241c0304000 JavaThread "jar transforms Thread 287" [_thread_blocked, id=14936, stack(0x000000d1fc200000,0x000000d1fc300000)]
  0x00000241c0305800 JavaThread "jar transforms Thread 288" [_thread_blocked, id=3120, stack(0x000000d1fc300000,0x000000d1fc400000)]
  0x00000241c0307000 JavaThread "jar transforms Thread 289" [_thread_blocked, id=13600, stack(0x000000d1fc400000,0x000000d1fc500000)]
  0x00000241c0308000 JavaThread "jar transforms Thread 290" [_thread_blocked, id=7096, stack(0x000000d1fc500000,0x000000d1fc600000)]
  0x00000241c0302000 JavaThread "jar transforms Thread 291" [_thread_blocked, id=7648, stack(0x000000d1fc600000,0x000000d1fc700000)]
  0x00000241c25e6800 JavaThread "build event listener" [_thread_blocked, id=11052, stack(0x000000d1fc700000,0x000000d1fc800000)]
  0x00000241c25e3000 JavaThread "build event listener" [_thread_blocked, id=15684, stack(0x000000d1fc900000,0x000000d1fca00000)]
  0x00000241c25e8000 JavaThread "Execution worker for ':'" [_thread_blocked, id=5864, stack(0x000000d1fca00000,0x000000d1fcb00000)]
  0x00000241c25e4000 JavaThread "Cache worker for execution history cache (C:\Users\MISHECK\AndroidStudioProjects\ChildSafetyApp\.gradle\6.7.1\executionHistory)" [_thread_blocked, id=7192, stack(0x000000d1fcb00000,0x000000d1fcc00000)]
  0x00000241c25e2800 JavaThread "Cache worker for Java compile cache (C:\Users\MISHECK\AndroidStudioProjects\ChildSafetyApp\.gradle\6.7.1\javaCompile)" [_thread_blocked, id=10072, stack(0x000000d1fcc00000,0x000000d1fcd00000)]
  0x00000241c25e7000 JavaThread "WorkerExecutor Queue" [_thread_blocked, id=12960, stack(0x000000d1fce00000,0x000000d1fcf00000)]
  0x00000241c25ea800 JavaThread "WorkerExecutor Queue Thread 2" [_thread_blocked, id=17448, stack(0x000000d1fcf00000,0x000000d1fd000000)]
  0x00000241c25e9800 JavaThread "ForkJoinPool-1-worker-3" daemon [_thread_blocked, id=13076, stack(0x000000d1fd100000,0x000000d1fd200000)]
  0x00000241c25e9000 JavaThread "ForkJoinPool-1-worker-1" daemon [_thread_blocked, id=14152, stack(0x000000d1fd200000,0x000000d1fd300000)]

Other Threads:
=>0x00000241b930d000 VMThread "VM Thread" [stack: 0x000000d1f4400000,0x000000d1f4500000] [id=3020]
  0x00000241b9d0c800 WatcherThread [stack: 0x000000d1f4e00000,0x000000d1f4f00000] [id=6016]
  0x000002419fc33800 GCTaskThread "GC Thread#0" [stack: 0x000000d1f3f00000,0x000000d1f4000000] [id=15672]
  0x00000241b9f5a000 GCTaskThread "GC Thread#1" [stack: 0x000000d1f4f00000,0x000000d1f5000000] [id=4892]
  0x000002419fc63800 ConcurrentGCThread "G1 Main Marker" [stack: 0x000000d1f4000000,0x000000d1f4100000] [id=4244]
  0x000002419fc66000 ConcurrentGCThread "G1 Conc#0" [stack: 0x000000d1f4100000,0x000000d1f4200000] [id=4196]
  0x000002419fcb4800 ConcurrentGCThread "G1 Refine#0" [stack: 0x000000d1f4200000,0x000000d1f4300000] [id=3092]
  0x000002419fcb5800 ConcurrentGCThread "G1 Young RemSet Sampling" [stack: 0x000000d1f4300000,0x000000d1f4400000] [id=15988]

Threads with active compile tasks:
C2 CompilerThread0 343017 15448       4       com.android.tools.r8.graph.S$j::hashCode (43 bytes)

VM state:at safepoint (normal execution)

VM Mutex/Monitor currently owned by a thread:  ([mutex/lock_event])
[0x000002419fc18fd0] Threads_lock - owner thread: 0x00000241b930d000
[0x000002419fc17b90] Heap_lock - owner thread: 0x00000241c25e9800

Heap address: 0x0000000080000000, size: 2048 MB, Compressed Oops mode: 32-bit
Narrow klass base: 0x0000000000000000, Narrow klass shift: 3
Compressed class space size: 1073741824 Address: 0x0000000100000000

Heap:
 garbage-first heap   total 363520K, used 166400K [0x0000000080000000, 0x0000000100000000)
  region size 1024K, 3 young (3072K), 3 survivors (3072K)
 Metaspace       used 107601K, capacity 110292K, committed 110372K, reserved 1144832K
  class space    used 13588K, capacity 14571K, committed 14592K, reserved 1048576K
Heap Regions: E=young(eden), S=young(survivor), O=old, HS=humongous(starts), HC=humongous(continues), CS=collection set, F=free, A=archive, TAMS=top-at-mark-start (previous, next)
|   0|0x0000000080000000, 0x0000000080100000, 0x0000000080100000|100%| O|  |TAMS 0x0000000080100000, 0x0000000080000000| Untracked 
|   1|0x0000000080100000, 0x0000000080200000, 0x0000000080200000|100%| O|  |TAMS 0x0000000080200000, 0x0000000080100000| Untracked 
|   2|0x0000000080200000, 0x0000000080300000, 0x0000000080300000|100%| O|  |TAMS 0x0000000080300000, 0x0000000080200000| Untracked 
|   3|0x0000000080300000, 0x0000000080400000, 0x0000000080400000|100%| O|  |TAMS 0x0000000080400000, 0x0000000080300000| Untracked 
|   4|0x0000000080400000, 0x0000000080500000, 0x0000000080500000|100%|HS|  |TAMS 0x0000000080500000, 0x0000000080400000| Complete 
|   5|0x0000000080500000, 0x0000000080600000, 0x0000000080600000|100%|HC|  |TAMS 0x0000000080600000, 0x0000000080500000| Complete 
|   6|0x0000000080600000, 0x0000000080700000, 0x0000000080700000|100%|HC|  |TAMS 0x0000000080700000, 0x0000000080600000| Complete 
|   7|0x0000000080700000, 0x0000000080800000, 0x0000000080800000|100%| O|  |TAMS 0x0000000080800000, 0x0000000080700000| Complete 
|   8|0x0000000080800000, 0x0000000080900000, 0x0000000080900000|100%| O|  |TAMS 0x0000000080900000, 0x0000000080800000| Complete 
|   9|0x0000000080900000, 0x0000000080a00000, 0x0000000080a00000|100%| O|  |TAMS 0x0000000080a00000, 0x0000000080900000| Untracked 
|  10|0x0000000080a00000, 0x0000000080b00000, 0x0000000080b00000|100%| O|  |TAMS 0x0000000080b00000, 0x0000000080a00000| Complete 
|  11|0x0000000080b00000, 0x0000000080c00000, 0x0000000080c00000|100%| O|  |TAMS 0x0000000080c00000, 0x0000000080b00000| Untracked 
|  12|0x0000000080c00000, 0x0000000080d00000, 0x0000000080d00000|100%| O|  |TAMS 0x0000000080d00000, 0x0000000080c00000| Untracked 
|  13|0x0000000080d00000, 0x0000000080e00000, 0x0000000080e00000|100%| O|  |TAMS 0x0000000080e00000, 0x0000000080d00000| Complete 
|  14|0x0000000080e00000, 0x0000000080f00000, 0x0000000080f00000|100%| O|  |TAMS 0x0000000080f00000, 0x0000000080e00000| Untracked 
|  15|0x0000000080f00000, 0x0000000081000000, 0x0000000081000000|100%| O|  |TAMS 0x0000000081000000, 0x0000000080f00000| Complete 
|  16|0x0000000081000000, 0x0000000081100000, 0x0000000081100000|100%| O|  |TAMS 0x0000000081100000, 0x0000000081000000| Complete 
|  17|0x0000000081100000, 0x0000000081200000, 0x0000000081200000|100%| O|  |TAMS 0x0000000081200000, 0x0000000081100000| Untracked 
|  18|0x0000000081200000, 0x0000000081300000, 0x0000000081300000|100%| O|  |TAMS 0x0000000081300000, 0x0000000081200000| Untracked 
|  19|0x0000000081300000, 0x0000000081400000, 0x0000000081400000|100%| O|  |TAMS 0x0000000081400000, 0x0000000081300000| Untracked 
|  20|0x0000000081400000, 0x0000000081500000, 0x0000000081500000|100%| O|  |TAMS 0x0000000081500000, 0x0000000081400000| Untracked 
|  21|0x0000000081500000, 0x0000000081600000, 0x0000000081600000|100%|HS|  |TAMS 0x0000000081600000, 0x0000000081500000| Complete 
|  22|0x0000000081600000, 0x0000000081700000, 0x0000000081700000|100%| O|  |TAMS 0x0000000081700000, 0x0000000081600000| Untracked 
|  23|0x0000000081700000, 0x0000000081800000, 0x0000000081800000|100%| O|  |TAMS 0x0000000081800000, 0x0000000081700000| Complete 
|  24|0x0000000081800000, 0x0000000081900000, 0x0000000081900000|100%| O|  |TAMS 0x0000000081900000, 0x0000000081800000| Untracked 
|  25|0x0000000081900000, 0x0000000081a00000, 0x0000000081a00000|100%| O|  |TAMS 0x0000000081a00000, 0x0000000081900000| Untracked 
|  26|0x0000000081a00000, 0x0000000081b00000, 0x0000000081b00000|100%|HS|  |TAMS 0x0000000081b00000, 0x0000000081a00000| Complete 
|  27|0x0000000081b00000, 0x0000000081c00000, 0x0000000081c00000|100%|HC|  |TAMS 0x0000000081c00000, 0x0000000081b00000| Complete 
|  28|0x0000000081c00000, 0x0000000081d00000, 0x0000000081d00000|100%| O|  |TAMS 0x0000000081d00000, 0x0000000081c00000| Untracked 
|  29|0x0000000081d00000, 0x0000000081e00000, 0x0000000081e00000|100%| O|  |TAMS 0x0000000081e00000, 0x0000000081d00000| Complete 
|  30|0x0000000081e00000, 0x0000000081f00000, 0x0000000081f00000|100%| O|  |TAMS 0x0000000081f00000, 0x0000000081e00000| Untracked 
|  31|0x0000000081f00000, 0x0000000082000000, 0x0000000082000000|100%| O|  |TAMS 0x0000000082000000, 0x0000000081f00000| Complete 
|  32|0x0000000082000000, 0x0000000082100000, 0x0000000082100000|100%|HS|  |TAMS 0x0000000082100000, 0x0000000082000000| Complete 
|  33|0x0000000082100000, 0x0000000082200000, 0x0000000082200000|100%| O|  |TAMS 0x0000000082200000, 0x0000000082100000| Complete 
|  34|0x0000000082200000, 0x0000000082300000, 0x0000000082300000|100%| O|  |TAMS 0x0000000082300000, 0x0000000082200000| Untracked 
|  35|0x0000000082300000, 0x0000000082400000, 0x0000000082400000|100%| O|  |TAMS 0x0000000082400000, 0x0000000082300000| Untracked 
|  36|0x0000000082400000, 0x0000000082500000, 0x0000000082500000|100%|HS|  |TAMS 0x0000000082500000, 0x0000000082400000| Complete 
|  37|0x0000000082500000, 0x0000000082600000, 0x0000000082600000|100%| O|  |TAMS 0x0000000082600000, 0x0000000082500000| Untracked 
|  38|0x0000000082600000, 0x0000000082700000, 0x0000000082700000|100%| O|  |TAMS 0x0000000082700000, 0x0000000082600000| Untracked 
|  39|0x0000000082700000, 0x0000000082800000, 0x0000000082800000|100%| O|  |TAMS 0x0000000082800000, 0x0000000082700000| Untracked 
|  40|0x0000000082800000, 0x0000000082900000, 0x0000000082900000|100%| O|  |TAMS 0x0000000082900000, 0x0000000082800000| Untracked 
|  41|0x0000000082900000, 0x0000000082a00000, 0x0000000082a00000|100%| O|  |TAMS 0x0000000082a00000, 0x0000000082900000| Untracked 
|  42|0x0000000082a00000, 0x0000000082b00000, 0x0000000082b00000|100%| O|  |TAMS 0x0000000082b00000, 0x0000000082a00000| Complete 
|  43|0x0000000082b00000, 0x0000000082c00000, 0x0000000082c00000|100%| O|  |TAMS 0x0000000082c00000, 0x0000000082b00000| Untracked 
|  44|0x0000000082c00000, 0x0000000082d00000, 0x0000000082d00000|100%| O|  |TAMS 0x0000000082d00000, 0x0000000082c00000| Untracked 
|  45|0x0000000082d00000, 0x0000000082e00000, 0x0000000082e00000|100%| O|  |TAMS 0x0000000082e00000, 0x0000000082d00000| Complete 
|  46|0x0000000082e00000, 0x0000000082f00000, 0x0000000082f00000|100%| O|  |TAMS 0x0000000082f00000, 0x0000000082e00000| Untracked 
|  47|0x0000000082f00000, 0x0000000083000000, 0x0000000083000000|100%| O|  |TAMS 0x0000000083000000, 0x0000000082f00000| Complete 
|  48|0x0000000083000000, 0x0000000083100000, 0x0000000083100000|100%| O|  |TAMS 0x0000000083100000, 0x0000000083000000| Complete 
|  49|0x0000000083100000, 0x0000000083200000, 0x0000000083200000|100%| O|  |TAMS 0x0000000083200000, 0x0000000083100000| Untracked 
|  50|0x0000000083200000, 0x0000000083300000, 0x0000000083300000|100%| O|  |TAMS 0x0000000083300000, 0x0000000083200000| Complete 
|  51|0x0000000083300000, 0x0000000083400000, 0x0000000083400000|100%|HS|  |TAMS 0x0000000083400000, 0x0000000083300000| Complete 
|  52|0x0000000083400000, 0x0000000083500000, 0x0000000083500000|100%| O|  |TAMS 0x0000000083500000, 0x0000000083400000| Complete 
|  53|0x0000000083500000, 0x0000000083600000, 0x0000000083600000|100%| O|  |TAMS 0x0000000083600000, 0x0000000083500000| Complete 
|  54|0x0000000083600000, 0x0000000083700000, 0x0000000083700000|100%| O|  |TAMS 0x0000000083700000, 0x0000000083600000| Untracked 
|  55|0x0000000083700000, 0x0000000083800000, 0x0000000083800000|100%| O|  |TAMS 0x0000000083800000, 0x0000000083700000| Complete 
|  56|0x0000000083800000, 0x0000000083900000, 0x0000000083900000|100%| O|  |TAMS 0x0000000083900000, 0x0000000083800000| Untracked 
|  57|0x0000000083900000, 0x0000000083a00000, 0x0000000083a00000|100%| O|  |TAMS 0x0000000083a00000, 0x0000000083900000| Complete 
|  58|0x0000000083a00000, 0x0000000083b00000, 0x0000000083b00000|100%| O|  |TAMS 0x0000000083b00000, 0x0000000083a00000| Complete 
|  59|0x0000000083b00000, 0x0000000083c00000, 0x0000000083c00000|100%| O|  |TAMS 0x0000000083c00000, 0x0000000083b00000| Complete 
|  60|0x0000000083c00000, 0x0000000083d00000, 0x0000000083d00000|100%| O|  |TAMS 0x0000000083d00000, 0x0000000083c00000| Complete 
|  61|0x0000000083d00000, 0x0000000083e00000, 0x0000000083e00000|100%| O|  |TAMS 0x0000000083e00000, 0x0000000083d00000| Untracked 
|  62|0x0000000083e00000, 0x0000000083f00000, 0x0000000083f00000|100%| O|  |TAMS 0x0000000083f00000, 0x0000000083e00000| Untracked 
|  63|0x0000000083f00000, 0x0000000084000000, 0x0000000084000000|100%| O|  |TAMS 0x0000000084000000, 0x0000000083f00000| Untracked 
|  64|0x0000000084000000, 0x0000000084100000, 0x0000000084100000|100%| O|  |TAMS 0x0000000084100000, 0x0000000084000000| Complete 
|  65|0x0000000084100000, 0x0000000084200000, 0x0000000084200000|100%| O|  |TAMS 0x0000000084200000, 0x0000000084100000| Complete 
|  66|0x0000000084200000, 0x0000000084300000, 0x0000000084300000|100%| O|  |TAMS 0x0000000084300000, 0x0000000084200000| Untracked 
|  67|0x0000000084300000, 0x0000000084400000, 0x0000000084400000|100%| O|  |TAMS 0x0000000084400000, 0x0000000084300000| Untracked 
|  68|0x0000000084400000, 0x0000000084500000, 0x0000000084500000|100%|HS|  |TAMS 0x0000000084500000, 0x0000000084400000| Complete 
|  69|0x0000000084500000, 0x0000000084600000, 0x0000000084600000|100%| O|  |TAMS 0x0000000084600000, 0x0000000084500000| Complete 
|  70|0x0000000084600000, 0x0000000084700000, 0x0000000084700000|100%| O|  |TAMS 0x0000000084700000, 0x0000000084600000| Complete 
|  71|0x0000000084700000, 0x0000000084800000, 0x0000000084800000|100%| O|  |TAMS 0x0000000084800000, 0x0000000084700000| Untracked 
|  72|0x0000000084800000, 0x0000000084900000, 0x0000000084900000|100%| O|  |TAMS 0x0000000084900000, 0x0000000084800000| Complete 
|  73|0x0000000084900000, 0x0000000084a00000, 0x0000000084a00000|100%| O|  |TAMS 0x0000000084a00000, 0x0000000084900000| Complete 
|  74|0x0000000084a00000, 0x0000000084b00000, 0x0000000084b00000|100%| O|  |TAMS 0x0000000084b00000, 0x0000000084a00000| Untracked 
|  75|0x0000000084b00000, 0x0000000084c00000, 0x0000000084c00000|100%| O|  |TAMS 0x0000000084c00000, 0x0000000084b00000| Complete 
|  76|0x0000000084c00000, 0x0000000084d00000, 0x0000000084d00000|100%| O|  |TAMS 0x0000000084d00000, 0x0000000084c00000| Untracked 
|  77|0x0000000084d00000, 0x0000000084e00000, 0x0000000084e00000|100%| O|  |TAMS 0x0000000084e00000, 0x0000000084d00000| Untracked 
|  78|0x0000000084e00000, 0x0000000084f00000, 0x0000000084f00000|100%| O|  |TAMS 0x0000000084f00000, 0x0000000084e00000| Untracked 
|  79|0x0000000084f00000, 0x0000000085000000, 0x0000000085000000|100%| O|  |TAMS 0x0000000085000000, 0x0000000084f00000| Complete 
|  80|0x0000000085000000, 0x0000000085100000, 0x0000000085100000|100%| O|  |TAMS 0x0000000085100000, 0x0000000085000000| Untracked 
|  81|0x0000000085100000, 0x0000000085200000, 0x0000000085200000|100%| O|  |TAMS 0x0000000085200000, 0x0000000085100000| Untracked 
|  82|0x0000000085200000, 0x0000000085300000, 0x0000000085300000|100%| O|  |TAMS 0x0000000085300000, 0x0000000085200000| Untracked 
|  83|0x0000000085300000, 0x0000000085400000, 0x0000000085400000|100%| O|  |TAMS 0x0000000085400000, 0x0000000085300000| Untracked 
|  84|0x0000000085400000, 0x0000000085500000, 0x0000000085500000|100%| O|  |TAMS 0x0000000085500000, 0x0000000085400000| Untracked 
|  85|0x0000000085500000, 0x0000000085600000, 0x0000000085600000|100%| O|  |TAMS 0x0000000085600000, 0x0000000085500000| Complete 
|  86|0x0000000085600000, 0x0000000085700000, 0x0000000085700000|100%| O|  |TAMS 0x0000000085700000, 0x0000000085600000| Untracked 
|  87|0x0000000085700000, 0x0000000085800000, 0x0000000085800000|100%| O|  |TAMS 0x0000000085800000, 0x0000000085700000| Complete 
|  88|0x0000000085800000, 0x0000000085900000, 0x0000000085900000|100%| O|  |TAMS 0x0000000085900000, 0x0000000085800000| Untracked 
|  89|0x0000000085900000, 0x0000000085a00000, 0x0000000085a00000|100%| O|  |TAMS 0x0000000085a00000, 0x0000000085900000| Untracked 
|  90|0x0000000085a00000, 0x0000000085b00000, 0x0000000085b00000|100%| O|  |TAMS 0x0000000085b00000, 0x0000000085a00000| Untracked 
|  91|0x0000000085b00000, 0x0000000085c00000, 0x0000000085c00000|100%| O|  |TAMS 0x0000000085c00000, 0x0000000085b00000| Untracked 
|  92|0x0000000085c00000, 0x0000000085d00000, 0x0000000085d00000|100%| O|  |TAMS 0x0000000085d00000, 0x0000000085c00000| Complete 
|  93|0x0000000085d00000, 0x0000000085e00000, 0x0000000085e00000|100%| O|  |TAMS 0x0000000085e00000, 0x0000000085d00000| Untracked 
|  94|0x0000000085e00000, 0x0000000085f00000, 0x0000000085f00000|100%| O|  |TAMS 0x0000000085f00000, 0x0000000085e00000| Complete 
|  95|0x0000000085f00000, 0x0000000086000000, 0x0000000086000000|100%| O|  |TAMS 0x0000000086000000, 0x0000000085f00000| Untracked 
|  96|0x0000000086000000, 0x0000000086100000, 0x0000000086100000|100%| O|  |TAMS 0x0000000086100000, 0x0000000086000000| Untracked 
|  97|0x0000000086100000, 0x0000000086200000, 0x0000000086200000|100%| O|  |TAMS 0x0000000086200000, 0x0000000086100000| Complete 
|  98|0x0000000086200000, 0x0000000086300000, 0x0000000086300000|100%| O|  |TAMS 0x0000000086300000, 0x0000000086200000| Untracked 
|  99|0x0000000086300000, 0x0000000086400000, 0x0000000086400000|100%| O|  |TAMS 0x0000000086400000, 0x0000000086300000| Untracked 
| 100|0x0000000086400000, 0x0000000086500000, 0x0000000086500000|100%| O|  |TAMS 0x0000000086500000, 0x0000000086400000| Complete 
| 101|0x0000000086500000, 0x0000000086600000, 0x0000000086600000|100%|HS|  |TAMS 0x0000000086600000, 0x0000000086500000| Complete 
| 102|0x0000000086600000, 0x0000000086700000, 0x0000000086700000|100%|HC|  |TAMS 0x0000000086700000, 0x0000000086600000| Complete 
| 103|0x0000000086700000, 0x0000000086800000, 0x0000000086800000|100%|HC|  |TAMS 0x0000000086800000, 0x0000000086700000| Complete 
| 104|0x0000000086800000, 0x0000000086900000, 0x0000000086900000|100%|HC|  |TAMS 0x0000000086900000, 0x0000000086800000| Complete 
| 105|0x0000000086900000, 0x0000000086a00000, 0x0000000086a00000|100%|HC|  |TAMS 0x0000000086a00000, 0x0000000086900000| Complete 
| 106|0x0000000086a00000, 0x0000000086b00000, 0x0000000086b00000|100%|HC|  |TAMS 0x0000000086b00000, 0x0000000086a00000| Complete 
| 107|0x0000000086b00000, 0x0000000086c00000, 0x0000000086c00000|100%|HC|  |TAMS 0x0000000086c00000, 0x0000000086b00000| Complete 
| 108|0x0000000086c00000, 0x0000000086d00000, 0x0000000086d00000|100%|HC|  |TAMS 0x0000000086d00000, 0x0000000086c00000| Complete 
| 109|0x0000000086d00000, 0x0000000086e00000, 0x0000000086e00000|100%| O|  |TAMS 0x0000000086e00000, 0x0000000086d00000| Untracked 
| 110|0x0000000086e00000, 0x0000000086f00000, 0x0000000086f00000|100%| O|  |TAMS 0x0000000086f00000, 0x0000000086e00000| Untracked 
| 111|0x0000000086f00000, 0x0000000087000000, 0x0000000087000000|100%| O|  |TAMS 0x0000000087000000, 0x0000000086f00000| Complete 
| 112|0x0000000087000000, 0x0000000087100000, 0x0000000087100000|100%| O|  |TAMS 0x0000000087100000, 0x0000000087000000| Untracked 
| 113|0x0000000087100000, 0x0000000087200000, 0x0000000087200000|100%| O|  |TAMS 0x0000000087200000, 0x0000000087100000| Untracked 
| 114|0x0000000087200000, 0x0000000087300000, 0x0000000087300000|100%| O|  |TAMS 0x0000000087300000, 0x0000000087200000| Complete 
| 115|0x0000000087300000, 0x0000000087400000, 0x0000000087400000|100%| O|  |TAMS 0x0000000087400000, 0x0000000087300000| Untracked 
| 116|0x0000000087400000, 0x0000000087500000, 0x0000000087500000|100%| O|  |TAMS 0x0000000087500000, 0x0000000087400000| Untracked 
| 117|0x0000000087500000, 0x0000000087600000, 0x0000000087600000|100%| O|  |TAMS 0x0000000087600000, 0x0000000087500000| Untracked 
| 118|0x0000000087600000, 0x0000000087700000, 0x0000000087700000|100%| O|  |TAMS 0x0000000087700000, 0x0000000087600000| Untracked 
| 119|0x0000000087700000, 0x0000000087800000, 0x0000000087800000|100%| O|  |TAMS 0x0000000087800000, 0x0000000087700000| Untracked 
| 120|0x0000000087800000, 0x0000000087900000, 0x0000000087900000|100%| O|  |TAMS 0x0000000087900000, 0x0000000087800000| Untracked 
| 121|0x0000000087900000, 0x0000000087a00000, 0x0000000087a00000|100%| O|  |TAMS 0x0000000087a00000, 0x0000000087900000| Untracked 
| 122|0x0000000087a00000, 0x0000000087b00000, 0x0000000087b00000|100%| O|  |TAMS 0x0000000087b00000, 0x0000000087a00000| Untracked 
| 123|0x0000000087b00000, 0x0000000087c00000, 0x0000000087c00000|100%| O|  |TAMS 0x0000000087c00000, 0x0000000087b00000| Untracked 
| 124|0x0000000087c00000, 0x0000000087d00000, 0x0000000087d00000|100%| O|  |TAMS 0x0000000087d00000, 0x0000000087c00000| Untracked 
| 125|0x0000000087d00000, 0x0000000087e00000, 0x0000000087e00000|100%| O|  |TAMS 0x0000000087e00000, 0x0000000087d00000| Untracked 
| 126|0x0000000087e00000, 0x0000000087f00000, 0x0000000087f00000|100%| O|  |TAMS 0x0000000087f00000, 0x0000000087e00000| Untracked 
| 127|0x0000000087f00000, 0x0000000088000000, 0x0000000088000000|100%|HS|  |TAMS 0x0000000088000000, 0x0000000087f00000| Complete 
| 128|0x0000000088000000, 0x0000000088100000, 0x0000000088100000|100%|HC|  |TAMS 0x0000000088100000, 0x0000000088000000| Complete 
| 129|0x0000000088100000, 0x0000000088200000, 0x0000000088200000|100%|HC|  |TAMS 0x0000000088200000, 0x0000000088100000| Complete 
| 130|0x0000000088200000, 0x0000000088300000, 0x0000000088300000|100%|HC|  |TAMS 0x0000000088300000, 0x0000000088200000| Complete 
| 131|0x0000000088300000, 0x0000000088400000, 0x0000000088400000|100%|HC|  |TAMS 0x0000000088400000, 0x0000000088300000| Complete 
| 132|0x0000000088400000, 0x0000000088500000, 0x0000000088500000|100%|HC|  |TAMS 0x0000000088500000, 0x0000000088400000| Complete 
| 133|0x0000000088500000, 0x0000000088600000, 0x0000000088600000|100%|HC|  |TAMS 0x0000000088600000, 0x0000000088500000| Complete 
| 134|0x0000000088600000, 0x0000000088700000, 0x0000000088700000|100%|HC|  |TAMS 0x0000000088700000, 0x0000000088600000| Complete 
| 135|0x0000000088700000, 0x0000000088800000, 0x0000000088800000|100%| O|  |TAMS 0x0000000088800000, 0x0000000088700000| Complete 
| 136|0x0000000088800000, 0x0000000088900000, 0x0000000088900000|100%| O|  |TAMS 0x0000000088900000, 0x0000000088800000| Complete 
| 137|0x0000000088900000, 0x0000000088a00000, 0x0000000088a00000|100%| O|  |TAMS 0x0000000088a00000, 0x0000000088900000| Untracked 
| 138|0x0000000088a00000, 0x0000000088b00000, 0x0000000088b00000|100%| O|  |TAMS 0x0000000088b00000, 0x0000000088a00000| Untracked 
| 139|0x0000000088b00000, 0x0000000088c00000, 0x0000000088c00000|100%| O|  |TAMS 0x0000000088c00000, 0x0000000088b00000| Untracked 
| 140|0x0000000088c00000, 0x0000000088d00000, 0x0000000088d00000|100%| O|  |TAMS 0x0000000088d00000, 0x0000000088c00000| Untracked 
| 141|0x0000000088d00000, 0x0000000088e00000, 0x0000000088e00000|100%| O|  |TAMS 0x0000000088e00000, 0x0000000088d00000| Untracked 
| 142|0x0000000088e00000, 0x0000000088f00000, 0x0000000088f00000|100%| O|  |TAMS 0x0000000088f00000, 0x0000000088e00000| Complete 
| 143|0x0000000088f00000, 0x0000000089000000, 0x0000000089000000|100%| O|  |TAMS 0x0000000089000000, 0x0000000088f00000| Untracked 
| 144|0x0000000089000000, 0x0000000089100000, 0x0000000089100000|100%| O|  |TAMS 0x0000000089100000, 0x0000000089000000| Untracked 
| 145|0x0000000089100000, 0x0000000089200000, 0x0000000089200000|100%| O|  |TAMS 0x0000000089200000, 0x0000000089100000| Untracked 
| 146|0x0000000089200000, 0x0000000089300000, 0x0000000089300000|100%| O|  |TAMS 0x0000000089300000, 0x0000000089200000| Untracked 
| 147|0x0000000089300000, 0x0000000089400000, 0x0000000089400000|100%| O|  |TAMS 0x0000000089400000, 0x0000000089300000| Untracked 
| 148|0x0000000089400000, 0x0000000089500000, 0x0000000089500000|100%| O|  |TAMS 0x0000000089500000, 0x0000000089400000| Untracked 
| 149|0x0000000089500000, 0x0000000089600000, 0x0000000089600000|100%|HS|  |TAMS 0x0000000089500000, 0x0000000089500000| Complete 
| 150|0x0000000089600000, 0x0000000089700000, 0x0000000089700000|100%|HS|  |TAMS 0x0000000089600000, 0x0000000089600000| Complete 
| 151|0x0000000089700000, 0x0000000089800000, 0x0000000089800000|100%| O|  |TAMS 0x0000000089700000, 0x0000000089700000| Untracked 
| 152|0x0000000089800000, 0x0000000089900000, 0x0000000089900000|100%| O|  |TAMS 0x0000000089800000, 0x0000000089800000| Untracked 
| 153|0x0000000089900000, 0x0000000089a00000, 0x0000000089a00000|100%| O|  |TAMS 0x0000000089900000, 0x0000000089900000| Untracked 
| 154|0x0000000089a00000, 0x0000000089b00000, 0x0000000089b00000|100%| O|  |TAMS 0x0000000089a00000, 0x0000000089a00000| Untracked 
| 155|0x0000000089b00000, 0x0000000089c00000, 0x0000000089c00000|100%| O|  |TAMS 0x0000000089b00000, 0x0000000089b00000| Untracked 
| 156|0x0000000089c00000, 0x0000000089d00000, 0x0000000089d00000|100%| O|  |TAMS 0x0000000089c00000, 0x0000000089c00000| Untracked 
| 157|0x0000000089d00000, 0x0000000089e00000, 0x0000000089e00000|100%| O|  |TAMS 0x0000000089d00000, 0x0000000089d00000| Untracked 
| 158|0x0000000089e00000, 0x0000000089f00000, 0x0000000089f00000|100%| O|  |TAMS 0x0000000089e00000, 0x0000000089e00000| Untracked 
| 159|0x0000000089f00000, 0x0000000089f80000, 0x000000008a000000| 50%| O|  |TAMS 0x0000000089f00000, 0x0000000089f00000| Untracked 
| 160|0x000000008a000000, 0x000000008a000000, 0x000000008a100000|  0%| F|  |TAMS 0x000000008a000000, 0x000000008a000000| Untracked 
| 161|0x000000008a100000, 0x000000008a100000, 0x000000008a200000|  0%| F|  |TAMS 0x000000008a100000, 0x000000008a100000| Untracked 
| 162|0x000000008a200000, 0x000000008a200000, 0x000000008a300000|  0%| F|  |TAMS 0x000000008a200000, 0x000000008a200000| Untracked 
| 163|0x000000008a300000, 0x000000008a300000, 0x000000008a400000|  0%| F|  |TAMS 0x000000008a300000, 0x000000008a300000| Untracked 
| 164|0x000000008a400000, 0x000000008a400000, 0x000000008a500000|  0%| F|  |TAMS 0x000000008a400000, 0x000000008a400000| Untracked 
| 165|0x000000008a500000, 0x000000008a500000, 0x000000008a600000|  0%| F|  |TAMS 0x000000008a500000, 0x000000008a500000| Untracked 
| 166|0x000000008a600000, 0x000000008a600000, 0x000000008a700000|  0%| F|  |TAMS 0x000000008a600000, 0x000000008a600000| Untracked 
| 167|0x000000008a700000, 0x000000008a700000, 0x000000008a800000|  0%| F|  |TAMS 0x000000008a700000, 0x000000008a700000| Untracked 
| 168|0x000000008a800000, 0x000000008a800000, 0x000000008a900000|  0%| F|  |TAMS 0x000000008a800000, 0x000000008a800000| Untracked 
| 169|0x000000008a900000, 0x000000008a900000, 0x000000008aa00000|  0%| F|  |TAMS 0x000000008a900000, 0x000000008a900000| Untracked 
| 170|0x000000008aa00000, 0x000000008aa00000, 0x000000008ab00000|  0%| F|  |TAMS 0x000000008aa00000, 0x000000008aa00000| Untracked 
| 171|0x000000008ab00000, 0x000000008ab00000, 0x000000008ac00000|  0%| F|  |TAMS 0x000000008ab00000, 0x000000008ab00000| Untracked 
| 172|0x000000008ac00000, 0x000000008ac00000, 0x000000008ad00000|  0%| F|  |TAMS 0x000000008ac00000, 0x000000008ac00000| Untracked 
| 173|0x000000008ad00000, 0x000000008ad00000, 0x000000008ae00000|  0%| F|  |TAMS 0x000000008ad00000, 0x000000008ad00000| Untracked 
| 174|0x000000008ae00000, 0x000000008ae00000, 0x000000008af00000|  0%| F|  |TAMS 0x000000008ae00000, 0x000000008ae00000| Untracked 
| 175|0x000000008af00000, 0x000000008af00000, 0x000000008b000000|  0%| F|  |TAMS 0x000000008af00000, 0x000000008af00000| Untracked 
| 176|0x000000008b000000, 0x000000008b000000, 0x000000008b100000|  0%| F|  |TAMS 0x000000008b000000, 0x000000008b000000| Untracked 
| 177|0x000000008b100000, 0x000000008b100000, 0x000000008b200000|  0%| F|  |TAMS 0x000000008b100000, 0x000000008b100000| Untracked 
| 178|0x000000008b200000, 0x000000008b200000, 0x000000008b300000|  0%| F|  |TAMS 0x000000008b200000, 0x000000008b200000| Untracked 
| 179|0x000000008b300000, 0x000000008b300000, 0x000000008b400000|  0%| F|  |TAMS 0x000000008b300000, 0x000000008b300000| Untracked 
| 180|0x000000008b400000, 0x000000008b400000, 0x000000008b500000|  0%| F|  |TAMS 0x000000008b400000, 0x000000008b400000| Untracked 
| 181|0x000000008b500000, 0x000000008b500000, 0x000000008b600000|  0%| F|  |TAMS 0x000000008b500000, 0x000000008b500000| Untracked 
| 182|0x000000008b600000, 0x000000008b600000, 0x000000008b700000|  0%| F|  |TAMS 0x000000008b600000, 0x000000008b600000| Untracked 
| 183|0x000000008b700000, 0x000000008b700000, 0x000000008b800000|  0%| F|  |TAMS 0x000000008b700000, 0x000000008b700000| Untracked 
| 184|0x000000008b800000, 0x000000008b800000, 0x000000008b900000|  0%| F|  |TAMS 0x000000008b800000, 0x000000008b800000| Untracked 
| 185|0x000000008b900000, 0x000000008b900000, 0x000000008ba00000|  0%| F|  |TAMS 0x000000008b900000, 0x000000008b900000| Untracked 
| 186|0x000000008ba00000, 0x000000008ba00000, 0x000000008bb00000|  0%| F|  |TAMS 0x000000008ba00000, 0x000000008ba00000| Untracked 
| 187|0x000000008bb00000, 0x000000008bc00000, 0x000000008bc00000|100%| S|CS|TAMS 0x000000008bb00000, 0x000000008bb00000| Complete 
| 188|0x000000008bc00000, 0x000000008bd00000, 0x000000008bd00000|100%| S|CS|TAMS 0x000000008bc00000, 0x000000008bc00000| Complete 
| 189|0x000000008bd00000, 0x000000008bd00000, 0x000000008be00000|  0%| F|  |TAMS 0x000000008bd00000, 0x000000008bd00000| Untracked 
| 190|0x000000008be00000, 0x000000008be00000, 0x000000008bf00000|  0%| F|  |TAMS 0x000000008be00000, 0x000000008be00000| Untracked 
| 191|0x000000008bf00000, 0x000000008bf00000, 0x000000008c000000|  0%| F|  |TAMS 0x000000008bf00000, 0x000000008bf00000| Untracked 
| 192|0x000000008c000000, 0x000000008c100000, 0x000000008c100000|100%| S|CS|TAMS 0x000000008c000000, 0x000000008c000000| Complete 
| 193|0x000000008c100000, 0x000000008c100000, 0x000000008c200000|  0%| F|  |TAMS 0x000000008c100000, 0x000000008c100000| Untracked 
| 194|0x000000008c200000, 0x000000008c200000, 0x000000008c300000|  0%| F|  |TAMS 0x000000008c200000, 0x000000008c200000| Untracked 
| 195|0x000000008c300000, 0x000000008c300000, 0x000000008c400000|  0%| F|  |TAMS 0x000000008c300000, 0x000000008c300000| Untracked 
| 196|0x000000008c400000, 0x000000008c400000, 0x000000008c500000|  0%| F|  |TAMS 0x000000008c400000, 0x000000008c400000| Untracked 
| 197|0x000000008c500000, 0x000000008c500000, 0x000000008c600000|  0%| F|  |TAMS 0x000000008c500000, 0x000000008c500000| Untracked 
| 198|0x000000008c600000, 0x000000008c600000, 0x000000008c700000|  0%| F|  |TAMS 0x000000008c600000, 0x000000008c600000| Untracked 
| 199|0x000000008c700000, 0x000000008c700000, 0x000000008c800000|  0%| F|  |TAMS 0x000000008c700000, 0x000000008c700000| Untracked 
| 200|0x000000008c800000, 0x000000008c800000, 0x000000008c900000|  0%| F|  |TAMS 0x000000008c800000, 0x000000008c800000| Untracked 
| 201|0x000000008c900000, 0x000000008c900000, 0x000000008ca00000|  0%| F|  |TAMS 0x000000008c900000, 0x000000008c900000| Untracked 
| 202|0x000000008ca00000, 0x000000008ca00000, 0x000000008cb00000|  0%| F|  |TAMS 0x000000008ca00000, 0x000000008ca00000| Untracked 
| 203|0x000000008cb00000, 0x000000008cb00000, 0x000000008cc00000|  0%| F|  |TAMS 0x000000008cb00000, 0x000000008cb00000| Untracked 
| 204|0x000000008cc00000, 0x000000008cc00000, 0x000000008cd00000|  0%| F|  |TAMS 0x000000008cc00000, 0x000000008cc00000| Untracked 
| 205|0x000000008cd00000, 0x000000008cd00000, 0x000000008ce00000|  0%| F|  |TAMS 0x000000008cd00000, 0x000000008cd00000| Untracked 
| 206|0x000000008ce00000, 0x000000008ce00000, 0x000000008cf00000|  0%| F|  |TAMS 0x000000008ce00000, 0x000000008ce00000| Untracked 

Card table byte_map: [0x00000241b2990000,0x00000241b2d90000] _byte_map_base: 0x00000241b2590000

Marking Bits (Prev, Next): (CMBitMap*) 0x000002419fc5a9f0, (CMBitMap*) 0x000002419fc5a9b8
 Prev Bits: [0x00000241b5190000, 0x00000241b7190000)
 Next Bits: [0x00000241b3190000, 0x00000241b5190000)

Polling page: 0x000002419da70000

Metaspace:

Usage:
  Non-class:     93.48 MB capacity,    91.81 MB ( 98%) used,     1.36 MB (  1%) free+waste,   318.38 KB ( <1%) overhead. 
      Class:     14.23 MB capacity,    13.27 MB ( 93%) used,   838.87 KB (  6%) free+waste,   143.69 KB ( <1%) overhead. 
       Both:    107.71 MB capacity,   105.08 MB ( 98%) used,     2.18 MB (  2%) free+waste,   462.06 KB ( <1%) overhead. 

Virtual space:
  Non-class space:       94.00 MB reserved,      93.54 MB (>99%) committed 
      Class space:        1.00 GB reserved,      14.25 MB (  1%) committed 
             Both:        1.09 GB reserved,     107.79 MB ( 10%) committed 

Chunk freelists:
   Non-Class:  59.00 KB
       Class:  21.00 KB
        Both:  80.00 KB

MaxMetaspaceSize: 17179869184.00 GB
CompressedClassSpaceSize: 1.00 GB

CodeHeap 'non-profiled nmethods': size=120064Kb used=7688Kb max_used=7688Kb free=112375Kb
 bounds [0x00000241ab050000, 0x00000241ab7f0000, 0x00000241b2590000]
CodeHeap 'profiled nmethods': size=120000Kb used=28322Kb max_used=28322Kb free=91678Kb
 bounds [0x00000241a3b20000, 0x00000241a5740000, 0x00000241ab050000]
CodeHeap 'non-nmethods': size=5696Kb used=2290Kb max_used=2345Kb free=3405Kb
 bounds [0x00000241a3590000, 0x00000241a3800000, 0x00000241a3b20000]
 total_blobs=14289 nmethods=13377 adapters=823
 compilation: enabled
              stopped_count=0, restarted_count=0
 full_count=0

Compilation events (20 events):
Event: 342.722 Thread 0x00000241b9b94000 15286       4       java.util.Map::computeIfAbsent (45 bytes)
Event: 342.730 Thread 0x00000241b9b98800 nmethod 15439 0x00000241a5709590 code [0x00000241a570c180, 0x00000241a5729bf8]
Event: 342.740 Thread 0x00000241b9b94000 nmethod 15286 0x00000241ab3b8d90 code [0x00000241ab3b8f60, 0x00000241ab3b93d8]
Event: 342.740 Thread 0x00000241b9b94000 15441       4       com.android.tools.r8.utils.Z::d (61 bytes)
Event: 342.752 Thread 0x00000241b9b94000 nmethod 15441 0x00000241ab3b8810 code [0x00000241ab3b89a0, 0x00000241ab3b8bf8]
Event: 342.752 Thread 0x00000241b9b94000 15442       4       com.android.tools.r8.graph.l0::a (9 bytes)
Event: 342.795 Thread 0x00000241b9b98800 15444       2       java.util.ComparableTimSort::binarySort (223 bytes)
Event: 342.796 Thread 0x00000241b9b98800 nmethod 15444 0x00000241a49dff10 code [0x00000241a49e0120, 0x00000241a49e07b8]
Event: 342.808 Thread 0x00000241b9b98800 15445       2       com.android.tools.r8.code.M2::<init> (7 bytes)
Event: 342.808 Thread 0x00000241b9b98800 nmethod 15445 0x00000241a49a0790 code [0x00000241a49a0940, 0x00000241a49a0a98]
Event: 342.811 Thread 0x00000241b9b98800 15446 %     3       com.android.tools.r8.dex.n::f @ 34 (109 bytes)
Event: 342.813 Thread 0x00000241b9b98800 nmethod 15446% 0x00000241a49ed390 code [0x00000241a49ed620, 0x00000241a49ee218]
Event: 342.813 Thread 0x00000241b9b98800 15447       3       com.android.tools.r8.dex.n::f (109 bytes)
Event: 342.815 Thread 0x00000241b9b98800 nmethod 15447 0x00000241a49f9610 code [0x00000241a49f9880, 0x00000241a49fa3b8]
Event: 342.882 Thread 0x00000241b9b94000 nmethod 15442 0x00000241ab3ce290 code [0x00000241ab3ce4a0, 0x00000241ab3cf6b8]
Event: 342.883 Thread 0x00000241b9b94000 15300       4       com.android.tools.r8.graph.S$b::hashCode (10 bytes)
Event: 342.883 Thread 0x00000241b9b94000 nmethod 15300 0x00000241ab3a8590 code [0x00000241ab3a8720, 0x00000241ab3a8798]
Event: 342.883 Thread 0x00000241b9b94000 15264       4       com.android.tools.r8.code.W0::hashCode (63 bytes)
Event: 342.888 Thread 0x00000241b9b94000 nmethod 15264 0x00000241ab3cde10 code [0x00000241ab3cdfc0, 0x00000241ab3ce148]
Event: 342.888 Thread 0x00000241b9b94000 15448       4       com.android.tools.r8.graph.S$j::hashCode (43 bytes)

GC Heap History (20 events):
Event: 333.415 GC heap after
{Heap after GC invocations=57 (full 0):
 garbage-first heap   total 165888K, used 96108K [0x0000000080000000, 0x0000000100000000)
  region size 1024K, 3 young (3072K), 3 survivors (3072K)
 Metaspace       used 106226K, capacity 108982K, committed 109220K, reserved 1144832K
  class space    used 13389K, capacity 14384K, committed 14464K, reserved 1048576K
}
Event: 335.388 GC heap before
{Heap before GC invocations=58 (full 0):
 garbage-first heap   total 165888K, used 140140K [0x0000000080000000, 0x0000000100000000)
  region size 1024K, 43 young (44032K), 3 survivors (3072K)
 Metaspace       used 106454K, capacity 109100K, committed 109220K, reserved 1144832K
  class space    used 13415K, capacity 14392K, committed 14464K, reserved 1048576K
}
Event: 335.411 GC heap after
{Heap after GC invocations=59 (full 0):
 garbage-first heap   total 165888K, used 101831K [0x0000000080000000, 0x0000000100000000)
  region size 1024K, 3 young (3072K), 3 survivors (3072K)
 Metaspace       used 106454K, capacity 109100K, committed 109220K, reserved 1144832K
  class space    used 13415K, capacity 14392K, committed 14464K, reserved 1048576K
}
Event: 335.728 GC heap before
{Heap before GC invocations=59 (full 0):
 garbage-first heap   total 165888K, used 125383K [0x0000000080000000, 0x0000000100000000)
  region size 1024K, 8 young (8192K), 3 survivors (3072K)
 Metaspace       used 106663K, capacity 109398K, committed 109476K, reserved 1144832K
  class space    used 13437K, capacity 14427K, committed 14464K, reserved 1048576K
}
Event: 335.762 GC heap after
{Heap after GC invocations=60 (full 0):
 garbage-first heap   total 165888K, used 104734K [0x0000000080000000, 0x0000000100000000)
  region size 1024K, 1 young (1024K), 1 survivors (1024K)
 Metaspace       used 106663K, capacity 109398K, committed 109476K, reserved 1144832K
  class space    used 13437K, capacity 14427K, committed 14464K, reserved 1048576K
}
Event: 335.940 GC heap before
{Heap before GC invocations=60 (full 0):
 garbage-first heap   total 165888K, used 115998K [0x0000000080000000, 0x0000000100000000)
  region size 1024K, 13 young (13312K), 1 survivors (1024K)
 Metaspace       used 106663K, capacity 109398K, committed 109476K, reserved 1144832K
  class space    used 13437K, capacity 14427K, committed 14464K, reserved 1048576K
}
Event: 335.980 GC heap after
{Heap after GC invocations=61 (full 0):
 garbage-first heap   total 165888K, used 110280K [0x0000000080000000, 0x0000000100000000)
  region size 1024K, 5 young (5120K), 5 survivors (5120K)
 Metaspace       used 106663K, capacity 109398K, committed 109476K, reserved 1144832K
  class space    used 13437K, capacity 14427K, committed 14464K, reserved 1048576K
}
Event: 336.848 GC heap before
{Heap before GC invocations=62 (full 0):
 garbage-first heap   total 165888K, used 134856K [0x0000000080000000, 0x0000000100000000)
  region size 1024K, 26 young (26624K), 5 survivors (5120K)
 Metaspace       used 106710K, capacity 109463K, committed 109732K, reserved 1144832K
  class space    used 13437K, capacity 14427K, committed 14464K, reserved 1048576K
}
Event: 336.964 GC heap after
{Heap after GC invocations=63 (full 0):
 garbage-first heap   total 165888K, used 121168K [0x0000000080000000, 0x0000000100000000)
  region size 1024K, 4 young (4096K), 4 survivors (4096K)
 Metaspace       used 106710K, capacity 109463K, committed 109732K, reserved 1144832K
  class space    used 13437K, capacity 14427K, committed 14464K, reserved 1048576K
}
Event: 337.064 GC heap before
{Heap before GC invocations=63 (full 0):
 garbage-first heap   total 165888K, used 125264K [0x0000000080000000, 0x0000000100000000)
  region size 1024K, 8 young (8192K), 4 survivors (4096K)
 Metaspace       used 106710K, capacity 109463K, committed 109732K, reserved 1144832K
  class space    used 13437K, capacity 14427K, committed 14464K, reserved 1048576K
}
Event: 337.121 GC heap after
{Heap after GC invocations=64 (full 0):
 garbage-first heap   total 165888K, used 119808K [0x0000000080000000, 0x0000000100000000)
  region size 1024K, 1 young (1024K), 1 survivors (1024K)
 Metaspace       used 106710K, capacity 109463K, committed 109732K, reserved 1144832K
  class space    used 13437K, capacity 14427K, committed 14464K, reserved 1048576K
}
Event: 338.238 GC heap before
{Heap before GC invocations=64 (full 0):
 garbage-first heap   total 165888K, used 135168K [0x0000000080000000, 0x0000000100000000)
  region size 1024K, 16 young (16384K), 1 survivors (1024K)
 Metaspace       used 107546K, capacity 110225K, committed 110372K, reserved 1144832K
  class space    used 13587K, capacity 14571K, committed 14592K, reserved 1048576K
}
Event: 338.309 GC heap after
{Heap after GC invocations=65 (full 0):
 garbage-first heap   total 211968K, used 128000K [0x0000000080000000, 0x0000000100000000)
  region size 1024K, 2 young (2048K), 2 survivors (2048K)
 Metaspace       used 107546K, capacity 110225K, committed 110372K, reserved 1144832K
  class space    used 13587K, capacity 14571K, committed 14592K, reserved 1048576K
}
Event: 339.878 GC heap before
{Heap before GC invocations=66 (full 0):
 garbage-first heap   total 211968K, used 154624K [0x0000000080000000, 0x0000000100000000)
  region size 1024K, 29 young (29696K), 2 survivors (2048K)
 Metaspace       used 107572K, capacity 110291K, committed 110372K, reserved 1144832K
  class space    used 13588K, capacity 14571K, committed 14592K, reserved 1048576K
}
Event: 339.995 GC heap after
{Heap after GC invocations=67 (full 0):
 garbage-first heap   total 211968K, used 144128K [0x0000000080000000, 0x0000000100000000)
  region size 1024K, 4 young (4096K), 4 survivors (4096K)
 Metaspace       used 107572K, capacity 110291K, committed 110372K, reserved 1144832K
  class space    used 13588K, capacity 14571K, committed 14592K, reserved 1048576K
}
Event: 340.534 GC heap before
{Heap before GC invocations=67 (full 0):
 garbage-first heap   total 211968K, used 150272K [0x0000000080000000, 0x0000000100000000)
  region size 1024K, 10 young (10240K), 4 survivors (4096K)
 Metaspace       used 107599K, capacity 110292K, committed 110372K, reserved 1144832K
  class space    used 13588K, capacity 14571K, committed 14592K, reserved 1048576K
}
Event: 340.631 GC heap after
{Heap after GC invocations=68 (full 0):
 garbage-first heap   total 211968K, used 147456K [0x0000000080000000, 0x0000000100000000)
  region size 1024K, 2 young (2048K), 2 survivors (2048K)
 Metaspace       used 107599K, capacity 110292K, committed 110372K, reserved 1144832K
  class space    used 13588K, capacity 14571K, committed 14592K, reserved 1048576K
}
Event: 341.148 GC heap before
{Heap before GC invocations=68 (full 0):
 garbage-first heap   total 211968K, used 159744K [0x0000000080000000, 0x0000000100000000)
  region size 1024K, 15 young (15360K), 2 survivors (2048K)
 Metaspace       used 107600K, capacity 110292K, committed 110372K, reserved 1144832K
  class space    used 13588K, capacity 14571K, committed 14592K, reserved 1048576K
}
Event: 341.214 GC heap after
{Heap after GC invocations=69 (full 0):
 garbage-first heap   total 211968K, used 155648K [0x0000000080000000, 0x0000000100000000)
  region size 1024K, 3 young (3072K), 3 survivors (3072K)
 Metaspace       used 107600K, capacity 110292K, committed 110372K, reserved 1144832K
  class space    used 13588K, capacity 14571K, committed 14592K, reserved 1048576K
}
Event: 342.906 GC heap before
{Heap before GC invocations=70 (full 0):
 garbage-first heap   total 211968K, used 172032K [0x0000000080000000, 0x0000000100000000)
  region size 1024K, 17 young (17408K), 3 survivors (3072K)
 Metaspace       used 107601K, capacity 110292K, committed 110372K, reserved 1144832K
  class space    used 13588K, capacity 14571K, committed 14592K, reserved 1048576K
}

Deoptimization events (20 events):
Event: 342.641 Thread 0x00000241c25e9800 DEOPT PACKING pc=0x00000241ab7e80a4 sp=0x000000d1fd1fe800
Event: 342.641 Thread 0x00000241c25e9800 DEOPT UNPACKING pc=0x00000241a35b69aa sp=0x000000d1fd1fe7e8 mode 2
Event: 342.736 Thread 0x00000241c25e9800 Uncommon trap: trap_request=0xffffffbe fr.pc=0x00000241ab3d1250 relative=0x0000000000000d30
Event: 342.736 Thread 0x00000241c25e9800 Uncommon trap: reason=profile_predicate action=maybe_recompile pc=0x00000241ab3d1250 method=com.android.tools.r8.graph.o0.a(Lcom/android/tools/r8/graph/o0;)I @ 45 c2
Event: 342.736 Thread 0x00000241c25e9800 DEOPT PACKING pc=0x00000241ab3d1250 sp=0x000000d1fd1fe870
Event: 342.736 Thread 0x00000241c25e9800 DEOPT UNPACKING pc=0x00000241a35b69aa sp=0x000000d1fd1fe738 mode 2
Event: 342.740 Thread 0x00000241c25e9800 Uncommon trap: trap_request=0xffffffbe fr.pc=0x00000241ab3d1250 relative=0x0000000000000d30
Event: 342.740 Thread 0x00000241c25e9800 Uncommon trap: reason=profile_predicate action=maybe_recompile pc=0x00000241ab3d1250 method=com.android.tools.r8.graph.o0.a(Lcom/android/tools/r8/graph/o0;)I @ 45 c2
Event: 342.740 Thread 0x00000241c25e9800 DEOPT PACKING pc=0x00000241ab3d1250 sp=0x000000d1fd1fe850
Event: 342.740 Thread 0x00000241c25e9800 DEOPT UNPACKING pc=0x00000241a35b69aa sp=0x000000d1fd1fe718 mode 2
Event: 342.740 Thread 0x00000241c25e9800 Uncommon trap: trap_request=0xffffffbe fr.pc=0x00000241ab3d1250 relative=0x0000000000000d30
Event: 342.740 Thread 0x00000241c25e9800 Uncommon trap: reason=profile_predicate action=maybe_recompile pc=0x00000241ab3d1250 method=com.android.tools.r8.graph.o0.a(Lcom/android/tools/r8/graph/o0;)I @ 45 c2
Event: 342.740 Thread 0x00000241c25e9800 DEOPT PACKING pc=0x00000241ab3d1250 sp=0x000000d1fd1fe850
Event: 342.740 Thread 0x00000241c25e9800 DEOPT UNPACKING pc=0x00000241a35b69aa sp=0x000000d1fd1fe718 mode 2
Event: 342.740 Thread 0x00000241c25e9800 Uncommon trap: trap_request=0xffffffbe fr.pc=0x00000241ab3d1250 relative=0x0000000000000d30
Event: 342.740 Thread 0x00000241c25e9800 Uncommon trap: reason=profile_predicate action=maybe_recompile pc=0x00000241ab3d1250 method=com.android.tools.r8.graph.o0.a(Lcom/android/tools/r8/graph/o0;)I @ 45 c2
Event: 342.740 Thread 0x00000241c25e9800 DEOPT PACKING pc=0x00000241ab3d1250 sp=0x000000d1fd1fe850
Event: 342.740 Thread 0x00000241c25e9800 DEOPT UNPACKING pc=0x00000241a35b69aa sp=0x000000d1fd1fe718 mode 2
Event: 342.815 Thread 0x00000241c25e9800 DEOPT PACKING pc=0x00000241a4233ad8 sp=0x000000d1fd1fe200
Event: 342.815 Thread 0x00000241c25e9800 DEOPT UNPACKING pc=0x00000241a35b67c0 sp=0x000000d1fd1fd6d8 mode 0

Classes redefined (0 events):
No events

Internal exceptions (20 events):
Event: 330.101 Thread 0x00000241c25e7000 Exception <a 'java/lang/NoSuchMethodError'{0x0000000087aefbd8}: 'void java.lang.invoke.DirectMethodHandle$Holder.invokeStatic(java.lang.Object, java.lang.Object, java.lang.Object, int)'> (0x0000000087aefbd8) thrown at [./src/hotspot/share/interpreter/linkResolver.cpp, line 773]
Event: 330.109 Thread 0x00000241c25e7000 Exception <a 'java/lang/IncompatibleClassChangeError'{0x0000000087af7ae8}: Found class java.lang.Object, but interface was expected> (0x0000000087af7ae8) thrown at [./src/hotspot/share/interpreter/linkResolver.cpp, line 839]
Event: 330.408 Thread 0x00000241c25e7000 Exception <a 'java/lang/NoSuchMethodError'{0x000000008a149688}: 'void java.lang.invoke.DirectMethodHandle$Holder.invokeStaticInit(java.lang.Object, java.lang.Object, java.lang.Object, java.lang.Object, java.lang.Object)'> (0x000000008a149688) thrown at [./src/hotspot/share/interpreter/linkResolver.cpp, line 773]
Event: 330.500 Thread 0x00000241c25e7000 Exception <a 'java/lang/NoSuchMethodError'{0x000000008a02eef8}: 'java.lang.Object java.lang.invoke.DirectMethodHandle$Holder.invokeStatic(java.lang.Object, int, java.lang.Object, java.lang.Object)'> (0x000000008a02eef8) thrown at [./src/hotspot/share/interpreter/linkResolver.cpp, line 773]
Event: 330.555 Thread 0x00000241c25e7000 Exception <a 'java/lang/NoSuchMethodError'{0x000000008a0cfa00}: 'void java.lang.invoke.DirectMethodHandle$Holder.invokeSpecial(java.lang.Object, java.lang.Object, int, java.lang.Object)'> (0x000000008a0cfa00) thrown at [./src/hotspot/share/interpreter/linkResolver.cpp, line 773]
Event: 330.854 Thread 0x00000241c25e7000 Exception <a 'java/lang/NoSuchMethodError'{0x0000000089b44310}: 'java.lang.Object java.lang.invoke.DirectMethodHandle$Holder.invokeVirtual(java.lang.Object, java.lang.Object, int, java.lang.Object)'> (0x0000000089b44310) thrown at [./src/hotspot/share/interpreter/linkResolver.cpp, line 773]
Event: 330.928 Thread 0x00000241c25e7000 Exception <a 'java/lang/NoSuchMethodError'{0x0000000089a14390}: 'void java.lang.invoke.DirectMethodHandle$Holder.invokeVirtual(java.lang.Object, java.lang.Object, int, java.lang.Object)'> (0x0000000089a14390) thrown at [./src/hotspot/share/interpreter/linkResolver.cpp, line 773]
Event: 332.568 Thread 0x00000241c25e7000 Exception <a 'java/lang/NoSuchMethodError'{0x0000000088ef4860}: 'java.lang.Object java.lang.invoke.DirectMethodHandle$Holder.invokeSpecial(java.lang.Object, java.lang.Object, java.lang.Object, java.lang.Object, java.lang.Object, java.lang.Object, java.lang.Object, java.lang.Object, java.lang.Object, java.lang.Object)'> (0x0000000088ef4860) thrown at [./src/hotspot/share/interpreter/linkResolver.cpp, line 773]
Event: 332.569 Thread 0x00000241c25e7000 Exception <a 'java/lang/NoSuchMethodError'{0x0000000088ef8950}: 'java.lang.Object java.lang.invoke.Invokers$Holder.linkToTargetMethod(java.lang.Object, java.lang.Object, java.lang.Object, java.lang.Object, java.lang.Object, java.lang.Object, java.lang.Object, java.lang.Object, java.lang.Object)'> (0x0000000088ef8950) thrown at [./src/hotspot/share/interpreter/linkResolver.cpp, line 773]
Event: 332.731 Thread 0x00000241c25e7000 Exception <a 'java/lang/NoSuchMethodError'{0x0000000088b95410}: 'void java.lang.invoke.DirectMethodHandle$Holder.invokeVirtual(java.lang.Object, java.lang.Object, int)'> (0x0000000088b95410) thrown at [./src/hotspot/share/interpreter/linkResolver.cpp, line 773]
Event: 332.792 Thread 0x00000241c25e7000 Exception <a 'sun/nio/fs/WindowsException'{0x0000000088a19fc8}> (0x0000000088a19fc8) thrown at [./src/hotspot/share/prims/jni.cpp, line 615]
Event: 332.814 Thread 0x00000241c25e7000 Exception <a 'sun/nio/fs/WindowsException'{0x0000000088a2b090}> (0x0000000088a2b090) thrown at [./src/hotspot/share/prims/jni.cpp, line 615]
Event: 332.822 Thread 0x00000241c25e7000 Exception <a 'sun/nio/fs/WindowsException'{0x0000000088a33570}> (0x0000000088a33570) thrown at [./src/hotspot/share/prims/jni.cpp, line 615]
Event: 332.826 Thread 0x00000241c25e7000 Exception <a 'sun/nio/fs/WindowsException'{0x0000000088a3a4e8}> (0x0000000088a3a4e8) thrown at [./src/hotspot/share/prims/jni.cpp, line 615]
Event: 332.844 Thread 0x00000241c25e7000 Exception <a 'sun/nio/fs/WindowsException'{0x0000000088a43070}> (0x0000000088a43070) thrown at [./src/hotspot/share/prims/jni.cpp, line 615]
Event: 332.852 Thread 0x00000241c25e7000 Exception <a 'sun/nio/fs/WindowsException'{0x0000000088a4ece0}> (0x0000000088a4ece0) thrown at [./src/hotspot/share/prims/jni.cpp, line 615]
Event: 332.872 Thread 0x00000241c25e7000 Exception <a 'sun/nio/fs/WindowsException'{0x00000000889d0530}> (0x00000000889d0530) thrown at [./src/hotspot/share/prims/jni.cpp, line 615]
Event: 334.827 Thread 0x00000241c25e8000 Exception <a 'java/lang/NoSuchMethodError'{0x00000000884bdf50}: <clinit>> (0x00000000884bdf50) thrown at [./src/hotspot/share/prims/jni.cpp, line 1362]
Event: 335.541 Thread 0x00000241c25e7000 Exception <a 'sun/nio/fs/WindowsException'{0x000000008a1723f8}> (0x000000008a1723f8) thrown at [./src/hotspot/share/prims/jni.cpp, line 615]
Event: 336.968 Thread 0x00000241c25e7000 Implicit null exception at 0x00000241ab15d81d to 0x00000241ab15e264

Events (20 events):
Event: 338.309 Executing VM operation: G1CollectForAllocation done
Event: 338.846 Executing VM operation: CGC_Operation
Event: 338.896 Executing VM operation: CGC_Operation done
Event: 339.167 Executing VM operation: CGC_Operation
Event: 339.167 Executing VM operation: CGC_Operation done
Event: 339.177 loading class com/android/tools/r8/s/a/a/a/r
Event: 339.177 loading class com/android/tools/r8/s/a/a/a/r done
Event: 339.322 loading class com/android/tools/r8/dex/n$a
Event: 339.322 loading class com/android/tools/r8/dex/n$a done
Event: 339.877 Executing VM operation: G1CollectForAllocation
Event: 339.995 Executing VM operation: G1CollectForAllocation done
Event: 340.533 Executing VM operation: G1CollectForAllocation
Event: 340.631 Executing VM operation: G1CollectForAllocation done
Event: 341.147 Executing VM operation: G1CollectForAllocation
Event: 341.214 Executing VM operation: G1CollectForAllocation done
Event: 341.988 Executing VM operation: CGC_Operation
Event: 342.047 Executing VM operation: CGC_Operation done
Event: 342.473 Executing VM operation: CGC_Operation
Event: 342.474 Executing VM operation: CGC_Operation done
Event: 342.905 Executing VM operation: G1CollectForAllocation


Dynamic libraries:
0x00007ff67ad20000 - 0x00007ff67ad2a000 	C:\Program Files\Android\Android Studio\jre\bin\java.exe
0x00007fff52620000 - 0x00007fff52801000 	C:\Windows\SYSTEM32\ntdll.dll
0x00007fff51df0000 - 0x00007fff51ea2000 	C:\Windows\System32\KERNEL32.DLL
0x00007fff4f830000 - 0x00007fff4faa3000 	C:\Windows\System32\KERNELBASE.dll
0x00007fff4f680000 - 0x00007fff4f77a000 	C:\Windows\System32\ucrtbase.dll
0x00007fff40780000 - 0x00007fff40797000 	C:\Program Files\Android\Android Studio\jre\bin\VCRUNTIME140.dll
0x00007fff40700000 - 0x00007fff40719000 	C:\Program Files\Android\Android Studio\jre\bin\jli.dll
0x00007fff52460000 - 0x00007fff525f0000 	C:\Windows\System32\USER32.dll
0x00007fff423d0000 - 0x00007fff42639000 	C:\Windows\WinSxS\amd64_microsoft.windows.common-controls_6595b64144ccf1df_6.0.17133.73_none_b4b127863cb5b9c7\COMCTL32.dll
0x00007fff4eb90000 - 0x00007fff4ebb0000 	C:\Windows\System32\win32u.dll
0x00007fff51580000 - 0x00007fff5161e000 	C:\Windows\System32\msvcrt.dll
0x00007fff511c0000 - 0x00007fff511e8000 	C:\Windows\System32\GDI32.dll
0x00007fff52020000 - 0x00007fff52343000 	C:\Windows\System32\combase.dll
0x00007fff51cc0000 - 0x00007fff51de4000 	C:\Windows\System32\RPCRT4.dll
0x00007fff4e9f0000 - 0x00007fff4eb82000 	C:\Windows\System32\gdi32full.dll
0x00007fff4ec00000 - 0x00007fff4ec9f000 	C:\Windows\System32\msvcp_win.dll
0x00007fff4f5a0000 - 0x00007fff4f61a000 	C:\Windows\System32\bcryptPrimitives.dll
0x00007fff51130000 - 0x00007fff5115d000 	C:\Windows\System32\IMM32.DLL
0x00007fff272c0000 - 0x00007fff2735d000 	C:\Program Files\Android\Android Studio\jre\bin\msvcp140.dll
0x00007fff149e0000 - 0x00007fff1549c000 	C:\Program Files\Android\Android Studio\jre\bin\server\jvm.dll
0x00007fff52350000 - 0x00007fff523f1000 	C:\Windows\System32\ADVAPI32.dll
0x00007fff51520000 - 0x00007fff5157b000 	C:\Windows\System32\sechost.dll
0x00007fff50f00000 - 0x00007fff50f08000 	C:\Windows\System32\PSAPI.DLL
0x00007fff48650000 - 0x00007fff48659000 	C:\Windows\SYSTEM32\WSOCK32.dll
0x00007fff4c760000 - 0x00007fff4c783000 	C:\Windows\SYSTEM32\WINMM.dll
0x00007fff514b0000 - 0x00007fff5151c000 	C:\Windows\System32\WS2_32.dll
0x00007fff4c730000 - 0x00007fff4c75a000 	C:\Windows\SYSTEM32\WINMMBASE.dll
0x00007fff41810000 - 0x00007fff4181a000 	C:\Windows\SYSTEM32\VERSION.dll
0x00007fff4ebb0000 - 0x00007fff4ebf9000 	C:\Windows\System32\cfgmgr32.dll
0x00007fff4e9d0000 - 0x00007fff4e9e1000 	C:\Windows\System32\kernel.appcore.dll
0x00007fff406b0000 - 0x00007fff406c1000 	C:\Program Files\Android\Android Studio\jre\bin\verify.dll
0x00007fff3d3c0000 - 0x00007fff3d589000 	C:\Windows\SYSTEM32\DBGHELP.DLL
0x00007fff3dde0000 - 0x00007fff3de09000 	C:\Windows\SYSTEM32\dbgcore.DLL
0x00007fff40680000 - 0x00007fff406a9000 	C:\Program Files\Android\Android Studio\jre\bin\java.dll
0x00007fff48620000 - 0x00007fff4862b000 	C:\Program Files\Android\Android Studio\jre\bin\jimage.dll
0x00007fff40660000 - 0x00007fff40678000 	C:\Program Files\Android\Android Studio\jre\bin\zip.dll
0x00007fff4fab0000 - 0x00007fff50ef0000 	C:\Windows\System32\SHELL32.dll
0x00007fff51400000 - 0x00007fff514a9000 	C:\Windows\System32\shcore.dll
0x00007fff4eca0000 - 0x00007fff4f3ad000 	C:\Windows\System32\windows.storage.dll
0x00007fff51370000 - 0x00007fff513c1000 	C:\Windows\System32\shlwapi.dll
0x00007fff4e930000 - 0x00007fff4e94f000 	C:\Windows\System32\profapi.dll
0x00007fff4e980000 - 0x00007fff4e9cc000 	C:\Windows\System32\powrprof.dll
0x00007fff4e950000 - 0x00007fff4e95a000 	C:\Windows\System32\FLTLIB.DLL
0x00007fff40640000 - 0x00007fff4065a000 	C:\Program Files\Android\Android Studio\jre\bin\net.dll
0x00007fff43750000 - 0x00007fff4382d000 	C:\Windows\SYSTEM32\WINHTTP.dll
0x00007fff4e150000 - 0x00007fff4e1b6000 	C:\Windows\system32\mswsock.dll
0x00007fff3aa10000 - 0x00007fff3aa24000 	C:\Program Files\Android\Android Studio\jre\bin\nio.dll
0x00007fff34f00000 - 0x00007fff34f27000 	C:\Users\MISHECK\.gradle\native\fdc75f09e3144964f2cf3f50f0aa648679c211496f362492102eb8c894070792\windows-amd64\native-platform.dll
0x00007fff25dc0000 - 0x00007fff25f56000 	C:\Users\MISHECK\.gradle\native\12488b8bf47d2d4c9fbf2f6322a914ad602e24e48041cd04a747c6da556b65c4\windows-amd64\native-platform-file-events.dll
0x00007fff43c40000 - 0x00007fff43c4a000 	C:\Program Files\Android\Android Studio\jre\bin\management.dll
0x00007fff40770000 - 0x00007fff4077c000 	C:\Program Files\Android\Android Studio\jre\bin\management_ext.dll
0x00007fff4e300000 - 0x00007fff4e317000 	C:\Windows\SYSTEM32\CRYPTSP.dll
0x00007fff4dd30000 - 0x00007fff4dd63000 	C:\Windows\system32\rsaenh.dll
0x00007fff4e4e0000 - 0x00007fff4e505000 	C:\Windows\SYSTEM32\bcrypt.dll
0x00007fff4e830000 - 0x00007fff4e858000 	C:\Windows\SYSTEM32\USERENV.dll
0x00007fff4e320000 - 0x00007fff4e32b000 	C:\Windows\SYSTEM32\CRYPTBASE.dll
0x00007fff4ded0000 - 0x00007fff4df08000 	C:\Windows\SYSTEM32\IPHLPAPI.DLL
0x00007fff50ef0000 - 0x00007fff50ef8000 	C:\Windows\System32\NSI.dll
0x00007fff43250000 - 0x00007fff43266000 	C:\Windows\SYSTEM32\dhcpcsvc6.DLL
0x00007fff43230000 - 0x00007fff4324a000 	C:\Windows\SYSTEM32\dhcpcsvc.DLL
0x00007fff43290000 - 0x00007fff4329b000 	C:\Windows\SYSTEM32\WINNSI.DLL
0x00007fff34f30000 - 0x00007fff34f57000 	C:\Program Files\Android\Android Studio\jre\bin\sunec.dll

dbghelp: loaded successfully - version: 4.0.5 - missing functions: none
symbol engine: initialized successfully - sym options: 0x614 - pdb path: .;C:\Program Files\Android\Android Studio\jre\bin;C:\Windows\SYSTEM32;C:\Windows\WinSxS\amd64_microsoft.windows.common-controls_6595b64144ccf1df_6.0.17133.73_none_b4b127863cb5b9c7;C:\Program Files\Android\Android Studio\jre\bin\server;C:\Users\MISHECK\.gradle\native\fdc75f09e3144964f2cf3f50f0aa648679c211496f362492102eb8c894070792\windows-amd64;C:\Users\MISHECK\.gradle\native\12488b8bf47d2d4c9fbf2f6322a914ad602e24e48041cd04a747c6da556b65c4\windows-amd64

VM Arguments:
jvm_args: --add-opens=java.base/java.util=ALL-UNNAMED --add-opens=java.base/java.lang=ALL-UNNAMED --add-opens=java.base/java.lang.invoke=ALL-UNNAMED --add-opens=java.prefs/java.util.prefs=ALL-UNNAMED -Xmx2048m -Dfile.encoding=UTF-8 -Duser.country=US -Duser.language=en -Duser.variant 
java_command: org.gradle.launcher.daemon.bootstrap.GradleDaemon 6.7.1
java_class_path (initial): C:\Users\MISHECK\.gradle\wrapper\dists\gradle-6.7.1-bin\bwlcbys1h7rz3272sye1xwiv6\gradle-6.7.1\lib\gradle-launcher-6.7.1.jar
Launcher Type: SUN_STANDARD

[Global flags]
     intx CICompilerCount                          = 2                                         {product} {ergonomic}
     uint ConcGCThreads                            = 1                                         {product} {ergonomic}
     uint G1ConcRefinementThreads                  = 2                                         {product} {ergonomic}
   size_t G1HeapRegionSize                         = 1048576                                   {product} {ergonomic}
    uintx GCDrainStackTargetSize                   = 64                                        {product} {ergonomic}
   size_t InitialHeapSize                          = 67108864                                  {product} {ergonomic}
   size_t MarkStackSize                            = 4194304                                   {product} {ergonomic}
   size_t MaxHeapSize                              = 2147483648                                {product} {command line}
   size_t MaxNewSize                               = 1287651328                                {product} {ergonomic}
   size_t MinHeapDeltaBytes                        = 1048576                                   {product} {ergonomic}
    uintx NonNMethodCodeHeapSize                   = 5825164                                {pd product} {ergonomic}
    uintx NonProfiledCodeHeapSize                  = 122916538                              {pd product} {ergonomic}
    uintx ProfiledCodeHeapSize                     = 122916538                              {pd product} {ergonomic}
    uintx ReservedCodeCacheSize                    = 251658240                              {pd product} {ergonomic}
     bool SegmentedCodeCache                       = true                                      {product} {ergonomic}
     bool UseCompressedClassPointers               = true                                 {lp64_product} {ergonomic}
     bool UseCompressedOops                        = true                                 {lp64_product} {ergonomic}
     bool UseG1GC                                  = true                                      {product} {ergonomic}
     bool UseLargePagesIndividualAllocation        = false                                  {pd product} {ergonomic}

Logging:
Log output configuration:
 #0: stdout all=warning uptime,level,tags
 #1: stderr all=off uptime,level,tags

Environment Variables:
JAVA_HOME=C:\Program Files\Java\jdk1.8.0_191
PATH=C:\Program Files (x86)\Common Files\Oracle\Java\javapath;C:\Windows\system32;C:\Windows;C:\Windows\System32\Wbem;C:\Windows\System32\WindowsPowerShell\v1.0\;C:\Windows\System32\OpenSSH\;C:\Program Files (x86)\Git\cmd;C:\Program Files\nodejs\;C:\Program Files\Java\jdk1.8.0_191\bin;C:\Users\MISHECK\AppData\Roaming\npm;C:\Exercism;C:\Users\MISHECK\AppData\Local\Programs\Python\Python39;C:\Users\MISHECK\AppData\Local\Programs\Microsoft VS Code\bin;C:\Program Files\CodeBlocks\MinGW\bin;
USERNAME=MISHECK
OS=Windows_NT
PROCESSOR_IDENTIFIER=Intel64 Family 6 Model 55 Stepping 8, GenuineIntel



---------------  S Y S T E M  ---------------

OS: Windows 10 , 64 bit Build 17133 (10.0.17133.73)
OS uptime: 0 days 21:30 hours

CPU:total 2 (initial active 2) (2 cores per cpu, 1 threads per core) family 6 model 55 stepping 8, cmov, cx8, fxsr, mmx, sse, sse2, sse3, ssse3, sse4.1, sse4.2, popcnt, clmul, erms, 3dnowpref, tsc, tscinvbit

Memory: 4k page, system-wide physical 3987M (452M free)
TotalPageFile size 5381M (AvailPageFile size 134M)
current process WorkingSet (physical memory assigned to process): 499M, peak: 502M
current process commit charge ("private bytes"): 537M, peak: 685M

vm_info: OpenJDK 64-Bit Server VM (11.0.8+10-b944.6842174) for windows-amd64 JRE (11.0.8+10-b944.6842174), built on Sep 19 2020 01:11:42 by "builder" with MS VC++ 14.0 (VS2015)

END.
