#
# There is insufficient memory for the Java Runtime Environment to continue.
# Native memory allocation (mmap) failed to map 74448896 bytes for Failed to commit area from 0x000000008d900000 to 0x0000000092000000 of length 74448896.
# Possible reasons:
#   The system is out of physical RAM or swap space
#   The process is running with CompressedOops enabled, and the Java Heap may be blocking the growth of the native heap
# Possible solutions:
#   Reduce memory load on the system
#   Increase physical memory or swap space
#   Check if swap backing store is full
#   Decrease Java heap size (-Xmx/-Xms)
#   Decrease number of Java threads
#   Decrease Java thread stack sizes (-Xss)
#   Set larger code cache with -XX:ReservedCodeCacheSize=
#   JVM is running with Unscaled Compressed Oops mode in which the Java heap is
#     placed in the first 4GB address space. The Java Heap base address is the
#     maximum limit for the native heap growth. Please use -XX:HeapBaseMinAddress
#     to set the Java Heap base and to place the Java Heap above 4GB virtual address.
# This output file may be truncated or incomplete.
#
#  Out of Memory Error (./src/hotspot/os/windows/os_windows.cpp:3303), pid=23208, tid=8348
#
# JRE version: OpenJDK Runtime Environment (11.0.8+10) (build 11.0.8+10-b944.6842174)
# Java VM: OpenJDK 64-Bit Server VM (11.0.8+10-b944.6842174, mixed mode, tiered, compressed oops, g1 gc, windows-amd64)
# No core dump will be written. Minidumps are not enabled by default on client versions of Windows
#

---------------  S U M M A R Y ------------

Command Line: --add-opens=java.base/java.util=ALL-UNNAMED --add-opens=java.base/java.lang=ALL-UNNAMED --add-opens=java.base/java.lang.invoke=ALL-UNNAMED --add-opens=java.prefs/java.util.prefs=ALL-UNNAMED -Xmx2048m -Dfile.encoding=UTF-8 -Duser.country=US -Duser.language=en -Duser.variant org.gradle.launcher.daemon.bootstrap.GradleDaemon 6.7.1

Host: Intel(R) Celeron(R) CPU  N2840  @ 2.16GHz, 2 cores, 3G,  Windows 10 , 64 bit Build 17133 (10.0.17133.73)
Time: Wed Jul  7 07:48:01 2021 Pacific Daylight Time elapsed time: 115 seconds (0d 0h 1m 55s)

---------------  T H R E A D  ---------------

Current thread (0x000001df792d2800):  VMThread "VM Thread" [stack: 0x0000007f08300000,0x0000007f08400000] [id=8348]

Stack: [0x0000007f08300000,0x0000007f08400000]
[error occurred during error reporting (printing stack bounds), id 0xc0000005, EXCEPTION_ACCESS_VIOLATION (0xc0000005) at pc=0x000001df63550dbe]

Native frames: (J=compiled Java code, j=interpreted, Vv=VM code, C=native code)
V  [jvm.dll+0x5de50a]
V  [jvm.dll+0x7122f5]
V  [jvm.dll+0x71384d]
V  [jvm.dll+0x713e65]
V  [jvm.dll+0x713e1b]
V  [jvm.dll+0x5dd958]
V  [jvm.dll+0x5de0f8]
C  [ntdll.dll+0x9eddd]
C  [ntdll.dll+0x6c86]
C  [ntdll.dll+0x9dd0e]
C  0x000001df63550dbe

VM_Operation (0x0000007f07bfe6b0): G1CollectForAllocation, mode: safepoint, requested by thread 0x000001df7e1f1000


---------------  P R O C E S S  ---------------

Threads class SMR info:
_java_thread_list=0x000001df00681ad0, length=43, elements={
0x000001df5fbdb800, 0x000001df792d4800, 0x000001df792df800, 0x000001df79338800,
0x000001df79339800, 0x000001df7933b800, 0x000001df7933f800, 0x000001df79b56000,
0x000001df79ca5000, 0x000001df79cbb800, 0x000001df7b3ac000, 0x000001df7b41a800,
0x000001df7a502800, 0x000001df7b88b800, 0x000001df7b1d7800, 0x000001df7b0a9800,
0x000001df7b1e6800, 0x000001df7b0f6800, 0x000001df7b33a800, 0x000001df79e86000,
0x000001df79e8a000, 0x000001df79e8b000, 0x000001df79e89800, 0x000001df79e88000,
0x000001df79e8c000, 0x000001df79e87000, 0x000001df79e8c800, 0x000001df7e1f2000,
0x000001df7e1f0000, 0x000001df7e1f3800, 0x000001df7e1f4800, 0x000001df7a4ee000,
0x000001df7a4f3800, 0x000001df7a4f0800, 0x000001df7a4f5000, 0x000001df7a4f8800,
0x000001df7a4f6000, 0x000001df7a4f7000, 0x000001df7a4fa000, 0x000001df7a4f4800,
0x000001df7a4f7800, 0x000001df7e1f6800, 0x000001df7e1f1000
}

Java Threads: ( => current thread )
  0x000001df5fbdb800 JavaThread "main" [_thread_blocked, id=19868, stack(0x0000007f07d00000,0x0000007f07e00000)]
  0x000001df792d4800 JavaThread "Reference Handler" daemon [_thread_blocked, id=10484, stack(0x0000007f08400000,0x0000007f08500000)]
  0x000001df792df800 JavaThread "Finalizer" daemon [_thread_blocked, id=8324, stack(0x0000007f08500000,0x0000007f08600000)]
  0x000001df79338800 JavaThread "Signal Dispatcher" daemon [_thread_blocked, id=21468, stack(0x0000007f08600000,0x0000007f08700000)]
  0x000001df79339800 JavaThread "Attach Listener" daemon [_thread_blocked, id=18888, stack(0x0000007f08700000,0x0000007f08800000)]
  0x000001df7933b800 JavaThread "C2 CompilerThread0" daemon [_thread_in_native, id=13472, stack(0x0000007f08800000,0x0000007f08900000)]
  0x000001df7933f800 JavaThread "C1 CompilerThread0" daemon [_thread_blocked, id=21616, stack(0x0000007f08900000,0x0000007f08a00000)]
  0x000001df79b56000 JavaThread "Sweeper thread" daemon [_thread_blocked, id=14656, stack(0x0000007f08a00000,0x0000007f08b00000)]
  0x000001df79ca5000 JavaThread "Common-Cleaner" daemon [_thread_blocked, id=11416, stack(0x0000007f08b00000,0x0000007f08c00000)]
  0x000001df79cbb800 JavaThread "Service Thread" daemon [_thread_blocked, id=24608, stack(0x0000007f08c00000,0x0000007f08d00000)]
  0x000001df7b3ac000 JavaThread "Daemon health stats" [_thread_blocked, id=19924, stack(0x0000007f08f00000,0x0000007f09000000)]
  0x000001df7b41a800 JavaThread "Incoming local TCP Connector on port 57911" [_thread_in_native, id=19892, stack(0x0000007f09100000,0x0000007f09200000)]
  0x000001df7a502800 JavaThread "Daemon periodic checks" [_thread_blocked, id=14880, stack(0x0000007f09200000,0x0000007f09300000)]
  0x000001df7b88b800 JavaThread "Daemon" [_thread_blocked, id=18428, stack(0x0000007f09300000,0x0000007f09400000)]
  0x000001df7b1d7800 JavaThread "Handler for socket connection from /127.0.0.1:57911 to /127.0.0.1:57912" [_thread_in_native, id=15840, stack(0x0000007f09400000,0x0000007f09500000)]
  0x000001df7b0a9800 JavaThread "Cancel handler" [_thread_blocked, id=4708, stack(0x0000007f09500000,0x0000007f09600000)]
  0x000001df7b1e6800 JavaThread "Daemon worker" [_thread_blocked, id=23060, stack(0x0000007f09600000,0x0000007f09700000)]
  0x000001df7b0f6800 JavaThread "Asynchronous log dispatcher for DefaultDaemonConnection: socket connection from /127.0.0.1:57911 to /127.0.0.1:57912" [_thread_blocked, id=23160, stack(0x0000007f09700000,0x0000007f09800000)]
  0x000001df7b33a800 JavaThread "Thread-8" [_thread_blocked, id=9108, stack(0x0000007f09900000,0x0000007f09a00000)]
  0x000001df79e86000 JavaThread "Cache worker for file hash cache (C:\Users\MISHECK\.gradle\caches\6.7.1\fileHashes)" [_thread_blocked, id=18036, stack(0x0000007f09a00000,0x0000007f09b00000)]
  0x000001df79e8a000 JavaThread "File lock request listener" [_thread_in_native, id=25344, stack(0x0000007f09b00000,0x0000007f09c00000)]
  0x000001df79e8b000 JavaThread "Cache worker for journal cache (C:\Users\MISHECK\.gradle\caches\journal-1)" [_thread_blocked, id=25140, stack(0x0000007f09c00000,0x0000007f09d00000)]
  0x000001df79e89800 JavaThread "Cache worker for file hash cache (C:\Users\MISHECK\AndroidStudioProjects\ChildSafetyApp\.gradle\6.7.1\fileHashes)" [_thread_blocked, id=9684, stack(0x0000007f09d00000,0x0000007f09e00000)]
  0x000001df79e88000 JavaThread "Cache worker for checksums cache (C:\Users\MISHECK\AndroidStudioProjects\ChildSafetyApp\.gradle\checksums)" [_thread_blocked, id=24456, stack(0x0000007f09e00000,0x0000007f09f00000)]
  0x000001df79e8c000 JavaThread "Cache worker for cache directory md-supplier (C:\Users\MISHECK\.gradle\caches\6.7.1\md-supplier)" [_thread_blocked, id=25596, stack(0x0000007f09f00000,0x0000007f0a000000)]
  0x000001df79e87000 JavaThread "Cache worker for cache directory md-rule (C:\Users\MISHECK\.gradle\caches\6.7.1\md-rule)" [_thread_blocked, id=17136, stack(0x0000007f0a000000,0x0000007f0a100000)]
  0x000001df79e8c800 JavaThread "Cache worker for execution history cache (C:\Users\MISHECK\.gradle\caches\6.7.1\executionHistory)" [_thread_blocked, id=18348, stack(0x0000007f0a100000,0x0000007f0a200000)]
  0x000001df7e1f2000 JavaThread "Cache worker for file content cache (C:\Users\MISHECK\.gradle\caches\6.7.1\fileContent)" [_thread_blocked, id=23780, stack(0x0000007f0a300000,0x0000007f0a400000)]
  0x000001df7e1f0000 JavaThread "Cache worker for Build Output Cleanup Cache (C:\Users\MISHECK\AndroidStudioProjects\ChildSafetyApp\.gradle\buildOutputCleanup)" [_thread_blocked, id=16896, stack(0x0000007f0a400000,0x0000007f0a500000)]
  0x000001df7e1f3800 JavaThread "Build operations" [_thread_blocked, id=17936, stack(0x0000007f0a500000,0x0000007f0a600000)]
  0x000001df7e1f4800 JavaThread "Build operations Thread 2" [_thread_blocked, id=9032, stack(0x0000007f0a600000,0x0000007f0a700000)]
  0x000001df7a4ee000 JavaThread "Memory manager" [_thread_blocked, id=21116, stack(0x0000007f10700000,0x0000007f10800000)]
  0x000001df7a4f3800 JavaThread "build event listener" [_thread_blocked, id=14172, stack(0x0000007f10800000,0x0000007f10900000)]
  0x000001df7a4f0800 JavaThread "build event listener" [_thread_blocked, id=4924, stack(0x0000007f10900000,0x0000007f10a00000)]
  0x000001df7a4f5000 JavaThread "Execution worker for ':'" [_thread_blocked, id=22780, stack(0x0000007f10a00000,0x0000007f10b00000)]
  0x000001df7a4f8800 JavaThread "Cache worker for execution history cache (C:\Users\MISHECK\AndroidStudioProjects\ChildSafetyApp\.gradle\6.7.1\executionHistory)" [_thread_blocked, id=17448, stack(0x0000007f10b00000,0x0000007f10c00000)]
  0x000001df7a4f6000 JavaThread "WorkerExecutor Queue" [_thread_blocked, id=23568, stack(0x0000007f10d00000,0x0000007f10e00000)]
  0x000001df7a4f7000 JavaThread "WorkerExecutor Queue Thread 2" [_thread_blocked, id=14388, stack(0x0000007f10e00000,0x0000007f10f00000)]
  0x000001df7a4fa000 JavaThread "pool-4-thread-1" [_thread_blocked, id=3272, stack(0x0000007f10f00000,0x0000007f11000000)]
  0x000001df7a4f4800 JavaThread "stderr" [_thread_in_native, id=16748, stack(0x0000007f11000000,0x0000007f11100000)]
  0x000001df7a4f7800 JavaThread "stdout" [_thread_in_native, id=21804, stack(0x0000007f11100000,0x0000007f11200000)]
  0x000001df7e1f6800 JavaThread "ForkJoinPool-1-worker-3" daemon [_thread_blocked, id=17744, stack(0x0000007f07a00000,0x0000007f07b00000)]
  0x000001df7e1f1000 JavaThread "ForkJoinPool-1-worker-1" daemon [_thread_blocked, id=10460, stack(0x0000007f07b00000,0x0000007f07c00000)]

Other Threads:
=>0x000001df792d2800 VMThread "VM Thread" [stack: 0x0000007f08300000,0x0000007f08400000] [id=8348]
  0x000001df79cc4800 WatcherThread [stack: 0x0000007f08d00000,0x0000007f08e00000] [id=6548]
  0x000001df5fbf3000 GCTaskThread "GC Thread#0" [stack: 0x0000007f07e00000,0x0000007f07f00000] [id=18712]
  0x000001df79d47800 GCTaskThread "GC Thread#1" [stack: 0x0000007f08e00000,0x0000007f08f00000] [id=12520]
  0x000001df5fc23000 ConcurrentGCThread "G1 Main Marker" [stack: 0x0000007f07f00000,0x0000007f08000000] [id=19536]
  0x000001df5fc29000 ConcurrentGCThread "G1 Conc#0" [stack: 0x0000007f08000000,0x0000007f08100000] [id=23872]
  0x000001df5fc7c800 ConcurrentGCThread "G1 Refine#0" [stack: 0x0000007f08100000,0x0000007f08200000] [id=1052]
  0x000001df006a7800 ConcurrentGCThread "G1 Refine#1" [stack: 0x0000007f10c00000,0x0000007f10d00000] [id=20928]
  0x000001df5fc7f800 ConcurrentGCThread "G1 Young RemSet Sampling" [stack: 0x0000007f08200000,0x0000007f08300000] [id=13916]

Threads with active compile tasks:
C2 CompilerThread0 116099 11835       4       com.android.tools.r8.graph.l0::a (56 bytes)

VM state:at safepoint (normal execution)

VM Mutex/Monitor currently owned by a thread:  ([mutex/lock_event])
[0x000001df5fbd78b0] Threads_lock - owner thread: 0x000001df792d2800
[0x000001df5fbd7820] Heap_lock - owner thread: 0x000001df7e1f1000

Heap address: 0x0000000080000000, size: 2048 MB, Compressed Oops mode: 32-bit
Narrow klass base: 0x0000000000000000, Narrow klass shift: 3
Compressed class space size: 1073741824 Address: 0x0000000100000000

Heap:
 garbage-first heap   total 294912K, used 181242K [0x0000000080000000, 0x0000000100000000)
  region size 1024K, 2 young (2048K), 2 survivors (2048K)
 Metaspace       used 91855K, capacity 94035K, committed 94080K, reserved 1130496K
  class space    used 11851K, capacity 12657K, committed 12672K, reserved 1048576K
Heap Regions: E=young(eden), S=young(survivor), O=old, HS=humongous(starts), HC=humongous(continues), CS=collection set, F=free, A=archive, TAMS=top-at-mark-start (previous, next)
|   0|0x0000000080000000, 0x0000000080100000, 0x0000000080100000|100%| O|  |TAMS 0x0000000080100000, 0x0000000080100000| Untracked 
|   1|0x0000000080100000, 0x0000000080200000, 0x0000000080200000|100%| O|  |TAMS 0x0000000080200000, 0x0000000080200000| Untracked 
|   2|0x0000000080200000, 0x0000000080300000, 0x0000000080300000|100%| O|  |TAMS 0x0000000080300000, 0x0000000080300000| Untracked 
|   3|0x0000000080300000, 0x0000000080400000, 0x0000000080400000|100%| O|  |TAMS 0x0000000080400000, 0x0000000080400000| Untracked 
|   4|0x0000000080400000, 0x0000000080500000, 0x0000000080500000|100%|HS|  |TAMS 0x0000000080500000, 0x0000000080500000| Complete 
|   5|0x0000000080500000, 0x0000000080600000, 0x0000000080600000|100%|HC|  |TAMS 0x0000000080600000, 0x0000000080600000| Complete 
|   6|0x0000000080600000, 0x0000000080700000, 0x0000000080700000|100%|HC|  |TAMS 0x0000000080700000, 0x0000000080700000| Complete 
|   7|0x0000000080700000, 0x0000000080800000, 0x0000000080800000|100%| O|  |TAMS 0x0000000080800000, 0x0000000080800000| Untracked 
|   8|0x0000000080800000, 0x0000000080900000, 0x0000000080900000|100%| O|  |TAMS 0x0000000080900000, 0x0000000080900000| Untracked 
|   9|0x0000000080900000, 0x0000000080a00000, 0x0000000080a00000|100%| O|  |TAMS 0x0000000080a00000, 0x0000000080a00000| Untracked 
|  10|0x0000000080a00000, 0x0000000080b00000, 0x0000000080b00000|100%| O|  |TAMS 0x0000000080b00000, 0x0000000080b00000| Untracked 
|  11|0x0000000080b00000, 0x0000000080c00000, 0x0000000080c00000|100%| O|  |TAMS 0x0000000080c00000, 0x0000000080c00000| Untracked 
|  12|0x0000000080c00000, 0x0000000080d00000, 0x0000000080d00000|100%| O|  |TAMS 0x0000000080d00000, 0x0000000080d00000| Untracked 
|  13|0x0000000080d00000, 0x0000000080e00000, 0x0000000080e00000|100%| O|  |TAMS 0x0000000080e00000, 0x0000000080e00000| Untracked 
|  14|0x0000000080e00000, 0x0000000080f00000, 0x0000000080f00000|100%| O|  |TAMS 0x0000000080f00000, 0x0000000080f00000| Untracked 
|  15|0x0000000080f00000, 0x0000000081000000, 0x0000000081000000|100%| O|  |TAMS 0x0000000081000000, 0x0000000081000000| Untracked 
|  16|0x0000000081000000, 0x0000000081100000, 0x0000000081100000|100%| O|  |TAMS 0x0000000081100000, 0x0000000081100000| Untracked 
|  17|0x0000000081100000, 0x0000000081200000, 0x0000000081200000|100%| O|  |TAMS 0x0000000081200000, 0x0000000081200000| Untracked 
|  18|0x0000000081200000, 0x0000000081300000, 0x0000000081300000|100%| O|  |TAMS 0x0000000081300000, 0x0000000081300000| Untracked 
|  19|0x0000000081300000, 0x0000000081400000, 0x0000000081400000|100%| O|  |TAMS 0x0000000081400000, 0x0000000081400000| Untracked 
|  20|0x0000000081400000, 0x0000000081500000, 0x0000000081500000|100%| O|  |TAMS 0x0000000081500000, 0x0000000081500000| Untracked 
|  21|0x0000000081500000, 0x0000000081600000, 0x0000000081600000|100%| O|  |TAMS 0x0000000081600000, 0x0000000081600000| Untracked 
|  22|0x0000000081600000, 0x0000000081700000, 0x0000000081700000|100%|HS|  |TAMS 0x0000000081700000, 0x0000000081700000| Complete 
|  23|0x0000000081700000, 0x0000000081800000, 0x0000000081800000|100%| O|  |TAMS 0x0000000081800000, 0x0000000081800000| Untracked 
|  24|0x0000000081800000, 0x0000000081900000, 0x0000000081900000|100%| O|  |TAMS 0x0000000081900000, 0x0000000081900000| Untracked 
|  25|0x0000000081900000, 0x0000000081a00000, 0x0000000081a00000|100%|HS|  |TAMS 0x0000000081a00000, 0x0000000081a00000| Complete 
|  26|0x0000000081a00000, 0x0000000081b00000, 0x0000000081b00000|100%|HC|  |TAMS 0x0000000081b00000, 0x0000000081b00000| Complete 
|  27|0x0000000081b00000, 0x0000000081c00000, 0x0000000081c00000|100%| O|  |TAMS 0x0000000081c00000, 0x0000000081c00000| Untracked 
|  28|0x0000000081c00000, 0x0000000081d00000, 0x0000000081d00000|100%| O|  |TAMS 0x0000000081d00000, 0x0000000081d00000| Untracked 
|  29|0x0000000081d00000, 0x0000000081e00000, 0x0000000081e00000|100%| O|  |TAMS 0x0000000081e00000, 0x0000000081e00000| Untracked 
|  30|0x0000000081e00000, 0x0000000081f00000, 0x0000000081f00000|100%| O|  |TAMS 0x0000000081f00000, 0x0000000081f00000| Untracked 
|  31|0x0000000081f00000, 0x0000000082000000, 0x0000000082000000|100%| O|  |TAMS 0x0000000082000000, 0x0000000082000000| Untracked 
|  32|0x0000000082000000, 0x0000000082100000, 0x0000000082100000|100%| O|  |TAMS 0x0000000082100000, 0x0000000082100000| Untracked 
|  33|0x0000000082100000, 0x0000000082200000, 0x0000000082200000|100%| O|  |TAMS 0x0000000082200000, 0x0000000082200000| Untracked 
|  34|0x0000000082200000, 0x0000000082300000, 0x0000000082300000|100%| O|  |TAMS 0x0000000082300000, 0x0000000082300000| Untracked 
|  35|0x0000000082300000, 0x0000000082400000, 0x0000000082400000|100%| O|  |TAMS 0x0000000082400000, 0x0000000082400000| Untracked 
|  36|0x0000000082400000, 0x0000000082500000, 0x0000000082500000|100%| O|  |TAMS 0x0000000082500000, 0x0000000082500000| Untracked 
|  37|0x0000000082500000, 0x0000000082600000, 0x0000000082600000|100%| O|  |TAMS 0x0000000082600000, 0x0000000082600000| Untracked 
|  38|0x0000000082600000, 0x0000000082700000, 0x0000000082700000|100%| O|  |TAMS 0x0000000082700000, 0x0000000082700000| Untracked 
|  39|0x0000000082700000, 0x0000000082800000, 0x0000000082800000|100%| O|  |TAMS 0x0000000082800000, 0x0000000082800000| Untracked 
|  40|0x0000000082800000, 0x0000000082900000, 0x0000000082900000|100%| O|  |TAMS 0x0000000082900000, 0x0000000082900000| Untracked 
|  41|0x0000000082900000, 0x0000000082a00000, 0x0000000082a00000|100%| O|  |TAMS 0x0000000082a00000, 0x0000000082a00000| Untracked 
|  42|0x0000000082a00000, 0x0000000082b00000, 0x0000000082b00000|100%| O|  |TAMS 0x0000000082b00000, 0x0000000082b00000| Untracked 
|  43|0x0000000082b00000, 0x0000000082c00000, 0x0000000082c00000|100%| O|  |TAMS 0x0000000082c00000, 0x0000000082c00000| Untracked 
|  44|0x0000000082c00000, 0x0000000082d00000, 0x0000000082d00000|100%| O|  |TAMS 0x0000000082d00000, 0x0000000082d00000| Untracked 
|  45|0x0000000082d00000, 0x0000000082e00000, 0x0000000082e00000|100%| O|  |TAMS 0x0000000082e00000, 0x0000000082e00000| Untracked 
|  46|0x0000000082e00000, 0x0000000082f00000, 0x0000000082f00000|100%| O|  |TAMS 0x0000000082f00000, 0x0000000082f00000| Untracked 
|  47|0x0000000082f00000, 0x0000000083000000, 0x0000000083000000|100%| O|  |TAMS 0x0000000083000000, 0x0000000083000000| Untracked 
|  48|0x0000000083000000, 0x0000000083100000, 0x0000000083100000|100%| O|  |TAMS 0x0000000083100000, 0x0000000083100000| Untracked 
|  49|0x0000000083100000, 0x0000000083200000, 0x0000000083200000|100%| O|  |TAMS 0x0000000083200000, 0x0000000083200000| Untracked 
|  50|0x0000000083200000, 0x0000000083300000, 0x0000000083300000|100%| O|  |TAMS 0x0000000083300000, 0x0000000083300000| Untracked 
|  51|0x0000000083300000, 0x0000000083400000, 0x0000000083400000|100%| O|  |TAMS 0x0000000083400000, 0x0000000083400000| Untracked 
|  52|0x0000000083400000, 0x0000000083500000, 0x0000000083500000|100%| O|  |TAMS 0x0000000083500000, 0x0000000083500000| Untracked 
|  53|0x0000000083500000, 0x0000000083600000, 0x0000000083600000|100%| O|  |TAMS 0x0000000083600000, 0x0000000083600000| Untracked 
|  54|0x0000000083600000, 0x0000000083700000, 0x0000000083700000|100%| O|  |TAMS 0x0000000083700000, 0x0000000083700000| Untracked 
|  55|0x0000000083700000, 0x0000000083800000, 0x0000000083800000|100%| O|  |TAMS 0x0000000083800000, 0x0000000083800000| Untracked 
|  56|0x0000000083800000, 0x0000000083900000, 0x0000000083900000|100%|HS|  |TAMS 0x0000000083800000, 0x0000000083900000| Complete 
|  57|0x0000000083900000, 0x0000000083a00000, 0x0000000083a00000|100%| O|  |TAMS 0x0000000083a00000, 0x0000000083a00000| Untracked 
|  58|0x0000000083a00000, 0x0000000083b00000, 0x0000000083b00000|100%| O|  |TAMS 0x0000000083b00000, 0x0000000083b00000| Untracked 
|  59|0x0000000083b00000, 0x0000000083c00000, 0x0000000083c00000|100%| O|  |TAMS 0x0000000083c00000, 0x0000000083c00000| Untracked 
|  60|0x0000000083c00000, 0x0000000083d00000, 0x0000000083d00000|100%| O|  |TAMS 0x0000000083c00000, 0x0000000083d00000| Untracked 
|  61|0x0000000083d00000, 0x0000000083e00000, 0x0000000083e00000|100%| O|  |TAMS 0x0000000083e00000, 0x0000000083e00000| Untracked 
|  62|0x0000000083e00000, 0x0000000083f00000, 0x0000000083f00000|100%| O|  |TAMS 0x0000000083f00000, 0x0000000083f00000| Untracked 
|  63|0x0000000083f00000, 0x0000000084000000, 0x0000000084000000|100%| O|  |TAMS 0x0000000084000000, 0x0000000084000000| Untracked 
|  64|0x0000000084000000, 0x0000000084100000, 0x0000000084100000|100%|HS|  |TAMS 0x0000000084100000, 0x0000000084100000| Complete 
|  65|0x0000000084100000, 0x0000000084200000, 0x0000000084200000|100%| O|  |TAMS 0x0000000084200000, 0x0000000084200000| Untracked 
|  66|0x0000000084200000, 0x0000000084300000, 0x0000000084300000|100%| O|  |TAMS 0x0000000084300000, 0x0000000084300000| Untracked 
|  67|0x0000000084300000, 0x0000000084400000, 0x0000000084400000|100%| O|  |TAMS 0x0000000084400000, 0x0000000084400000| Untracked 
|  68|0x0000000084400000, 0x0000000084500000, 0x0000000084500000|100%| O|  |TAMS 0x0000000084400000, 0x0000000084500000| Untracked 
|  69|0x0000000084500000, 0x0000000084600000, 0x0000000084600000|100%|HS|  |TAMS 0x0000000084600000, 0x0000000084600000| Complete 
|  70|0x0000000084600000, 0x0000000084700000, 0x0000000084700000|100%| O|  |TAMS 0x0000000084700000, 0x0000000084700000| Untracked 
|  71|0x0000000084700000, 0x0000000084800000, 0x0000000084800000|100%| O|  |TAMS 0x0000000084700000, 0x0000000084800000| Untracked 
|  72|0x0000000084800000, 0x0000000084900000, 0x0000000084900000|100%| O|  |TAMS 0x0000000084900000, 0x0000000084900000| Untracked 
|  73|0x0000000084900000, 0x0000000084a00000, 0x0000000084a00000|100%| O|  |TAMS 0x0000000084a00000, 0x0000000084a00000| Untracked 
|  74|0x0000000084a00000, 0x0000000084b00000, 0x0000000084b00000|100%| O|  |TAMS 0x0000000084b00000, 0x0000000084b00000| Untracked 
|  75|0x0000000084b00000, 0x0000000084c00000, 0x0000000084c00000|100%|HS|  |TAMS 0x0000000084c00000, 0x0000000084c00000| Complete 
|  76|0x0000000084c00000, 0x0000000084d00000, 0x0000000084d00000|100%| O|  |TAMS 0x0000000084d00000, 0x0000000084d00000| Untracked 
|  77|0x0000000084d00000, 0x0000000084e00000, 0x0000000084e00000|100%| O|  |TAMS 0x0000000084e00000, 0x0000000084e00000| Untracked 
|  78|0x0000000084e00000, 0x0000000084f00000, 0x0000000084f00000|100%| O|  |TAMS 0x0000000084f00000, 0x0000000084f00000| Untracked 
|  79|0x0000000084f00000, 0x0000000085000000, 0x0000000085000000|100%| O|  |TAMS 0x0000000085000000, 0x0000000085000000| Untracked 
|  80|0x0000000085000000, 0x0000000085100000, 0x0000000085100000|100%| O|  |TAMS 0x0000000085100000, 0x0000000085100000| Untracked 
|  81|0x0000000085100000, 0x0000000085200000, 0x0000000085200000|100%| O|  |TAMS 0x0000000085200000, 0x0000000085200000| Untracked 
|  82|0x0000000085200000, 0x0000000085300000, 0x0000000085300000|100%| O|  |TAMS 0x0000000085300000, 0x0000000085300000| Untracked 
|  83|0x0000000085300000, 0x0000000085400000, 0x0000000085400000|100%| O|  |TAMS 0x0000000085300000, 0x0000000085400000| Untracked 
|  84|0x0000000085400000, 0x0000000085500000, 0x0000000085500000|100%| O|  |TAMS 0x0000000085500000, 0x0000000085500000| Untracked 
|  85|0x0000000085500000, 0x0000000085600000, 0x0000000085600000|100%| O|  |TAMS 0x0000000085600000, 0x0000000085600000| Untracked 
|  86|0x0000000085600000, 0x0000000085700000, 0x0000000085700000|100%| O|  |TAMS 0x0000000085700000, 0x0000000085700000| Untracked 
|  87|0x0000000085700000, 0x0000000085800000, 0x0000000085800000|100%| O|  |TAMS 0x0000000085800000, 0x0000000085800000| Untracked 
|  88|0x0000000085800000, 0x0000000085900000, 0x0000000085900000|100%| O|  |TAMS 0x0000000085900000, 0x0000000085900000| Untracked 
|  89|0x0000000085900000, 0x0000000085a00000, 0x0000000085a00000|100%| O|  |TAMS 0x0000000085a00000, 0x0000000085a00000| Untracked 
|  90|0x0000000085a00000, 0x0000000085b00000, 0x0000000085b00000|100%|HS|  |TAMS 0x0000000085b00000, 0x0000000085b00000| Complete 
|  91|0x0000000085b00000, 0x0000000085c00000, 0x0000000085c00000|100%|HC|  |TAMS 0x0000000085c00000, 0x0000000085c00000| Complete 
|  92|0x0000000085c00000, 0x0000000085d00000, 0x0000000085d00000|100%|HC|  |TAMS 0x0000000085d00000, 0x0000000085d00000| Complete 
|  93|0x0000000085d00000, 0x0000000085e00000, 0x0000000085e00000|100%|HC|  |TAMS 0x0000000085e00000, 0x0000000085e00000| Complete 
|  94|0x0000000085e00000, 0x0000000085f00000, 0x0000000085f00000|100%|HC|  |TAMS 0x0000000085f00000, 0x0000000085f00000| Complete 
|  95|0x0000000085f00000, 0x0000000086000000, 0x0000000086000000|100%|HC|  |TAMS 0x0000000086000000, 0x0000000086000000| Complete 
|  96|0x0000000086000000, 0x0000000086100000, 0x0000000086100000|100%|HC|  |TAMS 0x0000000086100000, 0x0000000086100000| Complete 
|  97|0x0000000086100000, 0x0000000086200000, 0x0000000086200000|100%|HC|  |TAMS 0x0000000086200000, 0x0000000086200000| Complete 
|  98|0x0000000086200000, 0x0000000086300000, 0x0000000086300000|100%| O|  |TAMS 0x0000000086300000, 0x0000000086300000| Untracked 
|  99|0x0000000086300000, 0x0000000086400000, 0x0000000086400000|100%| O|  |TAMS 0x0000000086400000, 0x0000000086400000| Untracked 
| 100|0x0000000086400000, 0x0000000086500000, 0x0000000086500000|100%| O|  |TAMS 0x0000000086500000, 0x0000000086500000| Untracked 
| 101|0x0000000086500000, 0x0000000086600000, 0x0000000086600000|100%| O|  |TAMS 0x0000000086600000, 0x0000000086600000| Untracked 
| 102|0x0000000086600000, 0x0000000086700000, 0x0000000086700000|100%| O|  |TAMS 0x0000000086700000, 0x0000000086700000| Untracked 
| 103|0x0000000086700000, 0x0000000086800000, 0x0000000086800000|100%| O|  |TAMS 0x0000000086800000, 0x0000000086800000| Untracked 
| 104|0x0000000086800000, 0x0000000086900000, 0x0000000086900000|100%| O|  |TAMS 0x0000000086900000, 0x0000000086900000| Untracked 
| 105|0x0000000086900000, 0x0000000086a00000, 0x0000000086a00000|100%| O|  |TAMS 0x0000000086a00000, 0x0000000086a00000| Untracked 
| 106|0x0000000086a00000, 0x0000000086b00000, 0x0000000086b00000|100%| O|  |TAMS 0x0000000086a00000, 0x0000000086b00000| Untracked 
| 107|0x0000000086b00000, 0x0000000086c00000, 0x0000000086c00000|100%| O|  |TAMS 0x0000000086b00000, 0x0000000086c00000| Untracked 
| 108|0x0000000086c00000, 0x0000000086d00000, 0x0000000086d00000|100%| O|  |TAMS 0x0000000086c00000, 0x0000000086d00000| Untracked 
| 109|0x0000000086d00000, 0x0000000086e00000, 0x0000000086e00000|100%| O|  |TAMS 0x0000000086d00000, 0x0000000086e00000| Untracked 
| 110|0x0000000086e00000, 0x0000000086f00000, 0x0000000086f00000|100%| O|  |TAMS 0x0000000086e00000, 0x0000000086f00000| Untracked 
| 111|0x0000000086f00000, 0x0000000087000000, 0x0000000087000000|100%| O|  |TAMS 0x0000000086f00000, 0x0000000087000000| Untracked 
| 112|0x0000000087000000, 0x0000000087100000, 0x0000000087100000|100%| O|  |TAMS 0x0000000087000000, 0x0000000087100000| Untracked 
| 113|0x0000000087100000, 0x0000000087200000, 0x0000000087200000|100%| O|  |TAMS 0x0000000087100000, 0x0000000087200000| Untracked 
| 114|0x0000000087200000, 0x0000000087300000, 0x0000000087300000|100%| O|  |TAMS 0x0000000087300000, 0x0000000087300000| Untracked 
| 115|0x0000000087300000, 0x0000000087400000, 0x0000000087400000|100%| O|  |TAMS 0x0000000087400000, 0x0000000087400000| Untracked 
| 116|0x0000000087400000, 0x0000000087500000, 0x0000000087500000|100%| O|  |TAMS 0x0000000087500000, 0x0000000087500000| Untracked 
| 117|0x0000000087500000, 0x0000000087600000, 0x0000000087600000|100%| O|  |TAMS 0x0000000087600000, 0x0000000087600000| Untracked 
| 118|0x0000000087600000, 0x0000000087700000, 0x0000000087700000|100%| O|  |TAMS 0x0000000087700000, 0x0000000087700000| Untracked 
| 119|0x0000000087700000, 0x0000000087800000, 0x0000000087800000|100%| O|  |TAMS 0x0000000087800000, 0x0000000087800000| Untracked 
| 120|0x0000000087800000, 0x0000000087900000, 0x0000000087900000|100%| O|  |TAMS 0x0000000087900000, 0x0000000087900000| Untracked 
| 121|0x0000000087900000, 0x0000000087a00000, 0x0000000087a00000|100%| O|  |TAMS 0x0000000087a00000, 0x0000000087a00000| Untracked 
| 122|0x0000000087a00000, 0x0000000087b00000, 0x0000000087b00000|100%| O|  |TAMS 0x0000000087b00000, 0x0000000087b00000| Untracked 
| 123|0x0000000087b00000, 0x0000000087c00000, 0x0000000087c00000|100%| O|  |TAMS 0x0000000087c00000, 0x0000000087c00000| Untracked 
| 124|0x0000000087c00000, 0x0000000087d00000, 0x0000000087d00000|100%| O|  |TAMS 0x0000000087d00000, 0x0000000087d00000| Untracked 
| 125|0x0000000087d00000, 0x0000000087e00000, 0x0000000087e00000|100%| O|  |TAMS 0x0000000087e00000, 0x0000000087e00000| Untracked 
| 126|0x0000000087e00000, 0x0000000087f00000, 0x0000000087f00000|100%| O|  |TAMS 0x0000000087e00000, 0x0000000087f00000| Untracked 
| 127|0x0000000087f00000, 0x0000000088000000, 0x0000000088000000|100%| O|  |TAMS 0x0000000088000000, 0x0000000088000000| Untracked 
| 128|0x0000000088000000, 0x0000000088100000, 0x0000000088100000|100%| O|  |TAMS 0x0000000088100000, 0x0000000088100000| Untracked 
| 129|0x0000000088100000, 0x0000000088200000, 0x0000000088200000|100%| O|  |TAMS 0x0000000088200000, 0x0000000088200000| Untracked 
| 130|0x0000000088200000, 0x0000000088300000, 0x0000000088300000|100%| O|  |TAMS 0x0000000088300000, 0x0000000088300000| Untracked 
| 131|0x0000000088300000, 0x0000000088400000, 0x0000000088400000|100%| O|  |TAMS 0x0000000088400000, 0x0000000088400000| Untracked 
| 132|0x0000000088400000, 0x0000000088500000, 0x0000000088500000|100%| O|  |TAMS 0x0000000088500000, 0x0000000088500000| Untracked 
| 133|0x0000000088500000, 0x0000000088600000, 0x0000000088600000|100%| O|  |TAMS 0x0000000088600000, 0x0000000088600000| Untracked 
| 134|0x0000000088600000, 0x0000000088700000, 0x0000000088700000|100%| O|  |TAMS 0x0000000088700000, 0x0000000088700000| Untracked 
| 135|0x0000000088700000, 0x0000000088800000, 0x0000000088800000|100%| O|  |TAMS 0x0000000088800000, 0x0000000088800000| Untracked 
| 136|0x0000000088800000, 0x0000000088900000, 0x0000000088900000|100%| O|  |TAMS 0x0000000088900000, 0x0000000088900000| Untracked 
| 137|0x0000000088900000, 0x0000000088a00000, 0x0000000088a00000|100%| O|  |TAMS 0x0000000088a00000, 0x0000000088a00000| Untracked 
| 138|0x0000000088a00000, 0x0000000088b00000, 0x0000000088b00000|100%| O|  |TAMS 0x0000000088b00000, 0x0000000088b00000| Untracked 
| 139|0x0000000088b00000, 0x0000000088c00000, 0x0000000088c00000|100%| O|  |TAMS 0x0000000088c00000, 0x0000000088c00000| Untracked 
| 140|0x0000000088c00000, 0x0000000088d00000, 0x0000000088d00000|100%| O|  |TAMS 0x0000000088c00000, 0x0000000088d00000| Untracked 
| 141|0x0000000088d00000, 0x0000000088e00000, 0x0000000088e00000|100%|HS|  |TAMS 0x0000000088d00000, 0x0000000088e00000| Complete 
| 142|0x0000000088e00000, 0x0000000088f00000, 0x0000000088f00000|100%| O|  |TAMS 0x0000000088f00000, 0x0000000088f00000| Untracked 
| 143|0x0000000088f00000, 0x0000000089000000, 0x0000000089000000|100%| O|  |TAMS 0x0000000089000000, 0x0000000089000000| Untracked 
| 144|0x0000000089000000, 0x0000000089100000, 0x0000000089100000|100%| O|  |TAMS 0x0000000089100000, 0x0000000089100000| Untracked 
| 145|0x0000000089100000, 0x0000000089200000, 0x0000000089200000|100%| O|  |TAMS 0x0000000089200000, 0x0000000089200000| Untracked 
| 146|0x0000000089200000, 0x0000000089300000, 0x0000000089300000|100%| O|  |TAMS 0x0000000089300000, 0x0000000089300000| Untracked 
| 147|0x0000000089300000, 0x0000000089400000, 0x0000000089400000|100%| O|  |TAMS 0x0000000089400000, 0x0000000089400000| Untracked 
| 148|0x0000000089400000, 0x0000000089500000, 0x0000000089500000|100%| O|  |TAMS 0x0000000089500000, 0x0000000089500000| Untracked 
| 149|0x0000000089500000, 0x0000000089600000, 0x0000000089600000|100%| O|  |TAMS 0x0000000089600000, 0x0000000089600000| Untracked 
| 150|0x0000000089600000, 0x0000000089700000, 0x0000000089700000|100%| O|  |TAMS 0x0000000089700000, 0x0000000089700000| Untracked 
| 151|0x0000000089700000, 0x0000000089800000, 0x0000000089800000|100%|HS|  |TAMS 0x0000000089700000, 0x0000000089800000| Complete 
| 152|0x0000000089800000, 0x0000000089900000, 0x0000000089900000|100%| O|  |TAMS 0x0000000089900000, 0x0000000089900000| Untracked 
| 153|0x0000000089900000, 0x0000000089a00000, 0x0000000089a00000|100%| O|  |TAMS 0x0000000089a00000, 0x0000000089a00000| Untracked 
| 154|0x0000000089a00000, 0x0000000089b00000, 0x0000000089b00000|100%| O|  |TAMS 0x0000000089b00000, 0x0000000089b00000| Untracked 
| 155|0x0000000089b00000, 0x0000000089c00000, 0x0000000089c00000|100%| O|  |TAMS 0x0000000089c00000, 0x0000000089c00000| Untracked 
| 156|0x0000000089c00000, 0x0000000089d00000, 0x0000000089d00000|100%| O|  |TAMS 0x0000000089d00000, 0x0000000089d00000| Untracked 
| 157|0x0000000089d00000, 0x0000000089e00000, 0x0000000089e00000|100%| O|  |TAMS 0x0000000089e00000, 0x0000000089e00000| Untracked 
| 158|0x0000000089e00000, 0x0000000089f00000, 0x0000000089f00000|100%|HS|  |TAMS 0x0000000089e00000, 0x0000000089f00000| Complete 
| 159|0x0000000089f00000, 0x000000008a000000, 0x000000008a000000|100%|HC|  |TAMS 0x0000000089f00000, 0x000000008a000000| Complete 
| 160|0x000000008a000000, 0x000000008a100000, 0x000000008a100000|100%|HS|  |TAMS 0x000000008a000000, 0x000000008a100000| Complete 
| 161|0x000000008a100000, 0x000000008a200000, 0x000000008a200000|100%|HS|  |TAMS 0x000000008a100000, 0x000000008a200000| Complete 
| 162|0x000000008a200000, 0x000000008a300000, 0x000000008a300000|100%|HC|  |TAMS 0x000000008a200000, 0x000000008a300000| Complete 
| 163|0x000000008a300000, 0x000000008a400000, 0x000000008a400000|100%|HS|  |TAMS 0x000000008a300000, 0x000000008a400000| Complete 
| 164|0x000000008a400000, 0x000000008a500000, 0x000000008a500000|100%|HS|  |TAMS 0x000000008a400000, 0x000000008a500000| Complete 
| 165|0x000000008a500000, 0x000000008a600000, 0x000000008a600000|100%|HC|  |TAMS 0x000000008a500000, 0x000000008a600000| Complete 
| 166|0x000000008a600000, 0x000000008a700000, 0x000000008a700000|100%| O|  |TAMS 0x000000008a600000, 0x000000008a700000| Untracked 
| 167|0x000000008a700000, 0x000000008a800000, 0x000000008a800000|100%| O|  |TAMS 0x000000008a700000, 0x000000008a800000| Untracked 
| 168|0x000000008a800000, 0x000000008a900000, 0x000000008a900000|100%| O|  |TAMS 0x000000008a800000, 0x000000008a900000| Untracked 
| 169|0x000000008a900000, 0x000000008aa00000, 0x000000008aa00000|100%|HS|  |TAMS 0x000000008a900000, 0x000000008aa00000| Complete 
| 170|0x000000008aa00000, 0x000000008ab00000, 0x000000008ab00000|100%|HS|  |TAMS 0x000000008aa00000, 0x000000008ab00000| Complete 
| 171|0x000000008ab00000, 0x000000008ac00000, 0x000000008ac00000|100%|HS|  |TAMS 0x000000008ab00000, 0x000000008ac00000| Complete 
| 172|0x000000008ac00000, 0x000000008ad00000, 0x000000008ad00000|100%|HC|  |TAMS 0x000000008ac00000, 0x000000008ad00000| Complete 
| 173|0x000000008ad00000, 0x000000008ae00000, 0x000000008ae00000|100%| O|  |TAMS 0x000000008ad00000, 0x000000008ae00000| Untracked 
| 174|0x000000008ae00000, 0x000000008af00000, 0x000000008af00000|100%| O|  |TAMS 0x000000008ae00000, 0x000000008af00000| Untracked 
| 175|0x000000008af00000, 0x000000008af9ea00, 0x000000008b000000| 61%| O|  |TAMS 0x000000008af00000, 0x000000008af9ea00| Untracked 
| 176|0x000000008b000000, 0x000000008b000000, 0x000000008b100000|  0%| F|  |TAMS 0x000000008b000000, 0x000000008b000000| Untracked 
| 177|0x000000008b100000, 0x000000008b100000, 0x000000008b200000|  0%| F|  |TAMS 0x000000008b100000, 0x000000008b100000| Untracked 
| 178|0x000000008b200000, 0x000000008b200000, 0x000000008b300000|  0%| F|  |TAMS 0x000000008b200000, 0x000000008b200000| Untracked 
| 179|0x000000008b300000, 0x000000008b300000, 0x000000008b400000|  0%| F|  |TAMS 0x000000008b300000, 0x000000008b300000| Untracked 
| 180|0x000000008b400000, 0x000000008b400000, 0x000000008b500000|  0%| F|  |TAMS 0x000000008b400000, 0x000000008b400000| Untracked 
| 181|0x000000008b500000, 0x000000008b500000, 0x000000008b600000|  0%| F|  |TAMS 0x000000008b500000, 0x000000008b500000| Untracked 
| 182|0x000000008b600000, 0x000000008b600000, 0x000000008b700000|  0%| F|  |TAMS 0x000000008b600000, 0x000000008b600000| Untracked 
| 183|0x000000008b700000, 0x000000008b700000, 0x000000008b800000|  0%| F|  |TAMS 0x000000008b700000, 0x000000008b700000| Untracked 
| 184|0x000000008b800000, 0x000000008b800000, 0x000000008b900000|  0%| F|  |TAMS 0x000000008b800000, 0x000000008b800000| Untracked 
| 185|0x000000008b900000, 0x000000008b900000, 0x000000008ba00000|  0%| F|  |TAMS 0x000000008b900000, 0x000000008b900000| Untracked 
| 186|0x000000008ba00000, 0x000000008ba00000, 0x000000008bb00000|  0%| F|  |TAMS 0x000000008ba00000, 0x000000008ba00000| Untracked 
| 187|0x000000008bb00000, 0x000000008bb00000, 0x000000008bc00000|  0%| F|  |TAMS 0x000000008bb00000, 0x000000008bb00000| Untracked 
| 188|0x000000008bc00000, 0x000000008bc00000, 0x000000008bd00000|  0%| F|  |TAMS 0x000000008bc00000, 0x000000008bc00000| Untracked 
| 189|0x000000008bd00000, 0x000000008bd00000, 0x000000008be00000|  0%| F|  |TAMS 0x000000008bd00000, 0x000000008bd00000| Untracked 
| 190|0x000000008be00000, 0x000000008be00000, 0x000000008bf00000|  0%| F|  |TAMS 0x000000008be00000, 0x000000008be00000| Untracked 
| 191|0x000000008bf00000, 0x000000008bf00000, 0x000000008c000000|  0%| F|  |TAMS 0x000000008bf00000, 0x000000008bf00000| Untracked 
| 192|0x000000008c000000, 0x000000008c000000, 0x000000008c100000|  0%| F|  |TAMS 0x000000008c000000, 0x000000008c000000| Untracked 
| 193|0x000000008c100000, 0x000000008c100000, 0x000000008c200000|  0%| F|  |TAMS 0x000000008c100000, 0x000000008c100000| Untracked 
| 194|0x000000008c200000, 0x000000008c200000, 0x000000008c300000|  0%| F|  |TAMS 0x000000008c200000, 0x000000008c200000| Untracked 
| 195|0x000000008c300000, 0x000000008c300000, 0x000000008c400000|  0%| F|  |TAMS 0x000000008c300000, 0x000000008c300000| Untracked 
| 196|0x000000008c400000, 0x000000008c400000, 0x000000008c500000|  0%| F|  |TAMS 0x000000008c400000, 0x000000008c400000| Untracked 
| 197|0x000000008c500000, 0x000000008c500000, 0x000000008c600000|  0%| F|  |TAMS 0x000000008c500000, 0x000000008c500000| Untracked 
| 198|0x000000008c600000, 0x000000008c600000, 0x000000008c700000|  0%| F|  |TAMS 0x000000008c600000, 0x000000008c600000| Untracked 
| 199|0x000000008c700000, 0x000000008c700000, 0x000000008c800000|  0%| F|  |TAMS 0x000000008c700000, 0x000000008c700000| Untracked 
| 200|0x000000008c800000, 0x000000008c800000, 0x000000008c900000|  0%| F|  |TAMS 0x000000008c800000, 0x000000008c800000| Untracked 
| 201|0x000000008c900000, 0x000000008c900000, 0x000000008ca00000|  0%| F|  |TAMS 0x000000008c900000, 0x000000008c900000| Untracked 
| 202|0x000000008ca00000, 0x000000008ca00000, 0x000000008cb00000|  0%| F|  |TAMS 0x000000008ca00000, 0x000000008ca00000| Untracked 
| 203|0x000000008cb00000, 0x000000008cb00000, 0x000000008cc00000|  0%| F|  |TAMS 0x000000008cb00000, 0x000000008cb00000| Untracked 
| 204|0x000000008cc00000, 0x000000008cc00000, 0x000000008cd00000|  0%| F|  |TAMS 0x000000008cc00000, 0x000000008cc00000| Untracked 
| 205|0x000000008cd00000, 0x000000008cd00000, 0x000000008ce00000|  0%| F|  |TAMS 0x000000008cd00000, 0x000000008cd00000| Untracked 
| 206|0x000000008ce00000, 0x000000008ce00000, 0x000000008cf00000|  0%| F|  |TAMS 0x000000008ce00000, 0x000000008ce00000| Untracked 
| 207|0x000000008cf00000, 0x000000008cf00000, 0x000000008d000000|  0%| F|  |TAMS 0x000000008cf00000, 0x000000008cf00000| Untracked 
| 208|0x000000008d000000, 0x000000008d000000, 0x000000008d100000|  0%| F|  |TAMS 0x000000008d000000, 0x000000008d000000| Untracked 
| 209|0x000000008d100000, 0x000000008d160060, 0x000000008d200000| 37%| S|CS|TAMS 0x000000008d100000, 0x000000008d100000| Complete 
| 210|0x000000008d200000, 0x000000008d300000, 0x000000008d300000|100%| S|CS|TAMS 0x000000008d200000, 0x000000008d200000| Complete 
| 211|0x000000008d300000, 0x000000008d300000, 0x000000008d400000|  0%| F|  |TAMS 0x000000008d300000, 0x000000008d300000| Untracked 
| 212|0x000000008d400000, 0x000000008d400000, 0x000000008d500000|  0%| F|  |TAMS 0x000000008d400000, 0x000000008d400000| Untracked 
| 213|0x000000008d500000, 0x000000008d500000, 0x000000008d600000|  0%| F|  |TAMS 0x000000008d500000, 0x000000008d500000| Untracked 
| 214|0x000000008d600000, 0x000000008d600000, 0x000000008d700000|  0%| F|  |TAMS 0x000000008d600000, 0x000000008d600000| Untracked 
| 215|0x000000008d700000, 0x000000008d700000, 0x000000008d800000|  0%| F|  |TAMS 0x000000008d700000, 0x000000008d700000| Untracked 
| 216|0x000000008d800000, 0x000000008d800000, 0x000000008d900000|  0%| F|  |TAMS 0x000000008d800000, 0x000000008d800000| Untracked 

Card table byte_map: [0x000001df72950000,0x000001df72d50000] _byte_map_base: 0x000001df72550000

Marking Bits (Prev, Next): (CMBitMap*) 0x000001df5fc19f50, (CMBitMap*) 0x000001df5fc19f18
 Prev Bits: [0x000001df75150000, 0x000001df77150000)
 Next Bits: [0x000001df73150000, 0x000001df75150000)

Polling page: 0x000001df5daa0000

Metaspace:

Usage:
  Non-class:     79.47 MB capacity,    78.13 MB ( 98%) used,     1.10 MB (  1%) free+waste,   243.75 KB ( <1%) overhead. 
      Class:     12.36 MB capacity,    11.57 MB ( 94%) used,   694.04 KB (  5%) free+waste,   111.31 KB ( <1%) overhead. 
       Both:     91.83 MB capacity,    89.70 MB ( 98%) used,     1.78 MB (  2%) free+waste,   355.06 KB ( <1%) overhead. 

Virtual space:
  Non-class space:       80.00 MB reserved,      79.50 MB (>99%) committed 
      Class space:        1.00 GB reserved,      12.38 MB (  1%) committed 
             Both:        1.08 GB reserved,      91.88 MB (  8%) committed 

Chunk freelists:
   Non-Class:  30.00 KB
       Class:  15.00 KB
        Both:  45.00 KB

MaxMetaspaceSize: 17179869184.00 GB
CompressedClassSpaceSize: 1.00 GB

CodeHeap 'non-profiled nmethods': size=120064Kb used=5656Kb max_used=5825Kb free=114408Kb
 bounds [0x000001df6b010000, 0x000001df6b5e0000, 0x000001df72550000]
CodeHeap 'profiled nmethods': size=120000Kb used=22368Kb max_used=24016Kb free=97631Kb
 bounds [0x000001df63ae0000, 0x000001df65260000, 0x000001df6b010000]
CodeHeap 'non-nmethods': size=5696Kb used=2267Kb max_used=2320Kb free=3429Kb
 bounds [0x000001df63550000, 0x000001df637c0000, 0x000001df63ae0000]
 total_blobs=11590 nmethods=10714 adapters=788
 compilation: enabled
              stopped_count=0, restarted_count=0
 full_count=0

Compilation events (20 events):
Event: 115.278 Thread 0x000001df7933f800 12032       2       com.android.tools.r8.w.a.a.a.h.V0::a (272 bytes)
Event: 115.280 Thread 0x000001df7933f800 nmethod 12032 0x000001df63ec5a90 code [0x000001df63ec5cc0, 0x000001df63ec6208]
Event: 115.289 Thread 0x000001df7933f800 12033       2       com.android.tools.r8.graph.r0::a (10 bytes)
Event: 115.289 Thread 0x000001df7933f800 nmethod 12033 0x000001df63eb4e90 code [0x000001df63eb5060, 0x000001df63eb5228]
Event: 115.317 Thread 0x000001df7933f800 12034 %     3       java.util.IdentityHashMap$KeySet::toArray @ 49 (139 bytes)
Event: 115.319 Thread 0x000001df7933f800 nmethod 12034% 0x000001df63ede690 code [0x000001df63ede920, 0x000001df63edf5f8]
Event: 115.319 Thread 0x000001df7933f800 12035       3       java.util.IdentityHashMap$KeySet::toArray (139 bytes)
Event: 115.320 Thread 0x000001df7933f800 nmethod 12035 0x000001df63ee2210 code [0x000001df63ee24a0, 0x000001df63ee3098]
Event: 115.329 Thread 0x000001df7933f800 12036       2       com.android.tools.r8.graph.l0::a (10 bytes)
Event: 115.329 Thread 0x000001df7933f800 nmethod 12036 0x000001df63eb8310 code [0x000001df63eb84c0, 0x000001df63eb8608]
Event: 115.329 Thread 0x000001df7933f800 12037       2       com.android.tools.r8.graph.l0::a (52 bytes)
Event: 115.330 Thread 0x000001df7933f800 nmethod 12037 0x000001df63eba890 code [0x000001df63ebaaa0, 0x000001df63ebad48]
Event: 115.618 Thread 0x000001df7933f800 12038 %     3       com.android.tools.r8.graph.C1::a @ 52 (104 bytes)
Event: 115.620 Thread 0x000001df7933f800 nmethod 12038% 0x000001df63ee4e10 code [0x000001df63ee50c0, 0x000001df63ee5d68]
Event: 115.620 Thread 0x000001df7933f800 12039       3       com.android.tools.r8.graph.C1::a (104 bytes)
Event: 115.621 Thread 0x000001df7933f800 nmethod 12039 0x000001df63ee3b90 code [0x000001df63ee3e20, 0x000001df63ee4a78]
Event: 115.634 Thread 0x000001df7933f800 12040       2       com.android.tools.r8.graph.f0::a (10 bytes)
Event: 115.634 Thread 0x000001df7933f800 nmethod 12040 0x000001df63ec0c90 code [0x000001df63ec0e40, 0x000001df63ec0f88]
Event: 115.634 Thread 0x000001df7933f800 12041       2       com.android.tools.r8.graph.f0::a (52 bytes)
Event: 115.635 Thread 0x000001df7933f800 nmethod 12041 0x000001df63ed5890 code [0x000001df63ed5ac0, 0x000001df63ed5de8]

GC Heap History (20 events):
Event: 106.396 GC heap after
{Heap after GC invocations=39 (full 0):
 garbage-first heap   total 222208K, used 132096K [0x0000000080000000, 0x0000000100000000)
  region size 1024K, 9 young (9216K), 9 survivors (9216K)
 Metaspace       used 89187K, capacity 91267K, committed 91392K, reserved 1128448K
  class space    used 11494K, capacity 12200K, committed 12288K, reserved 1048576K
}
Event: 106.482 GC heap before
{Heap before GC invocations=39 (full 0):
 garbage-first heap   total 222208K, used 133120K [0x0000000080000000, 0x0000000100000000)
  region size 1024K, 10 young (10240K), 9 survivors (9216K)
 Metaspace       used 89188K, capacity 91267K, committed 91392K, reserved 1128448K
  class space    used 11494K, capacity 12200K, committed 12288K, reserved 1048576K
}
Event: 106.662 GC heap after
{Heap after GC invocations=40 (full 0):
 garbage-first heap   total 222208K, used 130560K [0x0000000080000000, 0x0000000100000000)
  region size 1024K, 1 young (1024K), 1 survivors (1024K)
 Metaspace       used 89188K, capacity 91267K, committed 91392K, reserved 1128448K
  class space    used 11494K, capacity 12200K, committed 12288K, reserved 1048576K
}
Event: 107.338 GC heap before
{Heap before GC invocations=40 (full 0):
 garbage-first heap   total 222208K, used 158208K [0x0000000080000000, 0x0000000100000000)
  region size 1024K, 29 young (29696K), 1 survivors (1024K)
 Metaspace       used 89216K, capacity 91270K, committed 91392K, reserved 1128448K
  class space    used 11494K, capacity 12200K, committed 12288K, reserved 1048576K
}
Event: 107.419 GC heap after
{Heap after GC invocations=41 (full 0):
 garbage-first heap   total 222208K, used 146944K [0x0000000080000000, 0x0000000100000000)
  region size 1024K, 4 young (4096K), 4 survivors (4096K)
 Metaspace       used 89216K, capacity 91270K, committed 91392K, reserved 1128448K
  class space    used 11494K, capacity 12200K, committed 12288K, reserved 1048576K
}
Event: 109.271 GC heap before
{Heap before GC invocations=42 (full 0):
 garbage-first heap   total 222208K, used 165376K [0x0000000080000000, 0x0000000100000000)
  region size 1024K, 20 young (20480K), 4 survivors (4096K)
 Metaspace       used 89236K, capacity 91270K, committed 91392K, reserved 1128448K
  class space    used 11494K, capacity 12200K, committed 12288K, reserved 1048576K
}
Event: 109.363 GC heap after
{Heap after GC invocations=43 (full 0):
 garbage-first heap   total 222208K, used 158720K [0x0000000080000000, 0x0000000100000000)
  region size 1024K, 3 young (3072K), 3 survivors (3072K)
 Metaspace       used 89236K, capacity 91270K, committed 91392K, reserved 1128448K
  class space    used 11494K, capacity 12200K, committed 12288K, reserved 1048576K
}
Event: 109.556 GC heap before
{Heap before GC invocations=43 (full 0):
 garbage-first heap   total 222208K, used 165888K [0x0000000080000000, 0x0000000100000000)
  region size 1024K, 10 young (10240K), 3 survivors (3072K)
 Metaspace       used 89354K, capacity 91434K, committed 91648K, reserved 1128448K
  class space    used 11512K, capacity 12233K, committed 12288K, reserved 1048576K
}
Event: 109.603 GC heap after
{Heap after GC invocations=44 (full 0):
 garbage-first heap   total 222208K, used 161280K [0x0000000080000000, 0x0000000100000000)
  region size 1024K, 2 young (2048K), 2 survivors (2048K)
 Metaspace       used 89354K, capacity 91434K, committed 91648K, reserved 1128448K
  class space    used 11512K, capacity 12233K, committed 12288K, reserved 1048576K
}
Event: 110.863 GC heap before
{Heap before GC invocations=44 (full 0):
 garbage-first heap   total 222208K, used 176640K [0x0000000080000000, 0x0000000100000000)
  region size 1024K, 18 young (18432K), 2 survivors (2048K)
 Metaspace       used 91046K, capacity 93153K, committed 93184K, reserved 1130496K
  class space    used 11769K, capacity 12542K, committed 12544K, reserved 1048576K
}
Event: 110.918 GC heap after
{Heap after GC invocations=45 (full 0):
 garbage-first heap   total 222208K, used 164796K [0x0000000080000000, 0x0000000100000000)
  region size 1024K, 3 young (3072K), 3 survivors (3072K)
 Metaspace       used 91046K, capacity 93153K, committed 93184K, reserved 1130496K
  class space    used 11769K, capacity 12542K, committed 12544K, reserved 1048576K
}
Event: 113.021 GC heap before
{Heap before GC invocations=46 (full 0):
 garbage-first heap   total 222208K, used 168892K [0x0000000080000000, 0x0000000100000000)
  region size 1024K, 19 young (19456K), 3 survivors (3072K)
 Metaspace       used 91583K, capacity 93784K, committed 93824K, reserved 1130496K
  class space    used 11829K, capacity 12643K, committed 12672K, reserved 1048576K
}
Event: 113.094 GC heap after
{Heap after GC invocations=47 (full 0):
 garbage-first heap   total 222208K, used 156592K [0x0000000080000000, 0x0000000100000000)
  region size 1024K, 3 young (3072K), 3 survivors (3072K)
 Metaspace       used 91583K, capacity 93784K, committed 93824K, reserved 1130496K
  class space    used 11829K, capacity 12643K, committed 12672K, reserved 1048576K
}
Event: 113.353 GC heap before
{Heap before GC invocations=47 (full 0):
 garbage-first heap   total 222208K, used 162736K [0x0000000080000000, 0x0000000100000000)
  region size 1024K, 10 young (10240K), 3 survivors (3072K)
 Metaspace       used 91594K, capacity 93784K, committed 93824K, reserved 1130496K
  class space    used 11829K, capacity 12643K, committed 12672K, reserved 1048576K
}
Event: 113.428 GC heap after
{Heap after GC invocations=48 (full 0):
 garbage-first heap   total 222208K, used 156010K [0x0000000080000000, 0x0000000100000000)
  region size 1024K, 2 young (2048K), 2 survivors (2048K)
 Metaspace       used 91594K, capacity 93784K, committed 93824K, reserved 1130496K
  class space    used 11829K, capacity 12643K, committed 12672K, reserved 1048576K
}
Event: 114.124 GC heap before
{Heap before GC invocations=48 (full 0):
 garbage-first heap   total 222208K, used 175466K [0x0000000080000000, 0x0000000100000000)
  region size 1024K, 21 young (21504K), 2 survivors (2048K)
 Metaspace       used 91603K, capacity 93848K, committed 94080K, reserved 1130496K
  class space    used 11829K, capacity 12643K, committed 12672K, reserved 1048576K
}
Event: 114.200 GC heap after
{Heap after GC invocations=49 (full 0):
 garbage-first heap   total 222208K, used 162281K [0x0000000080000000, 0x0000000100000000)
  region size 1024K, 3 young (3072K), 3 survivors (3072K)
 Metaspace       used 91603K, capacity 93848K, committed 94080K, reserved 1130496K
  class space    used 11829K, capacity 12643K, committed 12672K, reserved 1048576K
}
Event: 115.026 GC heap before
{Heap before GC invocations=49 (full 0):
 garbage-first heap   total 222208K, used 189929K [0x0000000080000000, 0x0000000100000000)
  region size 1024K, 21 young (21504K), 3 survivors (3072K)
 Metaspace       used 91754K, capacity 93947K, committed 94080K, reserved 1130496K
  class space    used 11840K, capacity 12650K, committed 12672K, reserved 1048576K
}
Event: 115.074 GC heap after
{Heap after GC invocations=50 (full 0):
 garbage-first heap   total 222208K, used 175951K [0x0000000080000000, 0x0000000100000000)
  region size 1024K, 3 young (3072K), 3 survivors (3072K)
 Metaspace       used 91754K, capacity 93947K, committed 94080K, reserved 1130496K
  class space    used 11840K, capacity 12650K, committed 12672K, reserved 1048576K
}
Event: 115.875 GC heap before
{Heap before GC invocations=50 (full 0):
 garbage-first heap   total 222208K, used 184143K [0x0000000080000000, 0x0000000100000000)
  region size 1024K, 9 young (9216K), 3 survivors (3072K)
 Metaspace       used 91855K, capacity 94035K, committed 94080K, reserved 1130496K
  class space    used 11851K, capacity 12657K, committed 12672K, reserved 1048576K
}

Deoptimization events (20 events):
Event: 114.888 Thread 0x000001df7a4f6000 DEOPT PACKING pc=0x000001df63dbbda6 sp=0x0000007f10dfd490
Event: 114.888 Thread 0x000001df7a4f6000 DEOPT UNPACKING pc=0x000001df635767c0 sp=0x0000007f10dfc9a8 mode 0
Event: 114.910 Thread 0x000001df7a4f6000 DEOPT PACKING pc=0x000001df63de8138 sp=0x0000007f10dfd530
Event: 114.910 Thread 0x000001df7a4f6000 DEOPT UNPACKING pc=0x000001df635767c0 sp=0x0000007f10dfca50 mode 0
Event: 114.956 Thread 0x000001df7a4f6000 Uncommon trap: trap_request=0xffffff7e fr.pc=0x000001df6b08196c relative=0x00000000000005ac
Event: 114.956 Thread 0x000001df7a4f6000 Uncommon trap: reason=predicate action=maybe_recompile pc=0x000001df6b08196c method=java.util.TimSort.binarySort([Ljava/lang/Object;IIILjava/util/Comparator;)V @ 34 c2
Event: 114.956 Thread 0x000001df7a4f6000 DEOPT PACKING pc=0x000001df6b08196c sp=0x0000007f10dfd510
Event: 114.956 Thread 0x000001df7a4f6000 DEOPT UNPACKING pc=0x000001df635769aa sp=0x0000007f10dfd4d0 mode 2
Event: 115.015 Thread 0x000001df7a4f6000 DEOPT PACKING pc=0x000001df63e33ad6 sp=0x0000007f10dfd430
Event: 115.015 Thread 0x000001df7a4f6000 DEOPT UNPACKING pc=0x000001df635767c0 sp=0x0000007f10dfc8d0 mode 0
Event: 115.018 Thread 0x000001df7a4f6000 DEOPT PACKING pc=0x000001df63e06dd6 sp=0x0000007f10dfd540
Event: 115.018 Thread 0x000001df7a4f6000 DEOPT UNPACKING pc=0x000001df635767c0 sp=0x0000007f10dfca40 mode 0
Event: 115.107 Thread 0x000001df7a4f6000 DEOPT PACKING pc=0x000001df63e344bf sp=0x0000007f10dfd580
Event: 115.107 Thread 0x000001df7a4f6000 DEOPT UNPACKING pc=0x000001df635767c0 sp=0x0000007f10dfca48 mode 0
Event: 115.178 Thread 0x000001df7e1f1000 DEOPT PACKING pc=0x000001df63ea382e sp=0x0000007f07bfe5f0
Event: 115.178 Thread 0x000001df7e1f1000 DEOPT UNPACKING pc=0x000001df635767c0 sp=0x0000007f07bfda90 mode 0
Event: 115.202 Thread 0x000001df7e1f1000 DEOPT PACKING pc=0x000001df63e42ee4 sp=0x0000007f07bfe680
Event: 115.202 Thread 0x000001df7e1f1000 DEOPT UNPACKING pc=0x000001df635767c0 sp=0x0000007f07bfdb70 mode 0
Event: 115.270 Thread 0x000001df7e1f1000 DEOPT PACKING pc=0x000001df63ebb503 sp=0x0000007f07bfe6b0
Event: 115.270 Thread 0x000001df7e1f1000 DEOPT UNPACKING pc=0x000001df635767c0 sp=0x0000007f07bfdbb8 mode 0

Classes redefined (0 events):
No events

Internal exceptions (20 events):
Event: 101.055 Thread 0x000001df7a4f5000 Exception <a 'sun/nio/fs/WindowsException'{0x000000008a005558}> (0x000000008a005558) thrown at [./src/hotspot/share/prims/jni.cpp, line 615]
Event: 101.058 Thread 0x000001df7a4f5000 Exception <a 'sun/nio/fs/WindowsException'{0x000000008a00fea0}> (0x000000008a00fea0) thrown at [./src/hotspot/share/prims/jni.cpp, line 615]
Event: 101.059 Thread 0x000001df7a4f5000 Exception <a 'sun/nio/fs/WindowsException'{0x000000008a010de0}> (0x000000008a010de0) thrown at [./src/hotspot/share/prims/jni.cpp, line 615]
Event: 101.059 Thread 0x000001df7a4f5000 Exception <a 'sun/nio/fs/WindowsException'{0x000000008a013278}> (0x000000008a013278) thrown at [./src/hotspot/share/prims/jni.cpp, line 615]
Event: 101.060 Thread 0x000001df7a4f5000 Exception <a 'sun/nio/fs/WindowsException'{0x000000008a0141c8}> (0x000000008a0141c8) thrown at [./src/hotspot/share/prims/jni.cpp, line 615]
Event: 101.384 Thread 0x000001df7a4f7000 Implicit null exception at 0x000001df6b4ca640 to 0x000001df6b4cb5a0
Event: 102.379 Thread 0x000001df7a4f6000 Exception <a 'sun/nio/fs/WindowsException'{0x00000000899bf888}> (0x00000000899bf888) thrown at [./src/hotspot/share/prims/jni.cpp, line 615]
Event: 102.918 Thread 0x000001df7a4f6000 Exception <a 'java/lang/NoSuchMethodError'{0x0000000089619be0}: 'int java.lang.invoke.DirectMethodHandle$Holder.invokeVirtual(java.lang.Object, java.lang.Object, java.lang.Object)'> (0x0000000089619be0) thrown at [./src/hotspot/share/interpreter/linkResolver.cpp, line 773]
Event: 103.379 Thread 0x000001df7a4f6000 Exception <a 'java/lang/NoSuchMethodError'{0x00000000895fad48}: 'java.lang.Object java.lang.invoke.DirectMethodHandle$Holder.invokeStatic(java.lang.Object, java.lang.Object, java.lang.Object, java.lang.Object, java.lang.Object, java.lang.Object, java.lang.Object, java.lang.Object, java.lang.Object, java.lang.Object, java.lang.Object, java.lang.Object, java.lang.Object, java.lang.Object, java.lang.Object, java.lang.Object, java.lang.Object, int, java.lang.Object)'> (0x00000000895fad48) thrown at [./src/hots
Event: 103.380 Thread 0x000001df7a4f6000 Exception <a 'java/lang/NoSuchMethodError'{0x00000000894009a8}: 'java.lang.Object java.lang.invoke.DirectMethodHandle$Holder.invokeStaticInit(java.lang.Object, java.lang.Object, java.lang.Object, java.lang.Object, java.lang.Object, java.lang.Object, java.lang.Object, java.lang.Object, java.lang.Object, java.lang.Object, java.lang.Object, java.lang.Object, java.lang.Object, java.lang.Object, java.lang.Object, java.lang.Object, java.lang.Object, int, java.lang.Object)'> (0x00000000894009a8) thrown at [./src/
Event: 104.696 Thread 0x000001df7e1f1000 Exception <a 'java/lang/NoSuchMethodError'{0x000000008ae877f8}: 'java.lang.Object java.lang.invoke.DirectMethodHandle$Holder.newInvokeSpecial(java.lang.Object, int)'> (0x000000008ae877f8) thrown at [./src/hotspot/share/interpreter/linkResolver.cpp, line 773]
Event: 109.731 Thread 0x000001df7a4f6000 Exception <a 'java/lang/NoSuchMethodError'{0x000000008d8db0d8}: 'void java.lang.invoke.DirectMethodHandle$Holder.invokeStatic(java.lang.Object, java.lang.Object, java.lang.Object, int)'> (0x000000008d8db0d8) thrown at [./src/hotspot/share/interpreter/linkResolver.cpp, line 773]
Event: 109.733 Thread 0x000001df7a4f6000 Exception <a 'java/lang/IncompatibleClassChangeError'{0x000000008d8e3228}: Found class java.lang.Object, but interface was expected> (0x000000008d8e3228) thrown at [./src/hotspot/share/interpreter/linkResolver.cpp, line 839]
Event: 110.175 Thread 0x000001df7a4f6000 Exception <a 'java/lang/NoSuchMethodError'{0x000000008d49a518}: 'void java.lang.invoke.DirectMethodHandle$Holder.invokeStaticInit(java.lang.Object, java.lang.Object, java.lang.Object, java.lang.Object, java.lang.Object)'> (0x000000008d49a518) thrown at [./src/hotspot/share/interpreter/linkResolver.cpp, line 773]
Event: 110.394 Thread 0x000001df7a4f6000 Exception <a 'java/lang/NoSuchMethodError'{0x000000008d3d55e0}: 'java.lang.Object java.lang.invoke.DirectMethodHandle$Holder.invokeStatic(java.lang.Object, int, java.lang.Object, java.lang.Object)'> (0x000000008d3d55e0) thrown at [./src/hotspot/share/interpreter/linkResolver.cpp, line 773]
Event: 110.432 Thread 0x000001df7a4f6000 Exception <a 'java/lang/NoSuchMethodError'{0x000000008d243858}: 'long java.lang.invoke.DirectMethodHandle$Holder.invokeStatic(java.lang.Object, java.lang.Object)'> (0x000000008d243858) thrown at [./src/hotspot/share/interpreter/linkResolver.cpp, line 773]
Event: 110.499 Thread 0x000001df7e1f6800 Exception <a 'java/lang/NoSuchMethodError'{0x000000008d7dcd70}: 'void java.lang.invoke.DirectMethodHandle$Holder.invokeSpecial(java.lang.Object, java.lang.Object, int, java.lang.Object)'> (0x000000008d7dcd70) thrown at [./src/hotspot/share/interpreter/linkResolver.cpp, line 773]
Event: 112.315 Thread 0x000001df7a4f6000 Exception <a 'java/lang/NoSuchMethodError'{0x000000008d5cd258}: 'java.lang.Object java.lang.invoke.DirectMethodHandle$Holder.invokeSpecial(java.lang.Object, java.lang.Object, java.lang.Object, java.lang.Object, java.lang.Object, java.lang.Object, java.lang.Object, java.lang.Object, java.lang.Object, java.lang.Object)'> (0x000000008d5cd258) thrown at [./src/hotspot/share/interpreter/linkResolver.cpp, line 773]
Event: 112.318 Thread 0x000001df7a4f6000 Exception <a 'java/lang/NoSuchMethodError'{0x000000008d5d1348}: 'java.lang.Object java.lang.invoke.Invokers$Holder.linkToTargetMethod(java.lang.Object, java.lang.Object, java.lang.Object, java.lang.Object, java.lang.Object, java.lang.Object, java.lang.Object, java.lang.Object, java.lang.Object)'> (0x000000008d5d1348) thrown at [./src/hotspot/share/interpreter/linkResolver.cpp, line 773]
Event: 112.507 Thread 0x000001df7e1f6800 Implicit null exception at 0x000001df6b06225a to 0x000001df6b062e20

Events (20 events):
Event: 115.219 loading class com/android/tools/r8/graph/o0 done
Event: 115.219 loading class com/android/tools/r8/graph/C1
Event: 115.219 loading class com/android/tools/r8/graph/C1 done
Event: 115.275 loading class com/android/tools/r8/w/a/a/a/h/u1
Event: 115.275 loading class com/android/tools/r8/w/a/a/a/h/u1 done
Event: 115.276 loading class com/android/tools/r8/w/a/a/a/h/a1
Event: 115.276 loading class com/android/tools/r8/w/a/a/a/h/a1 done
Event: 115.285 loading class com/android/tools/r8/graph/r0
Event: 115.285 loading class com/android/tools/r8/graph/r0 done
Event: 115.285 loading class com/android/tools/r8/graph/C1
Event: 115.285 loading class com/android/tools/r8/graph/C1 done
Event: 115.311 loading class com/android/tools/r8/graph/l0
Event: 115.311 loading class com/android/tools/r8/graph/l0 done
Event: 115.312 loading class com/android/tools/r8/graph/C1
Event: 115.312 loading class com/android/tools/r8/graph/C1 done
Event: 115.624 loading class com/android/tools/r8/graph/f0
Event: 115.624 loading class com/android/tools/r8/graph/f0 done
Event: 115.624 loading class com/android/tools/r8/graph/C1
Event: 115.624 loading class com/android/tools/r8/graph/C1 done
Event: 115.874 Executing VM operation: G1CollectForAllocation


Dynamic libraries:
0x00007ff68c4e0000 - 0x00007ff68c4ea000 	C:\Program Files\Android\Android Studio\jre\bin\java.exe
0x00007ffa775b0000 - 0x00007ffa77791000 	C:\Windows\SYSTEM32\ntdll.dll
0x00007ffa774c0000 - 0x00007ffa77572000 	C:\Windows\System32\KERNEL32.DLL
0x00007ffa74520000 - 0x00007ffa74793000 	C:\Windows\System32\KERNELBASE.dll
0x00007ffa73a00000 - 0x00007ffa73afa000 	C:\Windows\System32\ucrtbase.dll
0x00007ffa6a6b0000 - 0x00007ffa6a6c7000 	C:\Program Files\Android\Android Studio\jre\bin\VCRUNTIME140.dll
0x00007ffa70040000 - 0x00007ffa70059000 	C:\Program Files\Android\Android Studio\jre\bin\jli.dll
0x00007ffa751e0000 - 0x00007ffa75370000 	C:\Windows\System32\USER32.dll
0x00007ffa66810000 - 0x00007ffa66a79000 	C:\Windows\WinSxS\amd64_microsoft.windows.common-controls_6595b64144ccf1df_6.0.17133.73_none_b4b127863cb5b9c7\COMCTL32.dll
0x00007ffa73980000 - 0x00007ffa739a0000 	C:\Windows\System32\win32u.dll
0x00007ffa74d60000 - 0x00007ffa74dfe000 	C:\Windows\System32\msvcrt.dll
0x00007ffa759d0000 - 0x00007ffa759f8000 	C:\Windows\System32\GDI32.dll
0x00007ffa770a0000 - 0x00007ffa773c3000 	C:\Windows\System32\combase.dll
0x00007ffa75420000 - 0x00007ffa75544000 	C:\Windows\System32\RPCRT4.dll
0x00007ffa747a0000 - 0x00007ffa74932000 	C:\Windows\System32\gdi32full.dll
0x00007ffa73cf0000 - 0x00007ffa73d6a000 	C:\Windows\System32\bcryptPrimitives.dll
0x00007ffa73d70000 - 0x00007ffa73e0f000 	C:\Windows\System32\msvcp_win.dll
0x00007ffa759a0000 - 0x00007ffa759cd000 	C:\Windows\System32\IMM32.DLL
0x00007ffa51850000 - 0x00007ffa518ed000 	C:\Program Files\Android\Android Studio\jre\bin\msvcp140.dll
0x00007ffa213c0000 - 0x00007ffa21e7c000 	C:\Program Files\Android\Android Studio\jre\bin\server\jvm.dll
0x00007ffa74aa0000 - 0x00007ffa74b41000 	C:\Windows\System32\ADVAPI32.dll
0x00007ffa75180000 - 0x00007ffa751db000 	C:\Windows\System32\sechost.dll
0x00007ffa75a00000 - 0x00007ffa75a08000 	C:\Windows\System32\PSAPI.DLL
0x00007ffa63310000 - 0x00007ffa63319000 	C:\Windows\SYSTEM32\WSOCK32.dll
0x00007ffa71520000 - 0x00007ffa71543000 	C:\Windows\SYSTEM32\WINMM.dll
0x00007ffa76e50000 - 0x00007ffa76ebc000 	C:\Windows\System32\WS2_32.dll
0x00007ffa714f0000 - 0x00007ffa7151a000 	C:\Windows\SYSTEM32\WINMMBASE.dll
0x00007ffa724f0000 - 0x00007ffa724fa000 	C:\Windows\SYSTEM32\VERSION.dll
0x00007ffa749f0000 - 0x00007ffa74a39000 	C:\Windows\System32\cfgmgr32.dll
0x00007ffa73960000 - 0x00007ffa73971000 	C:\Windows\System32\kernel.appcore.dll
0x00007ffa545f0000 - 0x00007ffa54601000 	C:\Program Files\Android\Android Studio\jre\bin\verify.dll
0x00007ffa61410000 - 0x00007ffa615d9000 	C:\Windows\SYSTEM32\DBGHELP.DLL
0x00007ffa613e0000 - 0x00007ffa61409000 	C:\Windows\SYSTEM32\dbgcore.DLL
0x00007ffa48670000 - 0x00007ffa48699000 	C:\Program Files\Android\Android Studio\jre\bin\java.dll
0x00007ffa61700000 - 0x00007ffa6170b000 	C:\Program Files\Android\Android Studio\jre\bin\jimage.dll
0x00007ffa51760000 - 0x00007ffa51778000 	C:\Program Files\Android\Android Studio\jre\bin\zip.dll
0x00007ffa75a10000 - 0x00007ffa76e50000 	C:\Windows\System32\SHELL32.dll
0x00007ffa75370000 - 0x00007ffa75419000 	C:\Windows\System32\shcore.dll
0x00007ffa73e10000 - 0x00007ffa7451d000 	C:\Windows\System32\windows.storage.dll
0x00007ffa74d00000 - 0x00007ffa74d51000 	C:\Windows\System32\shlwapi.dll
0x00007ffa73940000 - 0x00007ffa7395f000 	C:\Windows\System32\profapi.dll
0x00007ffa738f0000 - 0x00007ffa7393c000 	C:\Windows\System32\powrprof.dll
0x00007ffa738c0000 - 0x00007ffa738ca000 	C:\Windows\System32\FLTLIB.DLL
0x00007ffa48650000 - 0x00007ffa4866a000 	C:\Program Files\Android\Android Studio\jre\bin\net.dll
0x00007ffa6a9c0000 - 0x00007ffa6aa9d000 	C:\Windows\SYSTEM32\WINHTTP.dll
0x00007ffa730e0000 - 0x00007ffa73146000 	C:\Windows\system32\mswsock.dll
0x00007ffa48630000 - 0x00007ffa48644000 	C:\Program Files\Android\Android Studio\jre\bin\nio.dll
0x00007ffa60800000 - 0x00007ffa60827000 	C:\Users\MISHECK\.gradle\native\fdc75f09e3144964f2cf3f50f0aa648679c211496f362492102eb8c894070792\windows-amd64\native-platform.dll
0x00007ffa39850000 - 0x00007ffa399e6000 	C:\Users\MISHECK\.gradle\native\12488b8bf47d2d4c9fbf2f6322a914ad602e24e48041cd04a747c6da556b65c4\windows-amd64\native-platform-file-events.dll
0x00007ffa48620000 - 0x00007ffa4862a000 	C:\Program Files\Android\Android Studio\jre\bin\management.dll
0x00007ffa48610000 - 0x00007ffa4861c000 	C:\Program Files\Android\Android Studio\jre\bin\management_ext.dll
0x00007ffa73290000 - 0x00007ffa732a7000 	C:\Windows\SYSTEM32\CRYPTSP.dll
0x00007ffa72cc0000 - 0x00007ffa72cf3000 	C:\Windows\system32\rsaenh.dll
0x00007ffa733c0000 - 0x00007ffa733e5000 	C:\Windows\SYSTEM32\bcrypt.dll
0x00007ffa737f0000 - 0x00007ffa73818000 	C:\Windows\SYSTEM32\USERENV.dll
0x00007ffa732b0000 - 0x00007ffa732bb000 	C:\Windows\SYSTEM32\CRYPTBASE.dll
0x00007ffa72e60000 - 0x00007ffa72e98000 	C:\Windows\SYSTEM32\IPHLPAPI.DLL
0x00007ffa74cf0000 - 0x00007ffa74cf8000 	C:\Windows\System32\NSI.dll
0x00007ffa6b060000 - 0x00007ffa6b076000 	C:\Windows\SYSTEM32\dhcpcsvc6.DLL
0x00007ffa6b040000 - 0x00007ffa6b05a000 	C:\Windows\SYSTEM32\dhcpcsvc.DLL
0x00007ffa6bfe0000 - 0x00007ffa6bfeb000 	C:\Windows\SYSTEM32\WINNSI.DLL

dbghelp: loaded successfully - version: 4.0.5 - missing functions: none
symbol engine: initialized successfully - sym options: 0x614 - pdb path: .;C:\Program Files\Android\Android Studio\jre\bin;C:\Windows\SYSTEM32;C:\Windows\WinSxS\amd64_microsoft.windows.common-controls_6595b64144ccf1df_6.0.17133.73_none_b4b127863cb5b9c7;C:\Program Files\Android\Android Studio\jre\bin\server;C:\Users\MISHECK\.gradle\native\fdc75f09e3144964f2cf3f50f0aa648679c211496f362492102eb8c894070792\windows-amd64;C:\Users\MISHECK\.gradle\native\12488b8bf47d2d4c9fbf2f6322a914ad602e24e48041cd04a747c6da556b65c4\windows-amd64

VM Arguments:
jvm_args: --add-opens=java.base/java.util=ALL-UNNAMED --add-opens=java.base/java.lang=ALL-UNNAMED --add-opens=java.base/java.lang.invoke=ALL-UNNAMED --add-opens=java.prefs/java.util.prefs=ALL-UNNAMED -Xmx2048m -Dfile.encoding=UTF-8 -Duser.country=US -Duser.language=en -Duser.variant 
java_command: org.gradle.launcher.daemon.bootstrap.GradleDaemon 6.7.1
java_class_path (initial): C:\Users\MISHECK\.gradle\wrapper\dists\gradle-6.7.1-bin\bwlcbys1h7rz3272sye1xwiv6\gradle-6.7.1\lib\gradle-launcher-6.7.1.jar
Launcher Type: SUN_STANDARD

[Global flags]
     intx CICompilerCount                          = 2                                         {product} {ergonomic}
     uint ConcGCThreads                            = 1                                         {product} {ergonomic}
     uint G1ConcRefinementThreads                  = 2                                         {product} {ergonomic}
   size_t G1HeapRegionSize                         = 1048576                                   {product} {ergonomic}
    uintx GCDrainStackTargetSize                   = 64                                        {product} {ergonomic}
   size_t InitialHeapSize                          = 67108864                                  {product} {ergonomic}
   size_t MarkStackSize                            = 4194304                                   {product} {ergonomic}
   size_t MaxHeapSize                              = 2147483648                                {product} {command line}
   size_t MaxNewSize                               = 1287651328                                {product} {ergonomic}
   size_t MinHeapDeltaBytes                        = 1048576                                   {product} {ergonomic}
    uintx NonNMethodCodeHeapSize                   = 5825164                                {pd product} {ergonomic}
    uintx NonProfiledCodeHeapSize                  = 122916538                              {pd product} {ergonomic}
    uintx ProfiledCodeHeapSize                     = 122916538                              {pd product} {ergonomic}
    uintx ReservedCodeCacheSize                    = 251658240                              {pd product} {ergonomic}
     bool SegmentedCodeCache                       = true                                      {product} {ergonomic}
     bool UseCompressedClassPointers               = true                                 {lp64_product} {ergonomic}
     bool UseCompressedOops                        = true                                 {lp64_product} {ergonomic}
     bool UseG1GC                                  = true                                      {product} {ergonomic}
     bool UseLargePagesIndividualAllocation        = false                                  {pd product} {ergonomic}

Logging:
Log output configuration:
 #0: stdout all=warning uptime,level,tags
 #1: stderr all=off uptime,level,tags

Environment Variables:
JAVA_HOME=C:\Program Files\Java\jdk1.8.0_191
PATH=C:\Program Files (x86)\Common Files\Oracle\Java\javapath;C:\Windows\system32;C:\Windows;C:\Windows\System32\Wbem;C:\Windows\System32\WindowsPowerShell\v1.0\;C:\Windows\System32\OpenSSH\;C:\Program Files (x86)\Git\cmd;C:\Program Files\nodejs\;C:\Program Files\Java\jdk1.8.0_191\bin;C:\Users\MISHECK\AppData\Roaming\npm;C:\Exercism;C:\Users\MISHECK\AppData\Local\Programs\Python\Python39;C:\Users\MISHECK\AppData\Local\Programs\Microsoft VS Code\bin;C:\Program Files\CodeBlocks\MinGW\bin;
USERNAME=MISHECK
OS=Windows_NT
PROCESSOR_IDENTIFIER=Intel64 Family 6 Model 55 Stepping 8, GenuineIntel



---------------  S Y S T E M  ---------------

OS: Windows 10 , 64 bit Build 17133 (10.0.17133.73)
OS uptime: 1 days 0:43 hours

CPU:total 2 (initial active 2) (2 cores per cpu, 1 threads per core) family 6 model 55 stepping 8, cmov, cx8, fxsr, mmx, sse, sse2, sse3, ssse3, sse4.1, sse4.2, popcnt, clmul, erms, 3dnowpref, tsc, tscinvbit

Memory: 4k page, system-wide physical 3987M (364M free)
TotalPageFile size 5381M (AvailPageFile size 53M)
current process WorkingSet (physical memory assigned to process): 467M, peak: 481M
current process commit charge ("private bytes"): 492M, peak: 563M

vm_info: OpenJDK 64-Bit Server VM (11.0.8+10-b944.6842174) for windows-amd64 JRE (11.0.8+10-b944.6842174), built on Sep 19 2020 01:11:42 by "builder" with MS VC++ 14.0 (VS2015)

END.
