#
# There is insufficient memory for the Java Runtime Environment to continue.
# Native memory allocation (mmap) failed to map 281018368 bytes for Failed to commit area from 0x0000000092500000 to 0x00000000a3100000 of length 281018368.
# Possible reasons:
#   The system is out of physical RAM or swap space
#   The process is running with CompressedOops enabled, and the Java Heap may be blocking the growth of the native heap
# Possible solutions:
#   Reduce memory load on the system
#   Increase physical memory or swap space
#   Check if swap backing store is full
#   Decrease Java heap size (-Xmx/-Xms)
#   Decrease number of Java threads
#   Decrease Java thread stack sizes (-Xss)
#   Set larger code cache with -XX:ReservedCodeCacheSize=
#   JVM is running with Unscaled Compressed Oops mode in which the Java heap is
#     placed in the first 4GB address space. The Java Heap base address is the
#     maximum limit for the native heap growth. Please use -XX:HeapBaseMinAddress
#     to set the Java Heap base and to place the Java Heap above 4GB virtual address.
# This output file may be truncated or incomplete.
#
#  Out of Memory Error (./src/hotspot/os/windows/os_windows.cpp:3303), pid=2736, tid=9536
#
# JRE version: OpenJDK Runtime Environment (11.0.8+10) (build 11.0.8+10-b944.6842174)
# Java VM: OpenJDK 64-Bit Server VM (11.0.8+10-b944.6842174, mixed mode, tiered, compressed oops, g1 gc, windows-amd64)
# No core dump will be written. Minidumps are not enabled by default on client versions of Windows
#

---------------  S U M M A R Y ------------

Command Line: --add-opens=java.base/java.util=ALL-UNNAMED --add-opens=java.base/java.lang=ALL-UNNAMED --add-opens=java.base/java.lang.invoke=ALL-UNNAMED --add-opens=java.prefs/java.util.prefs=ALL-UNNAMED -Xmx2048m -Dfile.encoding=UTF-8 -Duser.country=US -Duser.language=en -Duser.variant org.gradle.launcher.daemon.bootstrap.GradleDaemon 6.7.1

Host: Intel(R) Celeron(R) CPU  N2840  @ 2.16GHz, 2 cores, 3G,  Windows 10 , 64 bit Build 17133 (10.0.17133.73)
Time: Mon Jul 19 00:38:29 2021 Pacific Daylight Time elapsed time: 251 seconds (0d 0h 4m 11s)

---------------  T H R E A D  ---------------

Current thread (0x000001d8f105f800):  VMThread "VM Thread" [stack: 0x0000001c16f00000,0x0000001c17000000] [id=9536]

Stack: [0x0000001c16f00000,0x0000001c17000000]
[error occurred during error reporting (printing stack bounds), id 0xc0000005, EXCEPTION_ACCESS_VIOLATION (0xc0000005) at pc=0x000001d8db470dbe]

Native frames: (J=compiled Java code, j=interpreted, Vv=VM code, C=native code)
V  [jvm.dll+0x5de50a]
V  [jvm.dll+0x7122f5]
V  [jvm.dll+0x71384d]
V  [jvm.dll+0x713e65]
V  [jvm.dll+0x713e1b]
V  [jvm.dll+0x5dd958]
V  [jvm.dll+0x5de0f8]
C  [ntdll.dll+0x9eddd]
C  [ntdll.dll+0x6c86]
C  [ntdll.dll+0x9dd0e]
C  0x000001d8db470dbe

VM_Operation (0x0000001c199fe030): G1CollectForAllocation, mode: safepoint, requested by thread 0x000001d8f404d800


---------------  P R O C E S S  ---------------

Threads class SMR info:
_java_thread_list=0x000001d8fb080fc0, length=45, elements={
0x000001d8d7afc000, 0x000001d8f1062800, 0x000001d8f106e800, 0x000001d8f19d0800,
0x000001d8f19d1800, 0x000001d8f10bf800, 0x000001d8f10c5000, 0x000001d8f10c8800,
0x000001d8f1b16000, 0x000001d8f1b47000, 0x000001d8f1c60000, 0x000001d8f3530000,
0x000001d8f1e14800, 0x000001d8f3506000, 0x000001d8f2468800, 0x000001d8f1ab0800,
0x000001d8f2f9c800, 0x000001d8f2f9d800, 0x000001d8f294a000, 0x000001d8f2a33000,
0x000001d8f2a38800, 0x000001d8f2a39800, 0x000001d8f2a34800, 0x000001d8f2a34000,
0x000001d8f2a35800, 0x000001d8f2a36800, 0x000001d8f2a37000, 0x000001d8f404b000,
0x000001d8f4048800, 0x000001d8f4048000, 0x000001d8f4046000, 0x000001d8f3ae9000,
0x000001d8f3ae3000, 0x000001d8f3ae9800, 0x000001d8f3aea800, 0x000001d8f3aed000,
0x000001d8f4049800, 0x000001d8f404a800, 0x000001d8f4047000, 0x000001d8f4052800,
0x000001d8f404f000, 0x000001d8f4050000, 0x000001d8f4051000, 0x000001d8f404d800,
0x000001d8f4053800
}

Java Threads: ( => current thread )
  0x000001d8d7afc000 JavaThread "main" [_thread_blocked, id=11916, stack(0x0000001c16900000,0x0000001c16a00000)]
  0x000001d8f1062800 JavaThread "Reference Handler" daemon [_thread_blocked, id=11320, stack(0x0000001c17000000,0x0000001c17100000)]
  0x000001d8f106e800 JavaThread "Finalizer" daemon [_thread_blocked, id=12276, stack(0x0000001c17100000,0x0000001c17200000)]
  0x000001d8f19d0800 JavaThread "Signal Dispatcher" daemon [_thread_blocked, id=1960, stack(0x0000001c17200000,0x0000001c17300000)]
  0x000001d8f19d1800 JavaThread "Attach Listener" daemon [_thread_blocked, id=10840, stack(0x0000001c17300000,0x0000001c17400000)]
  0x000001d8f10bf800 JavaThread "C2 CompilerThread0" daemon [_thread_blocked, id=6456, stack(0x0000001c17400000,0x0000001c17500000)]
  0x000001d8f10c5000 JavaThread "C1 CompilerThread0" daemon [_thread_blocked, id=11764, stack(0x0000001c17500000,0x0000001c17600000)]
  0x000001d8f10c8800 JavaThread "Sweeper thread" daemon [_thread_blocked, id=10984, stack(0x0000001c17600000,0x0000001c17700000)]
  0x000001d8f1b16000 JavaThread "Common-Cleaner" daemon [_thread_blocked, id=6472, stack(0x0000001c17700000,0x0000001c17800000)]
  0x000001d8f1b47000 JavaThread "Service Thread" daemon [_thread_blocked, id=10508, stack(0x0000001c17800000,0x0000001c17900000)]
  0x000001d8f1c60000 JavaThread "Daemon health stats" [_thread_blocked, id=9140, stack(0x0000001c17b00000,0x0000001c17c00000)]
  0x000001d8f3530000 JavaThread "Incoming local TCP Connector on port 64329" [_thread_in_native, id=11092, stack(0x0000001c17d00000,0x0000001c17e00000)]
  0x000001d8f1e14800 JavaThread "Daemon periodic checks" [_thread_blocked, id=8628, stack(0x0000001c16600000,0x0000001c16700000)]
  0x000001d8f3506000 JavaThread "Daemon" [_thread_blocked, id=10172, stack(0x0000001c17e00000,0x0000001c17f00000)]
  0x000001d8f2468800 JavaThread "Handler for socket connection from /127.0.0.1:64329 to /127.0.0.1:64330" [_thread_in_native, id=10524, stack(0x0000001c17f00000,0x0000001c18000000)]
  0x000001d8f1ab0800 JavaThread "Cancel handler" [_thread_blocked, id=12056, stack(0x0000001c18000000,0x0000001c18100000)]
  0x000001d8f2f9c800 JavaThread "Daemon worker" [_thread_blocked, id=7256, stack(0x0000001c18100000,0x0000001c18200000)]
  0x000001d8f2f9d800 JavaThread "Asynchronous log dispatcher for DefaultDaemonConnection: socket connection from /127.0.0.1:64329 to /127.0.0.1:64330" [_thread_blocked, id=2172, stack(0x0000001c18200000,0x0000001c18300000)]
  0x000001d8f294a000 JavaThread "Thread-8" [_thread_blocked, id=6636, stack(0x0000001c18400000,0x0000001c18500000)]
  0x000001d8f2a33000 JavaThread "Cache worker for file hash cache (C:\Users\MISHECK\.gradle\caches\6.7.1\fileHashes)" [_thread_blocked, id=8800, stack(0x0000001c18500000,0x0000001c18600000)]
  0x000001d8f2a38800 JavaThread "File lock request listener" [_thread_in_native, id=7100, stack(0x0000001c18600000,0x0000001c18700000)]
  0x000001d8f2a39800 JavaThread "Cache worker for journal cache (C:\Users\MISHECK\.gradle\caches\journal-1)" [_thread_blocked, id=4824, stack(0x0000001c18700000,0x0000001c18800000)]
  0x000001d8f2a34800 JavaThread "Cache worker for file hash cache (C:\Users\MISHECK\AndroidStudioProjects\ChildSafetyApp\.gradle\6.7.1\fileHashes)" [_thread_blocked, id=10812, stack(0x0000001c18800000,0x0000001c18900000)]
  0x000001d8f2a34000 JavaThread "Cache worker for checksums cache (C:\Users\MISHECK\AndroidStudioProjects\ChildSafetyApp\.gradle\checksums)" [_thread_blocked, id=784, stack(0x0000001c18900000,0x0000001c18a00000)]
  0x000001d8f2a35800 JavaThread "Cache worker for cache directory md-supplier (C:\Users\MISHECK\.gradle\caches\6.7.1\md-supplier)" [_thread_blocked, id=940, stack(0x0000001c18a00000,0x0000001c18b00000)]
  0x000001d8f2a36800 JavaThread "Cache worker for cache directory md-rule (C:\Users\MISHECK\.gradle\caches\6.7.1\md-rule)" [_thread_blocked, id=7988, stack(0x0000001c18b00000,0x0000001c18c00000)]
  0x000001d8f2a37000 JavaThread "Cache worker for execution history cache (C:\Users\MISHECK\.gradle\caches\6.7.1\executionHistory)" [_thread_blocked, id=3332, stack(0x0000001c18c00000,0x0000001c18d00000)]
  0x000001d8f404b000 JavaThread "Cache worker for file content cache (C:\Users\MISHECK\.gradle\caches\6.7.1\fileContent)" [_thread_blocked, id=3500, stack(0x0000001c18e00000,0x0000001c18f00000)]
  0x000001d8f4048800 JavaThread "Cache worker for Build Output Cleanup Cache (C:\Users\MISHECK\AndroidStudioProjects\ChildSafetyApp\.gradle\buildOutputCleanup)" [_thread_blocked, id=2648, stack(0x0000001c18f00000,0x0000001c19000000)]
  0x000001d8f4048000 JavaThread "Build operations" [_thread_blocked, id=7960, stack(0x0000001c19000000,0x0000001c19100000)]
  0x000001d8f4046000 JavaThread "Build operations Thread 2" [_thread_blocked, id=10648, stack(0x0000001c19100000,0x0000001c19200000)]
  0x000001d8f3ae9000 JavaThread "Memory manager" [_thread_blocked, id=10044, stack(0x0000001c16500000,0x0000001c16600000)]
  0x000001d8f3ae3000 JavaThread "build event listener" [_thread_blocked, id=11012, stack(0x0000001c16700000,0x0000001c16800000)]
  0x000001d8f3ae9800 JavaThread "build event listener" [_thread_blocked, id=5308, stack(0x0000001c18300000,0x0000001c18400000)]
  0x000001d8f3aea800 JavaThread "Execution worker for ':'" [_thread_blocked, id=4260, stack(0x0000001c1f200000,0x0000001c1f300000)]
  0x000001d8f3aed000 JavaThread "Cache worker for execution history cache (C:\Users\MISHECK\AndroidStudioProjects\ChildSafetyApp\.gradle\6.7.1\executionHistory)" [_thread_blocked, id=7912, stack(0x0000001c1f300000,0x0000001c1f400000)]
  0x000001d8f4049800 JavaThread "WorkerExecutor Queue" [_thread_blocked, id=612, stack(0x0000001c18d00000,0x0000001c18e00000)]
  0x000001d8f404a800 JavaThread "WorkerExecutor Queue Thread 2" [_thread_blocked, id=9436, stack(0x0000001c19200000,0x0000001c19300000)]
  0x000001d8f4047000 JavaThread "pool-4-thread-1" [_thread_blocked, id=1552, stack(0x0000001c19300000,0x0000001c19400000)]
  0x000001d8f4052800 JavaThread "stderr" [_thread_in_native, id=8972, stack(0x0000001c19400000,0x0000001c19500000)]
  0x000001d8f404f000 JavaThread "stdout" [_thread_in_native, id=11740, stack(0x0000001c19500000,0x0000001c19600000)]
  0x000001d8f4050000 JavaThread "Cache worker for Java compile cache (C:\Users\MISHECK\.gradle\caches\6.7.1\javaCompile)" [_thread_blocked, id=4532, stack(0x0000001c19600000,0x0000001c19700000)]
  0x000001d8f4051000 JavaThread "Cache worker for Java compile cache (C:\Users\MISHECK\AndroidStudioProjects\ChildSafetyApp\.gradle\6.7.1\javaCompile)" [_thread_blocked, id=8292, stack(0x0000001c19700000,0x0000001c19800000)]
  0x000001d8f404d800 JavaThread "ForkJoinPool-1-worker-3" daemon [_thread_blocked, id=1468, stack(0x0000001c19900000,0x0000001c19a00000)]
  0x000001d8f4053800 JavaThread "ForkJoinPool-1-worker-1" daemon [_thread_blocked, id=6520, stack(0x0000001c19a00000,0x0000001c19b00000)]

Other Threads:
=>0x000001d8f105f800 VMThread "VM Thread" [stack: 0x0000001c16f00000,0x0000001c17000000] [id=9536]
  0x000001d8f1b4c000 WatcherThread [stack: 0x0000001c17900000,0x0000001c17a00000] [id=10264]
  0x000001d8d7b14000 GCTaskThread "GC Thread#0" [stack: 0x0000001c16a00000,0x0000001c16b00000] [id=2372]
  0x000001d8f1bf0000 GCTaskThread "GC Thread#1" [stack: 0x0000001c17a00000,0x0000001c17b00000] [id=7924]
  0x000001d8d7b44000 ConcurrentGCThread "G1 Main Marker" [stack: 0x0000001c16b00000,0x0000001c16c00000] [id=2564]
  0x000001d8d7b46000 ConcurrentGCThread "G1 Conc#0" [stack: 0x0000001c16c00000,0x0000001c16d00000] [id=3232]
  0x000001d8d7b96800 ConcurrentGCThread "G1 Refine#0" [stack: 0x0000001c16d00000,0x0000001c16e00000] [id=11352]
  0x000001d8d7b97800 ConcurrentGCThread "G1 Young RemSet Sampling" [stack: 0x0000001c16e00000,0x0000001c16f00000] [id=12024]

Threads with active compile tasks:
C2 CompilerThread0 251652 17145       4       com.android.tools.r8.graph.B::a (7 bytes)

VM state:at safepoint (normal execution)

VM Mutex/Monitor currently owned by a thread:  ([mutex/lock_event])
[0x000001d8d7af9180] Threads_lock - owner thread: 0x000001d8f105f800
[0x000001d8d7af8eb0] Heap_lock - owner thread: 0x000001d8f404d800

Heap address: 0x0000000080000000, size: 2048 MB, Compressed Oops mode: 32-bit
Narrow klass base: 0x0000000000000000, Narrow klass shift: 3
Compressed class space size: 1073741824 Address: 0x0000000100000000

Heap:
 garbage-first heap   total 574464K, used 203904K [0x0000000080000000, 0x0000000100000000)
  region size 1024K, 3 young (3072K), 3 survivors (3072K)
 Metaspace       used 110893K, capacity 113457K, committed 113788K, reserved 1148928K
  class space    used 13770K, capacity 14748K, committed 14848K, reserved 1048576K
Heap Regions: E=young(eden), S=young(survivor), O=old, HS=humongous(starts), HC=humongous(continues), CS=collection set, F=free, A=archive, TAMS=top-at-mark-start (previous, next)
|   0|0x0000000080000000, 0x0000000080100000, 0x0000000080100000|100%| O|  |TAMS 0x0000000080100000, 0x0000000080100000| Untracked 
|   1|0x0000000080100000, 0x0000000080200000, 0x0000000080200000|100%| O|  |TAMS 0x0000000080200000, 0x0000000080200000| Untracked 
|   2|0x0000000080200000, 0x0000000080300000, 0x0000000080300000|100%| O|  |TAMS 0x0000000080300000, 0x0000000080300000| Untracked 
|   3|0x0000000080300000, 0x0000000080400000, 0x0000000080400000|100%| O|  |TAMS 0x0000000080400000, 0x0000000080400000| Untracked 
|   4|0x0000000080400000, 0x0000000080500000, 0x0000000080500000|100%|HS|  |TAMS 0x0000000080500000, 0x0000000080500000| Complete 
|   5|0x0000000080500000, 0x0000000080600000, 0x0000000080600000|100%|HC|  |TAMS 0x0000000080600000, 0x0000000080600000| Complete 
|   6|0x0000000080600000, 0x0000000080700000, 0x0000000080700000|100%|HC|  |TAMS 0x0000000080700000, 0x0000000080700000| Complete 
|   7|0x0000000080700000, 0x0000000080800000, 0x0000000080800000|100%| O|  |TAMS 0x0000000080800000, 0x0000000080800000| Untracked 
|   8|0x0000000080800000, 0x0000000080900000, 0x0000000080900000|100%| O|  |TAMS 0x0000000080900000, 0x0000000080900000| Untracked 
|   9|0x0000000080900000, 0x0000000080a00000, 0x0000000080a00000|100%| O|  |TAMS 0x0000000080a00000, 0x0000000080a00000| Untracked 
|  10|0x0000000080a00000, 0x0000000080b00000, 0x0000000080b00000|100%| O|  |TAMS 0x0000000080b00000, 0x0000000080b00000| Untracked 
|  11|0x0000000080b00000, 0x0000000080c00000, 0x0000000080c00000|100%| O|  |TAMS 0x0000000080c00000, 0x0000000080c00000| Untracked 
|  12|0x0000000080c00000, 0x0000000080d00000, 0x0000000080d00000|100%| O|  |TAMS 0x0000000080d00000, 0x0000000080d00000| Untracked 
|  13|0x0000000080d00000, 0x0000000080e00000, 0x0000000080e00000|100%| O|  |TAMS 0x0000000080e00000, 0x0000000080e00000| Untracked 
|  14|0x0000000080e00000, 0x0000000080f00000, 0x0000000080f00000|100%| O|  |TAMS 0x0000000080f00000, 0x0000000080f00000| Untracked 
|  15|0x0000000080f00000, 0x0000000081000000, 0x0000000081000000|100%| O|  |TAMS 0x0000000081000000, 0x0000000081000000| Untracked 
|  16|0x0000000081000000, 0x0000000081100000, 0x0000000081100000|100%| O|  |TAMS 0x0000000081100000, 0x0000000081100000| Untracked 
|  17|0x0000000081100000, 0x0000000081200000, 0x0000000081200000|100%| O|  |TAMS 0x0000000081200000, 0x0000000081200000| Untracked 
|  18|0x0000000081200000, 0x0000000081300000, 0x0000000081300000|100%| O|  |TAMS 0x0000000081300000, 0x0000000081300000| Untracked 
|  19|0x0000000081300000, 0x0000000081400000, 0x0000000081400000|100%| O|  |TAMS 0x0000000081400000, 0x0000000081400000| Untracked 
|  20|0x0000000081400000, 0x0000000081500000, 0x0000000081500000|100%| O|  |TAMS 0x0000000081500000, 0x0000000081500000| Untracked 
|  21|0x0000000081500000, 0x0000000081600000, 0x0000000081600000|100%| O|  |TAMS 0x0000000081600000, 0x0000000081600000| Untracked 
|  22|0x0000000081600000, 0x0000000081700000, 0x0000000081700000|100%| O|  |TAMS 0x0000000081700000, 0x0000000081700000| Untracked 
|  23|0x0000000081700000, 0x0000000081800000, 0x0000000081800000|100%| O|  |TAMS 0x0000000081800000, 0x0000000081800000| Untracked 
|  24|0x0000000081800000, 0x0000000081900000, 0x0000000081900000|100%| O|  |TAMS 0x0000000081900000, 0x0000000081900000| Untracked 
|  25|0x0000000081900000, 0x0000000081a00000, 0x0000000081a00000|100%|HS|  |TAMS 0x0000000081a00000, 0x0000000081a00000| Complete 
|  26|0x0000000081a00000, 0x0000000081b00000, 0x0000000081b00000|100%|HS|  |TAMS 0x0000000081b00000, 0x0000000081b00000| Complete 
|  27|0x0000000081b00000, 0x0000000081c00000, 0x0000000081c00000|100%|HC|  |TAMS 0x0000000081c00000, 0x0000000081c00000| Complete 
|  28|0x0000000081c00000, 0x0000000081d00000, 0x0000000081d00000|100%| O|  |TAMS 0x0000000081d00000, 0x0000000081d00000| Untracked 
|  29|0x0000000081d00000, 0x0000000081e00000, 0x0000000081e00000|100%| O|  |TAMS 0x0000000081e00000, 0x0000000081e00000| Untracked 
|  30|0x0000000081e00000, 0x0000000081f00000, 0x0000000081f00000|100%| O|  |TAMS 0x0000000081f00000, 0x0000000081f00000| Untracked 
|  31|0x0000000081f00000, 0x0000000082000000, 0x0000000082000000|100%| O|  |TAMS 0x0000000082000000, 0x0000000082000000| Untracked 
|  32|0x0000000082000000, 0x0000000082100000, 0x0000000082100000|100%| O|  |TAMS 0x0000000082100000, 0x0000000082100000| Untracked 
|  33|0x0000000082100000, 0x0000000082200000, 0x0000000082200000|100%| O|  |TAMS 0x0000000082200000, 0x0000000082200000| Untracked 
|  34|0x0000000082200000, 0x0000000082300000, 0x0000000082300000|100%| O|  |TAMS 0x0000000082300000, 0x0000000082300000| Untracked 
|  35|0x0000000082300000, 0x0000000082400000, 0x0000000082400000|100%| O|  |TAMS 0x0000000082400000, 0x0000000082400000| Untracked 
|  36|0x0000000082400000, 0x0000000082500000, 0x0000000082500000|100%| O|  |TAMS 0x0000000082500000, 0x0000000082500000| Untracked 
|  37|0x0000000082500000, 0x0000000082600000, 0x0000000082600000|100%| O|  |TAMS 0x0000000082600000, 0x0000000082600000| Untracked 
|  38|0x0000000082600000, 0x0000000082700000, 0x0000000082700000|100%| O|  |TAMS 0x0000000082700000, 0x0000000082700000| Untracked 
|  39|0x0000000082700000, 0x0000000082800000, 0x0000000082800000|100%| O|  |TAMS 0x0000000082800000, 0x0000000082800000| Untracked 
|  40|0x0000000082800000, 0x0000000082900000, 0x0000000082900000|100%| O|  |TAMS 0x0000000082900000, 0x0000000082900000| Untracked 
|  41|0x0000000082900000, 0x0000000082a00000, 0x0000000082a00000|100%| O|  |TAMS 0x0000000082a00000, 0x0000000082a00000| Untracked 
|  42|0x0000000082a00000, 0x0000000082b00000, 0x0000000082b00000|100%| O|  |TAMS 0x0000000082b00000, 0x0000000082b00000| Untracked 
|  43|0x0000000082b00000, 0x0000000082c00000, 0x0000000082c00000|100%| O|  |TAMS 0x0000000082c00000, 0x0000000082c00000| Untracked 
|  44|0x0000000082c00000, 0x0000000082d00000, 0x0000000082d00000|100%| O|  |TAMS 0x0000000082d00000, 0x0000000082d00000| Untracked 
|  45|0x0000000082d00000, 0x0000000082e00000, 0x0000000082e00000|100%| O|  |TAMS 0x0000000082e00000, 0x0000000082e00000| Untracked 
|  46|0x0000000082e00000, 0x0000000082f00000, 0x0000000082f00000|100%| O|  |TAMS 0x0000000082f00000, 0x0000000082f00000| Untracked 
|  47|0x0000000082f00000, 0x0000000083000000, 0x0000000083000000|100%| O|  |TAMS 0x0000000083000000, 0x0000000083000000| Untracked 
|  48|0x0000000083000000, 0x0000000083100000, 0x0000000083100000|100%| O|  |TAMS 0x0000000083100000, 0x0000000083100000| Untracked 
|  49|0x0000000083100000, 0x0000000083200000, 0x0000000083200000|100%| O|  |TAMS 0x0000000083200000, 0x0000000083200000| Untracked 
|  50|0x0000000083200000, 0x0000000083300000, 0x0000000083300000|100%| O|  |TAMS 0x0000000083300000, 0x0000000083300000| Untracked 
|  51|0x0000000083300000, 0x0000000083400000, 0x0000000083400000|100%| O|  |TAMS 0x0000000083400000, 0x0000000083400000| Untracked 
|  52|0x0000000083400000, 0x0000000083500000, 0x0000000083500000|100%| O|  |TAMS 0x0000000083500000, 0x0000000083500000| Untracked 
|  53|0x0000000083500000, 0x0000000083600000, 0x0000000083600000|100%| O|  |TAMS 0x0000000083600000, 0x0000000083600000| Untracked 
|  54|0x0000000083600000, 0x0000000083700000, 0x0000000083700000|100%| O|  |TAMS 0x0000000083700000, 0x0000000083700000| Untracked 
|  55|0x0000000083700000, 0x0000000083800000, 0x0000000083800000|100%| O|  |TAMS 0x0000000083800000, 0x0000000083800000| Untracked 
|  56|0x0000000083800000, 0x0000000083900000, 0x0000000083900000|100%| O|  |TAMS 0x0000000083900000, 0x0000000083900000| Untracked 
|  57|0x0000000083900000, 0x0000000083a00000, 0x0000000083a00000|100%| O|  |TAMS 0x0000000083a00000, 0x0000000083a00000| Untracked 
|  58|0x0000000083a00000, 0x0000000083b00000, 0x0000000083b00000|100%| O|  |TAMS 0x0000000083b00000, 0x0000000083b00000| Untracked 
|  59|0x0000000083b00000, 0x0000000083c00000, 0x0000000083c00000|100%| O|  |TAMS 0x0000000083c00000, 0x0000000083c00000| Untracked 
|  60|0x0000000083c00000, 0x0000000083d00000, 0x0000000083d00000|100%| O|  |TAMS 0x0000000083d00000, 0x0000000083d00000| Untracked 
|  61|0x0000000083d00000, 0x0000000083e00000, 0x0000000083e00000|100%| O|  |TAMS 0x0000000083e00000, 0x0000000083e00000| Untracked 
|  62|0x0000000083e00000, 0x0000000083f00000, 0x0000000083f00000|100%| O|  |TAMS 0x0000000083f00000, 0x0000000083f00000| Untracked 
|  63|0x0000000083f00000, 0x0000000084000000, 0x0000000084000000|100%| O|  |TAMS 0x0000000084000000, 0x0000000084000000| Untracked 
|  64|0x0000000084000000, 0x0000000084100000, 0x0000000084100000|100%| O|  |TAMS 0x0000000084100000, 0x0000000084100000| Untracked 
|  65|0x0000000084100000, 0x0000000084200000, 0x0000000084200000|100%| O|  |TAMS 0x0000000084200000, 0x0000000084200000| Untracked 
|  66|0x0000000084200000, 0x0000000084300000, 0x0000000084300000|100%| O|  |TAMS 0x0000000084300000, 0x0000000084300000| Untracked 
|  67|0x0000000084300000, 0x0000000084400000, 0x0000000084400000|100%| O|  |TAMS 0x0000000084400000, 0x0000000084400000| Untracked 
|  68|0x0000000084400000, 0x0000000084500000, 0x0000000084500000|100%| O|  |TAMS 0x0000000084500000, 0x0000000084500000| Untracked 
|  69|0x0000000084500000, 0x0000000084600000, 0x0000000084600000|100%| O|  |TAMS 0x0000000084600000, 0x0000000084600000| Untracked 
|  70|0x0000000084600000, 0x0000000084700000, 0x0000000084700000|100%| O|  |TAMS 0x0000000084700000, 0x0000000084700000| Untracked 
|  71|0x0000000084700000, 0x0000000084800000, 0x0000000084800000|100%| O|  |TAMS 0x0000000084800000, 0x0000000084800000| Untracked 
|  72|0x0000000084800000, 0x0000000084900000, 0x0000000084900000|100%| O|  |TAMS 0x0000000084900000, 0x0000000084900000| Untracked 
|  73|0x0000000084900000, 0x0000000084a00000, 0x0000000084a00000|100%| O|  |TAMS 0x0000000084a00000, 0x0000000084a00000| Untracked 
|  74|0x0000000084a00000, 0x0000000084b00000, 0x0000000084b00000|100%| O|  |TAMS 0x0000000084b00000, 0x0000000084b00000| Untracked 
|  75|0x0000000084b00000, 0x0000000084c00000, 0x0000000084c00000|100%| O|  |TAMS 0x0000000084c00000, 0x0000000084c00000| Untracked 
|  76|0x0000000084c00000, 0x0000000084d00000, 0x0000000084d00000|100%| O|  |TAMS 0x0000000084d00000, 0x0000000084d00000| Untracked 
|  77|0x0000000084d00000, 0x0000000084e00000, 0x0000000084e00000|100%| O|  |TAMS 0x0000000084e00000, 0x0000000084e00000| Untracked 
|  78|0x0000000084e00000, 0x0000000084f00000, 0x0000000084f00000|100%| O|  |TAMS 0x0000000084f00000, 0x0000000084f00000| Untracked 
|  79|0x0000000084f00000, 0x0000000085000000, 0x0000000085000000|100%| O|  |TAMS 0x0000000085000000, 0x0000000085000000| Untracked 
|  80|0x0000000085000000, 0x0000000085100000, 0x0000000085100000|100%| O|  |TAMS 0x0000000085100000, 0x0000000085100000| Untracked 
|  81|0x0000000085100000, 0x0000000085200000, 0x0000000085200000|100%| O|  |TAMS 0x0000000085200000, 0x0000000085200000| Untracked 
|  82|0x0000000085200000, 0x0000000085300000, 0x0000000085300000|100%| O|  |TAMS 0x0000000085300000, 0x0000000085300000| Untracked 
|  83|0x0000000085300000, 0x0000000085400000, 0x0000000085400000|100%| O|  |TAMS 0x0000000085300000, 0x0000000085400000| Untracked 
|  84|0x0000000085400000, 0x0000000085500000, 0x0000000085500000|100%| O|  |TAMS 0x0000000085400000, 0x0000000085500000| Untracked 
|  85|0x0000000085500000, 0x0000000085600000, 0x0000000085600000|100%| O|  |TAMS 0x0000000085600000, 0x0000000085600000| Untracked 
|  86|0x0000000085600000, 0x0000000085700000, 0x0000000085700000|100%| O|  |TAMS 0x0000000085700000, 0x0000000085700000| Untracked 
|  87|0x0000000085700000, 0x0000000085800000, 0x0000000085800000|100%| O|  |TAMS 0x0000000085800000, 0x0000000085800000| Untracked 
|  88|0x0000000085800000, 0x0000000085900000, 0x0000000085900000|100%| O|  |TAMS 0x0000000085900000, 0x0000000085900000| Untracked 
|  89|0x0000000085900000, 0x0000000085a00000, 0x0000000085a00000|100%| O|  |TAMS 0x0000000085a00000, 0x0000000085a00000| Untracked 
|  90|0x0000000085a00000, 0x0000000085b00000, 0x0000000085b00000|100%| O|  |TAMS 0x0000000085b00000, 0x0000000085b00000| Untracked 
|  91|0x0000000085b00000, 0x0000000085c00000, 0x0000000085c00000|100%| O|  |TAMS 0x0000000085c00000, 0x0000000085c00000| Untracked 
|  92|0x0000000085c00000, 0x0000000085d00000, 0x0000000085d00000|100%| O|  |TAMS 0x0000000085d00000, 0x0000000085d00000| Untracked 
|  93|0x0000000085d00000, 0x0000000085e00000, 0x0000000085e00000|100%| O|  |TAMS 0x0000000085d80000, 0x0000000085e00000| Untracked 
|  94|0x0000000085e00000, 0x0000000085f00000, 0x0000000085f00000|100%|HS|  |TAMS 0x0000000085e00000, 0x0000000085f00000| Complete 
|  95|0x0000000085f00000, 0x0000000086000000, 0x0000000086000000|100%| O|  |TAMS 0x0000000086000000, 0x0000000086000000| Untracked 
|  96|0x0000000086000000, 0x0000000086100000, 0x0000000086100000|100%| O|  |TAMS 0x0000000086100000, 0x0000000086100000| Untracked 
|  97|0x0000000086100000, 0x0000000086200000, 0x0000000086200000|100%| O|  |TAMS 0x0000000086200000, 0x0000000086200000| Untracked 
|  98|0x0000000086200000, 0x0000000086300000, 0x0000000086300000|100%| O|  |TAMS 0x0000000086300000, 0x0000000086300000| Untracked 
|  99|0x0000000086300000, 0x0000000086400000, 0x0000000086400000|100%| O|  |TAMS 0x0000000086400000, 0x0000000086400000| Untracked 
| 100|0x0000000086400000, 0x0000000086500000, 0x0000000086500000|100%| O|  |TAMS 0x0000000086500000, 0x0000000086500000| Untracked 
| 101|0x0000000086500000, 0x0000000086600000, 0x0000000086600000|100%| O|  |TAMS 0x0000000086500000, 0x0000000086600000| Untracked 
| 102|0x0000000086600000, 0x0000000086700000, 0x0000000086700000|100%| O|  |TAMS 0x0000000086600000, 0x0000000086700000| Untracked 
| 103|0x0000000086700000, 0x0000000086800000, 0x0000000086800000|100%| O|  |TAMS 0x0000000086700000, 0x0000000086800000| Untracked 
| 104|0x0000000086800000, 0x0000000086900000, 0x0000000086900000|100%| O|  |TAMS 0x0000000086900000, 0x0000000086900000| Untracked 
| 105|0x0000000086900000, 0x0000000086a00000, 0x0000000086a00000|100%| O|  |TAMS 0x0000000086900000, 0x0000000086a00000| Untracked 
| 106|0x0000000086a00000, 0x0000000086b00000, 0x0000000086b00000|100%| O|  |TAMS 0x0000000086b00000, 0x0000000086b00000| Untracked 
| 107|0x0000000086b00000, 0x0000000086c00000, 0x0000000086c00000|100%| O|  |TAMS 0x0000000086c00000, 0x0000000086c00000| Untracked 
| 108|0x0000000086c00000, 0x0000000086d00000, 0x0000000086d00000|100%| O|  |TAMS 0x0000000086c00000, 0x0000000086d00000| Untracked 
| 109|0x0000000086d00000, 0x0000000086e00000, 0x0000000086e00000|100%| O|  |TAMS 0x0000000086d00000, 0x0000000086e00000| Untracked 
| 110|0x0000000086e00000, 0x0000000086f00000, 0x0000000086f00000|100%| O|  |TAMS 0x0000000086e00000, 0x0000000086f00000| Untracked 
| 111|0x0000000086f00000, 0x0000000087000000, 0x0000000087000000|100%|HS|  |TAMS 0x0000000086f00000, 0x0000000087000000| Complete 
| 112|0x0000000087000000, 0x0000000087100000, 0x0000000087100000|100%| O|  |TAMS 0x0000000087100000, 0x0000000087100000| Untracked 
| 113|0x0000000087100000, 0x0000000087200000, 0x0000000087200000|100%|HS|  |TAMS 0x0000000087100000, 0x0000000087200000| Complete 
| 114|0x0000000087200000, 0x0000000087300000, 0x0000000087300000|100%|HS|  |TAMS 0x0000000087200000, 0x0000000087300000| Complete 
| 115|0x0000000087300000, 0x0000000087400000, 0x0000000087400000|100%|HC|  |TAMS 0x0000000087300000, 0x0000000087400000| Complete 
| 116|0x0000000087400000, 0x0000000087500000, 0x0000000087500000|100%| O|  |TAMS 0x0000000087400000, 0x0000000087500000| Untracked 
| 117|0x0000000087500000, 0x0000000087600000, 0x0000000087600000|100%| O|  |TAMS 0x0000000087600000, 0x0000000087600000| Untracked 
| 118|0x0000000087600000, 0x0000000087700000, 0x0000000087700000|100%| O|  |TAMS 0x0000000087600000, 0x0000000087700000| Untracked 
| 119|0x0000000087700000, 0x0000000087800000, 0x0000000087800000|100%| O|  |TAMS 0x0000000087800000, 0x0000000087800000| Untracked 
| 120|0x0000000087800000, 0x0000000087900000, 0x0000000087900000|100%| O|  |TAMS 0x0000000087900000, 0x0000000087900000| Untracked 
| 121|0x0000000087900000, 0x0000000087a00000, 0x0000000087a00000|100%| O|  |TAMS 0x0000000087a00000, 0x0000000087a00000| Untracked 
| 122|0x0000000087a00000, 0x0000000087b00000, 0x0000000087b00000|100%|HS|  |TAMS 0x0000000087b00000, 0x0000000087b00000| Complete 
| 123|0x0000000087b00000, 0x0000000087c00000, 0x0000000087c00000|100%|HC|  |TAMS 0x0000000087c00000, 0x0000000087c00000| Complete 
| 124|0x0000000087c00000, 0x0000000087d00000, 0x0000000087d00000|100%|HC|  |TAMS 0x0000000087d00000, 0x0000000087d00000| Complete 
| 125|0x0000000087d00000, 0x0000000087e00000, 0x0000000087e00000|100%|HC|  |TAMS 0x0000000087e00000, 0x0000000087e00000| Complete 
| 126|0x0000000087e00000, 0x0000000087f00000, 0x0000000087f00000|100%|HC|  |TAMS 0x0000000087f00000, 0x0000000087f00000| Complete 
| 127|0x0000000087f00000, 0x0000000088000000, 0x0000000088000000|100%|HC|  |TAMS 0x0000000088000000, 0x0000000088000000| Complete 
| 128|0x0000000088000000, 0x0000000088100000, 0x0000000088100000|100%|HC|  |TAMS 0x0000000088100000, 0x0000000088100000| Complete 
| 129|0x0000000088100000, 0x0000000088200000, 0x0000000088200000|100%|HC|  |TAMS 0x0000000088200000, 0x0000000088200000| Complete 
| 130|0x0000000088200000, 0x0000000088300000, 0x0000000088300000|100%| O|  |TAMS 0x0000000088300000, 0x0000000088300000| Untracked 
| 131|0x0000000088300000, 0x0000000088400000, 0x0000000088400000|100%|HS|  |TAMS 0x0000000088400000, 0x0000000088400000| Complete 
| 132|0x0000000088400000, 0x0000000088500000, 0x0000000088500000|100%| O|  |TAMS 0x0000000088500000, 0x0000000088500000| Untracked 
| 133|0x0000000088500000, 0x0000000088600000, 0x0000000088600000|100%| O|  |TAMS 0x0000000088600000, 0x0000000088600000| Untracked 
| 134|0x0000000088600000, 0x0000000088700000, 0x0000000088700000|100%| O|  |TAMS 0x0000000088700000, 0x0000000088700000| Untracked 
| 135|0x0000000088700000, 0x0000000088800000, 0x0000000088800000|100%| O|  |TAMS 0x0000000088800000, 0x0000000088800000| Untracked 
| 136|0x0000000088800000, 0x0000000088900000, 0x0000000088900000|100%| O|  |TAMS 0x0000000088900000, 0x0000000088900000| Untracked 
| 137|0x0000000088900000, 0x0000000088a00000, 0x0000000088a00000|100%| O|  |TAMS 0x0000000088a00000, 0x0000000088a00000| Untracked 
| 138|0x0000000088a00000, 0x0000000088b00000, 0x0000000088b00000|100%| O|  |TAMS 0x0000000088b00000, 0x0000000088b00000| Untracked 
| 139|0x0000000088b00000, 0x0000000088c00000, 0x0000000088c00000|100%| O|  |TAMS 0x0000000088c00000, 0x0000000088c00000| Untracked 
| 140|0x0000000088c00000, 0x0000000088d00000, 0x0000000088d00000|100%| O|  |TAMS 0x0000000088c00000, 0x0000000088d00000| Untracked 
| 141|0x0000000088d00000, 0x0000000088e00000, 0x0000000088e00000|100%| O|  |TAMS 0x0000000088d00000, 0x0000000088e00000| Untracked 
| 142|0x0000000088e00000, 0x0000000088f00000, 0x0000000088f00000|100%|HS|  |TAMS 0x0000000088e00000, 0x0000000088f00000| Complete 
| 143|0x0000000088f00000, 0x0000000089000000, 0x0000000089000000|100%|HS|  |TAMS 0x0000000088f00000, 0x0000000089000000| Complete 
| 144|0x0000000089000000, 0x0000000089100000, 0x0000000089100000|100%|HC|  |TAMS 0x0000000089000000, 0x0000000089100000| Complete 
| 145|0x0000000089100000, 0x0000000089200000, 0x0000000089200000|100%|HS|  |TAMS 0x0000000089100000, 0x0000000089200000| Complete 
| 146|0x0000000089200000, 0x0000000089300000, 0x0000000089300000|100%|HS|  |TAMS 0x0000000089200000, 0x0000000089300000| Complete 
| 147|0x0000000089300000, 0x0000000089400000, 0x0000000089400000|100%|HC|  |TAMS 0x0000000089300000, 0x0000000089400000| Complete 
| 148|0x0000000089400000, 0x0000000089500000, 0x0000000089500000|100%| O|  |TAMS 0x0000000089500000, 0x0000000089500000| Untracked 
| 149|0x0000000089500000, 0x0000000089600000, 0x0000000089600000|100%|HS|  |TAMS 0x0000000089500000, 0x0000000089600000| Complete 
| 150|0x0000000089600000, 0x0000000089700000, 0x0000000089700000|100%|HS|  |TAMS 0x0000000089700000, 0x0000000089700000| Complete 
| 151|0x0000000089700000, 0x0000000089800000, 0x0000000089800000|100%| O|  |TAMS 0x0000000089800000, 0x0000000089800000| Untracked 
| 152|0x0000000089800000, 0x0000000089900000, 0x0000000089900000|100%| O|  |TAMS 0x0000000089900000, 0x0000000089900000| Untracked 
| 153|0x0000000089900000, 0x0000000089a00000, 0x0000000089a00000|100%|HS|  |TAMS 0x0000000089a00000, 0x0000000089a00000| Complete 
| 154|0x0000000089a00000, 0x0000000089b00000, 0x0000000089b00000|100%| O|  |TAMS 0x0000000089b00000, 0x0000000089b00000| Untracked 
| 155|0x0000000089b00000, 0x0000000089c00000, 0x0000000089c00000|100%| O|  |TAMS 0x0000000089c00000, 0x0000000089c00000| Untracked 
| 156|0x0000000089c00000, 0x0000000089d00000, 0x0000000089d00000|100%| O|  |TAMS 0x0000000089d00000, 0x0000000089d00000| Untracked 
| 157|0x0000000089d00000, 0x0000000089e00000, 0x0000000089e00000|100%|HS|  |TAMS 0x0000000089d00000, 0x0000000089e00000| Complete 
| 158|0x0000000089e00000, 0x0000000089f00000, 0x0000000089f00000|100%| O|  |TAMS 0x0000000089f00000, 0x0000000089f00000| Untracked 
| 159|0x0000000089f00000, 0x000000008a000000, 0x000000008a000000|100%| O|  |TAMS 0x000000008a000000, 0x000000008a000000| Untracked 
| 160|0x000000008a000000, 0x000000008a100000, 0x000000008a100000|100%| O|  |TAMS 0x000000008a100000, 0x000000008a100000| Untracked 
| 161|0x000000008a100000, 0x000000008a200000, 0x000000008a200000|100%| O|  |TAMS 0x000000008a200000, 0x000000008a200000| Untracked 
| 162|0x000000008a200000, 0x000000008a300000, 0x000000008a300000|100%| O|  |TAMS 0x000000008a300000, 0x000000008a300000| Untracked 
| 163|0x000000008a300000, 0x000000008a400000, 0x000000008a400000|100%| O|  |TAMS 0x000000008a400000, 0x000000008a400000| Untracked 
| 164|0x000000008a400000, 0x000000008a500000, 0x000000008a500000|100%| O|  |TAMS 0x000000008a500000, 0x000000008a500000| Untracked 
| 165|0x000000008a500000, 0x000000008a600000, 0x000000008a600000|100%|HS|  |TAMS 0x000000008a500000, 0x000000008a600000| Complete 
| 166|0x000000008a600000, 0x000000008a700000, 0x000000008a700000|100%|HC|  |TAMS 0x000000008a600000, 0x000000008a700000| Complete 
| 167|0x000000008a700000, 0x000000008a800000, 0x000000008a800000|100%| O|  |TAMS 0x000000008a800000, 0x000000008a800000| Untracked 
| 168|0x000000008a800000, 0x000000008a900000, 0x000000008a900000|100%| O|  |TAMS 0x000000008a900000, 0x000000008a900000| Untracked 
| 169|0x000000008a900000, 0x000000008aa00000, 0x000000008aa00000|100%| O|  |TAMS 0x000000008aa00000, 0x000000008aa00000| Untracked 
| 170|0x000000008aa00000, 0x000000008ab00000, 0x000000008ab00000|100%| O|  |TAMS 0x000000008ab00000, 0x000000008ab00000| Untracked 
| 171|0x000000008ab00000, 0x000000008ac00000, 0x000000008ac00000|100%| O|  |TAMS 0x000000008ac00000, 0x000000008ac00000| Untracked 
| 172|0x000000008ac00000, 0x000000008ad00000, 0x000000008ad00000|100%| O|  |TAMS 0x000000008ad00000, 0x000000008ad00000| Untracked 
| 173|0x000000008ad00000, 0x000000008ae00000, 0x000000008ae00000|100%| O|  |TAMS 0x000000008ae00000, 0x000000008ae00000| Untracked 
| 174|0x000000008ae00000, 0x000000008af00000, 0x000000008af00000|100%| O|  |TAMS 0x000000008af00000, 0x000000008af00000| Untracked 
| 175|0x000000008af00000, 0x000000008b000000, 0x000000008b000000|100%|HS|  |TAMS 0x000000008af00000, 0x000000008b000000| Complete 
| 176|0x000000008b000000, 0x000000008b100000, 0x000000008b100000|100%| O|  |TAMS 0x000000008b100000, 0x000000008b100000| Untracked 
| 177|0x000000008b100000, 0x000000008b200000, 0x000000008b200000|100%| O|  |TAMS 0x000000008b200000, 0x000000008b200000| Untracked 
| 178|0x000000008b200000, 0x000000008b300000, 0x000000008b300000|100%| O|  |TAMS 0x000000008b300000, 0x000000008b300000| Untracked 
| 179|0x000000008b300000, 0x000000008b400000, 0x000000008b400000|100%| O|  |TAMS 0x000000008b400000, 0x000000008b400000| Untracked 
| 180|0x000000008b400000, 0x000000008b500000, 0x000000008b500000|100%| O|  |TAMS 0x000000008b500000, 0x000000008b500000| Untracked 
| 181|0x000000008b500000, 0x000000008b600000, 0x000000008b600000|100%| O|  |TAMS 0x000000008b600000, 0x000000008b600000| Untracked 
| 182|0x000000008b600000, 0x000000008b700000, 0x000000008b700000|100%|HS|  |TAMS 0x000000008b600000, 0x000000008b700000| Complete 
| 183|0x000000008b700000, 0x000000008b800000, 0x000000008b800000|100%|HS|  |TAMS 0x000000008b700000, 0x000000008b800000| Complete 
| 184|0x000000008b800000, 0x000000008b900000, 0x000000008b900000|100%|HS|  |TAMS 0x000000008b800000, 0x000000008b900000| Complete 
| 185|0x000000008b900000, 0x000000008ba00000, 0x000000008ba00000|100%|HC|  |TAMS 0x000000008b900000, 0x000000008ba00000| Complete 
| 186|0x000000008ba00000, 0x000000008bb00000, 0x000000008bb00000|100%| O|  |TAMS 0x000000008ba00000, 0x000000008bb00000| Untracked 
| 187|0x000000008bb00000, 0x000000008bc00000, 0x000000008bc00000|100%| O|  |TAMS 0x000000008bb00000, 0x000000008bc00000| Untracked 
| 188|0x000000008bc00000, 0x000000008bd00000, 0x000000008bd00000|100%| O|  |TAMS 0x000000008bc00000, 0x000000008bd00000| Untracked 
| 189|0x000000008bd00000, 0x000000008be00000, 0x000000008be00000|100%| O|  |TAMS 0x000000008bd00000, 0x000000008be00000| Untracked 
| 190|0x000000008be00000, 0x000000008bf00000, 0x000000008bf00000|100%|HS|  |TAMS 0x000000008be00000, 0x000000008bf00000| Complete 
| 191|0x000000008bf00000, 0x000000008c000000, 0x000000008c000000|100%|HS|  |TAMS 0x000000008bf00000, 0x000000008c000000| Complete 
| 192|0x000000008c000000, 0x000000008c100000, 0x000000008c100000|100%|HS|  |TAMS 0x000000008c000000, 0x000000008c100000| Complete 
| 193|0x000000008c100000, 0x000000008c200000, 0x000000008c200000|100%|HS|  |TAMS 0x000000008c100000, 0x000000008c200000| Complete 
| 194|0x000000008c200000, 0x000000008c300000, 0x000000008c300000|100%| O|  |TAMS 0x000000008c200000, 0x000000008c300000| Untracked 
| 195|0x000000008c300000, 0x000000008c400000, 0x000000008c400000|100%| O|  |TAMS 0x000000008c300000, 0x000000008c400000| Untracked 
| 196|0x000000008c400000, 0x000000008c480200, 0x000000008c500000| 50%| O|  |TAMS 0x000000008c400000, 0x000000008c480200| Untracked 
| 197|0x000000008c500000, 0x000000008c500000, 0x000000008c600000|  0%| F|  |TAMS 0x000000008c500000, 0x000000008c500000| Untracked 
| 198|0x000000008c600000, 0x000000008c600000, 0x000000008c700000|  0%| F|  |TAMS 0x000000008c600000, 0x000000008c600000| Untracked 
| 199|0x000000008c700000, 0x000000008c700000, 0x000000008c800000|  0%| F|  |TAMS 0x000000008c700000, 0x000000008c700000| Untracked 
| 200|0x000000008c800000, 0x000000008c800000, 0x000000008c900000|  0%| F|  |TAMS 0x000000008c800000, 0x000000008c800000| Untracked 
| 201|0x000000008c900000, 0x000000008c900000, 0x000000008ca00000|  0%| F|  |TAMS 0x000000008c900000, 0x000000008c900000| Untracked 
| 202|0x000000008ca00000, 0x000000008ca00000, 0x000000008cb00000|  0%| F|  |TAMS 0x000000008ca00000, 0x000000008ca00000| Untracked 
| 203|0x000000008cb00000, 0x000000008cb00000, 0x000000008cc00000|  0%| F|  |TAMS 0x000000008cb00000, 0x000000008cb00000| Untracked 
| 204|0x000000008cc00000, 0x000000008cc00000, 0x000000008cd00000|  0%| F|  |TAMS 0x000000008cc00000, 0x000000008cc00000| Untracked 
| 205|0x000000008cd00000, 0x000000008cd00000, 0x000000008ce00000|  0%| F|  |TAMS 0x000000008cd00000, 0x000000008cd00000| Untracked 
| 206|0x000000008ce00000, 0x000000008ce00000, 0x000000008cf00000|  0%| F|  |TAMS 0x000000008ce00000, 0x000000008ce00000| Untracked 
| 207|0x000000008cf00000, 0x000000008cf00000, 0x000000008d000000|  0%| F|  |TAMS 0x000000008cf00000, 0x000000008cf00000| Untracked 
| 208|0x000000008d000000, 0x000000008d000000, 0x000000008d100000|  0%| F|  |TAMS 0x000000008d000000, 0x000000008d000000| Untracked 
| 209|0x000000008d100000, 0x000000008d100000, 0x000000008d200000|  0%| F|  |TAMS 0x000000008d100000, 0x000000008d100000| Untracked 
| 210|0x000000008d200000, 0x000000008d200000, 0x000000008d300000|  0%| F|  |TAMS 0x000000008d200000, 0x000000008d200000| Untracked 
| 211|0x000000008d300000, 0x000000008d300000, 0x000000008d400000|  0%| F|  |TAMS 0x000000008d300000, 0x000000008d300000| Untracked 
| 212|0x000000008d400000, 0x000000008d400000, 0x000000008d500000|  0%| F|  |TAMS 0x000000008d400000, 0x000000008d400000| Untracked 
| 213|0x000000008d500000, 0x000000008d500000, 0x000000008d600000|  0%| F|  |TAMS 0x000000008d500000, 0x000000008d500000| Untracked 
| 214|0x000000008d600000, 0x000000008d600000, 0x000000008d700000|  0%| F|  |TAMS 0x000000008d600000, 0x000000008d600000| Untracked 
| 215|0x000000008d700000, 0x000000008d700000, 0x000000008d800000|  0%| F|  |TAMS 0x000000008d700000, 0x000000008d700000| Untracked 
| 216|0x000000008d800000, 0x000000008d800000, 0x000000008d900000|  0%| F|  |TAMS 0x000000008d800000, 0x000000008d800000| Untracked 
| 217|0x000000008d900000, 0x000000008d900000, 0x000000008da00000|  0%| F|  |TAMS 0x000000008d900000, 0x000000008d900000| Untracked 
| 218|0x000000008da00000, 0x000000008da00000, 0x000000008db00000|  0%| F|  |TAMS 0x000000008da00000, 0x000000008da00000| Untracked 
| 219|0x000000008db00000, 0x000000008db00000, 0x000000008dc00000|  0%| F|  |TAMS 0x000000008db00000, 0x000000008db00000| Untracked 
| 220|0x000000008dc00000, 0x000000008dc00000, 0x000000008dd00000|  0%| F|  |TAMS 0x000000008dc00000, 0x000000008dc00000| Untracked 
| 221|0x000000008dd00000, 0x000000008dd00000, 0x000000008de00000|  0%| F|  |TAMS 0x000000008dd00000, 0x000000008dd00000| Untracked 
| 222|0x000000008de00000, 0x000000008de00000, 0x000000008df00000|  0%| F|  |TAMS 0x000000008de00000, 0x000000008de00000| Untracked 
| 223|0x000000008df00000, 0x000000008df00000, 0x000000008e000000|  0%| F|  |TAMS 0x000000008df00000, 0x000000008df00000| Untracked 
| 224|0x000000008e000000, 0x000000008e000000, 0x000000008e100000|  0%| F|  |TAMS 0x000000008e000000, 0x000000008e000000| Untracked 
| 225|0x000000008e100000, 0x000000008e100000, 0x000000008e200000|  0%| F|  |TAMS 0x000000008e100000, 0x000000008e100000| Untracked 
| 226|0x000000008e200000, 0x000000008e200000, 0x000000008e300000|  0%| F|  |TAMS 0x000000008e200000, 0x000000008e200000| Untracked 
| 227|0x000000008e300000, 0x000000008e300000, 0x000000008e400000|  0%| F|  |TAMS 0x000000008e300000, 0x000000008e300000| Untracked 
| 228|0x000000008e400000, 0x000000008e400000, 0x000000008e500000|  0%| F|  |TAMS 0x000000008e400000, 0x000000008e400000| Untracked 
| 229|0x000000008e500000, 0x000000008e500000, 0x000000008e600000|  0%| F|  |TAMS 0x000000008e500000, 0x000000008e500000| Untracked 
| 230|0x000000008e600000, 0x000000008e600000, 0x000000008e700000|  0%| F|  |TAMS 0x000000008e600000, 0x000000008e600000| Untracked 
| 231|0x000000008e700000, 0x000000008e700000, 0x000000008e800000|  0%| F|  |TAMS 0x000000008e700000, 0x000000008e700000| Untracked 
| 232|0x000000008e800000, 0x000000008e800000, 0x000000008e900000|  0%| F|  |TAMS 0x000000008e800000, 0x000000008e800000| Untracked 
| 233|0x000000008e900000, 0x000000008e900000, 0x000000008ea00000|  0%| F|  |TAMS 0x000000008e900000, 0x000000008e900000| Untracked 
| 234|0x000000008ea00000, 0x000000008ea00000, 0x000000008eb00000|  0%| F|  |TAMS 0x000000008ea00000, 0x000000008ea00000| Untracked 
| 235|0x000000008eb00000, 0x000000008eb00000, 0x000000008ec00000|  0%| F|  |TAMS 0x000000008eb00000, 0x000000008eb00000| Untracked 
| 236|0x000000008ec00000, 0x000000008ec00000, 0x000000008ed00000|  0%| F|  |TAMS 0x000000008ec00000, 0x000000008ec00000| Untracked 
| 237|0x000000008ed00000, 0x000000008ed00000, 0x000000008ee00000|  0%| F|  |TAMS 0x000000008ed00000, 0x000000008ed00000| Untracked 
| 238|0x000000008ee00000, 0x000000008ee00000, 0x000000008ef00000|  0%| F|  |TAMS 0x000000008ee00000, 0x000000008ee00000| Untracked 
| 239|0x000000008ef00000, 0x000000008ef00000, 0x000000008f000000|  0%| F|  |TAMS 0x000000008ef00000, 0x000000008ef00000| Untracked 
| 240|0x000000008f000000, 0x000000008f000000, 0x000000008f100000|  0%| F|  |TAMS 0x000000008f000000, 0x000000008f000000| Untracked 
| 241|0x000000008f100000, 0x000000008f100000, 0x000000008f200000|  0%| F|  |TAMS 0x000000008f100000, 0x000000008f100000| Untracked 
| 242|0x000000008f200000, 0x000000008f200000, 0x000000008f300000|  0%| F|  |TAMS 0x000000008f200000, 0x000000008f200000| Untracked 
| 243|0x000000008f300000, 0x000000008f300000, 0x000000008f400000|  0%| F|  |TAMS 0x000000008f300000, 0x000000008f300000| Untracked 
| 244|0x000000008f400000, 0x000000008f400000, 0x000000008f500000|  0%| F|  |TAMS 0x000000008f400000, 0x000000008f400000| Untracked 
| 245|0x000000008f500000, 0x000000008f500000, 0x000000008f600000|  0%| F|  |TAMS 0x000000008f500000, 0x000000008f500000| Untracked 
| 246|0x000000008f600000, 0x000000008f600000, 0x000000008f700000|  0%| F|  |TAMS 0x000000008f600000, 0x000000008f600000| Untracked 
| 247|0x000000008f700000, 0x000000008f700000, 0x000000008f800000|  0%| F|  |TAMS 0x000000008f700000, 0x000000008f700000| Untracked 
| 248|0x000000008f800000, 0x000000008f800000, 0x000000008f900000|  0%| F|  |TAMS 0x000000008f800000, 0x000000008f800000| Untracked 
| 249|0x000000008f900000, 0x000000008f900000, 0x000000008fa00000|  0%| F|  |TAMS 0x000000008f900000, 0x000000008f900000| Untracked 
| 250|0x000000008fa00000, 0x000000008fa00000, 0x000000008fb00000|  0%| F|  |TAMS 0x000000008fa00000, 0x000000008fa00000| Untracked 
| 251|0x000000008fb00000, 0x000000008fb00000, 0x000000008fc00000|  0%| F|  |TAMS 0x000000008fb00000, 0x000000008fb00000| Untracked 
| 252|0x000000008fc00000, 0x000000008fc00000, 0x000000008fd00000|  0%| F|  |TAMS 0x000000008fc00000, 0x000000008fc00000| Untracked 
| 253|0x000000008fd00000, 0x000000008fd00000, 0x000000008fe00000|  0%| F|  |TAMS 0x000000008fd00000, 0x000000008fd00000| Untracked 
| 254|0x000000008fe00000, 0x000000008fe00000, 0x000000008ff00000|  0%| F|  |TAMS 0x000000008fe00000, 0x000000008fe00000| Untracked 
| 255|0x000000008ff00000, 0x000000008ff00000, 0x0000000090000000|  0%| F|  |TAMS 0x000000008ff00000, 0x000000008ff00000| Untracked 
| 256|0x0000000090000000, 0x0000000090000000, 0x0000000090100000|  0%| F|  |TAMS 0x0000000090000000, 0x0000000090000000| Untracked 
| 257|0x0000000090100000, 0x0000000090100000, 0x0000000090200000|  0%| F|  |TAMS 0x0000000090100000, 0x0000000090100000| Untracked 
| 258|0x0000000090200000, 0x0000000090200000, 0x0000000090300000|  0%| F|  |TAMS 0x0000000090200000, 0x0000000090200000| Untracked 
| 259|0x0000000090300000, 0x0000000090300000, 0x0000000090400000|  0%| F|  |TAMS 0x0000000090300000, 0x0000000090300000| Untracked 
| 260|0x0000000090400000, 0x0000000090400000, 0x0000000090500000|  0%| F|  |TAMS 0x0000000090400000, 0x0000000090400000| Untracked 
| 261|0x0000000090500000, 0x0000000090500000, 0x0000000090600000|  0%| F|  |TAMS 0x0000000090500000, 0x0000000090500000| Untracked 
| 262|0x0000000090600000, 0x0000000090600000, 0x0000000090700000|  0%| F|  |TAMS 0x0000000090600000, 0x0000000090600000| Untracked 
| 263|0x0000000090700000, 0x0000000090700000, 0x0000000090800000|  0%| F|  |TAMS 0x0000000090700000, 0x0000000090700000| Untracked 
| 264|0x0000000090800000, 0x0000000090800000, 0x0000000090900000|  0%| F|  |TAMS 0x0000000090800000, 0x0000000090800000| Untracked 
| 265|0x0000000090900000, 0x0000000090900000, 0x0000000090a00000|  0%| F|  |TAMS 0x0000000090900000, 0x0000000090900000| Untracked 
| 266|0x0000000090a00000, 0x0000000090a00000, 0x0000000090b00000|  0%| F|  |TAMS 0x0000000090a00000, 0x0000000090a00000| Untracked 
| 267|0x0000000090b00000, 0x0000000090b00000, 0x0000000090c00000|  0%| F|  |TAMS 0x0000000090b00000, 0x0000000090b00000| Untracked 
| 268|0x0000000090c00000, 0x0000000090ca0078, 0x0000000090d00000| 62%| S|CS|TAMS 0x0000000090c00000, 0x0000000090c00000| Complete 
| 269|0x0000000090d00000, 0x0000000090e00000, 0x0000000090e00000|100%| S|CS|TAMS 0x0000000090d00000, 0x0000000090d00000| Complete 
| 270|0x0000000090e00000, 0x0000000090f00000, 0x0000000090f00000|100%| S|CS|TAMS 0x0000000090e00000, 0x0000000090e00000| Complete 
| 271|0x0000000090f00000, 0x0000000090f00000, 0x0000000091000000|  0%| F|  |TAMS 0x0000000090f00000, 0x0000000090f00000| Untracked 
| 272|0x0000000091000000, 0x0000000091000000, 0x0000000091100000|  0%| F|  |TAMS 0x0000000091000000, 0x0000000091000000| Untracked 
| 273|0x0000000091100000, 0x0000000091100000, 0x0000000091200000|  0%| F|  |TAMS 0x0000000091100000, 0x0000000091100000| Untracked 
| 274|0x0000000091200000, 0x0000000091200000, 0x0000000091300000|  0%| F|  |TAMS 0x0000000091200000, 0x0000000091200000| Untracked 
| 275|0x0000000091300000, 0x0000000091300000, 0x0000000091400000|  0%| F|  |TAMS 0x0000000091300000, 0x0000000091300000| Untracked 
| 276|0x0000000091400000, 0x0000000091400000, 0x0000000091500000|  0%| F|  |TAMS 0x0000000091400000, 0x0000000091400000| Untracked 
| 277|0x0000000091500000, 0x0000000091500000, 0x0000000091600000|  0%| F|  |TAMS 0x0000000091500000, 0x0000000091500000| Untracked 
| 278|0x0000000091600000, 0x0000000091600000, 0x0000000091700000|  0%| F|  |TAMS 0x0000000091600000, 0x0000000091600000| Untracked 
| 279|0x0000000091700000, 0x0000000091700000, 0x0000000091800000|  0%| F|  |TAMS 0x0000000091700000, 0x0000000091700000| Untracked 
| 280|0x0000000091800000, 0x0000000091800000, 0x0000000091900000|  0%| F|  |TAMS 0x0000000091800000, 0x0000000091800000| Untracked 
| 281|0x0000000091900000, 0x0000000091900000, 0x0000000091a00000|  0%| F|  |TAMS 0x0000000091900000, 0x0000000091900000| Untracked 
| 282|0x0000000091a00000, 0x0000000091a00000, 0x0000000091b00000|  0%| F|  |TAMS 0x0000000091a00000, 0x0000000091a00000| Untracked 
| 283|0x0000000091b00000, 0x0000000091b00000, 0x0000000091c00000|  0%| F|  |TAMS 0x0000000091b00000, 0x0000000091b00000| Untracked 
| 284|0x0000000091c00000, 0x0000000091c00000, 0x0000000091d00000|  0%| F|  |TAMS 0x0000000091c00000, 0x0000000091c00000| Untracked 
| 285|0x0000000091d00000, 0x0000000091d00000, 0x0000000091e00000|  0%| F|  |TAMS 0x0000000091d00000, 0x0000000091d00000| Untracked 
| 286|0x0000000091e00000, 0x0000000091e00000, 0x0000000091f00000|  0%| F|  |TAMS 0x0000000091e00000, 0x0000000091e00000| Untracked 
| 287|0x0000000091f00000, 0x0000000091f00000, 0x0000000092000000|  0%| F|  |TAMS 0x0000000091f00000, 0x0000000091f00000| Untracked 
| 288|0x0000000092000000, 0x0000000092000000, 0x0000000092100000|  0%| F|  |TAMS 0x0000000092000000, 0x0000000092000000| Untracked 
| 289|0x0000000092100000, 0x0000000092100000, 0x0000000092200000|  0%| F|  |TAMS 0x0000000092100000, 0x0000000092100000| Untracked 
| 290|0x0000000092200000, 0x0000000092200000, 0x0000000092300000|  0%| F|  |TAMS 0x0000000092200000, 0x0000000092200000| Untracked 
| 291|0x0000000092300000, 0x0000000092300000, 0x0000000092400000|  0%| F|  |TAMS 0x0000000092300000, 0x0000000092300000| Untracked 
| 292|0x0000000092400000, 0x0000000092400000, 0x0000000092500000|  0%| F|  |TAMS 0x0000000092400000, 0x0000000092400000| Untracked 

Card table byte_map: [0x000001d8ea470000,0x000001d8ea870000] _byte_map_base: 0x000001d8ea070000

Marking Bits (Prev, Next): (CMBitMap*) 0x000001d8d7b3b058, (CMBitMap*) 0x000001d8d7b3b090
 Prev Bits: [0x000001d8eac70000, 0x000001d8ecc70000)
 Next Bits: [0x000001d8ecc70000, 0x000001d8eec70000)

Polling page: 0x000001d8d5990000

Metaspace:

Usage:
  Non-class:     96.40 MB capacity,    94.85 MB ( 98%) used,     1.24 MB (  1%) free+waste,   314.44 KB ( <1%) overhead. 
      Class:     14.40 MB capacity,    13.45 MB ( 93%) used,   837.84 KB (  6%) free+waste,   139.25 KB ( <1%) overhead. 
       Both:    110.80 MB capacity,   108.29 MB ( 98%) used,     2.06 MB (  2%) free+waste,   453.69 KB ( <1%) overhead. 

Virtual space:
  Non-class space:       98.00 MB reserved,      96.62 MB ( 99%) committed 
      Class space:        1.00 GB reserved,      14.50 MB (  1%) committed 
             Both:        1.10 GB reserved,     111.12 MB ( 10%) committed 

Chunk freelists:
   Non-Class:  39.00 KB
       Class:  4.00 KB
        Both:  43.00 KB

MaxMetaspaceSize: 17179869184.00 GB
CompressedClassSpaceSize: 1.00 GB

CodeHeap 'non-profiled nmethods': size=120064Kb used=9342Kb max_used=9342Kb free=110722Kb
 bounds [0x000001d8e2f30000, 0x000001d8e3850000, 0x000001d8ea470000]
CodeHeap 'profiled nmethods': size=120000Kb used=34250Kb max_used=34250Kb free=85749Kb
 bounds [0x000001d8dba00000, 0x000001d8ddb90000, 0x000001d8e2f30000]
CodeHeap 'non-nmethods': size=5696Kb used=2298Kb max_used=2353Kb free=3397Kb
 bounds [0x000001d8db470000, 0x000001d8db6e0000, 0x000001d8dba00000]
 total_blobs=15967 nmethods=15047 adapters=831
 compilation: enabled
              stopped_count=0, restarted_count=0
 full_count=0

Compilation events (20 events):
Event: 250.804 Thread 0x000001d8f10c5000 17144       3       com.android.tools.r8.w.a.a.a.h.N::g (323 bytes)
Event: 250.806 Thread 0x000001d8f10c5000 nmethod 17144 0x000001d8ddb8ce90 code [0x000001d8ddb8d140, 0x000001d8ddb8e018]
Event: 250.842 Thread 0x000001d8f10c5000 17146       2       com.android.tools.r8.graph.S$j::compareTo (9 bytes)
Event: 250.843 Thread 0x000001d8f10c5000 nmethod 17146 0x000001d8ddb8e590 code [0x000001d8ddb8e760, 0x000001d8ddb8e938]
Event: 250.888 Thread 0x000001d8f10bf800 nmethod 17096 0x000001d8e384bc10 code [0x000001d8e384be40, 0x000001d8e384db78]
Event: 250.888 Thread 0x000001d8f10bf800 17100 %     4       java.util.IdentityHashMap$KeySet::toArray @ 49 (139 bytes)
Event: 250.904 Thread 0x000001d8f10bf800 nmethod 17100% 0x000001d8e384e910 code [0x000001d8e384eac0, 0x000001d8e384ef58]
Event: 250.905 Thread 0x000001d8f10bf800 17147       4       com.android.tools.r8.w.a.a.a.h.V0::containsKey (74 bytes)
Event: 250.911 Thread 0x000001d8f10bf800 nmethod 17147 0x000001d8e384f210 code [0x000001d8e384f3c0, 0x000001d8e384f608]
Event: 250.911 Thread 0x000001d8f10bf800 17145       4       com.android.tools.r8.graph.B::a (7 bytes)
Event: 250.954 Thread 0x000001d8f10c5000 17149       2       com.android.tools.r8.graph.S$b::compareTo (9 bytes)
Event: 250.955 Thread 0x000001d8f10c5000 nmethod 17149 0x000001d8ddb8ea10 code [0x000001d8ddb8ebe0, 0x000001d8ddb8ee08]
Event: 250.966 Thread 0x000001d8f10c5000 17150       2       com.android.tools.r8.graph.c0::F (49 bytes)
Event: 250.966 Thread 0x000001d8f10c5000 nmethod 17150 0x000001d8ddb8ef90 code [0x000001d8ddb8f140, 0x000001d8ddb8f268]
Event: 250.973 Thread 0x000001d8f10c5000 17151       2       com.android.tools.r8.graph.t0$n::hashCode (9 bytes)
Event: 250.973 Thread 0x000001d8f10c5000 nmethod 17151 0x000001d8ddb8f310 code [0x000001d8ddb8f4c0, 0x000001d8ddb8f5b8]
Event: 250.974 Thread 0x000001d8f10c5000 17152       2       com.android.tools.r8.graph.t0$e::hashCode (17 bytes)
Event: 250.974 Thread 0x000001d8f10c5000 nmethod 17152 0x000001d8ddb8f690 code [0x000001d8ddb8f840, 0x000001d8ddb8f958]
Event: 251.003 Thread 0x000001d8f10c5000 17154       2       com.android.tools.r8.graph.t0$k::hashCode (9 bytes)
Event: 251.003 Thread 0x000001d8f10c5000 nmethod 17154 0x000001d8ddb8fa10 code [0x000001d8ddb8fbe0, 0x000001d8ddb8fd18]

GC Heap History (20 events):
Event: 241.615 GC heap after
{Heap after GC invocations=101 (full 0):
 garbage-first heap   total 235520K, used 156160K [0x0000000080000000, 0x0000000100000000)
  region size 1024K, 2 young (2048K), 2 survivors (2048K)
 Metaspace       used 110678K, capacity 113204K, committed 113404K, reserved 1148928K
  class space    used 13764K, capacity 14711K, committed 14720K, reserved 1048576K
}
Event: 242.583 GC heap before
{Heap before GC invocations=101 (full 0):
 garbage-first heap   total 235520K, used 185856K [0x0000000080000000, 0x0000000100000000)
  region size 1024K, 32 young (32768K), 2 survivors (2048K)
 Metaspace       used 110748K, capacity 113270K, committed 113404K, reserved 1148928K
  class space    used 13764K, capacity 14711K, committed 14720K, reserved 1048576K
}
Event: 242.696 GC heap after
{Heap after GC invocations=102 (full 0):
 garbage-first heap   total 235520K, used 174592K [0x0000000080000000, 0x0000000100000000)
  region size 1024K, 4 young (4096K), 4 survivors (4096K)
 Metaspace       used 110748K, capacity 113270K, committed 113404K, reserved 1148928K
  class space    used 13764K, capacity 14711K, committed 14720K, reserved 1048576K
}
Event: 242.791 GC heap before
{Heap before GC invocations=102 (full 0):
 garbage-first heap   total 235520K, used 178688K [0x0000000080000000, 0x0000000100000000)
  region size 1024K, 9 young (9216K), 4 survivors (4096K)
 Metaspace       used 110748K, capacity 113270K, committed 113404K, reserved 1148928K
  class space    used 13764K, capacity 14711K, committed 14720K, reserved 1048576K
}
Event: 242.840 GC heap after
{Heap after GC invocations=103 (full 0):
 garbage-first heap   total 235520K, used 177829K [0x0000000080000000, 0x0000000100000000)
  region size 1024K, 3 young (3072K), 3 survivors (3072K)
 Metaspace       used 110748K, capacity 113270K, committed 113404K, reserved 1148928K
  class space    used 13764K, capacity 14711K, committed 14720K, reserved 1048576K
}
Event: 244.428 GC heap before
{Heap before GC invocations=104 (full 0):
 garbage-first heap   total 235520K, used 188069K [0x0000000080000000, 0x0000000100000000)
  region size 1024K, 16 young (16384K), 3 survivors (3072K)
 Metaspace       used 110738K, capacity 113257K, committed 113404K, reserved 1148928K
  class space    used 13761K, capacity 14705K, committed 14720K, reserved 1048576K
}
Event: 244.490 GC heap after
{Heap after GC invocations=105 (full 0):
 garbage-first heap   total 235520K, used 182784K [0x0000000080000000, 0x0000000100000000)
  region size 1024K, 2 young (2048K), 2 survivors (2048K)
 Metaspace       used 110738K, capacity 113257K, committed 113404K, reserved 1148928K
  class space    used 13761K, capacity 14705K, committed 14720K, reserved 1048576K
}
Event: 244.892 GC heap before
{Heap before GC invocations=105 (full 0):
 garbage-first heap   total 235520K, used 192000K [0x0000000080000000, 0x0000000100000000)
  region size 1024K, 11 young (11264K), 2 survivors (2048K)
 Metaspace       used 110794K, capacity 113361K, committed 113532K, reserved 1148928K
  class space    used 13765K, capacity 14739K, committed 14848K, reserved 1048576K
}
Event: 245.000 GC heap after
{Heap after GC invocations=106 (full 0):
 garbage-first heap   total 235520K, used 173056K [0x0000000080000000, 0x0000000100000000)
  region size 1024K, 2 young (2048K), 2 survivors (2048K)
 Metaspace       used 110794K, capacity 113361K, committed 113532K, reserved 1148928K
  class space    used 13765K, capacity 14739K, committed 14848K, reserved 1048576K
}
Event: 245.207 GC heap before
{Heap before GC invocations=106 (full 0):
 garbage-first heap   total 235520K, used 178176K [0x0000000080000000, 0x0000000100000000)
  region size 1024K, 8 young (8192K), 2 survivors (2048K)
 Metaspace       used 110802K, capacity 113368K, committed 113532K, reserved 1148928K
  class space    used 13766K, capacity 14741K, committed 14848K, reserved 1048576K
}
Event: 245.249 GC heap after
{Heap after GC invocations=107 (full 0):
 garbage-first heap   total 235520K, used 175426K [0x0000000080000000, 0x0000000100000000)
  region size 1024K, 2 young (2048K), 2 survivors (2048K)
 Metaspace       used 110802K, capacity 113368K, committed 113532K, reserved 1148928K
  class space    used 13766K, capacity 14741K, committed 14848K, reserved 1048576K
}
Event: 247.235 GC heap before
{Heap before GC invocations=108 (full 0):
 garbage-first heap   total 235520K, used 178498K [0x0000000080000000, 0x0000000100000000)
  region size 1024K, 15 young (15360K), 2 survivors (2048K)
 Metaspace       used 110836K, capacity 113432K, committed 113788K, reserved 1148928K
  class space    used 13766K, capacity 14741K, committed 14848K, reserved 1048576K
}
Event: 247.325 GC heap after
{Heap after GC invocations=109 (full 0):
 garbage-first heap   total 300032K, used 167936K [0x0000000080000000, 0x0000000100000000)
  region size 1024K, 2 young (2048K), 2 survivors (2048K)
 Metaspace       used 110836K, capacity 113432K, committed 113788K, reserved 1148928K
  class space    used 13766K, capacity 14741K, committed 14848K, reserved 1048576K
}
Event: 247.942 GC heap before
{Heap before GC invocations=109 (full 0):
 garbage-first heap   total 300032K, used 180224K [0x0000000080000000, 0x0000000100000000)
  region size 1024K, 14 young (14336K), 2 survivors (2048K)
 Metaspace       used 110846K, capacity 113432K, committed 113788K, reserved 1148928K
  class space    used 13766K, capacity 14741K, committed 14848K, reserved 1048576K
}
Event: 248.049 GC heap after
{Heap after GC invocations=110 (full 0):
 garbage-first heap   total 300032K, used 167926K [0x0000000080000000, 0x0000000100000000)
  region size 1024K, 2 young (2048K), 2 survivors (2048K)
 Metaspace       used 110846K, capacity 113432K, committed 113788K, reserved 1148928K
  class space    used 13766K, capacity 14741K, committed 14848K, reserved 1048576K
}
Event: 248.966 GC heap before
{Heap before GC invocations=110 (full 0):
 garbage-first heap   total 300032K, used 195574K [0x0000000080000000, 0x0000000100000000)
  region size 1024K, 25 young (25600K), 2 survivors (2048K)
 Metaspace       used 110855K, capacity 113432K, committed 113788K, reserved 1148928K
  class space    used 13766K, capacity 14741K, committed 14848K, reserved 1048576K
}
Event: 249.052 GC heap after
{Heap after GC invocations=111 (full 0):
 garbage-first heap   total 300032K, used 179151K [0x0000000080000000, 0x0000000100000000)
  region size 1024K, 4 young (4096K), 4 survivors (4096K)
 Metaspace       used 110855K, capacity 113432K, committed 113788K, reserved 1148928K
  class space    used 13766K, capacity 14741K, committed 14848K, reserved 1048576K
}
Event: 250.603 GC heap before
{Heap before GC invocations=111 (full 0):
 garbage-first heap   total 300032K, used 222159K [0x0000000080000000, 0x0000000100000000)
  region size 1024K, 32 young (32768K), 4 survivors (4096K)
 Metaspace       used 110875K, capacity 113437K, committed 113788K, reserved 1148928K
  class space    used 13766K, capacity 14741K, committed 14848K, reserved 1048576K
}
Event: 250.640 GC heap after
{Heap after GC invocations=112 (full 0):
 garbage-first heap   total 300032K, used 198656K [0x0000000080000000, 0x0000000100000000)
  region size 1024K, 4 young (4096K), 4 survivors (4096K)
 Metaspace       used 110875K, capacity 113437K, committed 113788K, reserved 1148928K
  class space    used 13766K, capacity 14741K, committed 14848K, reserved 1048576K
}
Event: 251.065 GC heap before
{Heap before GC invocations=112 (full 0):
 garbage-first heap   total 300032K, used 223232K [0x0000000080000000, 0x0000000100000000)
  region size 1024K, 26 young (26624K), 4 survivors (4096K)
 Metaspace       used 110893K, capacity 113457K, committed 113788K, reserved 1148928K
  class space    used 13770K, capacity 14748K, committed 14848K, reserved 1048576K
}

Deoptimization events (20 events):
Event: 250.297 Thread 0x000001d8f404d800 DEOPT PACKING pc=0x000001d8dd922d89 sp=0x0000001c199fe5f0
Event: 250.297 Thread 0x000001d8f404d800 DEOPT UNPACKING pc=0x000001d8db4967c0 sp=0x0000001c199fdae0 mode 0
Event: 250.300 Thread 0x000001d8f404d800 DEOPT PACKING pc=0x000001d8dd91b260 sp=0x0000001c199fe600
Event: 250.300 Thread 0x000001d8f404d800 DEOPT UNPACKING pc=0x000001d8db4967c0 sp=0x0000001c199fdae8 mode 0
Event: 250.305 Thread 0x000001d8f404d800 DEOPT PACKING pc=0x000001d8dd91b260 sp=0x0000001c199fe600
Event: 250.305 Thread 0x000001d8f404d800 DEOPT UNPACKING pc=0x000001d8db4967c0 sp=0x0000001c199fdae8 mode 0
Event: 250.305 Thread 0x000001d8f404d800 DEOPT PACKING pc=0x000001d8dd922d89 sp=0x0000001c199fe5f0
Event: 250.305 Thread 0x000001d8f404d800 DEOPT UNPACKING pc=0x000001d8db4967c0 sp=0x0000001c199fdae0 mode 0
Event: 250.309 Thread 0x000001d8f404d800 DEOPT PACKING pc=0x000001d8dd922d89 sp=0x0000001c199fe5f0
Event: 250.309 Thread 0x000001d8f404d800 DEOPT UNPACKING pc=0x000001d8db4967c0 sp=0x0000001c199fdae0 mode 0
Event: 250.317 Thread 0x000001d8f404d800 DEOPT PACKING pc=0x000001d8dd922d89 sp=0x0000001c199fe5f0
Event: 250.317 Thread 0x000001d8f404d800 DEOPT UNPACKING pc=0x000001d8db4967c0 sp=0x0000001c199fdae0 mode 0
Event: 250.327 Thread 0x000001d8f404d800 DEOPT PACKING pc=0x000001d8dd922d89 sp=0x0000001c199fe5f0
Event: 250.327 Thread 0x000001d8f404d800 DEOPT UNPACKING pc=0x000001d8db4967c0 sp=0x0000001c199fdae0 mode 0
Event: 250.456 Thread 0x000001d8f404d800 DEOPT PACKING pc=0x000001d8dd9262d4 sp=0x0000001c199fe870
Event: 250.456 Thread 0x000001d8f404d800 DEOPT UNPACKING pc=0x000001d8db4967c0 sp=0x0000001c199fdd28 mode 0
Event: 250.966 Thread 0x000001d8f404d800 Uncommon trap: trap_request=0xffffffad fr.pc=0x000001d8e379e7fc relative=0x000000000000011c
Event: 250.966 Thread 0x000001d8f404d800 Uncommon trap: reason=uninitialized action=reinterpret pc=0x000001d8e379e7fc method=com.android.tools.r8.graph.t0.a(Lcom/android/tools/r8/graph/r0;)Lcom/android/tools/r8/graph/t0; @ 127 c2
Event: 250.966 Thread 0x000001d8f404d800 DEOPT PACKING pc=0x000001d8e379e7fc sp=0x0000001c199fe930
Event: 250.966 Thread 0x000001d8f404d800 DEOPT UNPACKING pc=0x000001d8db4969aa sp=0x0000001c199fe868 mode 2

Classes redefined (0 events):
No events

Internal exceptions (20 events):
Event: 228.290 Thread 0x000001d8f4049800 Exception <a 'java/lang/NoSuchMethodError'{0x000000008e08fc38}: 'long java.lang.invoke.DirectMethodHandle$Holder.invokeStatic(java.lang.Object, java.lang.Object)'> (0x000000008e08fc38) thrown at [./src/hotspot/share/interpreter/linkResolver.cpp, line 773]
Event: 228.877 Thread 0x000001d8f4049800 Exception <a 'java/lang/NoSuchMethodError'{0x000000008d680080}: 'java.lang.Object java.lang.invoke.DirectMethodHandle$Holder.newInvokeSpecial(java.lang.Object, int)'> (0x000000008d680080) thrown at [./src/hotspot/share/interpreter/linkResolver.cpp, line 773]
Event: 229.131 Thread 0x000001d8f4049800 Exception <a 'java/lang/NoSuchMethodError'{0x000000008d1ec768}: 'void java.lang.invoke.DirectMethodHandle$Holder.invokeStatic(java.lang.Object, java.lang.Object, java.lang.Object, int)'> (0x000000008d1ec768) thrown at [./src/hotspot/share/interpreter/linkResolver.cpp, line 773]
Event: 229.138 Thread 0x000001d8f4049800 Exception <a 'java/lang/IncompatibleClassChangeError'{0x000000008d1f45b0}: Found class java.lang.Object, but interface was expected> (0x000000008d1f45b0) thrown at [./src/hotspot/share/interpreter/linkResolver.cpp, line 839]
Event: 230.030 Thread 0x000001d8f404a800 Exception <a 'java/lang/NoSuchMethodError'{0x000000008c3e0ae0}: 'void java.lang.invoke.DirectMethodHandle$Holder.invokeStaticInit(java.lang.Object, java.lang.Object, java.lang.Object, java.lang.Object, java.lang.Object)'> (0x000000008c3e0ae0) thrown at [./src/hotspot/share/interpreter/linkResolver.cpp, line 773]
Event: 230.134 Thread 0x000001d8f4049800 Exception <a 'java/lang/NoSuchMethodError'{0x000000008c26a850}: 'java.lang.Object java.lang.invoke.DirectMethodHandle$Holder.invokeStatic(java.lang.Object, int, java.lang.Object, java.lang.Object)'> (0x000000008c26a850) thrown at [./src/hotspot/share/interpreter/linkResolver.cpp, line 773]
Event: 230.204 Thread 0x000001d8f4049800 Exception <a 'java/lang/NoSuchMethodError'{0x000000008c29edb0}: 'void java.lang.invoke.DirectMethodHandle$Holder.invokeSpecial(java.lang.Object, java.lang.Object, int, java.lang.Object)'> (0x000000008c29edb0) thrown at [./src/hotspot/share/interpreter/linkResolver.cpp, line 773]
Event: 230.496 Thread 0x000001d8f4049800 Exception <a 'java/lang/NoSuchMethodError'{0x000000008bec9e90}: 'java.lang.Object java.lang.invoke.DirectMethodHandle$Holder.invokeVirtual(java.lang.Object, java.lang.Object, int, java.lang.Object)'> (0x000000008bec9e90) thrown at [./src/hotspot/share/interpreter/linkResolver.cpp, line 773]
Event: 230.591 Thread 0x000001d8f404a800 Exception <a 'java/lang/NoSuchMethodError'{0x000000008bd48e18}: 'void java.lang.invoke.DirectMethodHandle$Holder.invokeVirtual(java.lang.Object, java.lang.Object, int, java.lang.Object)'> (0x000000008bd48e18) thrown at [./src/hotspot/share/interpreter/linkResolver.cpp, line 773]
Event: 232.630 Thread 0x000001d8f4049800 Exception <a 'java/lang/NoSuchMethodError'{0x000000008a8a2c68}: 'java.lang.Object java.lang.invoke.DirectMethodHandle$Holder.invokeSpecial(java.lang.Object, java.lang.Object, java.lang.Object, java.lang.Object, java.lang.Object, java.lang.Object, java.lang.Object, java.lang.Object, java.lang.Object, java.lang.Object)'> (0x000000008a8a2c68) thrown at [./src/hotspot/share/interpreter/linkResolver.cpp, line 773]
Event: 232.631 Thread 0x000001d8f4049800 Exception <a 'java/lang/NoSuchMethodError'{0x000000008a8a6d58}: 'java.lang.Object java.lang.invoke.Invokers$Holder.linkToTargetMethod(java.lang.Object, java.lang.Object, java.lang.Object, java.lang.Object, java.lang.Object, java.lang.Object, java.lang.Object, java.lang.Object, java.lang.Object)'> (0x000000008a8a6d58) thrown at [./src/hotspot/share/interpreter/linkResolver.cpp, line 773]
Event: 233.370 Thread 0x000001d8f4049800 Exception <a 'java/lang/NoSuchMethodError'{0x000000008a216fc0}: 'void java.lang.invoke.DirectMethodHandle$Holder.invokeVirtual(java.lang.Object, java.lang.Object, int)'> (0x000000008a216fc0) thrown at [./src/hotspot/share/interpreter/linkResolver.cpp, line 773]
Event: 233.739 Thread 0x000001d8f4049800 Exception <a 'sun/nio/fs/WindowsException'{0x000000008e4ab9f0}> (0x000000008e4ab9f0) thrown at [./src/hotspot/share/prims/jni.cpp, line 615]
Event: 234.098 Thread 0x000001d8f4049800 Exception <a 'sun/nio/fs/WindowsException'{0x000000008e4d2948}> (0x000000008e4d2948) thrown at [./src/hotspot/share/prims/jni.cpp, line 615]
Event: 234.380 Thread 0x000001d8f4049800 Exception <a 'sun/nio/fs/WindowsException'{0x000000008dd46b40}> (0x000000008dd46b40) thrown at [./src/hotspot/share/prims/jni.cpp, line 615]
Event: 234.597 Thread 0x000001d8f4049800 Exception <a 'sun/nio/fs/WindowsException'{0x000000008dd4ed48}> (0x000000008dd4ed48) thrown at [./src/hotspot/share/prims/jni.cpp, line 615]
Event: 234.905 Thread 0x000001d8f4049800 Exception <a 'sun/nio/fs/WindowsException'{0x000000008d8426c0}> (0x000000008d8426c0) thrown at [./src/hotspot/share/prims/jni.cpp, line 615]
Event: 235.434 Thread 0x000001d8f4049800 Exception <a 'sun/nio/fs/WindowsException'{0x000000008d888c18}> (0x000000008d888c18) thrown at [./src/hotspot/share/prims/jni.cpp, line 615]
Event: 238.477 Thread 0x000001d8f2f9c800 Exception <a 'java/lang/NoSuchMethodError'{0x000000008dd63680}: <clinit>> (0x000000008dd63680) thrown at [./src/hotspot/share/prims/jni.cpp, line 1362]
Event: 239.489 Thread 0x000001d8f404a800 Exception <a 'sun/nio/fs/WindowsException'{0x000000008db62e00}> (0x000000008db62e00) thrown at [./src/hotspot/share/prims/jni.cpp, line 615]

Events (20 events):
Event: 250.836 loading class com/android/tools/r8/graph/S$j done
Event: 250.837 loading class com/android/tools/r8/graph/S$j
Event: 250.837 loading class com/android/tools/r8/graph/S$j done
Event: 250.837 loading class com/android/tools/r8/graph/S$j
Event: 250.837 loading class com/android/tools/r8/graph/S$j done
Event: 250.838 loading class com/android/tools/r8/graph/q0
Event: 250.838 loading class com/android/tools/r8/graph/q0 done
Event: 250.838 loading class com/android/tools/r8/graph/q0
Event: 250.838 loading class com/android/tools/r8/graph/q0 done
Event: 250.838 loading class com/android/tools/r8/graph/S$j
Event: 250.838 loading class com/android/tools/r8/graph/S$j done
Event: 250.839 loading class com/android/tools/r8/graph/S$j
Event: 250.839 loading class com/android/tools/r8/graph/S$j done
Event: 250.839 loading class com/android/tools/r8/graph/r0
Event: 250.839 loading class com/android/tools/r8/graph/r0 done
Event: 250.839 loading class com/android/tools/r8/graph/r0
Event: 250.839 loading class com/android/tools/r8/graph/r0 done
Event: 250.840 loading class com/android/tools/r8/graph/S$j
Event: 250.840 loading class com/android/tools/r8/graph/S$j done
Event: 251.065 Executing VM operation: G1CollectForAllocation


Dynamic libraries:
0x00007ff66d3f0000 - 0x00007ff66d3fa000 	C:\Program Files\Android\Android Studio\jre\bin\java.exe
0x00007ffe7bd20000 - 0x00007ffe7bf01000 	C:\Windows\SYSTEM32\ntdll.dll
0x00007ffe7b160000 - 0x00007ffe7b212000 	C:\Windows\System32\KERNEL32.DLL
0x00007ffe78360000 - 0x00007ffe785d3000 	C:\Windows\System32\KERNELBASE.dll
0x00007ffe78980000 - 0x00007ffe78a7a000 	C:\Windows\System32\ucrtbase.dll
0x00007ffe632b0000 - 0x00007ffe632c7000 	C:\Program Files\Android\Android Studio\jre\bin\VCRUNTIME140.dll
0x00007ffe5a990000 - 0x00007ffe5a9a9000 	C:\Program Files\Android\Android Studio\jre\bin\jli.dll
0x00007ffe7b370000 - 0x00007ffe7b500000 	C:\Windows\System32\USER32.dll
0x00007ffe78a80000 - 0x00007ffe78aa0000 	C:\Windows\System32\win32u.dll
0x00007ffe7af40000 - 0x00007ffe7af68000 	C:\Windows\System32\GDI32.dll
0x00007ffe78690000 - 0x00007ffe78822000 	C:\Windows\System32\gdi32full.dll
0x00007ffe78890000 - 0x00007ffe7892f000 	C:\Windows\System32\msvcp_win.dll
0x00007ffe6ab30000 - 0x00007ffe6ad99000 	C:\Windows\WinSxS\amd64_microsoft.windows.common-controls_6595b64144ccf1df_6.0.17133.73_none_b4b127863cb5b9c7\COMCTL32.dll
0x00007ffe797c0000 - 0x00007ffe7985e000 	C:\Windows\System32\msvcrt.dll
0x00007ffe7b500000 - 0x00007ffe7b823000 	C:\Windows\System32\combase.dll
0x00007ffe7af70000 - 0x00007ffe7b094000 	C:\Windows\System32\RPCRT4.dll
0x00007ffe782e0000 - 0x00007ffe7835a000 	C:\Windows\System32\bcryptPrimitives.dll
0x00007ffe79490000 - 0x00007ffe794bd000 	C:\Windows\System32\IMM32.DLL
0x00007ffe4bf90000 - 0x00007ffe4c02d000 	C:\Program Files\Android\Android Studio\jre\bin\msvcp140.dll
0x00007ffe433a0000 - 0x00007ffe43e5c000 	C:\Program Files\Android\Android Studio\jre\bin\server\jvm.dll
0x00007ffe793e0000 - 0x00007ffe79481000 	C:\Windows\System32\ADVAPI32.dll
0x00007ffe79860000 - 0x00007ffe798bb000 	C:\Windows\System32\sechost.dll
0x00007ffe791b0000 - 0x00007ffe791b8000 	C:\Windows\System32\PSAPI.DLL
0x00007ffe6c010000 - 0x00007ffe6c019000 	C:\Windows\SYSTEM32\WSOCK32.dll
0x00007ffe7b830000 - 0x00007ffe7b89c000 	C:\Windows\System32\WS2_32.dll
0x00007ffe75e60000 - 0x00007ffe75e83000 	C:\Windows\SYSTEM32\WINMM.dll
0x00007ffe68610000 - 0x00007ffe6861a000 	C:\Windows\SYSTEM32\VERSION.dll
0x00007ffe75e30000 - 0x00007ffe75e5a000 	C:\Windows\SYSTEM32\WINMMBASE.dll
0x00007ffe78930000 - 0x00007ffe78979000 	C:\Windows\System32\cfgmgr32.dll
0x00007ffe780b0000 - 0x00007ffe780c1000 	C:\Windows\System32\kernel.appcore.dll
0x00007ffe63290000 - 0x00007ffe632a1000 	C:\Program Files\Android\Android Studio\jre\bin\verify.dll
0x00007ffe67470000 - 0x00007ffe67639000 	C:\Windows\SYSTEM32\DBGHELP.DLL
0x00007ffe67440000 - 0x00007ffe67469000 	C:\Windows\SYSTEM32\dbgcore.DLL
0x00007ffe62e60000 - 0x00007ffe62e89000 	C:\Program Files\Android\Android Studio\jre\bin\java.dll
0x00007ffe6b770000 - 0x00007ffe6b77b000 	C:\Program Files\Android\Android Studio\jre\bin\jimage.dll
0x00007ffe63270000 - 0x00007ffe63288000 	C:\Program Files\Android\Android Studio\jre\bin\zip.dll
0x00007ffe79b00000 - 0x00007ffe7af40000 	C:\Windows\System32\SHELL32.dll
0x00007ffe7b0a0000 - 0x00007ffe7b149000 	C:\Windows\System32\shcore.dll
0x00007ffe78aa0000 - 0x00007ffe791ad000 	C:\Windows\System32\windows.storage.dll
0x00007ffe798c0000 - 0x00007ffe79911000 	C:\Windows\System32\shlwapi.dll
0x00007ffe78030000 - 0x00007ffe7804f000 	C:\Windows\System32\profapi.dll
0x00007ffe78060000 - 0x00007ffe780ac000 	C:\Windows\System32\powrprof.dll
0x00007ffe78050000 - 0x00007ffe7805a000 	C:\Windows\System32\FLTLIB.DLL
0x00007ffe5c9e0000 - 0x00007ffe5c9fa000 	C:\Program Files\Android\Android Studio\jre\bin\net.dll
0x00007ffe6f3f0000 - 0x00007ffe6f4cd000 	C:\Windows\SYSTEM32\WINHTTP.dll
0x00007ffe77850000 - 0x00007ffe778b6000 	C:\Windows\system32\mswsock.dll
0x00007ffe5b600000 - 0x00007ffe5b614000 	C:\Program Files\Android\Android Studio\jre\bin\nio.dll
0x00007ffe71fe0000 - 0x00007ffe72007000 	C:\Users\MISHECK\.gradle\native\fdc75f09e3144964f2cf3f50f0aa648679c211496f362492102eb8c894070792\windows-amd64\native-platform.dll
0x00007ffe63460000 - 0x00007ffe635f6000 	C:\Users\MISHECK\.gradle\native\12488b8bf47d2d4c9fbf2f6322a914ad602e24e48041cd04a747c6da556b65c4\windows-amd64\native-platform-file-events.dll
0x00007ffe68c50000 - 0x00007ffe68c5a000 	C:\Program Files\Android\Android Studio\jre\bin\management.dll
0x00007ffe67c40000 - 0x00007ffe67c4c000 	C:\Program Files\Android\Android Studio\jre\bin\management_ext.dll
0x00007ffe77a00000 - 0x00007ffe77a17000 	C:\Windows\SYSTEM32\CRYPTSP.dll
0x00007ffe77430000 - 0x00007ffe77463000 	C:\Windows\system32\rsaenh.dll
0x00007ffe77b30000 - 0x00007ffe77b55000 	C:\Windows\SYSTEM32\bcrypt.dll
0x00007ffe77f30000 - 0x00007ffe77f58000 	C:\Windows\SYSTEM32\USERENV.dll
0x00007ffe77a20000 - 0x00007ffe77a2b000 	C:\Windows\SYSTEM32\CRYPTBASE.dll
0x00007ffe775d0000 - 0x00007ffe77608000 	C:\Windows\SYSTEM32\IPHLPAPI.DLL
0x00007ffe7b150000 - 0x00007ffe7b158000 	C:\Windows\System32\NSI.dll
0x00007ffe6f920000 - 0x00007ffe6f936000 	C:\Windows\SYSTEM32\dhcpcsvc6.DLL
0x00007ffe6f900000 - 0x00007ffe6f91a000 	C:\Windows\SYSTEM32\dhcpcsvc.DLL
0x00007ffe6f690000 - 0x00007ffe6f69b000 	C:\Windows\SYSTEM32\WINNSI.DLL

dbghelp: loaded successfully - version: 4.0.5 - missing functions: none
symbol engine: initialized successfully - sym options: 0x614 - pdb path: .;C:\Program Files\Android\Android Studio\jre\bin;C:\Windows\SYSTEM32;C:\Windows\WinSxS\amd64_microsoft.windows.common-controls_6595b64144ccf1df_6.0.17133.73_none_b4b127863cb5b9c7;C:\Program Files\Android\Android Studio\jre\bin\server;C:\Users\MISHECK\.gradle\native\fdc75f09e3144964f2cf3f50f0aa648679c211496f362492102eb8c894070792\windows-amd64;C:\Users\MISHECK\.gradle\native\12488b8bf47d2d4c9fbf2f6322a914ad602e24e48041cd04a747c6da556b65c4\windows-amd64

VM Arguments:
jvm_args: --add-opens=java.base/java.util=ALL-UNNAMED --add-opens=java.base/java.lang=ALL-UNNAMED --add-opens=java.base/java.lang.invoke=ALL-UNNAMED --add-opens=java.prefs/java.util.prefs=ALL-UNNAMED -Xmx2048m -Dfile.encoding=UTF-8 -Duser.country=US -Duser.language=en -Duser.variant 
java_command: org.gradle.launcher.daemon.bootstrap.GradleDaemon 6.7.1
java_class_path (initial): C:\Users\MISHECK\.gradle\wrapper\dists\gradle-6.7.1-bin\bwlcbys1h7rz3272sye1xwiv6\gradle-6.7.1\lib\gradle-launcher-6.7.1.jar
Launcher Type: SUN_STANDARD

[Global flags]
     intx CICompilerCount                          = 2                                         {product} {ergonomic}
     uint ConcGCThreads                            = 1                                         {product} {ergonomic}
     uint G1ConcRefinementThreads                  = 2                                         {product} {ergonomic}
   size_t G1HeapRegionSize                         = 1048576                                   {product} {ergonomic}
    uintx GCDrainStackTargetSize                   = 64                                        {product} {ergonomic}
   size_t InitialHeapSize                          = 67108864                                  {product} {ergonomic}
   size_t MarkStackSize                            = 4194304                                   {product} {ergonomic}
   size_t MaxHeapSize                              = 2147483648                                {product} {command line}
   size_t MaxNewSize                               = 1287651328                                {product} {ergonomic}
   size_t MinHeapDeltaBytes                        = 1048576                                   {product} {ergonomic}
    uintx NonNMethodCodeHeapSize                   = 5825164                                {pd product} {ergonomic}
    uintx NonProfiledCodeHeapSize                  = 122916538                              {pd product} {ergonomic}
    uintx ProfiledCodeHeapSize                     = 122916538                              {pd product} {ergonomic}
    uintx ReservedCodeCacheSize                    = 251658240                              {pd product} {ergonomic}
     bool SegmentedCodeCache                       = true                                      {product} {ergonomic}
     bool UseCompressedClassPointers               = true                                 {lp64_product} {ergonomic}
     bool UseCompressedOops                        = true                                 {lp64_product} {ergonomic}
     bool UseG1GC                                  = true                                      {product} {ergonomic}
     bool UseLargePagesIndividualAllocation        = false                                  {pd product} {ergonomic}

Logging:
Log output configuration:
 #0: stdout all=warning uptime,level,tags
 #1: stderr all=off uptime,level,tags

Environment Variables:
JAVA_HOME=C:\Program Files\Java\jdk1.8.0_191
PATH=C:\Program Files (x86)\Common Files\Oracle\Java\javapath;C:\Windows\system32;C:\Windows;C:\Windows\System32\Wbem;C:\Windows\System32\WindowsPowerShell\v1.0\;C:\Windows\System32\OpenSSH\;C:\Program Files (x86)\Git\cmd;C:\Program Files\nodejs\;C:\Program Files\Java\jdk1.8.0_191\bin;C:\Users\MISHECK\AppData\Roaming\npm;C:\Exercism;C:\Users\MISHECK\AppData\Local\Programs\Python\Python39;C:\Users\MISHECK\AppData\Local\Programs\Microsoft VS Code\bin;C:\Program Files\CodeBlocks\MinGW\bin;
USERNAME=MISHECK
OS=Windows_NT
PROCESSOR_IDENTIFIER=Intel64 Family 6 Model 55 Stepping 8, GenuineIntel



---------------  S Y S T E M  ---------------

OS: Windows 10 , 64 bit Build 17133 (10.0.17133.73)
OS uptime: 0 days 17:28 hours

CPU:total 2 (initial active 2) (2 cores per cpu, 1 threads per core) family 6 model 55 stepping 8, cmov, cx8, fxsr, mmx, sse, sse2, sse3, ssse3, sse4.1, sse4.2, popcnt, clmul, erms, 3dnowpref, tsc, tscinvbit

Memory: 4k page, system-wide physical 3987M (317M free)
TotalPageFile size 5381M (AvailPageFile size 146M)
current process WorkingSet (physical memory assigned to process): 530M, peak: 536M
current process commit charge ("private bytes"): 603M, peak: 871M

vm_info: OpenJDK 64-Bit Server VM (11.0.8+10-b944.6842174) for windows-amd64 JRE (11.0.8+10-b944.6842174), built on Sep 19 2020 01:11:42 by "builder" with MS VC++ 14.0 (VS2015)

END.
