#
# There is insufficient memory for the Java Runtime Environment to continue.
# Native memory allocation (mmap) failed to map 185597952 bytes for Failed to commit area from 0x000000008f400000 to 0x000000009a500000 of length 185597952.
# Possible reasons:
#   The system is out of physical RAM or swap space
#   The process is running with CompressedOops enabled, and the Java Heap may be blocking the growth of the native heap
# Possible solutions:
#   Reduce memory load on the system
#   Increase physical memory or swap space
#   Check if swap backing store is full
#   Decrease Java heap size (-Xmx/-Xms)
#   Decrease number of Java threads
#   Decrease Java thread stack sizes (-Xss)
#   Set larger code cache with -XX:ReservedCodeCacheSize=
#   JVM is running with Unscaled Compressed Oops mode in which the Java heap is
#     placed in the first 4GB address space. The Java Heap base address is the
#     maximum limit for the native heap growth. Please use -XX:HeapBaseMinAddress
#     to set the Java Heap base and to place the Java Heap above 4GB virtual address.
# This output file may be truncated or incomplete.
#
#  Out of Memory Error (./src/hotspot/os/windows/os_windows.cpp:3303), pid=17996, tid=14788
#
# JRE version: OpenJDK Runtime Environment (11.0.8+10) (build 11.0.8+10-b944.6842174)
# Java VM: OpenJDK 64-Bit Server VM (11.0.8+10-b944.6842174, mixed mode, tiered, compressed oops, g1 gc, windows-amd64)
# No core dump will be written. Minidumps are not enabled by default on client versions of Windows
#

---------------  S U M M A R Y ------------

Command Line: --add-opens=java.base/java.util=ALL-UNNAMED --add-opens=java.base/java.lang=ALL-UNNAMED --add-opens=java.base/java.lang.invoke=ALL-UNNAMED --add-opens=java.prefs/java.util.prefs=ALL-UNNAMED -Xmx2048m -Dfile.encoding=UTF-8 -Duser.country=US -Duser.language=en -Duser.variant org.gradle.launcher.daemon.bootstrap.GradleDaemon 6.7.1

Host: Intel(R) Celeron(R) CPU  N2840  @ 2.16GHz, 2 cores, 3G,  Windows 10 , 64 bit Build 17133 (10.0.17133.73)
Time: Thu Jul 29 00:31:43 2021 Pacific Daylight Time elapsed time: 6055 seconds (0d 1h 40m 55s)

---------------  T H R E A D  ---------------

Current thread (0x0000026977e9d800):  VMThread "VM Thread" [stack: 0x0000007c4a300000,0x0000007c4a400000] [id=14788]

Stack: [0x0000007c4a300000,0x0000007c4a400000]
[error occurred during error reporting (printing stack bounds), id 0xc0000005, EXCEPTION_ACCESS_VIOLATION (0xc0000005) at pc=0x0000026962300dbe]

Native frames: (J=compiled Java code, j=interpreted, Vv=VM code, C=native code)
V  [jvm.dll+0x5de50a]
V  [jvm.dll+0x7122f5]
V  [jvm.dll+0x71384d]
V  [jvm.dll+0x713e65]
V  [jvm.dll+0x713e1b]
V  [jvm.dll+0x5dd958]
V  [jvm.dll+0x5de0f8]
C  [ntdll.dll+0x9eddd]
C  [ntdll.dll+0x6c86]
C  [ntdll.dll+0x9dd0e]
C  0x0000026962300dbe

VM_Operation (0x0000007c4c4fe490): G1CollectForAllocation, mode: safepoint, requested by thread 0x000002697ad24800


---------------  P R O C E S S  ---------------

Threads class SMR info:
_java_thread_list=0x0000026904229290, length=45, elements={
0x000002695e98b800, 0x0000026977ea2000, 0x0000026977eaf000, 0x0000026978810800,
0x0000026978811800, 0x0000026978812800, 0x0000026978817000, 0x0000026978819800,
0x000002697895c800, 0x0000026978963000, 0x000002697a004800, 0x00000269792c3000,
0x0000026979386800, 0x000002697a5e2000, 0x000002697a5e6000, 0x000002697a5e0800,
0x000002697ad24000, 0x000002697ad25800, 0x000002697b2c2800, 0x000002697b2be800,
0x000002697b2ba800, 0x000002697b2bc000, 0x000002697b2c1000, 0x000002697b2be000,
0x000002697b2bd000, 0x000002697b2c3800, 0x000002697b2c4800, 0x000002697b2c5000,
0x000002697b2bf800, 0x000002697b2c6000, 0x000002697b2c0000, 0x000002697b2c2000,
0x000002697efed800, 0x000002697efeb000, 0x000002697efef000, 0x000002697efec800,
0x000002697eff0000, 0x0000026904245000, 0x0000026904243800, 0x0000026904242800,
0x0000026904244800, 0x000002697ad21800, 0x000002697ad26800, 0x000002697ad24800,
0x000002697ad23000
}

Java Threads: ( => current thread )
  0x000002695e98b800 JavaThread "main" [_thread_blocked, id=11912, stack(0x0000007c49d00000,0x0000007c49e00000)]
  0x0000026977ea2000 JavaThread "Reference Handler" daemon [_thread_blocked, id=9276, stack(0x0000007c4a400000,0x0000007c4a500000)]
  0x0000026977eaf000 JavaThread "Finalizer" daemon [_thread_blocked, id=15044, stack(0x0000007c4a500000,0x0000007c4a600000)]
  0x0000026978810800 JavaThread "Signal Dispatcher" daemon [_thread_blocked, id=9288, stack(0x0000007c4a600000,0x0000007c4a700000)]
  0x0000026978811800 JavaThread "Attach Listener" daemon [_thread_blocked, id=1924, stack(0x0000007c4a700000,0x0000007c4a800000)]
  0x0000026978812800 JavaThread "C2 CompilerThread0" daemon [_thread_blocked, id=11868, stack(0x0000007c4a800000,0x0000007c4a900000)]
  0x0000026978817000 JavaThread "C1 CompilerThread0" daemon [_thread_blocked, id=12744, stack(0x0000007c4a900000,0x0000007c4aa00000)]
  0x0000026978819800 JavaThread "Sweeper thread" daemon [_thread_blocked, id=15536, stack(0x0000007c4aa00000,0x0000007c4ab00000)]
  0x000002697895c800 JavaThread "Common-Cleaner" daemon [_thread_blocked, id=17792, stack(0x0000007c4ab00000,0x0000007c4ac00000)]
  0x0000026978963000 JavaThread "Service Thread" daemon [_thread_blocked, id=17748, stack(0x0000007c4ac00000,0x0000007c4ad00000)]
  0x000002697a004800 JavaThread "Daemon health stats" [_thread_blocked, id=11764, stack(0x0000007c4b000000,0x0000007c4b100000)]
  0x00000269792c3000 JavaThread "Incoming local TCP Connector on port 54848" [_thread_in_native, id=17936, stack(0x0000007c4b200000,0x0000007c4b300000)]
  0x0000026979386800 JavaThread "Daemon periodic checks" [_thread_blocked, id=16880, stack(0x0000007c4b300000,0x0000007c4b400000)]
  0x000002697a5e2000 JavaThread "Cache worker for file hash cache (C:\Users\MISHECK\.gradle\caches\6.7.1\fileHashes)" [_thread_blocked, id=15584, stack(0x0000007c4bb00000,0x0000007c4bc00000)]
  0x000002697a5e6000 JavaThread "File lock request listener" [_thread_in_native, id=12768, stack(0x0000007c4bc00000,0x0000007c4bd00000)]
  0x000002697a5e0800 JavaThread "Cache worker for journal cache (C:\Users\MISHECK\.gradle\caches\journal-1)" [_thread_blocked, id=10628, stack(0x0000007c4bd00000,0x0000007c4be00000)]
  0x000002697ad24000 JavaThread "Cache worker for execution history cache (C:\Users\MISHECK\.gradle\caches\6.7.1\executionHistory)" [_thread_blocked, id=16760, stack(0x0000007c4d700000,0x0000007c4d800000)]
  0x000002697ad25800 JavaThread "Cache worker for file content cache (C:\Users\MISHECK\.gradle\caches\6.7.1\fileContent)" [_thread_blocked, id=1264, stack(0x0000007c4d800000,0x0000007c4d900000)]
  0x000002697b2c2800 JavaThread "Memory manager" [_thread_blocked, id=7116, stack(0x0000007c4b900000,0x0000007c4ba00000)]
  0x000002697b2be800 JavaThread "Daemon Thread 2" [_thread_blocked, id=17224, stack(0x0000007c49a00000,0x0000007c49b00000)]
  0x000002697b2ba800 JavaThread "Handler for socket connection from /127.0.0.1:54848 to /127.0.0.1:54875" [_thread_in_native, id=15324, stack(0x0000007c49b00000,0x0000007c49c00000)]
  0x000002697b2bc000 JavaThread "Cancel handler" [_thread_blocked, id=1772, stack(0x0000007c49c00000,0x0000007c49d00000)]
  0x000002697b2c1000 JavaThread "Daemon worker Thread 2" [_thread_blocked, id=14728, stack(0x0000007c4b100000,0x0000007c4b200000)]
  0x000002697b2be000 JavaThread "Asynchronous log dispatcher for DefaultDaemonConnection: socket connection from /127.0.0.1:54848 to /127.0.0.1:54875" [_thread_blocked, id=9672, stack(0x0000007c4b400000,0x0000007c4b500000)]
  0x000002697b2bd000 JavaThread "Thread-126" [_thread_blocked, id=7448, stack(0x0000007c4b600000,0x0000007c4b700000)]
  0x000002697b2c3800 JavaThread "Cache worker for file hash cache (C:\Users\MISHECK\AndroidStudioProjects\ChildSafetyApp\.gradle\6.7.1\fileHashes)" [_thread_blocked, id=3080, stack(0x0000007c4b700000,0x0000007c4b800000)]
  0x000002697b2c4800 JavaThread "Cache worker for checksums cache (C:\Users\MISHECK\AndroidStudioProjects\ChildSafetyApp\.gradle\checksums)" [_thread_blocked, id=16836, stack(0x0000007c4b800000,0x0000007c4b900000)]
  0x000002697b2c5000 JavaThread "Cache worker for cache directory md-supplier (C:\Users\MISHECK\.gradle\caches\6.7.1\md-supplier)" [_thread_blocked, id=5864, stack(0x0000007c4ba00000,0x0000007c4bb00000)]
  0x000002697b2bf800 JavaThread "Cache worker for cache directory md-rule (C:\Users\MISHECK\.gradle\caches\6.7.1\md-rule)" [_thread_blocked, id=12700, stack(0x0000007c4be00000,0x0000007c4bf00000)]
  0x000002697b2c6000 JavaThread "Cache worker for Build Output Cleanup Cache (C:\Users\MISHECK\AndroidStudioProjects\ChildSafetyApp\.gradle\buildOutputCleanup)" [_thread_blocked, id=17136, stack(0x0000007c4bf00000,0x0000007c4c000000)]
  0x000002697b2c0000 JavaThread "Build operations" [_thread_blocked, id=14920, stack(0x0000007c4c000000,0x0000007c4c100000)]
  0x000002697b2c2000 JavaThread "Build operations Thread 2" [_thread_blocked, id=17516, stack(0x0000007c4c100000,0x0000007c4c200000)]
  0x000002697efed800 JavaThread "build event listener" [_thread_blocked, id=11744, stack(0x0000007c52500000,0x0000007c52600000)]
  0x000002697efeb000 JavaThread "build event listener" [_thread_blocked, id=16428, stack(0x0000007c52600000,0x0000007c52700000)]
  0x000002697efef000 JavaThread "Execution worker for ':'" [_thread_blocked, id=8840, stack(0x0000007c52700000,0x0000007c52800000)]
  0x000002697efec800 JavaThread "Cache worker for execution history cache (C:\Users\MISHECK\AndroidStudioProjects\ChildSafetyApp\.gradle\6.7.1\executionHistory)" [_thread_blocked, id=14684, stack(0x0000007c52800000,0x0000007c52900000)]
  0x000002697eff0000 JavaThread "WorkerExecutor Queue" [_thread_blocked, id=18172, stack(0x0000007c52900000,0x0000007c52a00000)]
  0x0000026904245000 JavaThread "WorkerExecutor Queue Thread 2" [_thread_blocked, id=13772, stack(0x0000007c52a00000,0x0000007c52b00000)]
  0x0000026904243800 JavaThread "pool-7-thread-1" [_thread_blocked, id=18284, stack(0x0000007c52b00000,0x0000007c52c00000)]
  0x0000026904242800 JavaThread "stderr" [_thread_in_native, id=17940, stack(0x0000007c52c00000,0x0000007c52d00000)]
  0x0000026904244800 JavaThread "stdout" [_thread_in_native, id=15244, stack(0x0000007c52d00000,0x0000007c52e00000)]
  0x000002697ad21800 JavaThread "Cache worker for Java compile cache (C:\Users\MISHECK\.gradle\caches\6.7.1\javaCompile)" [_thread_blocked, id=17604, stack(0x0000007c4b500000,0x0000007c4b600000)]
  0x000002697ad26800 JavaThread "Cache worker for Java compile cache (C:\Users\MISHECK\AndroidStudioProjects\ChildSafetyApp\.gradle\6.7.1\javaCompile)" [_thread_blocked, id=17768, stack(0x0000007c4c200000,0x0000007c4c300000)]
  0x000002697ad24800 JavaThread "ForkJoinPool-2-worker-3" daemon [_thread_blocked, id=17556, stack(0x0000007c4c400000,0x0000007c4c500000)]
  0x000002697ad23000 JavaThread "ForkJoinPool-2-worker-1" daemon [_thread_blocked, id=10224, stack(0x0000007c4c500000,0x0000007c4c600000)]

Other Threads:
=>0x0000026977e9d800 VMThread "VM Thread" [stack: 0x0000007c4a300000,0x0000007c4a400000] [id=14788]
  0x000002697896a000 WatcherThread [stack: 0x0000007c4ad00000,0x0000007c4ae00000] [id=7648]
  0x000002695e9a4000 GCTaskThread "GC Thread#0" [stack: 0x0000007c49e00000,0x0000007c49f00000] [id=16268]
  0x0000026978acd800 GCTaskThread "GC Thread#1" [stack: 0x0000007c4ae00000,0x0000007c4af00000] [id=14428]
  0x000002695e9d3800 ConcurrentGCThread "G1 Main Marker" [stack: 0x0000007c49f00000,0x0000007c4a000000] [id=17428]
  0x000002695e9d6000 ConcurrentGCThread "G1 Conc#0" [stack: 0x0000007c4a000000,0x0000007c4a100000] [id=7920]
  0x000002695ea2a000 ConcurrentGCThread "G1 Refine#0" [stack: 0x0000007c4a100000,0x0000007c4a200000] [id=18000]
  0x00000269791c2000 ConcurrentGCThread "G1 Refine#1" [stack: 0x0000007c4af00000,0x0000007c4b000000] [id=14600]
  0x000002695ea2b000 ConcurrentGCThread "G1 Young RemSet Sampling" [stack: 0x0000007c4a200000,0x0000007c4a300000] [id=2092]

Threads with active compile tasks:
C2 CompilerThread06056059 20073       4       com.android.tools.r8.dex.n::i (798 bytes)

VM state:at safepoint (normal execution)

VM Mutex/Monitor currently owned by a thread:  ([mutex/lock_event])
[0x000002695e9878e0] Threads_lock - owner thread: 0x0000026977e9d800
[0x000002695e9861d0] Heap_lock - owner thread: 0x000002697ad24800

Heap address: 0x0000000080000000, size: 2048 MB, Compressed Oops mode: 32-bit
Narrow klass base: 0x0000000000000000, Narrow klass shift: 3
Compressed class space size: 1073741824 Address: 0x0000000100000000

Heap:
 garbage-first heap   total 431104K, used 196608K [0x0000000080000000, 0x0000000100000000)
  region size 1024K, 2 young (2048K), 2 survivors (2048K)
 Metaspace       used 132779K, capacity 135802K, committed 136060K, reserved 1167360K
  class space    used 16232K, capacity 17308K, committed 17408K, reserved 1048576K
Heap Regions: E=young(eden), S=young(survivor), O=old, HS=humongous(starts), HC=humongous(continues), CS=collection set, F=free, A=archive, TAMS=top-at-mark-start (previous, next)
|   0|0x0000000080000000, 0x0000000080100000, 0x0000000080100000|100%| O|  |TAMS 0x0000000080100000, 0x0000000080000000| Untracked 
|   1|0x0000000080100000, 0x0000000080200000, 0x0000000080200000|100%| O|  |TAMS 0x0000000080200000, 0x0000000080100000| Untracked 
|   2|0x0000000080200000, 0x0000000080300000, 0x0000000080300000|100%| O|  |TAMS 0x0000000080300000, 0x0000000080200000| Untracked 
|   3|0x0000000080300000, 0x0000000080400000, 0x0000000080400000|100%| O|  |TAMS 0x0000000080400000, 0x0000000080300000| Untracked 
|   4|0x0000000080400000, 0x0000000080500000, 0x0000000080500000|100%|HS|  |TAMS 0x0000000080500000, 0x0000000080400000| Complete 
|   5|0x0000000080500000, 0x0000000080600000, 0x0000000080600000|100%|HC|  |TAMS 0x0000000080600000, 0x0000000080500000| Complete 
|   6|0x0000000080600000, 0x0000000080700000, 0x0000000080700000|100%|HC|  |TAMS 0x0000000080700000, 0x0000000080600000| Complete 
|   7|0x0000000080700000, 0x0000000080800000, 0x0000000080800000|100%| O|  |TAMS 0x0000000080800000, 0x0000000080700000| Untracked 
|   8|0x0000000080800000, 0x0000000080900000, 0x0000000080900000|100%| O|  |TAMS 0x0000000080900000, 0x0000000080800000| Complete 
|   9|0x0000000080900000, 0x0000000080a00000, 0x0000000080a00000|100%| O|  |TAMS 0x0000000080a00000, 0x0000000080900000| Untracked 
|  10|0x0000000080a00000, 0x0000000080b00000, 0x0000000080b00000|100%| O|  |TAMS 0x0000000080b00000, 0x0000000080a00000| Untracked 
|  11|0x0000000080b00000, 0x0000000080c00000, 0x0000000080c00000|100%| O|  |TAMS 0x0000000080c00000, 0x0000000080b00000| Untracked 
|  12|0x0000000080c00000, 0x0000000080d00000, 0x0000000080d00000|100%| O|  |TAMS 0x0000000080d00000, 0x0000000080c00000| Untracked 
|  13|0x0000000080d00000, 0x0000000080e00000, 0x0000000080e00000|100%| O|  |TAMS 0x0000000080e00000, 0x0000000080d00000| Untracked 
|  14|0x0000000080e00000, 0x0000000080f00000, 0x0000000080f00000|100%| O|  |TAMS 0x0000000080f00000, 0x0000000080e00000| Complete 
|  15|0x0000000080f00000, 0x0000000081000000, 0x0000000081000000|100%| O|  |TAMS 0x0000000081000000, 0x0000000080f00000| Untracked 
|  16|0x0000000081000000, 0x0000000081100000, 0x0000000081100000|100%|HS|  |TAMS 0x0000000081100000, 0x0000000081000000| Complete 
|  17|0x0000000081100000, 0x0000000081200000, 0x0000000081200000|100%|HC|  |TAMS 0x0000000081200000, 0x0000000081100000| Complete 
|  18|0x0000000081200000, 0x0000000081300000, 0x0000000081300000|100%|HS|  |TAMS 0x0000000081300000, 0x0000000081200000| Complete 
|  19|0x0000000081300000, 0x0000000081400000, 0x0000000081400000|100%|HC|  |TAMS 0x0000000081400000, 0x0000000081300000| Complete 
|  20|0x0000000081400000, 0x0000000081500000, 0x0000000081500000|100%|HC|  |TAMS 0x0000000081500000, 0x0000000081400000| Complete 
|  21|0x0000000081500000, 0x0000000081600000, 0x0000000081600000|100%|HS|  |TAMS 0x0000000081600000, 0x0000000081500000| Complete 
|  22|0x0000000081600000, 0x0000000081700000, 0x0000000081700000|100%|HC|  |TAMS 0x0000000081700000, 0x0000000081600000| Complete 
|  23|0x0000000081700000, 0x0000000081800000, 0x0000000081800000|100%|HC|  |TAMS 0x0000000081800000, 0x0000000081700000| Complete 
|  24|0x0000000081800000, 0x0000000081900000, 0x0000000081900000|100%|HC|  |TAMS 0x0000000081900000, 0x0000000081800000| Complete 
|  25|0x0000000081900000, 0x0000000081a00000, 0x0000000081a00000|100%| O|  |TAMS 0x0000000081a00000, 0x0000000081900000| Untracked 
|  26|0x0000000081a00000, 0x0000000081b00000, 0x0000000081b00000|100%| O|  |TAMS 0x0000000081b00000, 0x0000000081a00000| Complete 
|  27|0x0000000081b00000, 0x0000000081c00000, 0x0000000081c00000|100%| O|  |TAMS 0x0000000081c00000, 0x0000000081b00000| Untracked 
|  28|0x0000000081c00000, 0x0000000081d00000, 0x0000000081d00000|100%| O|  |TAMS 0x0000000081d00000, 0x0000000081c00000| Untracked 
|  29|0x0000000081d00000, 0x0000000081e00000, 0x0000000081e00000|100%| O|  |TAMS 0x0000000081e00000, 0x0000000081d00000| Complete 
|  30|0x0000000081e00000, 0x0000000081f00000, 0x0000000081f00000|100%| O|  |TAMS 0x0000000081f00000, 0x0000000081e00000| Complete 
|  31|0x0000000081f00000, 0x0000000082000000, 0x0000000082000000|100%| O|  |TAMS 0x0000000082000000, 0x0000000081f00000| Complete 
|  32|0x0000000082000000, 0x0000000082100000, 0x0000000082100000|100%| O|  |TAMS 0x0000000082100000, 0x0000000082000000| Complete 
|  33|0x0000000082100000, 0x0000000082200000, 0x0000000082200000|100%| O|  |TAMS 0x0000000082200000, 0x0000000082100000| Untracked 
|  34|0x0000000082200000, 0x0000000082300000, 0x0000000082300000|100%|HS|  |TAMS 0x0000000082300000, 0x0000000082200000| Complete 
|  35|0x0000000082300000, 0x0000000082400000, 0x0000000082400000|100%|HC|  |TAMS 0x0000000082400000, 0x0000000082300000| Complete 
|  36|0x0000000082400000, 0x0000000082500000, 0x0000000082500000|100%|HC|  |TAMS 0x0000000082500000, 0x0000000082400000| Complete 
|  37|0x0000000082500000, 0x0000000082600000, 0x0000000082600000|100%|HC|  |TAMS 0x0000000082600000, 0x0000000082500000| Complete 
|  38|0x0000000082600000, 0x0000000082700000, 0x0000000082700000|100%| O|  |TAMS 0x0000000082700000, 0x0000000082600000| Complete 
|  39|0x0000000082700000, 0x0000000082800000, 0x0000000082800000|100%| O|  |TAMS 0x0000000082800000, 0x0000000082700000| Untracked 
|  40|0x0000000082800000, 0x0000000082900000, 0x0000000082900000|100%| O|  |TAMS 0x0000000082900000, 0x0000000082800000| Complete 
|  41|0x0000000082900000, 0x0000000082a00000, 0x0000000082a00000|100%|HS|  |TAMS 0x0000000082a00000, 0x0000000082900000| Complete 
|  42|0x0000000082a00000, 0x0000000082b00000, 0x0000000082b00000|100%|HC|  |TAMS 0x0000000082b00000, 0x0000000082a00000| Complete 
|  43|0x0000000082b00000, 0x0000000082c00000, 0x0000000082c00000|100%|HC|  |TAMS 0x0000000082c00000, 0x0000000082b00000| Complete 
|  44|0x0000000082c00000, 0x0000000082d00000, 0x0000000082d00000|100%| O|  |TAMS 0x0000000082d00000, 0x0000000082c00000| Untracked 
|  45|0x0000000082d00000, 0x0000000082e00000, 0x0000000082e00000|100%| O|  |TAMS 0x0000000082e00000, 0x0000000082d00000| Untracked 
|  46|0x0000000082e00000, 0x0000000082f00000, 0x0000000082f00000|100%| O|  |TAMS 0x0000000082f00000, 0x0000000082e00000| Untracked 
|  47|0x0000000082f00000, 0x0000000083000000, 0x0000000083000000|100%| O|  |TAMS 0x0000000083000000, 0x0000000082f00000| Untracked 
|  48|0x0000000083000000, 0x0000000083100000, 0x0000000083100000|100%| O|  |TAMS 0x0000000083100000, 0x0000000083000000| Untracked 
|  49|0x0000000083100000, 0x0000000083200000, 0x0000000083200000|100%| O|  |TAMS 0x0000000083200000, 0x0000000083100000| Untracked 
|  50|0x0000000083200000, 0x0000000083300000, 0x0000000083300000|100%| O|  |TAMS 0x0000000083300000, 0x0000000083200000| Untracked 
|  51|0x0000000083300000, 0x0000000083400000, 0x0000000083400000|100%| O|  |TAMS 0x0000000083400000, 0x0000000083300000| Complete 
|  52|0x0000000083400000, 0x0000000083500000, 0x0000000083500000|100%|HS|  |TAMS 0x0000000083500000, 0x0000000083400000| Complete 
|  53|0x0000000083500000, 0x0000000083600000, 0x0000000083600000|100%| O|  |TAMS 0x0000000083600000, 0x0000000083500000| Untracked 
|  54|0x0000000083600000, 0x0000000083700000, 0x0000000083700000|100%|HS|  |TAMS 0x0000000083700000, 0x0000000083600000| Complete 
|  55|0x0000000083700000, 0x0000000083800000, 0x0000000083800000|100%|HC|  |TAMS 0x0000000083800000, 0x0000000083700000| Complete 
|  56|0x0000000083800000, 0x0000000083900000, 0x0000000083900000|100%| O|  |TAMS 0x0000000083900000, 0x0000000083800000| Untracked 
|  57|0x0000000083900000, 0x0000000083a00000, 0x0000000083a00000|100%| O|  |TAMS 0x0000000083a00000, 0x0000000083900000| Untracked 
|  58|0x0000000083a00000, 0x0000000083b00000, 0x0000000083b00000|100%| O|  |TAMS 0x0000000083b00000, 0x0000000083a00000| Complete 
|  59|0x0000000083b00000, 0x0000000083c00000, 0x0000000083c00000|100%| O|  |TAMS 0x0000000083c00000, 0x0000000083b00000| Untracked 
|  60|0x0000000083c00000, 0x0000000083d00000, 0x0000000083d00000|100%| O|  |TAMS 0x0000000083d00000, 0x0000000083c00000| Complete 
|  61|0x0000000083d00000, 0x0000000083e00000, 0x0000000083e00000|100%| O|  |TAMS 0x0000000083e00000, 0x0000000083d00000| Untracked 
|  62|0x0000000083e00000, 0x0000000083f00000, 0x0000000083f00000|100%| O|  |TAMS 0x0000000083f00000, 0x0000000083e00000| Complete 
|  63|0x0000000083f00000, 0x0000000084000000, 0x0000000084000000|100%| O|  |TAMS 0x0000000084000000, 0x0000000083f00000| Untracked 
|  64|0x0000000084000000, 0x0000000084100000, 0x0000000084100000|100%| O|  |TAMS 0x0000000084100000, 0x0000000084000000| Complete 
|  65|0x0000000084100000, 0x0000000084200000, 0x0000000084200000|100%| O|  |TAMS 0x0000000084200000, 0x0000000084100000| Untracked 
|  66|0x0000000084200000, 0x0000000084300000, 0x0000000084300000|100%| O|  |TAMS 0x0000000084300000, 0x0000000084200000| Complete 
|  67|0x0000000084300000, 0x0000000084400000, 0x0000000084400000|100%| O|  |TAMS 0x0000000084400000, 0x0000000084300000| Untracked 
|  68|0x0000000084400000, 0x0000000084500000, 0x0000000084500000|100%| O|  |TAMS 0x0000000084500000, 0x0000000084400000| Untracked 
|  69|0x0000000084500000, 0x0000000084600000, 0x0000000084600000|100%| O|  |TAMS 0x0000000084600000, 0x0000000084500000| Complete 
|  70|0x0000000084600000, 0x0000000084700000, 0x0000000084700000|100%| O|  |TAMS 0x0000000084700000, 0x0000000084600000| Untracked 
|  71|0x0000000084700000, 0x0000000084800000, 0x0000000084800000|100%| O|  |TAMS 0x0000000084800000, 0x0000000084700000| Complete 
|  72|0x0000000084800000, 0x0000000084900000, 0x0000000084900000|100%| O|  |TAMS 0x0000000084900000, 0x0000000084800000| Complete 
|  73|0x0000000084900000, 0x0000000084a00000, 0x0000000084a00000|100%| O|  |TAMS 0x0000000084a00000, 0x0000000084900000| Untracked 
|  74|0x0000000084a00000, 0x0000000084b00000, 0x0000000084b00000|100%| O|  |TAMS 0x0000000084b00000, 0x0000000084a00000| Untracked 
|  75|0x0000000084b00000, 0x0000000084c00000, 0x0000000084c00000|100%| O|  |TAMS 0x0000000084c00000, 0x0000000084b00000| Untracked 
|  76|0x0000000084c00000, 0x0000000084d00000, 0x0000000084d00000|100%| O|  |TAMS 0x0000000084d00000, 0x0000000084c00000| Complete 
|  77|0x0000000084d00000, 0x0000000084e00000, 0x0000000084e00000|100%| O|  |TAMS 0x0000000084e00000, 0x0000000084d00000| Untracked 
|  78|0x0000000084e00000, 0x0000000084f00000, 0x0000000084f00000|100%| O|  |TAMS 0x0000000084f00000, 0x0000000084e00000| Complete 
|  79|0x0000000084f00000, 0x0000000085000000, 0x0000000085000000|100%| O|  |TAMS 0x0000000085000000, 0x0000000084f00000| Complete 
|  80|0x0000000085000000, 0x0000000085100000, 0x0000000085100000|100%| O|  |TAMS 0x0000000085100000, 0x0000000085000000| Untracked 
|  81|0x0000000085100000, 0x0000000085200000, 0x0000000085200000|100%| O|  |TAMS 0x0000000085200000, 0x0000000085100000| Complete 
|  82|0x0000000085200000, 0x0000000085300000, 0x0000000085300000|100%|HS|  |TAMS 0x0000000085300000, 0x0000000085200000| Complete 
|  83|0x0000000085300000, 0x0000000085400000, 0x0000000085400000|100%| O|  |TAMS 0x0000000085380000, 0x0000000085300000| Untracked 
|  84|0x0000000085400000, 0x0000000085500000, 0x0000000085500000|100%| O|  |TAMS 0x0000000085500000, 0x0000000085400000| Complete 
|  85|0x0000000085500000, 0x0000000085600000, 0x0000000085600000|100%| O|  |TAMS 0x0000000085600000, 0x0000000085500000| Untracked 
|  86|0x0000000085600000, 0x0000000085700000, 0x0000000085700000|100%| O|  |TAMS 0x0000000085700000, 0x0000000085600000| Complete 
|  87|0x0000000085700000, 0x0000000085800000, 0x0000000085800000|100%| O|  |TAMS 0x0000000085800000, 0x0000000085700000| Untracked 
|  88|0x0000000085800000, 0x0000000085800000, 0x0000000085900000|  0%| F|  |TAMS 0x0000000085800000, 0x0000000085800000| Untracked 
|  89|0x0000000085900000, 0x0000000085a00000, 0x0000000085a00000|100%| O|  |TAMS 0x0000000085a00000, 0x0000000085900000| Untracked 
|  90|0x0000000085a00000, 0x0000000085b00000, 0x0000000085b00000|100%| O|  |TAMS 0x0000000085b00000, 0x0000000085a00000| Untracked 
|  91|0x0000000085b00000, 0x0000000085c00000, 0x0000000085c00000|100%| O|  |TAMS 0x0000000085c00000, 0x0000000085b00000| Complete 
|  92|0x0000000085c00000, 0x0000000085d00000, 0x0000000085d00000|100%| O|  |TAMS 0x0000000085d00000, 0x0000000085c00000| Complete 
|  93|0x0000000085d00000, 0x0000000085e00000, 0x0000000085e00000|100%| O|  |TAMS 0x0000000085e00000, 0x0000000085d00000| Untracked 
|  94|0x0000000085e00000, 0x0000000085f00000, 0x0000000085f00000|100%| O|  |TAMS 0x0000000085f00000, 0x0000000085e00000| Untracked 
|  95|0x0000000085f00000, 0x0000000086000000, 0x0000000086000000|100%| O|  |TAMS 0x0000000086000000, 0x0000000085f00000| Untracked 
|  96|0x0000000086000000, 0x0000000086100000, 0x0000000086100000|100%| O|  |TAMS 0x0000000086100000, 0x0000000086000000| Untracked 
|  97|0x0000000086100000, 0x0000000086200000, 0x0000000086200000|100%| O|  |TAMS 0x0000000086200000, 0x0000000086100000| Untracked 
|  98|0x0000000086200000, 0x0000000086300000, 0x0000000086300000|100%| O|  |TAMS 0x0000000086300000, 0x0000000086200000| Untracked 
|  99|0x0000000086300000, 0x0000000086400000, 0x0000000086400000|100%| O|  |TAMS 0x0000000086400000, 0x0000000086300000| Untracked 
| 100|0x0000000086400000, 0x0000000086500000, 0x0000000086500000|100%| O|  |TAMS 0x0000000086500000, 0x0000000086400000| Untracked 
| 101|0x0000000086500000, 0x0000000086600000, 0x0000000086600000|100%| O|  |TAMS 0x0000000086600000, 0x0000000086500000| Untracked 
| 102|0x0000000086600000, 0x0000000086700000, 0x0000000086700000|100%| O|  |TAMS 0x0000000086700000, 0x0000000086600000| Complete 
| 103|0x0000000086700000, 0x0000000086800000, 0x0000000086800000|100%| O|  |TAMS 0x0000000086800000, 0x0000000086700000| Untracked 
| 104|0x0000000086800000, 0x0000000086900000, 0x0000000086900000|100%| O|  |TAMS 0x0000000086900000, 0x0000000086800000| Complete 
| 105|0x0000000086900000, 0x0000000086a00000, 0x0000000086a00000|100%| O|  |TAMS 0x0000000086a00000, 0x0000000086900000| Complete 
| 106|0x0000000086a00000, 0x0000000086b00000, 0x0000000086b00000|100%| O|  |TAMS 0x0000000086b00000, 0x0000000086a00000| Complete 
| 107|0x0000000086b00000, 0x0000000086c00000, 0x0000000086c00000|100%|HS|  |TAMS 0x0000000086c00000, 0x0000000086b00000| Complete 
| 108|0x0000000086c00000, 0x0000000086d00000, 0x0000000086d00000|100%| O|  |TAMS 0x0000000086d00000, 0x0000000086c00000| Complete 
| 109|0x0000000086d00000, 0x0000000086e00000, 0x0000000086e00000|100%|HS|  |TAMS 0x0000000086e00000, 0x0000000086d00000| Complete 
| 110|0x0000000086e00000, 0x0000000086f00000, 0x0000000086f00000|100%| O|  |TAMS 0x0000000086f00000, 0x0000000086e00000| Untracked 
| 111|0x0000000086f00000, 0x0000000087000000, 0x0000000087000000|100%| O|  |TAMS 0x0000000087000000, 0x0000000086f00000| Complete 
| 112|0x0000000087000000, 0x0000000087100000, 0x0000000087100000|100%| O|  |TAMS 0x0000000087100000, 0x0000000087000000| Untracked 
| 113|0x0000000087100000, 0x0000000087200000, 0x0000000087200000|100%| O|  |TAMS 0x0000000087200000, 0x0000000087100000| Untracked 
| 114|0x0000000087200000, 0x0000000087300000, 0x0000000087300000|100%|HS|  |TAMS 0x0000000087200000, 0x0000000087200000| Complete 
| 115|0x0000000087300000, 0x0000000087400000, 0x0000000087400000|100%|HS|  |TAMS 0x0000000087300000, 0x0000000087300000| Complete 
| 116|0x0000000087400000, 0x0000000087500000, 0x0000000087500000|100%| O|  |TAMS 0x0000000087500000, 0x0000000087400000| Untracked 
| 117|0x0000000087500000, 0x0000000087600000, 0x0000000087600000|100%|HS|  |TAMS 0x0000000087600000, 0x0000000087500000| Complete 
| 118|0x0000000087600000, 0x0000000087700000, 0x0000000087700000|100%| O|  |TAMS 0x0000000087700000, 0x0000000087600000| Untracked 
| 119|0x0000000087700000, 0x0000000087800000, 0x0000000087800000|100%| O|  |TAMS 0x0000000087800000, 0x0000000087700000| Untracked 
| 120|0x0000000087800000, 0x0000000087900000, 0x0000000087900000|100%| O|  |TAMS 0x0000000087900000, 0x0000000087800000| Untracked 
| 121|0x0000000087900000, 0x0000000087a00000, 0x0000000087a00000|100%| O|  |TAMS 0x0000000087a00000, 0x0000000087900000| Complete 
| 122|0x0000000087a00000, 0x0000000087b00000, 0x0000000087b00000|100%| O|  |TAMS 0x0000000087b00000, 0x0000000087a00000| Complete 
| 123|0x0000000087b00000, 0x0000000087c00000, 0x0000000087c00000|100%| O|  |TAMS 0x0000000087c00000, 0x0000000087b00000| Untracked 
| 124|0x0000000087c00000, 0x0000000087d00000, 0x0000000087d00000|100%| O|  |TAMS 0x0000000087d00000, 0x0000000087c00000| Complete 
| 125|0x0000000087d00000, 0x0000000087e00000, 0x0000000087e00000|100%| O|  |TAMS 0x0000000087e00000, 0x0000000087d00000| Complete 
| 126|0x0000000087e00000, 0x0000000087f00000, 0x0000000087f00000|100%| O|  |TAMS 0x0000000087f00000, 0x0000000087e00000| Untracked 
| 127|0x0000000087f00000, 0x0000000088000000, 0x0000000088000000|100%| O|  |TAMS 0x0000000088000000, 0x0000000087f00000| Untracked 
| 128|0x0000000088000000, 0x0000000088100000, 0x0000000088100000|100%| O|  |TAMS 0x0000000088100000, 0x0000000088000000| Complete 
| 129|0x0000000088100000, 0x0000000088200000, 0x0000000088200000|100%| O|  |TAMS 0x0000000088100000, 0x0000000088100000| Untracked 
| 130|0x0000000088200000, 0x0000000088200000, 0x0000000088300000|  0%| F|  |TAMS 0x0000000088200000, 0x0000000088200000| Untracked 
| 131|0x0000000088300000, 0x0000000088300000, 0x0000000088400000|  0%| F|  |TAMS 0x0000000088300000, 0x0000000088300000| Untracked 
| 132|0x0000000088400000, 0x0000000088500000, 0x0000000088500000|100%| O|  |TAMS 0x0000000088500000, 0x0000000088400000| Untracked 
| 133|0x0000000088500000, 0x0000000088600000, 0x0000000088600000|100%| O|  |TAMS 0x0000000088600000, 0x0000000088500000| Complete 
| 134|0x0000000088600000, 0x0000000088700000, 0x0000000088700000|100%| O|  |TAMS 0x0000000088600000, 0x0000000088600000| Untracked 
| 135|0x0000000088700000, 0x0000000088800000, 0x0000000088800000|100%| O|  |TAMS 0x0000000088800000, 0x0000000088700000| Untracked 
| 136|0x0000000088800000, 0x0000000088900000, 0x0000000088900000|100%| O|  |TAMS 0x0000000088900000, 0x0000000088800000| Complete 
| 137|0x0000000088900000, 0x0000000088a00000, 0x0000000088a00000|100%| O|  |TAMS 0x0000000088a00000, 0x0000000088900000| Untracked 
| 138|0x0000000088a00000, 0x0000000088b00000, 0x0000000088b00000|100%| O|  |TAMS 0x0000000088b00000, 0x0000000088a00000| Untracked 
| 139|0x0000000088b00000, 0x0000000088c00000, 0x0000000088c00000|100%| O|  |TAMS 0x0000000088c00000, 0x0000000088b00000| Untracked 
| 140|0x0000000088c00000, 0x0000000088d00000, 0x0000000088d00000|100%| O|  |TAMS 0x0000000088d00000, 0x0000000088c00000| Untracked 
| 141|0x0000000088d00000, 0x0000000088e00000, 0x0000000088e00000|100%| O|  |TAMS 0x0000000088d00000, 0x0000000088d00000| Untracked 
| 142|0x0000000088e00000, 0x0000000088f00000, 0x0000000088f00000|100%|HS|  |TAMS 0x0000000088f00000, 0x0000000088e00000| Complete 
| 143|0x0000000088f00000, 0x0000000089000000, 0x0000000089000000|100%|HC|  |TAMS 0x0000000089000000, 0x0000000088f00000| Complete 
| 144|0x0000000089000000, 0x0000000089100000, 0x0000000089100000|100%|HC|  |TAMS 0x0000000089100000, 0x0000000089000000| Complete 
| 145|0x0000000089100000, 0x0000000089200000, 0x0000000089200000|100%|HC|  |TAMS 0x0000000089200000, 0x0000000089100000| Complete 
| 146|0x0000000089200000, 0x0000000089300000, 0x0000000089300000|100%|HC|  |TAMS 0x0000000089300000, 0x0000000089200000| Complete 
| 147|0x0000000089300000, 0x0000000089400000, 0x0000000089400000|100%|HC|  |TAMS 0x0000000089400000, 0x0000000089300000| Complete 
| 148|0x0000000089400000, 0x0000000089500000, 0x0000000089500000|100%|HC|  |TAMS 0x0000000089500000, 0x0000000089400000| Complete 
| 149|0x0000000089500000, 0x0000000089600000, 0x0000000089600000|100%|HC|  |TAMS 0x0000000089600000, 0x0000000089500000| Complete 
| 150|0x0000000089600000, 0x0000000089700000, 0x0000000089700000|100%| O|  |TAMS 0x0000000089700000, 0x0000000089600000| Untracked 
| 151|0x0000000089700000, 0x0000000089800000, 0x0000000089800000|100%| O|  |TAMS 0x0000000089800000, 0x0000000089700000| Untracked 
| 152|0x0000000089800000, 0x0000000089900000, 0x0000000089900000|100%| O|  |TAMS 0x0000000089900000, 0x0000000089800000| Untracked 
| 153|0x0000000089900000, 0x0000000089a00000, 0x0000000089a00000|100%| O|  |TAMS 0x0000000089a00000, 0x0000000089900000| Untracked 
| 154|0x0000000089a00000, 0x0000000089b00000, 0x0000000089b00000|100%| O|  |TAMS 0x0000000089b00000, 0x0000000089a00000| Untracked 
| 155|0x0000000089b00000, 0x0000000089c00000, 0x0000000089c00000|100%| O|  |TAMS 0x0000000089c00000, 0x0000000089b00000| Complete 
| 156|0x0000000089c00000, 0x0000000089d00000, 0x0000000089d00000|100%| O|  |TAMS 0x0000000089d00000, 0x0000000089c00000| Untracked 
| 157|0x0000000089d00000, 0x0000000089e00000, 0x0000000089e00000|100%| O|  |TAMS 0x0000000089e00000, 0x0000000089d00000| Untracked 
| 158|0x0000000089e00000, 0x0000000089f00000, 0x0000000089f00000|100%|HS|  |TAMS 0x0000000089f00000, 0x0000000089e00000| Complete 
| 159|0x0000000089f00000, 0x000000008a000000, 0x000000008a000000|100%|HC|  |TAMS 0x000000008a000000, 0x0000000089f00000| Complete 
| 160|0x000000008a000000, 0x000000008a100000, 0x000000008a100000|100%|HC|  |TAMS 0x000000008a100000, 0x000000008a000000| Complete 
| 161|0x000000008a100000, 0x000000008a200000, 0x000000008a200000|100%|HC|  |TAMS 0x000000008a200000, 0x000000008a100000| Complete 
| 162|0x000000008a200000, 0x000000008a300000, 0x000000008a300000|100%|HC|  |TAMS 0x000000008a300000, 0x000000008a200000| Complete 
| 163|0x000000008a300000, 0x000000008a400000, 0x000000008a400000|100%|HC|  |TAMS 0x000000008a400000, 0x000000008a300000| Complete 
| 164|0x000000008a400000, 0x000000008a500000, 0x000000008a500000|100%|HC|  |TAMS 0x000000008a500000, 0x000000008a400000| Complete 
| 165|0x000000008a500000, 0x000000008a600000, 0x000000008a600000|100%|HC|  |TAMS 0x000000008a600000, 0x000000008a500000| Complete 
| 166|0x000000008a600000, 0x000000008a700000, 0x000000008a700000|100%| O|  |TAMS 0x000000008a700000, 0x000000008a600000| Untracked 
| 167|0x000000008a700000, 0x000000008a800000, 0x000000008a800000|100%| O|  |TAMS 0x000000008a800000, 0x000000008a700000| Untracked 
| 168|0x000000008a800000, 0x000000008a800000, 0x000000008a900000|  0%| F|  |TAMS 0x000000008a800000, 0x000000008a800000| Untracked 
| 169|0x000000008a900000, 0x000000008aa00000, 0x000000008aa00000|100%| O|  |TAMS 0x000000008aa00000, 0x000000008a900000| Untracked 
| 170|0x000000008aa00000, 0x000000008aa00000, 0x000000008ab00000|  0%| F|  |TAMS 0x000000008aa00000, 0x000000008aa00000| Untracked 
| 171|0x000000008ab00000, 0x000000008ac00000, 0x000000008ac00000|100%| O|  |TAMS 0x000000008ac00000, 0x000000008ab00000| Untracked 
| 172|0x000000008ac00000, 0x000000008ad00000, 0x000000008ad00000|100%| O|  |TAMS 0x000000008ad00000, 0x000000008ac00000| Untracked 
| 173|0x000000008ad00000, 0x000000008ae00000, 0x000000008ae00000|100%| O|  |TAMS 0x000000008ae00000, 0x000000008ad00000| Untracked 
| 174|0x000000008ae00000, 0x000000008af00000, 0x000000008af00000|100%| O|  |TAMS 0x000000008af00000, 0x000000008ae00000| Untracked 
| 175|0x000000008af00000, 0x000000008b000000, 0x000000008b000000|100%| O|  |TAMS 0x000000008b000000, 0x000000008af00000| Untracked 
| 176|0x000000008b000000, 0x000000008b100000, 0x000000008b100000|100%| O|  |TAMS 0x000000008b100000, 0x000000008b000000| Untracked 
| 177|0x000000008b100000, 0x000000008b200000, 0x000000008b200000|100%| O|  |TAMS 0x000000008b200000, 0x000000008b100000| Untracked 
| 178|0x000000008b200000, 0x000000008b300000, 0x000000008b300000|100%| O|  |TAMS 0x000000008b300000, 0x000000008b200000| Complete 
| 179|0x000000008b300000, 0x000000008b400000, 0x000000008b400000|100%| O|  |TAMS 0x000000008b400000, 0x000000008b300000| Untracked 
| 180|0x000000008b400000, 0x000000008b500000, 0x000000008b500000|100%| O|  |TAMS 0x000000008b500000, 0x000000008b400000| Untracked 
| 181|0x000000008b500000, 0x000000008b600000, 0x000000008b600000|100%| O|  |TAMS 0x000000008b500000, 0x000000008b500000| Untracked 
| 182|0x000000008b600000, 0x000000008b700000, 0x000000008b700000|100%| O|  |TAMS 0x000000008b600000, 0x000000008b600000| Untracked 
| 183|0x000000008b700000, 0x000000008b800000, 0x000000008b800000|100%| O|  |TAMS 0x000000008b700000, 0x000000008b700000| Untracked 
| 184|0x000000008b800000, 0x000000008b900000, 0x000000008b900000|100%| O|  |TAMS 0x000000008b800000, 0x000000008b800000| Untracked 
| 185|0x000000008b900000, 0x000000008ba00000, 0x000000008ba00000|100%| O|  |TAMS 0x000000008b900000, 0x000000008b900000| Untracked 
| 186|0x000000008ba00000, 0x000000008bb00000, 0x000000008bb00000|100%| O|  |TAMS 0x000000008ba00000, 0x000000008ba00000| Untracked 
| 187|0x000000008bb00000, 0x000000008bc00000, 0x000000008bc00000|100%| O|  |TAMS 0x000000008bb00000, 0x000000008bb00000| Untracked 
| 188|0x000000008bc00000, 0x000000008bd00000, 0x000000008bd00000|100%| O|  |TAMS 0x000000008bc00000, 0x000000008bc00000| Untracked 
| 189|0x000000008bd00000, 0x000000008be00000, 0x000000008be00000|100%| O|  |TAMS 0x000000008bd00000, 0x000000008bd00000| Untracked 
| 190|0x000000008be00000, 0x000000008bf00000, 0x000000008bf00000|100%| O|  |TAMS 0x000000008be00000, 0x000000008be00000| Untracked 
| 191|0x000000008bf00000, 0x000000008c000000, 0x000000008c000000|100%| O|  |TAMS 0x000000008bf00000, 0x000000008bf00000| Untracked 
| 192|0x000000008c000000, 0x000000008c100000, 0x000000008c100000|100%| O|  |TAMS 0x000000008c000000, 0x000000008c000000| Untracked 
| 193|0x000000008c100000, 0x000000008c200000, 0x000000008c200000|100%| O|  |TAMS 0x000000008c100000, 0x000000008c100000| Untracked 
| 194|0x000000008c200000, 0x000000008c300000, 0x000000008c300000|100%| O|  |TAMS 0x000000008c200000, 0x000000008c200000| Untracked 
| 195|0x000000008c300000, 0x000000008c300000, 0x000000008c400000|  0%| F|  |TAMS 0x000000008c300000, 0x000000008c300000| Untracked 
| 196|0x000000008c400000, 0x000000008c400000, 0x000000008c500000|  0%| F|  |TAMS 0x000000008c400000, 0x000000008c400000| Untracked 
| 197|0x000000008c500000, 0x000000008c500000, 0x000000008c600000|  0%| F|  |TAMS 0x000000008c500000, 0x000000008c500000| Untracked 
| 198|0x000000008c600000, 0x000000008c600000, 0x000000008c700000|  0%| F|  |TAMS 0x000000008c600000, 0x000000008c600000| Untracked 
| 199|0x000000008c700000, 0x000000008c700000, 0x000000008c800000|  0%| F|  |TAMS 0x000000008c700000, 0x000000008c700000| Untracked 
| 200|0x000000008c800000, 0x000000008c800000, 0x000000008c900000|  0%| F|  |TAMS 0x000000008c800000, 0x000000008c800000| Untracked 
| 201|0x000000008c900000, 0x000000008c900000, 0x000000008ca00000|  0%| F|  |TAMS 0x000000008c900000, 0x000000008c900000| Untracked 
| 202|0x000000008ca00000, 0x000000008ca00000, 0x000000008cb00000|  0%| F|  |TAMS 0x000000008ca00000, 0x000000008ca00000| Untracked 
| 203|0x000000008cb00000, 0x000000008cb00000, 0x000000008cc00000|  0%| F|  |TAMS 0x000000008cb00000, 0x000000008cb00000| Untracked 
| 204|0x000000008cc00000, 0x000000008cc00000, 0x000000008cd00000|  0%| F|  |TAMS 0x000000008cc00000, 0x000000008cc00000| Untracked 
| 205|0x000000008cd00000, 0x000000008cd00000, 0x000000008ce00000|  0%| F|  |TAMS 0x000000008cd00000, 0x000000008cd00000| Untracked 
| 206|0x000000008ce00000, 0x000000008ce00000, 0x000000008cf00000|  0%| F|  |TAMS 0x000000008ce00000, 0x000000008ce00000| Untracked 
| 207|0x000000008cf00000, 0x000000008cf00000, 0x000000008d000000|  0%| F|  |TAMS 0x000000008cf00000, 0x000000008cf00000| Untracked 
| 208|0x000000008d000000, 0x000000008d000000, 0x000000008d100000|  0%| F|  |TAMS 0x000000008d000000, 0x000000008d000000| Untracked 
| 209|0x000000008d100000, 0x000000008d100000, 0x000000008d200000|  0%| F|  |TAMS 0x000000008d100000, 0x000000008d100000| Untracked 
| 210|0x000000008d200000, 0x000000008d200000, 0x000000008d300000|  0%| F|  |TAMS 0x000000008d200000, 0x000000008d200000| Untracked 
| 211|0x000000008d300000, 0x000000008d300000, 0x000000008d400000|  0%| F|  |TAMS 0x000000008d300000, 0x000000008d300000| Untracked 
| 212|0x000000008d400000, 0x000000008d400000, 0x000000008d500000|  0%| F|  |TAMS 0x000000008d400000, 0x000000008d400000| Untracked 
| 213|0x000000008d500000, 0x000000008d500000, 0x000000008d600000|  0%| F|  |TAMS 0x000000008d500000, 0x000000008d500000| Untracked 
| 214|0x000000008d600000, 0x000000008d600000, 0x000000008d700000|  0%| F|  |TAMS 0x000000008d600000, 0x000000008d600000| Untracked 
| 215|0x000000008d700000, 0x000000008d700000, 0x000000008d800000|  0%| F|  |TAMS 0x000000008d700000, 0x000000008d700000| Untracked 
| 216|0x000000008d800000, 0x000000008d800000, 0x000000008d900000|  0%| F|  |TAMS 0x000000008d800000, 0x000000008d800000| Untracked 
| 217|0x000000008d900000, 0x000000008d900000, 0x000000008da00000|  0%| F|  |TAMS 0x000000008d900000, 0x000000008d900000| Untracked 
| 218|0x000000008da00000, 0x000000008da00000, 0x000000008db00000|  0%| F|  |TAMS 0x000000008da00000, 0x000000008da00000| Untracked 
| 219|0x000000008db00000, 0x000000008db00000, 0x000000008dc00000|  0%| F|  |TAMS 0x000000008db00000, 0x000000008db00000| Untracked 
| 220|0x000000008dc00000, 0x000000008dc00000, 0x000000008dd00000|  0%| F|  |TAMS 0x000000008dc00000, 0x000000008dc00000| Untracked 
| 221|0x000000008dd00000, 0x000000008dd00000, 0x000000008de00000|  0%| F|  |TAMS 0x000000008dd00000, 0x000000008dd00000| Untracked 
| 222|0x000000008de00000, 0x000000008de00000, 0x000000008df00000|  0%| F|  |TAMS 0x000000008de00000, 0x000000008de00000| Untracked 
| 223|0x000000008df00000, 0x000000008df00000, 0x000000008e000000|  0%| F|  |TAMS 0x000000008df00000, 0x000000008df00000| Untracked 
| 224|0x000000008e000000, 0x000000008e000000, 0x000000008e100000|  0%| F|  |TAMS 0x000000008e000000, 0x000000008e000000| Untracked 
| 225|0x000000008e100000, 0x000000008e100000, 0x000000008e200000|  0%| F|  |TAMS 0x000000008e100000, 0x000000008e100000| Untracked 
| 226|0x000000008e200000, 0x000000008e200000, 0x000000008e300000|  0%| F|  |TAMS 0x000000008e200000, 0x000000008e200000| Untracked 
| 227|0x000000008e300000, 0x000000008e300000, 0x000000008e400000|  0%| F|  |TAMS 0x000000008e300000, 0x000000008e300000| Untracked 
| 228|0x000000008e400000, 0x000000008e400000, 0x000000008e500000|  0%| F|  |TAMS 0x000000008e400000, 0x000000008e400000| Untracked 
| 229|0x000000008e500000, 0x000000008e500000, 0x000000008e600000|  0%| F|  |TAMS 0x000000008e500000, 0x000000008e500000| Untracked 
| 230|0x000000008e600000, 0x000000008e600000, 0x000000008e700000|  0%| F|  |TAMS 0x000000008e600000, 0x000000008e600000| Untracked 
| 231|0x000000008e700000, 0x000000008e700000, 0x000000008e800000|  0%| F|  |TAMS 0x000000008e700000, 0x000000008e700000| Untracked 
| 232|0x000000008e800000, 0x000000008e800000, 0x000000008e900000|  0%| F|  |TAMS 0x000000008e800000, 0x000000008e800000| Untracked 
| 233|0x000000008e900000, 0x000000008ea00000, 0x000000008ea00000|100%| S|CS|TAMS 0x000000008e900000, 0x000000008e900000| Complete 
| 234|0x000000008ea00000, 0x000000008eb00000, 0x000000008eb00000|100%| S|CS|TAMS 0x000000008ea00000, 0x000000008ea00000| Complete 
| 235|0x000000008eb00000, 0x000000008eb00000, 0x000000008ec00000|  0%| F|  |TAMS 0x000000008eb00000, 0x000000008eb00000| Untracked 
| 236|0x000000008ec00000, 0x000000008ec00000, 0x000000008ed00000|  0%| F|  |TAMS 0x000000008ec00000, 0x000000008ec00000| Untracked 
| 237|0x000000008ed00000, 0x000000008ed00000, 0x000000008ee00000|  0%| F|  |TAMS 0x000000008ed00000, 0x000000008ed00000| Untracked 
| 238|0x000000008ee00000, 0x000000008ee00000, 0x000000008ef00000|  0%| F|  |TAMS 0x000000008ee00000, 0x000000008ee00000| Untracked 
| 239|0x000000008ef00000, 0x000000008ef00000, 0x000000008f000000|  0%| F|  |TAMS 0x000000008ef00000, 0x000000008ef00000| Untracked 
| 240|0x000000008f000000, 0x000000008f000000, 0x000000008f100000|  0%| F|  |TAMS 0x000000008f000000, 0x000000008f000000| Untracked 
| 241|0x000000008f100000, 0x000000008f100000, 0x000000008f200000|  0%| F|  |TAMS 0x000000008f100000, 0x000000008f100000| Untracked 
| 242|0x000000008f200000, 0x000000008f200000, 0x000000008f300000|  0%| F|  |TAMS 0x000000008f200000, 0x000000008f200000| Untracked 
| 243|0x000000008f300000, 0x000000008f300000, 0x000000008f400000|  0%| F|  |TAMS 0x000000008f300000, 0x000000008f300000| Untracked 

Card table byte_map: [0x0000026971300000,0x0000026971700000] _byte_map_base: 0x0000026970f00000

Marking Bits (Prev, Next): (CMBitMap*) 0x000002695e9cad88, (CMBitMap*) 0x000002695e9cadc0
 Prev Bits: [0x0000026971b00000, 0x0000026973b00000)
 Next Bits: [0x0000026973b00000, 0x0000026975b00000)

Polling page: 0x000002695c7e0000

Metaspace:

Usage:
  Non-class:    115.72 MB capacity,   113.82 MB ( 98%) used,     1.56 MB (  1%) free+waste,   350.81 KB ( <1%) overhead. 
      Class:     16.90 MB capacity,    15.85 MB ( 94%) used,   924.77 KB (  5%) free+waste,   150.50 KB ( <1%) overhead. 
       Both:    132.62 MB capacity,   129.67 MB ( 98%) used,     2.46 MB (  2%) free+waste,   501.31 KB ( <1%) overhead. 

Virtual space:
  Non-class space:      116.00 MB reserved,     115.87 MB (>99%) committed 
      Class space:        1.00 GB reserved,      17.00 MB (  2%) committed 
             Both:        1.11 GB reserved,     132.87 MB ( 12%) committed 

Chunk freelists:
   Non-Class:  30.00 KB
       Class:  4.00 KB
        Both:  34.00 KB

MaxMetaspaceSize: 17179869184.00 GB
CompressedClassSpaceSize: 1.00 GB

CodeHeap 'non-profiled nmethods': size=120064Kb used=11014Kb max_used=11042Kb free=109049Kb
 bounds [0x0000026969dc0000, 0x000002696a890000, 0x0000026971300000]
CodeHeap 'profiled nmethods': size=120000Kb used=41604Kb max_used=41689Kb free=78395Kb
 bounds [0x0000026962890000, 0x0000026965160000, 0x0000026969dc0000]
CodeHeap 'non-nmethods': size=5696Kb used=2377Kb max_used=2425Kb free=3318Kb
 bounds [0x0000026962300000, 0x0000026962570000, 0x0000026962890000]
 total_blobs=19084 nmethods=18086 adapters=906
 compilation: enabled
              stopped_count=0, restarted_count=0
 full_count=0

Compilation events (20 events):
Event: 6055.240 Thread 0x0000026978817000 20127       2       java.util.concurrent.ForkJoinPool::signalWork (175 bytes)
Event: 6055.242 Thread 0x0000026978817000 nmethod 20127 0x000002696514c710 code [0x000002696514c900, 0x000002696514cd58]
Event: 6055.242 Thread 0x0000026978817000 20128       2       java.lang.invoke.VarHandleLongs$FieldInstanceReadWrite::weakCompareAndSet (25 bytes)
Event: 6055.244 Thread 0x0000026978817000 nmethod 20128 0x000002696514d010 code [0x000002696514d200, 0x000002696514d508]
Event: 6055.244 Thread 0x0000026978817000 20129       2       java.util.concurrent.locks.LockSupport::parkUntil (23 bytes)
Event: 6055.245 Thread 0x0000026978817000 nmethod 20129 0x000002696514d710 code [0x000002696514d8c0, 0x000002696514daa8]
Event: 6055.281 Thread 0x0000026978817000 20130 %     3       com.android.tools.r8.graph.s1::d @ 58 (97 bytes)
Event: 6055.282 Thread 0x0000026978817000 nmethod 20130% 0x000002696514db90 code [0x000002696514ddc0, 0x000002696514e6d8]
Event: 6055.282 Thread 0x0000026978817000 20131       3       com.android.tools.r8.graph.s1::d (97 bytes)
Event: 6055.283 Thread 0x0000026978817000 nmethod 20131 0x000002696514ea10 code [0x000002696514ec40, 0x000002696514f498]
Event: 6055.286 Thread 0x0000026978817000 20132 %     3       java.util.concurrent.ForkJoinPool::scan @ 33 (209 bytes)
Event: 6055.292 Thread 0x0000026978817000 nmethod 20132% 0x000002696514f790 code [0x000002696514fb80, 0x0000026965151958]
Event: 6055.292 Thread 0x0000026978817000 20133       3       java.util.concurrent.ForkJoinPool::scan (209 bytes)
Event: 6055.297 Thread 0x0000026978817000 nmethod 20133 0x0000026965152490 code [0x0000026965152880, 0x0000026965154538]
Event: 6055.340 Thread 0x0000026978817000 20134 %     3       com.android.tools.r8.graph.v1::d @ 15 (64 bytes)
Event: 6055.341 Thread 0x0000026978817000 nmethod 20134% 0x0000026965155010 code [0x0000026965155260, 0x0000026965155cd8]
Event: 6055.341 Thread 0x0000026978817000 20135       3       com.android.tools.r8.graph.v1::d (64 bytes)
Event: 6055.342 Thread 0x0000026978817000 nmethod 20135 0x0000026965155f90 code [0x00000269651561e0, 0x0000026965156c18]
Event: 6055.362 Thread 0x0000026978817000 20136       2       com.android.tools.r8.graph.J$$Lambda$1245/0x0000000100fdb840::apply (14 bytes)
Event: 6055.363 Thread 0x0000026978817000 nmethod 20136 0x0000026965156e90 code [0x0000026965157040, 0x0000026965157188]

GC Heap History (20 events):
Event: 6045.899 GC heap after
{Heap after GC invocations=136 (full 0):
 garbage-first heap   total 206848K, used 140731K [0x0000000080000000, 0x0000000100000000)
  region size 1024K, 3 young (3072K), 3 survivors (3072K)
 Metaspace       used 131172K, capacity 134117K, committed 134268K, reserved 1167360K
  class space    used 16046K, capacity 17115K, committed 17152K, reserved 1048576K
}
Event: 6049.475 GC heap before
{Heap before GC invocations=137 (full 0):
 garbage-first heap   total 206848K, used 202171K [0x0000000080000000, 0x0000000100000000)
  region size 1024K, 34 young (34816K), 3 survivors (3072K)
 Metaspace       used 131972K, capacity 134913K, committed 135164K, reserved 1167360K
  class space    used 16106K, capacity 17165K, committed 17280K, reserved 1048576K
}
Event: 6049.503 GC heap after
{Heap after GC invocations=138 (full 0):
 garbage-first heap   total 207872K, used 157773K [0x0000000080000000, 0x0000000100000000)
  region size 1024K, 3 young (3072K), 3 survivors (3072K)
 Metaspace       used 131972K, capacity 134913K, committed 135164K, reserved 1167360K
  class space    used 16106K, capacity 17165K, committed 17280K, reserved 1048576K
}
Event: 6049.601 GC heap before
{Heap before GC invocations=138 (full 0):
 garbage-first heap   total 207872K, used 164941K [0x0000000080000000, 0x0000000100000000)
  region size 1024K, 10 young (10240K), 3 survivors (3072K)
 Metaspace       used 131972K, capacity 134913K, committed 135164K, reserved 1167360K
  class space    used 16106K, capacity 17165K, committed 17280K, reserved 1048576K
}
Event: 6049.657 GC heap after
{Heap after GC invocations=139 (full 0):
 garbage-first heap   total 207872K, used 149451K [0x0000000080000000, 0x0000000100000000)
  region size 1024K, 2 young (2048K), 2 survivors (2048K)
 Metaspace       used 131972K, capacity 134913K, committed 135164K, reserved 1167360K
  class space    used 16106K, capacity 17165K, committed 17280K, reserved 1048576K
}
Event: 6049.983 GC heap before
{Heap before GC invocations=139 (full 0):
 garbage-first heap   total 207872K, used 179147K [0x0000000080000000, 0x0000000100000000)
  region size 1024K, 28 young (28672K), 2 survivors (2048K)
 Metaspace       used 132003K, capacity 134978K, committed 135164K, reserved 1167360K
  class space    used 16106K, capacity 17165K, committed 17280K, reserved 1048576K
}
Event: 6050.076 GC heap after
{Heap after GC invocations=140 (full 0):
 garbage-first heap   total 207872K, used 163790K [0x0000000080000000, 0x0000000100000000)
  region size 1024K, 4 young (4096K), 4 survivors (4096K)
 Metaspace       used 132003K, capacity 134978K, committed 135164K, reserved 1167360K
  class space    used 16106K, capacity 17165K, committed 17280K, reserved 1048576K
}
Event: 6050.593 GC heap before
{Heap before GC invocations=140 (full 0):
 garbage-first heap   total 207872K, used 175054K [0x0000000080000000, 0x0000000100000000)
  region size 1024K, 16 young (16384K), 4 survivors (4096K)
 Metaspace       used 132657K, capacity 135639K, committed 135676K, reserved 1167360K
  class space    used 16231K, capacity 17276K, committed 17280K, reserved 1048576K
}
Event: 6050.671 GC heap after
{Heap after GC invocations=141 (full 0):
 garbage-first heap   total 207872K, used 169984K [0x0000000080000000, 0x0000000100000000)
  region size 1024K, 2 young (2048K), 2 survivors (2048K)
 Metaspace       used 132657K, capacity 135639K, committed 135676K, reserved 1167360K
  class space    used 16231K, capacity 17276K, committed 17280K, reserved 1048576K
}
Event: 6050.946 GC heap before
{Heap before GC invocations=141 (full 0):
 garbage-first heap   total 207872K, used 178176K [0x0000000080000000, 0x0000000100000000)
  region size 1024K, 10 young (10240K), 2 survivors (2048K)
 Metaspace       used 132702K, capacity 135639K, committed 135676K, reserved 1167360K
  class space    used 16231K, capacity 17276K, committed 17280K, reserved 1048576K
}
Event: 6050.990 GC heap after
{Heap after GC invocations=142 (full 0):
 garbage-first heap   total 207872K, used 175104K [0x0000000080000000, 0x0000000100000000)
  region size 1024K, 2 young (2048K), 2 survivors (2048K)
 Metaspace       used 132702K, capacity 135639K, committed 135676K, reserved 1167360K
  class space    used 16231K, capacity 17276K, committed 17280K, reserved 1048576K
}
Event: 6052.180 GC heap before
{Heap before GC invocations=143 (full 0):
 garbage-first heap   total 207872K, used 179200K [0x0000000080000000, 0x0000000100000000)
  region size 1024K, 10 young (10240K), 2 survivors (2048K)
 Metaspace       used 132708K, capacity 135639K, committed 135676K, reserved 1167360K
  class space    used 16231K, capacity 17276K, committed 17280K, reserved 1048576K
}
Event: 6052.228 GC heap after
{Heap after GC invocations=144 (full 0):
 garbage-first heap   total 249856K, used 177152K [0x0000000080000000, 0x0000000100000000)
  region size 1024K, 2 young (2048K), 2 survivors (2048K)
 Metaspace       used 132708K, capacity 135639K, committed 135676K, reserved 1167360K
  class space    used 16231K, capacity 17276K, committed 17280K, reserved 1048576K
}
Event: 6052.512 GC heap before
{Heap before GC invocations=144 (full 0):
 garbage-first heap   total 249856K, used 186368K [0x0000000080000000, 0x0000000100000000)
  region size 1024K, 12 young (12288K), 2 survivors (2048K)
 Metaspace       used 132730K, capacity 135705K, committed 135932K, reserved 1167360K
  class space    used 16231K, capacity 17276K, committed 17280K, reserved 1048576K
}
Event: 6052.634 GC heap after
{Heap after GC invocations=145 (full 0):
 garbage-first heap   total 249856K, used 170929K [0x0000000080000000, 0x0000000100000000)
  region size 1024K, 2 young (2048K), 2 survivors (2048K)
 Metaspace       used 132730K, capacity 135705K, committed 135932K, reserved 1167360K
  class space    used 16231K, capacity 17276K, committed 17280K, reserved 1048576K
}
Event: 6053.088 GC heap before
{Heap before GC invocations=145 (full 0):
 garbage-first heap   total 249856K, used 189361K [0x0000000080000000, 0x0000000100000000)
  region size 1024K, 21 young (21504K), 2 survivors (2048K)
 Metaspace       used 132738K, capacity 135705K, committed 135932K, reserved 1167360K
  class space    used 16231K, capacity 17276K, committed 17280K, reserved 1048576K
}
Event: 6053.213 GC heap after
{Heap after GC invocations=146 (full 0):
 garbage-first heap   total 249856K, used 182784K [0x0000000080000000, 0x0000000100000000)
  region size 1024K, 3 young (3072K), 3 survivors (3072K)
 Metaspace       used 132738K, capacity 135705K, committed 135932K, reserved 1167360K
  class space    used 16231K, capacity 17276K, committed 17280K, reserved 1048576K
}
Event: 6054.912 GC heap before
{Heap before GC invocations=147 (full 0):
 garbage-first heap   total 249856K, used 200192K [0x0000000080000000, 0x0000000100000000)
  region size 1024K, 18 young (18432K), 3 survivors (3072K)
 Metaspace       used 132740K, capacity 135705K, committed 135932K, reserved 1167360K
  class space    used 16231K, capacity 17276K, committed 17280K, reserved 1048576K
}
Event: 6055.000 GC heap after
{Heap after GC invocations=148 (full 0):
 garbage-first heap   total 249856K, used 194560K [0x0000000080000000, 0x0000000100000000)
  region size 1024K, 3 young (3072K), 3 survivors (3072K)
 Metaspace       used 132740K, capacity 135705K, committed 135932K, reserved 1167360K
  class space    used 16231K, capacity 17276K, committed 17280K, reserved 1048576K
}
Event: 6055.425 GC heap before
{Heap before GC invocations=148 (full 0):
 garbage-first heap   total 249856K, used 203776K [0x0000000080000000, 0x0000000100000000)
  region size 1024K, 12 young (12288K), 3 survivors (3072K)
 Metaspace       used 132779K, capacity 135802K, committed 136060K, reserved 1167360K
  class space    used 16232K, capacity 17308K, committed 17408K, reserved 1048576K
}

Deoptimization events (20 events):
Event: 6050.547 Thread 0x000002697ad24800 DEOPT PACKING pc=0x000002696506e216 sp=0x0000007c4c4fe620
Event: 6050.547 Thread 0x000002697ad24800 DEOPT UNPACKING pc=0x00000269623267c0 sp=0x0000007c4c4fda98 mode 0
Event: 6050.569 Thread 0x000002697ad24800 DEOPT PACKING pc=0x000002696506e216 sp=0x0000007c4c4fe620
Event: 6050.569 Thread 0x000002697ad24800 DEOPT UNPACKING pc=0x00000269623267c0 sp=0x0000007c4c4fda98 mode 0
Event: 6050.582 Thread 0x000002697ad24800 Uncommon trap: trap_request=0xffffff4d fr.pc=0x000002696a853c4c relative=0x000000000000050c
Event: 6050.582 Thread 0x000002697ad24800 Uncommon trap: reason=unstable_if action=reinterpret pc=0x000002696a853c4c method=com.android.tools.r8.dex.n.i()Lcom/android/tools/r8/graph/t0; @ 64 c2
Event: 6050.582 Thread 0x000002697ad24800 DEOPT PACKING pc=0x000002696a853c4c sp=0x0000007c4c4fe600
Event: 6050.582 Thread 0x000002697ad24800 DEOPT UNPACKING pc=0x00000269623269aa sp=0x0000007c4c4fe5e8 mode 2
Event: 6050.675 Thread 0x000002697ad24800 DEOPT PACKING pc=0x000002696506e216 sp=0x0000007c4c4fed50
Event: 6050.675 Thread 0x000002697ad24800 DEOPT UNPACKING pc=0x00000269623267c0 sp=0x0000007c4c4fe1c8 mode 0
Event: 6050.721 Thread 0x000002697ad24800 DEOPT PACKING pc=0x000002696506e216 sp=0x0000007c4c4fe620
Event: 6050.721 Thread 0x000002697ad24800 DEOPT UNPACKING pc=0x00000269623267c0 sp=0x0000007c4c4fda98 mode 0
Event: 6050.746 Thread 0x000002697ad24800 DEOPT PACKING pc=0x000002696506e216 sp=0x0000007c4c4fe620
Event: 6050.746 Thread 0x000002697ad24800 DEOPT UNPACKING pc=0x00000269623267c0 sp=0x0000007c4c4fda98 mode 0
Event: 6055.283 Thread 0x000002697ad23000 DEOPT PACKING pc=0x0000026964b00070 sp=0x0000007c4c5fe790
Event: 6055.283 Thread 0x000002697ad23000 DEOPT UNPACKING pc=0x00000269623267c0 sp=0x0000007c4c5fdc48 mode 0
Event: 6055.297 Thread 0x000002697ad23000 DEOPT PACKING pc=0x000002696514a60e sp=0x0000007c4c5feb40
Event: 6055.297 Thread 0x000002697ad23000 DEOPT UNPACKING pc=0x00000269623267c0 sp=0x0000007c4c5fe100 mode 0
Event: 6055.342 Thread 0x000002697ad24800 DEOPT PACKING pc=0x000002696512e4a9 sp=0x0000007c4c4feda0
Event: 6055.342 Thread 0x000002697ad24800 DEOPT UNPACKING pc=0x00000269623267c0 sp=0x0000007c4c4fe248 mode 0

Classes redefined (0 events):
No events

Internal exceptions (20 events):
Event: 6048.209 Thread 0x000002697eff0000 Exception <a 'sun/nio/fs/WindowsException'{0x000000008b748da0}> (0x000000008b748da0) thrown at [./src/hotspot/share/prims/jni.cpp, line 615]
Event: 6048.227 Thread 0x000002697eff0000 Exception <a 'sun/nio/fs/WindowsException'{0x000000008b74ec30}> (0x000000008b74ec30) thrown at [./src/hotspot/share/prims/jni.cpp, line 615]
Event: 6048.243 Thread 0x000002697eff0000 Exception <a 'sun/nio/fs/WindowsException'{0x000000008b753f10}> (0x000000008b753f10) thrown at [./src/hotspot/share/prims/jni.cpp, line 615]
Event: 6048.261 Thread 0x000002697eff0000 Exception <a 'sun/nio/fs/WindowsException'{0x000000008b75c108}> (0x000000008b75c108) thrown at [./src/hotspot/share/prims/jni.cpp, line 615]
Event: 6048.282 Thread 0x000002697eff0000 Exception <a 'sun/nio/fs/WindowsException'{0x000000008b7642d0}> (0x000000008b7642d0) thrown at [./src/hotspot/share/prims/jni.cpp, line 615]
Event: 6048.287 Thread 0x000002697eff0000 Exception <a 'sun/nio/fs/WindowsException'{0x000000008b6c0d80}> (0x000000008b6c0d80) thrown at [./src/hotspot/share/prims/jni.cpp, line 615]
Event: 6048.303 Thread 0x000002697eff0000 Exception <a 'sun/nio/fs/WindowsException'{0x000000008b6ce8f0}> (0x000000008b6ce8f0) thrown at [./src/hotspot/share/prims/jni.cpp, line 615]
Event: 6048.315 Thread 0x000002697eff0000 Exception <a 'sun/nio/fs/WindowsException'{0x000000008b6d6a28}> (0x000000008b6d6a28) thrown at [./src/hotspot/share/prims/jni.cpp, line 615]
Event: 6048.331 Thread 0x000002697eff0000 Exception <a 'sun/nio/fs/WindowsException'{0x000000008b6dec18}> (0x000000008b6dec18) thrown at [./src/hotspot/share/prims/jni.cpp, line 615]
Event: 6048.349 Thread 0x000002697eff0000 Exception <a 'sun/nio/fs/WindowsException'{0x000000008b5c2900}> (0x000000008b5c2900) thrown at [./src/hotspot/share/prims/jni.cpp, line 615]
Event: 6048.353 Thread 0x000002697eff0000 Exception <a 'sun/nio/fs/WindowsException'{0x000000008b5cab28}> (0x000000008b5cab28) thrown at [./src/hotspot/share/prims/jni.cpp, line 615]
Event: 6048.364 Thread 0x000002697eff0000 Exception <a 'sun/nio/fs/WindowsException'{0x000000008b5d3b30}> (0x000000008b5d3b30) thrown at [./src/hotspot/share/prims/jni.cpp, line 615]
Event: 6048.372 Thread 0x000002697eff0000 Exception <a 'sun/nio/fs/WindowsException'{0x000000008b5dda78}> (0x000000008b5dda78) thrown at [./src/hotspot/share/prims/jni.cpp, line 615]
Event: 6048.407 Thread 0x000002697eff0000 Exception <a 'sun/nio/fs/WindowsException'{0x000000008b5e4dd8}> (0x000000008b5e4dd8) thrown at [./src/hotspot/share/prims/jni.cpp, line 615]
Event: 6048.416 Thread 0x000002697eff0000 Exception <a 'sun/nio/fs/WindowsException'{0x000000008b3c19e8}> (0x000000008b3c19e8) thrown at [./src/hotspot/share/prims/jni.cpp, line 615]
Event: 6048.422 Thread 0x000002697eff0000 Exception <a 'sun/nio/fs/WindowsException'{0x000000008b3c9810}> (0x000000008b3c9810) thrown at [./src/hotspot/share/prims/jni.cpp, line 615]
Event: 6048.427 Thread 0x000002697eff0000 Exception <a 'sun/nio/fs/WindowsException'{0x000000008b3d0330}> (0x000000008b3d0330) thrown at [./src/hotspot/share/prims/jni.cpp, line 615]
Event: 6048.435 Thread 0x000002697eff0000 Exception <a 'sun/nio/fs/WindowsException'{0x000000008b3d6f10}> (0x000000008b3d6f10) thrown at [./src/hotspot/share/prims/jni.cpp, line 615]
Event: 6048.681 Thread 0x000002697efef000 Exception <a 'java/lang/NoSuchMethodError'{0x000000008b09eec8}: <clinit>> (0x000000008b09eec8) thrown at [./src/hotspot/share/prims/jni.cpp, line 1362]
Event: 6049.352 Thread 0x000002697eff0000 Exception <a 'sun/nio/fs/WindowsException'{0x000000008ad59880}> (0x000000008ad59880) thrown at [./src/hotspot/share/prims/jni.cpp, line 615]

Events (20 events):
Event: 6055.359 Executing VM operation: RevokeBias
Event: 6055.359 Executing VM operation: RevokeBias done
Event: 6055.359 Executing VM operation: RevokeBias
Event: 6055.359 Executing VM operation: RevokeBias done
Event: 6055.359 Executing VM operation: RevokeBias
Event: 6055.359 Executing VM operation: RevokeBias done
Event: 6055.359 Executing VM operation: BulkRevokeBias
Event: 6055.361 Executing VM operation: BulkRevokeBias done
Event: 6055.364 Thread 0x0000026978819800 flushing nmethod 0x0000026969f89a10
Event: 6055.366 Thread 0x0000026978819800 flushing nmethod 0x000002696a0e7d10
Event: 6055.366 Thread 0x0000026978819800 flushing nmethod 0x000002696a162490
Event: 6055.368 Thread 0x0000026978819800 flushing nmethod 0x000002696a39f610
Event: 6055.396 Thread 0x0000026978819800 flushing nmethod 0x0000026963facb10
Event: 6055.396 Thread 0x0000026978819800 flushing nmethod 0x0000026963fb0090
Event: 6055.397 Thread 0x0000026978819800 flushing nmethod 0x0000026964160d90
Event: 6055.397 Thread 0x0000026978819800 flushing nmethod 0x000002696419d290
Event: 6055.397 Thread 0x0000026978819800 flushing nmethod 0x00000269641c4d90
Event: 6055.398 Thread 0x0000026978819800 flushing nmethod 0x00000269641d6890
Event: 6055.398 Thread 0x0000026978819800 flushing nmethod 0x000002696423fe10
Event: 6055.425 Executing VM operation: G1CollectForAllocation


Dynamic libraries:
0x00007ff67ad20000 - 0x00007ff67ad2a000 	C:\Program Files\Android\Android Studio\jre\bin\java.exe
0x00007fff52620000 - 0x00007fff52801000 	C:\Windows\SYSTEM32\ntdll.dll
0x00007fff51df0000 - 0x00007fff51ea2000 	C:\Windows\System32\KERNEL32.DLL
0x00007fff4f830000 - 0x00007fff4faa3000 	C:\Windows\System32\KERNELBASE.dll
0x00007fff4f680000 - 0x00007fff4f77a000 	C:\Windows\System32\ucrtbase.dll
0x00007fff38580000 - 0x00007fff38599000 	C:\Program Files\Android\Android Studio\jre\bin\jli.dll
0x00007fff52460000 - 0x00007fff525f0000 	C:\Windows\System32\USER32.dll
0x00007fff4eb90000 - 0x00007fff4ebb0000 	C:\Windows\System32\win32u.dll
0x00007fff423d0000 - 0x00007fff42639000 	C:\Windows\WinSxS\amd64_microsoft.windows.common-controls_6595b64144ccf1df_6.0.17133.73_none_b4b127863cb5b9c7\COMCTL32.dll
0x00007fff511c0000 - 0x00007fff511e8000 	C:\Windows\System32\GDI32.dll
0x00007fff51580000 - 0x00007fff5161e000 	C:\Windows\System32\msvcrt.dll
0x00007fff52020000 - 0x00007fff52343000 	C:\Windows\System32\combase.dll
0x00007fff38560000 - 0x00007fff38577000 	C:\Program Files\Android\Android Studio\jre\bin\VCRUNTIME140.dll
0x00007fff51cc0000 - 0x00007fff51de4000 	C:\Windows\System32\RPCRT4.dll
0x00007fff4f5a0000 - 0x00007fff4f61a000 	C:\Windows\System32\bcryptPrimitives.dll
0x00007fff4e9f0000 - 0x00007fff4eb82000 	C:\Windows\System32\gdi32full.dll
0x00007fff4ec00000 - 0x00007fff4ec9f000 	C:\Windows\System32\msvcp_win.dll
0x00007fff51130000 - 0x00007fff5115d000 	C:\Windows\System32\IMM32.DLL
0x00007fff271c0000 - 0x00007fff2725d000 	C:\Program Files\Android\Android Studio\jre\bin\msvcp140.dll
0x00007fff149e0000 - 0x00007fff1549c000 	C:\Program Files\Android\Android Studio\jre\bin\server\jvm.dll
0x00007fff52350000 - 0x00007fff523f1000 	C:\Windows\System32\ADVAPI32.dll
0x00007fff51520000 - 0x00007fff5157b000 	C:\Windows\System32\sechost.dll
0x00007fff50f00000 - 0x00007fff50f08000 	C:\Windows\System32\PSAPI.DLL
0x00007fff4c760000 - 0x00007fff4c783000 	C:\Windows\SYSTEM32\WINMM.dll
0x00007fff48650000 - 0x00007fff48659000 	C:\Windows\SYSTEM32\WSOCK32.dll
0x00007fff514b0000 - 0x00007fff5151c000 	C:\Windows\System32\WS2_32.dll
0x00007fff41810000 - 0x00007fff4181a000 	C:\Windows\SYSTEM32\VERSION.dll
0x00007fff4c730000 - 0x00007fff4c75a000 	C:\Windows\SYSTEM32\WINMMBASE.dll
0x00007fff4ebb0000 - 0x00007fff4ebf9000 	C:\Windows\System32\cfgmgr32.dll
0x00007fff4e9d0000 - 0x00007fff4e9e1000 	C:\Windows\System32\kernel.appcore.dll
0x00007fff406b0000 - 0x00007fff406c1000 	C:\Program Files\Android\Android Studio\jre\bin\verify.dll
0x00007fff3d3c0000 - 0x00007fff3d589000 	C:\Windows\SYSTEM32\DBGHELP.DLL
0x00007fff3dde0000 - 0x00007fff3de09000 	C:\Windows\SYSTEM32\dbgcore.DLL
0x00007fff40680000 - 0x00007fff406a9000 	C:\Program Files\Android\Android Studio\jre\bin\java.dll
0x00007fff48620000 - 0x00007fff4862b000 	C:\Program Files\Android\Android Studio\jre\bin\jimage.dll
0x00007fff40660000 - 0x00007fff40678000 	C:\Program Files\Android\Android Studio\jre\bin\zip.dll
0x00007fff4fab0000 - 0x00007fff50ef0000 	C:\Windows\System32\SHELL32.dll
0x00007fff51400000 - 0x00007fff514a9000 	C:\Windows\System32\shcore.dll
0x00007fff4eca0000 - 0x00007fff4f3ad000 	C:\Windows\System32\windows.storage.dll
0x00007fff51370000 - 0x00007fff513c1000 	C:\Windows\System32\shlwapi.dll
0x00007fff4e930000 - 0x00007fff4e94f000 	C:\Windows\System32\profapi.dll
0x00007fff4e980000 - 0x00007fff4e9cc000 	C:\Windows\System32\powrprof.dll
0x00007fff4e950000 - 0x00007fff4e95a000 	C:\Windows\System32\FLTLIB.DLL
0x00007fff40640000 - 0x00007fff4065a000 	C:\Program Files\Android\Android Studio\jre\bin\net.dll
0x00007fff43750000 - 0x00007fff4382d000 	C:\Windows\SYSTEM32\WINHTTP.dll
0x00007fff4e150000 - 0x00007fff4e1b6000 	C:\Windows\system32\mswsock.dll
0x00007fff3aa10000 - 0x00007fff3aa24000 	C:\Program Files\Android\Android Studio\jre\bin\nio.dll
0x00007fff34f00000 - 0x00007fff34f27000 	C:\Users\MISHECK\.gradle\native\fdc75f09e3144964f2cf3f50f0aa648679c211496f362492102eb8c894070792\windows-amd64\native-platform.dll
0x00007fff25dc0000 - 0x00007fff25f56000 	C:\Users\MISHECK\.gradle\native\12488b8bf47d2d4c9fbf2f6322a914ad602e24e48041cd04a747c6da556b65c4\windows-amd64\native-platform-file-events.dll
0x00007fff43c40000 - 0x00007fff43c4a000 	C:\Program Files\Android\Android Studio\jre\bin\management.dll
0x00007fff40770000 - 0x00007fff4077c000 	C:\Program Files\Android\Android Studio\jre\bin\management_ext.dll
0x00007fff4e300000 - 0x00007fff4e317000 	C:\Windows\SYSTEM32\CRYPTSP.dll
0x00007fff4dd30000 - 0x00007fff4dd63000 	C:\Windows\system32\rsaenh.dll
0x00007fff4e4e0000 - 0x00007fff4e505000 	C:\Windows\SYSTEM32\bcrypt.dll
0x00007fff4e830000 - 0x00007fff4e858000 	C:\Windows\SYSTEM32\USERENV.dll
0x00007fff4e320000 - 0x00007fff4e32b000 	C:\Windows\SYSTEM32\CRYPTBASE.dll
0x00007fff4ded0000 - 0x00007fff4df08000 	C:\Windows\SYSTEM32\IPHLPAPI.DLL
0x00007fff50ef0000 - 0x00007fff50ef8000 	C:\Windows\System32\NSI.dll
0x00007fff43250000 - 0x00007fff43266000 	C:\Windows\SYSTEM32\dhcpcsvc6.DLL
0x00007fff43230000 - 0x00007fff4324a000 	C:\Windows\SYSTEM32\dhcpcsvc.DLL
0x00007fff43290000 - 0x00007fff4329b000 	C:\Windows\SYSTEM32\WINNSI.DLL
0x00007fff34f30000 - 0x00007fff34f57000 	C:\Program Files\Android\Android Studio\jre\bin\sunec.dll
0x00007fff4df20000 - 0x00007fff4dfde000 	C:\Windows\SYSTEM32\DNSAPI.dll
0x00007fff41510000 - 0x00007fff4151a000 	C:\Windows\System32\rasadhlp.dll

dbghelp: loaded successfully - version: 4.0.5 - missing functions: none
symbol engine: initialized successfully - sym options: 0x614 - pdb path: .;C:\Program Files\Android\Android Studio\jre\bin;C:\Windows\SYSTEM32;C:\Windows\WinSxS\amd64_microsoft.windows.common-controls_6595b64144ccf1df_6.0.17133.73_none_b4b127863cb5b9c7;C:\Program Files\Android\Android Studio\jre\bin\server;C:\Users\MISHECK\.gradle\native\fdc75f09e3144964f2cf3f50f0aa648679c211496f362492102eb8c894070792\windows-amd64;C:\Users\MISHECK\.gradle\native\12488b8bf47d2d4c9fbf2f6322a914ad602e24e48041cd04a747c6da556b65c4\windows-amd64

VM Arguments:
jvm_args: --add-opens=java.base/java.util=ALL-UNNAMED --add-opens=java.base/java.lang=ALL-UNNAMED --add-opens=java.base/java.lang.invoke=ALL-UNNAMED --add-opens=java.prefs/java.util.prefs=ALL-UNNAMED -Xmx2048m -Dfile.encoding=UTF-8 -Duser.country=US -Duser.language=en -Duser.variant 
java_command: org.gradle.launcher.daemon.bootstrap.GradleDaemon 6.7.1
java_class_path (initial): C:\Users\MISHECK\.gradle\wrapper\dists\gradle-6.7.1-bin\bwlcbys1h7rz3272sye1xwiv6\gradle-6.7.1\lib\gradle-launcher-6.7.1.jar
Launcher Type: SUN_STANDARD

[Global flags]
     intx CICompilerCount                          = 2                                         {product} {ergonomic}
     uint ConcGCThreads                            = 1                                         {product} {ergonomic}
     uint G1ConcRefinementThreads                  = 2                                         {product} {ergonomic}
   size_t G1HeapRegionSize                         = 1048576                                   {product} {ergonomic}
    uintx GCDrainStackTargetSize                   = 64                                        {product} {ergonomic}
   size_t InitialHeapSize                          = 67108864                                  {product} {ergonomic}
   size_t MarkStackSize                            = 4194304                                   {product} {ergonomic}
   size_t MaxHeapSize                              = 2147483648                                {product} {command line}
   size_t MaxNewSize                               = 1287651328                                {product} {ergonomic}
   size_t MinHeapDeltaBytes                        = 1048576                                   {product} {ergonomic}
    uintx NonNMethodCodeHeapSize                   = 5825164                                {pd product} {ergonomic}
    uintx NonProfiledCodeHeapSize                  = 122916538                              {pd product} {ergonomic}
    uintx ProfiledCodeHeapSize                     = 122916538                              {pd product} {ergonomic}
    uintx ReservedCodeCacheSize                    = 251658240                              {pd product} {ergonomic}
     bool SegmentedCodeCache                       = true                                      {product} {ergonomic}
     bool UseCompressedClassPointers               = true                                 {lp64_product} {ergonomic}
     bool UseCompressedOops                        = true                                 {lp64_product} {ergonomic}
     bool UseG1GC                                  = true                                      {product} {ergonomic}
     bool UseLargePagesIndividualAllocation        = false                                  {pd product} {ergonomic}

Logging:
Log output configuration:
 #0: stdout all=warning uptime,level,tags
 #1: stderr all=off uptime,level,tags

Environment Variables:
JAVA_HOME=C:\Program Files\Java\jdk1.8.0_191
PATH=C:\Program Files (x86)\Common Files\Oracle\Java\javapath;C:\Windows\system32;C:\Windows;C:\Windows\System32\Wbem;C:\Windows\System32\WindowsPowerShell\v1.0\;C:\Windows\System32\OpenSSH\;C:\Program Files (x86)\Git\cmd;C:\Program Files\nodejs\;C:\Program Files\Java\jdk1.8.0_191\bin;C:\Users\MISHECK\AppData\Roaming\npm;C:\Exercism;C:\Users\MISHECK\AppData\Local\Programs\Python\Python39;C:\Users\MISHECK\AppData\Local\Programs\Microsoft VS Code\bin;C:\Program Files\CodeBlocks\MinGW\bin;
USERNAME=MISHECK
OS=Windows_NT
PROCESSOR_IDENTIFIER=Intel64 Family 6 Model 55 Stepping 8, GenuineIntel



---------------  S Y S T E M  ---------------

OS: Windows 10 , 64 bit Build 17133 (10.0.17133.73)
OS uptime: 0 days 21:16 hours

CPU:total 2 (initial active 2) (2 cores per cpu, 1 threads per core) family 6 model 55 stepping 8, cmov, cx8, fxsr, mmx, sse, sse2, sse3, ssse3, sse4.1, sse4.2, popcnt, clmul, erms, 3dnowpref, tsc, tscinvbit

Memory: 4k page, system-wide physical 3987M (319M free)
TotalPageFile size 5381M (AvailPageFile size 88M)
current process WorkingSet (physical memory assigned to process): 504M, peak: 506M
current process commit charge ("private bytes"): 613M, peak: 790M

vm_info: OpenJDK 64-Bit Server VM (11.0.8+10-b944.6842174) for windows-amd64 JRE (11.0.8+10-b944.6842174), built on Sep 19 2020 01:11:42 by "builder" with MS VC++ 14.0 (VS2015)

END.
