#
# There is insufficient memory for the Java Runtime Environment to continue.
# Native memory allocation (malloc) failed to allocate 1333776 bytes for Chunk::new
# Possible reasons:
#   The system is out of physical RAM or swap space
#   The process is running with CompressedOops enabled, and the Java Heap may be blocking the growth of the native heap
# Possible solutions:
#   Reduce memory load on the system
#   Increase physical memory or swap space
#   Check if swap backing store is full
#   Decrease Java heap size (-Xmx/-Xms)
#   Decrease number of Java threads
#   Decrease Java thread stack sizes (-Xss)
#   Set larger code cache with -XX:ReservedCodeCacheSize=
#   JVM is running with Unscaled Compressed Oops mode in which the Java heap is
#     placed in the first 4GB address space. The Java Heap base address is the
#     maximum limit for the native heap growth. Please use -XX:HeapBaseMinAddress
#     to set the Java Heap base and to place the Java Heap above 4GB virtual address.
# This output file may be truncated or incomplete.
#
#  Out of Memory Error (./src/hotspot/share/memory/arena.cpp:197), pid=8136, tid=12392
#
# JRE version: OpenJDK Runtime Environment (11.0.8+10) (build 11.0.8+10-b944.6842174)
# Java VM: OpenJDK 64-Bit Server VM (11.0.8+10-b944.6842174, mixed mode, tiered, compressed oops, g1 gc, windows-amd64)
# No core dump will be written. Minidumps are not enabled by default on client versions of Windows
#

---------------  S U M M A R Y ------------

Command Line: --add-opens=java.base/java.util=ALL-UNNAMED --add-opens=java.base/java.lang=ALL-UNNAMED --add-opens=java.base/java.lang.invoke=ALL-UNNAMED --add-opens=java.prefs/java.util.prefs=ALL-UNNAMED -Xmx2048m -Dfile.encoding=UTF-8 -Duser.country=US -Duser.language=en -Duser.variant org.gradle.launcher.daemon.bootstrap.GradleDaemon 6.7.1

Host: Intel(R) Celeron(R) CPU  N2840  @ 2.16GHz, 2 cores, 3G,  Windows 10 , 64 bit Build 17133 (10.0.17133.73)
Time: Fri Jul  2 02:54:42 2021 Pacific Daylight Time elapsed time: 105 seconds (0d 0h 1m 45s)

---------------  T H R E A D  ---------------

Current thread (0x0000021efee12800):  JavaThread "C2 CompilerThread0" daemon [_thread_in_native, id=12392, stack(0x0000009e05400000,0x0000009e05500000)]


Current CompileTask:
C2: 105040 6555       4       org.gradle.internal.reflect.ClassInspector::inspectClass (179 bytes)

Stack: [0x0000009e05400000,0x0000009e05500000]
Native frames: (J=compiled Java code, j=interpreted, Vv=VM code, C=native code)
V  [jvm.dll+0x5de50a]
V  [jvm.dll+0x7122f5]
V  [jvm.dll+0x71384d]
V  [jvm.dll+0x713f03]
V  [jvm.dll+0x23e728]
V  [jvm.dll+0xb899c]
V  [jvm.dll+0xb8e9c]
V  [jvm.dll+0x35020b]
V  [jvm.dll+0x31dea3]
V  [jvm.dll+0x31d39a]
V  [jvm.dll+0x1f7702]
V  [jvm.dll+0x1f68d4]
V  [jvm.dll+0x17f32c]
V  [jvm.dll+0x205047]
V  [jvm.dll+0x203891]
V  [jvm.dll+0x6dad3f]
V  [jvm.dll+0x6d3895]
V  [jvm.dll+0x5dd4a6]
C  [ucrtbase.dll+0x1c1ae]
C  [KERNEL32.DLL+0x13034]
C  [ntdll.dll+0x71551]


---------------  P R O C E S S  ---------------

Threads class SMR info:
_java_thread_list=0x0000021e884043b0, length=129, elements={
0x0000021eeb6ec800, 0x0000021efede7000, 0x0000021efedf3000, 0x0000021eff6a2800,
0x0000021eff6a3000, 0x0000021efee12800, 0x0000021efee1b800, 0x0000021efee5d800,
0x0000021eff7b8800, 0x0000021eff7eb000, 0x0000021e8733b000, 0x0000021e86f3e000,
0x0000021e86c2b000, 0x0000021e87309000, 0x0000021e86b0b800, 0x0000021e86924000,
0x0000021e86ddd000, 0x0000021e86b04000, 0x0000021e869ca800, 0x0000021e86109800,
0x0000021e8610a800, 0x0000021e8610d800, 0x0000021e8610b000, 0x0000021e8610c800,
0x0000021e8610c000, 0x0000021e8610e800, 0x0000021e86108800, 0x0000021e8610f000,
0x0000021e89b05800, 0x0000021e89b09000, 0x0000021e89b04000, 0x0000021e89b07800,
0x0000021e89b05000, 0x0000021e89b03800, 0x0000021e89b0b800, 0x0000021e89b08000,
0x0000021e89b0c800, 0x0000021e89b0f800, 0x0000021e89b0a000, 0x0000021e89b0e000,
0x0000021e89b0e800, 0x0000021e89b0a800, 0x0000021e89b10800, 0x0000021e89b11000,
0x0000021e89b12000, 0x0000021e89b0d000, 0x0000021e8814f800, 0x0000021e88151800,
0x0000021e88150000, 0x0000021e88151000, 0x0000021e8814e800, 0x0000021e88152800,
0x0000021e8814d000, 0x0000021e88153800, 0x0000021e8814d800, 0x0000021e88159000,
0x0000021e88156800, 0x0000021e8815a000, 0x0000021e88154000, 0x0000021e88156000,
0x0000021e8815a800, 0x0000021e88158800, 0x0000021e88155000, 0x0000021e8815b800,
0x0000021e88157800, 0x0000021e87e23800, 0x0000021e87e26000, 0x0000021e87e25800,
0x0000021e87e24800, 0x0000021e87e23000, 0x0000021e87e27000, 0x0000021e87e21800,
0x0000021e87e28000, 0x0000021e87e22000, 0x0000021e87e2a800, 0x0000021e87e2c000,
0x0000021e87e2b000, 0x0000021e87e2c800, 0x0000021e87e2e800, 0x0000021e87e2d800,
0x0000021e87e28800, 0x0000021e87e2f000, 0x0000021e87e29800, 0x0000021e87e30000,
0x0000021e89d34000, 0x0000021e89d30800, 0x0000021e89d2f000, 0x0000021e89d2e000,
0x0000021e89d33000, 0x0000021e89d30000, 0x0000021e89d34800, 0x0000021e89d32800,
0x0000021e89d31800, 0x0000021e87be7800, 0x0000021e87be8800, 0x0000021e87beb000,
0x0000021e87be9000, 0x0000021e87bea000, 0x0000021e87beb800, 0x0000021e87bec800,
0x0000021e87be7000, 0x0000021e87bef000, 0x0000021e87bed800, 0x0000021e87bef800,
0x0000021e87bee000, 0x0000021e87bf4000, 0x0000021e87bf1800, 0x0000021e87bf2000,
0x0000021e87bf0800, 0x0000021e87bf3000, 0x0000021e87bf4800, 0x0000021e87bf5800,
0x0000021e8812c000, 0x0000021e8812f000, 0x0000021e8812e800, 0x0000021e8812d800,
0x0000021e88130000, 0x0000021e8812d000, 0x0000021e88131000, 0x0000021e8812b000,
0x0000021e88131800, 0x0000021e88134000, 0x0000021e88133800, 0x0000021e88135000,
0x0000021e88136800, 0x0000021e88132800, 0x0000021e8813a000, 0x0000021e88136000,
0x0000021e88137800
}

Java Threads: ( => current thread )
  0x0000021eeb6ec800 JavaThread "main" [_thread_blocked, id=10364, stack(0x0000009e04900000,0x0000009e04a00000)]
  0x0000021efede7000 JavaThread "Reference Handler" daemon [_thread_blocked, id=60, stack(0x0000009e05000000,0x0000009e05100000)]
  0x0000021efedf3000 JavaThread "Finalizer" daemon [_thread_blocked, id=10056, stack(0x0000009e05100000,0x0000009e05200000)]
  0x0000021eff6a2800 JavaThread "Signal Dispatcher" daemon [_thread_blocked, id=2340, stack(0x0000009e05200000,0x0000009e05300000)]
  0x0000021eff6a3000 JavaThread "Attach Listener" daemon [_thread_blocked, id=11876, stack(0x0000009e05300000,0x0000009e05400000)]
=>0x0000021efee12800 JavaThread "C2 CompilerThread0" daemon [_thread_in_native, id=12392, stack(0x0000009e05400000,0x0000009e05500000)]
  0x0000021efee1b800 JavaThread "C1 CompilerThread0" daemon [_thread_blocked, id=2708, stack(0x0000009e05500000,0x0000009e05600000)]
  0x0000021efee5d800 JavaThread "Sweeper thread" daemon [_thread_blocked, id=10016, stack(0x0000009e05600000,0x0000009e05700000)]
  0x0000021eff7b8800 JavaThread "Common-Cleaner" daemon [_thread_blocked, id=10176, stack(0x0000009e05700000,0x0000009e05800000)]
  0x0000021eff7eb000 JavaThread "Service Thread" daemon [_thread_blocked, id=10844, stack(0x0000009e05800000,0x0000009e05900000)]
  0x0000021e8733b000 JavaThread "Daemon health stats" [_thread_blocked, id=8676, stack(0x0000009e05b00000,0x0000009e05c00000)]
  0x0000021e86f3e000 JavaThread "Incoming local TCP Connector on port 53113" [_thread_in_native, id=7776, stack(0x0000009e05d00000,0x0000009e05e00000)]
  0x0000021e86c2b000 JavaThread "Daemon periodic checks" [_thread_blocked, id=6736, stack(0x0000009e05e00000,0x0000009e05f00000)]
  0x0000021e87309000 JavaThread "Daemon" [_thread_blocked, id=5716, stack(0x0000009e05f00000,0x0000009e06000000)]
  0x0000021e86b0b800 JavaThread "Handler for socket connection from /127.0.0.1:53113 to /127.0.0.1:53114" [_thread_in_native, id=13300, stack(0x0000009e06000000,0x0000009e06100000)]
  0x0000021e86924000 JavaThread "Cancel handler" [_thread_blocked, id=13232, stack(0x0000009e06100000,0x0000009e06200000)]
  0x0000021e86ddd000 JavaThread "Daemon worker" [_thread_in_vm, id=7816, stack(0x0000009e06200000,0x0000009e06300000)]
  0x0000021e86b04000 JavaThread "Asynchronous log dispatcher for DefaultDaemonConnection: socket connection from /127.0.0.1:53113 to /127.0.0.1:53114" [_thread_blocked, id=10468, stack(0x0000009e06300000,0x0000009e06400000)]
  0x0000021e869ca800 JavaThread "Thread-8" [_thread_blocked, id=10828, stack(0x0000009e06500000,0x0000009e06600000)]
  0x0000021e86109800 JavaThread "Cache worker for file hash cache (C:\Users\MISHECK\.gradle\caches\6.7.1\fileHashes)" [_thread_blocked, id=4432, stack(0x0000009e06600000,0x0000009e06700000)]
  0x0000021e8610a800 JavaThread "File lock request listener" [_thread_in_native, id=7256, stack(0x0000009e06700000,0x0000009e06800000)]
  0x0000021e8610d800 JavaThread "Cache worker for journal cache (C:\Users\MISHECK\.gradle\caches\journal-1)" [_thread_blocked, id=6228, stack(0x0000009e06800000,0x0000009e06900000)]
  0x0000021e8610b000 JavaThread "Cache worker for file hash cache (C:\Users\MISHECK\AndroidStudioProjects\ChildSafetyApp\.gradle\6.7.1\fileHashes)" [_thread_blocked, id=9344, stack(0x0000009e06900000,0x0000009e06a00000)]
  0x0000021e8610c800 JavaThread "Cache worker for checksums cache (C:\Users\MISHECK\AndroidStudioProjects\ChildSafetyApp\.gradle\checksums)" [_thread_blocked, id=11932, stack(0x0000009e06a00000,0x0000009e06b00000)]
  0x0000021e8610c000 JavaThread "Cache worker for cache directory md-supplier (C:\Users\MISHECK\.gradle\caches\6.7.1\md-supplier)" [_thread_blocked, id=3024, stack(0x0000009e06b00000,0x0000009e06c00000)]
  0x0000021e8610e800 JavaThread "Cache worker for cache directory md-rule (C:\Users\MISHECK\.gradle\caches\6.7.1\md-rule)" [_thread_blocked, id=5236, stack(0x0000009e06c00000,0x0000009e06d00000)]
  0x0000021e86108800 JavaThread "Cache worker for execution history cache (C:\Users\MISHECK\.gradle\caches\6.7.1\executionHistory)" [_thread_blocked, id=5920, stack(0x0000009e06d00000,0x0000009e06e00000)]
  0x0000021e8610f000 JavaThread "jar transforms" [_thread_blocked, id=12208, stack(0x0000009e06e00000,0x0000009e06f00000)]
  0x0000021e89b05800 JavaThread "Cache worker for file content cache (C:\Users\MISHECK\.gradle\caches\6.7.1\fileContent)" [_thread_blocked, id=9476, stack(0x0000009e06f00000,0x0000009e07000000)]
  0x0000021e89b09000 JavaThread "Cache worker for Build Output Cleanup Cache (C:\Users\MISHECK\AndroidStudioProjects\ChildSafetyApp\.gradle\buildOutputCleanup)" [_thread_blocked, id=7412, stack(0x0000009e07000000,0x0000009e07100000)]
  0x0000021e89b04000 JavaThread "Build operations" [_thread_blocked, id=8740, stack(0x0000009e07100000,0x0000009e07200000)]
  0x0000021e89b07800 JavaThread "Build operations Thread 2" [_thread_blocked, id=10044, stack(0x0000009e07200000,0x0000009e07300000)]
  0x0000021e89b05000 JavaThread "jar transforms Thread 2" [_thread_blocked, id=3644, stack(0x0000009e07300000,0x0000009e07400000)]
  0x0000021e89b03800 JavaThread "jar transforms Thread 3" [_thread_blocked, id=5808, stack(0x0000009e07400000,0x0000009e07500000)]
  0x0000021e89b0b800 JavaThread "jar transforms Thread 4" [_thread_blocked, id=852, stack(0x0000009e07500000,0x0000009e07600000)]
  0x0000021e89b08000 JavaThread "jar transforms Thread 5" [_thread_blocked, id=8368, stack(0x0000009e07600000,0x0000009e07700000)]
  0x0000021e89b0c800 JavaThread "jar transforms Thread 6" [_thread_blocked, id=10652, stack(0x0000009e07700000,0x0000009e07800000)]
  0x0000021e89b0f800 JavaThread "jar transforms Thread 7" [_thread_blocked, id=7288, stack(0x0000009e07800000,0x0000009e07900000)]
  0x0000021e89b0a000 JavaThread "jar transforms Thread 8" [_thread_blocked, id=324, stack(0x0000009e07900000,0x0000009e07a00000)]
  0x0000021e89b0e000 JavaThread "jar transforms Thread 9" [_thread_blocked, id=8432, stack(0x0000009e07a00000,0x0000009e07b00000)]
  0x0000021e89b0e800 JavaThread "jar transforms Thread 10" [_thread_blocked, id=1756, stack(0x0000009e07b00000,0x0000009e07c00000)]
  0x0000021e89b0a800 JavaThread "jar transforms Thread 11" [_thread_blocked, id=11772, stack(0x0000009e07c00000,0x0000009e07d00000)]
  0x0000021e89b10800 JavaThread "jar transforms Thread 12" [_thread_blocked, id=11540, stack(0x0000009e07d00000,0x0000009e07e00000)]
  0x0000021e89b11000 JavaThread "jar transforms Thread 13" [_thread_blocked, id=8932, stack(0x0000009e07e00000,0x0000009e07f00000)]
  0x0000021e89b12000 JavaThread "jar transforms Thread 14" [_thread_blocked, id=11024, stack(0x0000009e07f00000,0x0000009e08000000)]
  0x0000021e89b0d000 JavaThread "jar transforms Thread 15" [_thread_blocked, id=3580, stack(0x0000009e08000000,0x0000009e08100000)]
  0x0000021e8814f800 JavaThread "jar transforms Thread 16" [_thread_blocked, id=9616, stack(0x0000009e08100000,0x0000009e08200000)]
  0x0000021e88151800 JavaThread "jar transforms Thread 17" [_thread_blocked, id=9644, stack(0x0000009e08200000,0x0000009e08300000)]
  0x0000021e88150000 JavaThread "jar transforms Thread 18" [_thread_blocked, id=5792, stack(0x0000009e08300000,0x0000009e08400000)]
  0x0000021e88151000 JavaThread "jar transforms Thread 19" [_thread_blocked, id=7208, stack(0x0000009e08400000,0x0000009e08500000)]
  0x0000021e8814e800 JavaThread "jar transforms Thread 20" [_thread_blocked, id=6404, stack(0x0000009e08500000,0x0000009e08600000)]
  0x0000021e88152800 JavaThread "jar transforms Thread 21" [_thread_blocked, id=13004, stack(0x0000009e08600000,0x0000009e08700000)]
  0x0000021e8814d000 JavaThread "jar transforms Thread 22" [_thread_blocked, id=6824, stack(0x0000009e08700000,0x0000009e08800000)]
  0x0000021e88153800 JavaThread "jar transforms Thread 23" [_thread_blocked, id=3948, stack(0x0000009e08800000,0x0000009e08900000)]
  0x0000021e8814d800 JavaThread "jar transforms Thread 24" [_thread_blocked, id=12264, stack(0x0000009e08900000,0x0000009e08a00000)]
  0x0000021e88159000 JavaThread "jar transforms Thread 25" [_thread_blocked, id=5712, stack(0x0000009e08a00000,0x0000009e08b00000)]
  0x0000021e88156800 JavaThread "jar transforms Thread 26" [_thread_blocked, id=10276, stack(0x0000009e08b00000,0x0000009e08c00000)]
  0x0000021e8815a000 JavaThread "jar transforms Thread 27" [_thread_blocked, id=10916, stack(0x0000009e08c00000,0x0000009e08d00000)]
  0x0000021e88154000 JavaThread "jar transforms Thread 28" [_thread_blocked, id=4964, stack(0x0000009e08d00000,0x0000009e08e00000)]
  0x0000021e88156000 JavaThread "jar transforms Thread 29" [_thread_blocked, id=10740, stack(0x0000009e08e00000,0x0000009e08f00000)]
  0x0000021e8815a800 JavaThread "jar transforms Thread 30" [_thread_blocked, id=10344, stack(0x0000009e08f00000,0x0000009e09000000)]
  0x0000021e88158800 JavaThread "jar transforms Thread 31" [_thread_blocked, id=3372, stack(0x0000009e09000000,0x0000009e09100000)]
  0x0000021e88155000 JavaThread "jar transforms Thread 32" [_thread_blocked, id=6808, stack(0x0000009e09100000,0x0000009e09200000)]
  0x0000021e8815b800 JavaThread "jar transforms Thread 33" [_thread_blocked, id=12396, stack(0x0000009e09200000,0x0000009e09300000)]
  0x0000021e88157800 JavaThread "jar transforms Thread 34" [_thread_blocked, id=11836, stack(0x0000009e09300000,0x0000009e09400000)]
  0x0000021e87e23800 JavaThread "jar transforms Thread 35" [_thread_blocked, id=7728, stack(0x0000009e09400000,0x0000009e09500000)]
  0x0000021e87e26000 JavaThread "jar transforms Thread 36" [_thread_blocked, id=7160, stack(0x0000009e09500000,0x0000009e09600000)]
  0x0000021e87e25800 JavaThread "jar transforms Thread 37" [_thread_blocked, id=6780, stack(0x0000009e09600000,0x0000009e09700000)]
  0x0000021e87e24800 JavaThread "jar transforms Thread 38" [_thread_blocked, id=3956, stack(0x0000009e09700000,0x0000009e09800000)]
  0x0000021e87e23000 JavaThread "jar transforms Thread 39" [_thread_blocked, id=10332, stack(0x0000009e09800000,0x0000009e09900000)]
  0x0000021e87e27000 JavaThread "jar transforms Thread 40" [_thread_blocked, id=11184, stack(0x0000009e09900000,0x0000009e09a00000)]
  0x0000021e87e21800 JavaThread "jar transforms Thread 41" [_thread_blocked, id=12172, stack(0x0000009e09a00000,0x0000009e09b00000)]
  0x0000021e87e28000 JavaThread "jar transforms Thread 42" [_thread_blocked, id=6364, stack(0x0000009e09b00000,0x0000009e09c00000)]
  0x0000021e87e22000 JavaThread "jar transforms Thread 43" [_thread_blocked, id=880, stack(0x0000009e09c00000,0x0000009e09d00000)]
  0x0000021e87e2a800 JavaThread "jar transforms Thread 44" [_thread_blocked, id=6528, stack(0x0000009e09d00000,0x0000009e09e00000)]
  0x0000021e87e2c000 JavaThread "jar transforms Thread 45" [_thread_blocked, id=12876, stack(0x0000009e09e00000,0x0000009e09f00000)]
  0x0000021e87e2b000 JavaThread "jar transforms Thread 46" [_thread_blocked, id=13164, stack(0x0000009e09f00000,0x0000009e0a000000)]
  0x0000021e87e2c800 JavaThread "jar transforms Thread 47" [_thread_blocked, id=12244, stack(0x0000009e0a000000,0x0000009e0a100000)]
  0x0000021e87e2e800 JavaThread "jar transforms Thread 48" [_thread_blocked, id=7616, stack(0x0000009e0a100000,0x0000009e0a200000)]
  0x0000021e87e2d800 JavaThread "jar transforms Thread 49" [_thread_blocked, id=10028, stack(0x0000009e0a200000,0x0000009e0a300000)]
  0x0000021e87e28800 JavaThread "jar transforms Thread 50" [_thread_blocked, id=9424, stack(0x0000009e0a300000,0x0000009e0a400000)]
  0x0000021e87e2f000 JavaThread "jar transforms Thread 51" [_thread_blocked, id=12148, stack(0x0000009e0a400000,0x0000009e0a500000)]
  0x0000021e87e29800 JavaThread "jar transforms Thread 52" [_thread_blocked, id=7788, stack(0x0000009e0a500000,0x0000009e0a600000)]
  0x0000021e87e30000 JavaThread "jar transforms Thread 53" [_thread_blocked, id=8044, stack(0x0000009e0a600000,0x0000009e0a700000)]
  0x0000021e89d34000 JavaThread "jar transforms Thread 54" [_thread_blocked, id=1936, stack(0x0000009e0a700000,0x0000009e0a800000)]
  0x0000021e89d30800 JavaThread "jar transforms Thread 55" [_thread_blocked, id=1704, stack(0x0000009e0a800000,0x0000009e0a900000)]
  0x0000021e89d2f000 JavaThread "jar transforms Thread 56" [_thread_blocked, id=3680, stack(0x0000009e0a900000,0x0000009e0aa00000)]
  0x0000021e89d2e000 JavaThread "jar transforms Thread 57" [_thread_blocked, id=12660, stack(0x0000009e0aa00000,0x0000009e0ab00000)]
  0x0000021e89d33000 JavaThread "jar transforms Thread 58" [_thread_blocked, id=13284, stack(0x0000009e0ab00000,0x0000009e0ac00000)]
  0x0000021e89d30000 JavaThread "jar transforms Thread 59" [_thread_blocked, id=8344, stack(0x0000009e0ac00000,0x0000009e0ad00000)]
  0x0000021e89d34800 JavaThread "jar transforms Thread 60" [_thread_blocked, id=10480, stack(0x0000009e0ad00000,0x0000009e0ae00000)]
  0x0000021e89d32800 JavaThread "jar transforms Thread 61" [_thread_blocked, id=10528, stack(0x0000009e0ae00000,0x0000009e0af00000)]
  0x0000021e89d31800 JavaThread "jar transforms Thread 62" [_thread_blocked, id=1760, stack(0x0000009e0af00000,0x0000009e0b000000)]
  0x0000021e87be7800 JavaThread "jar transforms Thread 63" [_thread_blocked, id=8208, stack(0x0000009e0b000000,0x0000009e0b100000)]
  0x0000021e87be8800 JavaThread "jar transforms Thread 64" [_thread_blocked, id=7180, stack(0x0000009e0b100000,0x0000009e0b200000)]
  0x0000021e87beb000 JavaThread "jar transforms Thread 65" [_thread_blocked, id=1660, stack(0x0000009e0b200000,0x0000009e0b300000)]
  0x0000021e87be9000 JavaThread "jar transforms Thread 66" [_thread_blocked, id=3428, stack(0x0000009e0b300000,0x0000009e0b400000)]
  0x0000021e87bea000 JavaThread "jar transforms Thread 67" [_thread_blocked, id=11880, stack(0x0000009e0b400000,0x0000009e0b500000)]
  0x0000021e87beb800 JavaThread "jar transforms Thread 68" [_thread_blocked, id=4124, stack(0x0000009e0b500000,0x0000009e0b600000)]
  0x0000021e87bec800 JavaThread "jar transforms Thread 69" [_thread_blocked, id=11644, stack(0x0000009e0b600000,0x0000009e0b700000)]
  0x0000021e87be7000 JavaThread "jar transforms Thread 70" [_thread_blocked, id=6012, stack(0x0000009e0b700000,0x0000009e0b800000)]
  0x0000021e87bef000 JavaThread "jar transforms Thread 71" [_thread_blocked, id=11996, stack(0x0000009e0b800000,0x0000009e0b900000)]
  0x0000021e87bed800 JavaThread "jar transforms Thread 72" [_thread_blocked, id=7060, stack(0x0000009e0b900000,0x0000009e0ba00000)]
  0x0000021e87bef800 JavaThread "jar transforms Thread 73" [_thread_blocked, id=10008, stack(0x0000009e0ba00000,0x0000009e0bb00000)]
  0x0000021e87bee000 JavaThread "jar transforms Thread 74" [_thread_blocked, id=6264, stack(0x0000009e0bb00000,0x0000009e0bc00000)]
  0x0000021e87bf4000 JavaThread "jar transforms Thread 75" [_thread_blocked, id=2328, stack(0x0000009e0bc00000,0x0000009e0bd00000)]
  0x0000021e87bf1800 JavaThread "jar transforms Thread 76" [_thread_blocked, id=4196, stack(0x0000009e0bd00000,0x0000009e0be00000)]
  0x0000021e87bf2000 JavaThread "jar transforms Thread 77" [_thread_blocked, id=10632, stack(0x0000009e0be00000,0x0000009e0bf00000)]
  0x0000021e87bf0800 JavaThread "jar transforms Thread 78" [_thread_blocked, id=8964, stack(0x0000009e0bf00000,0x0000009e0c000000)]
  0x0000021e87bf3000 JavaThread "jar transforms Thread 79" [_thread_blocked, id=8736, stack(0x0000009e0c000000,0x0000009e0c100000)]
  0x0000021e87bf4800 JavaThread "jar transforms Thread 80" [_thread_blocked, id=8016, stack(0x0000009e0c100000,0x0000009e0c200000)]
  0x0000021e87bf5800 JavaThread "jar transforms Thread 81" [_thread_blocked, id=7732, stack(0x0000009e0c200000,0x0000009e0c300000)]
  0x0000021e8812c000 JavaThread "jar transforms Thread 82" [_thread_blocked, id=5904, stack(0x0000009e0c300000,0x0000009e0c400000)]
  0x0000021e8812f000 JavaThread "jar transforms Thread 83" [_thread_blocked, id=11232, stack(0x0000009e0c400000,0x0000009e0c500000)]
  0x0000021e8812e800 JavaThread "jar transforms Thread 84" [_thread_blocked, id=12324, stack(0x0000009e0c500000,0x0000009e0c600000)]
  0x0000021e8812d800 JavaThread "jar transforms Thread 85" [_thread_blocked, id=3696, stack(0x0000009e0c600000,0x0000009e0c700000)]
  0x0000021e88130000 JavaThread "jar transforms Thread 86" [_thread_blocked, id=12340, stack(0x0000009e0c700000,0x0000009e0c800000)]
  0x0000021e8812d000 JavaThread "jar transforms Thread 87" [_thread_blocked, id=2180, stack(0x0000009e0c800000,0x0000009e0c900000)]
  0x0000021e88131000 JavaThread "jar transforms Thread 88" [_thread_blocked, id=6024, stack(0x0000009e0c900000,0x0000009e0ca00000)]
  0x0000021e8812b000 JavaThread "jar transforms Thread 89" [_thread_blocked, id=1860, stack(0x0000009e0ca00000,0x0000009e0cb00000)]
  0x0000021e88131800 JavaThread "jar transforms Thread 90" [_thread_blocked, id=5048, stack(0x0000009e0cb00000,0x0000009e0cc00000)]
  0x0000021e88134000 JavaThread "jar transforms Thread 91" [_thread_blocked, id=4768, stack(0x0000009e0cc00000,0x0000009e0cd00000)]
  0x0000021e88133800 JavaThread "jar transforms Thread 92" [_thread_blocked, id=9268, stack(0x0000009e0cd00000,0x0000009e0ce00000)]
  0x0000021e88135000 JavaThread "jar transforms Thread 93" [_thread_blocked, id=1732, stack(0x0000009e0ce00000,0x0000009e0cf00000)]
  0x0000021e88136800 JavaThread "jar transforms Thread 94" [_thread_blocked, id=10744, stack(0x0000009e0cf00000,0x0000009e0d000000)]
  0x0000021e88132800 JavaThread "jar transforms Thread 95" [_thread_blocked, id=5884, stack(0x0000009e0d000000,0x0000009e0d100000)]
  0x0000021e8813a000 JavaThread "jar transforms Thread 96" [_thread_blocked, id=3172, stack(0x0000009e0d100000,0x0000009e0d200000)]
  0x0000021e88136000 JavaThread "jar transforms Thread 97" [_thread_blocked, id=10848, stack(0x0000009e0d200000,0x0000009e0d300000)]
  0x0000021e88137800 JavaThread "Memory manager" [_thread_blocked, id=1344, stack(0x0000009e04500000,0x0000009e04600000)]

Other Threads:
  0x0000021efede4800 VMThread "VM Thread" [stack: 0x0000009e04f00000,0x0000009e05000000] [id=9636]
  0x0000021eff7ca000 WatcherThread [stack: 0x0000009e05900000,0x0000009e05a00000] [id=6384]
  0x0000021eeb704000 GCTaskThread "GC Thread#0" [stack: 0x0000009e04a00000,0x0000009e04b00000] [id=10676]
  0x0000021effa5d800 GCTaskThread "GC Thread#1" [stack: 0x0000009e05a00000,0x0000009e05b00000] [id=10496]
  0x0000021eeb733800 ConcurrentGCThread "G1 Main Marker" [stack: 0x0000009e04b00000,0x0000009e04c00000] [id=8924]
  0x0000021eeb736000 ConcurrentGCThread "G1 Conc#0" [stack: 0x0000009e04c00000,0x0000009e04d00000] [id=6560]
  0x0000021eeb78a800 ConcurrentGCThread "G1 Refine#0" [stack: 0x0000009e04d00000,0x0000009e04e00000] [id=11976]
  0x0000021eeb78b800 ConcurrentGCThread "G1 Young RemSet Sampling" [stack: 0x0000009e04e00000,0x0000009e04f00000] [id=8524]

Threads with active compile tasks:
C2 CompilerThread0 105632 6555       4       org.gradle.internal.reflect.ClassInspector::inspectClass (179 bytes)

VM state:not at safepoint (normal execution)

VM Mutex/Monitor currently owned by a thread: None

Heap address: 0x0000000080000000, size: 2048 MB, Compressed Oops mode: 32-bit
Narrow klass base: 0x0000000000000000, Narrow klass shift: 3
Compressed class space size: 1073741824 Address: 0x0000000100000000

Heap:
 garbage-first heap   total 95232K, used 68783K [0x0000000080000000, 0x0000000100000000)
  region size 1024K, 19 young (19456K), 2 survivors (2048K)
 Metaspace       used 71920K, capacity 73517K, committed 73596K, reserved 1114112K
  class space    used 9409K, capacity 9968K, committed 9984K, reserved 1048576K
Heap Regions: E=young(eden), S=young(survivor), O=old, HS=humongous(starts), HC=humongous(continues), CS=collection set, F=free, A=archive, TAMS=top-at-mark-start (previous, next)
|   0|0x0000000080000000, 0x0000000080100000, 0x0000000080100000|100%| O|  |TAMS 0x0000000080100000, 0x0000000080000000| Untracked 
|   1|0x0000000080100000, 0x0000000080200000, 0x0000000080200000|100%| O|  |TAMS 0x0000000080200000, 0x0000000080100000| Untracked 
|   2|0x0000000080200000, 0x0000000080300000, 0x0000000080300000|100%| O|  |TAMS 0x0000000080300000, 0x0000000080200000| Untracked 
|   3|0x0000000080300000, 0x0000000080400000, 0x0000000080400000|100%| O|  |TAMS 0x0000000080400000, 0x0000000080300000| Untracked 
|   4|0x0000000080400000, 0x0000000080500000, 0x0000000080500000|100%|HS|  |TAMS 0x0000000080500000, 0x0000000080400000| Complete 
|   5|0x0000000080500000, 0x0000000080600000, 0x0000000080600000|100%|HC|  |TAMS 0x0000000080600000, 0x0000000080500000| Complete 
|   6|0x0000000080600000, 0x0000000080700000, 0x0000000080700000|100%|HC|  |TAMS 0x0000000080700000, 0x0000000080600000| Complete 
|   7|0x0000000080700000, 0x0000000080800000, 0x0000000080800000|100%| O|  |TAMS 0x0000000080800000, 0x0000000080700000| Untracked 
|   8|0x0000000080800000, 0x0000000080900000, 0x0000000080900000|100%| O|  |TAMS 0x0000000080900000, 0x0000000080800000| Untracked 
|   9|0x0000000080900000, 0x0000000080a00000, 0x0000000080a00000|100%| O|  |TAMS 0x0000000080a00000, 0x0000000080900000| Untracked 
|  10|0x0000000080a00000, 0x0000000080b00000, 0x0000000080b00000|100%| O|  |TAMS 0x0000000080b00000, 0x0000000080a00000| Untracked 
|  11|0x0000000080b00000, 0x0000000080c00000, 0x0000000080c00000|100%| O|  |TAMS 0x0000000080c00000, 0x0000000080b00000| Untracked 
|  12|0x0000000080c00000, 0x0000000080d00000, 0x0000000080d00000|100%| O|  |TAMS 0x0000000080d00000, 0x0000000080c00000| Untracked 
|  13|0x0000000080d00000, 0x0000000080e00000, 0x0000000080e00000|100%| O|  |TAMS 0x0000000080e00000, 0x0000000080d00000| Untracked 
|  14|0x0000000080e00000, 0x0000000080f00000, 0x0000000080f00000|100%| O|  |TAMS 0x0000000080f00000, 0x0000000080e00000| Untracked 
|  15|0x0000000080f00000, 0x0000000081000000, 0x0000000081000000|100%| O|  |TAMS 0x0000000081000000, 0x0000000080f00000| Untracked 
|  16|0x0000000081000000, 0x0000000081100000, 0x0000000081100000|100%| O|  |TAMS 0x0000000081100000, 0x0000000081000000| Untracked 
|  17|0x0000000081100000, 0x0000000081200000, 0x0000000081200000|100%| O|  |TAMS 0x0000000081200000, 0x0000000081100000| Untracked 
|  18|0x0000000081200000, 0x0000000081300000, 0x0000000081300000|100%| O|  |TAMS 0x0000000081300000, 0x0000000081200000| Untracked 
|  19|0x0000000081300000, 0x0000000081400000, 0x0000000081400000|100%|HS|  |TAMS 0x0000000081400000, 0x0000000081300000| Complete 
|  20|0x0000000081400000, 0x0000000081500000, 0x0000000081500000|100%| O|  |TAMS 0x0000000081500000, 0x0000000081400000| Untracked 
|  21|0x0000000081500000, 0x0000000081600000, 0x0000000081600000|100%| O|  |TAMS 0x0000000081600000, 0x0000000081500000| Untracked 
|  22|0x0000000081600000, 0x0000000081700000, 0x0000000081700000|100%| O|  |TAMS 0x0000000081700000, 0x0000000081600000| Untracked 
|  23|0x0000000081700000, 0x0000000081800000, 0x0000000081800000|100%| O|  |TAMS 0x0000000081800000, 0x0000000081700000| Untracked 
|  24|0x0000000081800000, 0x0000000081900000, 0x0000000081900000|100%| O|  |TAMS 0x0000000081900000, 0x0000000081800000| Untracked 
|  25|0x0000000081900000, 0x0000000081a00000, 0x0000000081a00000|100%|HS|  |TAMS 0x0000000081a00000, 0x0000000081900000| Complete 
|  26|0x0000000081a00000, 0x0000000081b00000, 0x0000000081b00000|100%|HC|  |TAMS 0x0000000081b00000, 0x0000000081a00000| Complete 
|  27|0x0000000081b00000, 0x0000000081c00000, 0x0000000081c00000|100%| O|  |TAMS 0x0000000081c00000, 0x0000000081b00000| Untracked 
|  28|0x0000000081c00000, 0x0000000081d00000, 0x0000000081d00000|100%| O|  |TAMS 0x0000000081d00000, 0x0000000081c00000| Untracked 
|  29|0x0000000081d00000, 0x0000000081e00000, 0x0000000081e00000|100%| O|  |TAMS 0x0000000081e00000, 0x0000000081d00000| Untracked 
|  30|0x0000000081e00000, 0x0000000081f00000, 0x0000000081f00000|100%| O|  |TAMS 0x0000000081f00000, 0x0000000081e00000| Untracked 
|  31|0x0000000081f00000, 0x0000000082000000, 0x0000000082000000|100%| O|  |TAMS 0x0000000082000000, 0x0000000081f00000| Untracked 
|  32|0x0000000082000000, 0x0000000082100000, 0x0000000082100000|100%| O|  |TAMS 0x0000000082100000, 0x0000000082000000| Untracked 
|  33|0x0000000082100000, 0x0000000082200000, 0x0000000082200000|100%| O|  |TAMS 0x0000000082200000, 0x0000000082100000| Untracked 
|  34|0x0000000082200000, 0x0000000082300000, 0x0000000082300000|100%| O|  |TAMS 0x0000000082300000, 0x0000000082200000| Untracked 
|  35|0x0000000082300000, 0x0000000082400000, 0x0000000082400000|100%| O|  |TAMS 0x0000000082400000, 0x0000000082300000| Untracked 
|  36|0x0000000082400000, 0x0000000082500000, 0x0000000082500000|100%| O|  |TAMS 0x0000000082500000, 0x0000000082400000| Untracked 
|  37|0x0000000082500000, 0x0000000082600000, 0x0000000082600000|100%| O|  |TAMS 0x0000000082600000, 0x0000000082500000| Untracked 
|  38|0x0000000082600000, 0x0000000082700000, 0x0000000082700000|100%| O|  |TAMS 0x0000000082700000, 0x0000000082600000| Untracked 
|  39|0x0000000082700000, 0x0000000082800000, 0x0000000082800000|100%| O|  |TAMS 0x0000000082800000, 0x0000000082700000| Untracked 
|  40|0x0000000082800000, 0x0000000082900000, 0x0000000082900000|100%| O|  |TAMS 0x0000000082900000, 0x0000000082800000| Untracked 
|  41|0x0000000082900000, 0x0000000082a00000, 0x0000000082a00000|100%| O|  |TAMS 0x0000000082a00000, 0x0000000082900000| Untracked 
|  42|0x0000000082a00000, 0x0000000082b00000, 0x0000000082b00000|100%| O|  |TAMS 0x0000000082b00000, 0x0000000082a00000| Untracked 
|  43|0x0000000082b00000, 0x0000000082c00000, 0x0000000082c00000|100%| O|  |TAMS 0x0000000082c00000, 0x0000000082b00000| Untracked 
|  44|0x0000000082c00000, 0x0000000082d00000, 0x0000000082d00000|100%| O|  |TAMS 0x0000000082d00000, 0x0000000082c00000| Untracked 
|  45|0x0000000082d00000, 0x0000000082e00000, 0x0000000082e00000|100%| O|  |TAMS 0x0000000082e00000, 0x0000000082d00000| Untracked 
|  46|0x0000000082e00000, 0x0000000082f00000, 0x0000000082f00000|100%| O|  |TAMS 0x0000000082f00000, 0x0000000082e00000| Untracked 
|  47|0x0000000082f00000, 0x0000000083000000, 0x0000000083000000|100%| O|  |TAMS 0x0000000083000000, 0x0000000082f00000| Untracked 
|  48|0x0000000083000000, 0x0000000083100000, 0x0000000083100000|100%| O|  |TAMS 0x0000000083100000, 0x0000000083000000| Untracked 
|  49|0x0000000083100000, 0x00000000831d3a00, 0x0000000083200000| 82%| O|  |TAMS 0x00000000831d3a00, 0x0000000083100000| Untracked 
|  50|0x0000000083200000, 0x0000000083200000, 0x0000000083300000|  0%| F|  |TAMS 0x0000000083200000, 0x0000000083200000| Untracked 
|  51|0x0000000083300000, 0x0000000083300000, 0x0000000083400000|  0%| F|  |TAMS 0x0000000083300000, 0x0000000083300000| Untracked 
|  52|0x0000000083400000, 0x0000000083400000, 0x0000000083500000|  0%| F|  |TAMS 0x0000000083400000, 0x0000000083400000| Untracked 
|  53|0x0000000083500000, 0x0000000083500000, 0x0000000083600000|  0%| F|  |TAMS 0x0000000083500000, 0x0000000083500000| Untracked 
|  54|0x0000000083600000, 0x0000000083600000, 0x0000000083700000|  0%| F|  |TAMS 0x0000000083600000, 0x0000000083600000| Untracked 
|  55|0x0000000083700000, 0x0000000083700000, 0x0000000083800000|  0%| F|  |TAMS 0x0000000083700000, 0x0000000083700000| Untracked 
|  56|0x0000000083800000, 0x0000000083800000, 0x0000000083900000|  0%| F|  |TAMS 0x0000000083800000, 0x0000000083800000| Untracked 
|  57|0x0000000083900000, 0x0000000083900000, 0x0000000083a00000|  0%| F|  |TAMS 0x0000000083900000, 0x0000000083900000| Untracked 
|  58|0x0000000083a00000, 0x0000000083a00000, 0x0000000083b00000|  0%| F|  |TAMS 0x0000000083a00000, 0x0000000083a00000| Untracked 
|  59|0x0000000083b00000, 0x0000000083b00000, 0x0000000083c00000|  0%| F|  |TAMS 0x0000000083b00000, 0x0000000083b00000| Untracked 
|  60|0x0000000083c00000, 0x0000000083c00000, 0x0000000083d00000|  0%| F|  |TAMS 0x0000000083c00000, 0x0000000083c00000| Untracked 
|  61|0x0000000083d00000, 0x0000000083d00000, 0x0000000083e00000|  0%| F|  |TAMS 0x0000000083d00000, 0x0000000083d00000| Untracked 
|  62|0x0000000083e00000, 0x0000000083e00000, 0x0000000083f00000|  0%| F|  |TAMS 0x0000000083e00000, 0x0000000083e00000| Untracked 
|  63|0x0000000083f00000, 0x0000000083f00000, 0x0000000084000000|  0%| F|  |TAMS 0x0000000083f00000, 0x0000000083f00000| Untracked 
|  64|0x0000000084000000, 0x00000000840584d0, 0x0000000084100000| 34%| S|CS|TAMS 0x0000000084000000, 0x0000000084000000| Complete 
|  65|0x0000000084100000, 0x0000000084200000, 0x0000000084200000|100%| S|CS|TAMS 0x0000000084100000, 0x0000000084100000| Complete 
|  66|0x0000000084200000, 0x0000000084200000, 0x0000000084300000|  0%| F|  |TAMS 0x0000000084200000, 0x0000000084200000| Untracked 
|  67|0x0000000084300000, 0x0000000084300000, 0x0000000084400000|  0%| F|  |TAMS 0x0000000084300000, 0x0000000084300000| Untracked 
|  68|0x0000000084400000, 0x0000000084400000, 0x0000000084500000|  0%| F|  |TAMS 0x0000000084400000, 0x0000000084400000| Untracked 
|  69|0x0000000084500000, 0x0000000084500000, 0x0000000084600000|  0%| F|  |TAMS 0x0000000084500000, 0x0000000084500000| Untracked 
|  70|0x0000000084600000, 0x0000000084600000, 0x0000000084700000|  0%| F|  |TAMS 0x0000000084600000, 0x0000000084600000| Untracked 
|  71|0x0000000084700000, 0x0000000084700000, 0x0000000084800000|  0%| F|  |TAMS 0x0000000084700000, 0x0000000084700000| Untracked 
|  72|0x0000000084800000, 0x0000000084800000, 0x0000000084900000|  0%| F|  |TAMS 0x0000000084800000, 0x0000000084800000| Untracked 
|  73|0x0000000084900000, 0x0000000084900000, 0x0000000084a00000|  0%| F|  |TAMS 0x0000000084900000, 0x0000000084900000| Untracked 
|  74|0x0000000084a00000, 0x0000000084a00000, 0x0000000084b00000|  0%| F|  |TAMS 0x0000000084a00000, 0x0000000084a00000| Untracked 
|  75|0x0000000084b00000, 0x0000000084b00000, 0x0000000084c00000|  0%| F|  |TAMS 0x0000000084b00000, 0x0000000084b00000| Untracked 
|  76|0x0000000084c00000, 0x0000000084cb7c00, 0x0000000084d00000| 71%| E|  |TAMS 0x0000000084c00000, 0x0000000084c00000| Complete 
|  77|0x0000000084d00000, 0x0000000084e00000, 0x0000000084e00000|100%| E|CS|TAMS 0x0000000084d00000, 0x0000000084d00000| Complete 
|  78|0x0000000084e00000, 0x0000000084f00000, 0x0000000084f00000|100%| E|CS|TAMS 0x0000000084e00000, 0x0000000084e00000| Complete 
|  79|0x0000000084f00000, 0x0000000085000000, 0x0000000085000000|100%| E|CS|TAMS 0x0000000084f00000, 0x0000000084f00000| Complete 
|  80|0x0000000085000000, 0x0000000085100000, 0x0000000085100000|100%| E|CS|TAMS 0x0000000085000000, 0x0000000085000000| Complete 
|  81|0x0000000085100000, 0x0000000085200000, 0x0000000085200000|100%| E|CS|TAMS 0x0000000085100000, 0x0000000085100000| Complete 
|  82|0x0000000085200000, 0x0000000085300000, 0x0000000085300000|100%| E|CS|TAMS 0x0000000085200000, 0x0000000085200000| Complete 
|  83|0x0000000085300000, 0x0000000085400000, 0x0000000085400000|100%| E|CS|TAMS 0x0000000085300000, 0x0000000085300000| Complete 
|  84|0x0000000085400000, 0x0000000085500000, 0x0000000085500000|100%| E|CS|TAMS 0x0000000085400000, 0x0000000085400000| Complete 
|  85|0x0000000085500000, 0x0000000085600000, 0x0000000085600000|100%| E|CS|TAMS 0x0000000085500000, 0x0000000085500000| Complete 
|  86|0x0000000085600000, 0x0000000085700000, 0x0000000085700000|100%| E|CS|TAMS 0x0000000085600000, 0x0000000085600000| Complete 
|  87|0x0000000085700000, 0x0000000085800000, 0x0000000085800000|100%| E|CS|TAMS 0x0000000085700000, 0x0000000085700000| Complete 
|  88|0x0000000085800000, 0x0000000085900000, 0x0000000085900000|100%| E|CS|TAMS 0x0000000085800000, 0x0000000085800000| Complete 
|  89|0x0000000085900000, 0x0000000085a00000, 0x0000000085a00000|100%| E|CS|TAMS 0x0000000085900000, 0x0000000085900000| Complete 
|  90|0x0000000085a00000, 0x0000000085b00000, 0x0000000085b00000|100%| E|CS|TAMS 0x0000000085a00000, 0x0000000085a00000| Complete 
|  91|0x0000000085b00000, 0x0000000085c00000, 0x0000000085c00000|100%| E|CS|TAMS 0x0000000085b00000, 0x0000000085b00000| Complete 
|  92|0x0000000085c00000, 0x0000000085d00000, 0x0000000085d00000|100%| E|CS|TAMS 0x0000000085c00000, 0x0000000085c00000| Complete 

Card table byte_map: [0x0000021efe460000,0x0000021efe860000] _byte_map_base: 0x0000021efe060000

Marking Bits (Prev, Next): (CMBitMap*) 0x0000021eeb72aca8, (CMBitMap*) 0x0000021eeb72ace0
 Prev Bits: [0x0000021e80000000, 0x0000021e82000000)
 Next Bits: [0x0000021e82000000, 0x0000021e84000000)

Polling page: 0x0000021ee9560000

Metaspace:

Usage:
  Non-class:     62.06 MB capacity,    61.05 MB ( 98%) used,   873.74 KB (  1%) free+waste,   161.81 KB ( <1%) overhead. 
      Class:      9.73 MB capacity,     9.19 MB ( 94%) used,   482.87 KB (  5%) free+waste,    75.00 KB ( <1%) overhead. 
       Both:     71.79 MB capacity,    70.24 MB ( 98%) used,     1.32 MB (  2%) free+waste,   236.81 KB ( <1%) overhead. 

Virtual space:
  Non-class space:       64.00 MB reserved,      62.12 MB ( 97%) committed 
      Class space:        1.00 GB reserved,       9.75 MB ( <1%) committed 
             Both:        1.06 GB reserved,      71.87 MB (  7%) committed 

Chunk freelists:
   Non-Class:  0 bytes
       Class:  16.00 KB
        Both:  16.00 KB

MaxMetaspaceSize: 17179869184.00 GB
CompressedClassSpaceSize: 1.00 GB

CodeHeap 'non-profiled nmethods': size=120064Kb used=3695Kb max_used=3695Kb free=116368Kb
 bounds [0x0000021ef6b20000, 0x0000021ef6ec0000, 0x0000021efe060000]
CodeHeap 'profiled nmethods': size=120000Kb used=14089Kb max_used=14089Kb free=105910Kb
 bounds [0x0000021eef5f0000, 0x0000021ef03c0000, 0x0000021ef6b20000]
CodeHeap 'non-nmethods': size=5696Kb used=2229Kb max_used=2268Kb free=3467Kb
 bounds [0x0000021eef060000, 0x0000021eef2d0000, 0x0000021eef5f0000]
 total_blobs=7236 nmethods=6413 adapters=735
 compilation: enabled
              stopped_count=0, restarted_count=0
 full_count=0

Compilation events (20 events):
Event: 104.843 Thread 0x0000021efee1b800 6598       2       java.lang.String::compareToIgnoreCase (11 bytes)
Event: 104.843 Thread 0x0000021efee1b800 nmethod 6598 0x0000021ef038d390 code [0x0000021ef038d540, 0x0000021ef038d668]
Event: 104.846 Thread 0x0000021efee1b800 6599       1       org.gradle.api.internal.tasks.properties.annotations.InputPropertyAnnotationHandler::isPropertyRelevant (2 bytes)
Event: 104.847 Thread 0x0000021efee1b800 nmethod 6599 0x0000021ef6eba490 code [0x0000021ef6eba640, 0x0000021ef6eba6f8]
Event: 104.848 Thread 0x0000021efee1b800 6600       1       org.gradle.api.internal.DefaultNamedDomainObjectCollection$AbstractDomainObjectCreatingProvider::wasElementRemovedBeforeRealized (5 bytes)
Event: 104.848 Thread 0x0000021efee1b800 nmethod 6600 0x0000021ef6eba790 code [0x0000021ef6eba940, 0x0000021ef6eba9f8]
Event: 104.851 Thread 0x0000021efee1b800 6601       3       org.gradle.internal.instantiation.generator.AsmBackedClassGenerator::getFactoryForNext (30 bytes)
Event: 104.852 Thread 0x0000021efee1b800 nmethod 6601 0x0000021ef038d710 code [0x0000021ef038d900, 0x0000021ef038dda8]
Event: 104.852 Thread 0x0000021efee1b800 6602       3       org.gradle.internal.instantiation.generator.ManagedObjectFactory::<init> (20 bytes)
Event: 104.852 Thread 0x0000021efee1b800 nmethod 6602 0x0000021ef038df10 code [0x0000021ef038e0c0, 0x0000021ef038e338]
Event: 104.914 Thread 0x0000021efee1b800 6603       3       org.gradle.internal.reflect.annotations.impl.DefaultTypeAnnotationMetadataStore$$Lambda$367/0x00000001005d7c40::test (12 bytes)
Event: 104.915 Thread 0x0000021efee1b800 nmethod 6603 0x0000021ef038e410 code [0x0000021ef038e5e0, 0x0000021ef038e868]
Event: 104.915 Thread 0x0000021efee1b800 6604       3       org.gradle.internal.reflect.annotations.impl.DefaultTypeAnnotationMetadataStore$PropertyAnnotationMetadataBuilder::inheritAnnotations (35 bytes)
Event: 104.916 Thread 0x0000021efee1b800 nmethod 6604 0x0000021ef038e990 code [0x0000021ef038ebc0, 0x0000021ef038f438]
Event: 104.917 Thread 0x0000021efee1b800 6605   !   3       java.util.Map::forEach (81 bytes)
Event: 104.918 Thread 0x0000021efee1b800 nmethod 6605 0x0000021ef038f710 code [0x0000021ef038f980, 0x0000021ef03903c8]
Event: 104.921 Thread 0x0000021efee1b800 6606       3       java.util.ArrayList::forEach (74 bytes)
Event: 104.922 Thread 0x0000021efee1b800 nmethod 6606 0x0000021ef0390790 code [0x0000021ef03909a0, 0x0000021ef0390f68]
Event: 104.925 Thread 0x0000021efee1b800 6607       3       org.gradle.api.internal.tasks.properties.annotations.PropertyAnnotationHandler::validatePropertyMetadata (1 bytes)
Event: 104.925 Thread 0x0000021efee1b800 nmethod 6607 0x0000021ef0391210 code [0x0000021ef03913c0, 0x0000021ef03914b8]

GC Heap History (20 events):
Event: 92.984 GC heap before
{Heap before GC invocations=43 (full 0):
 garbage-first heap   total 65536K, used 54382K [0x0000000080000000, 0x0000000100000000)
  region size 1024K, 7 young (7168K), 1 survivors (1024K)
 Metaspace       used 63669K, capacity 65107K, committed 65276K, reserved 1105920K
  class space    used 8250K, capacity 8750K, committed 8832K, reserved 1048576K
}
Event: 92.997 GC heap after
{Heap after GC invocations=44 (full 0):
 garbage-first heap   total 65536K, used 48610K [0x0000000080000000, 0x0000000100000000)
  region size 1024K, 1 young (1024K), 1 survivors (1024K)
 Metaspace       used 63669K, capacity 65107K, committed 65276K, reserved 1105920K
  class space    used 8250K, capacity 8750K, committed 8832K, reserved 1048576K
}
Event: 93.438 GC heap before
{Heap before GC invocations=44 (full 0):
 garbage-first heap   total 65536K, used 54754K [0x0000000080000000, 0x0000000100000000)
  region size 1024K, 7 young (7168K), 1 survivors (1024K)
 Metaspace       used 64280K, capacity 65724K, committed 65788K, reserved 1105920K
  class space    used 8323K, capacity 8826K, committed 8832K, reserved 1048576K
}
Event: 93.447 GC heap after
{Heap after GC invocations=45 (full 0):
 garbage-first heap   total 65536K, used 49084K [0x0000000080000000, 0x0000000100000000)
  region size 1024K, 1 young (1024K), 1 survivors (1024K)
 Metaspace       used 64280K, capacity 65724K, committed 65788K, reserved 1105920K
  class space    used 8323K, capacity 8826K, committed 8832K, reserved 1048576K
}
Event: 94.232 GC heap before
{Heap before GC invocations=46 (full 0):
 garbage-first heap   total 65536K, used 54204K [0x0000000080000000, 0x0000000100000000)
  region size 1024K, 6 young (6144K), 1 survivors (1024K)
 Metaspace       used 64635K, capacity 66056K, committed 66172K, reserved 1105920K
  class space    used 8368K, capacity 8893K, committed 8960K, reserved 1048576K
}
Event: 94.242 GC heap after
{Heap after GC invocations=47 (full 0):
 garbage-first heap   total 65536K, used 49385K [0x0000000080000000, 0x0000000100000000)
  region size 1024K, 1 young (1024K), 1 survivors (1024K)
 Metaspace       used 64635K, capacity 66056K, committed 66172K, reserved 1105920K
  class space    used 8368K, capacity 8893K, committed 8960K, reserved 1048576K
}
Event: 95.242 GC heap before
{Heap before GC invocations=47 (full 0):
 garbage-first heap   total 65536K, used 54505K [0x0000000080000000, 0x0000000100000000)
  region size 1024K, 6 young (6144K), 1 survivors (1024K)
 Metaspace       used 65170K, capacity 66723K, committed 66812K, reserved 1107968K
  class space    used 8445K, capacity 9004K, committed 9088K, reserved 1048576K
}
Event: 95.252 GC heap after
{Heap after GC invocations=48 (full 0):
 garbage-first heap   total 65536K, used 49881K [0x0000000080000000, 0x0000000100000000)
  region size 1024K, 1 young (1024K), 1 survivors (1024K)
 Metaspace       used 65170K, capacity 66723K, committed 66812K, reserved 1107968K
  class space    used 8445K, capacity 9004K, committed 9088K, reserved 1048576K
}
Event: 96.151 GC heap before
{Heap before GC invocations=49 (full 0):
 garbage-first heap   total 65536K, used 55001K [0x0000000080000000, 0x0000000100000000)
  region size 1024K, 6 young (6144K), 1 survivors (1024K)
 Metaspace       used 65633K, capacity 67158K, committed 67324K, reserved 1107968K
  class space    used 8527K, capacity 9083K, committed 9088K, reserved 1048576K
}
Event: 96.162 GC heap after
{Heap after GC invocations=50 (full 0):
 garbage-first heap   total 65536K, used 50294K [0x0000000080000000, 0x0000000100000000)
  region size 1024K, 1 young (1024K), 1 survivors (1024K)
 Metaspace       used 65633K, capacity 67158K, committed 67324K, reserved 1107968K
  class space    used 8527K, capacity 9083K, committed 9088K, reserved 1048576K
}
Event: 96.442 GC heap before
{Heap before GC invocations=50 (full 0):
 garbage-first heap   total 65536K, used 54390K [0x0000000080000000, 0x0000000100000000)
  region size 1024K, 5 young (5120K), 1 survivors (1024K)
 Metaspace       used 65970K, capacity 67485K, committed 67708K, reserved 1107968K
  class space    used 8574K, capacity 9127K, committed 9216K, reserved 1048576K
}
Event: 96.452 GC heap after
{Heap after GC invocations=51 (full 0):
 garbage-first heap   total 78848K, used 50414K [0x0000000080000000, 0x0000000100000000)
  region size 1024K, 1 young (1024K), 1 survivors (1024K)
 Metaspace       used 65970K, capacity 67485K, committed 67708K, reserved 1107968K
  class space    used 8574K, capacity 9127K, committed 9216K, reserved 1048576K
}
Event: 98.102 GC heap before
{Heap before GC invocations=52 (full 0):
 garbage-first heap   total 78848K, used 59630K [0x0000000080000000, 0x0000000100000000)
  region size 1024K, 10 young (10240K), 1 survivors (1024K)
 Metaspace       used 66751K, capacity 68344K, committed 68604K, reserved 1107968K
  class space    used 8696K, capacity 9264K, committed 9344K, reserved 1048576K
}
Event: 98.112 GC heap after
{Heap after GC invocations=53 (full 0):
 garbage-first heap   total 78848K, used 51051K [0x0000000080000000, 0x0000000100000000)
  region size 1024K, 2 young (2048K), 2 survivors (2048K)
 Metaspace       used 66751K, capacity 68344K, committed 68604K, reserved 1107968K
  class space    used 8696K, capacity 9264K, committed 9344K, reserved 1048576K
}
Event: 99.560 GC heap before
{Heap before GC invocations=53 (full 0):
 garbage-first heap   total 78848K, used 60267K [0x0000000080000000, 0x0000000100000000)
  region size 1024K, 11 young (11264K), 2 survivors (2048K)
 Metaspace       used 67876K, capacity 69438K, committed 69756K, reserved 1110016K
  class space    used 8853K, capacity 9394K, committed 9472K, reserved 1048576K
}
Event: 99.571 GC heap after
{Heap after GC invocations=54 (full 0):
 garbage-first heap   total 78848K, used 51397K [0x0000000080000000, 0x0000000100000000)
  region size 1024K, 2 young (2048K), 2 survivors (2048K)
 Metaspace       used 67876K, capacity 69438K, committed 69756K, reserved 1110016K
  class space    used 8853K, capacity 9394K, committed 9472K, reserved 1048576K
}
Event: 100.470 GC heap before
{Heap before GC invocations=55 (full 0):
 garbage-first heap   total 78848K, used 61637K [0x0000000080000000, 0x0000000100000000)
  region size 1024K, 12 young (12288K), 2 survivors (2048K)
 Metaspace       used 68800K, capacity 70461K, committed 70652K, reserved 1110016K
  class space    used 9025K, capacity 9600K, committed 9600K, reserved 1048576K
}
Event: 100.483 GC heap after
{Heap after GC invocations=56 (full 0):
 garbage-first heap   total 78848K, used 51726K [0x0000000080000000, 0x0000000100000000)
  region size 1024K, 2 young (2048K), 2 survivors (2048K)
 Metaspace       used 68800K, capacity 70461K, committed 70652K, reserved 1110016K
  class space    used 9025K, capacity 9600K, committed 9600K, reserved 1048576K
}
Event: 102.162 GC heap before
{Heap before GC invocations=56 (full 0):
 garbage-first heap   total 78848K, used 61966K [0x0000000080000000, 0x0000000100000000)
  region size 1024K, 12 young (12288K), 2 survivors (2048K)
 Metaspace       used 70773K, capacity 72354K, committed 72444K, reserved 1112064K
  class space    used 9260K, capacity 9820K, committed 9856K, reserved 1048576K
}
Event: 102.175 GC heap after
{Heap after GC invocations=57 (full 0):
 garbage-first heap   total 95232K, used 52399K [0x0000000080000000, 0x0000000100000000)
  region size 1024K, 2 young (2048K), 2 survivors (2048K)
 Metaspace       used 70773K, capacity 72354K, committed 72444K, reserved 1112064K
  class space    used 9260K, capacity 9820K, committed 9856K, reserved 1048576K
}

Deoptimization events (20 events):
Event: 101.189 Thread 0x0000021e86ddd000 DEOPT PACKING pc=0x0000021eeff40de5 sp=0x0000009e062f9880
Event: 101.189 Thread 0x0000021e86ddd000 DEOPT UNPACKING pc=0x0000021eef0867c0 sp=0x0000009e062f8d30 mode 0
Event: 101.189 Thread 0x0000021e86ddd000 DEOPT PACKING pc=0x0000021eeff40de5 sp=0x0000009e062f9880
Event: 101.189 Thread 0x0000021e86ddd000 DEOPT UNPACKING pc=0x0000021eef0867c0 sp=0x0000009e062f8d30 mode 0
Event: 101.189 Thread 0x0000021e86ddd000 DEOPT PACKING pc=0x0000021eeff40de5 sp=0x0000009e062f9880
Event: 101.190 Thread 0x0000021e86ddd000 DEOPT UNPACKING pc=0x0000021eef0867c0 sp=0x0000009e062f8d30 mode 0
Event: 101.190 Thread 0x0000021e86ddd000 DEOPT PACKING pc=0x0000021eeff40de5 sp=0x0000009e062f9880
Event: 101.190 Thread 0x0000021e86ddd000 DEOPT UNPACKING pc=0x0000021eef0867c0 sp=0x0000009e062f8d30 mode 0
Event: 101.190 Thread 0x0000021e86ddd000 DEOPT PACKING pc=0x0000021eeff40de5 sp=0x0000009e062f9880
Event: 101.190 Thread 0x0000021e86ddd000 DEOPT UNPACKING pc=0x0000021eef0867c0 sp=0x0000009e062f8d30 mode 0
Event: 101.190 Thread 0x0000021e86ddd000 DEOPT PACKING pc=0x0000021eeff40de5 sp=0x0000009e062f9880
Event: 101.190 Thread 0x0000021e86ddd000 DEOPT UNPACKING pc=0x0000021eef0867c0 sp=0x0000009e062f8d30 mode 0
Event: 102.715 Thread 0x0000021e86ddd000 Uncommon trap: trap_request=0xffffff4d fr.pc=0x0000021ef6cfc714 relative=0x0000000000000714
Event: 102.715 Thread 0x0000021e86ddd000 Uncommon trap: reason=unstable_if action=reinterpret pc=0x0000021ef6cfc714 method=java.util.HashMap.putVal(ILjava/lang/Object;Ljava/lang/Object;ZZ)Ljava/lang/Object; @ 109 c2
Event: 102.715 Thread 0x0000021e86ddd000 DEOPT PACKING pc=0x0000021ef6cfc714 sp=0x0000009e062f88c0
Event: 102.715 Thread 0x0000021e86ddd000 DEOPT UNPACKING pc=0x0000021eef0869aa sp=0x0000009e062f87d8 mode 2
Event: 102.716 Thread 0x0000021e86ddd000 Uncommon trap: trap_request=0xffffff4d fr.pc=0x0000021ef6cb239c relative=0x000000000000069c
Event: 102.716 Thread 0x0000021e86ddd000 Uncommon trap: reason=unstable_if action=reinterpret pc=0x0000021ef6cb239c method=java.util.HashMap.putVal(ILjava/lang/Object;Ljava/lang/Object;ZZ)Ljava/lang/Object; @ 109 c2
Event: 102.716 Thread 0x0000021e86ddd000 DEOPT PACKING pc=0x0000021ef6cb239c sp=0x0000009e062f8810
Event: 102.716 Thread 0x0000021e86ddd000 DEOPT UNPACKING pc=0x0000021eef0869aa sp=0x0000009e062f87c8 mode 2

Classes redefined (0 events):
No events

Internal exceptions (20 events):
Event: 87.786 Thread 0x0000021e86ddd000 Exception <a 'java/lang/ClassNotFoundException'{0x0000000083a0a5f8}: org/gradle/api/JavaVersionBeanInfo> (0x0000000083a0a5f8) thrown at [./src/hotspot/share/classfile/systemDictionary.cpp, line 231]
Event: 87.787 Thread 0x0000021e86ddd000 Exception <a 'java/lang/ClassNotFoundException'{0x0000000083a15ab0}: java/lang/EnumBeanInfo> (0x0000000083a15ab0) thrown at [./src/hotspot/share/classfile/systemDictionary.cpp, line 231]
Event: 87.788 Thread 0x0000021e86ddd000 Exception <a 'java/lang/ClassNotFoundException'{0x0000000083a20fd8}: java/lang/EnumCustomizer> (0x0000000083a20fd8) thrown at [./src/hotspot/share/classfile/systemDictionary.cpp, line 231]
Event: 87.791 Thread 0x0000021e86ddd000 Exception <a 'java/lang/ClassNotFoundException'{0x0000000083a4c648}: org/gradle/api/JavaVersionCustomizer> (0x0000000083a4c648) thrown at [./src/hotspot/share/classfile/systemDictionary.cpp, line 231]
Event: 87.801 Thread 0x0000021e86ddd000 Exception <a 'java/lang/ClassNotFoundException'{0x0000000083a9bd50}: com/android/build/gradle/internal/CompileOptions_DecoratedBeanInfo> (0x0000000083a9bd50) thrown at [./src/hotspot/share/classfile/systemDictionary.cpp, line 231]
Event: 87.802 Thread 0x0000021e86ddd000 Exception <a 'java/lang/ClassNotFoundException'{0x0000000083ab26c8}: com/android/build/gradle/internal/CompileOptionsBeanInfo> (0x0000000083ab26c8) thrown at [./src/hotspot/share/classfile/systemDictionary.cpp, line 231]
Event: 87.803 Thread 0x0000021e86ddd000 Exception <a 'java/lang/ClassNotFoundException'{0x0000000083ac93b0}: com/android/build/gradle/internal/CompileOptionsCustomizer> (0x0000000083ac93b0) thrown at [./src/hotspot/share/classfile/systemDictionary.cpp, line 231]
Event: 87.806 Thread 0x0000021e86ddd000 Exception <a 'java/lang/ClassNotFoundException'{0x0000000083aec9f8}: com/android/build/gradle/internal/CompileOptions_DecoratedCustomizer> (0x0000000083aec9f8) thrown at [./src/hotspot/share/classfile/systemDictionary.cpp, line 231]
Event: 94.149 Thread 0x0000021e86ddd000 Exception <a 'java/lang/ClassNotFoundException'{0x0000000083dfe368}: com/android/build/gradle/internal/api/ApkVariantOutputImpl_DecoratedBeanInfo> (0x0000000083dfe368) thrown at [./src/hotspot/share/classfile/systemDictionary.cpp, line 231]
Event: 94.151 Thread 0x0000021e86ddd000 Exception <a 'java/lang/ClassNotFoundException'{0x0000000083c14ab0}: com/android/build/gradle/internal/api/ApkVariantOutputImplBeanInfo> (0x0000000083c14ab0) thrown at [./src/hotspot/share/classfile/systemDictionary.cpp, line 231]
Event: 94.153 Thread 0x0000021e86ddd000 Exception <a 'java/lang/ClassNotFoundException'{0x0000000083c2b578}: com/android/build/gradle/internal/api/BaseVariantOutputImplBeanInfo> (0x0000000083c2b578) thrown at [./src/hotspot/share/classfile/systemDictionary.cpp, line 231]
Event: 94.154 Thread 0x0000021e86ddd000 Exception <a 'java/lang/ClassNotFoundException'{0x0000000083c42080}: com/android/build/gradle/internal/api/BaseVariantOutputImplCustomizer> (0x0000000083c42080) thrown at [./src/hotspot/share/classfile/systemDictionary.cpp, line 231]
Event: 94.157 Thread 0x0000021e86ddd000 Exception <a 'java/lang/ClassNotFoundException'{0x0000000083c6b4f0}: com/android/build/gradle/internal/api/ApkVariantOutputImplCustomizer> (0x0000000083c6b4f0) thrown at [./src/hotspot/share/classfile/systemDictionary.cpp, line 231]
Event: 94.160 Thread 0x0000021e86ddd000 Exception <a 'java/lang/ClassNotFoundException'{0x0000000083c906e0}: com/android/build/gradle/internal/api/ApkVariantOutputImpl_DecoratedCustomizer> (0x0000000083c906e0) thrown at [./src/hotspot/share/classfile/systemDictionary.cpp, line 231]
Event: 95.934 Thread 0x0000021e86ddd000 Exception <a 'java/lang/NoSuchMethodError'{0x0000000083c16450}: 'void java.lang.invoke.DirectMethodHandle$Holder.invokeStatic(java.lang.Object, java.lang.Object, java.lang.Object, java.lang.Object, java.lang.Object, java.lang.Object, java.lang.Object)'> (0x0000000083c16450) thrown at [./src/hotspot/share/interpreter/linkResolver.cpp, line 773]
Event: 97.913 Thread 0x0000021e86ddd000 Exception <a 'sun/nio/fs/WindowsException'{0x000000008442bfe8}> (0x000000008442bfe8) thrown at [./src/hotspot/share/prims/jni.cpp, line 615]
Event: 99.366 Thread 0x0000021e86ddd000 Exception <a 'java/lang/NullPointerException'{0x0000000084579a68}> (0x0000000084579a68) thrown at [./src/hotspot/share/interpreter/linkResolver.cpp, line 1440]
Event: 100.727 Thread 0x0000021e86ddd000 Exception <a 'java/lang/NoSuchMethodError'{0x0000000084aec830}: 'int java.lang.invoke.DirectMethodHandle$Holder.invokeStatic(java.lang.Object, java.lang.Object, int, java.lang.Object)'> (0x0000000084aec830) thrown at [./src/hotspot/share/interpreter/linkResolver.cpp, line 773]
Event: 100.729 Thread 0x0000021e86ddd000 Exception <a 'java/lang/NoSuchMethodError'{0x0000000084af36d8}: 'java.lang.Object java.lang.invoke.Invokers$Holder.linkToTargetMethod(java.lang.Object, int, java.lang.Object)'> (0x0000000084af36d8) thrown at [./src/hotspot/share/interpreter/linkResolver.cpp, line 773]
Event: 104.357 Thread 0x0000021e86ddd000 Exception <a 'java/lang/NoSuchMethodError'{0x000000008547f060}: 'java.lang.Object java.lang.invoke.Invokers$Holder.linkToTargetMethod(java.lang.Object, int, int, java.lang.Object)'> (0x000000008547f060) thrown at [./src/hotspot/share/interpreter/linkResolver.cpp, line 773]

Events (20 events):
Event: 104.731 loading class com/android/build/gradle/internal/profile/ProfileAwareWorkAction$Parameters
Event: 104.731 loading class com/android/build/gradle/internal/profile/ProfileAwareWorkAction$Parameters done
Event: 104.742 loading class com/google/common/collect/AbstractMapBasedMultimap$KeySet
Event: 104.742 loading class com/google/common/collect/AbstractMapBasedMultimap$KeySet done
Event: 104.808 loading class com/google/common/collect/Maps$KeySet
Event: 104.808 loading class com/google/common/collect/Maps$KeySet done
Event: 104.836 loading class com/google/common/collect/Sets$ImprovedAbstractSet
Event: 104.836 loading class com/google/common/collect/Sets$ImprovedAbstractSet done
Event: 104.838 loading class com/google/common/collect/AbstractMapBasedMultimap$KeySet$1
Event: 104.838 loading class com/google/common/collect/AbstractMapBasedMultimap$KeySet$1 done
Event: 104.850 loading class com/android/build/gradle/tasks/MergeSourceSetFolders$MergeShaderSourceFoldersCreationAction$configure$assetDirFunction$1
Event: 104.850 loading class com/android/build/gradle/tasks/MergeSourceSetFolders$MergeShaderSourceFoldersCreationAction$configure$assetDirFunction$1 done
Event: 104.853 loading class com/android/build/gradle/tasks/MergeSourceSetFolders$MergeShaderSourceFoldersCreationAction$configure$1
Event: 104.853 loading class com/android/build/gradle/tasks/MergeSourceSetFolders$MergeShaderSourceFoldersCreationAction$configure$1 done
Event: 104.856 loading class com/android/build/gradle/tasks/MergeSourceSetFolders$MergeShaderSourceFoldersCreationAction$configure$2
Event: 104.856 loading class com/android/build/gradle/tasks/MergeSourceSetFolders$MergeShaderSourceFoldersCreationAction$configure$2 done
Event: 104.928 loading class com/android/build/gradle/internal/tasks/MergeNativeLibsTask$Companion
Event: 104.928 loading class com/android/build/gradle/internal/tasks/MergeNativeLibsTask$Companion done
Event: 104.949 loading class com/android/build/gradle/internal/tasks/MergeNativeLibsTask$Companion$predicate$1
Event: 104.949 loading class com/android/build/gradle/internal/tasks/MergeNativeLibsTask$Companion$predicate$1 done


Dynamic libraries:
0x00007ff704020000 - 0x00007ff70402a000 	C:\Program Files\Android\Android Studio\jre\bin\java.exe
0x00007ffe3b620000 - 0x00007ffe3b801000 	C:\Windows\SYSTEM32\ntdll.dll
0x00007ffe38ab0000 - 0x00007ffe38b62000 	C:\Windows\System32\KERNEL32.DLL
0x00007ffe37cf0000 - 0x00007ffe37f63000 	C:\Windows\System32\KERNELBASE.dll
0x00007ffe37bf0000 - 0x00007ffe37cea000 	C:\Windows\System32\ucrtbase.dll
0x00007ffe31070000 - 0x00007ffe31089000 	C:\Program Files\Android\Android Studio\jre\bin\jli.dll
0x00007ffe2e340000 - 0x00007ffe2e357000 	C:\Program Files\Android\Android Studio\jre\bin\VCRUNTIME140.dll
0x00007ffe390d0000 - 0x00007ffe39260000 	C:\Windows\System32\USER32.dll
0x00007ffe37f70000 - 0x00007ffe37f90000 	C:\Windows\System32\win32u.dll
0x00007ffe2a990000 - 0x00007ffe2abf9000 	C:\Windows\WinSxS\amd64_microsoft.windows.common-controls_6595b64144ccf1df_6.0.17133.73_none_b4b127863cb5b9c7\COMCTL32.dll
0x00007ffe39650000 - 0x00007ffe39678000 	C:\Windows\System32\GDI32.dll
0x00007ffe39710000 - 0x00007ffe397ae000 	C:\Windows\System32\msvcrt.dll
0x00007ffe37a50000 - 0x00007ffe37be2000 	C:\Windows\System32\gdi32full.dll
0x00007ffe38090000 - 0x00007ffe3812f000 	C:\Windows\System32\msvcp_win.dll
0x00007ffe3aef0000 - 0x00007ffe3b213000 	C:\Windows\System32\combase.dll
0x00007ffe39320000 - 0x00007ffe39444000 	C:\Windows\System32\RPCRT4.dll
0x00007ffe38a30000 - 0x00007ffe38aaa000 	C:\Windows\System32\bcryptPrimitives.dll
0x00007ffe39680000 - 0x00007ffe396ad000 	C:\Windows\System32\IMM32.DLL
0x00007ffe0d360000 - 0x00007ffe0d3fd000 	C:\Program Files\Android\Android Studio\jre\bin\msvcp140.dll
0x00007ffe01ef0000 - 0x00007ffe029ac000 	C:\Program Files\Android\Android Studio\jre\bin\server\jvm.dll
0x00007ffe3b2c0000 - 0x00007ffe3b361000 	C:\Windows\System32\ADVAPI32.dll
0x00007ffe3b4d0000 - 0x00007ffe3b52b000 	C:\Windows\System32\sechost.dll
0x00007ffe38b80000 - 0x00007ffe38b88000 	C:\Windows\System32\PSAPI.DLL
0x00007ffe35bd0000 - 0x00007ffe35bf3000 	C:\Windows\SYSTEM32\WINMM.dll
0x00007ffe2a1a0000 - 0x00007ffe2a1aa000 	C:\Windows\SYSTEM32\VERSION.dll
0x00007ffe35ba0000 - 0x00007ffe35bca000 	C:\Windows\SYSTEM32\winmmbase.dll
0x00007ffe38040000 - 0x00007ffe38089000 	C:\Windows\System32\cfgmgr32.dll
0x00007ffe31620000 - 0x00007ffe31629000 	C:\Windows\SYSTEM32\WSOCK32.dll
0x00007ffe3b370000 - 0x00007ffe3b3dc000 	C:\Windows\System32\WS2_32.dll
0x00007ffe379d0000 - 0x00007ffe379e1000 	C:\Windows\System32\kernel.appcore.dll
0x00007ffe2e3c0000 - 0x00007ffe2e3d1000 	C:\Program Files\Android\Android Studio\jre\bin\verify.dll
0x00007ffe26510000 - 0x00007ffe266d9000 	C:\Windows\SYSTEM32\DBGHELP.DLL
0x00007ffe270c0000 - 0x00007ffe270e9000 	C:\Windows\SYSTEM32\dbgcore.DLL
0x00007ffe23a10000 - 0x00007ffe23a39000 	C:\Program Files\Android\Android Studio\jre\bin\java.dll
0x00007ffe30720000 - 0x00007ffe3072b000 	C:\Program Files\Android\Android Studio\jre\bin\jimage.dll
0x00007ffe2cd90000 - 0x00007ffe2cda8000 	C:\Program Files\Android\Android Studio\jre\bin\zip.dll
0x00007ffe397b0000 - 0x00007ffe3abf0000 	C:\Windows\System32\SHELL32.dll
0x00007ffe3b530000 - 0x00007ffe3b5d9000 	C:\Windows\System32\shcore.dll
0x00007ffe38320000 - 0x00007ffe38a2d000 	C:\Windows\System32\windows.storage.dll
0x00007ffe396b0000 - 0x00007ffe39701000 	C:\Windows\System32\shlwapi.dll
0x00007ffe37960000 - 0x00007ffe3797f000 	C:\Windows\System32\profapi.dll
0x00007ffe37980000 - 0x00007ffe379cc000 	C:\Windows\System32\powrprof.dll
0x00007ffe37950000 - 0x00007ffe3795a000 	C:\Windows\System32\FLTLIB.DLL
0x00007ffe238e0000 - 0x00007ffe238fa000 	C:\Program Files\Android\Android Studio\jre\bin\net.dll
0x00007ffe2e940000 - 0x00007ffe2ea1d000 	C:\Windows\SYSTEM32\WINHTTP.dll
0x00007ffe37150000 - 0x00007ffe371b6000 	C:\Windows\system32\mswsock.dll
0x00007ffe238c0000 - 0x00007ffe238d4000 	C:\Program Files\Android\Android Studio\jre\bin\nio.dll
0x00007ffe2da00000 - 0x00007ffe2da27000 	C:\Users\MISHECK\.gradle\native\fdc75f09e3144964f2cf3f50f0aa648679c211496f362492102eb8c894070792\windows-amd64\native-platform.dll
0x00007ffe09c30000 - 0x00007ffe09dc6000 	C:\Users\MISHECK\.gradle\native\12488b8bf47d2d4c9fbf2f6322a914ad602e24e48041cd04a747c6da556b65c4\windows-amd64\native-platform-file-events.dll
0x00007ffe2e3b0000 - 0x00007ffe2e3ba000 	C:\Program Files\Android\Android Studio\jre\bin\management.dll
0x00007ffe2e2e0000 - 0x00007ffe2e2ec000 	C:\Program Files\Android\Android Studio\jre\bin\management_ext.dll
0x00007ffe37300000 - 0x00007ffe37317000 	C:\Windows\SYSTEM32\CRYPTSP.dll
0x00007ffe36d30000 - 0x00007ffe36d63000 	C:\Windows\system32\rsaenh.dll
0x00007ffe37430000 - 0x00007ffe37455000 	C:\Windows\SYSTEM32\bcrypt.dll
0x00007ffe37830000 - 0x00007ffe37858000 	C:\Windows\SYSTEM32\USERENV.dll
0x00007ffe37320000 - 0x00007ffe3732b000 	C:\Windows\SYSTEM32\CRYPTBASE.dll
0x00007ffe36ed0000 - 0x00007ffe36f08000 	C:\Windows\SYSTEM32\IPHLPAPI.DLL
0x00007ffe38b70000 - 0x00007ffe38b78000 	C:\Windows\System32\NSI.dll
0x00007ffe2fdb0000 - 0x00007ffe2fdc6000 	C:\Windows\SYSTEM32\dhcpcsvc6.DLL
0x00007ffe2fd90000 - 0x00007ffe2fdaa000 	C:\Windows\SYSTEM32\dhcpcsvc.DLL
0x00007ffe30190000 - 0x00007ffe3019b000 	C:\Windows\SYSTEM32\WINNSI.DLL

dbghelp: loaded successfully - version: 4.0.5 - missing functions: none
symbol engine: initialized successfully - sym options: 0x614 - pdb path: .;C:\Program Files\Android\Android Studio\jre\bin;C:\Windows\SYSTEM32;C:\Windows\WinSxS\amd64_microsoft.windows.common-controls_6595b64144ccf1df_6.0.17133.73_none_b4b127863cb5b9c7;C:\Program Files\Android\Android Studio\jre\bin\server;C:\Users\MISHECK\.gradle\native\fdc75f09e3144964f2cf3f50f0aa648679c211496f362492102eb8c894070792\windows-amd64;C:\Users\MISHECK\.gradle\native\12488b8bf47d2d4c9fbf2f6322a914ad602e24e48041cd04a747c6da556b65c4\windows-amd64

VM Arguments:
jvm_args: --add-opens=java.base/java.util=ALL-UNNAMED --add-opens=java.base/java.lang=ALL-UNNAMED --add-opens=java.base/java.lang.invoke=ALL-UNNAMED --add-opens=java.prefs/java.util.prefs=ALL-UNNAMED -Xmx2048m -Dfile.encoding=UTF-8 -Duser.country=US -Duser.language=en -Duser.variant 
java_command: org.gradle.launcher.daemon.bootstrap.GradleDaemon 6.7.1
java_class_path (initial): C:\Users\MISHECK\.gradle\wrapper\dists\gradle-6.7.1-bin\bwlcbys1h7rz3272sye1xwiv6\gradle-6.7.1\lib\gradle-launcher-6.7.1.jar
Launcher Type: SUN_STANDARD

[Global flags]
     intx CICompilerCount                          = 2                                         {product} {ergonomic}
     uint ConcGCThreads                            = 1                                         {product} {ergonomic}
     uint G1ConcRefinementThreads                  = 2                                         {product} {ergonomic}
   size_t G1HeapRegionSize                         = 1048576                                   {product} {ergonomic}
    uintx GCDrainStackTargetSize                   = 64                                        {product} {ergonomic}
   size_t InitialHeapSize                          = 67108864                                  {product} {ergonomic}
   size_t MarkStackSize                            = 4194304                                   {product} {ergonomic}
   size_t MaxHeapSize                              = 2147483648                                {product} {command line}
   size_t MaxNewSize                               = 1287651328                                {product} {ergonomic}
   size_t MinHeapDeltaBytes                        = 1048576                                   {product} {ergonomic}
    uintx NonNMethodCodeHeapSize                   = 5825164                                {pd product} {ergonomic}
    uintx NonProfiledCodeHeapSize                  = 122916538                              {pd product} {ergonomic}
    uintx ProfiledCodeHeapSize                     = 122916538                              {pd product} {ergonomic}
    uintx ReservedCodeCacheSize                    = 251658240                              {pd product} {ergonomic}
     bool SegmentedCodeCache                       = true                                      {product} {ergonomic}
     bool UseCompressedClassPointers               = true                                 {lp64_product} {ergonomic}
     bool UseCompressedOops                        = true                                 {lp64_product} {ergonomic}
     bool UseG1GC                                  = true                                      {product} {ergonomic}
     bool UseLargePagesIndividualAllocation        = false                                  {pd product} {ergonomic}

Logging:
Log output configuration:
 #0: stdout all=warning uptime,level,tags
 #1: stderr all=off uptime,level,tags

Environment Variables:
JAVA_HOME=C:\Program Files\Java\jdk1.8.0_191
PATH=C:\Program Files (x86)\Common Files\Oracle\Java\javapath;C:\Windows\system32;C:\Windows;C:\Windows\System32\Wbem;C:\Windows\System32\WindowsPowerShell\v1.0\;C:\Windows\System32\OpenSSH\;C:\Program Files (x86)\Git\cmd;C:\Program Files\nodejs\;C:\Program Files\Java\jdk1.8.0_191\bin;C:\Users\MISHECK\AppData\Roaming\npm;C:\Exercism;C:\Users\MISHECK\AppData\Local\Programs\Python\Python39;C:\Users\MISHECK\AppData\Local\Programs\Microsoft VS Code\bin;C:\Program Files\CodeBlocks\MinGW\bin;
USERNAME=MISHECK
OS=Windows_NT
PROCESSOR_IDENTIFIER=Intel64 Family 6 Model 55 Stepping 8, GenuineIntel



---------------  S Y S T E M  ---------------

OS: Windows 10 , 64 bit Build 17133 (10.0.17133.73)
OS uptime: 2 days 9:44 hours

CPU:total 2 (initial active 2) (2 cores per cpu, 1 threads per core) family 6 model 55 stepping 8, cmov, cx8, fxsr, mmx, sse, sse2, sse3, ssse3, sse4.1, sse4.2, popcnt, clmul, erms, 3dnowpref, tsc, tscinvbit

Memory: 4k page, system-wide physical 3987M (307M free)
TotalPageFile size 5381M (AvailPageFile size 5M)
current process WorkingSet (physical memory assigned to process): 282M, peak: 282M
current process commit charge ("private bytes"): 314M, peak: 316M

vm_info: OpenJDK 64-Bit Server VM (11.0.8+10-b944.6842174) for windows-amd64 JRE (11.0.8+10-b944.6842174), built on Sep 19 2020 01:11:42 by "builder" with MS VC++ 14.0 (VS2015)

END.
