#
# There is insufficient memory for the Java Runtime Environment to continue.
# Native memory allocation (malloc) failed to allocate 1593696 bytes for Chunk::new
# Possible reasons:
#   The system is out of physical RAM or swap space
#   The process is running with CompressedOops enabled, and the Java Heap may be blocking the growth of the native heap
# Possible solutions:
#   Reduce memory load on the system
#   Increase physical memory or swap space
#   Check if swap backing store is full
#   Decrease Java heap size (-Xmx/-Xms)
#   Decrease number of Java threads
#   Decrease Java thread stack sizes (-Xss)
#   Set larger code cache with -XX:ReservedCodeCacheSize=
#   JVM is running with Unscaled Compressed Oops mode in which the Java heap is
#     placed in the first 4GB address space. The Java Heap base address is the
#     maximum limit for the native heap growth. Please use -XX:HeapBaseMinAddress
#     to set the Java Heap base and to place the Java Heap above 4GB virtual address.
# This output file may be truncated or incomplete.
#
#  Out of Memory Error (./src/hotspot/share/memory/arena.cpp:197), pid=10192, tid=2332
#
# JRE version: OpenJDK Runtime Environment (11.0.8+10) (build 11.0.8+10-b944.6842174)
# Java VM: OpenJDK 64-Bit Server VM (11.0.8+10-b944.6842174, mixed mode, tiered, compressed oops, g1 gc, windows-amd64)
# No core dump will be written. Minidumps are not enabled by default on client versions of Windows
#

---------------  S U M M A R Y ------------

Command Line: --add-opens=java.base/java.util=ALL-UNNAMED --add-opens=java.base/java.lang=ALL-UNNAMED --add-opens=java.base/java.lang.invoke=ALL-UNNAMED --add-opens=java.prefs/java.util.prefs=ALL-UNNAMED -Xmx2048m -Dfile.encoding=UTF-8 -Duser.country=US -Duser.language=en -Duser.variant org.gradle.launcher.daemon.bootstrap.GradleDaemon 6.7.1

Host: Intel(R) Celeron(R) CPU  N2840  @ 2.16GHz, 2 cores, 3G,  Windows 10 , 64 bit Build 17133 (10.0.17133.73)
Time: Mon Jun 28 15:34:39 2021 Pacific Daylight Time elapsed time: 824 seconds (0d 0h 13m 44s)

---------------  T H R E A D  ---------------

Current thread (0x00000149997c3800):  JavaThread "C2 CompilerThread0" daemon [_thread_in_native, id=2332, stack(0x0000002d81c00000,0x0000002d81d00000)]


Current CompileTask:
C2: 824541 20853 %     4       com.android.tools.r8.dex.n::a @ 315 (913 bytes)

Stack: [0x0000002d81c00000,0x0000002d81d00000]
Native frames: (J=compiled Java code, j=interpreted, Vv=VM code, C=native code)
V  [jvm.dll+0x5de50a]
V  [jvm.dll+0x7122f5]
V  [jvm.dll+0x71384d]
V  [jvm.dll+0x713f03]
V  [jvm.dll+0x23e728]
V  [jvm.dll+0xb899c]
V  [jvm.dll+0xb8e9c]
V  [jvm.dll+0x2b20e4]
V  [jvm.dll+0x502098]
V  [jvm.dll+0x1ff393]
V  [jvm.dll+0x1f917c]
V  [jvm.dll+0x1f685f]
V  [jvm.dll+0x17f32c]
V  [jvm.dll+0x205047]
V  [jvm.dll+0x203891]
V  [jvm.dll+0x6dad3f]
V  [jvm.dll+0x6d3895]
V  [jvm.dll+0x5dd4a6]
C  [ucrtbase.dll+0x1c1ae]
C  [KERNEL32.DLL+0x13034]
C  [ntdll.dll+0x71551]


---------------  P R O C E S S  ---------------

Threads class SMR info:
_java_thread_list=0x000001499f5b4530, length=46, elements={
0x00000149fd8fd800, 0x0000014998f38800, 0x0000014998f42000, 0x00000149997c0800,
0x00000149997c1800, 0x00000149997c3800, 0x00000149997c8000, 0x00000149997cd000,
0x0000014999909000, 0x0000014999911800, 0x000001499b2b8800, 0x000001499b4b9800,
0x000001499a814800, 0x000001499a7fa000, 0x000001499a7fe000, 0x000001499a7f9000,
0x000001499c191000, 0x000001499c192000, 0x000001499bcbc000, 0x000001499c18d000,
0x000001499c193800, 0x000001499c18e000, 0x000001499c18e800, 0x000001499c18f800,
0x000001499c195000, 0x000001499c196000, 0x000001499c190000, 0x000001499c19b000,
0x000001499c19b800, 0x000001499c198800, 0x000001499c196800, 0x000001499c197800,
0x00000149a1c3b000, 0x00000149a1c3e800, 0x00000149a1c3f800, 0x00000149a1c39800,
0x00000149a1c3d000, 0x00000149a1c46000, 0x00000149a1c45000, 0x00000149a1c40000,
0x00000149a1c42800, 0x00000149a1c46800, 0x00000149a1c3a800, 0x00000149a1c3c000,
0x00000149a1c38000, 0x00000149a1c39000
}

Java Threads: ( => current thread )
  0x00000149fd8fd800 JavaThread "main" [_thread_blocked, id=4408, stack(0x0000002d81100000,0x0000002d81200000)]
  0x0000014998f38800 JavaThread "Reference Handler" daemon [_thread_blocked, id=17304, stack(0x0000002d81800000,0x0000002d81900000)]
  0x0000014998f42000 JavaThread "Finalizer" daemon [_thread_blocked, id=7208, stack(0x0000002d81900000,0x0000002d81a00000)]
  0x00000149997c0800 JavaThread "Signal Dispatcher" daemon [_thread_blocked, id=9368, stack(0x0000002d81a00000,0x0000002d81b00000)]
  0x00000149997c1800 JavaThread "Attach Listener" daemon [_thread_blocked, id=1256, stack(0x0000002d81b00000,0x0000002d81c00000)]
=>0x00000149997c3800 JavaThread "C2 CompilerThread0" daemon [_thread_in_native, id=2332, stack(0x0000002d81c00000,0x0000002d81d00000)]
  0x00000149997c8000 JavaThread "C1 CompilerThread0" daemon [_thread_blocked, id=4752, stack(0x0000002d81d00000,0x0000002d81e00000)]
  0x00000149997cd000 JavaThread "Sweeper thread" daemon [_thread_blocked, id=5160, stack(0x0000002d81e00000,0x0000002d81f00000)]
  0x0000014999909000 JavaThread "Common-Cleaner" daemon [_thread_blocked, id=6816, stack(0x0000002d81f00000,0x0000002d82000000)]
  0x0000014999911800 JavaThread "Service Thread" daemon [_thread_blocked, id=12092, stack(0x0000002d82000000,0x0000002d82100000)]
  0x000001499b2b8800 JavaThread "Daemon health stats" [_thread_blocked, id=7472, stack(0x0000002d82300000,0x0000002d82400000)]
  0x000001499b4b9800 JavaThread "Incoming local TCP Connector on port 64885" [_thread_in_native, id=11992, stack(0x0000002d82500000,0x0000002d82600000)]
  0x000001499a814800 JavaThread "Daemon periodic checks" [_thread_blocked, id=13488, stack(0x0000002d82600000,0x0000002d82700000)]
  0x000001499a7fa000 JavaThread "Cache worker for file hash cache (C:\Users\MISHECK\.gradle\caches\6.7.1\fileHashes)" [_thread_blocked, id=16436, stack(0x0000002d82e00000,0x0000002d82f00000)]
  0x000001499a7fe000 JavaThread "File lock request listener" [_thread_in_native, id=9784, stack(0x0000002d82f00000,0x0000002d83000000)]
  0x000001499a7f9000 JavaThread "Cache worker for journal cache (C:\Users\MISHECK\.gradle\caches\journal-1)" [_thread_blocked, id=2036, stack(0x0000002d83000000,0x0000002d83100000)]
  0x000001499c191000 JavaThread "Cache worker for execution history cache (C:\Users\MISHECK\.gradle\caches\6.7.1\executionHistory)" [_thread_blocked, id=13280, stack(0x0000002d84a00000,0x0000002d84b00000)]
  0x000001499c192000 JavaThread "Cache worker for file content cache (C:\Users\MISHECK\.gradle\caches\6.7.1\fileContent)" [_thread_blocked, id=8520, stack(0x0000002d84b00000,0x0000002d84c00000)]
  0x000001499bcbc000 JavaThread "Memory manager" [_thread_blocked, id=11364, stack(0x0000002d80e00000,0x0000002d80f00000)]
  0x000001499c18d000 JavaThread "Daemon Thread 2" [_thread_blocked, id=10760, stack(0x0000002d80f00000,0x0000002d81000000)]
  0x000001499c193800 JavaThread "Handler for socket connection from /127.0.0.1:64885 to /127.0.0.1:53146" [_thread_in_native, id=8952, stack(0x0000002d82700000,0x0000002d82800000)]
  0x000001499c18e000 JavaThread "Cancel handler" [_thread_blocked, id=13240, stack(0x0000002d82800000,0x0000002d82900000)]
  0x000001499c18e800 JavaThread "Daemon worker Thread 2" [_thread_blocked, id=15356, stack(0x0000002d82900000,0x0000002d82a00000)]
  0x000001499c18f800 JavaThread "Asynchronous log dispatcher for DefaultDaemonConnection: socket connection from /127.0.0.1:64885 to /127.0.0.1:53146" [_thread_blocked, id=1760, stack(0x0000002d82a00000,0x0000002d82b00000)]
  0x000001499c195000 JavaThread "Thread-126" [_thread_blocked, id=7608, stack(0x0000002d82c00000,0x0000002d82d00000)]
  0x000001499c196000 JavaThread "Cache worker for file hash cache (C:\Users\MISHECK\AndroidStudioProjects\ChildSafetyApp\.gradle\6.7.1\fileHashes)" [_thread_blocked, id=6084, stack(0x0000002d82d00000,0x0000002d82e00000)]
  0x000001499c190000 JavaThread "Cache worker for checksums cache (C:\Users\MISHECK\AndroidStudioProjects\ChildSafetyApp\.gradle\checksums)" [_thread_blocked, id=13304, stack(0x0000002d83100000,0x0000002d83200000)]
  0x000001499c19b000 JavaThread "Cache worker for cache directory md-supplier (C:\Users\MISHECK\.gradle\caches\6.7.1\md-supplier)" [_thread_blocked, id=8656, stack(0x0000002d83200000,0x0000002d83300000)]
  0x000001499c19b800 JavaThread "Cache worker for cache directory md-rule (C:\Users\MISHECK\.gradle\caches\6.7.1\md-rule)" [_thread_blocked, id=6556, stack(0x0000002d83300000,0x0000002d83400000)]
  0x000001499c198800 JavaThread "Cache worker for Build Output Cleanup Cache (C:\Users\MISHECK\AndroidStudioProjects\ChildSafetyApp\.gradle\buildOutputCleanup)" [_thread_blocked, id=5452, stack(0x0000002d83400000,0x0000002d83500000)]
  0x000001499c196800 JavaThread "Build operations" [_thread_blocked, id=5092, stack(0x0000002d83500000,0x0000002d83600000)]
  0x000001499c197800 JavaThread "Build operations Thread 2" [_thread_blocked, id=16160, stack(0x0000002d83600000,0x0000002d83700000)]
  0x00000149a1c3b000 JavaThread "build event listener" [_thread_blocked, id=712, stack(0x0000002d89a00000,0x0000002d89b00000)]
  0x00000149a1c3e800 JavaThread "build event listener" [_thread_blocked, id=1184, stack(0x0000002d89b00000,0x0000002d89c00000)]
  0x00000149a1c3f800 JavaThread "Execution worker for ':'" [_thread_blocked, id=12168, stack(0x0000002d89c00000,0x0000002d89d00000)]
  0x00000149a1c39800 JavaThread "Cache worker for execution history cache (C:\Users\MISHECK\AndroidStudioProjects\ChildSafetyApp\.gradle\6.7.1\executionHistory)" [_thread_blocked, id=13268, stack(0x0000002d89d00000,0x0000002d89e00000)]
  0x00000149a1c3d000 JavaThread "WorkerExecutor Queue" [_thread_blocked, id=4524, stack(0x0000002d89e00000,0x0000002d89f00000)]
  0x00000149a1c46000 JavaThread "WorkerExecutor Queue Thread 2" [_thread_blocked, id=9228, stack(0x0000002d89f00000,0x0000002d8a000000)]
  0x00000149a1c45000 JavaThread "Java2D Disposer" daemon [_thread_blocked, id=13884, stack(0x0000002d8a200000,0x0000002d8a300000)]
  0x00000149a1c40000 JavaThread "pool-7-thread-1" [_thread_blocked, id=15032, stack(0x0000002d8a300000,0x0000002d8a400000)]
  0x00000149a1c42800 JavaThread "stderr" [_thread_in_native, id=5820, stack(0x0000002d8a400000,0x0000002d8a500000)]
  0x00000149a1c46800 JavaThread "stdout" [_thread_in_native, id=15300, stack(0x0000002d8a500000,0x0000002d8a600000)]
  0x00000149a1c3a800 JavaThread "Cache worker for Java compile cache (C:\Users\MISHECK\.gradle\caches\6.7.1\javaCompile)" [_thread_blocked, id=4420, stack(0x0000002d82b00000,0x0000002d82c00000)]
  0x00000149a1c3c000 JavaThread "Cache worker for Java compile cache (C:\Users\MISHECK\AndroidStudioProjects\ChildSafetyApp\.gradle\6.7.1\javaCompile)" [_thread_blocked, id=2028, stack(0x0000002d83700000,0x0000002d83800000)]
  0x00000149a1c38000 JavaThread "ForkJoinPool-3-worker-3" daemon [_thread_in_Java, id=7452, stack(0x0000002d83900000,0x0000002d83a00000)]
  0x00000149a1c39000 JavaThread "ForkJoinPool-3-worker-1" daemon [_thread_blocked, id=13580, stack(0x0000002d83a00000,0x0000002d83b00000)]

Other Threads:
  0x0000014998f36800 VMThread "VM Thread" [stack: 0x0000002d81700000,0x0000002d81800000] [id=6528]
  0x0000014999943000 WatcherThread [stack: 0x0000002d82100000,0x0000002d82200000] [id=16456]
  0x00000149fd915000 GCTaskThread "GC Thread#0" [stack: 0x0000002d81200000,0x0000002d81300000] [id=13780]
  0x0000014999b53000 GCTaskThread "GC Thread#1" [stack: 0x0000002d82200000,0x0000002d82300000] [id=14756]
  0x00000149fd944800 ConcurrentGCThread "G1 Main Marker" [stack: 0x0000002d81300000,0x0000002d81400000] [id=220]
  0x00000149fd947000 ConcurrentGCThread "G1 Conc#0" [stack: 0x0000002d81400000,0x0000002d81500000] [id=7964]
  0x00000149fd997800 ConcurrentGCThread "G1 Refine#0" [stack: 0x0000002d81500000,0x0000002d81600000] [id=10808]
  0x00000149fd998800 ConcurrentGCThread "G1 Young RemSet Sampling" [stack: 0x0000002d81600000,0x0000002d81700000] [id=10596]

Threads with active compile tasks:
C2 CompilerThread0 824683 20853 %     4       com.android.tools.r8.dex.n::a @ 315 (913 bytes)

VM state:not at safepoint (normal execution)

VM Mutex/Monitor currently owned by a thread: None

Heap address: 0x0000000080000000, size: 2048 MB, Compressed Oops mode: 32-bit
Narrow klass base: 0x0000000000000000, Narrow klass shift: 3
Compressed class space size: 1073741824 Address: 0x0000000100000000

Heap:
 garbage-first heap   total 354304K, used 190464K [0x0000000080000000, 0x0000000100000000)
  region size 1024K, 12 young (12288K), 2 survivors (2048K)
 Metaspace       used 142527K, capacity 146060K, committed 146376K, reserved 1177600K
  class space    used 17396K, capacity 18616K, committed 18712K, reserved 1048576K
Heap Regions: E=young(eden), S=young(survivor), O=old, HS=humongous(starts), HC=humongous(continues), CS=collection set, F=free, A=archive, TAMS=top-at-mark-start (previous, next)
|   0|0x0000000080000000, 0x0000000080100000, 0x0000000080100000|100%| O|  |TAMS 0x0000000080100000, 0x0000000080000000| Untracked 
|   1|0x0000000080100000, 0x0000000080200000, 0x0000000080200000|100%| O|  |TAMS 0x0000000080200000, 0x0000000080100000| Untracked 
|   2|0x0000000080200000, 0x0000000080300000, 0x0000000080300000|100%| O|  |TAMS 0x0000000080300000, 0x0000000080200000| Untracked 
|   3|0x0000000080300000, 0x0000000080400000, 0x0000000080400000|100%| O|  |TAMS 0x0000000080400000, 0x0000000080300000| Untracked 
|   4|0x0000000080400000, 0x0000000080500000, 0x0000000080500000|100%|HS|  |TAMS 0x0000000080500000, 0x0000000080400000| Complete 
|   5|0x0000000080500000, 0x0000000080600000, 0x0000000080600000|100%|HC|  |TAMS 0x0000000080600000, 0x0000000080500000| Complete 
|   6|0x0000000080600000, 0x0000000080700000, 0x0000000080700000|100%|HC|  |TAMS 0x0000000080700000, 0x0000000080600000| Complete 
|   7|0x0000000080700000, 0x0000000080800000, 0x0000000080800000|100%| O|  |TAMS 0x0000000080800000, 0x0000000080700000| Untracked 
|   8|0x0000000080800000, 0x0000000080900000, 0x0000000080900000|100%| O|  |TAMS 0x0000000080900000, 0x0000000080800000| Untracked 
|   9|0x0000000080900000, 0x0000000080a00000, 0x0000000080a00000|100%| O|  |TAMS 0x0000000080a00000, 0x0000000080900000| Untracked 
|  10|0x0000000080a00000, 0x0000000080b00000, 0x0000000080b00000|100%| O|  |TAMS 0x0000000080b00000, 0x0000000080a00000| Untracked 
|  11|0x0000000080b00000, 0x0000000080c00000, 0x0000000080c00000|100%| O|  |TAMS 0x0000000080c00000, 0x0000000080b00000| Untracked 
|  12|0x0000000080c00000, 0x0000000080d00000, 0x0000000080d00000|100%| O|  |TAMS 0x0000000080d00000, 0x0000000080c00000| Untracked 
|  13|0x0000000080d00000, 0x0000000080e00000, 0x0000000080e00000|100%| O|  |TAMS 0x0000000080e00000, 0x0000000080d00000| Untracked 
|  14|0x0000000080e00000, 0x0000000080f00000, 0x0000000080f00000|100%| O|  |TAMS 0x0000000080f00000, 0x0000000080e00000| Untracked 
|  15|0x0000000080f00000, 0x0000000081000000, 0x0000000081000000|100%| O|  |TAMS 0x0000000081000000, 0x0000000080f00000| Untracked 
|  16|0x0000000081000000, 0x0000000081100000, 0x0000000081100000|100%| O|  |TAMS 0x0000000081100000, 0x0000000081000000| Untracked 
|  17|0x0000000081100000, 0x0000000081200000, 0x0000000081200000|100%|HS|  |TAMS 0x0000000081200000, 0x0000000081100000| Complete 
|  18|0x0000000081200000, 0x0000000081300000, 0x0000000081300000|100%|HC|  |TAMS 0x0000000081300000, 0x0000000081200000| Complete 
|  19|0x0000000081300000, 0x0000000081400000, 0x0000000081400000|100%|HS|  |TAMS 0x0000000081400000, 0x0000000081300000| Complete 
|  20|0x0000000081400000, 0x0000000081500000, 0x0000000081500000|100%|HC|  |TAMS 0x0000000081500000, 0x0000000081400000| Complete 
|  21|0x0000000081500000, 0x0000000081600000, 0x0000000081600000|100%|HC|  |TAMS 0x0000000081600000, 0x0000000081500000| Complete 
|  22|0x0000000081600000, 0x0000000081700000, 0x0000000081700000|100%|HS|  |TAMS 0x0000000081700000, 0x0000000081600000| Complete 
|  23|0x0000000081700000, 0x0000000081800000, 0x0000000081800000|100%|HC|  |TAMS 0x0000000081800000, 0x0000000081700000| Complete 
|  24|0x0000000081800000, 0x0000000081900000, 0x0000000081900000|100%|HC|  |TAMS 0x0000000081900000, 0x0000000081800000| Complete 
|  25|0x0000000081900000, 0x0000000081a00000, 0x0000000081a00000|100%|HC|  |TAMS 0x0000000081a00000, 0x0000000081900000| Complete 
|  26|0x0000000081a00000, 0x0000000081b00000, 0x0000000081b00000|100%| O|  |TAMS 0x0000000081b00000, 0x0000000081a00000| Untracked 
|  27|0x0000000081b00000, 0x0000000081c00000, 0x0000000081c00000|100%| O|  |TAMS 0x0000000081b00000, 0x0000000081b00000| Untracked 
|  28|0x0000000081c00000, 0x0000000081d00000, 0x0000000081d00000|100%| O|  |TAMS 0x0000000081d00000, 0x0000000081c00000| Untracked 
|  29|0x0000000081d00000, 0x0000000081e00000, 0x0000000081e00000|100%| O|  |TAMS 0x0000000081e00000, 0x0000000081d00000| Untracked 
|  30|0x0000000081e00000, 0x0000000081f00000, 0x0000000081f00000|100%| O|  |TAMS 0x0000000081f00000, 0x0000000081e00000| Untracked 
|  31|0x0000000081f00000, 0x0000000082000000, 0x0000000082000000|100%| O|  |TAMS 0x0000000082000000, 0x0000000081f00000| Untracked 
|  32|0x0000000082000000, 0x0000000082100000, 0x0000000082100000|100%| O|  |TAMS 0x0000000082100000, 0x0000000082000000| Untracked 
|  33|0x0000000082100000, 0x0000000082200000, 0x0000000082200000|100%| O|  |TAMS 0x0000000082200000, 0x0000000082100000| Untracked 
|  34|0x0000000082200000, 0x0000000082300000, 0x0000000082300000|100%| O|  |TAMS 0x0000000082300000, 0x0000000082200000| Untracked 
|  35|0x0000000082300000, 0x0000000082400000, 0x0000000082400000|100%| O|  |TAMS 0x0000000082400000, 0x0000000082300000| Untracked 
|  36|0x0000000082400000, 0x0000000082500000, 0x0000000082500000|100%|HS|  |TAMS 0x0000000082500000, 0x0000000082400000| Complete 
|  37|0x0000000082500000, 0x0000000082600000, 0x0000000082600000|100%|HC|  |TAMS 0x0000000082600000, 0x0000000082500000| Complete 
|  38|0x0000000082600000, 0x0000000082700000, 0x0000000082700000|100%|HC|  |TAMS 0x0000000082700000, 0x0000000082600000| Complete 
|  39|0x0000000082700000, 0x0000000082800000, 0x0000000082800000|100%|HC|  |TAMS 0x0000000082800000, 0x0000000082700000| Complete 
|  40|0x0000000082800000, 0x0000000082900000, 0x0000000082900000|100%|HS|  |TAMS 0x0000000082900000, 0x0000000082800000| Complete 
|  41|0x0000000082900000, 0x0000000082a00000, 0x0000000082a00000|100%|HC|  |TAMS 0x0000000082a00000, 0x0000000082900000| Complete 
|  42|0x0000000082a00000, 0x0000000082b00000, 0x0000000082b00000|100%|HC|  |TAMS 0x0000000082b00000, 0x0000000082a00000| Complete 
|  43|0x0000000082b00000, 0x0000000082c00000, 0x0000000082c00000|100%| O|  |TAMS 0x0000000082c00000, 0x0000000082b00000| Untracked 
|  44|0x0000000082c00000, 0x0000000082d00000, 0x0000000082d00000|100%| O|  |TAMS 0x0000000082d00000, 0x0000000082c00000| Untracked 
|  45|0x0000000082d00000, 0x0000000082e00000, 0x0000000082e00000|100%| O|  |TAMS 0x0000000082e00000, 0x0000000082d00000| Untracked 
|  46|0x0000000082e00000, 0x0000000082f00000, 0x0000000082f00000|100%| O|  |TAMS 0x0000000082f00000, 0x0000000082e00000| Untracked 
|  47|0x0000000082f00000, 0x0000000083000000, 0x0000000083000000|100%| O|  |TAMS 0x0000000083000000, 0x0000000082f00000| Untracked 
|  48|0x0000000083000000, 0x0000000083100000, 0x0000000083100000|100%| O|  |TAMS 0x0000000083100000, 0x0000000083000000| Untracked 
|  49|0x0000000083100000, 0x0000000083200000, 0x0000000083200000|100%| O|  |TAMS 0x0000000083200000, 0x0000000083100000| Untracked 
|  50|0x0000000083200000, 0x0000000083300000, 0x0000000083300000|100%| O|  |TAMS 0x0000000083300000, 0x0000000083200000| Untracked 
|  51|0x0000000083300000, 0x0000000083400000, 0x0000000083400000|100%|HS|  |TAMS 0x0000000083400000, 0x0000000083300000| Complete 
|  52|0x0000000083400000, 0x0000000083500000, 0x0000000083500000|100%| O|  |TAMS 0x0000000083500000, 0x0000000083400000| Untracked 
|  53|0x0000000083500000, 0x0000000083600000, 0x0000000083600000|100%| O|  |TAMS 0x0000000083500000, 0x0000000083500000| Untracked 
|  54|0x0000000083600000, 0x0000000083700000, 0x0000000083700000|100%|HS|  |TAMS 0x0000000083700000, 0x0000000083600000| Complete 
|  55|0x0000000083700000, 0x0000000083800000, 0x0000000083800000|100%|HC|  |TAMS 0x0000000083800000, 0x0000000083700000| Complete 
|  56|0x0000000083800000, 0x0000000083900000, 0x0000000083900000|100%| O|  |TAMS 0x0000000083900000, 0x0000000083800000| Untracked 
|  57|0x0000000083900000, 0x0000000083a00000, 0x0000000083a00000|100%| O|  |TAMS 0x0000000083a00000, 0x0000000083900000| Untracked 
|  58|0x0000000083a00000, 0x0000000083b00000, 0x0000000083b00000|100%| O|  |TAMS 0x0000000083b00000, 0x0000000083a00000| Untracked 
|  59|0x0000000083b00000, 0x0000000083c00000, 0x0000000083c00000|100%| O|  |TAMS 0x0000000083c00000, 0x0000000083b00000| Untracked 
|  60|0x0000000083c00000, 0x0000000083d00000, 0x0000000083d00000|100%| O|  |TAMS 0x0000000083d00000, 0x0000000083c00000| Untracked 
|  61|0x0000000083d00000, 0x0000000083e00000, 0x0000000083e00000|100%| O|  |TAMS 0x0000000083e00000, 0x0000000083d00000| Untracked 
|  62|0x0000000083e00000, 0x0000000083f00000, 0x0000000083f00000|100%| O|  |TAMS 0x0000000083f00000, 0x0000000083e00000| Untracked 
|  63|0x0000000083f00000, 0x0000000084000000, 0x0000000084000000|100%| O|  |TAMS 0x0000000084000000, 0x0000000083f00000| Untracked 
|  64|0x0000000084000000, 0x0000000084100000, 0x0000000084100000|100%| O|  |TAMS 0x0000000084100000, 0x0000000084000000| Untracked 
|  65|0x0000000084100000, 0x0000000084200000, 0x0000000084200000|100%| O|  |TAMS 0x0000000084200000, 0x0000000084100000| Untracked 
|  66|0x0000000084200000, 0x0000000084300000, 0x0000000084300000|100%| O|  |TAMS 0x0000000084300000, 0x0000000084200000| Untracked 
|  67|0x0000000084300000, 0x0000000084400000, 0x0000000084400000|100%| O|  |TAMS 0x0000000084400000, 0x0000000084300000| Untracked 
|  68|0x0000000084400000, 0x0000000084500000, 0x0000000084500000|100%| O|  |TAMS 0x0000000084500000, 0x0000000084400000| Untracked 
|  69|0x0000000084500000, 0x0000000084600000, 0x0000000084600000|100%| O|  |TAMS 0x0000000084600000, 0x0000000084500000| Untracked 
|  70|0x0000000084600000, 0x0000000084700000, 0x0000000084700000|100%| O|  |TAMS 0x0000000084700000, 0x0000000084600000| Untracked 
|  71|0x0000000084700000, 0x0000000084800000, 0x0000000084800000|100%| O|  |TAMS 0x0000000084800000, 0x0000000084700000| Untracked 
|  72|0x0000000084800000, 0x0000000084900000, 0x0000000084900000|100%| O|  |TAMS 0x0000000084900000, 0x0000000084800000| Untracked 
|  73|0x0000000084900000, 0x0000000084a00000, 0x0000000084a00000|100%| O|  |TAMS 0x0000000084a00000, 0x0000000084900000| Untracked 
|  74|0x0000000084a00000, 0x0000000084b00000, 0x0000000084b00000|100%| O|  |TAMS 0x0000000084a00000, 0x0000000084a00000| Untracked 
|  75|0x0000000084b00000, 0x0000000084c00000, 0x0000000084c00000|100%| O|  |TAMS 0x0000000084c00000, 0x0000000084b00000| Untracked 
|  76|0x0000000084c00000, 0x0000000084d00000, 0x0000000084d00000|100%| O|  |TAMS 0x0000000084d00000, 0x0000000084c00000| Untracked 
|  77|0x0000000084d00000, 0x0000000084e00000, 0x0000000084e00000|100%| O|  |TAMS 0x0000000084e00000, 0x0000000084d00000| Untracked 
|  78|0x0000000084e00000, 0x0000000084f00000, 0x0000000084f00000|100%| O|  |TAMS 0x0000000084f00000, 0x0000000084e00000| Untracked 
|  79|0x0000000084f00000, 0x0000000085000000, 0x0000000085000000|100%| O|  |TAMS 0x0000000085000000, 0x0000000084f00000| Untracked 
|  80|0x0000000085000000, 0x0000000085100000, 0x0000000085100000|100%| O|  |TAMS 0x0000000085100000, 0x0000000085000000| Untracked 
|  81|0x0000000085100000, 0x0000000085200000, 0x0000000085200000|100%| O|  |TAMS 0x0000000085200000, 0x0000000085100000| Untracked 
|  82|0x0000000085200000, 0x0000000085300000, 0x0000000085300000|100%| O|  |TAMS 0x0000000085300000, 0x0000000085200000| Untracked 
|  83|0x0000000085300000, 0x0000000085400000, 0x0000000085400000|100%| O|  |TAMS 0x0000000085400000, 0x0000000085300000| Untracked 
|  84|0x0000000085400000, 0x0000000085500000, 0x0000000085500000|100%| O|  |TAMS 0x0000000085500000, 0x0000000085400000| Untracked 
|  85|0x0000000085500000, 0x0000000085600000, 0x0000000085600000|100%| O|  |TAMS 0x0000000085600000, 0x0000000085500000| Untracked 
|  86|0x0000000085600000, 0x0000000085700000, 0x0000000085700000|100%| O|  |TAMS 0x0000000085700000, 0x0000000085600000| Untracked 
|  87|0x0000000085700000, 0x0000000085800000, 0x0000000085800000|100%| O|  |TAMS 0x0000000085800000, 0x0000000085700000| Untracked 
|  88|0x0000000085800000, 0x0000000085900000, 0x0000000085900000|100%| O|  |TAMS 0x0000000085900000, 0x0000000085800000| Untracked 
|  89|0x0000000085900000, 0x0000000085a00000, 0x0000000085a00000|100%| O|  |TAMS 0x0000000085900000, 0x0000000085900000| Untracked 
|  90|0x0000000085a00000, 0x0000000085b00000, 0x0000000085b00000|100%| O|  |TAMS 0x0000000085b00000, 0x0000000085a00000| Untracked 
|  91|0x0000000085b00000, 0x0000000085c00000, 0x0000000085c00000|100%| O|  |TAMS 0x0000000085c00000, 0x0000000085b00000| Untracked 
|  92|0x0000000085c00000, 0x0000000085d00000, 0x0000000085d00000|100%| O|  |TAMS 0x0000000085c00000, 0x0000000085c00000| Untracked 
|  93|0x0000000085d00000, 0x0000000085e00000, 0x0000000085e00000|100%| O|  |TAMS 0x0000000085e00000, 0x0000000085d00000| Untracked 
|  94|0x0000000085e00000, 0x0000000085f00000, 0x0000000085f00000|100%| O|  |TAMS 0x0000000085f00000, 0x0000000085e00000| Untracked 
|  95|0x0000000085f00000, 0x0000000086000000, 0x0000000086000000|100%| O|  |TAMS 0x0000000086000000, 0x0000000085f00000| Untracked 
|  96|0x0000000086000000, 0x0000000086100000, 0x0000000086100000|100%| O|  |TAMS 0x0000000086100000, 0x0000000086000000| Untracked 
|  97|0x0000000086100000, 0x0000000086200000, 0x0000000086200000|100%| O|  |TAMS 0x0000000086200000, 0x0000000086100000| Untracked 
|  98|0x0000000086200000, 0x0000000086300000, 0x0000000086300000|100%| O|  |TAMS 0x0000000086300000, 0x0000000086200000| Untracked 
|  99|0x0000000086300000, 0x0000000086400000, 0x0000000086400000|100%| O|  |TAMS 0x0000000086300000, 0x0000000086300000| Untracked 
| 100|0x0000000086400000, 0x0000000086500000, 0x0000000086500000|100%| O|  |TAMS 0x0000000086500000, 0x0000000086400000| Untracked 
| 101|0x0000000086500000, 0x0000000086600000, 0x0000000086600000|100%| O|  |TAMS 0x0000000086600000, 0x0000000086500000| Untracked 
| 102|0x0000000086600000, 0x0000000086700000, 0x0000000086700000|100%| O|  |TAMS 0x0000000086600000, 0x0000000086600000| Untracked 
| 103|0x0000000086700000, 0x0000000086800000, 0x0000000086800000|100%|HS|  |TAMS 0x0000000086700000, 0x0000000086700000| Complete 
| 104|0x0000000086800000, 0x0000000086900000, 0x0000000086900000|100%|HS|  |TAMS 0x0000000086800000, 0x0000000086800000| Complete 
| 105|0x0000000086900000, 0x0000000086a00000, 0x0000000086a00000|100%| O|  |TAMS 0x0000000086a00000, 0x0000000086900000| Untracked 
| 106|0x0000000086a00000, 0x0000000086b00000, 0x0000000086b00000|100%| O|  |TAMS 0x0000000086b00000, 0x0000000086a00000| Untracked 
| 107|0x0000000086b00000, 0x0000000086c00000, 0x0000000086c00000|100%| O|  |TAMS 0x0000000086b00000, 0x0000000086b00000| Untracked 
| 108|0x0000000086c00000, 0x0000000086d00000, 0x0000000086d00000|100%| O|  |TAMS 0x0000000086c00000, 0x0000000086c00000| Untracked 
| 109|0x0000000086d00000, 0x0000000086e00000, 0x0000000086e00000|100%| O|  |TAMS 0x0000000086d00000, 0x0000000086d00000| Untracked 
| 110|0x0000000086e00000, 0x0000000086f00000, 0x0000000086f00000|100%|HS|  |TAMS 0x0000000086e00000, 0x0000000086e00000| Complete 
| 111|0x0000000086f00000, 0x0000000086f00000, 0x0000000087000000|  0%| F|  |TAMS 0x0000000086f00000, 0x0000000086f00000| Untracked 
| 112|0x0000000087000000, 0x0000000087100000, 0x0000000087100000|100%| O|  |TAMS 0x0000000087000000, 0x0000000087000000| Untracked 
| 113|0x0000000087100000, 0x0000000087100000, 0x0000000087200000|  0%| F|  |TAMS 0x0000000087100000, 0x0000000087100000| Untracked 
| 114|0x0000000087200000, 0x0000000087300000, 0x0000000087300000|100%| O|  |TAMS 0x0000000087200000, 0x0000000087200000| Untracked 
| 115|0x0000000087300000, 0x0000000087400000, 0x0000000087400000|100%| O|  |TAMS 0x0000000087300000, 0x0000000087300000| Untracked 
| 116|0x0000000087400000, 0x0000000087500000, 0x0000000087500000|100%| O|  |TAMS 0x0000000087500000, 0x0000000087400000| Untracked 
| 117|0x0000000087500000, 0x0000000087600000, 0x0000000087600000|100%| O|  |TAMS 0x0000000087500000, 0x0000000087500000| Untracked 
| 118|0x0000000087600000, 0x0000000087700000, 0x0000000087700000|100%| O|  |TAMS 0x0000000087700000, 0x0000000087600000| Untracked 
| 119|0x0000000087700000, 0x0000000087800000, 0x0000000087800000|100%| O|  |TAMS 0x0000000087800000, 0x0000000087700000| Untracked 
| 120|0x0000000087800000, 0x0000000087900000, 0x0000000087900000|100%| O|  |TAMS 0x0000000087900000, 0x0000000087800000| Untracked 
| 121|0x0000000087900000, 0x0000000087a00000, 0x0000000087a00000|100%| O|  |TAMS 0x0000000087a00000, 0x0000000087900000| Untracked 
| 122|0x0000000087a00000, 0x0000000087b00000, 0x0000000087b00000|100%| O|  |TAMS 0x0000000087b00000, 0x0000000087a00000| Untracked 
| 123|0x0000000087b00000, 0x0000000087b00000, 0x0000000087c00000|  0%| F|  |TAMS 0x0000000087b00000, 0x0000000087b00000| Untracked 
| 124|0x0000000087c00000, 0x0000000087d00000, 0x0000000087d00000|100%| O|  |TAMS 0x0000000087c00000, 0x0000000087c00000| Untracked 
| 125|0x0000000087d00000, 0x0000000087d00000, 0x0000000087e00000|  0%| F|  |TAMS 0x0000000087d00000, 0x0000000087d00000| Untracked 
| 126|0x0000000087e00000, 0x0000000087f00000, 0x0000000087f00000|100%| O|  |TAMS 0x0000000087e00000, 0x0000000087e00000| Untracked 
| 127|0x0000000087f00000, 0x0000000088000000, 0x0000000088000000|100%| O|  |TAMS 0x0000000087f00000, 0x0000000087f00000| Untracked 
| 128|0x0000000088000000, 0x0000000088100000, 0x0000000088100000|100%| O|  |TAMS 0x0000000088000000, 0x0000000088000000| Untracked 
| 129|0x0000000088100000, 0x0000000088200000, 0x0000000088200000|100%| O|  |TAMS 0x0000000088200000, 0x0000000088100000| Untracked 
| 130|0x0000000088200000, 0x0000000088300000, 0x0000000088300000|100%| O|  |TAMS 0x0000000088300000, 0x0000000088200000| Untracked 
| 131|0x0000000088300000, 0x0000000088400000, 0x0000000088400000|100%| O|  |TAMS 0x0000000088400000, 0x0000000088300000| Untracked 
| 132|0x0000000088400000, 0x0000000088400000, 0x0000000088500000|  0%| F|  |TAMS 0x0000000088400000, 0x0000000088400000| Untracked 
| 133|0x0000000088500000, 0x0000000088600000, 0x0000000088600000|100%| O|  |TAMS 0x0000000088500000, 0x0000000088500000| Untracked 
| 134|0x0000000088600000, 0x0000000088700000, 0x0000000088700000|100%| O|  |TAMS 0x0000000088600000, 0x0000000088600000| Untracked 
| 135|0x0000000088700000, 0x0000000088800000, 0x0000000088800000|100%| O|  |TAMS 0x0000000088800000, 0x0000000088700000| Untracked 
| 136|0x0000000088800000, 0x0000000088800000, 0x0000000088900000|  0%| F|  |TAMS 0x0000000088800000, 0x0000000088800000| Untracked 
| 137|0x0000000088900000, 0x0000000088900000, 0x0000000088a00000|  0%| F|  |TAMS 0x0000000088900000, 0x0000000088900000| Untracked 
| 138|0x0000000088a00000, 0x0000000088b00000, 0x0000000088b00000|100%| O|  |TAMS 0x0000000088b00000, 0x0000000088a00000| Untracked 
| 139|0x0000000088b00000, 0x0000000088b00000, 0x0000000088c00000|  0%| F|  |TAMS 0x0000000088b00000, 0x0000000088b00000| Untracked 
| 140|0x0000000088c00000, 0x0000000088d00000, 0x0000000088d00000|100%| O|  |TAMS 0x0000000088c00000, 0x0000000088c00000| Untracked 
| 141|0x0000000088d00000, 0x0000000088d00000, 0x0000000088e00000|  0%| F|  |TAMS 0x0000000088d00000, 0x0000000088d00000| Untracked 
| 142|0x0000000088e00000, 0x0000000088f00000, 0x0000000088f00000|100%| O|  |TAMS 0x0000000088f00000, 0x0000000088e00000| Untracked 
| 143|0x0000000088f00000, 0x0000000089000000, 0x0000000089000000|100%| O|  |TAMS 0x0000000089000000, 0x0000000088f00000| Untracked 
| 144|0x0000000089000000, 0x0000000089100000, 0x0000000089100000|100%| O|  |TAMS 0x0000000089100000, 0x0000000089000000| Untracked 
| 145|0x0000000089100000, 0x0000000089200000, 0x0000000089200000|100%| O|  |TAMS 0x0000000089200000, 0x0000000089100000| Untracked 
| 146|0x0000000089200000, 0x0000000089200000, 0x0000000089300000|  0%| F|  |TAMS 0x0000000089200000, 0x0000000089200000| Untracked 
| 147|0x0000000089300000, 0x0000000089400000, 0x0000000089400000|100%| O|  |TAMS 0x0000000089400000, 0x0000000089300000| Untracked 
| 148|0x0000000089400000, 0x0000000089500000, 0x0000000089500000|100%| O|  |TAMS 0x0000000089500000, 0x0000000089400000| Untracked 
| 149|0x0000000089500000, 0x0000000089500000, 0x0000000089600000|  0%| F|  |TAMS 0x0000000089500000, 0x0000000089500000| Untracked 
| 150|0x0000000089600000, 0x0000000089600000, 0x0000000089700000|  0%| F|  |TAMS 0x0000000089600000, 0x0000000089600000| Untracked 
| 151|0x0000000089700000, 0x0000000089700000, 0x0000000089800000|  0%| F|  |TAMS 0x0000000089700000, 0x0000000089700000| Untracked 
| 152|0x0000000089800000, 0x0000000089800000, 0x0000000089900000|  0%| F|  |TAMS 0x0000000089800000, 0x0000000089800000| Untracked 
| 153|0x0000000089900000, 0x0000000089900000, 0x0000000089a00000|  0%| F|  |TAMS 0x0000000089900000, 0x0000000089900000| Untracked 
| 154|0x0000000089a00000, 0x0000000089a00000, 0x0000000089b00000|  0%| F|  |TAMS 0x0000000089a00000, 0x0000000089a00000| Untracked 
| 155|0x0000000089b00000, 0x0000000089c00000, 0x0000000089c00000|100%| O|  |TAMS 0x0000000089c00000, 0x0000000089b00000| Untracked 
| 156|0x0000000089c00000, 0x0000000089d00000, 0x0000000089d00000|100%| O|  |TAMS 0x0000000089d00000, 0x0000000089c00000| Untracked 
| 157|0x0000000089d00000, 0x0000000089e00000, 0x0000000089e00000|100%| O|  |TAMS 0x0000000089e00000, 0x0000000089d00000| Untracked 
| 158|0x0000000089e00000, 0x0000000089f00000, 0x0000000089f00000|100%| O|  |TAMS 0x0000000089f00000, 0x0000000089e00000| Untracked 
| 159|0x0000000089f00000, 0x000000008a000000, 0x000000008a000000|100%| O|  |TAMS 0x000000008a000000, 0x0000000089f00000| Untracked 
| 160|0x000000008a000000, 0x000000008a000000, 0x000000008a100000|  0%| F|  |TAMS 0x000000008a000000, 0x000000008a000000| Untracked 
| 161|0x000000008a100000, 0x000000008a100000, 0x000000008a200000|  0%| F|  |TAMS 0x000000008a100000, 0x000000008a100000| Untracked 
| 162|0x000000008a200000, 0x000000008a300000, 0x000000008a300000|100%| O|  |TAMS 0x000000008a300000, 0x000000008a200000| Untracked 
| 163|0x000000008a300000, 0x000000008a300000, 0x000000008a400000|  0%| F|  |TAMS 0x000000008a300000, 0x000000008a300000| Untracked 
| 164|0x000000008a400000, 0x000000008a400000, 0x000000008a500000|  0%| F|  |TAMS 0x000000008a400000, 0x000000008a400000| Untracked 
| 165|0x000000008a500000, 0x000000008a500000, 0x000000008a600000|  0%| F|  |TAMS 0x000000008a500000, 0x000000008a500000| Untracked 
| 166|0x000000008a600000, 0x000000008a600000, 0x000000008a700000|  0%| F|  |TAMS 0x000000008a600000, 0x000000008a600000| Untracked 
| 167|0x000000008a700000, 0x000000008a700000, 0x000000008a800000|  0%| F|  |TAMS 0x000000008a700000, 0x000000008a700000| Untracked 
| 168|0x000000008a800000, 0x000000008a800000, 0x000000008a900000|  0%| F|  |TAMS 0x000000008a800000, 0x000000008a800000| Untracked 
| 169|0x000000008a900000, 0x000000008a900000, 0x000000008aa00000|  0%| F|  |TAMS 0x000000008a900000, 0x000000008a900000| Untracked 
| 170|0x000000008aa00000, 0x000000008aa00000, 0x000000008ab00000|  0%| F|  |TAMS 0x000000008aa00000, 0x000000008aa00000| Untracked 
| 171|0x000000008ab00000, 0x000000008ab00000, 0x000000008ac00000|  0%| F|  |TAMS 0x000000008ab00000, 0x000000008ab00000| Untracked 
| 172|0x000000008ac00000, 0x000000008ac00000, 0x000000008ad00000|  0%| F|  |TAMS 0x000000008ac00000, 0x000000008ac00000| Untracked 
| 173|0x000000008ad00000, 0x000000008ad00000, 0x000000008ae00000|  0%| F|  |TAMS 0x000000008ad00000, 0x000000008ad00000| Untracked 
| 174|0x000000008ae00000, 0x000000008ae00000, 0x000000008af00000|  0%| F|  |TAMS 0x000000008ae00000, 0x000000008ae00000| Untracked 
| 175|0x000000008af00000, 0x000000008b000000, 0x000000008b000000|100%| O|  |TAMS 0x000000008b000000, 0x000000008af00000| Untracked 
| 176|0x000000008b000000, 0x000000008b100000, 0x000000008b100000|100%| O|  |TAMS 0x000000008b100000, 0x000000008b000000| Untracked 
| 177|0x000000008b100000, 0x000000008b100000, 0x000000008b200000|  0%| F|  |TAMS 0x000000008b100000, 0x000000008b100000| Untracked 
| 178|0x000000008b200000, 0x000000008b200000, 0x000000008b300000|  0%| F|  |TAMS 0x000000008b200000, 0x000000008b200000| Untracked 
| 179|0x000000008b300000, 0x000000008b300000, 0x000000008b400000|  0%| F|  |TAMS 0x000000008b300000, 0x000000008b300000| Untracked 
| 180|0x000000008b400000, 0x000000008b400000, 0x000000008b500000|  0%| F|  |TAMS 0x000000008b400000, 0x000000008b400000| Untracked 
| 181|0x000000008b500000, 0x000000008b500000, 0x000000008b600000|  0%| F|  |TAMS 0x000000008b500000, 0x000000008b500000| Untracked 
| 182|0x000000008b600000, 0x000000008b600000, 0x000000008b700000|  0%| F|  |TAMS 0x000000008b600000, 0x000000008b600000| Untracked 
| 183|0x000000008b700000, 0x000000008b700000, 0x000000008b800000|  0%| F|  |TAMS 0x000000008b700000, 0x000000008b700000| Untracked 
| 184|0x000000008b800000, 0x000000008b800000, 0x000000008b900000|  0%| F|  |TAMS 0x000000008b800000, 0x000000008b800000| Untracked 
| 185|0x000000008b900000, 0x000000008ba00000, 0x000000008ba00000|100%| O|  |TAMS 0x000000008ba00000, 0x000000008b900000| Untracked 
| 186|0x000000008ba00000, 0x000000008ba00000, 0x000000008bb00000|  0%| F|  |TAMS 0x000000008ba00000, 0x000000008ba00000| Untracked 
| 187|0x000000008bb00000, 0x000000008bb00000, 0x000000008bc00000|  0%| F|  |TAMS 0x000000008bb00000, 0x000000008bb00000| Untracked 
| 188|0x000000008bc00000, 0x000000008bc00000, 0x000000008bd00000|  0%| F|  |TAMS 0x000000008bc00000, 0x000000008bc00000| Untracked 
| 189|0x000000008bd00000, 0x000000008bd00000, 0x000000008be00000|  0%| F|  |TAMS 0x000000008bd00000, 0x000000008bd00000| Untracked 
| 190|0x000000008be00000, 0x000000008bf00000, 0x000000008bf00000|100%|HS|  |TAMS 0x000000008bf00000, 0x000000008be00000| Complete 
| 191|0x000000008bf00000, 0x000000008c000000, 0x000000008c000000|100%|HC|  |TAMS 0x000000008c000000, 0x000000008bf00000| Complete 
| 192|0x000000008c000000, 0x000000008c100000, 0x000000008c100000|100%|HC|  |TAMS 0x000000008c100000, 0x000000008c000000| Complete 
| 193|0x000000008c100000, 0x000000008c200000, 0x000000008c200000|100%|HC|  |TAMS 0x000000008c200000, 0x000000008c100000| Complete 
| 194|0x000000008c200000, 0x000000008c300000, 0x000000008c300000|100%|HC|  |TAMS 0x000000008c300000, 0x000000008c200000| Complete 
| 195|0x000000008c300000, 0x000000008c400000, 0x000000008c400000|100%| O|  |TAMS 0x000000008c400000, 0x000000008c300000| Untracked 
| 196|0x000000008c400000, 0x000000008c500000, 0x000000008c500000|100%| O|  |TAMS 0x000000008c500000, 0x000000008c400000| Untracked 
| 197|0x000000008c500000, 0x000000008c600000, 0x000000008c600000|100%| O|  |TAMS 0x000000008c600000, 0x000000008c500000| Untracked 
| 198|0x000000008c600000, 0x000000008c700000, 0x000000008c700000|100%| O|  |TAMS 0x000000008c700000, 0x000000008c600000| Untracked 
| 199|0x000000008c700000, 0x000000008c800000, 0x000000008c800000|100%| O|  |TAMS 0x000000008c800000, 0x000000008c700000| Untracked 
| 200|0x000000008c800000, 0x000000008c900000, 0x000000008c900000|100%|HS|  |TAMS 0x000000008c900000, 0x000000008c800000| Complete 
| 201|0x000000008c900000, 0x000000008ca00000, 0x000000008ca00000|100%|HC|  |TAMS 0x000000008ca00000, 0x000000008c900000| Complete 
| 202|0x000000008ca00000, 0x000000008cb00000, 0x000000008cb00000|100%|HC|  |TAMS 0x000000008cb00000, 0x000000008ca00000| Complete 
| 203|0x000000008cb00000, 0x000000008cc00000, 0x000000008cc00000|100%|HC|  |TAMS 0x000000008cc00000, 0x000000008cb00000| Complete 
| 204|0x000000008cc00000, 0x000000008cd00000, 0x000000008cd00000|100%|HC|  |TAMS 0x000000008cd00000, 0x000000008cc00000| Complete 
| 205|0x000000008cd00000, 0x000000008cd00000, 0x000000008ce00000|  0%| F|  |TAMS 0x000000008cd00000, 0x000000008cd00000| Untracked 
| 206|0x000000008ce00000, 0x000000008ce00000, 0x000000008cf00000|  0%| F|  |TAMS 0x000000008ce00000, 0x000000008ce00000| Untracked 
| 207|0x000000008cf00000, 0x000000008cf00000, 0x000000008d000000|  0%| F|  |TAMS 0x000000008cf00000, 0x000000008cf00000| Untracked 
| 208|0x000000008d000000, 0x000000008d100000, 0x000000008d100000|100%| O|  |TAMS 0x000000008d100000, 0x000000008d000000| Untracked 
| 209|0x000000008d100000, 0x000000008d200000, 0x000000008d200000|100%| O|  |TAMS 0x000000008d200000, 0x000000008d100000| Untracked 
| 210|0x000000008d200000, 0x000000008d300000, 0x000000008d300000|100%| O|  |TAMS 0x000000008d300000, 0x000000008d200000| Untracked 
| 211|0x000000008d300000, 0x000000008d400000, 0x000000008d400000|100%| O|  |TAMS 0x000000008d400000, 0x000000008d300000| Untracked 
| 212|0x000000008d400000, 0x000000008d500000, 0x000000008d500000|100%| O|  |TAMS 0x000000008d500000, 0x000000008d400000| Untracked 
| 213|0x000000008d500000, 0x000000008d600000, 0x000000008d600000|100%| O|  |TAMS 0x000000008d600000, 0x000000008d500000| Untracked 
| 214|0x000000008d600000, 0x000000008d700000, 0x000000008d700000|100%| O|  |TAMS 0x000000008d700000, 0x000000008d600000| Untracked 
| 215|0x000000008d700000, 0x000000008d800000, 0x000000008d800000|100%| O|  |TAMS 0x000000008d800000, 0x000000008d700000| Untracked 
| 216|0x000000008d800000, 0x000000008d900000, 0x000000008d900000|100%| O|  |TAMS 0x000000008d900000, 0x000000008d800000| Untracked 
| 217|0x000000008d900000, 0x000000008da00000, 0x000000008da00000|100%| O|  |TAMS 0x000000008da00000, 0x000000008d900000| Untracked 
| 218|0x000000008da00000, 0x000000008db00000, 0x000000008db00000|100%| O|  |TAMS 0x000000008db00000, 0x000000008da00000| Untracked 
| 219|0x000000008db00000, 0x000000008dc00000, 0x000000008dc00000|100%| O|  |TAMS 0x000000008dc00000, 0x000000008db00000| Untracked 
| 220|0x000000008dc00000, 0x000000008dd00000, 0x000000008dd00000|100%| O|  |TAMS 0x000000008dd00000, 0x000000008dc00000| Untracked 
| 221|0x000000008dd00000, 0x000000008dd00000, 0x000000008de00000|  0%| F|  |TAMS 0x000000008dd00000, 0x000000008dd00000| Untracked 
| 222|0x000000008de00000, 0x000000008de00000, 0x000000008df00000|  0%| F|  |TAMS 0x000000008de00000, 0x000000008de00000| Untracked 
| 223|0x000000008df00000, 0x000000008df00000, 0x000000008e000000|  0%| F|  |TAMS 0x000000008df00000, 0x000000008df00000| Untracked 
| 224|0x000000008e000000, 0x000000008e000000, 0x000000008e100000|  0%| F|  |TAMS 0x000000008e000000, 0x000000008e000000| Untracked 
| 225|0x000000008e100000, 0x000000008e100000, 0x000000008e200000|  0%| F|  |TAMS 0x000000008e100000, 0x000000008e100000| Untracked 
| 226|0x000000008e200000, 0x000000008e200000, 0x000000008e300000|  0%| F|  |TAMS 0x000000008e200000, 0x000000008e200000| Untracked 
| 227|0x000000008e300000, 0x000000008e300000, 0x000000008e400000|  0%| F|  |TAMS 0x000000008e300000, 0x000000008e300000| Untracked 
| 228|0x000000008e400000, 0x000000008e400000, 0x000000008e500000|  0%| F|  |TAMS 0x000000008e400000, 0x000000008e400000| Untracked 
| 229|0x000000008e500000, 0x000000008e500000, 0x000000008e600000|  0%| F|  |TAMS 0x000000008e500000, 0x000000008e500000| Untracked 
| 230|0x000000008e600000, 0x000000008e600000, 0x000000008e700000|  0%| F|  |TAMS 0x000000008e600000, 0x000000008e600000| Untracked 
| 231|0x000000008e700000, 0x000000008e700000, 0x000000008e800000|  0%| F|  |TAMS 0x000000008e700000, 0x000000008e700000| Untracked 
| 232|0x000000008e800000, 0x000000008e800000, 0x000000008e900000|  0%| F|  |TAMS 0x000000008e800000, 0x000000008e800000| Untracked 
| 233|0x000000008e900000, 0x000000008e900000, 0x000000008ea00000|  0%| F|  |TAMS 0x000000008e900000, 0x000000008e900000| Untracked 
| 234|0x000000008ea00000, 0x000000008ea00000, 0x000000008eb00000|  0%| F|  |TAMS 0x000000008ea00000, 0x000000008ea00000| Untracked 
| 235|0x000000008eb00000, 0x000000008eb00000, 0x000000008ec00000|  0%| F|  |TAMS 0x000000008eb00000, 0x000000008eb00000| Untracked 
| 236|0x000000008ec00000, 0x000000008ec00000, 0x000000008ed00000|  0%| F|  |TAMS 0x000000008ec00000, 0x000000008ec00000| Untracked 
| 237|0x000000008ed00000, 0x000000008ed00000, 0x000000008ee00000|  0%| F|  |TAMS 0x000000008ed00000, 0x000000008ed00000| Untracked 
| 238|0x000000008ee00000, 0x000000008ee00000, 0x000000008ef00000|  0%| F|  |TAMS 0x000000008ee00000, 0x000000008ee00000| Untracked 
| 239|0x000000008ef00000, 0x000000008ef00000, 0x000000008f000000|  0%| F|  |TAMS 0x000000008ef00000, 0x000000008ef00000| Untracked 
| 240|0x000000008f000000, 0x000000008f000000, 0x000000008f100000|  0%| F|  |TAMS 0x000000008f000000, 0x000000008f000000| Untracked 
| 241|0x000000008f100000, 0x000000008f100000, 0x000000008f200000|  0%| F|  |TAMS 0x000000008f100000, 0x000000008f100000| Untracked 
| 242|0x000000008f200000, 0x000000008f200000, 0x000000008f300000|  0%| F|  |TAMS 0x000000008f200000, 0x000000008f200000| Untracked 
| 243|0x000000008f300000, 0x000000008f300000, 0x000000008f400000|  0%| F|  |TAMS 0x000000008f300000, 0x000000008f300000| Untracked 
| 244|0x000000008f400000, 0x000000008f400000, 0x000000008f500000|  0%| F|  |TAMS 0x000000008f400000, 0x000000008f400000| Untracked 
| 245|0x000000008f500000, 0x000000008f500000, 0x000000008f600000|  0%| F|  |TAMS 0x000000008f500000, 0x000000008f500000| Untracked 
| 246|0x000000008f600000, 0x000000008f600000, 0x000000008f700000|  0%| F|  |TAMS 0x000000008f600000, 0x000000008f600000| Untracked 
| 247|0x000000008f700000, 0x000000008f700000, 0x000000008f800000|  0%| F|  |TAMS 0x000000008f700000, 0x000000008f700000| Untracked 
| 248|0x000000008f800000, 0x000000008f800000, 0x000000008f900000|  0%| F|  |TAMS 0x000000008f800000, 0x000000008f800000| Untracked 
| 249|0x000000008f900000, 0x000000008f900000, 0x000000008fa00000|  0%| F|  |TAMS 0x000000008f900000, 0x000000008f900000| Untracked 
| 250|0x000000008fa00000, 0x000000008fa00000, 0x000000008fb00000|  0%| F|  |TAMS 0x000000008fa00000, 0x000000008fa00000| Untracked 
| 251|0x000000008fb00000, 0x000000008fb00000, 0x000000008fc00000|  0%| F|  |TAMS 0x000000008fb00000, 0x000000008fb00000| Untracked 
| 252|0x000000008fc00000, 0x000000008fc00000, 0x000000008fd00000|  0%| F|  |TAMS 0x000000008fc00000, 0x000000008fc00000| Untracked 
| 253|0x000000008fd00000, 0x000000008fd00000, 0x000000008fe00000|  0%| F|  |TAMS 0x000000008fd00000, 0x000000008fd00000| Untracked 
| 254|0x000000008fe00000, 0x000000008fe00000, 0x000000008ff00000|  0%| F|  |TAMS 0x000000008fe00000, 0x000000008fe00000| Untracked 
| 255|0x000000008ff00000, 0x000000008ff00000, 0x0000000090000000|  0%| F|  |TAMS 0x000000008ff00000, 0x000000008ff00000| Untracked 
| 256|0x0000000090000000, 0x0000000090000000, 0x0000000090100000|  0%| F|  |TAMS 0x0000000090000000, 0x0000000090000000| Untracked 
| 257|0x0000000090100000, 0x0000000090100000, 0x0000000090200000|  0%| F|  |TAMS 0x0000000090100000, 0x0000000090100000| Untracked 
| 258|0x0000000090200000, 0x0000000090200000, 0x0000000090300000|  0%| F|  |TAMS 0x0000000090200000, 0x0000000090200000| Untracked 
| 259|0x0000000090300000, 0x0000000090300000, 0x0000000090400000|  0%| F|  |TAMS 0x0000000090300000, 0x0000000090300000| Untracked 
| 260|0x0000000090400000, 0x0000000090400000, 0x0000000090500000|  0%| F|  |TAMS 0x0000000090400000, 0x0000000090400000| Untracked 
| 261|0x0000000090500000, 0x0000000090500000, 0x0000000090600000|  0%| F|  |TAMS 0x0000000090500000, 0x0000000090500000| Untracked 
| 262|0x0000000090600000, 0x0000000090600000, 0x0000000090700000|  0%| F|  |TAMS 0x0000000090600000, 0x0000000090600000| Untracked 
| 263|0x0000000090700000, 0x0000000090700000, 0x0000000090800000|  0%| F|  |TAMS 0x0000000090700000, 0x0000000090700000| Untracked 
| 264|0x0000000090800000, 0x0000000090800000, 0x0000000090900000|  0%| F|  |TAMS 0x0000000090800000, 0x0000000090800000| Untracked 
| 265|0x0000000090900000, 0x0000000090900000, 0x0000000090a00000|  0%| F|  |TAMS 0x0000000090900000, 0x0000000090900000| Untracked 
| 266|0x0000000090a00000, 0x0000000090a00000, 0x0000000090b00000|  0%| F|  |TAMS 0x0000000090a00000, 0x0000000090a00000| Untracked 
| 267|0x0000000090b00000, 0x0000000090b00000, 0x0000000090c00000|  0%| F|  |TAMS 0x0000000090b00000, 0x0000000090b00000| Untracked 
| 268|0x0000000090c00000, 0x0000000090c00000, 0x0000000090d00000|  0%| F|  |TAMS 0x0000000090c00000, 0x0000000090c00000| Untracked 
| 269|0x0000000090d00000, 0x0000000090d00000, 0x0000000090e00000|  0%| F|  |TAMS 0x0000000090d00000, 0x0000000090d00000| Untracked 
| 270|0x0000000090e00000, 0x0000000090e00000, 0x0000000090f00000|  0%| F|  |TAMS 0x0000000090e00000, 0x0000000090e00000| Untracked 
| 271|0x0000000090f00000, 0x0000000090f00000, 0x0000000091000000|  0%| F|  |TAMS 0x0000000090f00000, 0x0000000090f00000| Untracked 
| 272|0x0000000091000000, 0x0000000091100000, 0x0000000091100000|100%| S|CS|TAMS 0x0000000091000000, 0x0000000091000000| Complete 
| 273|0x0000000091100000, 0x0000000091200000, 0x0000000091200000|100%| S|CS|TAMS 0x0000000091100000, 0x0000000091100000| Complete 
| 274|0x0000000091200000, 0x0000000091200000, 0x0000000091300000|  0%| F|  |TAMS 0x0000000091200000, 0x0000000091200000| Untracked 
| 275|0x0000000091300000, 0x0000000091300000, 0x0000000091400000|  0%| F|  |TAMS 0x0000000091300000, 0x0000000091300000| Untracked 
| 276|0x0000000091400000, 0x0000000091400000, 0x0000000091500000|  0%| F|  |TAMS 0x0000000091400000, 0x0000000091400000| Untracked 
| 277|0x0000000091500000, 0x0000000091500000, 0x0000000091600000|  0%| F|  |TAMS 0x0000000091500000, 0x0000000091500000| Untracked 
| 278|0x0000000091600000, 0x0000000091600000, 0x0000000091700000|  0%| F|  |TAMS 0x0000000091600000, 0x0000000091600000| Untracked 
| 279|0x0000000091700000, 0x0000000091700000, 0x0000000091800000|  0%| F|  |TAMS 0x0000000091700000, 0x0000000091700000| Untracked 
| 280|0x0000000091800000, 0x0000000091800000, 0x0000000091900000|  0%| F|  |TAMS 0x0000000091800000, 0x0000000091800000| Untracked 
| 281|0x0000000091900000, 0x0000000091900000, 0x0000000091a00000|  0%| F|  |TAMS 0x0000000091900000, 0x0000000091900000| Untracked 
| 282|0x0000000091a00000, 0x0000000091a00000, 0x0000000091b00000|  0%| F|  |TAMS 0x0000000091a00000, 0x0000000091a00000| Untracked 
| 283|0x0000000091b00000, 0x0000000091b00000, 0x0000000091c00000|  0%| F|  |TAMS 0x0000000091b00000, 0x0000000091b00000| Untracked 
| 284|0x0000000091c00000, 0x0000000091c00000, 0x0000000091d00000|  0%| F|  |TAMS 0x0000000091c00000, 0x0000000091c00000| Untracked 
| 285|0x0000000091d00000, 0x0000000091d00000, 0x0000000091e00000|  0%| F|  |TAMS 0x0000000091d00000, 0x0000000091d00000| Untracked 
| 286|0x0000000091e00000, 0x0000000091e00000, 0x0000000091f00000|  0%| F|  |TAMS 0x0000000091e00000, 0x0000000091e00000| Untracked 
| 287|0x0000000091f00000, 0x0000000091f00000, 0x0000000092000000|  0%| F|  |TAMS 0x0000000091f00000, 0x0000000091f00000| Untracked 
| 288|0x0000000092000000, 0x0000000092000000, 0x0000000092100000|  0%| F|  |TAMS 0x0000000092000000, 0x0000000092000000| Untracked 
| 289|0x0000000092100000, 0x0000000092100000, 0x0000000092200000|  0%| F|  |TAMS 0x0000000092100000, 0x0000000092100000| Untracked 
| 290|0x0000000092200000, 0x0000000092200000, 0x0000000092300000|  0%| F|  |TAMS 0x0000000092200000, 0x0000000092200000| Untracked 
| 291|0x0000000092300000, 0x0000000092300000, 0x0000000092400000|  0%| F|  |TAMS 0x0000000092300000, 0x0000000092300000| Untracked 
| 292|0x0000000092400000, 0x0000000092400000, 0x0000000092500000|  0%| F|  |TAMS 0x0000000092400000, 0x0000000092400000| Untracked 
| 293|0x0000000092500000, 0x0000000092500000, 0x0000000092600000|  0%| F|  |TAMS 0x0000000092500000, 0x0000000092500000| Untracked 
| 294|0x0000000092600000, 0x0000000092600000, 0x0000000092700000|  0%| F|  |TAMS 0x0000000092600000, 0x0000000092600000| Untracked 
| 295|0x0000000092700000, 0x0000000092700000, 0x0000000092800000|  0%| F|  |TAMS 0x0000000092700000, 0x0000000092700000| Untracked 
| 296|0x0000000092800000, 0x0000000092800000, 0x0000000092900000|  0%| F|  |TAMS 0x0000000092800000, 0x0000000092800000| Untracked 
| 297|0x0000000092900000, 0x0000000092900000, 0x0000000092a00000|  0%| F|  |TAMS 0x0000000092900000, 0x0000000092900000| Untracked 
| 298|0x0000000092a00000, 0x0000000092a00000, 0x0000000092b00000|  0%| F|  |TAMS 0x0000000092a00000, 0x0000000092a00000| Untracked 
| 299|0x0000000092b00000, 0x0000000092b00000, 0x0000000092c00000|  0%| F|  |TAMS 0x0000000092b00000, 0x0000000092b00000| Untracked 
| 300|0x0000000092c00000, 0x0000000092c00000, 0x0000000092d00000|  0%| F|  |TAMS 0x0000000092c00000, 0x0000000092c00000| Untracked 
| 301|0x0000000092d00000, 0x0000000092d00000, 0x0000000092e00000|  0%| F|  |TAMS 0x0000000092d00000, 0x0000000092d00000| Untracked 
| 302|0x0000000092e00000, 0x0000000092e00000, 0x0000000092f00000|  0%| F|  |TAMS 0x0000000092e00000, 0x0000000092e00000| Untracked 
| 303|0x0000000092f00000, 0x0000000092f00000, 0x0000000093000000|  0%| F|  |TAMS 0x0000000092f00000, 0x0000000092f00000| Untracked 
| 304|0x0000000093000000, 0x0000000093000000, 0x0000000093100000|  0%| F|  |TAMS 0x0000000093000000, 0x0000000093000000| Untracked 
| 305|0x0000000093100000, 0x0000000093100000, 0x0000000093200000|  0%| F|  |TAMS 0x0000000093100000, 0x0000000093100000| Untracked 
| 306|0x0000000093200000, 0x0000000093200000, 0x0000000093300000|  0%| F|  |TAMS 0x0000000093200000, 0x0000000093200000| Untracked 
| 307|0x0000000093300000, 0x0000000093300000, 0x0000000093400000|  0%| F|  |TAMS 0x0000000093300000, 0x0000000093300000| Untracked 
| 308|0x0000000093400000, 0x0000000093400000, 0x0000000093500000|  0%| F|  |TAMS 0x0000000093400000, 0x0000000093400000| Untracked 
| 309|0x0000000093500000, 0x0000000093500000, 0x0000000093600000|  0%| F|  |TAMS 0x0000000093500000, 0x0000000093500000| Untracked 
| 310|0x0000000093600000, 0x0000000093600000, 0x0000000093700000|  0%| F|  |TAMS 0x0000000093600000, 0x0000000093600000| Untracked 
| 311|0x0000000093700000, 0x0000000093700000, 0x0000000093800000|  0%| F|  |TAMS 0x0000000093700000, 0x0000000093700000| Untracked 
| 312|0x0000000093800000, 0x0000000093800000, 0x0000000093900000|  0%| F|  |TAMS 0x0000000093800000, 0x0000000093800000| Untracked 
| 313|0x0000000093900000, 0x0000000093900000, 0x0000000093a00000|  0%| F|  |TAMS 0x0000000093900000, 0x0000000093900000| Untracked 
| 314|0x0000000093a00000, 0x0000000093a00000, 0x0000000093b00000|  0%| F|  |TAMS 0x0000000093a00000, 0x0000000093a00000| Untracked 
| 315|0x0000000093b00000, 0x0000000093b00000, 0x0000000093c00000|  0%| F|  |TAMS 0x0000000093b00000, 0x0000000093b00000| Untracked 
| 316|0x0000000093c00000, 0x0000000093c00000, 0x0000000093d00000|  0%| F|  |TAMS 0x0000000093c00000, 0x0000000093c00000| Untracked 
| 317|0x0000000093d00000, 0x0000000093d00000, 0x0000000093e00000|  0%| F|  |TAMS 0x0000000093d00000, 0x0000000093d00000| Untracked 
| 318|0x0000000093e00000, 0x0000000093e00000, 0x0000000093f00000|  0%| F|  |TAMS 0x0000000093e00000, 0x0000000093e00000| Untracked 
| 319|0x0000000093f00000, 0x0000000093f00000, 0x0000000094000000|  0%| F|  |TAMS 0x0000000093f00000, 0x0000000093f00000| Untracked 
| 320|0x0000000094000000, 0x0000000094000000, 0x0000000094100000|  0%| F|  |TAMS 0x0000000094000000, 0x0000000094000000| Untracked 
| 321|0x0000000094100000, 0x0000000094100000, 0x0000000094200000|  0%| F|  |TAMS 0x0000000094100000, 0x0000000094100000| Untracked 
| 322|0x0000000094200000, 0x0000000094200000, 0x0000000094300000|  0%| F|  |TAMS 0x0000000094200000, 0x0000000094200000| Untracked 
| 323|0x0000000094300000, 0x0000000094300000, 0x0000000094400000|  0%| F|  |TAMS 0x0000000094300000, 0x0000000094300000| Untracked 
| 324|0x0000000094400000, 0x0000000094400000, 0x0000000094500000|  0%| F|  |TAMS 0x0000000094400000, 0x0000000094400000| Untracked 
| 325|0x0000000094500000, 0x0000000094500000, 0x0000000094600000|  0%| F|  |TAMS 0x0000000094500000, 0x0000000094500000| Untracked 
| 326|0x0000000094600000, 0x0000000094600000, 0x0000000094700000|  0%| F|  |TAMS 0x0000000094600000, 0x0000000094600000| Untracked 
| 327|0x0000000094700000, 0x0000000094700000, 0x0000000094800000|  0%| F|  |TAMS 0x0000000094700000, 0x0000000094700000| Untracked 
| 328|0x0000000094800000, 0x0000000094800000, 0x0000000094900000|  0%| F|  |TAMS 0x0000000094800000, 0x0000000094800000| Untracked 
| 329|0x0000000094900000, 0x0000000094900000, 0x0000000094a00000|  0%| F|  |TAMS 0x0000000094900000, 0x0000000094900000| Untracked 
| 330|0x0000000094a00000, 0x0000000094a00000, 0x0000000094b00000|  0%| F|  |TAMS 0x0000000094a00000, 0x0000000094a00000| Untracked 
| 331|0x0000000094b00000, 0x0000000094b00000, 0x0000000094c00000|  0%| F|  |TAMS 0x0000000094b00000, 0x0000000094b00000| Untracked 
| 332|0x0000000094c00000, 0x0000000094c00000, 0x0000000094d00000|  0%| F|  |TAMS 0x0000000094c00000, 0x0000000094c00000| Untracked 
| 333|0x0000000094d00000, 0x0000000094d00000, 0x0000000094e00000|  0%| F|  |TAMS 0x0000000094d00000, 0x0000000094d00000| Untracked 
| 334|0x0000000094e00000, 0x0000000094e00000, 0x0000000094f00000|  0%| F|  |TAMS 0x0000000094e00000, 0x0000000094e00000| Untracked 
| 335|0x0000000094f00000, 0x0000000094f00000, 0x0000000095000000|  0%| F|  |TAMS 0x0000000094f00000, 0x0000000094f00000| Untracked 
| 336|0x0000000095000000, 0x00000000950a6648, 0x0000000095100000| 64%| E|  |TAMS 0x0000000095000000, 0x0000000095000000| Complete 
| 337|0x0000000095100000, 0x0000000095200000, 0x0000000095200000|100%| E|CS|TAMS 0x0000000095100000, 0x0000000095100000| Complete 
| 338|0x0000000095200000, 0x0000000095300000, 0x0000000095300000|100%| E|  |TAMS 0x0000000095200000, 0x0000000095200000| Complete 
| 339|0x0000000095300000, 0x0000000095400000, 0x0000000095400000|100%| E|CS|TAMS 0x0000000095300000, 0x0000000095300000| Complete 
| 340|0x0000000095400000, 0x0000000095500000, 0x0000000095500000|100%| E|CS|TAMS 0x0000000095400000, 0x0000000095400000| Complete 
| 341|0x0000000095500000, 0x0000000095600000, 0x0000000095600000|100%| E|CS|TAMS 0x0000000095500000, 0x0000000095500000| Complete 
| 342|0x0000000095600000, 0x0000000095700000, 0x0000000095700000|100%| E|CS|TAMS 0x0000000095600000, 0x0000000095600000| Complete 
| 343|0x0000000095700000, 0x0000000095800000, 0x0000000095800000|100%| E|CS|TAMS 0x0000000095700000, 0x0000000095700000| Complete 
| 344|0x0000000095800000, 0x0000000095900000, 0x0000000095900000|100%| E|CS|TAMS 0x0000000095800000, 0x0000000095800000| Complete 
| 345|0x0000000095900000, 0x0000000095a00000, 0x0000000095a00000|100%| E|CS|TAMS 0x0000000095900000, 0x0000000095900000| Complete 

Card table byte_map: [0x00000149ff9b0000,0x00000149ffdb0000] _byte_map_base: 0x00000149ff5b0000

Marking Bits (Prev, Next): (CMBitMap*) 0x00000149fd93be58, (CMBitMap*) 0x00000149fd93be90
 Prev Bits: [0x0000014992ca0000, 0x0000014994ca0000)
 Next Bits: [0x0000014994ca0000, 0x0000014996ca0000)

Polling page: 0x00000149fd9d0000

Metaspace:

Usage:
  Non-class:    124.46 MB capacity,   122.20 MB ( 98%) used,     1.87 MB (  1%) free+waste,   403.38 KB ( <1%) overhead. 
      Class:     18.18 MB capacity,    16.99 MB ( 93%) used,     1.02 MB (  6%) free+waste,   176.75 KB ( <1%) overhead. 
       Both:    142.64 MB capacity,   139.19 MB ( 98%) used,     2.88 MB (  2%) free+waste,   580.13 KB ( <1%) overhead. 

Virtual space:
  Non-class space:      126.00 MB reserved,     124.67 MB ( 99%) committed 
      Class space:        1.00 GB reserved,      18.27 MB (  2%) committed 
             Both:        1.12 GB reserved,     142.95 MB ( 12%) committed 

Chunk freelists:
   Non-Class:  28.00 KB
       Class:  9.00 KB
        Both:  37.00 KB

MaxMetaspaceSize: 17179869184.00 GB
CompressedClassSpaceSize: 1.00 GB

CodeHeap 'non-profiled nmethods': size=120064Kb used=10867Kb max_used=10867Kb free=109196Kb
 bounds [0x000001498b360000, 0x000001498be00000, 0x00000149928a0000]
CodeHeap 'profiled nmethods': size=120000Kb used=39785Kb max_used=39785Kb free=80215Kb
 bounds [0x0000014983e30000, 0x0000014986540000, 0x000001498b360000]
CodeHeap 'non-nmethods': size=5696Kb used=2447Kb max_used=2503Kb free=3249Kb
 bounds [0x00000149838a0000, 0x0000014983b30000, 0x0000014983e30000]
 total_blobs=19070 nmethods=17939 adapters=1041
 compilation: enabled
              stopped_count=0, restarted_count=0
 full_count=0

Compilation events (20 events):
Event: 824.058 Thread 0x00000149997c8000 21048       2       com.android.tools.r8.code.d::a (1 bytes)
Event: 824.059 Thread 0x00000149997c8000 nmethod 21048 0x000001498652ef90 code [0x000001498652f140, 0x000001498652f238]
Event: 824.093 Thread 0x00000149997c8000 21051 %     3       com.android.tools.r8.graph.t0$d::a @ 10 (29 bytes)
Event: 824.094 Thread 0x00000149997c8000 nmethod 21051% 0x000001498652f310 code [0x000001498652f4e0, 0x000001498652f808]
Event: 824.094 Thread 0x00000149997c8000 21052       3       com.android.tools.r8.graph.t0$d::a (29 bytes)
Event: 824.094 Thread 0x00000149997c8000 nmethod 21052 0x000001498652f990 code [0x000001498652fb60, 0x000001498652fe08]
Event: 824.100 Thread 0x00000149997c8000 21053       2       com.android.tools.r8.code.E2::a (1 bytes)
Event: 824.101 Thread 0x00000149997c8000 nmethod 21053 0x000001498652ff90 code [0x0000014986530140, 0x0000014986530238]
Event: 824.143 Thread 0x00000149997c8000 21056       2       com.android.tools.r8.code.t0::a (1 bytes)
Event: 824.143 Thread 0x00000149997c8000 nmethod 21056 0x0000014986530310 code [0x00000149865304c0, 0x00000149865305b8]
Event: 824.236 Thread 0x00000149997c8000 21062       2       com.android.tools.r8.code.r::a (1 bytes)
Event: 824.236 Thread 0x00000149997c8000 nmethod 21062 0x0000014986530690 code [0x0000014986530840, 0x0000014986530938]
Event: 824.428 Thread 0x00000149997c8000 21066       2       com.android.tools.r8.code.f0::a (1 bytes)
Event: 824.428 Thread 0x00000149997c8000 nmethod 21066 0x0000014986530a10 code [0x0000014986530bc0, 0x0000014986530cb8]
Event: 824.428 Thread 0x00000149997c8000 21067       2       com.android.tools.r8.code.e0::a (1 bytes)
Event: 824.428 Thread 0x00000149997c8000 nmethod 21067 0x0000014986530d90 code [0x0000014986530f40, 0x0000014986531038]
Event: 824.483 Thread 0x00000149997c8000 21068       2       com.android.tools.r8.code.N::a (1 bytes)
Event: 824.484 Thread 0x00000149997c8000 nmethod 21068 0x0000014986531110 code [0x00000149865312c0, 0x00000149865313b8]
Event: 824.494 Thread 0x00000149997c8000 21069 %     3       java.util.IdentityHashMap::resize @ 104 (153 bytes)
Event: 824.495 Thread 0x00000149997c8000 nmethod 21069% 0x0000014986531490 code [0x0000014986531700, 0x00000149865325b8]

GC Heap History (20 events):
Event: 803.448 GC heap before
{Heap before GC invocations=131 (full 0):
 garbage-first heap   total 294912K, used 236342K [0x0000000080000000, 0x0000000100000000)
  region size 1024K, 58 young (59392K), 2 survivors (2048K)
 Metaspace       used 129731K, capacity 133015K, committed 133320K, reserved 1165312K
  class space    used 15961K, capacity 17112K, committed 17176K, reserved 1048576K
}
Event: 803.459 GC heap after
{Heap after GC invocations=132 (full 0):
 garbage-first heap   total 294912K, used 181899K [0x0000000080000000, 0x0000000100000000)
  region size 1024K, 5 young (5120K), 5 survivors (5120K)
 Metaspace       used 129731K, capacity 133015K, committed 133320K, reserved 1165312K
  class space    used 15961K, capacity 17112K, committed 17176K, reserved 1048576K
}
Event: 804.356 GC heap before
{Heap before GC invocations=132 (full 0):
 garbage-first heap   total 294912K, used 238219K [0x0000000080000000, 0x0000000100000000)
  region size 1024K, 60 young (61440K), 5 survivors (5120K)
 Metaspace       used 129735K, capacity 133015K, committed 133320K, reserved 1165312K
  class space    used 15961K, capacity 17112K, committed 17176K, reserved 1048576K
}
Event: 804.368 GC heap after
{Heap after GC invocations=133 (full 0):
 garbage-first heap   total 294912K, used 182191K [0x0000000080000000, 0x0000000100000000)
  region size 1024K, 4 young (4096K), 4 survivors (4096K)
 Metaspace       used 129735K, capacity 133015K, committed 133320K, reserved 1165312K
  class space    used 15961K, capacity 17112K, committed 17176K, reserved 1048576K
}
Event: 807.887 GC heap before
{Heap before GC invocations=133 (full 0):
 garbage-first heap   total 294912K, used 239535K [0x0000000080000000, 0x0000000100000000)
  region size 1024K, 60 young (61440K), 4 survivors (4096K)
 Metaspace       used 135127K, capacity 138440K, committed 138696K, reserved 1169408K
  class space    used 16704K, capacity 17856K, committed 17944K, reserved 1048576K
}
Event: 807.897 GC heap after
{Heap after GC invocations=134 (full 0):
 garbage-first heap   total 294912K, used 178095K [0x0000000080000000, 0x0000000100000000)
  region size 1024K, 2 young (2048K), 2 survivors (2048K)
 Metaspace       used 135127K, capacity 138440K, committed 138696K, reserved 1169408K
  class space    used 16704K, capacity 17856K, committed 17944K, reserved 1048576K
}
Event: 813.762 GC heap before
{Heap before GC invocations=134 (full 0):
 garbage-first heap   total 294912K, used 245679K [0x0000000080000000, 0x0000000100000000)
  region size 1024K, 63 young (64512K), 2 survivors (2048K)
 Metaspace       used 138216K, capacity 141608K, committed 141896K, reserved 1173504K
  class space    used 16996K, capacity 18182K, committed 18328K, reserved 1048576K
}
Event: 813.783 GC heap after
{Heap after GC invocations=135 (full 0):
 garbage-first heap   total 294912K, used 185034K [0x0000000080000000, 0x0000000100000000)
  region size 1024K, 5 young (5120K), 5 survivors (5120K)
 Metaspace       used 138216K, capacity 141608K, committed 141896K, reserved 1173504K
  class space    used 16996K, capacity 18182K, committed 18328K, reserved 1048576K
}
Event: 817.914 GC heap before
{Heap before GC invocations=135 (full 0):
 garbage-first heap   total 294912K, used 245450K [0x0000000080000000, 0x0000000100000000)
  region size 1024K, 65 young (66560K), 5 survivors (5120K)
 Metaspace       used 141620K, capacity 145167K, committed 145352K, reserved 1175552K
  class space    used 17399K, capacity 18625K, committed 18712K, reserved 1048576K
}
Event: 817.968 GC heap after
{Heap after GC invocations=136 (full 0):
 garbage-first heap   total 294912K, used 190939K [0x0000000080000000, 0x0000000100000000)
  region size 1024K, 9 young (9216K), 9 survivors (9216K)
 Metaspace       used 141620K, capacity 145167K, committed 145352K, reserved 1175552K
  class space    used 17399K, capacity 18625K, committed 18712K, reserved 1048576K
}
Event: 820.615 GC heap before
{Heap before GC invocations=136 (full 0):
 garbage-first heap   total 294912K, used 261595K [0x0000000080000000, 0x0000000100000000)
  region size 1024K, 63 young (64512K), 9 survivors (9216K)
 Metaspace       used 142536K, capacity 146084K, committed 146376K, reserved 1177600K
  class space    used 17401K, capacity 18625K, committed 18712K, reserved 1048576K
}
Event: 820.737 GC heap after
{Heap after GC invocations=137 (full 0):
 garbage-first heap   total 294912K, used 213183K [0x0000000080000000, 0x0000000100000000)
  region size 1024K, 8 young (8192K), 8 survivors (8192K)
 Metaspace       used 142536K, capacity 146084K, committed 146376K, reserved 1177600K
  class space    used 17401K, capacity 18625K, committed 18712K, reserved 1048576K
}
Event: 821.833 GC heap before
{Heap before GC invocations=137 (full 0):
 garbage-first heap   total 294912K, used 243903K [0x0000000080000000, 0x0000000100000000)
  region size 1024K, 39 young (39936K), 8 survivors (8192K)
 Metaspace       used 142538K, capacity 146084K, committed 146376K, reserved 1177600K
  class space    used 17402K, capacity 18625K, committed 18712K, reserved 1048576K
}
Event: 822.025 GC heap after
{Heap after GC invocations=138 (full 0):
 garbage-first heap   total 294912K, used 231424K [0x0000000080000000, 0x0000000100000000)
  region size 1024K, 5 young (5120K), 5 survivors (5120K)
 Metaspace       used 142538K, capacity 146084K, committed 146376K, reserved 1177600K
  class space    used 17402K, capacity 18625K, committed 18712K, reserved 1048576K
}
Event: 823.480 GC heap before
{Heap before GC invocations=139 (full 0):
 garbage-first heap   total 294912K, used 209920K [0x0000000080000000, 0x0000000100000000)
  region size 1024K, 22 young (22528K), 5 survivors (5120K)
 Metaspace       used 142524K, capacity 146060K, committed 146376K, reserved 1177600K
  class space    used 17396K, capacity 18616K, committed 18712K, reserved 1048576K
}
Event: 823.579 GC heap after
{Heap after GC invocations=140 (full 0):
 garbage-first heap   total 294912K, used 200192K [0x0000000080000000, 0x0000000100000000)
  region size 1024K, 3 young (3072K), 3 survivors (3072K)
 Metaspace       used 142524K, capacity 146060K, committed 146376K, reserved 1177600K
  class space    used 17396K, capacity 18616K, committed 18712K, reserved 1048576K
}
Event: 823.874 GC heap before
{Heap before GC invocations=140 (full 0):
 garbage-first heap   total 294912K, used 211456K [0x0000000080000000, 0x0000000100000000)
  region size 1024K, 14 young (14336K), 3 survivors (3072K)
 Metaspace       used 142524K, capacity 146060K, committed 146376K, reserved 1177600K
  class space    used 17396K, capacity 18616K, committed 18712K, reserved 1048576K
}
Event: 823.964 GC heap after
{Heap after GC invocations=141 (full 0):
 garbage-first heap   total 294912K, used 176640K [0x0000000080000000, 0x0000000100000000)
  region size 1024K, 2 young (2048K), 2 survivors (2048K)
 Metaspace       used 142524K, capacity 146060K, committed 146376K, reserved 1177600K
  class space    used 17396K, capacity 18616K, committed 18712K, reserved 1048576K
}
Event: 824.316 GC heap before
{Heap before GC invocations=141 (full 0):
 garbage-first heap   total 294912K, used 187904K [0x0000000080000000, 0x0000000100000000)
  region size 1024K, 14 young (14336K), 2 survivors (2048K)
 Metaspace       used 142526K, capacity 146060K, committed 146376K, reserved 1177600K
  class space    used 17396K, capacity 18616K, committed 18712K, reserved 1048576K
}
Event: 824.394 GC heap after
{Heap after GC invocations=142 (full 0):
 garbage-first heap   total 354304K, used 179200K [0x0000000080000000, 0x0000000100000000)
  region size 1024K, 2 young (2048K), 2 survivors (2048K)
 Metaspace       used 142526K, capacity 146060K, committed 146376K, reserved 1177600K
  class space    used 17396K, capacity 18616K, committed 18712K, reserved 1048576K
}

Deoptimization events (20 events):
Event: 823.666 Thread 0x00000149a1c46000 DEOPT PACKING pc=0x000001498b6c6374 sp=0x0000002d89ffd7d0
Event: 823.666 Thread 0x00000149a1c46000 DEOPT UNPACKING pc=0x00000149838c69aa sp=0x0000002d89ffd7b0 mode 2
Event: 823.666 Thread 0x00000149a1c46000 Uncommon trap: trap_request=0xffffffde fr.pc=0x000001498b6c6374 relative=0x0000000000000474
Event: 823.666 Thread 0x00000149a1c46000 Uncommon trap: reason=class_check action=maybe_recompile pc=0x000001498b6c6374 method=com.android.tools.r8.graph.R0.c(Lcom/android/tools/r8/graph/f0;)Lcom/android/tools/r8/graph/f0; @ 7 c2
Event: 823.666 Thread 0x00000149a1c46000 DEOPT PACKING pc=0x000001498b6c6374 sp=0x0000002d89ffd7d0
Event: 823.666 Thread 0x00000149a1c46000 DEOPT UNPACKING pc=0x00000149838c69aa sp=0x0000002d89ffd7b0 mode 2
Event: 823.761 Thread 0x00000149a1c46000 DEOPT PACKING pc=0x000001498652c466 sp=0x0000002d89ffd890
Event: 823.761 Thread 0x00000149a1c46000 DEOPT UNPACKING pc=0x00000149838c67c0 sp=0x0000002d89ffcd20 mode 0
Event: 824.083 Thread 0x00000149a1c46000 DEOPT PACKING pc=0x000001498477a32c sp=0x0000002d89ffdb90
Event: 824.083 Thread 0x00000149a1c46000 DEOPT UNPACKING pc=0x00000149838c67c0 sp=0x0000002d89ffd038 mode 0
Event: 824.094 Thread 0x00000149a1c46000 DEOPT PACKING pc=0x000001498468d36b sp=0x0000002d89ffd8c0
Event: 824.094 Thread 0x00000149a1c46000 DEOPT UNPACKING pc=0x00000149838c67c0 sp=0x0000002d89ffcd58 mode 0
Event: 824.489 Thread 0x00000149a1c46000 DEOPT PACKING pc=0x0000014984706c8b sp=0x0000002d89ffd960
Event: 824.489 Thread 0x00000149a1c46000 DEOPT UNPACKING pc=0x00000149838c67c0 sp=0x0000002d89ffce18 mode 0
Event: 824.491 Thread 0x00000149a1c46000 DEOPT PACKING pc=0x0000014984706c8b sp=0x0000002d89ffd970
Event: 824.491 Thread 0x00000149a1c46000 DEOPT UNPACKING pc=0x00000149838c67c0 sp=0x0000002d89ffce28 mode 0
Event: 824.493 Thread 0x00000149a1c46000 DEOPT PACKING pc=0x0000014984706c8b sp=0x0000002d89ffd970
Event: 824.493 Thread 0x00000149a1c46000 DEOPT UNPACKING pc=0x00000149838c67c0 sp=0x0000002d89ffce28 mode 0
Event: 824.496 Thread 0x00000149a1c46000 DEOPT PACKING pc=0x0000014984706c8b sp=0x0000002d89ffd970
Event: 824.496 Thread 0x00000149a1c46000 DEOPT UNPACKING pc=0x00000149838c67c0 sp=0x0000002d89ffce28 mode 0

Classes redefined (0 events):
No events

Internal exceptions (20 events):
Event: 811.795 Thread 0x00000149a1c3f800 Exception <a 'sun/nio/fs/WindowsException'{0x000000009025c4e0}> (0x000000009025c4e0) thrown at [./src/hotspot/share/prims/jni.cpp, line 615]
Event: 811.795 Thread 0x00000149a1c3f800 Exception <a 'sun/nio/fs/WindowsException'{0x000000009025e1c8}> (0x000000009025e1c8) thrown at [./src/hotspot/share/prims/jni.cpp, line 615]
Event: 811.795 Thread 0x00000149a1c3f800 Exception <a 'sun/nio/fs/WindowsException'{0x000000009025e328}> (0x000000009025e328) thrown at [./src/hotspot/share/prims/jni.cpp, line 615]
Event: 811.796 Thread 0x00000149a1c3f800 Exception <a 'sun/nio/fs/WindowsException'{0x0000000090260008}> (0x0000000090260008) thrown at [./src/hotspot/share/prims/jni.cpp, line 615]
Event: 811.841 Thread 0x00000149a1c3f800 Exception <a 'sun/nio/fs/WindowsException'{0x0000000090297ae8}> (0x0000000090297ae8) thrown at [./src/hotspot/share/prims/jni.cpp, line 615]
Event: 813.277 Thread 0x000001499c195000 Exception <a 'java/lang/NoSuchMethodError'{0x000000008eadf2c8}: <clinit>> (0x000000008eadf2c8) thrown at [./src/hotspot/share/prims/jni.cpp, line 1362]
Event: 813.693 Thread 0x000001499c18e800 Exception <a 'sun/nio/fs/WindowsException'{0x000000008e53fdd8}> (0x000000008e53fdd8) thrown at [./src/hotspot/share/prims/jni.cpp, line 615]
Event: 814.611 Thread 0x000001499c18e800 Exception <a 'java/lang/NoSuchMethodError'{0x0000000091906a50}: <clinit>> (0x0000000091906a50) thrown at [./src/hotspot/share/prims/jni.cpp, line 1362]
Event: 814.730 Thread 0x00000149a1c3d000 Exception <a 'sun/nio/fs/WindowsException'{0x000000009151adf0}> (0x000000009151adf0) thrown at [./src/hotspot/share/prims/jni.cpp, line 615]
Event: 815.824 Thread 0x00000149a1c3d000 Implicit null exception at 0x000001498b5c7cf2 to 0x000001498b5c7e04
Event: 816.044 Thread 0x00000149a1c3d000 Exception <a 'java/lang/NoSuchMethodError'{0x000000008f76c2f0}: 'java.lang.Object java.lang.invoke.DirectMethodHandle$Holder.invokeVirtual(java.lang.Object, java.lang.Object, int, java.lang.Object)'> (0x000000008f76c2f0) thrown at [./src/hotspot/share/interpreter/linkResolver.cpp, line 773]
Event: 816.096 Thread 0x00000149a1c46000 Exception <a 'java/lang/NoSuchMethodError'{0x000000008f6020e0}: 'void java.lang.invoke.DirectMethodHandle$Holder.invokeVirtual(java.lang.Object, java.lang.Object, int, java.lang.Object)'> (0x000000008f6020e0) thrown at [./src/hotspot/share/interpreter/linkResolver.cpp, line 773]
Event: 817.034 Thread 0x00000149a1c3d000 Exception <a 'sun/nio/fs/WindowsException'{0x000000008eec7228}> (0x000000008eec7228) thrown at [./src/hotspot/share/prims/jni.cpp, line 615]
Event: 817.038 Thread 0x00000149a1c3d000 Exception <a 'sun/nio/fs/WindowsException'{0x000000008eec79d0}> (0x000000008eec79d0) thrown at [./src/hotspot/share/prims/jni.cpp, line 615]
Event: 817.038 Thread 0x00000149a1c3d000 Exception <a 'sun/nio/fs/WindowsException'{0x000000008eec7b50}> (0x000000008eec7b50) thrown at [./src/hotspot/share/prims/jni.cpp, line 615]
Event: 817.038 Thread 0x00000149a1c3d000 Exception <a 'sun/nio/fs/WindowsException'{0x000000008eec8860}> (0x000000008eec8860) thrown at [./src/hotspot/share/prims/jni.cpp, line 615]
Event: 817.038 Thread 0x00000149a1c3d000 Exception <a 'sun/nio/fs/WindowsException'{0x000000008eec89d0}> (0x000000008eec89d0) thrown at [./src/hotspot/share/prims/jni.cpp, line 615]
Event: 817.039 Thread 0x00000149a1c3d000 Exception <a 'sun/nio/fs/WindowsException'{0x000000008eec96d8}> (0x000000008eec96d8) thrown at [./src/hotspot/share/prims/jni.cpp, line 615]
Event: 817.172 Thread 0x00000149a1c3d000 Exception <a 'sun/nio/fs/WindowsException'{0x000000008eed0958}> (0x000000008eed0958) thrown at [./src/hotspot/share/prims/jni.cpp, line 615]
Event: 820.282 Thread 0x00000149a1c46000 Exception <a 'sun/nio/fs/WindowsException'{0x00000000907c3740}> (0x00000000907c3740) thrown at [./src/hotspot/share/prims/jni.cpp, line 615]

Events (20 events):
Event: 822.805 Executing VM operation: CGC_Operation done
Event: 822.806 Executing VM operation: RevokeBias
Event: 822.806 Executing VM operation: RevokeBias done
Event: 822.806 Executing VM operation: RevokeBias
Event: 822.808 Executing VM operation: RevokeBias done
Event: 822.808 Executing VM operation: RevokeBias
Event: 822.810 Executing VM operation: RevokeBias done
Event: 823.154 Executing VM operation: CGC_Operation
Event: 823.155 Executing VM operation: CGC_Operation done
Event: 823.193 Thread 0x00000149a1c3d800 Thread exited: 0x00000149a1c3d800
Event: 823.389 Executing VM operation: RevokeBias
Event: 823.391 Executing VM operation: RevokeBias done
Event: 823.450 Executing VM operation: RevokeBias
Event: 823.450 Executing VM operation: RevokeBias done
Event: 823.480 Executing VM operation: G1CollectForAllocation
Event: 823.580 Executing VM operation: G1CollectForAllocation done
Event: 823.874 Executing VM operation: G1CollectForAllocation
Event: 823.964 Executing VM operation: G1CollectForAllocation done
Event: 824.316 Executing VM operation: G1CollectForAllocation
Event: 824.394 Executing VM operation: G1CollectForAllocation done


Dynamic libraries:
0x00007ff602b10000 - 0x00007ff602b1a000 	C:\Program Files\Android\Android Studio\jre\bin\java.exe
0x00007ffe6ad30000 - 0x00007ffe6af11000 	C:\Windows\SYSTEM32\ntdll.dll
0x00007ffe6ac40000 - 0x00007ffe6acf2000 	C:\Windows\System32\KERNEL32.DLL
0x00007ffe67e70000 - 0x00007ffe680e3000 	C:\Windows\System32\KERNELBASE.dll
0x00007ffe67420000 - 0x00007ffe6751a000 	C:\Windows\System32\ucrtbase.dll
0x00007ffe5fd90000 - 0x00007ffe5fda9000 	C:\Program Files\Android\Android Studio\jre\bin\jli.dll
0x00007ffe5fd70000 - 0x00007ffe5fd87000 	C:\Program Files\Android\Android Studio\jre\bin\VCRUNTIME140.dll
0x00007ffe6a880000 - 0x00007ffe6aa10000 	C:\Windows\System32\USER32.dll
0x00007ffe681a0000 - 0x00007ffe681c0000 	C:\Windows\System32\win32u.dll
0x00007ffe5b280000 - 0x00007ffe5b4e9000 	C:\Windows\WinSxS\amd64_microsoft.windows.common-controls_6595b64144ccf1df_6.0.17133.73_none_b4b127863cb5b9c7\COMCTL32.dll
0x00007ffe6abf0000 - 0x00007ffe6ac18000 	C:\Windows\System32\GDI32.dll
0x00007ffe6a4b0000 - 0x00007ffe6a54e000 	C:\Windows\System32\msvcrt.dll
0x00007ffe67cd0000 - 0x00007ffe67e62000 	C:\Windows\System32\gdi32full.dll
0x00007ffe6a120000 - 0x00007ffe6a443000 	C:\Windows\System32\combase.dll
0x00007ffe67520000 - 0x00007ffe675bf000 	C:\Windows\System32\msvcp_win.dll
0x00007ffe6aac0000 - 0x00007ffe6abe4000 	C:\Windows\System32\RPCRT4.dll
0x00007ffe67100000 - 0x00007ffe6717a000 	C:\Windows\System32\bcryptPrimitives.dll
0x00007ffe68450000 - 0x00007ffe6847d000 	C:\Windows\System32\IMM32.DLL
0x00007ffe41d40000 - 0x00007ffe41ddd000 	C:\Program Files\Android\Android Studio\jre\bin\msvcp140.dll
0x00007ffe3a820000 - 0x00007ffe3b2dc000 	C:\Program Files\Android\Android Studio\jre\bin\server\jvm.dll
0x00007ffe6aa10000 - 0x00007ffe6aab1000 	C:\Windows\System32\ADVAPI32.dll
0x00007ffe6a7a0000 - 0x00007ffe6a7fb000 	C:\Windows\System32\sechost.dll
0x00007ffe69e30000 - 0x00007ffe69e38000 	C:\Windows\System32\PSAPI.DLL
0x00007ffe652a0000 - 0x00007ffe652c3000 	C:\Windows\SYSTEM32\WINMM.dll
0x00007ffe634c0000 - 0x00007ffe634c9000 	C:\Windows\SYSTEM32\WSOCK32.dll
0x00007ffe6a800000 - 0x00007ffe6a86c000 	C:\Windows\System32\WS2_32.dll
0x00007ffe5ae80000 - 0x00007ffe5ae8a000 	C:\Windows\SYSTEM32\VERSION.dll
0x00007ffe65270000 - 0x00007ffe6529a000 	C:\Windows\SYSTEM32\WINMMBASE.dll
0x00007ffe673d0000 - 0x00007ffe67419000 	C:\Windows\System32\cfgmgr32.dll
0x00007ffe67090000 - 0x00007ffe670a1000 	C:\Windows\System32\kernel.appcore.dll
0x00007ffe60070000 - 0x00007ffe60081000 	C:\Program Files\Android\Android Studio\jre\bin\verify.dll
0x00007ffe565d0000 - 0x00007ffe56799000 	C:\Windows\SYSTEM32\DBGHELP.DLL
0x00007ffe56580000 - 0x00007ffe565a9000 	C:\Windows\SYSTEM32\dbgcore.DLL
0x00007ffe5fd40000 - 0x00007ffe5fd69000 	C:\Program Files\Android\Android Studio\jre\bin\java.dll
0x00007ffe62860000 - 0x00007ffe6286b000 	C:\Program Files\Android\Android Studio\jre\bin\jimage.dll
0x00007ffe5fde0000 - 0x00007ffe5fdf8000 	C:\Program Files\Android\Android Studio\jre\bin\zip.dll
0x00007ffe68520000 - 0x00007ffe69960000 	C:\Windows\System32\SHELL32.dll
0x00007ffe6a6f0000 - 0x00007ffe6a799000 	C:\Windows\System32\shcore.dll
0x00007ffe675c0000 - 0x00007ffe67ccd000 	C:\Windows\System32\windows.storage.dll
0x00007ffe68390000 - 0x00007ffe683e1000 	C:\Windows\System32\shlwapi.dll
0x00007ffe670e0000 - 0x00007ffe670ff000 	C:\Windows\System32\profapi.dll
0x00007ffe67040000 - 0x00007ffe6708c000 	C:\Windows\System32\powrprof.dll
0x00007ffe670d0000 - 0x00007ffe670da000 	C:\Windows\System32\FLTLIB.DLL
0x00007ffe5fc80000 - 0x00007ffe5fc9a000 	C:\Program Files\Android\Android Studio\jre\bin\net.dll
0x00007ffe62bb0000 - 0x00007ffe62c8d000 	C:\Windows\SYSTEM32\WINHTTP.dll
0x00007ffe668c0000 - 0x00007ffe66926000 	C:\Windows\system32\mswsock.dll
0x00007ffe5fb30000 - 0x00007ffe5fb44000 	C:\Program Files\Android\Android Studio\jre\bin\nio.dll
0x00007ffe50bc0000 - 0x00007ffe50be7000 	C:\Users\MISHECK\.gradle\native\fdc75f09e3144964f2cf3f50f0aa648679c211496f362492102eb8c894070792\windows-amd64\native-platform.dll
0x00007ffe42030000 - 0x00007ffe421c6000 	C:\Users\MISHECK\.gradle\native\12488b8bf47d2d4c9fbf2f6322a914ad602e24e48041cd04a747c6da556b65c4\windows-amd64\native-platform-file-events.dll
0x00007ffe62660000 - 0x00007ffe6266a000 	C:\Program Files\Android\Android Studio\jre\bin\management.dll
0x00007ffe625f0000 - 0x00007ffe625fc000 	C:\Program Files\Android\Android Studio\jre\bin\management_ext.dll
0x00007ffe66a70000 - 0x00007ffe66a87000 	C:\Windows\SYSTEM32\CRYPTSP.dll
0x00007ffe66440000 - 0x00007ffe66473000 	C:\Windows\system32\rsaenh.dll
0x00007ffe66ba0000 - 0x00007ffe66bc5000 	C:\Windows\SYSTEM32\bcrypt.dll
0x00007ffe66f40000 - 0x00007ffe66f68000 	C:\Windows\SYSTEM32\USERENV.dll
0x00007ffe66a90000 - 0x00007ffe66a9b000 	C:\Windows\SYSTEM32\CRYPTBASE.dll
0x00007ffe665e0000 - 0x00007ffe66618000 	C:\Windows\SYSTEM32\IPHLPAPI.DLL
0x00007ffe681c0000 - 0x00007ffe681c8000 	C:\Windows\System32\NSI.dll
0x00007ffe5b890000 - 0x00007ffe5b8a6000 	C:\Windows\SYSTEM32\dhcpcsvc6.DLL
0x00007ffe5b870000 - 0x00007ffe5b88a000 	C:\Windows\SYSTEM32\dhcpcsvc.DLL
0x00007ffe5c950000 - 0x00007ffe5c95b000 	C:\Windows\SYSTEM32\WINNSI.DLL
0x00007ffe5d2d0000 - 0x00007ffe5d2f7000 	C:\Program Files\Android\Android Studio\jre\bin\sunec.dll
0x00007ffe66620000 - 0x00007ffe666de000 	C:\Windows\SYSTEM32\DNSAPI.dll
0x00007ffe59d90000 - 0x00007ffe59d9a000 	C:\Windows\System32\rasadhlp.dll
0x00007ffe5a320000 - 0x00007ffe5a392000 	C:\Windows\System32\fwpuclnt.dll
0x00007ffe519d0000 - 0x00007ffe51b72000 	C:\Program Files\Android\Android Studio\jre\bin\awt.dll
0x00007ffe682c0000 - 0x00007ffe68382000 	C:\Windows\System32\OLEAUT32.dll
0x00007ffe657d0000 - 0x00007ffe657f9000 	C:\Windows\SYSTEM32\dwmapi.dll
0x00007ffe653c0000 - 0x00007ffe6544b000 	C:\Windows\SYSTEM32\apphelp.dll
0x00007ffe65540000 - 0x00007ffe655d8000 	C:\Windows\system32\uxtheme.dll

dbghelp: loaded successfully - version: 4.0.5 - missing functions: none
symbol engine: initialized successfully - sym options: 0x614 - pdb path: .;C:\Program Files\Android\Android Studio\jre\bin;C:\Windows\SYSTEM32;C:\Windows\WinSxS\amd64_microsoft.windows.common-controls_6595b64144ccf1df_6.0.17133.73_none_b4b127863cb5b9c7;C:\Program Files\Android\Android Studio\jre\bin\server;C:\Users\MISHECK\.gradle\native\fdc75f09e3144964f2cf3f50f0aa648679c211496f362492102eb8c894070792\windows-amd64;C:\Users\MISHECK\.gradle\native\12488b8bf47d2d4c9fbf2f6322a914ad602e24e48041cd04a747c6da556b65c4\windows-amd64

VM Arguments:
jvm_args: --add-opens=java.base/java.util=ALL-UNNAMED --add-opens=java.base/java.lang=ALL-UNNAMED --add-opens=java.base/java.lang.invoke=ALL-UNNAMED --add-opens=java.prefs/java.util.prefs=ALL-UNNAMED -Xmx2048m -Dfile.encoding=UTF-8 -Duser.country=US -Duser.language=en -Duser.variant 
java_command: org.gradle.launcher.daemon.bootstrap.GradleDaemon 6.7.1
java_class_path (initial): C:\Users\MISHECK\.gradle\wrapper\dists\gradle-6.7.1-bin\bwlcbys1h7rz3272sye1xwiv6\gradle-6.7.1\lib\gradle-launcher-6.7.1.jar
Launcher Type: SUN_STANDARD

[Global flags]
     intx CICompilerCount                          = 2                                         {product} {ergonomic}
     uint ConcGCThreads                            = 1                                         {product} {ergonomic}
     uint G1ConcRefinementThreads                  = 2                                         {product} {ergonomic}
   size_t G1HeapRegionSize                         = 1048576                                   {product} {ergonomic}
    uintx GCDrainStackTargetSize                   = 64                                        {product} {ergonomic}
   size_t InitialHeapSize                          = 67108864                                  {product} {ergonomic}
   size_t MarkStackSize                            = 4194304                                   {product} {ergonomic}
   size_t MaxHeapSize                              = 2147483648                                {product} {command line}
   size_t MaxNewSize                               = 1287651328                                {product} {ergonomic}
   size_t MinHeapDeltaBytes                        = 1048576                                   {product} {ergonomic}
    uintx NonNMethodCodeHeapSize                   = 5825164                                {pd product} {ergonomic}
    uintx NonProfiledCodeHeapSize                  = 122916538                              {pd product} {ergonomic}
    uintx ProfiledCodeHeapSize                     = 122916538                              {pd product} {ergonomic}
    uintx ReservedCodeCacheSize                    = 251658240                              {pd product} {ergonomic}
     bool SegmentedCodeCache                       = true                                      {product} {ergonomic}
     bool UseCompressedClassPointers               = true                                 {lp64_product} {ergonomic}
     bool UseCompressedOops                        = true                                 {lp64_product} {ergonomic}
     bool UseG1GC                                  = true                                      {product} {ergonomic}
     bool UseLargePagesIndividualAllocation        = false                                  {pd product} {ergonomic}

Logging:
Log output configuration:
 #0: stdout all=warning uptime,level,tags
 #1: stderr all=off uptime,level,tags

Environment Variables:
JAVA_HOME=C:\Program Files\Java\jdk1.8.0_191
PATH=C:\Program Files (x86)\Common Files\Oracle\Java\javapath;C:\Windows\system32;C:\Windows;C:\Windows\System32\Wbem;C:\Windows\System32\WindowsPowerShell\v1.0\;C:\Windows\System32\OpenSSH\;C:\Program Files (x86)\Git\cmd;C:\Program Files\nodejs\;C:\Program Files\Java\jdk1.8.0_191\bin;C:\Users\MISHECK\AppData\Roaming\npm;C:\Exercism;C:\Users\MISHECK\AppData\Local\Programs\Python\Python39;C:\Users\MISHECK\AppData\Local\Programs\Microsoft VS Code\bin;C:\Program Files\CodeBlocks\MinGW\bin;
USERNAME=MISHECK
OS=Windows_NT
PROCESSOR_IDENTIFIER=Intel64 Family 6 Model 55 Stepping 8, GenuineIntel



---------------  S Y S T E M  ---------------

OS: Windows 10 , 64 bit Build 17133 (10.0.17133.73)
OS uptime: 2 days 16:22 hours

CPU:total 2 (initial active 2) (2 cores per cpu, 1 threads per core) family 6 model 55 stepping 8, cmov, cx8, fxsr, mmx, sse, sse2, sse3, ssse3, sse4.1, sse4.2, popcnt, clmul, erms, 3dnowpref, tsc, tscinvbit

Memory: 4k page, system-wide physical 3987M (354M free)
TotalPageFile size 5381M (AvailPageFile size 6M)
current process WorkingSet (physical memory assigned to process): 615M, peak: 615M
current process commit charge ("private bytes"): 734M, peak: 735M

vm_info: OpenJDK 64-Bit Server VM (11.0.8+10-b944.6842174) for windows-amd64 JRE (11.0.8+10-b944.6842174), built on Sep 19 2020 01:11:42 by "builder" with MS VC++ 14.0 (VS2015)

END.
