#
# There is insufficient memory for the Java Runtime Environment to continue.
# Native memory allocation (mmap) failed to map 396361728 bytes for Failed to commit area from 0x0000000095100000 to 0x00000000acb00000 of length 396361728.
# Possible reasons:
#   The system is out of physical RAM or swap space
#   The process is running with CompressedOops enabled, and the Java Heap may be blocking the growth of the native heap
# Possible solutions:
#   Reduce memory load on the system
#   Increase physical memory or swap space
#   Check if swap backing store is full
#   Decrease Java heap size (-Xmx/-Xms)
#   Decrease number of Java threads
#   Decrease Java thread stack sizes (-Xss)
#   Set larger code cache with -XX:ReservedCodeCacheSize=
#   JVM is running with Unscaled Compressed Oops mode in which the Java heap is
#     placed in the first 4GB address space. The Java Heap base address is the
#     maximum limit for the native heap growth. Please use -XX:HeapBaseMinAddress
#     to set the Java Heap base and to place the Java Heap above 4GB virtual address.
# This output file may be truncated or incomplete.
#
#  Out of Memory Error (./src/hotspot/os/windows/os_windows.cpp:3303), pid=4344, tid=7892
#
# JRE version: OpenJDK Runtime Environment (11.0.8+10) (build 11.0.8+10-b944.6842174)
# Java VM: OpenJDK 64-Bit Server VM (11.0.8+10-b944.6842174, mixed mode, tiered, compressed oops, g1 gc, windows-amd64)
# No core dump will be written. Minidumps are not enabled by default on client versions of Windows
#

---------------  S U M M A R Y ------------

Command Line: --add-opens=java.base/java.util=ALL-UNNAMED --add-opens=java.base/java.lang=ALL-UNNAMED --add-opens=java.base/java.lang.invoke=ALL-UNNAMED --add-opens=java.prefs/java.util.prefs=ALL-UNNAMED -Xmx2048m -Dfile.encoding=UTF-8 -Duser.country=US -Duser.language=en -Duser.variant org.gradle.launcher.daemon.bootstrap.GradleDaemon 6.7.1

Host: Intel(R) Celeron(R) CPU  N2840  @ 2.16GHz, 2 cores, 3G,  Windows 10 , 64 bit Build 17133 (10.0.17133.73)
Time: Sat Jul 10 00:18:56 2021 Pacific Daylight Time elapsed time: 375 seconds (0d 0h 6m 15s)

---------------  T H R E A D  ---------------

Current thread (0x00000246fe85a000):  VMThread "VM Thread" [stack: 0x000000a3a2f00000,0x000000a3a3000000] [id=7892]

Stack: [0x000000a3a2f00000,0x000000a3a3000000]
[error occurred during error reporting (printing stack bounds), id 0xc0000005, EXCEPTION_ACCESS_VIOLATION (0xc0000005) at pc=0x0000024680000dbe]

Native frames: (J=compiled Java code, j=interpreted, Vv=VM code, C=native code)
V  [jvm.dll+0x5de50a]
V  [jvm.dll+0x7122f5]
V  [jvm.dll+0x71384d]
V  [jvm.dll+0x713e65]
V  [jvm.dll+0x713e1b]
V  [jvm.dll+0x5dd958]
V  [jvm.dll+0x5de0f8]
C  [ntdll.dll+0x9eddd]
C  [ntdll.dll+0x6c86]
C  [ntdll.dll+0x9dd0e]
C  0x0000024680000dbe

VM_Operation (0x000000a3ab8fd320): G1CollectForAllocation, mode: safepoint, requested by thread 0x00000246986d5800


---------------  P R O C E S S  ---------------

Threads class SMR info:
_java_thread_list=0x000002469a7c73a0, length=45, elements={
0x00000246fa16a800, 0x00000246fe85f000, 0x00000246fe860000, 0x00000246ff0e0800,
0x00000246ff0e1800, 0x00000246ff0e3800, 0x00000246fe8dc000, 0x00000246ff13c000,
0x00000246ff221800, 0x00000246ff24a000, 0x0000024695bfa000, 0x0000024695bc4000,
0x00000246ffab5800, 0x000002469671e000, 0x000002469671f000, 0x000002469671f800,
0x0000024695c52000, 0x0000024695c51800, 0x0000024695069000, 0x000002469506b800,
0x000002469506b000, 0x000002469506c800, 0x000002469506d800, 0x000002469506e000,
0x0000024695070000, 0x000002469506a000, 0x0000024695073000, 0x0000024695076800,
0x0000024695074000, 0x0000024695074800, 0x0000024695075800, 0x0000024695070800,
0x0000024698842800, 0x0000024698843000, 0x0000024698844000, 0x0000024698845000,
0x000002469883f000, 0x00000246986d5800, 0x00000246986d5000, 0x00000246986d9000,
0x00000246986d3800, 0x0000024695c54000, 0x0000024695c53000, 0x0000024695c55800,
0x0000024695c50800
}

Java Threads: ( => current thread )
  0x00000246fa16a800 JavaThread "main" [_thread_blocked, id=13120, stack(0x000000a3a2900000,0x000000a3a2a00000)]
  0x00000246fe85f000 JavaThread "Reference Handler" daemon [_thread_blocked, id=9128, stack(0x000000a3a3000000,0x000000a3a3100000)]
  0x00000246fe860000 JavaThread "Finalizer" daemon [_thread_blocked, id=13752, stack(0x000000a3a3100000,0x000000a3a3200000)]
  0x00000246ff0e0800 JavaThread "Signal Dispatcher" daemon [_thread_blocked, id=13608, stack(0x000000a3a3200000,0x000000a3a3300000)]
  0x00000246ff0e1800 JavaThread "Attach Listener" daemon [_thread_blocked, id=5716, stack(0x000000a3a3300000,0x000000a3a3400000)]
  0x00000246ff0e3800 JavaThread "C2 CompilerThread0" daemon [_thread_blocked, id=6360, stack(0x000000a3a3400000,0x000000a3a3500000)]
  0x00000246fe8dc000 JavaThread "C1 CompilerThread0" daemon [_thread_blocked, id=14028, stack(0x000000a3a3500000,0x000000a3a3600000)]
  0x00000246ff13c000 JavaThread "Sweeper thread" daemon [_thread_blocked, id=13104, stack(0x000000a3a3600000,0x000000a3a3700000)]
  0x00000246ff221800 JavaThread "Common-Cleaner" daemon [_thread_blocked, id=11424, stack(0x000000a3a3700000,0x000000a3a3800000)]
  0x00000246ff24a000 JavaThread "Service Thread" daemon [_thread_blocked, id=4200, stack(0x000000a3a3800000,0x000000a3a3900000)]
  0x0000024695bfa000 JavaThread "Daemon health stats" [_thread_blocked, id=12428, stack(0x000000a3a3b00000,0x000000a3a3c00000)]
  0x0000024695bc4000 JavaThread "Incoming local TCP Connector on port 61951" [_thread_in_native, id=3252, stack(0x000000a3a3d00000,0x000000a3a3e00000)]
  0x00000246ffab5800 JavaThread "Daemon periodic checks" [_thread_blocked, id=12316, stack(0x000000a3a3e00000,0x000000a3a3f00000)]
  0x000002469671e000 JavaThread "Cache worker for file hash cache (C:\Users\MISHECK\.gradle\caches\6.7.1\fileHashes)" [_thread_blocked, id=12328, stack(0x000000a3a4600000,0x000000a3a4700000)]
  0x000002469671f000 JavaThread "File lock request listener" [_thread_in_native, id=12044, stack(0x000000a3a4700000,0x000000a3a4800000)]
  0x000002469671f800 JavaThread "Cache worker for journal cache (C:\Users\MISHECK\.gradle\caches\journal-1)" [_thread_blocked, id=200, stack(0x000000a3a4800000,0x000000a3a4900000)]
  0x0000024695c52000 JavaThread "Cache worker for execution history cache (C:\Users\MISHECK\.gradle\caches\6.7.1\executionHistory)" [_thread_blocked, id=680, stack(0x000000a3a6200000,0x000000a3a6300000)]
  0x0000024695c51800 JavaThread "Cache worker for file content cache (C:\Users\MISHECK\.gradle\caches\6.7.1\fileContent)" [_thread_blocked, id=288, stack(0x000000a3a6300000,0x000000a3a6400000)]
  0x0000024695069000 JavaThread "Memory manager" [_thread_blocked, id=11592, stack(0x000000a3ab300000,0x000000a3ab400000)]
  0x000002469506b800 JavaThread "Daemon Thread 2" [_thread_blocked, id=1820, stack(0x000000a3a2600000,0x000000a3a2700000)]
  0x000002469506b000 JavaThread "Handler for socket connection from /127.0.0.1:61951 to /127.0.0.1:61969" [_thread_in_native, id=7020, stack(0x000000a3a2800000,0x000000a3a2900000)]
  0x000002469506c800 JavaThread "Cancel handler" [_thread_blocked, id=12692, stack(0x000000a3a3f00000,0x000000a3a4000000)]
  0x000002469506d800 JavaThread "Daemon worker Thread 2" [_thread_blocked, id=14164, stack(0x000000a3a4000000,0x000000a3a4100000)]
  0x000002469506e000 JavaThread "Asynchronous log dispatcher for DefaultDaemonConnection: socket connection from /127.0.0.1:61951 to /127.0.0.1:61969" [_thread_blocked, id=10148, stack(0x000000a3a4100000,0x000000a3a4200000)]
  0x0000024695070000 JavaThread "Thread-126" [_thread_blocked, id=5124, stack(0x000000a3a4300000,0x000000a3a4400000)]
  0x000002469506a000 JavaThread "Cache worker for file hash cache (C:\Users\MISHECK\AndroidStudioProjects\ChildSafetyApp\.gradle\6.7.1\fileHashes)" [_thread_blocked, id=11668, stack(0x000000a3a4400000,0x000000a3a4500000)]
  0x0000024695073000 JavaThread "Cache worker for checksums cache (C:\Users\MISHECK\AndroidStudioProjects\ChildSafetyApp\.gradle\checksums)" [_thread_blocked, id=8108, stack(0x000000a3a4500000,0x000000a3a4600000)]
  0x0000024695076800 JavaThread "Cache worker for cache directory md-supplier (C:\Users\MISHECK\.gradle\caches\6.7.1\md-supplier)" [_thread_blocked, id=4896, stack(0x000000a3a4900000,0x000000a3a4a00000)]
  0x0000024695074000 JavaThread "Cache worker for cache directory md-rule (C:\Users\MISHECK\.gradle\caches\6.7.1\md-rule)" [_thread_blocked, id=9024, stack(0x000000a3a4a00000,0x000000a3a4b00000)]
  0x0000024695074800 JavaThread "Cache worker for Build Output Cleanup Cache (C:\Users\MISHECK\AndroidStudioProjects\ChildSafetyApp\.gradle\buildOutputCleanup)" [_thread_blocked, id=13076, stack(0x000000a3a4b00000,0x000000a3a4c00000)]
  0x0000024695075800 JavaThread "Build operations" [_thread_blocked, id=5832, stack(0x000000a3a4c00000,0x000000a3a4d00000)]
  0x0000024695070800 JavaThread "Build operations Thread 2" [_thread_blocked, id=14224, stack(0x000000a3a4d00000,0x000000a3a4e00000)]
  0x0000024698842800 JavaThread "build event listener" [_thread_blocked, id=5396, stack(0x000000a3ab100000,0x000000a3ab200000)]
  0x0000024698843000 JavaThread "build event listener" [_thread_blocked, id=7044, stack(0x000000a3ab200000,0x000000a3ab300000)]
  0x0000024698844000 JavaThread "Execution worker for ':'" [_thread_blocked, id=7408, stack(0x000000a3ab400000,0x000000a3ab500000)]
  0x0000024698845000 JavaThread "Cache worker for execution history cache (C:\Users\MISHECK\AndroidStudioProjects\ChildSafetyApp\.gradle\6.7.1\executionHistory)" [_thread_blocked, id=13532, stack(0x000000a3ab500000,0x000000a3ab600000)]
  0x000002469883f000 JavaThread "WorkerExecutor Queue" [_thread_blocked, id=12104, stack(0x000000a3ab700000,0x000000a3ab800000)]
  0x00000246986d5800 JavaThread "WorkerExecutor Queue Thread 2" [_thread_blocked, id=1464, stack(0x000000a3ab800000,0x000000a3ab900000)]
  0x00000246986d5000 JavaThread "pool-7-thread-1" [_thread_blocked, id=12468, stack(0x000000a3ab900000,0x000000a3aba00000)]
  0x00000246986d9000 JavaThread "stderr" [_thread_in_native, id=13668, stack(0x000000a3aba00000,0x000000a3abb00000)]
  0x00000246986d3800 JavaThread "stdout" [_thread_in_native, id=2068, stack(0x000000a3abb00000,0x000000a3abc00000)]
  0x0000024695c54000 JavaThread "Cache worker for Java compile cache (C:\Users\MISHECK\.gradle\caches\6.7.1\javaCompile)" [_thread_blocked, id=8392, stack(0x000000a3a4200000,0x000000a3a4300000)]
  0x0000024695c53000 JavaThread "Cache worker for Java compile cache (C:\Users\MISHECK\AndroidStudioProjects\ChildSafetyApp\.gradle\6.7.1\javaCompile)" [_thread_blocked, id=8264, stack(0x000000a3a4e00000,0x000000a3a4f00000)]
  0x0000024695c55800 JavaThread "ForkJoinPool-2-worker-3" daemon [_thread_blocked, id=5092, stack(0x000000a3a4f00000,0x000000a3a5000000)]
  0x0000024695c50800 JavaThread "ForkJoinPool-2-worker-1" daemon [_thread_blocked, id=10472, stack(0x000000a3a5000000,0x000000a3a5100000)]

Other Threads:
=>0x00000246fe85a000 VMThread "VM Thread" [stack: 0x000000a3a2f00000,0x000000a3a3000000] [id=7892]
  0x00000246ff24b000 WatcherThread [stack: 0x000000a3a3900000,0x000000a3a3a00000] [id=10296]
  0x00000246fa181800 GCTaskThread "GC Thread#0" [stack: 0x000000a3a2a00000,0x000000a3a2b00000] [id=8736]
  0x00000246ff2f7800 GCTaskThread "GC Thread#1" [stack: 0x000000a3a3a00000,0x000000a3a3b00000] [id=5192]
  0x00000246fa1b0800 ConcurrentGCThread "G1 Main Marker" [stack: 0x000000a3a2b00000,0x000000a3a2c00000] [id=12208]
  0x00000246fa1b3000 ConcurrentGCThread "G1 Conc#0" [stack: 0x000000a3a2c00000,0x000000a3a2d00000] [id=8156]
  0x00000246fa202000 ConcurrentGCThread "G1 Refine#0" [stack: 0x000000a3a2d00000,0x000000a3a2e00000] [id=13296]
  0x0000024698c95800 ConcurrentGCThread "G1 Refine#1" [stack: 0x000000a3ab600000,0x000000a3ab700000] [id=6168]
  0x00000246fa203000 ConcurrentGCThread "G1 Young RemSet Sampling" [stack: 0x000000a3a2e00000,0x000000a3a2f00000] [id=13600]

Threads with active compile tasks:
C2 CompilerThread0 375698 19329       4       com.android.tools.r8.dex.P$g::a (35 bytes)

VM state:at safepoint (normal execution)

VM Mutex/Monitor currently owned by a thread:  ([mutex/lock_event])
[0x00000246fa1694d0] Threads_lock - owner thread: 0x00000246fe85a000
[0x00000246fa169b90] Heap_lock - owner thread: 0x00000246986d5800

Heap address: 0x0000000080000000, size: 2048 MB, Compressed Oops mode: 32-bit
Narrow klass base: 0x0000000000000000, Narrow klass shift: 3
Compressed class space size: 1073741824 Address: 0x0000000100000000

Heap:
 garbage-first heap   total 732160K, used 220672K [0x0000000080000000, 0x0000000100000000)
  region size 1024K, 4 young (4096K), 4 survivors (4096K)
 Metaspace       used 131165K, capacity 134570K, committed 134812K, reserved 1167360K
  class space    used 16167K, capacity 17343K, committed 17356K, reserved 1048576K
Heap Regions: E=young(eden), S=young(survivor), O=old, HS=humongous(starts), HC=humongous(continues), CS=collection set, F=free, A=archive, TAMS=top-at-mark-start (previous, next)
|   0|0x0000000080000000, 0x0000000080100000, 0x0000000080100000|100%| O|  |TAMS 0x0000000080100000, 0x0000000080000000| Untracked 
|   1|0x0000000080100000, 0x0000000080200000, 0x0000000080200000|100%| O|  |TAMS 0x0000000080200000, 0x0000000080100000| Untracked 
|   2|0x0000000080200000, 0x0000000080300000, 0x0000000080300000|100%|HS|  |TAMS 0x0000000080300000, 0x0000000080200000| Complete 
|   3|0x0000000080300000, 0x0000000080400000, 0x0000000080400000|100%| O|  |TAMS 0x0000000080400000, 0x0000000080300000| Untracked 
|   4|0x0000000080400000, 0x0000000080500000, 0x0000000080500000|100%|HS|  |TAMS 0x0000000080500000, 0x0000000080400000| Complete 
|   5|0x0000000080500000, 0x0000000080600000, 0x0000000080600000|100%|HC|  |TAMS 0x0000000080600000, 0x0000000080500000| Complete 
|   6|0x0000000080600000, 0x0000000080700000, 0x0000000080700000|100%|HC|  |TAMS 0x0000000080700000, 0x0000000080600000| Complete 
|   7|0x0000000080700000, 0x0000000080800000, 0x0000000080800000|100%| O|  |TAMS 0x0000000080800000, 0x0000000080700000| Untracked 
|   8|0x0000000080800000, 0x0000000080900000, 0x0000000080900000|100%| O|  |TAMS 0x0000000080900000, 0x0000000080800000| Untracked 
|   9|0x0000000080900000, 0x0000000080a00000, 0x0000000080a00000|100%| O|  |TAMS 0x0000000080a00000, 0x0000000080900000| Untracked 
|  10|0x0000000080a00000, 0x0000000080b00000, 0x0000000080b00000|100%| O|  |TAMS 0x0000000080b00000, 0x0000000080a00000| Untracked 
|  11|0x0000000080b00000, 0x0000000080c00000, 0x0000000080c00000|100%| O|  |TAMS 0x0000000080c00000, 0x0000000080b00000| Untracked 
|  12|0x0000000080c00000, 0x0000000080d00000, 0x0000000080d00000|100%| O|  |TAMS 0x0000000080d00000, 0x0000000080c00000| Untracked 
|  13|0x0000000080d00000, 0x0000000080e00000, 0x0000000080e00000|100%| O|  |TAMS 0x0000000080e00000, 0x0000000080d00000| Untracked 
|  14|0x0000000080e00000, 0x0000000080f00000, 0x0000000080f00000|100%| O|  |TAMS 0x0000000080f00000, 0x0000000080e00000| Untracked 
|  15|0x0000000080f00000, 0x0000000081000000, 0x0000000081000000|100%| O|  |TAMS 0x0000000081000000, 0x0000000080f00000| Untracked 
|  16|0x0000000081000000, 0x0000000081100000, 0x0000000081100000|100%| O|  |TAMS 0x0000000081100000, 0x0000000081000000| Untracked 
|  17|0x0000000081100000, 0x0000000081200000, 0x0000000081200000|100%|HS|  |TAMS 0x0000000081200000, 0x0000000081100000| Complete 
|  18|0x0000000081200000, 0x0000000081300000, 0x0000000081300000|100%|HC|  |TAMS 0x0000000081300000, 0x0000000081200000| Complete 
|  19|0x0000000081300000, 0x0000000081400000, 0x0000000081400000|100%|HS|  |TAMS 0x0000000081400000, 0x0000000081300000| Complete 
|  20|0x0000000081400000, 0x0000000081500000, 0x0000000081500000|100%|HC|  |TAMS 0x0000000081500000, 0x0000000081400000| Complete 
|  21|0x0000000081500000, 0x0000000081600000, 0x0000000081600000|100%|HC|  |TAMS 0x0000000081600000, 0x0000000081500000| Complete 
|  22|0x0000000081600000, 0x0000000081700000, 0x0000000081700000|100%|HS|  |TAMS 0x0000000081700000, 0x0000000081600000| Complete 
|  23|0x0000000081700000, 0x0000000081800000, 0x0000000081800000|100%|HC|  |TAMS 0x0000000081800000, 0x0000000081700000| Complete 
|  24|0x0000000081800000, 0x0000000081900000, 0x0000000081900000|100%|HC|  |TAMS 0x0000000081900000, 0x0000000081800000| Complete 
|  25|0x0000000081900000, 0x0000000081a00000, 0x0000000081a00000|100%|HC|  |TAMS 0x0000000081a00000, 0x0000000081900000| Complete 
|  26|0x0000000081a00000, 0x0000000081b00000, 0x0000000081b00000|100%| O|  |TAMS 0x0000000081b00000, 0x0000000081a00000| Untracked 
|  27|0x0000000081b00000, 0x0000000081c00000, 0x0000000081c00000|100%| O|  |TAMS 0x0000000081c00000, 0x0000000081b00000| Untracked 
|  28|0x0000000081c00000, 0x0000000081d00000, 0x0000000081d00000|100%| O|  |TAMS 0x0000000081d00000, 0x0000000081c00000| Untracked 
|  29|0x0000000081d00000, 0x0000000081e00000, 0x0000000081e00000|100%| O|  |TAMS 0x0000000081e00000, 0x0000000081d00000| Untracked 
|  30|0x0000000081e00000, 0x0000000081f00000, 0x0000000081f00000|100%| O|  |TAMS 0x0000000081f00000, 0x0000000081e00000| Untracked 
|  31|0x0000000081f00000, 0x0000000082000000, 0x0000000082000000|100%| O|  |TAMS 0x0000000082000000, 0x0000000081f00000| Untracked 
|  32|0x0000000082000000, 0x0000000082100000, 0x0000000082100000|100%| O|  |TAMS 0x0000000082100000, 0x0000000082000000| Untracked 
|  33|0x0000000082100000, 0x0000000082200000, 0x0000000082200000|100%| O|  |TAMS 0x0000000082200000, 0x0000000082100000| Untracked 
|  34|0x0000000082200000, 0x0000000082300000, 0x0000000082300000|100%|HS|  |TAMS 0x0000000082300000, 0x0000000082200000| Complete 
|  35|0x0000000082300000, 0x0000000082400000, 0x0000000082400000|100%|HC|  |TAMS 0x0000000082400000, 0x0000000082300000| Complete 
|  36|0x0000000082400000, 0x0000000082500000, 0x0000000082500000|100%|HC|  |TAMS 0x0000000082500000, 0x0000000082400000| Complete 
|  37|0x0000000082500000, 0x0000000082600000, 0x0000000082600000|100%|HC|  |TAMS 0x0000000082600000, 0x0000000082500000| Complete 
|  38|0x0000000082600000, 0x0000000082700000, 0x0000000082700000|100%|HS|  |TAMS 0x0000000082700000, 0x0000000082600000| Complete 
|  39|0x0000000082700000, 0x0000000082800000, 0x0000000082800000|100%|HC|  |TAMS 0x0000000082800000, 0x0000000082700000| Complete 
|  40|0x0000000082800000, 0x0000000082900000, 0x0000000082900000|100%|HC|  |TAMS 0x0000000082900000, 0x0000000082800000| Complete 
|  41|0x0000000082900000, 0x0000000082a00000, 0x0000000082a00000|100%| O|  |TAMS 0x0000000082a00000, 0x0000000082900000| Untracked 
|  42|0x0000000082a00000, 0x0000000082b00000, 0x0000000082b00000|100%| O|  |TAMS 0x0000000082b00000, 0x0000000082a00000| Untracked 
|  43|0x0000000082b00000, 0x0000000082c00000, 0x0000000082c00000|100%| O|  |TAMS 0x0000000082c00000, 0x0000000082b00000| Untracked 
|  44|0x0000000082c00000, 0x0000000082d00000, 0x0000000082d00000|100%| O|  |TAMS 0x0000000082d00000, 0x0000000082c00000| Untracked 
|  45|0x0000000082d00000, 0x0000000082e00000, 0x0000000082e00000|100%| O|  |TAMS 0x0000000082e00000, 0x0000000082d00000| Untracked 
|  46|0x0000000082e00000, 0x0000000082f00000, 0x0000000082f00000|100%| O|  |TAMS 0x0000000082f00000, 0x0000000082e00000| Untracked 
|  47|0x0000000082f00000, 0x0000000083000000, 0x0000000083000000|100%| O|  |TAMS 0x0000000083000000, 0x0000000082f00000| Untracked 
|  48|0x0000000083000000, 0x0000000083100000, 0x0000000083100000|100%| O|  |TAMS 0x0000000083100000, 0x0000000083000000| Untracked 
|  49|0x0000000083100000, 0x0000000083200000, 0x0000000083200000|100%|HS|  |TAMS 0x0000000083200000, 0x0000000083100000| Complete 
|  50|0x0000000083200000, 0x0000000083300000, 0x0000000083300000|100%| O|  |TAMS 0x0000000083300000, 0x0000000083200000| Untracked 
|  51|0x0000000083300000, 0x0000000083400000, 0x0000000083400000|100%| O|  |TAMS 0x0000000083400000, 0x0000000083300000| Untracked 
|  52|0x0000000083400000, 0x0000000083500000, 0x0000000083500000|100%|HS|  |TAMS 0x0000000083500000, 0x0000000083400000| Complete 
|  53|0x0000000083500000, 0x0000000083600000, 0x0000000083600000|100%|HS|  |TAMS 0x0000000083600000, 0x0000000083500000| Complete 
|  54|0x0000000083600000, 0x0000000083700000, 0x0000000083700000|100%|HC|  |TAMS 0x0000000083700000, 0x0000000083600000| Complete 
|  55|0x0000000083700000, 0x0000000083800000, 0x0000000083800000|100%| O|  |TAMS 0x0000000083800000, 0x0000000083700000| Untracked 
|  56|0x0000000083800000, 0x0000000083900000, 0x0000000083900000|100%| O|  |TAMS 0x0000000083900000, 0x0000000083800000| Untracked 
|  57|0x0000000083900000, 0x0000000083a00000, 0x0000000083a00000|100%| O|  |TAMS 0x0000000083a00000, 0x0000000083900000| Untracked 
|  58|0x0000000083a00000, 0x0000000083b00000, 0x0000000083b00000|100%| O|  |TAMS 0x0000000083b00000, 0x0000000083a00000| Untracked 
|  59|0x0000000083b00000, 0x0000000083c00000, 0x0000000083c00000|100%| O|  |TAMS 0x0000000083c00000, 0x0000000083b00000| Untracked 
|  60|0x0000000083c00000, 0x0000000083d00000, 0x0000000083d00000|100%| O|  |TAMS 0x0000000083d00000, 0x0000000083c00000| Untracked 
|  61|0x0000000083d00000, 0x0000000083e00000, 0x0000000083e00000|100%| O|  |TAMS 0x0000000083e00000, 0x0000000083d00000| Untracked 
|  62|0x0000000083e00000, 0x0000000083f00000, 0x0000000083f00000|100%| O|  |TAMS 0x0000000083f00000, 0x0000000083e00000| Untracked 
|  63|0x0000000083f00000, 0x0000000084000000, 0x0000000084000000|100%| O|  |TAMS 0x0000000084000000, 0x0000000083f00000| Untracked 
|  64|0x0000000084000000, 0x0000000084100000, 0x0000000084100000|100%| O|  |TAMS 0x0000000084100000, 0x0000000084000000| Untracked 
|  65|0x0000000084100000, 0x0000000084200000, 0x0000000084200000|100%| O|  |TAMS 0x0000000084200000, 0x0000000084100000| Untracked 
|  66|0x0000000084200000, 0x0000000084300000, 0x0000000084300000|100%| O|  |TAMS 0x0000000084300000, 0x0000000084200000| Untracked 
|  67|0x0000000084300000, 0x0000000084400000, 0x0000000084400000|100%| O|  |TAMS 0x0000000084400000, 0x0000000084300000| Untracked 
|  68|0x0000000084400000, 0x0000000084500000, 0x0000000084500000|100%| O|  |TAMS 0x0000000084500000, 0x0000000084400000| Untracked 
|  69|0x0000000084500000, 0x0000000084600000, 0x0000000084600000|100%| O|  |TAMS 0x0000000084600000, 0x0000000084500000| Untracked 
|  70|0x0000000084600000, 0x0000000084700000, 0x0000000084700000|100%| O|  |TAMS 0x0000000084700000, 0x0000000084600000| Untracked 
|  71|0x0000000084700000, 0x0000000084800000, 0x0000000084800000|100%| O|  |TAMS 0x0000000084800000, 0x0000000084700000| Untracked 
|  72|0x0000000084800000, 0x0000000084900000, 0x0000000084900000|100%| O|  |TAMS 0x0000000084900000, 0x0000000084800000| Untracked 
|  73|0x0000000084900000, 0x0000000084a00000, 0x0000000084a00000|100%| O|  |TAMS 0x0000000084a00000, 0x0000000084900000| Untracked 
|  74|0x0000000084a00000, 0x0000000084b00000, 0x0000000084b00000|100%| O|  |TAMS 0x0000000084b00000, 0x0000000084a00000| Untracked 
|  75|0x0000000084b00000, 0x0000000084c00000, 0x0000000084c00000|100%| O|  |TAMS 0x0000000084c00000, 0x0000000084b00000| Untracked 
|  76|0x0000000084c00000, 0x0000000084d00000, 0x0000000084d00000|100%| O|  |TAMS 0x0000000084d00000, 0x0000000084c00000| Untracked 
|  77|0x0000000084d00000, 0x0000000084e00000, 0x0000000084e00000|100%| O|  |TAMS 0x0000000084e00000, 0x0000000084d00000| Untracked 
|  78|0x0000000084e00000, 0x0000000084f00000, 0x0000000084f00000|100%| O|  |TAMS 0x0000000084f00000, 0x0000000084e00000| Untracked 
|  79|0x0000000084f00000, 0x0000000085000000, 0x0000000085000000|100%| O|  |TAMS 0x0000000085000000, 0x0000000084f00000| Untracked 
|  80|0x0000000085000000, 0x0000000085100000, 0x0000000085100000|100%| O|  |TAMS 0x0000000085100000, 0x0000000085000000| Untracked 
|  81|0x0000000085100000, 0x0000000085200000, 0x0000000085200000|100%| O|  |TAMS 0x0000000085200000, 0x0000000085100000| Untracked 
|  82|0x0000000085200000, 0x0000000085300000, 0x0000000085300000|100%| O|  |TAMS 0x0000000085200000, 0x0000000085200000| Untracked 
|  83|0x0000000085300000, 0x0000000085400000, 0x0000000085400000|100%| O|  |TAMS 0x0000000085300000, 0x0000000085300000| Untracked 
|  84|0x0000000085400000, 0x0000000085500000, 0x0000000085500000|100%| O|  |TAMS 0x0000000085500000, 0x0000000085400000| Untracked 
|  85|0x0000000085500000, 0x0000000085600000, 0x0000000085600000|100%| O|  |TAMS 0x0000000085600000, 0x0000000085500000| Untracked 
|  86|0x0000000085600000, 0x0000000085700000, 0x0000000085700000|100%| O|  |TAMS 0x0000000085700000, 0x0000000085600000| Untracked 
|  87|0x0000000085700000, 0x0000000085800000, 0x0000000085800000|100%| O|  |TAMS 0x0000000085800000, 0x0000000085700000| Untracked 
|  88|0x0000000085800000, 0x0000000085900000, 0x0000000085900000|100%| O|  |TAMS 0x0000000085900000, 0x0000000085800000| Untracked 
|  89|0x0000000085900000, 0x0000000085a00000, 0x0000000085a00000|100%| O|  |TAMS 0x0000000085900000, 0x0000000085900000| Untracked 
|  90|0x0000000085a00000, 0x0000000085b00000, 0x0000000085b00000|100%| O|  |TAMS 0x0000000085b00000, 0x0000000085a00000| Untracked 
|  91|0x0000000085b00000, 0x0000000085c00000, 0x0000000085c00000|100%| O|  |TAMS 0x0000000085c00000, 0x0000000085b00000| Untracked 
|  92|0x0000000085c00000, 0x0000000085d00000, 0x0000000085d00000|100%| O|  |TAMS 0x0000000085d00000, 0x0000000085c00000| Untracked 
|  93|0x0000000085d00000, 0x0000000085e00000, 0x0000000085e00000|100%| O|  |TAMS 0x0000000085e00000, 0x0000000085d00000| Untracked 
|  94|0x0000000085e00000, 0x0000000085f00000, 0x0000000085f00000|100%| O|  |TAMS 0x0000000085f00000, 0x0000000085e00000| Untracked 
|  95|0x0000000085f00000, 0x0000000086000000, 0x0000000086000000|100%| O|  |TAMS 0x0000000086000000, 0x0000000085f00000| Untracked 
|  96|0x0000000086000000, 0x0000000086100000, 0x0000000086100000|100%| O|  |TAMS 0x0000000086100000, 0x0000000086000000| Untracked 
|  97|0x0000000086100000, 0x0000000086200000, 0x0000000086200000|100%| O|  |TAMS 0x0000000086200000, 0x0000000086100000| Untracked 
|  98|0x0000000086200000, 0x0000000086300000, 0x0000000086300000|100%| O|  |TAMS 0x0000000086300000, 0x0000000086200000| Untracked 
|  99|0x0000000086300000, 0x0000000086400000, 0x0000000086400000|100%| O|  |TAMS 0x0000000086400000, 0x0000000086300000| Untracked 
| 100|0x0000000086400000, 0x0000000086500000, 0x0000000086500000|100%| O|  |TAMS 0x0000000086500000, 0x0000000086400000| Untracked 
| 101|0x0000000086500000, 0x0000000086600000, 0x0000000086600000|100%| O|  |TAMS 0x0000000086500000, 0x0000000086500000| Untracked 
| 102|0x0000000086600000, 0x0000000086700000, 0x0000000086700000|100%| O|  |TAMS 0x0000000086700000, 0x0000000086600000| Untracked 
| 103|0x0000000086700000, 0x0000000086800000, 0x0000000086800000|100%| O|  |TAMS 0x0000000086800000, 0x0000000086700000| Untracked 
| 104|0x0000000086800000, 0x0000000086900000, 0x0000000086900000|100%| O|  |TAMS 0x0000000086900000, 0x0000000086800000| Untracked 
| 105|0x0000000086900000, 0x0000000086a00000, 0x0000000086a00000|100%| O|  |TAMS 0x0000000086900000, 0x0000000086900000| Untracked 
| 106|0x0000000086a00000, 0x0000000086b00000, 0x0000000086b00000|100%| O|  |TAMS 0x0000000086b00000, 0x0000000086a00000| Untracked 
| 107|0x0000000086b00000, 0x0000000086c00000, 0x0000000086c00000|100%| O|  |TAMS 0x0000000086c00000, 0x0000000086b00000| Untracked 
| 108|0x0000000086c00000, 0x0000000086d00000, 0x0000000086d00000|100%| O|  |TAMS 0x0000000086d00000, 0x0000000086c00000| Untracked 
| 109|0x0000000086d00000, 0x0000000086e00000, 0x0000000086e00000|100%| O|  |TAMS 0x0000000086e00000, 0x0000000086d00000| Untracked 
| 110|0x0000000086e00000, 0x0000000086f00000, 0x0000000086f00000|100%| O|  |TAMS 0x0000000086f00000, 0x0000000086e00000| Untracked 
| 111|0x0000000086f00000, 0x0000000087000000, 0x0000000087000000|100%| O|  |TAMS 0x0000000087000000, 0x0000000086f00000| Untracked 
| 112|0x0000000087000000, 0x0000000087100000, 0x0000000087100000|100%| O|  |TAMS 0x0000000087100000, 0x0000000087000000| Untracked 
| 113|0x0000000087100000, 0x0000000087200000, 0x0000000087200000|100%| O|  |TAMS 0x0000000087200000, 0x0000000087100000| Untracked 
| 114|0x0000000087200000, 0x0000000087300000, 0x0000000087300000|100%| O|  |TAMS 0x0000000087300000, 0x0000000087200000| Untracked 
| 115|0x0000000087300000, 0x0000000087400000, 0x0000000087400000|100%| O|  |TAMS 0x0000000087400000, 0x0000000087300000| Untracked 
| 116|0x0000000087400000, 0x0000000087500000, 0x0000000087500000|100%| O|  |TAMS 0x0000000087400000, 0x0000000087400000| Untracked 
| 117|0x0000000087500000, 0x0000000087600000, 0x0000000087600000|100%| O|  |TAMS 0x0000000087500000, 0x0000000087500000| Untracked 
| 118|0x0000000087600000, 0x0000000087700000, 0x0000000087700000|100%| O|  |TAMS 0x0000000087700000, 0x0000000087600000| Untracked 
| 119|0x0000000087700000, 0x0000000087800000, 0x0000000087800000|100%| O|  |TAMS 0x0000000087800000, 0x0000000087700000| Untracked 
| 120|0x0000000087800000, 0x0000000087900000, 0x0000000087900000|100%| O|  |TAMS 0x0000000087900000, 0x0000000087800000| Untracked 
| 121|0x0000000087900000, 0x0000000087a00000, 0x0000000087a00000|100%| O|  |TAMS 0x0000000087a00000, 0x0000000087900000| Untracked 
| 122|0x0000000087a00000, 0x0000000087b00000, 0x0000000087b00000|100%| O|  |TAMS 0x0000000087b00000, 0x0000000087a00000| Untracked 
| 123|0x0000000087b00000, 0x0000000087c00000, 0x0000000087c00000|100%| O|  |TAMS 0x0000000087b00000, 0x0000000087b00000| Untracked 
| 124|0x0000000087c00000, 0x0000000087d00000, 0x0000000087d00000|100%| O|  |TAMS 0x0000000087d00000, 0x0000000087c00000| Untracked 
| 125|0x0000000087d00000, 0x0000000087e00000, 0x0000000087e00000|100%| O|  |TAMS 0x0000000087e00000, 0x0000000087d00000| Untracked 
| 126|0x0000000087e00000, 0x0000000087f00000, 0x0000000087f00000|100%| O|  |TAMS 0x0000000087f00000, 0x0000000087e00000| Untracked 
| 127|0x0000000087f00000, 0x0000000088000000, 0x0000000088000000|100%| O|  |TAMS 0x0000000087f00000, 0x0000000087f00000| Untracked 
| 128|0x0000000088000000, 0x0000000088100000, 0x0000000088100000|100%| O|  |TAMS 0x0000000088000000, 0x0000000088000000| Untracked 
| 129|0x0000000088100000, 0x0000000088200000, 0x0000000088200000|100%| O|  |TAMS 0x0000000088100000, 0x0000000088100000| Untracked 
| 130|0x0000000088200000, 0x0000000088300000, 0x0000000088300000|100%| O|  |TAMS 0x0000000088200000, 0x0000000088200000| Untracked 
| 131|0x0000000088300000, 0x0000000088400000, 0x0000000088400000|100%| O|  |TAMS 0x0000000088300000, 0x0000000088300000| Untracked 
| 132|0x0000000088400000, 0x0000000088500000, 0x0000000088500000|100%| O|  |TAMS 0x0000000088500000, 0x0000000088400000| Untracked 
| 133|0x0000000088500000, 0x0000000088600000, 0x0000000088600000|100%|HS|  |TAMS 0x0000000088600000, 0x0000000088500000| Complete 
| 134|0x0000000088600000, 0x0000000088700000, 0x0000000088700000|100%| O|  |TAMS 0x0000000088700000, 0x0000000088600000| Untracked 
| 135|0x0000000088700000, 0x0000000088800000, 0x0000000088800000|100%| O|  |TAMS 0x0000000088700000, 0x0000000088700000| Untracked 
| 136|0x0000000088800000, 0x0000000088900000, 0x0000000088900000|100%| O|  |TAMS 0x0000000088800000, 0x0000000088800000| Untracked 
| 137|0x0000000088900000, 0x0000000088a00000, 0x0000000088a00000|100%| O|  |TAMS 0x0000000088900000, 0x0000000088900000| Untracked 
| 138|0x0000000088a00000, 0x0000000088b00000, 0x0000000088b00000|100%|HS|  |TAMS 0x0000000088a00000, 0x0000000088a00000| Complete 
| 139|0x0000000088b00000, 0x0000000088c00000, 0x0000000088c00000|100%|HS|  |TAMS 0x0000000088b00000, 0x0000000088b00000| Complete 
| 140|0x0000000088c00000, 0x0000000088d00000, 0x0000000088d00000|100%| O|  |TAMS 0x0000000088c00000, 0x0000000088c00000| Untracked 
| 141|0x0000000088d00000, 0x0000000088e00000, 0x0000000088e00000|100%| O|  |TAMS 0x0000000088e00000, 0x0000000088d00000| Untracked 
| 142|0x0000000088e00000, 0x0000000088f00000, 0x0000000088f00000|100%| O|  |TAMS 0x0000000088f00000, 0x0000000088e00000| Untracked 
| 143|0x0000000088f00000, 0x0000000089000000, 0x0000000089000000|100%| O|  |TAMS 0x0000000089000000, 0x0000000088f00000| Untracked 
| 144|0x0000000089000000, 0x0000000089100000, 0x0000000089100000|100%| O|  |TAMS 0x0000000089100000, 0x0000000089000000| Untracked 
| 145|0x0000000089100000, 0x0000000089200000, 0x0000000089200000|100%| O|  |TAMS 0x0000000089100000, 0x0000000089100000| Untracked 
| 146|0x0000000089200000, 0x0000000089300000, 0x0000000089300000|100%| O|  |TAMS 0x0000000089200000, 0x0000000089200000| Untracked 
| 147|0x0000000089300000, 0x0000000089400000, 0x0000000089400000|100%| O|  |TAMS 0x0000000089300000, 0x0000000089300000| Untracked 
| 148|0x0000000089400000, 0x0000000089500000, 0x0000000089500000|100%| O|  |TAMS 0x0000000089400000, 0x0000000089400000| Untracked 
| 149|0x0000000089500000, 0x0000000089600000, 0x0000000089600000|100%| O|  |TAMS 0x0000000089600000, 0x0000000089500000| Untracked 
| 150|0x0000000089600000, 0x0000000089700000, 0x0000000089700000|100%| O|  |TAMS 0x0000000089600000, 0x0000000089600000| Untracked 
| 151|0x0000000089700000, 0x0000000089800000, 0x0000000089800000|100%|HS|  |TAMS 0x0000000089800000, 0x0000000089700000| Complete 
| 152|0x0000000089800000, 0x0000000089900000, 0x0000000089900000|100%|HC|  |TAMS 0x0000000089900000, 0x0000000089800000| Complete 
| 153|0x0000000089900000, 0x0000000089a00000, 0x0000000089a00000|100%|HC|  |TAMS 0x0000000089a00000, 0x0000000089900000| Complete 
| 154|0x0000000089a00000, 0x0000000089b00000, 0x0000000089b00000|100%|HC|  |TAMS 0x0000000089b00000, 0x0000000089a00000| Complete 
| 155|0x0000000089b00000, 0x0000000089c00000, 0x0000000089c00000|100%|HC|  |TAMS 0x0000000089c00000, 0x0000000089b00000| Complete 
| 156|0x0000000089c00000, 0x0000000089d00000, 0x0000000089d00000|100%|HC|  |TAMS 0x0000000089d00000, 0x0000000089c00000| Complete 
| 157|0x0000000089d00000, 0x0000000089e00000, 0x0000000089e00000|100%|HC|  |TAMS 0x0000000089e00000, 0x0000000089d00000| Complete 
| 158|0x0000000089e00000, 0x0000000089f00000, 0x0000000089f00000|100%|HC|  |TAMS 0x0000000089f00000, 0x0000000089e00000| Complete 
| 159|0x0000000089f00000, 0x000000008a000000, 0x000000008a000000|100%| O|  |TAMS 0x000000008a000000, 0x0000000089f00000| Untracked 
| 160|0x000000008a000000, 0x000000008a100000, 0x000000008a100000|100%| O|  |TAMS 0x000000008a100000, 0x000000008a000000| Untracked 
| 161|0x000000008a100000, 0x000000008a200000, 0x000000008a200000|100%| O|  |TAMS 0x000000008a200000, 0x000000008a100000| Untracked 
| 162|0x000000008a200000, 0x000000008a300000, 0x000000008a300000|100%| O|  |TAMS 0x000000008a300000, 0x000000008a200000| Untracked 
| 163|0x000000008a300000, 0x000000008a400000, 0x000000008a400000|100%| O|  |TAMS 0x000000008a400000, 0x000000008a300000| Untracked 
| 164|0x000000008a400000, 0x000000008a500000, 0x000000008a500000|100%| O|  |TAMS 0x000000008a500000, 0x000000008a400000| Untracked 
| 165|0x000000008a500000, 0x000000008a600000, 0x000000008a600000|100%| O|  |TAMS 0x000000008a600000, 0x000000008a500000| Untracked 
| 166|0x000000008a600000, 0x000000008a700000, 0x000000008a700000|100%| O|  |TAMS 0x000000008a700000, 0x000000008a600000| Untracked 
| 167|0x000000008a700000, 0x000000008a800000, 0x000000008a800000|100%|HS|  |TAMS 0x000000008a800000, 0x000000008a700000| Complete 
| 168|0x000000008a800000, 0x000000008a900000, 0x000000008a900000|100%|HC|  |TAMS 0x000000008a900000, 0x000000008a800000| Complete 
| 169|0x000000008a900000, 0x000000008aa00000, 0x000000008aa00000|100%|HC|  |TAMS 0x000000008aa00000, 0x000000008a900000| Complete 
| 170|0x000000008aa00000, 0x000000008ab00000, 0x000000008ab00000|100%|HC|  |TAMS 0x000000008ab00000, 0x000000008aa00000| Complete 
| 171|0x000000008ab00000, 0x000000008ac00000, 0x000000008ac00000|100%|HC|  |TAMS 0x000000008ac00000, 0x000000008ab00000| Complete 
| 172|0x000000008ac00000, 0x000000008ad00000, 0x000000008ad00000|100%|HC|  |TAMS 0x000000008ad00000, 0x000000008ac00000| Complete 
| 173|0x000000008ad00000, 0x000000008ae00000, 0x000000008ae00000|100%|HC|  |TAMS 0x000000008ae00000, 0x000000008ad00000| Complete 
| 174|0x000000008ae00000, 0x000000008af00000, 0x000000008af00000|100%|HC|  |TAMS 0x000000008af00000, 0x000000008ae00000| Complete 
| 175|0x000000008af00000, 0x000000008b000000, 0x000000008b000000|100%| O|  |TAMS 0x000000008b000000, 0x000000008af00000| Untracked 
| 176|0x000000008b000000, 0x000000008b100000, 0x000000008b100000|100%|HS|  |TAMS 0x000000008b100000, 0x000000008b000000| Complete 
| 177|0x000000008b100000, 0x000000008b200000, 0x000000008b200000|100%| O|  |TAMS 0x000000008b200000, 0x000000008b100000| Untracked 
| 178|0x000000008b200000, 0x000000008b300000, 0x000000008b300000|100%| O|  |TAMS 0x000000008b300000, 0x000000008b200000| Untracked 
| 179|0x000000008b300000, 0x000000008b400000, 0x000000008b400000|100%| O|  |TAMS 0x000000008b300000, 0x000000008b300000| Untracked 
| 180|0x000000008b400000, 0x000000008b500000, 0x000000008b500000|100%| O|  |TAMS 0x000000008b400000, 0x000000008b400000| Untracked 
| 181|0x000000008b500000, 0x000000008b600000, 0x000000008b600000|100%| O|  |TAMS 0x000000008b500000, 0x000000008b500000| Untracked 
| 182|0x000000008b600000, 0x000000008b700000, 0x000000008b700000|100%| O|  |TAMS 0x000000008b600000, 0x000000008b600000| Untracked 
| 183|0x000000008b700000, 0x000000008b800000, 0x000000008b800000|100%| O|  |TAMS 0x000000008b700000, 0x000000008b700000| Untracked 
| 184|0x000000008b800000, 0x000000008b900000, 0x000000008b900000|100%| O|  |TAMS 0x000000008b800000, 0x000000008b800000| Untracked 
| 185|0x000000008b900000, 0x000000008ba00000, 0x000000008ba00000|100%| O|  |TAMS 0x000000008b900000, 0x000000008b900000| Untracked 
| 186|0x000000008ba00000, 0x000000008bb00000, 0x000000008bb00000|100%| O|  |TAMS 0x000000008ba00000, 0x000000008ba00000| Untracked 
| 187|0x000000008bb00000, 0x000000008bc00000, 0x000000008bc00000|100%| O|  |TAMS 0x000000008bb00000, 0x000000008bb00000| Untracked 
| 188|0x000000008bc00000, 0x000000008bd00000, 0x000000008bd00000|100%| O|  |TAMS 0x000000008bc00000, 0x000000008bc00000| Untracked 
| 189|0x000000008bd00000, 0x000000008be00000, 0x000000008be00000|100%| O|  |TAMS 0x000000008bd00000, 0x000000008bd00000| Untracked 
| 190|0x000000008be00000, 0x000000008bf00000, 0x000000008bf00000|100%| O|  |TAMS 0x000000008be00000, 0x000000008be00000| Untracked 
| 191|0x000000008bf00000, 0x000000008c000000, 0x000000008c000000|100%| O|  |TAMS 0x000000008bf00000, 0x000000008bf00000| Untracked 
| 192|0x000000008c000000, 0x000000008c100000, 0x000000008c100000|100%| O|  |TAMS 0x000000008c000000, 0x000000008c000000| Untracked 
| 193|0x000000008c100000, 0x000000008c200000, 0x000000008c200000|100%| O|  |TAMS 0x000000008c100000, 0x000000008c100000| Untracked 
| 194|0x000000008c200000, 0x000000008c300000, 0x000000008c300000|100%| O|  |TAMS 0x000000008c200000, 0x000000008c200000| Untracked 
| 195|0x000000008c300000, 0x000000008c400000, 0x000000008c400000|100%| O|  |TAMS 0x000000008c400000, 0x000000008c300000| Untracked 
| 196|0x000000008c400000, 0x000000008c500000, 0x000000008c500000|100%| O|  |TAMS 0x000000008c500000, 0x000000008c400000| Untracked 
| 197|0x000000008c500000, 0x000000008c600000, 0x000000008c600000|100%| O|  |TAMS 0x000000008c600000, 0x000000008c500000| Untracked 
| 198|0x000000008c600000, 0x000000008c700000, 0x000000008c700000|100%| O|  |TAMS 0x000000008c700000, 0x000000008c600000| Untracked 
| 199|0x000000008c700000, 0x000000008c800000, 0x000000008c800000|100%| O|  |TAMS 0x000000008c700000, 0x000000008c700000| Untracked 
| 200|0x000000008c800000, 0x000000008c900000, 0x000000008c900000|100%| O|  |TAMS 0x000000008c800000, 0x000000008c800000| Untracked 
| 201|0x000000008c900000, 0x000000008ca00000, 0x000000008ca00000|100%| O|  |TAMS 0x000000008c900000, 0x000000008c900000| Untracked 
| 202|0x000000008ca00000, 0x000000008cb00000, 0x000000008cb00000|100%| O|  |TAMS 0x000000008ca00000, 0x000000008ca00000| Untracked 
| 203|0x000000008cb00000, 0x000000008cc00000, 0x000000008cc00000|100%| O|  |TAMS 0x000000008cb00000, 0x000000008cb00000| Untracked 
| 204|0x000000008cc00000, 0x000000008cc00000, 0x000000008cd00000|  0%| F|  |TAMS 0x000000008cc00000, 0x000000008cc00000| Untracked 
| 205|0x000000008cd00000, 0x000000008ce00000, 0x000000008ce00000|100%| O|  |TAMS 0x000000008cd00000, 0x000000008cd00000| Untracked 
| 206|0x000000008ce00000, 0x000000008cf00000, 0x000000008cf00000|100%| O|  |TAMS 0x000000008ce00000, 0x000000008ce00000| Untracked 
| 207|0x000000008cf00000, 0x000000008d000000, 0x000000008d000000|100%| O|  |TAMS 0x000000008cf00000, 0x000000008cf00000| Untracked 
| 208|0x000000008d000000, 0x000000008d100000, 0x000000008d100000|100%| O|  |TAMS 0x000000008d000000, 0x000000008d000000| Untracked 
| 209|0x000000008d100000, 0x000000008d200000, 0x000000008d200000|100%| O|  |TAMS 0x000000008d100000, 0x000000008d100000| Untracked 
| 210|0x000000008d200000, 0x000000008d300000, 0x000000008d300000|100%| O|  |TAMS 0x000000008d200000, 0x000000008d200000| Untracked 
| 211|0x000000008d300000, 0x000000008d400000, 0x000000008d400000|100%| O|  |TAMS 0x000000008d300000, 0x000000008d300000| Untracked 
| 212|0x000000008d400000, 0x000000008d480000, 0x000000008d500000| 50%| O|  |TAMS 0x000000008d400000, 0x000000008d400000| Untracked 
| 213|0x000000008d500000, 0x000000008d500000, 0x000000008d600000|  0%| F|  |TAMS 0x000000008d500000, 0x000000008d500000| Untracked 
| 214|0x000000008d600000, 0x000000008d600000, 0x000000008d700000|  0%| F|  |TAMS 0x000000008d600000, 0x000000008d600000| Untracked 
| 215|0x000000008d700000, 0x000000008d700000, 0x000000008d800000|  0%| F|  |TAMS 0x000000008d700000, 0x000000008d700000| Untracked 
| 216|0x000000008d800000, 0x000000008d800000, 0x000000008d900000|  0%| F|  |TAMS 0x000000008d800000, 0x000000008d800000| Untracked 
| 217|0x000000008d900000, 0x000000008d900000, 0x000000008da00000|  0%| F|  |TAMS 0x000000008d900000, 0x000000008d900000| Untracked 
| 218|0x000000008da00000, 0x000000008da00000, 0x000000008db00000|  0%| F|  |TAMS 0x000000008da00000, 0x000000008da00000| Untracked 
| 219|0x000000008db00000, 0x000000008db00000, 0x000000008dc00000|  0%| F|  |TAMS 0x000000008db00000, 0x000000008db00000| Untracked 
| 220|0x000000008dc00000, 0x000000008dc00000, 0x000000008dd00000|  0%| F|  |TAMS 0x000000008dc00000, 0x000000008dc00000| Untracked 
| 221|0x000000008dd00000, 0x000000008dd00000, 0x000000008de00000|  0%| F|  |TAMS 0x000000008dd00000, 0x000000008dd00000| Untracked 
| 222|0x000000008de00000, 0x000000008de00000, 0x000000008df00000|  0%| F|  |TAMS 0x000000008de00000, 0x000000008de00000| Untracked 
| 223|0x000000008df00000, 0x000000008df00000, 0x000000008e000000|  0%| F|  |TAMS 0x000000008df00000, 0x000000008df00000| Untracked 
| 224|0x000000008e000000, 0x000000008e000000, 0x000000008e100000|  0%| F|  |TAMS 0x000000008e000000, 0x000000008e000000| Untracked 
| 225|0x000000008e100000, 0x000000008e100000, 0x000000008e200000|  0%| F|  |TAMS 0x000000008e100000, 0x000000008e100000| Untracked 
| 226|0x000000008e200000, 0x000000008e200000, 0x000000008e300000|  0%| F|  |TAMS 0x000000008e200000, 0x000000008e200000| Untracked 
| 227|0x000000008e300000, 0x000000008e300000, 0x000000008e400000|  0%| F|  |TAMS 0x000000008e300000, 0x000000008e300000| Untracked 
| 228|0x000000008e400000, 0x000000008e400000, 0x000000008e500000|  0%| F|  |TAMS 0x000000008e400000, 0x000000008e400000| Untracked 
| 229|0x000000008e500000, 0x000000008e500000, 0x000000008e600000|  0%| F|  |TAMS 0x000000008e500000, 0x000000008e500000| Untracked 
| 230|0x000000008e600000, 0x000000008e600000, 0x000000008e700000|  0%| F|  |TAMS 0x000000008e600000, 0x000000008e600000| Untracked 
| 231|0x000000008e700000, 0x000000008e700000, 0x000000008e800000|  0%| F|  |TAMS 0x000000008e700000, 0x000000008e700000| Untracked 
| 232|0x000000008e800000, 0x000000008e800000, 0x000000008e900000|  0%| F|  |TAMS 0x000000008e800000, 0x000000008e800000| Untracked 
| 233|0x000000008e900000, 0x000000008e900000, 0x000000008ea00000|  0%| F|  |TAMS 0x000000008e900000, 0x000000008e900000| Untracked 
| 234|0x000000008ea00000, 0x000000008ea00000, 0x000000008eb00000|  0%| F|  |TAMS 0x000000008ea00000, 0x000000008ea00000| Untracked 
| 235|0x000000008eb00000, 0x000000008eb00000, 0x000000008ec00000|  0%| F|  |TAMS 0x000000008eb00000, 0x000000008eb00000| Untracked 
| 236|0x000000008ec00000, 0x000000008ec00000, 0x000000008ed00000|  0%| F|  |TAMS 0x000000008ec00000, 0x000000008ec00000| Untracked 
| 237|0x000000008ed00000, 0x000000008ed00000, 0x000000008ee00000|  0%| F|  |TAMS 0x000000008ed00000, 0x000000008ed00000| Untracked 
| 238|0x000000008ee00000, 0x000000008ee00000, 0x000000008ef00000|  0%| F|  |TAMS 0x000000008ee00000, 0x000000008ee00000| Untracked 
| 239|0x000000008ef00000, 0x000000008ef00000, 0x000000008f000000|  0%| F|  |TAMS 0x000000008ef00000, 0x000000008ef00000| Untracked 
| 240|0x000000008f000000, 0x000000008f000000, 0x000000008f100000|  0%| F|  |TAMS 0x000000008f000000, 0x000000008f000000| Untracked 
| 241|0x000000008f100000, 0x000000008f100000, 0x000000008f200000|  0%| F|  |TAMS 0x000000008f100000, 0x000000008f100000| Untracked 
| 242|0x000000008f200000, 0x000000008f200000, 0x000000008f300000|  0%| F|  |TAMS 0x000000008f200000, 0x000000008f200000| Untracked 
| 243|0x000000008f300000, 0x000000008f300000, 0x000000008f400000|  0%| F|  |TAMS 0x000000008f300000, 0x000000008f300000| Untracked 
| 244|0x000000008f400000, 0x000000008f400000, 0x000000008f500000|  0%| F|  |TAMS 0x000000008f400000, 0x000000008f400000| Untracked 
| 245|0x000000008f500000, 0x000000008f500000, 0x000000008f600000|  0%| F|  |TAMS 0x000000008f500000, 0x000000008f500000| Untracked 
| 246|0x000000008f600000, 0x000000008f600000, 0x000000008f700000|  0%| F|  |TAMS 0x000000008f600000, 0x000000008f600000| Untracked 
| 247|0x000000008f700000, 0x000000008f700000, 0x000000008f800000|  0%| F|  |TAMS 0x000000008f700000, 0x000000008f700000| Untracked 
| 248|0x000000008f800000, 0x000000008f800000, 0x000000008f900000|  0%| F|  |TAMS 0x000000008f800000, 0x000000008f800000| Untracked 
| 249|0x000000008f900000, 0x000000008f900000, 0x000000008fa00000|  0%| F|  |TAMS 0x000000008f900000, 0x000000008f900000| Untracked 
| 250|0x000000008fa00000, 0x000000008fa00000, 0x000000008fb00000|  0%| F|  |TAMS 0x000000008fa00000, 0x000000008fa00000| Untracked 
| 251|0x000000008fb00000, 0x000000008fb00000, 0x000000008fc00000|  0%| F|  |TAMS 0x000000008fb00000, 0x000000008fb00000| Untracked 
| 252|0x000000008fc00000, 0x000000008fc00000, 0x000000008fd00000|  0%| F|  |TAMS 0x000000008fc00000, 0x000000008fc00000| Untracked 
| 253|0x000000008fd00000, 0x000000008fd00000, 0x000000008fe00000|  0%| F|  |TAMS 0x000000008fd00000, 0x000000008fd00000| Untracked 
| 254|0x000000008fe00000, 0x000000008fe00000, 0x000000008ff00000|  0%| F|  |TAMS 0x000000008fe00000, 0x000000008fe00000| Untracked 
| 255|0x000000008ff00000, 0x000000008ff00000, 0x0000000090000000|  0%| F|  |TAMS 0x000000008ff00000, 0x000000008ff00000| Untracked 
| 256|0x0000000090000000, 0x0000000090000000, 0x0000000090100000|  0%| F|  |TAMS 0x0000000090000000, 0x0000000090000000| Untracked 
| 257|0x0000000090100000, 0x0000000090100000, 0x0000000090200000|  0%| F|  |TAMS 0x0000000090100000, 0x0000000090100000| Untracked 
| 258|0x0000000090200000, 0x0000000090200000, 0x0000000090300000|  0%| F|  |TAMS 0x0000000090200000, 0x0000000090200000| Untracked 
| 259|0x0000000090300000, 0x0000000090300000, 0x0000000090400000|  0%| F|  |TAMS 0x0000000090300000, 0x0000000090300000| Untracked 
| 260|0x0000000090400000, 0x0000000090400000, 0x0000000090500000|  0%| F|  |TAMS 0x0000000090400000, 0x0000000090400000| Untracked 
| 261|0x0000000090500000, 0x0000000090500000, 0x0000000090600000|  0%| F|  |TAMS 0x0000000090500000, 0x0000000090500000| Untracked 
| 262|0x0000000090600000, 0x0000000090600000, 0x0000000090700000|  0%| F|  |TAMS 0x0000000090600000, 0x0000000090600000| Untracked 
| 263|0x0000000090700000, 0x0000000090700000, 0x0000000090800000|  0%| F|  |TAMS 0x0000000090700000, 0x0000000090700000| Untracked 
| 264|0x0000000090800000, 0x0000000090800000, 0x0000000090900000|  0%| F|  |TAMS 0x0000000090800000, 0x0000000090800000| Untracked 
| 265|0x0000000090900000, 0x0000000090900000, 0x0000000090a00000|  0%| F|  |TAMS 0x0000000090900000, 0x0000000090900000| Untracked 
| 266|0x0000000090a00000, 0x0000000090a00000, 0x0000000090b00000|  0%| F|  |TAMS 0x0000000090a00000, 0x0000000090a00000| Untracked 
| 267|0x0000000090b00000, 0x0000000090b00000, 0x0000000090c00000|  0%| F|  |TAMS 0x0000000090b00000, 0x0000000090b00000| Untracked 
| 268|0x0000000090c00000, 0x0000000090c00000, 0x0000000090d00000|  0%| F|  |TAMS 0x0000000090c00000, 0x0000000090c00000| Untracked 
| 269|0x0000000090d00000, 0x0000000090d00000, 0x0000000090e00000|  0%| F|  |TAMS 0x0000000090d00000, 0x0000000090d00000| Untracked 
| 270|0x0000000090e00000, 0x0000000090e00000, 0x0000000090f00000|  0%| F|  |TAMS 0x0000000090e00000, 0x0000000090e00000| Untracked 
| 271|0x0000000090f00000, 0x0000000090f00000, 0x0000000091000000|  0%| F|  |TAMS 0x0000000090f00000, 0x0000000090f00000| Untracked 
| 272|0x0000000091000000, 0x0000000091000000, 0x0000000091100000|  0%| F|  |TAMS 0x0000000091000000, 0x0000000091000000| Untracked 
| 273|0x0000000091100000, 0x0000000091100000, 0x0000000091200000|  0%| F|  |TAMS 0x0000000091100000, 0x0000000091100000| Untracked 
| 274|0x0000000091200000, 0x0000000091200000, 0x0000000091300000|  0%| F|  |TAMS 0x0000000091200000, 0x0000000091200000| Untracked 
| 275|0x0000000091300000, 0x0000000091300000, 0x0000000091400000|  0%| F|  |TAMS 0x0000000091300000, 0x0000000091300000| Untracked 
| 276|0x0000000091400000, 0x0000000091400000, 0x0000000091500000|  0%| F|  |TAMS 0x0000000091400000, 0x0000000091400000| Untracked 
| 277|0x0000000091500000, 0x0000000091500000, 0x0000000091600000|  0%| F|  |TAMS 0x0000000091500000, 0x0000000091500000| Untracked 
| 278|0x0000000091600000, 0x0000000091600000, 0x0000000091700000|  0%| F|  |TAMS 0x0000000091600000, 0x0000000091600000| Untracked 
| 279|0x0000000091700000, 0x0000000091700000, 0x0000000091800000|  0%| F|  |TAMS 0x0000000091700000, 0x0000000091700000| Untracked 
| 280|0x0000000091800000, 0x0000000091800000, 0x0000000091900000|  0%| F|  |TAMS 0x0000000091800000, 0x0000000091800000| Untracked 
| 281|0x0000000091900000, 0x0000000091900000, 0x0000000091a00000|  0%| F|  |TAMS 0x0000000091900000, 0x0000000091900000| Untracked 
| 282|0x0000000091a00000, 0x0000000091a00000, 0x0000000091b00000|  0%| F|  |TAMS 0x0000000091a00000, 0x0000000091a00000| Untracked 
| 283|0x0000000091b00000, 0x0000000091b00000, 0x0000000091c00000|  0%| F|  |TAMS 0x0000000091b00000, 0x0000000091b00000| Untracked 
| 284|0x0000000091c00000, 0x0000000091c00000, 0x0000000091d00000|  0%| F|  |TAMS 0x0000000091c00000, 0x0000000091c00000| Untracked 
| 285|0x0000000091d00000, 0x0000000091d00000, 0x0000000091e00000|  0%| F|  |TAMS 0x0000000091d00000, 0x0000000091d00000| Untracked 
| 286|0x0000000091e00000, 0x0000000091e00000, 0x0000000091f00000|  0%| F|  |TAMS 0x0000000091e00000, 0x0000000091e00000| Untracked 
| 287|0x0000000091f00000, 0x0000000091f00000, 0x0000000092000000|  0%| F|  |TAMS 0x0000000091f00000, 0x0000000091f00000| Untracked 
| 288|0x0000000092000000, 0x0000000092000000, 0x0000000092100000|  0%| F|  |TAMS 0x0000000092000000, 0x0000000092000000| Untracked 
| 289|0x0000000092100000, 0x0000000092100000, 0x0000000092200000|  0%| F|  |TAMS 0x0000000092100000, 0x0000000092100000| Untracked 
| 290|0x0000000092200000, 0x0000000092200000, 0x0000000092300000|  0%| F|  |TAMS 0x0000000092200000, 0x0000000092200000| Untracked 
| 291|0x0000000092300000, 0x0000000092300000, 0x0000000092400000|  0%| F|  |TAMS 0x0000000092300000, 0x0000000092300000| Untracked 
| 292|0x0000000092400000, 0x0000000092400000, 0x0000000092500000|  0%| F|  |TAMS 0x0000000092400000, 0x0000000092400000| Untracked 
| 293|0x0000000092500000, 0x0000000092500000, 0x0000000092600000|  0%| F|  |TAMS 0x0000000092500000, 0x0000000092500000| Untracked 
| 294|0x0000000092600000, 0x0000000092600000, 0x0000000092700000|  0%| F|  |TAMS 0x0000000092600000, 0x0000000092600000| Untracked 
| 295|0x0000000092700000, 0x0000000092700000, 0x0000000092800000|  0%| F|  |TAMS 0x0000000092700000, 0x0000000092700000| Untracked 
| 296|0x0000000092800000, 0x0000000092800000, 0x0000000092900000|  0%| F|  |TAMS 0x0000000092800000, 0x0000000092800000| Untracked 
| 297|0x0000000092900000, 0x0000000092900000, 0x0000000092a00000|  0%| F|  |TAMS 0x0000000092900000, 0x0000000092900000| Untracked 
| 298|0x0000000092a00000, 0x0000000092a00000, 0x0000000092b00000|  0%| F|  |TAMS 0x0000000092a00000, 0x0000000092a00000| Untracked 
| 299|0x0000000092b00000, 0x0000000092b00000, 0x0000000092c00000|  0%| F|  |TAMS 0x0000000092b00000, 0x0000000092b00000| Untracked 
| 300|0x0000000092c00000, 0x0000000092c00000, 0x0000000092d00000|  0%| F|  |TAMS 0x0000000092c00000, 0x0000000092c00000| Untracked 
| 301|0x0000000092d00000, 0x0000000092d00000, 0x0000000092e00000|  0%| F|  |TAMS 0x0000000092d00000, 0x0000000092d00000| Untracked 
| 302|0x0000000092e00000, 0x0000000092e00000, 0x0000000092f00000|  0%| F|  |TAMS 0x0000000092e00000, 0x0000000092e00000| Untracked 
| 303|0x0000000092f00000, 0x0000000092f00000, 0x0000000093000000|  0%| F|  |TAMS 0x0000000092f00000, 0x0000000092f00000| Untracked 
| 304|0x0000000093000000, 0x0000000093000000, 0x0000000093100000|  0%| F|  |TAMS 0x0000000093000000, 0x0000000093000000| Untracked 
| 305|0x0000000093100000, 0x0000000093200000, 0x0000000093200000|100%| S|CS|TAMS 0x0000000093100000, 0x0000000093100000| Complete 
| 306|0x0000000093200000, 0x0000000093300000, 0x0000000093300000|100%| S|CS|TAMS 0x0000000093200000, 0x0000000093200000| Complete 
| 307|0x0000000093300000, 0x0000000093400000, 0x0000000093400000|100%| S|CS|TAMS 0x0000000093300000, 0x0000000093300000| Complete 
| 308|0x0000000093400000, 0x0000000093500000, 0x0000000093500000|100%| S|CS|TAMS 0x0000000093400000, 0x0000000093400000| Complete 
| 309|0x0000000093500000, 0x0000000093500000, 0x0000000093600000|  0%| F|  |TAMS 0x0000000093500000, 0x0000000093500000| Untracked 
| 310|0x0000000093600000, 0x0000000093600000, 0x0000000093700000|  0%| F|  |TAMS 0x0000000093600000, 0x0000000093600000| Untracked 
| 311|0x0000000093700000, 0x0000000093700000, 0x0000000093800000|  0%| F|  |TAMS 0x0000000093700000, 0x0000000093700000| Untracked 
| 312|0x0000000093800000, 0x0000000093800000, 0x0000000093900000|  0%| F|  |TAMS 0x0000000093800000, 0x0000000093800000| Untracked 
| 313|0x0000000093900000, 0x0000000093900000, 0x0000000093a00000|  0%| F|  |TAMS 0x0000000093900000, 0x0000000093900000| Untracked 
| 314|0x0000000093a00000, 0x0000000093a00000, 0x0000000093b00000|  0%| F|  |TAMS 0x0000000093a00000, 0x0000000093a00000| Untracked 
| 315|0x0000000093b00000, 0x0000000093b00000, 0x0000000093c00000|  0%| F|  |TAMS 0x0000000093b00000, 0x0000000093b00000| Untracked 
| 316|0x0000000093c00000, 0x0000000093c00000, 0x0000000093d00000|  0%| F|  |TAMS 0x0000000093c00000, 0x0000000093c00000| Untracked 
| 317|0x0000000093d00000, 0x0000000093d00000, 0x0000000093e00000|  0%| F|  |TAMS 0x0000000093d00000, 0x0000000093d00000| Untracked 
| 318|0x0000000093e00000, 0x0000000093e00000, 0x0000000093f00000|  0%| F|  |TAMS 0x0000000093e00000, 0x0000000093e00000| Untracked 
| 319|0x0000000093f00000, 0x0000000093f00000, 0x0000000094000000|  0%| F|  |TAMS 0x0000000093f00000, 0x0000000093f00000| Untracked 
| 320|0x0000000094000000, 0x0000000094000000, 0x0000000094100000|  0%| F|  |TAMS 0x0000000094000000, 0x0000000094000000| Untracked 
| 321|0x0000000094100000, 0x0000000094100000, 0x0000000094200000|  0%| F|  |TAMS 0x0000000094100000, 0x0000000094100000| Untracked 
| 322|0x0000000094200000, 0x0000000094200000, 0x0000000094300000|  0%| F|  |TAMS 0x0000000094200000, 0x0000000094200000| Untracked 
| 323|0x0000000094300000, 0x0000000094300000, 0x0000000094400000|  0%| F|  |TAMS 0x0000000094300000, 0x0000000094300000| Untracked 
| 324|0x0000000094400000, 0x0000000094400000, 0x0000000094500000|  0%| F|  |TAMS 0x0000000094400000, 0x0000000094400000| Untracked 
| 325|0x0000000094500000, 0x0000000094500000, 0x0000000094600000|  0%| F|  |TAMS 0x0000000094500000, 0x0000000094500000| Untracked 
| 326|0x0000000094600000, 0x0000000094600000, 0x0000000094700000|  0%| F|  |TAMS 0x0000000094600000, 0x0000000094600000| Untracked 
| 327|0x0000000094700000, 0x0000000094700000, 0x0000000094800000|  0%| F|  |TAMS 0x0000000094700000, 0x0000000094700000| Untracked 
| 328|0x0000000094800000, 0x0000000094800000, 0x0000000094900000|  0%| F|  |TAMS 0x0000000094800000, 0x0000000094800000| Untracked 
| 329|0x0000000094900000, 0x0000000094900000, 0x0000000094a00000|  0%| F|  |TAMS 0x0000000094900000, 0x0000000094900000| Untracked 
| 330|0x0000000094a00000, 0x0000000094a00000, 0x0000000094b00000|  0%| F|  |TAMS 0x0000000094a00000, 0x0000000094a00000| Untracked 
| 331|0x0000000094b00000, 0x0000000094b00000, 0x0000000094c00000|  0%| F|  |TAMS 0x0000000094b00000, 0x0000000094b00000| Untracked 
| 332|0x0000000094c00000, 0x0000000094c00000, 0x0000000094d00000|  0%| F|  |TAMS 0x0000000094c00000, 0x0000000094c00000| Untracked 
| 333|0x0000000094d00000, 0x0000000094d00000, 0x0000000094e00000|  0%| F|  |TAMS 0x0000000094d00000, 0x0000000094d00000| Untracked 
| 334|0x0000000094e00000, 0x0000000094e00000, 0x0000000094f00000|  0%| F|  |TAMS 0x0000000094e00000, 0x0000000094e00000| Untracked 
| 335|0x0000000094f00000, 0x0000000094f00000, 0x0000000095000000|  0%| F|  |TAMS 0x0000000094f00000, 0x0000000094f00000| Untracked 
| 336|0x0000000095000000, 0x0000000095000000, 0x0000000095100000|  0%| F|  |TAMS 0x0000000095000000, 0x0000000095000000| Untracked 

Card table byte_map: [0x00000246fdee0000,0x00000246fe2e0000] _byte_map_base: 0x00000246fdae0000

Marking Bits (Prev, Next): (CMBitMap*) 0x00000246fa1a7ba0, (CMBitMap*) 0x00000246fa1a7b68
 Prev Bits: [0x0000024691000000, 0x0000024693000000)
 Next Bits: [0x000002468f000000, 0x0000024691000000)

Polling page: 0x00000246f8080000

Metaspace:

Usage:
  Non-class:    114.48 MB capacity,   112.30 MB ( 98%) used,     1.81 MB (  2%) free+waste,   374.19 KB ( <1%) overhead. 
      Class:     16.94 MB capacity,    15.79 MB ( 93%) used,  1010.06 KB (  6%) free+waste,   165.00 KB ( <1%) overhead. 
       Both:    131.42 MB capacity,   128.09 MB ( 97%) used,     2.80 MB (  2%) free+waste,   539.19 KB ( <1%) overhead. 

Virtual space:
  Non-class space:      116.00 MB reserved,     114.70 MB ( 99%) committed 
      Class space:        1.00 GB reserved,      16.95 MB (  2%) committed 
             Both:        1.11 GB reserved,     131.65 MB ( 12%) committed 

Chunk freelists:
   Non-Class:  37.00 KB
       Class:  1.00 KB
        Both:  38.00 KB

MaxMetaspaceSize: 17179869184.00 GB
CompressedClassSpaceSize: 1.00 GB

CodeHeap 'non-profiled nmethods': size=120064Kb used=11035Kb max_used=11035Kb free=109028Kb
 bounds [0x0000024687ac0000, 0x0000024688590000, 0x000002468f000000]
CodeHeap 'profiled nmethods': size=120000Kb used=43837Kb max_used=43837Kb free=76162Kb
 bounds [0x0000024680590000, 0x0000024683070000, 0x0000024687ac0000]
CodeHeap 'non-nmethods': size=5696Kb used=2338Kb max_used=2393Kb free=3357Kb
 bounds [0x0000024680000000, 0x0000024680270000, 0x0000024680590000]
 total_blobs=19380 nmethods=18407 adapters=883
 compilation: enabled
              stopped_count=0, restarted_count=0
 full_count=0

Compilation events (20 events):
Event: 375.171 Thread 0x00000246ff0e3800 nmethod 19322 0x0000024688583490 code [0x0000024688583640, 0x00000246885839f8]
Event: 375.171 Thread 0x00000246ff0e3800 19275       4       com.android.tools.r8.naming.I$b::a (5 bytes)
Event: 375.172 Thread 0x00000246ff0e3800 nmethod 19275 0x0000024688583b90 code [0x0000024688583d20, 0x0000024688583d98]
Event: 375.172 Thread 0x00000246ff0e3800 19313       4       com.android.tools.r8.graph.S$d::hashCode (10 bytes)
Event: 375.173 Thread 0x00000246ff0e3800 nmethod 19313 0x0000024688583e10 code [0x0000024688583fa0, 0x0000024688584018]
Event: 375.173 Thread 0x00000246ff0e3800 19332       4       com.android.tools.r8.graph.S$b::hashCode (10 bytes)
Event: 375.174 Thread 0x00000246ff0e3800 nmethod 19332 0x0000024688584090 code [0x0000024688584220, 0x0000024688584298]
Event: 375.174 Thread 0x00000246ff0e3800 19333       4       com.android.tools.r8.graph.S$e::hashCode (11 bytes)
Event: 375.175 Thread 0x00000246ff0e3800 nmethod 19333 0x0000024688584310 code [0x00000246885844a0, 0x0000024688584518]
Event: 375.175 Thread 0x00000246ff0e3800 19371       4       com.android.tools.r8.graph.O::a (275 bytes)
Event: 375.180 Thread 0x00000246fe8dc000 19372       2       com.android.tools.r8.code.P3::a (1 bytes)
Event: 375.180 Thread 0x00000246fe8dc000 nmethod 19372 0x0000024683066490 code [0x0000024683066640, 0x0000024683066738]
Event: 375.182 Thread 0x00000246fe8dc000 19373       2       com.android.tools.r8.code.T1::D (4 bytes)
Event: 375.182 Thread 0x00000246fe8dc000 nmethod 19373 0x0000024683066810 code [0x00000246830669c0, 0x0000024683066ab8]
Event: 375.183 Thread 0x00000246fe8dc000 19374       2       com.android.tools.r8.code.Y0::a (1 bytes)
Event: 375.183 Thread 0x00000246fe8dc000 nmethod 19374 0x0000024683066b90 code [0x0000024683066d40, 0x0000024683066e38]
Event: 375.283 Thread 0x00000246ff0e3800 nmethod 19371 0x0000024688584590 code [0x00000246885847e0, 0x0000024688585ca8]
Event: 375.283 Thread 0x00000246ff0e3800 19331       4       java.util.stream.AbstractPipeline::sourceSpliterator (265 bytes)
Event: 375.286 Thread 0x00000246ff0e3800 nmethod 19331 0x0000024688586b10 code [0x0000024688586ca0, 0x0000024688586dd8]
Event: 375.286 Thread 0x00000246ff0e3800 19329       4       com.android.tools.r8.dex.P$g::a (35 bytes)

GC Heap History (20 events):
Event: 368.200 GC heap after
{Heap after GC invocations=110 (full 0):
 garbage-first heap   total 199680K, used 153008K [0x0000000080000000, 0x0000000100000000)
  region size 1024K, 1 young (1024K), 1 survivors (1024K)
 Metaspace       used 129843K, capacity 133321K, committed 133404K, reserved 1165312K
  class space    used 15958K, capacity 17148K, committed 17228K, reserved 1048576K
}
Event: 368.401 GC heap before
{Heap before GC invocations=110 (full 0):
 garbage-first heap   total 199680K, used 153008K [0x0000000080000000, 0x0000000100000000)
  region size 1024K, 2 young (2048K), 1 survivors (1024K)
 Metaspace       used 129864K, capacity 133321K, committed 133404K, reserved 1165312K
  class space    used 15961K, capacity 17148K, committed 17228K, reserved 1048576K
}
Event: 368.427 GC heap after
{Heap after GC invocations=111 (full 0):
 garbage-first heap   total 199680K, used 153046K [0x0000000080000000, 0x0000000100000000)
  region size 1024K, 1 young (1024K), 1 survivors (1024K)
 Metaspace       used 129864K, capacity 133321K, committed 133404K, reserved 1165312K
  class space    used 15961K, capacity 17148K, committed 17228K, reserved 1048576K
}
Event: 369.114 GC heap before
{Heap before GC invocations=111 (full 0):
 garbage-first heap   total 199680K, used 195030K [0x0000000080000000, 0x0000000100000000)
  region size 1024K, 16 young (16384K), 1 survivors (1024K)
 Metaspace       used 130032K, capacity 133493K, committed 133660K, reserved 1165312K
  class space    used 15972K, capacity 17160K, committed 17228K, reserved 1048576K
}
Event: 369.158 GC heap after
{Heap after GC invocations=112 (full 0):
 garbage-first heap   total 203776K, used 176733K [0x0000000080000000, 0x0000000100000000)
  region size 1024K, 2 young (2048K), 2 survivors (2048K)
 Metaspace       used 130032K, capacity 133493K, committed 133660K, reserved 1165312K
  class space    used 15972K, capacity 17160K, committed 17228K, reserved 1048576K
}
Event: 369.450 GC heap before
{Heap before GC invocations=113 (full 0):
 garbage-first heap   total 203776K, used 184925K [0x0000000080000000, 0x0000000100000000)
  region size 1024K, 9 young (9216K), 2 survivors (2048K)
 Metaspace       used 130034K, capacity 133494K, committed 133660K, reserved 1165312K
  class space    used 15972K, capacity 17160K, committed 17228K, reserved 1048576K
}
Event: 369.480 GC heap after
{Heap after GC invocations=114 (full 0):
 garbage-first heap   total 203776K, used 179855K [0x0000000080000000, 0x0000000100000000)
  region size 1024K, 2 young (2048K), 2 survivors (2048K)
 Metaspace       used 130034K, capacity 133494K, committed 133660K, reserved 1165312K
  class space    used 15972K, capacity 17160K, committed 17228K, reserved 1048576K
}
Event: 369.561 GC heap before
{Heap before GC invocations=114 (full 0):
 garbage-first heap   total 203776K, used 187023K [0x0000000080000000, 0x0000000100000000)
  region size 1024K, 9 young (9216K), 2 survivors (2048K)
 Metaspace       used 130034K, capacity 133494K, committed 133660K, reserved 1165312K
  class space    used 15972K, capacity 17160K, committed 17228K, reserved 1048576K
}
Event: 369.665 GC heap after
{Heap after GC invocations=115 (full 0):
 garbage-first heap   total 203776K, used 166384K [0x0000000080000000, 0x0000000100000000)
  region size 1024K, 2 young (2048K), 2 survivors (2048K)
 Metaspace       used 130034K, capacity 133494K, committed 133660K, reserved 1165312K
  class space    used 15972K, capacity 17160K, committed 17228K, reserved 1048576K
}
Event: 369.756 GC heap before
{Heap before GC invocations=115 (full 0):
 garbage-first heap   total 203776K, used 174576K [0x0000000080000000, 0x0000000100000000)
  region size 1024K, 9 young (9216K), 2 survivors (2048K)
 Metaspace       used 130034K, capacity 133494K, committed 133660K, reserved 1165312K
  class space    used 15972K, capacity 17160K, committed 17228K, reserved 1048576K
}
Event: 369.878 GC heap after
{Heap after GC invocations=116 (full 0):
 garbage-first heap   total 203776K, used 165888K [0x0000000080000000, 0x0000000100000000)
  region size 1024K, 2 young (2048K), 2 survivors (2048K)
 Metaspace       used 130034K, capacity 133494K, committed 133660K, reserved 1165312K
  class space    used 15972K, capacity 17160K, committed 17228K, reserved 1048576K
}
Event: 370.128 GC heap before
{Heap before GC invocations=116 (full 0):
 garbage-first heap   total 203776K, used 173056K [0x0000000080000000, 0x0000000100000000)
  region size 1024K, 9 young (9216K), 2 survivors (2048K)
 Metaspace       used 130724K, capacity 134143K, committed 134300K, reserved 1167360K
  class space    used 16155K, capacity 17334K, committed 17356K, reserved 1048576K
}
Event: 370.189 GC heap after
{Heap after GC invocations=117 (full 0):
 garbage-first heap   total 345088K, used 168960K [0x0000000080000000, 0x0000000100000000)
  region size 1024K, 2 young (2048K), 2 survivors (2048K)
 Metaspace       used 130724K, capacity 134143K, committed 134300K, reserved 1167360K
  class space    used 16155K, capacity 17334K, committed 17356K, reserved 1048576K
}
Event: 372.372 GC heap before
{Heap before GC invocations=118 (full 0):
 garbage-first heap   total 345088K, used 194560K [0x0000000080000000, 0x0000000100000000)
  region size 1024K, 32 young (32768K), 2 survivors (2048K)
 Metaspace       used 130981K, capacity 134359K, committed 134556K, reserved 1167360K
  class space    used 16162K, capacity 17339K, committed 17356K, reserved 1048576K
}
Event: 372.497 GC heap after
{Heap after GC invocations=119 (full 0):
 garbage-first heap   total 345088K, used 182693K [0x0000000080000000, 0x0000000100000000)
  region size 1024K, 4 young (4096K), 4 survivors (4096K)
 Metaspace       used 130981K, capacity 134359K, committed 134556K, reserved 1167360K
  class space    used 16162K, capacity 17339K, committed 17356K, reserved 1048576K
}
Event: 373.434 GC heap before
{Heap before GC invocations=119 (full 0):
 garbage-first heap   total 345088K, used 217509K [0x0000000080000000, 0x0000000100000000)
  region size 1024K, 36 young (36864K), 4 survivors (4096K)
 Metaspace       used 131051K, capacity 134425K, committed 134556K, reserved 1167360K
  class space    used 16162K, capacity 17339K, committed 17356K, reserved 1048576K
}
Event: 373.639 GC heap after
{Heap after GC invocations=120 (full 0):
 garbage-first heap   total 345088K, used 203776K [0x0000000080000000, 0x0000000100000000)
  region size 1024K, 5 young (5120K), 5 survivors (5120K)
 Metaspace       used 131051K, capacity 134425K, committed 134556K, reserved 1167360K
  class space    used 16162K, capacity 17339K, committed 17356K, reserved 1048576K
}
Event: 374.154 GC heap before
{Heap before GC invocations=120 (full 0):
 garbage-first heap   total 345088K, used 224256K [0x0000000080000000, 0x0000000100000000)
  region size 1024K, 25 young (25600K), 5 survivors (5120K)
 Metaspace       used 131103K, capacity 134561K, committed 134812K, reserved 1167360K
  class space    used 16166K, capacity 17341K, committed 17356K, reserved 1048576K
}
Event: 374.300 GC heap after
{Heap after GC invocations=121 (full 0):
 garbage-first heap   total 345088K, used 212480K [0x0000000080000000, 0x0000000100000000)
  region size 1024K, 4 young (4096K), 4 survivors (4096K)
 Metaspace       used 131103K, capacity 134561K, committed 134812K, reserved 1167360K
  class space    used 16166K, capacity 17341K, committed 17356K, reserved 1048576K
}
Event: 375.288 GC heap before
{Heap before GC invocations=121 (full 0):
 garbage-first heap   total 345088K, used 237056K [0x0000000080000000, 0x0000000100000000)
  region size 1024K, 28 young (28672K), 4 survivors (4096K)
 Metaspace       used 131165K, capacity 134570K, committed 134812K, reserved 1167360K
  class space    used 16167K, capacity 17343K, committed 17356K, reserved 1048576K
}

Deoptimization events (20 events):
Event: 374.698 Thread 0x0000024695c55800 DEOPT PACKING pc=0x0000024683044cd0 sp=0x000000a3a4ffee30
Event: 374.698 Thread 0x0000024695c55800 DEOPT UNPACKING pc=0x00000246800267c0 sp=0x000000a3a4ffe2f0 mode 0
Event: 374.700 Thread 0x0000024695c55800 DEOPT PACKING pc=0x0000024683044cd0 sp=0x000000a3a4ffee30
Event: 374.700 Thread 0x0000024695c55800 DEOPT UNPACKING pc=0x00000246800267c0 sp=0x000000a3a4ffe2f0 mode 0
Event: 374.700 Thread 0x0000024695c55800 DEOPT PACKING pc=0x0000024683044cd0 sp=0x000000a3a4ffee30
Event: 374.700 Thread 0x0000024695c55800 DEOPT UNPACKING pc=0x00000246800267c0 sp=0x000000a3a4ffe2f0 mode 0
Event: 374.701 Thread 0x0000024695c55800 DEOPT PACKING pc=0x0000024683044cd0 sp=0x000000a3a4ffee30
Event: 374.701 Thread 0x0000024695c55800 DEOPT UNPACKING pc=0x00000246800267c0 sp=0x000000a3a4ffe2f0 mode 0
Event: 374.703 Thread 0x0000024695c55800 DEOPT PACKING pc=0x0000024683044cd0 sp=0x000000a3a4ffee30
Event: 374.703 Thread 0x0000024695c55800 DEOPT UNPACKING pc=0x00000246800267c0 sp=0x000000a3a4ffe2f0 mode 0
Event: 374.704 Thread 0x0000024695c55800 DEOPT PACKING pc=0x0000024683044cd0 sp=0x000000a3a4ffee30
Event: 374.704 Thread 0x0000024695c55800 DEOPT UNPACKING pc=0x00000246800267c0 sp=0x000000a3a4ffe2f0 mode 0
Event: 374.779 Thread 0x00000246986d5800 Uncommon trap: trap_request=0xffffffe4 fr.pc=0x00000246885139f0 relative=0x0000000000000230
Event: 374.779 Thread 0x00000246986d5800 Uncommon trap: reason=range_check action=make_not_entrant pc=0x00000246885139f0 method=com.android.tools.r8.graph.q0.b(Lcom/android/tools/r8/graph/q0;)I @ 26 c2
Event: 374.779 Thread 0x00000246986d5800 DEOPT PACKING pc=0x00000246885139f0 sp=0x000000a3ab8fd6b0
Event: 374.779 Thread 0x00000246986d5800 DEOPT UNPACKING pc=0x00000246800269aa sp=0x000000a3ab8fd630 mode 2
Event: 374.801 Thread 0x00000246986d5800 DEOPT PACKING pc=0x000002468304ecd2 sp=0x000000a3ab8fd770
Event: 374.801 Thread 0x00000246986d5800 DEOPT UNPACKING pc=0x00000246800267c0 sp=0x000000a3ab8fccb0 mode 0
Event: 374.995 Thread 0x00000246986d5800 DEOPT PACKING pc=0x0000024683059e6b sp=0x000000a3ab8fda90
Event: 374.995 Thread 0x00000246986d5800 DEOPT UNPACKING pc=0x00000246800267c0 sp=0x000000a3ab8fcf28 mode 0

Classes redefined (0 events):
No events

Internal exceptions (20 events):
Event: 358.213 Thread 0x0000024698844000 Exception <a 'java/lang/NoSuchMethodError'{0x000000008b3bd130}: <clinit>> (0x000000008b3bd130) thrown at [./src/hotspot/share/prims/jni.cpp, line 1362]
Event: 358.645 Thread 0x000002469883f000 Exception <a 'sun/nio/fs/WindowsException'{0x000000008ac5e070}> (0x000000008ac5e070) thrown at [./src/hotspot/share/prims/jni.cpp, line 615]
Event: 359.565 Thread 0x000002469883f000 Exception <a 'java/lang/NoSuchMethodError'{0x000000008bef9d40}: 'long java.lang.invoke.DirectMethodHandle$Holder.invokeStatic(java.lang.Object, java.lang.Object)'> (0x000000008bef9d40) thrown at [./src/hotspot/share/interpreter/linkResolver.cpp, line 773]
Event: 360.195 Thread 0x000002469883f000 Exception <a 'java/lang/NoSuchMethodError'{0x000000008b06d6f8}: 'java.lang.Object java.lang.invoke.DirectMethodHandle$Holder.newInvokeSpecial(java.lang.Object, int)'> (0x000000008b06d6f8) thrown at [./src/hotspot/share/interpreter/linkResolver.cpp, line 773]
Event: 360.433 Thread 0x000002469883f000 Exception <a 'java/lang/NoSuchMethodError'{0x000000008c2d39c0}: 'void java.lang.invoke.DirectMethodHandle$Holder.invokeStatic(java.lang.Object, java.lang.Object, java.lang.Object, int)'> (0x000000008c2d39c0) thrown at [./src/hotspot/share/interpreter/linkResolver.cpp, line 773]
Event: 360.444 Thread 0x000002469883f000 Exception <a 'java/lang/IncompatibleClassChangeError'{0x000000008c136050}: Found class java.lang.Object, but interface was expected> (0x000000008c136050) thrown at [./src/hotspot/share/interpreter/linkResolver.cpp, line 839]
Event: 361.168 Thread 0x00000246986d5800 Exception <a 'java/lang/NoSuchMethodError'{0x000000008b790928}: 'void java.lang.invoke.DirectMethodHandle$Holder.invokeSpecial(java.lang.Object, java.lang.Object, int, java.lang.Object)'> (0x000000008b790928) thrown at [./src/hotspot/share/interpreter/linkResolver.cpp, line 773]
Event: 361.168 Thread 0x000002469883f000 Exception <a 'java/lang/NoSuchMethodError'{0x000000008b729628}: 'void java.lang.invoke.DirectMethodHandle$Holder.invokeSpecial(java.lang.Object, java.lang.Object, int, java.lang.Object)'> (0x000000008b729628) thrown at [./src/hotspot/share/interpreter/linkResolver.cpp, line 773]
Event: 361.504 Thread 0x00000246986d5800 Exception <a 'java/lang/NoSuchMethodError'{0x000000008b4c8ff0}: 'java.lang.Object java.lang.invoke.DirectMethodHandle$Holder.invokeVirtual(java.lang.Object, java.lang.Object, int, java.lang.Object)'> (0x000000008b4c8ff0) thrown at [./src/hotspot/share/interpreter/linkResolver.cpp, line 773]
Event: 361.504 Thread 0x000002469883f000 Exception <a 'java/lang/NoSuchMethodError'{0x000000008b4c70f0}: 'java.lang.Object java.lang.invoke.DirectMethodHandle$Holder.invokeVirtual(java.lang.Object, java.lang.Object, int, java.lang.Object)'> (0x000000008b4c70f0) thrown at [./src/hotspot/share/interpreter/linkResolver.cpp, line 773]
Event: 361.597 Thread 0x000002469883f000 Exception <a 'java/lang/NoSuchMethodError'{0x000000008b363040}: 'void java.lang.invoke.DirectMethodHandle$Holder.invokeVirtual(java.lang.Object, java.lang.Object, int, java.lang.Object)'> (0x000000008b363040) thrown at [./src/hotspot/share/interpreter/linkResolver.cpp, line 773]
Event: 361.597 Thread 0x00000246986d5800 Exception <a 'java/lang/NoSuchMethodError'{0x000000008b383c00}: 'void java.lang.invoke.DirectMethodHandle$Holder.invokeVirtual(java.lang.Object, java.lang.Object, int, java.lang.Object)'> (0x000000008b383c00) thrown at [./src/hotspot/share/interpreter/linkResolver.cpp, line 773]
Event: 362.800 Thread 0x000002469883f000 Exception <a 'java/lang/NoSuchMethodError'{0x000000008ba46970}: 'java.lang.Object java.lang.invoke.DirectMethodHandle$Holder.invokeSpecial(java.lang.Object, java.lang.Object, java.lang.Object, java.lang.Object, java.lang.Object, java.lang.Object, java.lang.Object, java.lang.Object, java.lang.Object, java.lang.Object)'> (0x000000008ba46970) thrown at [./src/hotspot/share/interpreter/linkResolver.cpp, line 773]
Event: 362.801 Thread 0x000002469883f000 Exception <a 'java/lang/NoSuchMethodError'{0x000000008ba4acd0}: 'java.lang.Object java.lang.invoke.Invokers$Holder.linkToTargetMethod(java.lang.Object, java.lang.Object, java.lang.Object, java.lang.Object, java.lang.Object, java.lang.Object, java.lang.Object, java.lang.Object, java.lang.Object)'> (0x000000008ba4acd0) thrown at [./src/hotspot/share/interpreter/linkResolver.cpp, line 773]
Event: 363.334 Thread 0x000002469883f000 Exception <a 'java/lang/NoSuchMethodError'{0x000000008b2398f0}: 'void java.lang.invoke.DirectMethodHandle$Holder.invokeVirtual(java.lang.Object, java.lang.Object, int)'> (0x000000008b2398f0) thrown at [./src/hotspot/share/interpreter/linkResolver.cpp, line 773]
Event: 363.419 Thread 0x000002469883f000 Exception <a 'sun/nio/fs/WindowsException'{0x000000008b2fbad0}> (0x000000008b2fbad0) thrown at [./src/hotspot/share/prims/jni.cpp, line 615]
Event: 367.835 Thread 0x0000024698844000 Implicit null exception at 0x0000024688395d78 to 0x0000024688396ef8
Event: 368.004 Thread 0x000002469506d800 Exception <a 'java/lang/NoSuchMethodError'{0x000000008b2ad610}: <clinit>> (0x000000008b2ad610) thrown at [./src/hotspot/share/prims/jni.cpp, line 1362]
Event: 368.638 Thread 0x00000246986d5800 Exception <a 'sun/nio/fs/WindowsException'{0x000000008c274ec0}> (0x000000008c274ec0) thrown at [./src/hotspot/share/prims/jni.cpp, line 615]
Event: 369.745 Thread 0x00000246986d5800 Implicit null exception at 0x000002468852fa1d to 0x0000024688530468

Events (20 events):
Event: 374.045 Executing VM operation: RevokeBias done
Event: 374.045 Executing VM operation: RevokeBias
Event: 374.045 Executing VM operation: RevokeBias done
Event: 374.046 Executing VM operation: RevokeBias
Event: 374.046 Executing VM operation: RevokeBias done
Event: 374.046 Executing VM operation: BulkRevokeBias
Event: 374.047 Executing VM operation: BulkRevokeBias done
Event: 374.152 Executing VM operation: G1CollectForAllocation
Event: 374.300 Executing VM operation: G1CollectForAllocation done
Event: 374.338 loading class com/android/tools/r8/graph/v1
Event: 374.338 loading class com/android/tools/r8/graph/v1 done
Event: 374.339 loading class com/android/tools/r8/graph/e0
Event: 374.339 loading class com/android/tools/r8/graph/e0 done
Event: 374.339 loading class com/android/tools/r8/graph/v1
Event: 374.339 loading class com/android/tools/r8/graph/v1 done
Event: 374.388 Executing VM operation: RevokeBias
Event: 374.388 Executing VM operation: RevokeBias done
Event: 374.679 Executing VM operation: BulkRevokeBias
Event: 374.681 Executing VM operation: BulkRevokeBias done
Event: 375.288 Executing VM operation: G1CollectForAllocation


Dynamic libraries:
0x00007ff780e70000 - 0x00007ff780e7a000 	C:\Program Files\Android\Android Studio\jre\bin\java.exe
0x00007ffc2b5b0000 - 0x00007ffc2b791000 	C:\Windows\SYSTEM32\ntdll.dll
0x00007ffc2a4c0000 - 0x00007ffc2a572000 	C:\Windows\System32\KERNEL32.DLL
0x00007ffc28450000 - 0x00007ffc286c3000 	C:\Windows\System32\KERNELBASE.dll
0x00007ffc27980000 - 0x00007ffc27a7a000 	C:\Windows\System32\ucrtbase.dll
0x00007ffc16a30000 - 0x00007ffc16a49000 	C:\Program Files\Android\Android Studio\jre\bin\jli.dll
0x00007ffc2aac0000 - 0x00007ffc2ac50000 	C:\Windows\System32\USER32.dll
0x00007ffc27b30000 - 0x00007ffc27b50000 	C:\Windows\System32\win32u.dll
0x00007ffc2a420000 - 0x00007ffc2a448000 	C:\Windows\System32\GDI32.dll
0x00007ffc27b50000 - 0x00007ffc27ce2000 	C:\Windows\System32\gdi32full.dll
0x00007ffc28730000 - 0x00007ffc287cf000 	C:\Windows\System32\msvcp_win.dll
0x00007ffc16090000 - 0x00007ffc160a7000 	C:\Program Files\Android\Android Studio\jre\bin\VCRUNTIME140.dll
0x00007ffc1a4f0000 - 0x00007ffc1a759000 	C:\Windows\WinSxS\amd64_microsoft.windows.common-controls_6595b64144ccf1df_6.0.17133.73_none_b4b127863cb5b9c7\COMCTL32.dll
0x00007ffc2aa20000 - 0x00007ffc2aabe000 	C:\Windows\System32\msvcrt.dll
0x00007ffc2ac50000 - 0x00007ffc2af73000 	C:\Windows\System32\combase.dll
0x00007ffc2b3f0000 - 0x00007ffc2b514000 	C:\Windows\System32\RPCRT4.dll
0x00007ffc287d0000 - 0x00007ffc2884a000 	C:\Windows\System32\bcryptPrimitives.dll
0x00007ffc2a9f0000 - 0x00007ffc2aa1d000 	C:\Windows\System32\IMM32.DLL
0x00007ffc09ce0000 - 0x00007ffc09d7d000 	C:\Program Files\Android\Android Studio\jre\bin\msvcp140.dll
0x00007ffbf8360000 - 0x00007ffbf8e1c000 	C:\Program Files\Android\Android Studio\jre\bin\server\jvm.dll
0x00007ffc29f10000 - 0x00007ffc29fb1000 	C:\Windows\System32\ADVAPI32.dll
0x00007ffc2b520000 - 0x00007ffc2b57b000 	C:\Windows\System32\sechost.dll
0x00007ffc28a40000 - 0x00007ffc28a48000 	C:\Windows\System32\PSAPI.DLL
0x00007ffc240b0000 - 0x00007ffc240b9000 	C:\Windows\SYSTEM32\WSOCK32.dll
0x00007ffc2b320000 - 0x00007ffc2b38c000 	C:\Windows\System32\WS2_32.dll
0x00007ffc25a30000 - 0x00007ffc25a53000 	C:\Windows\SYSTEM32\WINMM.dll
0x00007ffc17f20000 - 0x00007ffc17f2a000 	C:\Windows\SYSTEM32\VERSION.dll
0x00007ffc25a00000 - 0x00007ffc25a2a000 	C:\Windows\SYSTEM32\WINMMBASE.dll
0x00007ffc27cf0000 - 0x00007ffc27d39000 	C:\Windows\System32\cfgmgr32.dll
0x00007ffc27960000 - 0x00007ffc27971000 	C:\Windows\System32\kernel.appcore.dll
0x00007ffc208d0000 - 0x00007ffc208e1000 	C:\Program Files\Android\Android Studio\jre\bin\verify.dll
0x00007ffc16ac0000 - 0x00007ffc16c89000 	C:\Windows\SYSTEM32\DBGHELP.DLL
0x00007ffc16a90000 - 0x00007ffc16ab9000 	C:\Windows\SYSTEM32\dbgcore.DLL
0x00007ffc1ae90000 - 0x00007ffc1aeb9000 	C:\Program Files\Android\Android Studio\jre\bin\java.dll
0x00007ffc24060000 - 0x00007ffc2406b000 	C:\Program Files\Android\Android Studio\jre\bin\jimage.dll
0x00007ffc1e3d0000 - 0x00007ffc1e3e8000 	C:\Program Files\Android\Android Studio\jre\bin\zip.dll
0x00007ffc28a50000 - 0x00007ffc29e90000 	C:\Windows\System32\SHELL32.dll
0x00007ffc2b270000 - 0x00007ffc2b319000 	C:\Windows\System32\shcore.dll
0x00007ffc27d40000 - 0x00007ffc2844d000 	C:\Windows\System32\windows.storage.dll
0x00007ffc2af80000 - 0x00007ffc2afd1000 	C:\Windows\System32\shlwapi.dll
0x00007ffc27920000 - 0x00007ffc2793f000 	C:\Windows\System32\profapi.dll
0x00007ffc278d0000 - 0x00007ffc2791c000 	C:\Windows\System32\powrprof.dll
0x00007ffc278c0000 - 0x00007ffc278ca000 	C:\Windows\System32\FLTLIB.DLL
0x00007ffc1ba60000 - 0x00007ffc1ba7a000 	C:\Program Files\Android\Android Studio\jre\bin\net.dll
0x00007ffc1ff10000 - 0x00007ffc1ffed000 	C:\Windows\SYSTEM32\WINHTTP.dll
0x00007ffc270e0000 - 0x00007ffc27146000 	C:\Windows\system32\mswsock.dll
0x00007ffc1ae70000 - 0x00007ffc1ae84000 	C:\Program Files\Android\Android Studio\jre\bin\nio.dll
0x00007ffc14940000 - 0x00007ffc14967000 	C:\Users\MISHECK\.gradle\native\fdc75f09e3144964f2cf3f50f0aa648679c211496f362492102eb8c894070792\windows-amd64\native-platform.dll
0x00007ffbfd5d0000 - 0x00007ffbfd766000 	C:\Users\MISHECK\.gradle\native\12488b8bf47d2d4c9fbf2f6322a914ad602e24e48041cd04a747c6da556b65c4\windows-amd64\native-platform-file-events.dll
0x00007ffc20ea0000 - 0x00007ffc20eaa000 	C:\Program Files\Android\Android Studio\jre\bin\management.dll
0x00007ffc1e4b0000 - 0x00007ffc1e4bc000 	C:\Program Files\Android\Android Studio\jre\bin\management_ext.dll
0x00007ffc27290000 - 0x00007ffc272a7000 	C:\Windows\SYSTEM32\CRYPTSP.dll
0x00007ffc26cc0000 - 0x00007ffc26cf3000 	C:\Windows\system32\rsaenh.dll
0x00007ffc273c0000 - 0x00007ffc273e5000 	C:\Windows\SYSTEM32\bcrypt.dll
0x00007ffc277c0000 - 0x00007ffc277e8000 	C:\Windows\SYSTEM32\USERENV.dll
0x00007ffc272b0000 - 0x00007ffc272bb000 	C:\Windows\SYSTEM32\CRYPTBASE.dll
0x00007ffc26e60000 - 0x00007ffc26e98000 	C:\Windows\SYSTEM32\IPHLPAPI.DLL
0x00007ffc2a410000 - 0x00007ffc2a418000 	C:\Windows\System32\NSI.dll
0x00007ffc1efb0000 - 0x00007ffc1efc6000 	C:\Windows\SYSTEM32\dhcpcsvc6.DLL
0x00007ffc1ef90000 - 0x00007ffc1efaa000 	C:\Windows\SYSTEM32\dhcpcsvc.DLL
0x00007ffc1fea0000 - 0x00007ffc1feab000 	C:\Windows\SYSTEM32\WINNSI.DLL
0x00007ffc149d0000 - 0x00007ffc149f7000 	C:\Program Files\Android\Android Studio\jre\bin\sunec.dll
0x00007ffc26ea0000 - 0x00007ffc26f5e000 	C:\Windows\SYSTEM32\DNSAPI.dll
0x00007ffc1ac00000 - 0x00007ffc1ac0a000 	C:\Windows\System32\rasadhlp.dll

dbghelp: loaded successfully - version: 4.0.5 - missing functions: none
symbol engine: initialized successfully - sym options: 0x614 - pdb path: .;C:\Program Files\Android\Android Studio\jre\bin;C:\Windows\SYSTEM32;C:\Windows\WinSxS\amd64_microsoft.windows.common-controls_6595b64144ccf1df_6.0.17133.73_none_b4b127863cb5b9c7;C:\Program Files\Android\Android Studio\jre\bin\server;C:\Users\MISHECK\.gradle\native\fdc75f09e3144964f2cf3f50f0aa648679c211496f362492102eb8c894070792\windows-amd64;C:\Users\MISHECK\.gradle\native\12488b8bf47d2d4c9fbf2f6322a914ad602e24e48041cd04a747c6da556b65c4\windows-amd64

VM Arguments:
jvm_args: --add-opens=java.base/java.util=ALL-UNNAMED --add-opens=java.base/java.lang=ALL-UNNAMED --add-opens=java.base/java.lang.invoke=ALL-UNNAMED --add-opens=java.prefs/java.util.prefs=ALL-UNNAMED -Xmx2048m -Dfile.encoding=UTF-8 -Duser.country=US -Duser.language=en -Duser.variant 
java_command: org.gradle.launcher.daemon.bootstrap.GradleDaemon 6.7.1
java_class_path (initial): C:\Users\MISHECK\.gradle\wrapper\dists\gradle-6.7.1-bin\bwlcbys1h7rz3272sye1xwiv6\gradle-6.7.1\lib\gradle-launcher-6.7.1.jar
Launcher Type: SUN_STANDARD

[Global flags]
     intx CICompilerCount                          = 2                                         {product} {ergonomic}
     uint ConcGCThreads                            = 1                                         {product} {ergonomic}
     uint G1ConcRefinementThreads                  = 2                                         {product} {ergonomic}
   size_t G1HeapRegionSize                         = 1048576                                   {product} {ergonomic}
    uintx GCDrainStackTargetSize                   = 64                                        {product} {ergonomic}
   size_t InitialHeapSize                          = 67108864                                  {product} {ergonomic}
   size_t MarkStackSize                            = 4194304                                   {product} {ergonomic}
   size_t MaxHeapSize                              = 2147483648                                {product} {command line}
   size_t MaxNewSize                               = 1287651328                                {product} {ergonomic}
   size_t MinHeapDeltaBytes                        = 1048576                                   {product} {ergonomic}
    uintx NonNMethodCodeHeapSize                   = 5825164                                {pd product} {ergonomic}
    uintx NonProfiledCodeHeapSize                  = 122916538                              {pd product} {ergonomic}
    uintx ProfiledCodeHeapSize                     = 122916538                              {pd product} {ergonomic}
    uintx ReservedCodeCacheSize                    = 251658240                              {pd product} {ergonomic}
     bool SegmentedCodeCache                       = true                                      {product} {ergonomic}
     bool UseCompressedClassPointers               = true                                 {lp64_product} {ergonomic}
     bool UseCompressedOops                        = true                                 {lp64_product} {ergonomic}
     bool UseG1GC                                  = true                                      {product} {ergonomic}
     bool UseLargePagesIndividualAllocation        = false                                  {pd product} {ergonomic}

Logging:
Log output configuration:
 #0: stdout all=warning uptime,level,tags
 #1: stderr all=off uptime,level,tags

Environment Variables:
JAVA_HOME=C:\Program Files\Java\jdk1.8.0_191
PATH=C:\Program Files (x86)\Common Files\Oracle\Java\javapath;C:\Windows\system32;C:\Windows;C:\Windows\System32\Wbem;C:\Windows\System32\WindowsPowerShell\v1.0\;C:\Windows\System32\OpenSSH\;C:\Program Files (x86)\Git\cmd;C:\Program Files\nodejs\;C:\Program Files\Java\jdk1.8.0_191\bin;C:\Users\MISHECK\AppData\Roaming\npm;C:\Exercism;C:\Users\MISHECK\AppData\Local\Programs\Python\Python39;C:\Users\MISHECK\AppData\Local\Programs\Microsoft VS Code\bin;C:\Program Files\CodeBlocks\MinGW\bin;
USERNAME=MISHECK
OS=Windows_NT
PROCESSOR_IDENTIFIER=Intel64 Family 6 Model 55 Stepping 8, GenuineIntel



---------------  S Y S T E M  ---------------

OS: Windows 10 , 64 bit Build 17133 (10.0.17133.73)
OS uptime: 2 days 16:09 hours

CPU:total 2 (initial active 2) (2 cores per cpu, 1 threads per core) family 6 model 55 stepping 8, cmov, cx8, fxsr, mmx, sse, sse2, sse3, ssse3, sse4.1, sse4.2, popcnt, clmul, erms, 3dnowpref, tsc, tscinvbit

Memory: 4k page, system-wide physical 3987M (368M free)
TotalPageFile size 5381M (AvailPageFile size 209M)
current process WorkingSet (physical memory assigned to process): 589M, peak: 589M
current process commit charge ("private bytes"): 697M, peak: 1075M

vm_info: OpenJDK 64-Bit Server VM (11.0.8+10-b944.6842174) for windows-amd64 JRE (11.0.8+10-b944.6842174), built on Sep 19 2020 01:11:42 by "builder" with MS VC++ 14.0 (VS2015)

END.
