#
# There is insufficient memory for the Java Runtime Environment to continue.
# Native memory allocation (mmap) failed to map 65536 bytes for Failed to commit area from 0x000001c8bffb0000 to 0x000001c8bffc0000 of length 65536.
# Possible reasons:
#   The system is out of physical RAM or swap space
#   The process is running with CompressedOops enabled, and the Java Heap may be blocking the growth of the native heap
# Possible solutions:
#   Reduce memory load on the system
#   Increase physical memory or swap space
#   Check if swap backing store is full
#   Decrease Java heap size (-Xmx/-Xms)
#   Decrease number of Java threads
#   Decrease Java thread stack sizes (-Xss)
#   Set larger code cache with -XX:ReservedCodeCacheSize=
#   JVM is running with Unscaled Compressed Oops mode in which the Java heap is
#     placed in the first 4GB address space. The Java Heap base address is the
#     maximum limit for the native heap growth. Please use -XX:HeapBaseMinAddress
#     to set the Java Heap base and to place the Java Heap above 4GB virtual address.
# This output file may be truncated or incomplete.
#
#  Out of Memory Error (./src/hotspot/os/windows/os_windows.cpp:3303), pid=7856, tid=12192
#
# JRE version: OpenJDK Runtime Environment (11.0.8+10) (build 11.0.8+10-b944.6842174)
# Java VM: OpenJDK 64-Bit Server VM (11.0.8+10-b944.6842174, mixed mode, tiered, compressed oops, g1 gc, windows-amd64)
# No core dump will be written. Minidumps are not enabled by default on client versions of Windows
#

---------------  S U M M A R Y ------------

Command Line: --add-opens=java.base/java.util=ALL-UNNAMED --add-opens=java.base/java.lang=ALL-UNNAMED --add-opens=java.base/java.lang.invoke=ALL-UNNAMED --add-opens=java.prefs/java.util.prefs=ALL-UNNAMED -Xmx2048m -Dfile.encoding=UTF-8 -Duser.country=US -Duser.language=en -Duser.variant org.gradle.launcher.daemon.bootstrap.GradleDaemon 6.7.1

Host: Intel(R) Celeron(R) CPU  N2840  @ 2.16GHz, 2 cores, 3G,  Windows 10 , 64 bit Build 17133 (10.0.17133.73)
Time: Sat Jul 31 01:51:11 2021 Pacific Daylight Time elapsed time: 65 seconds (0d 0h 1m 5s)

---------------  T H R E A D  ---------------

Current thread (0x000001c8d9800800):  VMThread "VM Thread" [stack: 0x00000090a2000000,0x00000090a2100000] [id=12192]

Stack: [0x00000090a2000000,0x00000090a2100000]
[error occurred during error reporting (printing stack bounds), id 0xc0000005, EXCEPTION_ACCESS_VIOLATION (0xc0000005) at pc=0x000001c8c3c50dbe]

Native frames: (J=compiled Java code, j=interpreted, Vv=VM code, C=native code)
V  [jvm.dll+0x5de50a]
V  [jvm.dll+0x7122f5]
V  [jvm.dll+0x71384d]
V  [jvm.dll+0x713e65]
V  [jvm.dll+0x713e1b]
V  [jvm.dll+0x5dd958]
V  [jvm.dll+0x5de0f8]
C  [ntdll.dll+0x9eddd]
C  [ntdll.dll+0x6c86]
C  [ntdll.dll+0x9dd0e]
C  0x000001c8c3c50dbe

VM_Operation (0x00000090aabfca90): G1CollectForAllocation, mode: safepoint, requested by thread 0x000001c8decb2000


---------------  P R O C E S S  ---------------

Threads class SMR info:
_java_thread_list=0x000001c8de6ff0a0, length=138, elements={
0x000001c8c02dc800, 0x000001c8d9804800, 0x000001c8d9806000, 0x000001c8da170800,
0x000001c8da171800, 0x000001c8da172800, 0x000001c8da176000, 0x000001c8da17d800,
0x000001c8da2b6000, 0x000001c8da2d5000, 0x000001c8dbb23000, 0x000001c8db59b000,
0x000001c8dc001800, 0x000001c8dbfb0000, 0x000001c8db351800, 0x000001c8db352000,
0x000001c8dbfa6800, 0x000001c8db967800, 0x000001c8db968800, 0x000001c8dba22800,
0x000001c8dbcd6800, 0x000001c8dbcd1800, 0x000001c8dbcd5000, 0x000001c8dbcd5800,
0x000001c8dbcd7800, 0x000001c8dbcd8000, 0x000001c8dbcd2800, 0x000001c8dbcd3800,
0x000001c8dbcd4000, 0x000001c8dcc8d800, 0x000001c8dcc8c000, 0x000001c8dcc8a800,
0x000001c8dcc8b800, 0x000001c8dcc8e800, 0x000001c8dcc8d000, 0x000001c8dcc89000,
0x000001c8dcc89800, 0x000001c8dcc90000, 0x000001c8dcc95000, 0x000001c8dcc92800,
0x000001c8dcc8f800, 0x000001c8dcc96000, 0x000001c8dcc96800, 0x000001c8dcc91000,
0x000001c8dcc92000, 0x000001c8dcc93800, 0x000001c8dcc94000, 0x000001c8dbcef800,
0x000001c8dbcef000, 0x000001c8dbcf4000, 0x000001c8dbcf0800, 0x000001c8dbcee000,
0x000001c8dbcf3000, 0x000001c8dbcf4800, 0x000001c8dbcf2000, 0x000001c8dbcf5800,
0x000001c8dbcf6000, 0x000001c8dbcf7000, 0x000001c8dbcf1800, 0x000001c8dbcfc000,
0x000001c8dbcf8000, 0x000001c8dbcfb000, 0x000001c8dbcf8800, 0x000001c8dbcf9800,
0x000001c8dbcfc800, 0x000001c8dbcfa800, 0x000001c8dbf06000, 0x000001c8dbf08800,
0x000001c8dbf09000, 0x000001c8dbf0b000, 0x000001c8dbf0a000, 0x000001c8dbf05000,
0x000001c8dbf0b800, 0x000001c8dbf0c800, 0x000001c8dbf07000, 0x000001c8dbf07800,
0x000001c8dbf0e000, 0x000001c8dbf0f000, 0x000001c8dbf10000, 0x000001c8dbf0d800,
0x000001c8dbf14000, 0x000001c8dbf11800, 0x000001c8dbf10800, 0x000001c8dbf12000,
0x000001c8dbf13000, 0x000001c8dcacf800, 0x000001c8dcace000, 0x000001c8dcace800,
0x000001c8dcaca800, 0x000001c8dcaca000, 0x000001c8dcad0800, 0x000001c8dcad1000,
0x000001c8dcacc800, 0x000001c8dcacd000, 0x000001c8dcacb800, 0x000001c8dcad4800,
0x000001c8dcad3000, 0x000001c8dcad3800, 0x000001c8dcad6000, 0x000001c8dcad5800,
0x000001c8dcad2000, 0x000001c8dcad7800, 0x000001c8dcad7000, 0x000001c8dcad8800,
0x000001c8da4d1000, 0x000001c8da4cc800, 0x000001c8da4d0000, 0x000001c8da4d1800,
0x000001c8da4d2800, 0x000001c8da4d3000, 0x000001c8da4cd800, 0x000001c8da4d4000,
0x000001c8da4cf000, 0x000001c8da4ce800, 0x000001c8da4d5000, 0x000001c8da4da800,
0x000001c8da4da000, 0x000001c8da4d8000, 0x000001c8da4d9000, 0x000001c8da4db800,
0x000001c8da4d7800, 0x000001c8da4d5800, 0x000001c8da4d6800, 0x000001c8deca9000,
0x000001c8decaa800, 0x000001c8decaa000, 0x000001c8decab800, 0x000001c8deca6000,
0x000001c8decac800, 0x000001c8decad000, 0x000001c8deca7800, 0x000001c8decaf800,
0x000001c8decb0800, 0x000001c8decae000, 0x000001c8decb1000, 0x000001c8decb2000,
0x000001c8decb3000, 0x000001c8decb4800
}

Java Threads: ( => current thread )
  0x000001c8c02dc800 JavaThread "main" [_thread_blocked, id=11308, stack(0x00000090a1a00000,0x00000090a1b00000)]
  0x000001c8d9804800 JavaThread "Reference Handler" daemon [_thread_blocked, id=12312, stack(0x00000090a2100000,0x00000090a2200000)]
  0x000001c8d9806000 JavaThread "Finalizer" daemon [_thread_blocked, id=20788, stack(0x00000090a2200000,0x00000090a2300000)]
  0x000001c8da170800 JavaThread "Signal Dispatcher" daemon [_thread_blocked, id=20376, stack(0x00000090a2300000,0x00000090a2400000)]
  0x000001c8da171800 JavaThread "Attach Listener" daemon [_thread_blocked, id=22484, stack(0x00000090a2400000,0x00000090a2500000)]
  0x000001c8da172800 JavaThread "C2 CompilerThread0" daemon [_thread_blocked, id=18436, stack(0x00000090a2500000,0x00000090a2600000)]
  0x000001c8da176000 JavaThread "C1 CompilerThread0" daemon [_thread_blocked, id=14284, stack(0x00000090a2600000,0x00000090a2700000)]
  0x000001c8da17d800 JavaThread "Sweeper thread" daemon [_thread_blocked, id=18284, stack(0x00000090a2700000,0x00000090a2800000)]
  0x000001c8da2b6000 JavaThread "Common-Cleaner" daemon [_thread_blocked, id=25936, stack(0x00000090a2800000,0x00000090a2900000)]
  0x000001c8da2d5000 JavaThread "Service Thread" daemon [_thread_blocked, id=19400, stack(0x00000090a2900000,0x00000090a2a00000)]
  0x000001c8dbb23000 JavaThread "Daemon health stats" [_thread_blocked, id=13680, stack(0x00000090a2c00000,0x00000090a2d00000)]
  0x000001c8db59b000 JavaThread "Incoming local TCP Connector on port 54685" [_thread_in_native, id=16376, stack(0x00000090a2e00000,0x00000090a2f00000)]
  0x000001c8dc001800 JavaThread "Daemon" [_thread_blocked, id=12520, stack(0x00000090a2f00000,0x00000090a3000000)]
  0x000001c8dbfb0000 JavaThread "Daemon periodic checks" [_thread_blocked, id=16184, stack(0x00000090a3000000,0x00000090a3100000)]
  0x000001c8db351800 JavaThread "Handler for socket connection from /127.0.0.1:54685 to /127.0.0.1:54686" [_thread_in_native, id=13980, stack(0x00000090a3100000,0x00000090a3200000)]
  0x000001c8db352000 JavaThread "Cancel handler" [_thread_blocked, id=18788, stack(0x00000090a3200000,0x00000090a3300000)]
  0x000001c8dbfa6800 JavaThread "Daemon worker" [_thread_blocked, id=26116, stack(0x00000090a3300000,0x00000090a3400000)]
  0x000001c8db967800 JavaThread "Asynchronous log dispatcher for DefaultDaemonConnection: socket connection from /127.0.0.1:54685 to /127.0.0.1:54686" [_thread_blocked, id=2796, stack(0x00000090a3400000,0x00000090a3500000)]
  0x000001c8db968800 JavaThread "Stdin handler" [_thread_blocked, id=880, stack(0x00000090a3500000,0x00000090a3600000)]
  0x000001c8dba22800 JavaThread "Thread-8" [_thread_blocked, id=11556, stack(0x00000090a3600000,0x00000090a3700000)]
  0x000001c8dbcd6800 JavaThread "Cache worker for file hash cache (C:\Users\MISHECK\.gradle\caches\6.7.1\fileHashes)" [_thread_blocked, id=4536, stack(0x00000090a3700000,0x00000090a3800000)]
  0x000001c8dbcd1800 JavaThread "File lock request listener" [_thread_in_native, id=7852, stack(0x00000090a3800000,0x00000090a3900000)]
  0x000001c8dbcd5000 JavaThread "Cache worker for journal cache (C:\Users\MISHECK\.gradle\caches\journal-1)" [_thread_blocked, id=21968, stack(0x00000090a3900000,0x00000090a3a00000)]
  0x000001c8dbcd5800 JavaThread "Cache worker for file hash cache (C:\Users\MISHECK\AndroidStudioProjects\ChildSafetyApp\.gradle\6.7.1\fileHashes)" [_thread_blocked, id=14272, stack(0x00000090a3a00000,0x00000090a3b00000)]
  0x000001c8dbcd7800 JavaThread "Cache worker for checksums cache (C:\Users\MISHECK\AndroidStudioProjects\ChildSafetyApp\.gradle\checksums)" [_thread_blocked, id=10888, stack(0x00000090a3b00000,0x00000090a3c00000)]
  0x000001c8dbcd8000 JavaThread "Cache worker for cache directory md-supplier (C:\Users\MISHECK\.gradle\caches\6.7.1\md-supplier)" [_thread_blocked, id=14356, stack(0x00000090a3c00000,0x00000090a3d00000)]
  0x000001c8dbcd2800 JavaThread "Cache worker for cache directory md-rule (C:\Users\MISHECK\.gradle\caches\6.7.1\md-rule)" [_thread_blocked, id=11352, stack(0x00000090a3d00000,0x00000090a3e00000)]
  0x000001c8dbcd3800 JavaThread "Cache worker for execution history cache (C:\Users\MISHECK\.gradle\caches\6.7.1\executionHistory)" [_thread_blocked, id=11416, stack(0x00000090a3e00000,0x00000090a3f00000)]
  0x000001c8dbcd4000 JavaThread "jar transforms" [_thread_blocked, id=15288, stack(0x00000090a3f00000,0x00000090a4000000)]
  0x000001c8dcc8d800 JavaThread "Cache worker for file content cache (C:\Users\MISHECK\.gradle\caches\6.7.1\fileContent)" [_thread_blocked, id=3992, stack(0x00000090a4000000,0x00000090a4100000)]
  0x000001c8dcc8c000 JavaThread "Cache worker for Build Output Cleanup Cache (C:\Users\MISHECK\AndroidStudioProjects\ChildSafetyApp\.gradle\buildOutputCleanup)" [_thread_blocked, id=8472, stack(0x00000090a4100000,0x00000090a4200000)]
  0x000001c8dcc8a800 JavaThread "Build operations" [_thread_blocked, id=16812, stack(0x00000090a4200000,0x00000090a4300000)]
  0x000001c8dcc8b800 JavaThread "Build operations Thread 2" [_thread_blocked, id=11636, stack(0x00000090a4300000,0x00000090a4400000)]
  0x000001c8dcc8e800 JavaThread "jar transforms Thread 2" [_thread_blocked, id=15768, stack(0x00000090a4400000,0x00000090a4500000)]
  0x000001c8dcc8d000 JavaThread "jar transforms Thread 3" [_thread_blocked, id=23264, stack(0x00000090a4500000,0x00000090a4600000)]
  0x000001c8dcc89000 JavaThread "jar transforms Thread 4" [_thread_blocked, id=26580, stack(0x00000090a4600000,0x00000090a4700000)]
  0x000001c8dcc89800 JavaThread "jar transforms Thread 5" [_thread_blocked, id=9072, stack(0x00000090a4700000,0x00000090a4800000)]
  0x000001c8dcc90000 JavaThread "jar transforms Thread 6" [_thread_blocked, id=12956, stack(0x00000090a4800000,0x00000090a4900000)]
  0x000001c8dcc95000 JavaThread "jar transforms Thread 7" [_thread_blocked, id=25524, stack(0x00000090a4900000,0x00000090a4a00000)]
  0x000001c8dcc92800 JavaThread "jar transforms Thread 8" [_thread_blocked, id=6308, stack(0x00000090a4a00000,0x00000090a4b00000)]
  0x000001c8dcc8f800 JavaThread "jar transforms Thread 9" [_thread_blocked, id=7112, stack(0x00000090a4b00000,0x00000090a4c00000)]
  0x000001c8dcc96000 JavaThread "jar transforms Thread 10" [_thread_blocked, id=16212, stack(0x00000090a4c00000,0x00000090a4d00000)]
  0x000001c8dcc96800 JavaThread "jar transforms Thread 11" [_thread_blocked, id=20124, stack(0x00000090a4d00000,0x00000090a4e00000)]
  0x000001c8dcc91000 JavaThread "jar transforms Thread 12" [_thread_blocked, id=18964, stack(0x00000090a4e00000,0x00000090a4f00000)]
  0x000001c8dcc92000 JavaThread "jar transforms Thread 13" [_thread_blocked, id=10476, stack(0x00000090a4f00000,0x00000090a5000000)]
  0x000001c8dcc93800 JavaThread "jar transforms Thread 14" [_thread_blocked, id=9936, stack(0x00000090a5000000,0x00000090a5100000)]
  0x000001c8dcc94000 JavaThread "jar transforms Thread 15" [_thread_blocked, id=13552, stack(0x00000090a5100000,0x00000090a5200000)]
  0x000001c8dbcef800 JavaThread "jar transforms Thread 16" [_thread_blocked, id=776, stack(0x00000090a5200000,0x00000090a5300000)]
  0x000001c8dbcef000 JavaThread "jar transforms Thread 17" [_thread_blocked, id=10708, stack(0x00000090a5300000,0x00000090a5400000)]
  0x000001c8dbcf4000 JavaThread "jar transforms Thread 18" [_thread_blocked, id=10400, stack(0x00000090a5400000,0x00000090a5500000)]
  0x000001c8dbcf0800 JavaThread "jar transforms Thread 19" [_thread_blocked, id=2920, stack(0x00000090a5500000,0x00000090a5600000)]
  0x000001c8dbcee000 JavaThread "jar transforms Thread 20" [_thread_blocked, id=3444, stack(0x00000090a5600000,0x00000090a5700000)]
  0x000001c8dbcf3000 JavaThread "jar transforms Thread 21" [_thread_blocked, id=12236, stack(0x00000090a5700000,0x00000090a5800000)]
  0x000001c8dbcf4800 JavaThread "jar transforms Thread 22" [_thread_blocked, id=22956, stack(0x00000090a5800000,0x00000090a5900000)]
  0x000001c8dbcf2000 JavaThread "jar transforms Thread 23" [_thread_blocked, id=5080, stack(0x00000090a5900000,0x00000090a5a00000)]
  0x000001c8dbcf5800 JavaThread "jar transforms Thread 24" [_thread_blocked, id=21596, stack(0x00000090a5a00000,0x00000090a5b00000)]
  0x000001c8dbcf6000 JavaThread "jar transforms Thread 25" [_thread_blocked, id=17576, stack(0x00000090a5b00000,0x00000090a5c00000)]
  0x000001c8dbcf7000 JavaThread "jar transforms Thread 26" [_thread_blocked, id=11312, stack(0x00000090a5c00000,0x00000090a5d00000)]
  0x000001c8dbcf1800 JavaThread "jar transforms Thread 27" [_thread_blocked, id=3548, stack(0x00000090a5d00000,0x00000090a5e00000)]
  0x000001c8dbcfc000 JavaThread "jar transforms Thread 28" [_thread_blocked, id=20668, stack(0x00000090a5e00000,0x00000090a5f00000)]
  0x000001c8dbcf8000 JavaThread "jar transforms Thread 29" [_thread_blocked, id=21296, stack(0x00000090a5f00000,0x00000090a6000000)]
  0x000001c8dbcfb000 JavaThread "jar transforms Thread 30" [_thread_blocked, id=268, stack(0x00000090a6000000,0x00000090a6100000)]
  0x000001c8dbcf8800 JavaThread "jar transforms Thread 31" [_thread_blocked, id=21564, stack(0x00000090a6100000,0x00000090a6200000)]
  0x000001c8dbcf9800 JavaThread "jar transforms Thread 32" [_thread_blocked, id=7260, stack(0x00000090a6200000,0x00000090a6300000)]
  0x000001c8dbcfc800 JavaThread "jar transforms Thread 33" [_thread_blocked, id=1176, stack(0x00000090a6300000,0x00000090a6400000)]
  0x000001c8dbcfa800 JavaThread "jar transforms Thread 34" [_thread_blocked, id=10576, stack(0x00000090a6400000,0x00000090a6500000)]
  0x000001c8dbf06000 JavaThread "jar transforms Thread 35" [_thread_blocked, id=20200, stack(0x00000090a6500000,0x00000090a6600000)]
  0x000001c8dbf08800 JavaThread "jar transforms Thread 36" [_thread_blocked, id=11332, stack(0x00000090a6600000,0x00000090a6700000)]
  0x000001c8dbf09000 JavaThread "jar transforms Thread 37" [_thread_blocked, id=22832, stack(0x00000090a6700000,0x00000090a6800000)]
  0x000001c8dbf0b000 JavaThread "jar transforms Thread 38" [_thread_blocked, id=18272, stack(0x00000090a6800000,0x00000090a6900000)]
  0x000001c8dbf0a000 JavaThread "jar transforms Thread 39" [_thread_blocked, id=15268, stack(0x00000090a6900000,0x00000090a6a00000)]
  0x000001c8dbf05000 JavaThread "jar transforms Thread 40" [_thread_blocked, id=10960, stack(0x00000090a6a00000,0x00000090a6b00000)]
  0x000001c8dbf0b800 JavaThread "jar transforms Thread 41" [_thread_blocked, id=10344, stack(0x00000090a6b00000,0x00000090a6c00000)]
  0x000001c8dbf0c800 JavaThread "jar transforms Thread 42" [_thread_blocked, id=25040, stack(0x00000090a6c00000,0x00000090a6d00000)]
  0x000001c8dbf07000 JavaThread "jar transforms Thread 43" [_thread_blocked, id=12828, stack(0x00000090a6d00000,0x00000090a6e00000)]
  0x000001c8dbf07800 JavaThread "jar transforms Thread 44" [_thread_blocked, id=11552, stack(0x00000090a6e00000,0x00000090a6f00000)]
  0x000001c8dbf0e000 JavaThread "jar transforms Thread 45" [_thread_blocked, id=14856, stack(0x00000090a6f00000,0x00000090a7000000)]
  0x000001c8dbf0f000 JavaThread "jar transforms Thread 46" [_thread_blocked, id=6012, stack(0x00000090a7000000,0x00000090a7100000)]
  0x000001c8dbf10000 JavaThread "jar transforms Thread 47" [_thread_blocked, id=21772, stack(0x00000090a7100000,0x00000090a7200000)]
  0x000001c8dbf0d800 JavaThread "jar transforms Thread 48" [_thread_blocked, id=25720, stack(0x00000090a7200000,0x00000090a7300000)]
  0x000001c8dbf14000 JavaThread "jar transforms Thread 49" [_thread_blocked, id=18948, stack(0x00000090a7300000,0x00000090a7400000)]
  0x000001c8dbf11800 JavaThread "jar transforms Thread 50" [_thread_blocked, id=22192, stack(0x00000090a7400000,0x00000090a7500000)]
  0x000001c8dbf10800 JavaThread "jar transforms Thread 51" [_thread_blocked, id=21780, stack(0x00000090a7500000,0x00000090a7600000)]
  0x000001c8dbf12000 JavaThread "jar transforms Thread 52" [_thread_blocked, id=20948, stack(0x00000090a7600000,0x00000090a7700000)]
  0x000001c8dbf13000 JavaThread "jar transforms Thread 53" [_thread_blocked, id=12888, stack(0x00000090a7700000,0x00000090a7800000)]
  0x000001c8dcacf800 JavaThread "jar transforms Thread 54" [_thread_blocked, id=26544, stack(0x00000090a7800000,0x00000090a7900000)]
  0x000001c8dcace000 JavaThread "jar transforms Thread 55" [_thread_blocked, id=9572, stack(0x00000090a7900000,0x00000090a7a00000)]
  0x000001c8dcace800 JavaThread "jar transforms Thread 56" [_thread_blocked, id=10924, stack(0x00000090a7a00000,0x00000090a7b00000)]
  0x000001c8dcaca800 JavaThread "jar transforms Thread 57" [_thread_blocked, id=22440, stack(0x00000090a7b00000,0x00000090a7c00000)]
  0x000001c8dcaca000 JavaThread "jar transforms Thread 58" [_thread_blocked, id=17744, stack(0x00000090a7c00000,0x00000090a7d00000)]
  0x000001c8dcad0800 JavaThread "jar transforms Thread 59" [_thread_blocked, id=12264, stack(0x00000090a7d00000,0x00000090a7e00000)]
  0x000001c8dcad1000 JavaThread "jar transforms Thread 60" [_thread_blocked, id=10596, stack(0x00000090a7e00000,0x00000090a7f00000)]
  0x000001c8dcacc800 JavaThread "jar transforms Thread 61" [_thread_blocked, id=25708, stack(0x00000090a7f00000,0x00000090a8000000)]
  0x000001c8dcacd000 JavaThread "jar transforms Thread 62" [_thread_blocked, id=18440, stack(0x00000090a8000000,0x00000090a8100000)]
  0x000001c8dcacb800 JavaThread "jar transforms Thread 63" [_thread_blocked, id=6652, stack(0x00000090a8100000,0x00000090a8200000)]
  0x000001c8dcad4800 JavaThread "jar transforms Thread 64" [_thread_blocked, id=2380, stack(0x00000090a8200000,0x00000090a8300000)]
  0x000001c8dcad3000 JavaThread "jar transforms Thread 65" [_thread_blocked, id=10116, stack(0x00000090a8300000,0x00000090a8400000)]
  0x000001c8dcad3800 JavaThread "jar transforms Thread 66" [_thread_blocked, id=21728, stack(0x00000090a8400000,0x00000090a8500000)]
  0x000001c8dcad6000 JavaThread "jar transforms Thread 67" [_thread_blocked, id=20068, stack(0x00000090a8500000,0x00000090a8600000)]
  0x000001c8dcad5800 JavaThread "jar transforms Thread 68" [_thread_blocked, id=1268, stack(0x00000090a8600000,0x00000090a8700000)]
  0x000001c8dcad2000 JavaThread "jar transforms Thread 69" [_thread_blocked, id=11524, stack(0x00000090a8700000,0x00000090a8800000)]
  0x000001c8dcad7800 JavaThread "jar transforms Thread 70" [_thread_blocked, id=12676, stack(0x00000090a8800000,0x00000090a8900000)]
  0x000001c8dcad7000 JavaThread "jar transforms Thread 71" [_thread_blocked, id=10164, stack(0x00000090a8900000,0x00000090a8a00000)]
  0x000001c8dcad8800 JavaThread "jar transforms Thread 72" [_thread_blocked, id=13984, stack(0x00000090a8a00000,0x00000090a8b00000)]
  0x000001c8da4d1000 JavaThread "jar transforms Thread 73" [_thread_blocked, id=25028, stack(0x00000090a8b00000,0x00000090a8c00000)]
  0x000001c8da4cc800 JavaThread "jar transforms Thread 74" [_thread_blocked, id=1116, stack(0x00000090a8c00000,0x00000090a8d00000)]
  0x000001c8da4d0000 JavaThread "jar transforms Thread 75" [_thread_blocked, id=14076, stack(0x00000090a8d00000,0x00000090a8e00000)]
  0x000001c8da4d1800 JavaThread "jar transforms Thread 76" [_thread_blocked, id=24112, stack(0x00000090a8e00000,0x00000090a8f00000)]
  0x000001c8da4d2800 JavaThread "jar transforms Thread 77" [_thread_blocked, id=13988, stack(0x00000090a8f00000,0x00000090a9000000)]
  0x000001c8da4d3000 JavaThread "jar transforms Thread 78" [_thread_blocked, id=24552, stack(0x00000090a9000000,0x00000090a9100000)]
  0x000001c8da4cd800 JavaThread "jar transforms Thread 79" [_thread_blocked, id=13700, stack(0x00000090a9100000,0x00000090a9200000)]
  0x000001c8da4d4000 JavaThread "jar transforms Thread 80" [_thread_blocked, id=22500, stack(0x00000090a9200000,0x00000090a9300000)]
  0x000001c8da4cf000 JavaThread "jar transforms Thread 81" [_thread_blocked, id=16992, stack(0x00000090a9300000,0x00000090a9400000)]
  0x000001c8da4ce800 JavaThread "jar transforms Thread 82" [_thread_blocked, id=5580, stack(0x00000090a9400000,0x00000090a9500000)]
  0x000001c8da4d5000 JavaThread "jar transforms Thread 83" [_thread_blocked, id=3692, stack(0x00000090a9500000,0x00000090a9600000)]
  0x000001c8da4da800 JavaThread "jar transforms Thread 84" [_thread_blocked, id=17800, stack(0x00000090a9600000,0x00000090a9700000)]
  0x000001c8da4da000 JavaThread "jar transforms Thread 85" [_thread_blocked, id=9236, stack(0x00000090a9700000,0x00000090a9800000)]
  0x000001c8da4d8000 JavaThread "jar transforms Thread 86" [_thread_blocked, id=20544, stack(0x00000090a9800000,0x00000090a9900000)]
  0x000001c8da4d9000 JavaThread "jar transforms Thread 87" [_thread_blocked, id=20960, stack(0x00000090a9900000,0x00000090a9a00000)]
  0x000001c8da4db800 JavaThread "jar transforms Thread 88" [_thread_blocked, id=23368, stack(0x00000090a9a00000,0x00000090a9b00000)]
  0x000001c8da4d7800 JavaThread "jar transforms Thread 89" [_thread_blocked, id=18012, stack(0x00000090a9b00000,0x00000090a9c00000)]
  0x000001c8da4d5800 JavaThread "jar transforms Thread 90" [_thread_blocked, id=5140, stack(0x00000090a9c00000,0x00000090a9d00000)]
  0x000001c8da4d6800 JavaThread "jar transforms Thread 91" [_thread_blocked, id=21176, stack(0x00000090a9d00000,0x00000090a9e00000)]
  0x000001c8deca9000 JavaThread "jar transforms Thread 92" [_thread_blocked, id=9632, stack(0x00000090a9e00000,0x00000090a9f00000)]
  0x000001c8decaa800 JavaThread "jar transforms Thread 93" [_thread_blocked, id=7656, stack(0x00000090a9f00000,0x00000090aa000000)]
  0x000001c8decaa000 JavaThread "jar transforms Thread 94" [_thread_blocked, id=15972, stack(0x00000090aa000000,0x00000090aa100000)]
  0x000001c8decab800 JavaThread "jar transforms Thread 95" [_thread_blocked, id=20464, stack(0x00000090aa100000,0x00000090aa200000)]
  0x000001c8deca6000 JavaThread "jar transforms Thread 96" [_thread_blocked, id=15740, stack(0x00000090aa200000,0x00000090aa300000)]
  0x000001c8decac800 JavaThread "jar transforms Thread 97" [_thread_blocked, id=22888, stack(0x00000090aa300000,0x00000090aa400000)]
  0x000001c8decad000 JavaThread "Memory manager" [_thread_blocked, id=1924, stack(0x00000090aa400000,0x00000090aa500000)]
  0x000001c8deca7800 JavaThread "build event listener" [_thread_blocked, id=17684, stack(0x00000090aa500000,0x00000090aa600000)]
  0x000001c8decaf800 JavaThread "build event listener" [_thread_blocked, id=18632, stack(0x00000090aa600000,0x00000090aa700000)]
  0x000001c8decb0800 JavaThread "Execution worker for ':'" [_thread_blocked, id=19136, stack(0x00000090aa700000,0x00000090aa800000)]
  0x000001c8decae000 JavaThread "Cache worker for execution history cache (C:\Users\MISHECK\AndroidStudioProjects\ChildSafetyApp\.gradle\6.7.1\executionHistory)" [_thread_blocked, id=20628, stack(0x00000090aa800000,0x00000090aa900000)]
  0x000001c8decb1000 JavaThread "WorkerExecutor Queue" [_thread_blocked, id=15000, stack(0x00000090aa900000,0x00000090aaa00000)]
  0x000001c8decb2000 JavaThread "WorkerExecutor Queue Thread 3" [_thread_blocked, id=26264, stack(0x00000090aab00000,0x00000090aac00000)]
  0x000001c8decb3000 JavaThread "ForkJoinPool-1-worker-3" daemon [_thread_blocked, id=1180, stack(0x00000090aaa00000,0x00000090aab00000)]
  0x000001c8decb4800 JavaThread "ForkJoinPool-1-worker-1" daemon [_thread_blocked, id=25052, stack(0x00000090aac00000,0x00000090aad00000)]

Other Threads:
=>0x000001c8d9800800 VMThread "VM Thread" [stack: 0x00000090a2000000,0x00000090a2100000] [id=12192]
  0x000001c8da301800 WatcherThread [stack: 0x00000090a2a00000,0x00000090a2b00000] [id=8324]
  0x000001c8c02f3800 GCTaskThread "GC Thread#0" [stack: 0x00000090a1b00000,0x00000090a1c00000] [id=20240]
  0x000001c8da3ed000 GCTaskThread "GC Thread#1" [stack: 0x00000090a2b00000,0x00000090a2c00000] [id=24640]
  0x000001c8c0324000 ConcurrentGCThread "G1 Main Marker" [stack: 0x00000090a1c00000,0x00000090a1d00000] [id=21688]
  0x000001c8c0326800 ConcurrentGCThread "G1 Conc#0" [stack: 0x00000090a1d00000,0x00000090a1e00000] [id=22056]
  0x000001c8c037f000 ConcurrentGCThread "G1 Refine#0" [stack: 0x00000090a1e00000,0x00000090a1f00000] [id=22460]
  0x000001c8c0380000 ConcurrentGCThread "G1 Young RemSet Sampling" [stack: 0x00000090a1f00000,0x00000090a2000000] [id=2292]

Threads with active compile tasks:
C2 CompilerThread0  65065 9835   !   4       java.util.zip.InflaterInputStream::read (138 bytes)

VM state:at safepoint (normal execution)

VM Mutex/Monitor currently owned by a thread:  ([mutex/lock_event])
[0x000001c8c02d86c0] Threads_lock - owner thread: 0x000001c8d9800800
[0x000001c8c02d9cb0] Heap_lock - owner thread: 0x000001c8decb2000

Heap address: 0x0000000080000000, size: 2048 MB, Compressed Oops mode: 32-bit
Narrow klass base: 0x0000000000000000, Narrow klass shift: 3
Compressed class space size: 1073741824 Address: 0x0000000100000000

Heap:
 garbage-first heap   total 578560K, used 144896K [0x0000000080000000, 0x0000000100000000)
  region size 1024K, 3 young (3072K), 3 survivors (3072K)
 Metaspace       used 83531K, capacity 85533K, committed 85796K, reserved 1124352K
  class space    used 10946K, capacity 11682K, committed 11776K, reserved 1048576K
Heap Regions: E=young(eden), S=young(survivor), O=old, HS=humongous(starts), HC=humongous(continues), CS=collection set, F=free, A=archive, TAMS=top-at-mark-start (previous, next)
|   0|0x0000000080000000, 0x0000000080100000, 0x0000000080100000|100%| O|  |TAMS 0x0000000080100000, 0x0000000080100000| Untracked 
|   1|0x0000000080100000, 0x0000000080200000, 0x0000000080200000|100%| O|  |TAMS 0x0000000080200000, 0x0000000080200000| Untracked 
|   2|0x0000000080200000, 0x0000000080300000, 0x0000000080300000|100%| O|  |TAMS 0x0000000080300000, 0x0000000080300000| Untracked 
|   3|0x0000000080300000, 0x0000000080400000, 0x0000000080400000|100%| O|  |TAMS 0x0000000080400000, 0x0000000080400000| Untracked 
|   4|0x0000000080400000, 0x0000000080500000, 0x0000000080500000|100%|HS|  |TAMS 0x0000000080500000, 0x0000000080500000| Complete 
|   5|0x0000000080500000, 0x0000000080600000, 0x0000000080600000|100%|HC|  |TAMS 0x0000000080600000, 0x0000000080600000| Complete 
|   6|0x0000000080600000, 0x0000000080700000, 0x0000000080700000|100%|HC|  |TAMS 0x0000000080700000, 0x0000000080700000| Complete 
|   7|0x0000000080700000, 0x0000000080800000, 0x0000000080800000|100%| O|  |TAMS 0x0000000080800000, 0x0000000080800000| Untracked 
|   8|0x0000000080800000, 0x0000000080900000, 0x0000000080900000|100%| O|  |TAMS 0x0000000080900000, 0x0000000080900000| Untracked 
|   9|0x0000000080900000, 0x0000000080a00000, 0x0000000080a00000|100%| O|  |TAMS 0x0000000080a00000, 0x0000000080a00000| Untracked 
|  10|0x0000000080a00000, 0x0000000080b00000, 0x0000000080b00000|100%| O|  |TAMS 0x0000000080b00000, 0x0000000080b00000| Untracked 
|  11|0x0000000080b00000, 0x0000000080c00000, 0x0000000080c00000|100%| O|  |TAMS 0x0000000080c00000, 0x0000000080c00000| Untracked 
|  12|0x0000000080c00000, 0x0000000080d00000, 0x0000000080d00000|100%| O|  |TAMS 0x0000000080d00000, 0x0000000080d00000| Untracked 
|  13|0x0000000080d00000, 0x0000000080e00000, 0x0000000080e00000|100%| O|  |TAMS 0x0000000080e00000, 0x0000000080e00000| Untracked 
|  14|0x0000000080e00000, 0x0000000080f00000, 0x0000000080f00000|100%| O|  |TAMS 0x0000000080f00000, 0x0000000080f00000| Untracked 
|  15|0x0000000080f00000, 0x0000000081000000, 0x0000000081000000|100%| O|  |TAMS 0x0000000081000000, 0x0000000081000000| Untracked 
|  16|0x0000000081000000, 0x0000000081100000, 0x0000000081100000|100%| O|  |TAMS 0x0000000081100000, 0x0000000081100000| Untracked 
|  17|0x0000000081100000, 0x0000000081200000, 0x0000000081200000|100%| O|  |TAMS 0x0000000081200000, 0x0000000081200000| Untracked 
|  18|0x0000000081200000, 0x0000000081300000, 0x0000000081300000|100%| O|  |TAMS 0x0000000081300000, 0x0000000081300000| Untracked 
|  19|0x0000000081300000, 0x0000000081400000, 0x0000000081400000|100%| O|  |TAMS 0x0000000081400000, 0x0000000081400000| Untracked 
|  20|0x0000000081400000, 0x0000000081500000, 0x0000000081500000|100%| O|  |TAMS 0x0000000081500000, 0x0000000081500000| Untracked 
|  21|0x0000000081500000, 0x0000000081600000, 0x0000000081600000|100%| O|  |TAMS 0x0000000081600000, 0x0000000081600000| Untracked 
|  22|0x0000000081600000, 0x0000000081700000, 0x0000000081700000|100%| O|  |TAMS 0x0000000081700000, 0x0000000081700000| Untracked 
|  23|0x0000000081700000, 0x0000000081800000, 0x0000000081800000|100%| O|  |TAMS 0x0000000081800000, 0x0000000081800000| Untracked 
|  24|0x0000000081800000, 0x0000000081900000, 0x0000000081900000|100%| O|  |TAMS 0x0000000081900000, 0x0000000081900000| Untracked 
|  25|0x0000000081900000, 0x0000000081a00000, 0x0000000081a00000|100%|HS|  |TAMS 0x0000000081a00000, 0x0000000081a00000| Complete 
|  26|0x0000000081a00000, 0x0000000081b00000, 0x0000000081b00000|100%|HS|  |TAMS 0x0000000081b00000, 0x0000000081b00000| Complete 
|  27|0x0000000081b00000, 0x0000000081c00000, 0x0000000081c00000|100%|HC|  |TAMS 0x0000000081c00000, 0x0000000081c00000| Complete 
|  28|0x0000000081c00000, 0x0000000081d00000, 0x0000000081d00000|100%| O|  |TAMS 0x0000000081d00000, 0x0000000081d00000| Untracked 
|  29|0x0000000081d00000, 0x0000000081e00000, 0x0000000081e00000|100%| O|  |TAMS 0x0000000081e00000, 0x0000000081e00000| Untracked 
|  30|0x0000000081e00000, 0x0000000081f00000, 0x0000000081f00000|100%| O|  |TAMS 0x0000000081f00000, 0x0000000081f00000| Untracked 
|  31|0x0000000081f00000, 0x0000000082000000, 0x0000000082000000|100%| O|  |TAMS 0x0000000082000000, 0x0000000082000000| Untracked 
|  32|0x0000000082000000, 0x0000000082100000, 0x0000000082100000|100%| O|  |TAMS 0x0000000082100000, 0x0000000082100000| Untracked 
|  33|0x0000000082100000, 0x0000000082200000, 0x0000000082200000|100%| O|  |TAMS 0x0000000082200000, 0x0000000082200000| Untracked 
|  34|0x0000000082200000, 0x0000000082300000, 0x0000000082300000|100%| O|  |TAMS 0x0000000082300000, 0x0000000082300000| Untracked 
|  35|0x0000000082300000, 0x0000000082400000, 0x0000000082400000|100%| O|  |TAMS 0x0000000082400000, 0x0000000082400000| Untracked 
|  36|0x0000000082400000, 0x0000000082500000, 0x0000000082500000|100%| O|  |TAMS 0x0000000082500000, 0x0000000082500000| Untracked 
|  37|0x0000000082500000, 0x0000000082600000, 0x0000000082600000|100%| O|  |TAMS 0x0000000082600000, 0x0000000082600000| Untracked 
|  38|0x0000000082600000, 0x0000000082700000, 0x0000000082700000|100%| O|  |TAMS 0x0000000082700000, 0x0000000082700000| Untracked 
|  39|0x0000000082700000, 0x0000000082800000, 0x0000000082800000|100%| O|  |TAMS 0x0000000082800000, 0x0000000082800000| Untracked 
|  40|0x0000000082800000, 0x0000000082900000, 0x0000000082900000|100%| O|  |TAMS 0x0000000082900000, 0x0000000082900000| Untracked 
|  41|0x0000000082900000, 0x0000000082a00000, 0x0000000082a00000|100%| O|  |TAMS 0x0000000082a00000, 0x0000000082a00000| Untracked 
|  42|0x0000000082a00000, 0x0000000082b00000, 0x0000000082b00000|100%| O|  |TAMS 0x0000000082b00000, 0x0000000082b00000| Untracked 
|  43|0x0000000082b00000, 0x0000000082c00000, 0x0000000082c00000|100%| O|  |TAMS 0x0000000082c00000, 0x0000000082c00000| Untracked 
|  44|0x0000000082c00000, 0x0000000082d00000, 0x0000000082d00000|100%| O|  |TAMS 0x0000000082d00000, 0x0000000082d00000| Untracked 
|  45|0x0000000082d00000, 0x0000000082e00000, 0x0000000082e00000|100%| O|  |TAMS 0x0000000082e00000, 0x0000000082e00000| Untracked 
|  46|0x0000000082e00000, 0x0000000082f00000, 0x0000000082f00000|100%| O|  |TAMS 0x0000000082f00000, 0x0000000082f00000| Untracked 
|  47|0x0000000082f00000, 0x0000000083000000, 0x0000000083000000|100%| O|  |TAMS 0x0000000083000000, 0x0000000083000000| Untracked 
|  48|0x0000000083000000, 0x0000000083100000, 0x0000000083100000|100%| O|  |TAMS 0x0000000083100000, 0x0000000083100000| Untracked 
|  49|0x0000000083100000, 0x0000000083200000, 0x0000000083200000|100%| O|  |TAMS 0x0000000083200000, 0x0000000083200000| Untracked 
|  50|0x0000000083200000, 0x0000000083300000, 0x0000000083300000|100%| O|  |TAMS 0x0000000083300000, 0x0000000083300000| Untracked 
|  51|0x0000000083300000, 0x0000000083400000, 0x0000000083400000|100%| O|  |TAMS 0x0000000083400000, 0x0000000083400000| Untracked 
|  52|0x0000000083400000, 0x0000000083500000, 0x0000000083500000|100%| O|  |TAMS 0x0000000083500000, 0x0000000083500000| Untracked 
|  53|0x0000000083500000, 0x0000000083600000, 0x0000000083600000|100%| O|  |TAMS 0x0000000083600000, 0x0000000083600000| Untracked 
|  54|0x0000000083600000, 0x0000000083700000, 0x0000000083700000|100%| O|  |TAMS 0x0000000083700000, 0x0000000083700000| Untracked 
|  55|0x0000000083700000, 0x0000000083800000, 0x0000000083800000|100%| O|  |TAMS 0x0000000083800000, 0x0000000083800000| Untracked 
|  56|0x0000000083800000, 0x0000000083900000, 0x0000000083900000|100%| O|  |TAMS 0x0000000083900000, 0x0000000083900000| Untracked 
|  57|0x0000000083900000, 0x0000000083a00000, 0x0000000083a00000|100%| O|  |TAMS 0x0000000083a00000, 0x0000000083a00000| Untracked 
|  58|0x0000000083a00000, 0x0000000083b00000, 0x0000000083b00000|100%| O|  |TAMS 0x0000000083b00000, 0x0000000083b00000| Untracked 
|  59|0x0000000083b00000, 0x0000000083c00000, 0x0000000083c00000|100%| O|  |TAMS 0x0000000083c00000, 0x0000000083c00000| Untracked 
|  60|0x0000000083c00000, 0x0000000083d00000, 0x0000000083d00000|100%| O|  |TAMS 0x0000000083d00000, 0x0000000083d00000| Untracked 
|  61|0x0000000083d00000, 0x0000000083e00000, 0x0000000083e00000|100%| O|  |TAMS 0x0000000083e00000, 0x0000000083e00000| Untracked 
|  62|0x0000000083e00000, 0x0000000083f00000, 0x0000000083f00000|100%|HS|  |TAMS 0x0000000083f00000, 0x0000000083f00000| Complete 
|  63|0x0000000083f00000, 0x0000000084000000, 0x0000000084000000|100%|HC|  |TAMS 0x0000000084000000, 0x0000000084000000| Complete 
|  64|0x0000000084000000, 0x0000000084100000, 0x0000000084100000|100%|HC|  |TAMS 0x0000000084100000, 0x0000000084100000| Complete 
|  65|0x0000000084100000, 0x0000000084200000, 0x0000000084200000|100%|HC|  |TAMS 0x0000000084200000, 0x0000000084200000| Complete 
|  66|0x0000000084200000, 0x0000000084300000, 0x0000000084300000|100%|HC|  |TAMS 0x0000000084300000, 0x0000000084300000| Complete 
|  67|0x0000000084300000, 0x0000000084400000, 0x0000000084400000|100%|HC|  |TAMS 0x0000000084400000, 0x0000000084400000| Complete 
|  68|0x0000000084400000, 0x0000000084500000, 0x0000000084500000|100%|HC|  |TAMS 0x0000000084500000, 0x0000000084500000| Complete 
|  69|0x0000000084500000, 0x0000000084600000, 0x0000000084600000|100%|HC|  |TAMS 0x0000000084600000, 0x0000000084600000| Complete 
|  70|0x0000000084600000, 0x0000000084700000, 0x0000000084700000|100%|HS|  |TAMS 0x0000000084700000, 0x0000000084700000| Complete 
|  71|0x0000000084700000, 0x0000000084800000, 0x0000000084800000|100%|HS|  |TAMS 0x0000000084800000, 0x0000000084800000| Complete 
|  72|0x0000000084800000, 0x0000000084900000, 0x0000000084900000|100%| O|  |TAMS 0x0000000084900000, 0x0000000084900000| Untracked 
|  73|0x0000000084900000, 0x0000000084a00000, 0x0000000084a00000|100%| O|  |TAMS 0x0000000084a00000, 0x0000000084a00000| Untracked 
|  74|0x0000000084a00000, 0x0000000084b00000, 0x0000000084b00000|100%| O|  |TAMS 0x0000000084b00000, 0x0000000084b00000| Untracked 
|  75|0x0000000084b00000, 0x0000000084c00000, 0x0000000084c00000|100%| O|  |TAMS 0x0000000084c00000, 0x0000000084c00000| Untracked 
|  76|0x0000000084c00000, 0x0000000084d00000, 0x0000000084d00000|100%| O|  |TAMS 0x0000000084d00000, 0x0000000084d00000| Untracked 
|  77|0x0000000084d00000, 0x0000000084e00000, 0x0000000084e00000|100%| O|  |TAMS 0x0000000084e00000, 0x0000000084e00000| Untracked 
|  78|0x0000000084e00000, 0x0000000084f00000, 0x0000000084f00000|100%| O|  |TAMS 0x0000000084f00000, 0x0000000084f00000| Untracked 
|  79|0x0000000084f00000, 0x0000000085000000, 0x0000000085000000|100%| O|  |TAMS 0x0000000085000000, 0x0000000085000000| Untracked 
|  80|0x0000000085000000, 0x0000000085100000, 0x0000000085100000|100%| O|  |TAMS 0x0000000085000000, 0x0000000085100000| Untracked 
|  81|0x0000000085100000, 0x0000000085200000, 0x0000000085200000|100%| O|  |TAMS 0x0000000085100000, 0x0000000085200000| Untracked 
|  82|0x0000000085200000, 0x0000000085280000, 0x0000000085300000| 50%| O|  |TAMS 0x0000000085200000, 0x0000000085280000| Untracked 
|  83|0x0000000085300000, 0x0000000085300000, 0x0000000085400000|  0%| F|  |TAMS 0x0000000085300000, 0x0000000085300000| Untracked 
|  84|0x0000000085400000, 0x0000000085400000, 0x0000000085500000|  0%| F|  |TAMS 0x0000000085400000, 0x0000000085400000| Untracked 
|  85|0x0000000085500000, 0x0000000085500000, 0x0000000085600000|  0%| F|  |TAMS 0x0000000085500000, 0x0000000085500000| Untracked 
|  86|0x0000000085600000, 0x0000000085600000, 0x0000000085700000|  0%| F|  |TAMS 0x0000000085600000, 0x0000000085600000| Untracked 
|  87|0x0000000085700000, 0x0000000085700000, 0x0000000085800000|  0%| F|  |TAMS 0x0000000085700000, 0x0000000085700000| Untracked 
|  88|0x0000000085800000, 0x0000000085800000, 0x0000000085900000|  0%| F|  |TAMS 0x0000000085800000, 0x0000000085800000| Untracked 
|  89|0x0000000085900000, 0x0000000085a00000, 0x0000000085a00000|100%| O|  |TAMS 0x0000000085a00000, 0x0000000085a00000| Untracked 
|  90|0x0000000085a00000, 0x0000000085b00000, 0x0000000085b00000|100%| O|  |TAMS 0x0000000085b00000, 0x0000000085b00000| Untracked 
|  91|0x0000000085b00000, 0x0000000085c00000, 0x0000000085c00000|100%| O|  |TAMS 0x0000000085c00000, 0x0000000085c00000| Untracked 
|  92|0x0000000085c00000, 0x0000000085d00000, 0x0000000085d00000|100%| O|  |TAMS 0x0000000085d00000, 0x0000000085d00000| Untracked 
|  93|0x0000000085d00000, 0x0000000085e00000, 0x0000000085e00000|100%| O|  |TAMS 0x0000000085e00000, 0x0000000085e00000| Untracked 
|  94|0x0000000085e00000, 0x0000000085f00000, 0x0000000085f00000|100%| O|  |TAMS 0x0000000085f00000, 0x0000000085f00000| Untracked 
|  95|0x0000000085f00000, 0x0000000086000000, 0x0000000086000000|100%| O|  |TAMS 0x0000000086000000, 0x0000000086000000| Untracked 
|  96|0x0000000086000000, 0x0000000086100000, 0x0000000086100000|100%| O|  |TAMS 0x0000000086100000, 0x0000000086100000| Untracked 
|  97|0x0000000086100000, 0x0000000086200000, 0x0000000086200000|100%| O|  |TAMS 0x0000000086200000, 0x0000000086200000| Untracked 
|  98|0x0000000086200000, 0x0000000086300000, 0x0000000086300000|100%|HS|  |TAMS 0x0000000086300000, 0x0000000086300000| Complete 
|  99|0x0000000086300000, 0x0000000086400000, 0x0000000086400000|100%| O|  |TAMS 0x0000000086400000, 0x0000000086400000| Untracked 
| 100|0x0000000086400000, 0x0000000086500000, 0x0000000086500000|100%| O|  |TAMS 0x0000000086500000, 0x0000000086500000| Untracked 
| 101|0x0000000086500000, 0x0000000086600000, 0x0000000086600000|100%| O|  |TAMS 0x0000000086600000, 0x0000000086600000| Untracked 
| 102|0x0000000086600000, 0x0000000086700000, 0x0000000086700000|100%| O|  |TAMS 0x0000000086700000, 0x0000000086700000| Untracked 
| 103|0x0000000086700000, 0x0000000086800000, 0x0000000086800000|100%| O|  |TAMS 0x0000000086800000, 0x0000000086800000| Untracked 
| 104|0x0000000086800000, 0x0000000086900000, 0x0000000086900000|100%| O|  |TAMS 0x0000000086900000, 0x0000000086900000| Untracked 
| 105|0x0000000086900000, 0x0000000086a00000, 0x0000000086a00000|100%| O|  |TAMS 0x0000000086a00000, 0x0000000086a00000| Untracked 
| 106|0x0000000086a00000, 0x0000000086b00000, 0x0000000086b00000|100%| O|  |TAMS 0x0000000086b00000, 0x0000000086b00000| Untracked 
| 107|0x0000000086b00000, 0x0000000086c00000, 0x0000000086c00000|100%| O|  |TAMS 0x0000000086c00000, 0x0000000086c00000| Untracked 
| 108|0x0000000086c00000, 0x0000000086d00000, 0x0000000086d00000|100%| O|  |TAMS 0x0000000086d00000, 0x0000000086d00000| Untracked 
| 109|0x0000000086d00000, 0x0000000086e00000, 0x0000000086e00000|100%| O|  |TAMS 0x0000000086e00000, 0x0000000086e00000| Untracked 
| 110|0x0000000086e00000, 0x0000000086f00000, 0x0000000086f00000|100%| O|  |TAMS 0x0000000086f00000, 0x0000000086f00000| Untracked 
| 111|0x0000000086f00000, 0x0000000087000000, 0x0000000087000000|100%| O|  |TAMS 0x0000000087000000, 0x0000000087000000| Untracked 
| 112|0x0000000087000000, 0x0000000087100000, 0x0000000087100000|100%| O|  |TAMS 0x0000000087100000, 0x0000000087100000| Untracked 
| 113|0x0000000087100000, 0x0000000087200000, 0x0000000087200000|100%| O|  |TAMS 0x0000000087200000, 0x0000000087200000| Untracked 
| 114|0x0000000087200000, 0x0000000087300000, 0x0000000087300000|100%| O|  |TAMS 0x0000000087300000, 0x0000000087300000| Untracked 
| 115|0x0000000087300000, 0x0000000087400000, 0x0000000087400000|100%| O|  |TAMS 0x0000000087400000, 0x0000000087400000| Untracked 
| 116|0x0000000087400000, 0x0000000087500000, 0x0000000087500000|100%| O|  |TAMS 0x0000000087500000, 0x0000000087500000| Untracked 
| 117|0x0000000087500000, 0x0000000087600000, 0x0000000087600000|100%| O|  |TAMS 0x0000000087600000, 0x0000000087600000| Untracked 
| 118|0x0000000087600000, 0x0000000087700000, 0x0000000087700000|100%| O|  |TAMS 0x0000000087700000, 0x0000000087700000| Untracked 
| 119|0x0000000087700000, 0x0000000087800000, 0x0000000087800000|100%| O|  |TAMS 0x0000000087800000, 0x0000000087800000| Untracked 
| 120|0x0000000087800000, 0x0000000087900000, 0x0000000087900000|100%| O|  |TAMS 0x0000000087900000, 0x0000000087900000| Untracked 
| 121|0x0000000087900000, 0x0000000087a00000, 0x0000000087a00000|100%| O|  |TAMS 0x0000000087a00000, 0x0000000087a00000| Untracked 
| 122|0x0000000087a00000, 0x0000000087b00000, 0x0000000087b00000|100%| O|  |TAMS 0x0000000087b00000, 0x0000000087b00000| Untracked 
| 123|0x0000000087b00000, 0x0000000087c00000, 0x0000000087c00000|100%| O|  |TAMS 0x0000000087c00000, 0x0000000087c00000| Untracked 
| 124|0x0000000087c00000, 0x0000000087d00000, 0x0000000087d00000|100%| O|  |TAMS 0x0000000087d00000, 0x0000000087d00000| Untracked 
| 125|0x0000000087d00000, 0x0000000087d00000, 0x0000000087e00000|  0%| F|  |TAMS 0x0000000087d00000, 0x0000000087d00000| Untracked 
| 126|0x0000000087e00000, 0x0000000087e00000, 0x0000000087f00000|  0%| F|  |TAMS 0x0000000087e00000, 0x0000000087e00000| Untracked 
| 127|0x0000000087f00000, 0x0000000088000000, 0x0000000088000000|100%| O|  |TAMS 0x0000000088000000, 0x0000000088000000| Untracked 
| 128|0x0000000088000000, 0x0000000088100000, 0x0000000088100000|100%| O|  |TAMS 0x0000000088100000, 0x0000000088100000| Untracked 
| 129|0x0000000088100000, 0x0000000088200000, 0x0000000088200000|100%| O|  |TAMS 0x0000000088200000, 0x0000000088200000| Untracked 
| 130|0x0000000088200000, 0x0000000088300000, 0x0000000088300000|100%| O|  |TAMS 0x0000000088300000, 0x0000000088300000| Untracked 
| 131|0x0000000088300000, 0x0000000088400000, 0x0000000088400000|100%| O|  |TAMS 0x0000000088400000, 0x0000000088400000| Untracked 
| 132|0x0000000088400000, 0x0000000088500000, 0x0000000088500000|100%| O|  |TAMS 0x0000000088500000, 0x0000000088500000| Untracked 
| 133|0x0000000088500000, 0x0000000088600000, 0x0000000088600000|100%| O|  |TAMS 0x0000000088600000, 0x0000000088600000| Untracked 
| 134|0x0000000088600000, 0x0000000088700000, 0x0000000088700000|100%| O|  |TAMS 0x0000000088700000, 0x0000000088700000| Untracked 
| 135|0x0000000088700000, 0x0000000088800000, 0x0000000088800000|100%| O|  |TAMS 0x0000000088800000, 0x0000000088800000| Untracked 
| 136|0x0000000088800000, 0x0000000088900000, 0x0000000088900000|100%| O|  |TAMS 0x0000000088900000, 0x0000000088900000| Untracked 
| 137|0x0000000088900000, 0x0000000088a00000, 0x0000000088a00000|100%| O|  |TAMS 0x0000000088a00000, 0x0000000088a00000| Untracked 
| 138|0x0000000088a00000, 0x0000000088b00000, 0x0000000088b00000|100%| O|  |TAMS 0x0000000088b00000, 0x0000000088b00000| Untracked 
| 139|0x0000000088b00000, 0x0000000088c00000, 0x0000000088c00000|100%| O|  |TAMS 0x0000000088c00000, 0x0000000088c00000| Untracked 
| 140|0x0000000088c00000, 0x0000000088d00000, 0x0000000088d00000|100%| O|  |TAMS 0x0000000088d00000, 0x0000000088d00000| Untracked 
| 141|0x0000000088d00000, 0x0000000088e00000, 0x0000000088e00000|100%| O|  |TAMS 0x0000000088e00000, 0x0000000088e00000| Untracked 
| 142|0x0000000088e00000, 0x0000000088f00000, 0x0000000088f00000|100%| O|  |TAMS 0x0000000088f00000, 0x0000000088f00000| Untracked 
| 143|0x0000000088f00000, 0x0000000089000000, 0x0000000089000000|100%| O|  |TAMS 0x0000000089000000, 0x0000000089000000| Untracked 
| 144|0x0000000089000000, 0x0000000089100000, 0x0000000089100000|100%| O|  |TAMS 0x0000000089100000, 0x0000000089100000| Untracked 
| 145|0x0000000089100000, 0x0000000089200000, 0x0000000089200000|100%| O|  |TAMS 0x0000000089200000, 0x0000000089200000| Untracked 
| 146|0x0000000089200000, 0x0000000089300000, 0x0000000089300000|100%| O|  |TAMS 0x0000000089280000, 0x0000000089300000| Untracked 
| 147|0x0000000089300000, 0x0000000089300000, 0x0000000089400000|  0%| F|  |TAMS 0x0000000089300000, 0x0000000089300000| Untracked 
| 148|0x0000000089400000, 0x0000000089400000, 0x0000000089500000|  0%| F|  |TAMS 0x0000000089400000, 0x0000000089400000| Untracked 
| 149|0x0000000089500000, 0x0000000089500000, 0x0000000089600000|  0%| F|  |TAMS 0x0000000089500000, 0x0000000089500000| Untracked 
| 150|0x0000000089600000, 0x0000000089600000, 0x0000000089700000|  0%| F|  |TAMS 0x0000000089600000, 0x0000000089600000| Untracked 
| 151|0x0000000089700000, 0x0000000089700000, 0x0000000089800000|  0%| F|  |TAMS 0x0000000089700000, 0x0000000089700000| Untracked 
| 152|0x0000000089800000, 0x0000000089800000, 0x0000000089900000|  0%| F|  |TAMS 0x0000000089800000, 0x0000000089800000| Untracked 
| 153|0x0000000089900000, 0x0000000089900000, 0x0000000089a00000|  0%| F|  |TAMS 0x0000000089900000, 0x0000000089900000| Untracked 
| 154|0x0000000089a00000, 0x0000000089a00000, 0x0000000089b00000|  0%| F|  |TAMS 0x0000000089a00000, 0x0000000089a00000| Untracked 
| 155|0x0000000089b00000, 0x0000000089b00000, 0x0000000089c00000|  0%| F|  |TAMS 0x0000000089b00000, 0x0000000089b00000| Untracked 
| 156|0x0000000089c00000, 0x0000000089c00000, 0x0000000089d00000|  0%| F|  |TAMS 0x0000000089c00000, 0x0000000089c00000| Untracked 
| 157|0x0000000089d00000, 0x0000000089d00000, 0x0000000089e00000|  0%| F|  |TAMS 0x0000000089d00000, 0x0000000089d00000| Untracked 
| 158|0x0000000089e00000, 0x0000000089e00000, 0x0000000089f00000|  0%| F|  |TAMS 0x0000000089e00000, 0x0000000089e00000| Untracked 
| 159|0x0000000089f00000, 0x0000000089f00000, 0x000000008a000000|  0%| F|  |TAMS 0x0000000089f00000, 0x0000000089f00000| Untracked 
| 160|0x000000008a000000, 0x000000008a000000, 0x000000008a100000|  0%| F|  |TAMS 0x000000008a000000, 0x000000008a000000| Untracked 
| 161|0x000000008a100000, 0x000000008a100000, 0x000000008a200000|  0%| F|  |TAMS 0x000000008a100000, 0x000000008a100000| Untracked 
| 162|0x000000008a200000, 0x000000008a200000, 0x000000008a300000|  0%| F|  |TAMS 0x000000008a200000, 0x000000008a200000| Untracked 
| 163|0x000000008a300000, 0x000000008a300000, 0x000000008a400000|  0%| F|  |TAMS 0x000000008a300000, 0x000000008a300000| Untracked 
| 164|0x000000008a400000, 0x000000008a400000, 0x000000008a500000|  0%| F|  |TAMS 0x000000008a400000, 0x000000008a400000| Untracked 
| 165|0x000000008a500000, 0x000000008a500000, 0x000000008a600000|  0%| F|  |TAMS 0x000000008a500000, 0x000000008a500000| Untracked 
| 166|0x000000008a600000, 0x000000008a600000, 0x000000008a700000|  0%| F|  |TAMS 0x000000008a600000, 0x000000008a600000| Untracked 
| 167|0x000000008a700000, 0x000000008a700000, 0x000000008a800000|  0%| F|  |TAMS 0x000000008a700000, 0x000000008a700000| Untracked 
| 168|0x000000008a800000, 0x000000008a800000, 0x000000008a900000|  0%| F|  |TAMS 0x000000008a800000, 0x000000008a800000| Untracked 
| 169|0x000000008a900000, 0x000000008a900000, 0x000000008aa00000|  0%| F|  |TAMS 0x000000008a900000, 0x000000008a900000| Untracked 
| 170|0x000000008aa00000, 0x000000008aa00000, 0x000000008ab00000|  0%| F|  |TAMS 0x000000008aa00000, 0x000000008aa00000| Untracked 
| 171|0x000000008ab00000, 0x000000008ab00000, 0x000000008ac00000|  0%| F|  |TAMS 0x000000008ab00000, 0x000000008ab00000| Untracked 
| 172|0x000000008ac00000, 0x000000008ac00000, 0x000000008ad00000|  0%| F|  |TAMS 0x000000008ac00000, 0x000000008ac00000| Untracked 
| 173|0x000000008ad00000, 0x000000008ad00000, 0x000000008ae00000|  0%| F|  |TAMS 0x000000008ad00000, 0x000000008ad00000| Untracked 
| 174|0x000000008ae00000, 0x000000008ae00000, 0x000000008af00000|  0%| F|  |TAMS 0x000000008ae00000, 0x000000008ae00000| Untracked 
| 175|0x000000008af00000, 0x000000008af00000, 0x000000008b000000|  0%| F|  |TAMS 0x000000008af00000, 0x000000008af00000| Untracked 
| 176|0x000000008b000000, 0x000000008b000000, 0x000000008b100000|  0%| F|  |TAMS 0x000000008b000000, 0x000000008b000000| Untracked 
| 177|0x000000008b100000, 0x000000008b100000, 0x000000008b200000|  0%| F|  |TAMS 0x000000008b100000, 0x000000008b100000| Untracked 
| 178|0x000000008b200000, 0x000000008b200000, 0x000000008b300000|  0%| F|  |TAMS 0x000000008b200000, 0x000000008b200000| Untracked 
| 179|0x000000008b300000, 0x000000008b300000, 0x000000008b400000|  0%| F|  |TAMS 0x000000008b300000, 0x000000008b300000| Untracked 
| 180|0x000000008b400000, 0x000000008b400000, 0x000000008b500000|  0%| F|  |TAMS 0x000000008b400000, 0x000000008b400000| Untracked 
| 181|0x000000008b500000, 0x000000008b500000, 0x000000008b600000|  0%| F|  |TAMS 0x000000008b500000, 0x000000008b500000| Untracked 
| 182|0x000000008b600000, 0x000000008b600000, 0x000000008b700000|  0%| F|  |TAMS 0x000000008b600000, 0x000000008b600000| Untracked 
| 183|0x000000008b700000, 0x000000008b700000, 0x000000008b800000|  0%| F|  |TAMS 0x000000008b700000, 0x000000008b700000| Untracked 
| 184|0x000000008b800000, 0x000000008b800000, 0x000000008b900000|  0%| F|  |TAMS 0x000000008b800000, 0x000000008b800000| Untracked 
| 185|0x000000008b900000, 0x000000008b900000, 0x000000008ba00000|  0%| F|  |TAMS 0x000000008b900000, 0x000000008b900000| Untracked 
| 186|0x000000008ba00000, 0x000000008ba00000, 0x000000008bb00000|  0%| F|  |TAMS 0x000000008ba00000, 0x000000008ba00000| Untracked 
| 187|0x000000008bb00000, 0x000000008bb00000, 0x000000008bc00000|  0%| F|  |TAMS 0x000000008bb00000, 0x000000008bb00000| Untracked 
| 188|0x000000008bc00000, 0x000000008bc00000, 0x000000008bd00000|  0%| F|  |TAMS 0x000000008bc00000, 0x000000008bc00000| Untracked 
| 189|0x000000008bd00000, 0x000000008bd00000, 0x000000008be00000|  0%| F|  |TAMS 0x000000008bd00000, 0x000000008bd00000| Untracked 
| 190|0x000000008be00000, 0x000000008be00000, 0x000000008bf00000|  0%| F|  |TAMS 0x000000008be00000, 0x000000008be00000| Untracked 
| 191|0x000000008bf00000, 0x000000008bf00000, 0x000000008c000000|  0%| F|  |TAMS 0x000000008bf00000, 0x000000008bf00000| Untracked 
| 192|0x000000008c000000, 0x000000008c000000, 0x000000008c100000|  0%| F|  |TAMS 0x000000008c000000, 0x000000008c000000| Untracked 
| 193|0x000000008c100000, 0x000000008c100000, 0x000000008c200000|  0%| F|  |TAMS 0x000000008c100000, 0x000000008c100000| Untracked 
| 194|0x000000008c200000, 0x000000008c200000, 0x000000008c300000|  0%| F|  |TAMS 0x000000008c200000, 0x000000008c200000| Untracked 
| 195|0x000000008c300000, 0x000000008c300000, 0x000000008c400000|  0%| F|  |TAMS 0x000000008c300000, 0x000000008c300000| Untracked 
| 196|0x000000008c400000, 0x000000008c400000, 0x000000008c500000|  0%| F|  |TAMS 0x000000008c400000, 0x000000008c400000| Untracked 
| 197|0x000000008c500000, 0x000000008c500000, 0x000000008c600000|  0%| F|  |TAMS 0x000000008c500000, 0x000000008c500000| Untracked 
| 198|0x000000008c600000, 0x000000008c600000, 0x000000008c700000|  0%| F|  |TAMS 0x000000008c600000, 0x000000008c600000| Untracked 
| 199|0x000000008c700000, 0x000000008c700000, 0x000000008c800000|  0%| F|  |TAMS 0x000000008c700000, 0x000000008c700000| Untracked 
| 200|0x000000008c800000, 0x000000008c800000, 0x000000008c900000|  0%| F|  |TAMS 0x000000008c800000, 0x000000008c800000| Untracked 
| 201|0x000000008c900000, 0x000000008c900000, 0x000000008ca00000|  0%| F|  |TAMS 0x000000008c900000, 0x000000008c900000| Untracked 
| 202|0x000000008ca00000, 0x000000008ca00000, 0x000000008cb00000|  0%| F|  |TAMS 0x000000008ca00000, 0x000000008ca00000| Untracked 
| 203|0x000000008cb00000, 0x000000008cb00000, 0x000000008cc00000|  0%| F|  |TAMS 0x000000008cb00000, 0x000000008cb00000| Untracked 
| 204|0x000000008cc00000, 0x000000008cc00000, 0x000000008cd00000|  0%| F|  |TAMS 0x000000008cc00000, 0x000000008cc00000| Untracked 
| 205|0x000000008cd00000, 0x000000008cd00000, 0x000000008ce00000|  0%| F|  |TAMS 0x000000008cd00000, 0x000000008cd00000| Untracked 
| 206|0x000000008ce00000, 0x000000008ce00000, 0x000000008cf00000|  0%| F|  |TAMS 0x000000008ce00000, 0x000000008ce00000| Untracked 
| 207|0x000000008cf00000, 0x000000008cf00000, 0x000000008d000000|  0%| F|  |TAMS 0x000000008cf00000, 0x000000008cf00000| Untracked 
| 208|0x000000008d000000, 0x000000008d000000, 0x000000008d100000|  0%| F|  |TAMS 0x000000008d000000, 0x000000008d000000| Untracked 
| 209|0x000000008d100000, 0x000000008d100000, 0x000000008d200000|  0%| F|  |TAMS 0x000000008d100000, 0x000000008d100000| Untracked 
| 210|0x000000008d200000, 0x000000008d200000, 0x000000008d300000|  0%| F|  |TAMS 0x000000008d200000, 0x000000008d200000| Untracked 
| 211|0x000000008d300000, 0x000000008d300000, 0x000000008d400000|  0%| F|  |TAMS 0x000000008d300000, 0x000000008d300000| Untracked 
| 212|0x000000008d400000, 0x000000008d400000, 0x000000008d500000|  0%| F|  |TAMS 0x000000008d400000, 0x000000008d400000| Untracked 
| 213|0x000000008d500000, 0x000000008d500000, 0x000000008d600000|  0%| F|  |TAMS 0x000000008d500000, 0x000000008d500000| Untracked 
| 214|0x000000008d600000, 0x000000008d600000, 0x000000008d700000|  0%| F|  |TAMS 0x000000008d600000, 0x000000008d600000| Untracked 
| 215|0x000000008d700000, 0x000000008d700000, 0x000000008d800000|  0%| F|  |TAMS 0x000000008d700000, 0x000000008d700000| Untracked 
| 216|0x000000008d800000, 0x000000008d800000, 0x000000008d900000|  0%| F|  |TAMS 0x000000008d800000, 0x000000008d800000| Untracked 
| 217|0x000000008d900000, 0x000000008d900000, 0x000000008da00000|  0%| F|  |TAMS 0x000000008d900000, 0x000000008d900000| Untracked 
| 218|0x000000008da00000, 0x000000008da00000, 0x000000008db00000|  0%| F|  |TAMS 0x000000008da00000, 0x000000008da00000| Untracked 
| 219|0x000000008db00000, 0x000000008db00000, 0x000000008dc00000|  0%| F|  |TAMS 0x000000008db00000, 0x000000008db00000| Untracked 
| 220|0x000000008dc00000, 0x000000008dc00000, 0x000000008dd00000|  0%| F|  |TAMS 0x000000008dc00000, 0x000000008dc00000| Untracked 
| 221|0x000000008dd00000, 0x000000008dd00000, 0x000000008de00000|  0%| F|  |TAMS 0x000000008dd00000, 0x000000008dd00000| Untracked 
| 222|0x000000008de00000, 0x000000008de00000, 0x000000008df00000|  0%| F|  |TAMS 0x000000008de00000, 0x000000008de00000| Untracked 
| 223|0x000000008df00000, 0x000000008df00000, 0x000000008e000000|  0%| F|  |TAMS 0x000000008df00000, 0x000000008df00000| Untracked 
| 224|0x000000008e000000, 0x000000008e000000, 0x000000008e100000|  0%| F|  |TAMS 0x000000008e000000, 0x000000008e000000| Untracked 
| 225|0x000000008e100000, 0x000000008e100000, 0x000000008e200000|  0%| F|  |TAMS 0x000000008e100000, 0x000000008e100000| Untracked 
| 226|0x000000008e200000, 0x000000008e200000, 0x000000008e300000|  0%| F|  |TAMS 0x000000008e200000, 0x000000008e200000| Untracked 
| 227|0x000000008e300000, 0x000000008e300000, 0x000000008e400000|  0%| F|  |TAMS 0x000000008e300000, 0x000000008e300000| Untracked 
| 228|0x000000008e400000, 0x000000008e400000, 0x000000008e500000|  0%| F|  |TAMS 0x000000008e400000, 0x000000008e400000| Untracked 
| 229|0x000000008e500000, 0x000000008e500000, 0x000000008e600000|  0%| F|  |TAMS 0x000000008e500000, 0x000000008e500000| Untracked 
| 230|0x000000008e600000, 0x000000008e600000, 0x000000008e700000|  0%| F|  |TAMS 0x000000008e600000, 0x000000008e600000| Untracked 
| 231|0x000000008e700000, 0x000000008e700000, 0x000000008e800000|  0%| F|  |TAMS 0x000000008e700000, 0x000000008e700000| Untracked 
| 232|0x000000008e800000, 0x000000008e800000, 0x000000008e900000|  0%| F|  |TAMS 0x000000008e800000, 0x000000008e800000| Untracked 
| 233|0x000000008e900000, 0x000000008e900000, 0x000000008ea00000|  0%| F|  |TAMS 0x000000008e900000, 0x000000008e900000| Untracked 
| 234|0x000000008ea00000, 0x000000008ea00000, 0x000000008eb00000|  0%| F|  |TAMS 0x000000008ea00000, 0x000000008ea00000| Untracked 
| 235|0x000000008eb00000, 0x000000008eb00000, 0x000000008ec00000|  0%| F|  |TAMS 0x000000008eb00000, 0x000000008eb00000| Untracked 
| 236|0x000000008ec00000, 0x000000008ec00000, 0x000000008ed00000|  0%| F|  |TAMS 0x000000008ec00000, 0x000000008ec00000| Untracked 
| 237|0x000000008ed00000, 0x000000008ed00000, 0x000000008ee00000|  0%| F|  |TAMS 0x000000008ed00000, 0x000000008ed00000| Untracked 
| 238|0x000000008ee00000, 0x000000008ee00000, 0x000000008ef00000|  0%| F|  |TAMS 0x000000008ee00000, 0x000000008ee00000| Untracked 
| 239|0x000000008ef00000, 0x000000008ef00000, 0x000000008f000000|  0%| F|  |TAMS 0x000000008ef00000, 0x000000008ef00000| Untracked 
| 240|0x000000008f000000, 0x000000008f000000, 0x000000008f100000|  0%| F|  |TAMS 0x000000008f000000, 0x000000008f000000| Untracked 
| 241|0x000000008f100000, 0x000000008f100000, 0x000000008f200000|  0%| F|  |TAMS 0x000000008f100000, 0x000000008f100000| Untracked 
| 242|0x000000008f200000, 0x000000008f200000, 0x000000008f300000|  0%| F|  |TAMS 0x000000008f200000, 0x000000008f200000| Untracked 
| 243|0x000000008f300000, 0x000000008f300000, 0x000000008f400000|  0%| F|  |TAMS 0x000000008f300000, 0x000000008f300000| Untracked 
| 244|0x000000008f400000, 0x000000008f400000, 0x000000008f500000|  0%| F|  |TAMS 0x000000008f400000, 0x000000008f400000| Untracked 
| 245|0x000000008f500000, 0x000000008f500000, 0x000000008f600000|  0%| F|  |TAMS 0x000000008f500000, 0x000000008f500000| Untracked 
| 246|0x000000008f600000, 0x000000008f600000, 0x000000008f700000|  0%| F|  |TAMS 0x000000008f600000, 0x000000008f600000| Untracked 
| 247|0x000000008f700000, 0x000000008f700000, 0x000000008f800000|  0%| F|  |TAMS 0x000000008f700000, 0x000000008f700000| Untracked 
| 248|0x000000008f800000, 0x000000008f800000, 0x000000008f900000|  0%| F|  |TAMS 0x000000008f800000, 0x000000008f800000| Untracked 
| 249|0x000000008f900000, 0x000000008f900000, 0x000000008fa00000|  0%| F|  |TAMS 0x000000008f900000, 0x000000008f900000| Untracked 
| 250|0x000000008fa00000, 0x000000008fa00000, 0x000000008fb00000|  0%| F|  |TAMS 0x000000008fa00000, 0x000000008fa00000| Untracked 
| 251|0x000000008fb00000, 0x000000008fb00000, 0x000000008fc00000|  0%| F|  |TAMS 0x000000008fb00000, 0x000000008fb00000| Untracked 
| 252|0x000000008fc00000, 0x000000008fc00000, 0x000000008fd00000|  0%| F|  |TAMS 0x000000008fc00000, 0x000000008fc00000| Untracked 
| 253|0x000000008fd00000, 0x000000008fd00000, 0x000000008fe00000|  0%| F|  |TAMS 0x000000008fd00000, 0x000000008fd00000| Untracked 
| 254|0x000000008fe00000, 0x000000008fe00000, 0x000000008ff00000|  0%| F|  |TAMS 0x000000008fe00000, 0x000000008fe00000| Untracked 
| 255|0x000000008ff00000, 0x000000008ff00000, 0x0000000090000000|  0%| F|  |TAMS 0x000000008ff00000, 0x000000008ff00000| Untracked 
| 256|0x0000000090000000, 0x0000000090000000, 0x0000000090100000|  0%| F|  |TAMS 0x0000000090000000, 0x0000000090000000| Untracked 
| 257|0x0000000090100000, 0x0000000090100000, 0x0000000090200000|  0%| F|  |TAMS 0x0000000090100000, 0x0000000090100000| Untracked 
| 258|0x0000000090200000, 0x0000000090200000, 0x0000000090300000|  0%| F|  |TAMS 0x0000000090200000, 0x0000000090200000| Untracked 
| 259|0x0000000090300000, 0x0000000090300000, 0x0000000090400000|  0%| F|  |TAMS 0x0000000090300000, 0x0000000090300000| Untracked 
| 260|0x0000000090400000, 0x0000000090400000, 0x0000000090500000|  0%| F|  |TAMS 0x0000000090400000, 0x0000000090400000| Untracked 
| 261|0x0000000090500000, 0x0000000090500000, 0x0000000090600000|  0%| F|  |TAMS 0x0000000090500000, 0x0000000090500000| Untracked 
| 262|0x0000000090600000, 0x0000000090600000, 0x0000000090700000|  0%| F|  |TAMS 0x0000000090600000, 0x0000000090600000| Untracked 
| 263|0x0000000090700000, 0x0000000090700000, 0x0000000090800000|  0%| F|  |TAMS 0x0000000090700000, 0x0000000090700000| Untracked 
| 264|0x0000000090800000, 0x0000000090800000, 0x0000000090900000|  0%| F|  |TAMS 0x0000000090800000, 0x0000000090800000| Untracked 
| 265|0x0000000090900000, 0x0000000090900000, 0x0000000090a00000|  0%| F|  |TAMS 0x0000000090900000, 0x0000000090900000| Untracked 
| 266|0x0000000090a00000, 0x0000000090a00000, 0x0000000090b00000|  0%| F|  |TAMS 0x0000000090a00000, 0x0000000090a00000| Untracked 
| 267|0x0000000090b00000, 0x0000000090b00000, 0x0000000090c00000|  0%| F|  |TAMS 0x0000000090b00000, 0x0000000090b00000| Untracked 
| 268|0x0000000090c00000, 0x0000000090c00000, 0x0000000090d00000|  0%| F|  |TAMS 0x0000000090c00000, 0x0000000090c00000| Untracked 
| 269|0x0000000090d00000, 0x0000000090d00000, 0x0000000090e00000|  0%| F|  |TAMS 0x0000000090d00000, 0x0000000090d00000| Untracked 
| 270|0x0000000090e00000, 0x0000000090e00000, 0x0000000090f00000|  0%| F|  |TAMS 0x0000000090e00000, 0x0000000090e00000| Untracked 
| 271|0x0000000090f00000, 0x0000000090f00000, 0x0000000091000000|  0%| F|  |TAMS 0x0000000090f00000, 0x0000000090f00000| Untracked 
| 272|0x0000000091000000, 0x0000000091000000, 0x0000000091100000|  0%| F|  |TAMS 0x0000000091000000, 0x0000000091000000| Untracked 
| 273|0x0000000091100000, 0x0000000091200000, 0x0000000091200000|100%| S|CS|TAMS 0x0000000091100000, 0x0000000091100000| Complete 
| 274|0x0000000091200000, 0x0000000091300000, 0x0000000091300000|100%| S|CS|TAMS 0x0000000091200000, 0x0000000091200000| Complete 
| 275|0x0000000091300000, 0x0000000091400000, 0x0000000091400000|100%| S|CS|TAMS 0x0000000091300000, 0x0000000091300000| Complete 
| 276|0x0000000091400000, 0x0000000091400000, 0x0000000091500000|  0%| F|  |TAMS 0x0000000091400000, 0x0000000091400000| Untracked 
| 277|0x0000000091500000, 0x0000000091500000, 0x0000000091600000|  0%| F|  |TAMS 0x0000000091500000, 0x0000000091500000| Untracked 
| 278|0x0000000091600000, 0x0000000091600000, 0x0000000091700000|  0%| F|  |TAMS 0x0000000091600000, 0x0000000091600000| Untracked 
| 279|0x0000000091700000, 0x0000000091700000, 0x0000000091800000|  0%| F|  |TAMS 0x0000000091700000, 0x0000000091700000| Untracked 
| 280|0x0000000091800000, 0x0000000091800000, 0x0000000091900000|  0%| F|  |TAMS 0x0000000091800000, 0x0000000091800000| Untracked 
| 281|0x0000000091900000, 0x0000000091900000, 0x0000000091a00000|  0%| F|  |TAMS 0x0000000091900000, 0x0000000091900000| Untracked 
| 282|0x0000000091a00000, 0x0000000091a00000, 0x0000000091b00000|  0%| F|  |TAMS 0x0000000091a00000, 0x0000000091a00000| Untracked 
| 283|0x0000000091b00000, 0x0000000091b00000, 0x0000000091c00000|  0%| F|  |TAMS 0x0000000091b00000, 0x0000000091b00000| Untracked 
| 284|0x0000000091c00000, 0x0000000091c00000, 0x0000000091d00000|  0%| F|  |TAMS 0x0000000091c00000, 0x0000000091c00000| Untracked 
| 285|0x0000000091d00000, 0x0000000091d00000, 0x0000000091e00000|  0%| F|  |TAMS 0x0000000091d00000, 0x0000000091d00000| Untracked 
| 286|0x0000000091e00000, 0x0000000091e00000, 0x0000000091f00000|  0%| F|  |TAMS 0x0000000091e00000, 0x0000000091e00000| Untracked 
| 287|0x0000000091f00000, 0x0000000091f00000, 0x0000000092000000|  0%| F|  |TAMS 0x0000000091f00000, 0x0000000091f00000| Untracked 
| 288|0x0000000092000000, 0x0000000092000000, 0x0000000092100000|  0%| F|  |TAMS 0x0000000092000000, 0x0000000092000000| Untracked 
| 289|0x0000000092100000, 0x0000000092100000, 0x0000000092200000|  0%| F|  |TAMS 0x0000000092100000, 0x0000000092100000| Untracked 

Card table byte_map: [0x000001c8d2c50000,0x000001c8d3050000] _byte_map_base: 0x000001c8d2850000

Marking Bits (Prev, Next): (CMBitMap*) 0x000001c8c031b6d8, (CMBitMap*) 0x000001c8c031b710
 Prev Bits: [0x000001c8d3450000, 0x000001c8d5450000)
 Next Bits: [0x000001c8d5450000, 0x000001c8d7450000)

Polling page: 0x000001c8be100000

Metaspace:

Usage:
  Non-class:     72.12 MB capacity,    70.88 MB ( 98%) used,     1.02 MB (  1%) free+waste,   221.44 KB ( <1%) overhead. 
      Class:     11.41 MB capacity,    10.69 MB ( 94%) used,   632.76 KB (  5%) free+waste,   102.69 KB ( <1%) overhead. 
       Both:     83.53 MB capacity,    81.57 MB ( 98%) used,     1.64 MB (  2%) free+waste,   324.13 KB ( <1%) overhead. 

Virtual space:
  Non-class space:       74.00 MB reserved,      72.29 MB ( 98%) committed 
      Class space:        1.00 GB reserved,      11.50 MB (  1%) committed 
             Both:        1.07 GB reserved,      83.79 MB (  8%) committed 

Chunk freelists:
   Non-Class:  0 bytes
       Class:  0 bytes
        Both:  0 bytes

MaxMetaspaceSize: 17179869184.00 GB
CompressedClassSpaceSize: 1.00 GB

CodeHeap 'non-profiled nmethods': size=120064Kb used=4970Kb max_used=4970Kb free=115093Kb
 bounds [0x000001c8cb710000, 0x000001c8cbbf0000, 0x000001c8d2c50000]
CodeHeap 'profiled nmethods': size=120000Kb used=20427Kb max_used=20427Kb free=99572Kb
 bounds [0x000001c8c41e0000, 0x000001c8c55e0000, 0x000001c8cb710000]
CodeHeap 'non-nmethods': size=5696Kb used=2249Kb max_used=2303Kb free=3446Kb
 bounds [0x000001c8c3c50000, 0x000001c8c3ec0000, 0x000001c8c41e0000]
 total_blobs=10476 nmethods=9628 adapters=760
 compilation: enabled
              stopped_count=0, restarted_count=0
 full_count=0

Compilation events (20 events):
Event: 64.762 Thread 0x000001c8da176000 9996       3       com.android.tools.r8.s.a.a.b.D::b (32 bytes)
Event: 64.763 Thread 0x000001c8da176000 nmethod 9996 0x000001c8c55d2190 code [0x000001c8c55d2380, 0x000001c8c55d27d8]
Event: 64.896 Thread 0x000001c8da176000 9998       2       com.android.tools.r8.v.c.h::a (41 bytes)
Event: 64.897 Thread 0x000001c8da176000 nmethod 9998 0x000001c8c55d2990 code [0x000001c8c55d2b40, 0x000001c8c55d2d38]
Event: 64.897 Thread 0x000001c8da176000 9999       2       com.android.tools.r8.graph.v1$$Lambda$885/0x0000000100b68440::test (12 bytes)
Event: 64.898 Thread 0x000001c8da176000 nmethod 9999 0x000001c8c55d2f10 code [0x000001c8c55d30c0, 0x000001c8c55d3208]
Event: 64.898 Thread 0x000001c8da176000 10000       2       com.android.tools.r8.graph.J::o0 (8 bytes)
Event: 64.899 Thread 0x000001c8da176000 nmethod 10000 0x000001c8c55d3310 code [0x000001c8c55d34c0, 0x000001c8c55d35e8]
Event: 64.899 Thread 0x000001c8da176000 10001       2       com.android.tools.r8.graph.s1::g (32 bytes)
Event: 64.899 Thread 0x000001c8da176000 nmethod 10001 0x000001c8c55d3710 code [0x000001c8c55d38e0, 0x000001c8c55d3b48]
Event: 64.902 Thread 0x000001c8da176000 10002       2       com.android.tools.r8.utils.q0::a (10 bytes)
Event: 64.903 Thread 0x000001c8da176000 nmethod 10002 0x000001c8c55d3c90 code [0x000001c8c55d3e60, 0x000001c8c55d40e8]
Event: 64.936 Thread 0x000001c8da176000 10003       2       com.android.tools.r8.graph.n0::B0 (16 bytes)
Event: 64.937 Thread 0x000001c8da176000 nmethod 10003 0x000001c8c55d4210 code [0x000001c8c55d43c0, 0x000001c8c55d44d8]
Event: 64.937 Thread 0x000001c8da176000 10004       2       com.android.tools.r8.graph.n0::C0 (16 bytes)
Event: 64.937 Thread 0x000001c8da176000 nmethod 10004 0x000001c8c55d4590 code [0x000001c8c55d4740, 0x000001c8c55d4858]
Event: 64.942 Thread 0x000001c8da176000 10005       2       com.android.tools.r8.dex.B::a (123 bytes)
Event: 64.944 Thread 0x000001c8da176000 nmethod 10005 0x000001c8c55d4910 code [0x000001c8c55d4b80, 0x000001c8c55d5128]
Event: 64.959 Thread 0x000001c8da172800 nmethod 9799% 0x000001c8cbbdbc10 code [0x000001c8cbbdc240, 0x000001c8cbbe49d0]
Event: 64.960 Thread 0x000001c8da172800 9835   !   4       java.util.zip.InflaterInputStream::read (138 bytes)

GC Heap History (20 events):
Event: 55.733 GC heap after
{Heap after GC invocations=40 (full 0):
 garbage-first heap   total 165888K, used 91084K [0x0000000080000000, 0x0000000100000000)
  region size 1024K, 6 young (6144K), 6 survivors (6144K)
 Metaspace       used 79646K, capacity 81563K, committed 81700K, reserved 1120256K
  class space    used 10315K, capacity 10949K, committed 11008K, reserved 1048576K
}
Event: 56.164 GC heap before
{Heap before GC invocations=40 (full 0):
 garbage-first heap   total 165888K, used 98252K [0x0000000080000000, 0x0000000100000000)
  region size 1024K, 11 young (11264K), 6 survivors (6144K)
 Metaspace       used 79676K, capacity 81563K, committed 81700K, reserved 1120256K
  class space    used 10315K, capacity 10949K, committed 11008K, reserved 1048576K
}
Event: 56.200 GC heap after
{Heap after GC invocations=41 (full 0):
 garbage-first heap   total 165888K, used 94473K [0x0000000080000000, 0x0000000100000000)
  region size 1024K, 2 young (2048K), 2 survivors (2048K)
 Metaspace       used 79676K, capacity 81563K, committed 81700K, reserved 1120256K
  class space    used 10315K, capacity 10949K, committed 11008K, reserved 1048576K
}
Event: 56.375 GC heap before
{Heap before GC invocations=42 (full 0):
 garbage-first heap   total 165888K, used 102665K [0x0000000080000000, 0x0000000100000000)
  region size 1024K, 10 young (10240K), 2 survivors (2048K)
 Metaspace       used 79687K, capacity 81564K, committed 81700K, reserved 1120256K
  class space    used 10315K, capacity 10949K, committed 11008K, reserved 1048576K
}
Event: 56.416 GC heap after
{Heap after GC invocations=43 (full 0):
 garbage-first heap   total 199680K, used 99011K [0x0000000080000000, 0x0000000100000000)
  region size 1024K, 2 young (2048K), 2 survivors (2048K)
 Metaspace       used 79687K, capacity 81564K, committed 81700K, reserved 1120256K
  class space    used 10315K, capacity 10949K, committed 11008K, reserved 1048576K
}
Event: 56.555 GC heap before
{Heap before GC invocations=43 (full 0):
 garbage-first heap   total 199680K, used 106179K [0x0000000080000000, 0x0000000100000000)
  region size 1024K, 10 young (10240K), 2 survivors (2048K)
 Metaspace       used 79687K, capacity 81564K, committed 81700K, reserved 1120256K
  class space    used 10315K, capacity 10949K, committed 11008K, reserved 1048576K
}
Event: 56.602 GC heap after
{Heap after GC invocations=44 (full 0):
 garbage-first heap   total 199680K, used 102400K [0x0000000080000000, 0x0000000100000000)
  region size 1024K, 2 young (2048K), 2 survivors (2048K)
 Metaspace       used 79687K, capacity 81564K, committed 81700K, reserved 1120256K
  class space    used 10315K, capacity 10949K, committed 11008K, reserved 1048576K
}
Event: 57.558 GC heap before
{Heap before GC invocations=45 (full 0):
 garbage-first heap   total 199680K, used 112640K [0x0000000080000000, 0x0000000100000000)
  region size 1024K, 12 young (12288K), 2 survivors (2048K)
 Metaspace       used 80622K, capacity 82535K, committed 82724K, reserved 1120256K
  class space    used 10518K, capacity 11189K, committed 11264K, reserved 1048576K
}
Event: 57.620 GC heap after
{Heap after GC invocations=46 (full 0):
 garbage-first heap   total 199680K, used 106130K [0x0000000080000000, 0x0000000100000000)
  region size 1024K, 2 young (2048K), 2 survivors (2048K)
 Metaspace       used 80622K, capacity 82535K, committed 82724K, reserved 1120256K
  class space    used 10518K, capacity 11189K, committed 11264K, reserved 1048576K
}
Event: 58.647 GC heap before
{Heap before GC invocations=46 (full 0):
 garbage-first heap   total 199680K, used 118418K [0x0000000080000000, 0x0000000100000000)
  region size 1024K, 15 young (15360K), 2 survivors (2048K)
 Metaspace       used 81598K, capacity 83495K, committed 83620K, reserved 1122304K
  class space    used 10667K, capacity 11333K, committed 11392K, reserved 1048576K
}
Event: 58.710 GC heap after
{Heap after GC invocations=47 (full 0):
 garbage-first heap   total 199680K, used 113664K [0x0000000080000000, 0x0000000100000000)
  region size 1024K, 2 young (2048K), 2 survivors (2048K)
 Metaspace       used 81598K, capacity 83495K, committed 83620K, reserved 1122304K
  class space    used 10667K, capacity 11333K, committed 11392K, reserved 1048576K
}
Event: 59.986 GC heap before
{Heap before GC invocations=48 (full 0):
 garbage-first heap   total 199680K, used 126976K [0x0000000080000000, 0x0000000100000000)
  region size 1024K, 15 young (15360K), 2 survivors (2048K)
 Metaspace       used 81615K, capacity 83497K, committed 83620K, reserved 1122304K
  class space    used 10667K, capacity 11333K, committed 11392K, reserved 1048576K
}
Event: 60.059 GC heap after
{Heap after GC invocations=49 (full 0):
 garbage-first heap   total 296960K, used 121344K [0x0000000080000000, 0x0000000100000000)
  region size 1024K, 2 young (2048K), 2 survivors (2048K)
 Metaspace       used 81615K, capacity 83497K, committed 83620K, reserved 1122304K
  class space    used 10667K, capacity 11333K, committed 11392K, reserved 1048576K
}
Event: 61.281 GC heap before
{Heap before GC invocations=49 (full 0):
 garbage-first heap   total 296960K, used 137728K [0x0000000080000000, 0x0000000100000000)
  region size 1024K, 18 young (18432K), 2 survivors (2048K)
 Metaspace       used 81674K, capacity 83563K, committed 83876K, reserved 1122304K
  class space    used 10667K, capacity 11333K, committed 11392K, reserved 1048576K
}
Event: 61.357 GC heap after
{Heap after GC invocations=50 (full 0):
 garbage-first heap   total 296960K, used 131072K [0x0000000080000000, 0x0000000100000000)
  region size 1024K, 3 young (3072K), 3 survivors (3072K)
 Metaspace       used 81674K, capacity 83563K, committed 83876K, reserved 1122304K
  class space    used 10667K, capacity 11333K, committed 11392K, reserved 1048576K
}
Event: 61.981 GC heap before
{Heap before GC invocations=50 (full 0):
 garbage-first heap   total 296960K, used 151552K [0x0000000080000000, 0x0000000100000000)
  region size 1024K, 21 young (21504K), 3 survivors (3072K)
 Metaspace       used 81680K, capacity 83564K, committed 83876K, reserved 1122304K
  class space    used 10667K, capacity 11333K, committed 11392K, reserved 1048576K
}
Event: 62.054 GC heap after
{Heap after GC invocations=51 (full 0):
 garbage-first heap   total 296960K, used 143872K [0x0000000080000000, 0x0000000100000000)
  region size 1024K, 3 young (3072K), 3 survivors (3072K)
 Metaspace       used 81680K, capacity 83564K, committed 83876K, reserved 1122304K
  class space    used 10667K, capacity 11333K, committed 11392K, reserved 1048576K
}
Event: 63.088 GC heap before
{Heap before GC invocations=51 (full 0):
 garbage-first heap   total 296960K, used 164352K [0x0000000080000000, 0x0000000100000000)
  region size 1024K, 23 young (23552K), 3 survivors (3072K)
 Metaspace       used 83228K, capacity 85185K, committed 85412K, reserved 1124352K
  class space    used 10882K, capacity 11589K, committed 11648K, reserved 1048576K
}
Event: 63.169 GC heap after
{Heap after GC invocations=52 (full 0):
 garbage-first heap   total 296960K, used 153088K [0x0000000080000000, 0x0000000100000000)
  region size 1024K, 3 young (3072K), 3 survivors (3072K)
 Metaspace       used 83228K, capacity 85185K, committed 85412K, reserved 1124352K
  class space    used 10882K, capacity 11589K, committed 11648K, reserved 1048576K
}
Event: 64.964 GC heap before
{Heap before GC invocations=53 (full 0):
 garbage-first heap   total 296960K, used 155136K [0x0000000080000000, 0x0000000100000000)
  region size 1024K, 17 young (17408K), 3 survivors (3072K)
 Metaspace       used 83531K, capacity 85533K, committed 85796K, reserved 1124352K
  class space    used 10946K, capacity 11682K, committed 11776K, reserved 1048576K
}

Deoptimization events (20 events):
Event: 60.659 Thread 0x000001c8decb3000 DEOPT PACKING pc=0x000001c8cbbb46d4 sp=0x00000090aaafe9d0
Event: 60.659 Thread 0x000001c8decb3000 DEOPT UNPACKING pc=0x000001c8c3c769aa sp=0x00000090aaafe9b8 mode 2
Event: 62.735 Thread 0x000001c8decb4800 DEOPT PACKING pc=0x000001c8c5581b0e sp=0x00000090aacff1f0
Event: 62.735 Thread 0x000001c8decb4800 DEOPT UNPACKING pc=0x000001c8c3c767c0 sp=0x00000090aacfe7b0 mode 0
Event: 64.465 Thread 0x000001c8decb3000 DEOPT PACKING pc=0x000001c8c5574ca9 sp=0x00000090aaafec00
Event: 64.465 Thread 0x000001c8decb3000 DEOPT UNPACKING pc=0x000001c8c3c767c0 sp=0x00000090aaafe0a8 mode 0
Event: 64.474 Thread 0x000001c8decb3000 DEOPT PACKING pc=0x000001c8c55a2dbc sp=0x00000090aaafebe0
Event: 64.474 Thread 0x000001c8decb3000 DEOPT UNPACKING pc=0x000001c8c3c767c0 sp=0x00000090aaafe098 mode 0
Event: 64.547 Thread 0x000001c8decb2000 DEOPT PACKING pc=0x000001c8c4e0f96b sp=0x00000090aabfd220
Event: 64.547 Thread 0x000001c8decb2000 DEOPT UNPACKING pc=0x000001c8c3c767c0 sp=0x00000090aabfc6f8 mode 0
Event: 64.677 Thread 0x000001c8decb3000 DEOPT PACKING pc=0x000001c8c55b507d sp=0x00000090aaafeb40
Event: 64.677 Thread 0x000001c8decb3000 DEOPT UNPACKING pc=0x000001c8c3c767c0 sp=0x00000090aaafe010 mode 0
Event: 64.710 Thread 0x000001c8decb4800 DEOPT PACKING pc=0x000001c8c55a9128 sp=0x00000090aacfed30
Event: 64.710 Thread 0x000001c8decb4800 DEOPT UNPACKING pc=0x000001c8c3c767c0 sp=0x00000090aacfe210 mode 0
Event: 64.747 Thread 0x000001c8decb4800 DEOPT PACKING pc=0x000001c8c55ae8f0 sp=0x00000090aacfea50
Event: 64.747 Thread 0x000001c8decb4800 DEOPT UNPACKING pc=0x000001c8c3c767c0 sp=0x00000090aacfe048 mode 0
Event: 64.749 Thread 0x000001c8decb4800 DEOPT PACKING pc=0x000001c8c55b2930 sp=0x00000090aacfe9f0
Event: 64.749 Thread 0x000001c8decb4800 DEOPT UNPACKING pc=0x000001c8c3c767c0 sp=0x00000090aacfde78 mode 0
Event: 64.763 Thread 0x000001c8decb4800 DEOPT PACKING pc=0x000001c8c55b38ec sp=0x00000090aacfec50
Event: 64.763 Thread 0x000001c8decb4800 DEOPT UNPACKING pc=0x000001c8c3c767c0 sp=0x00000090aacfe120 mode 0

Classes redefined (0 events):
No events

Internal exceptions (20 events):
Event: 50.009 Thread 0x000001c8decb0800 Exception <a 'sun/nio/fs/WindowsException'{0x0000000085e2ea90}> (0x0000000085e2ea90) thrown at [./src/hotspot/share/prims/jni.cpp, line 615]
Event: 50.010 Thread 0x000001c8decb0800 Exception <a 'sun/nio/fs/WindowsException'{0x0000000085e2f710}> (0x0000000085e2f710) thrown at [./src/hotspot/share/prims/jni.cpp, line 615]
Event: 52.414 Thread 0x000001c8decb0800 Exception <a 'java/lang/NoSuchMethodError'{0x00000000873adfc8}: 'java.lang.Object java.lang.invoke.DirectMethodHandle$Holder.invokeSpecial(java.lang.Object, java.lang.Object, int, java.lang.Object, java.lang.Object)'> (0x00000000873adfc8) thrown at [./src/hotspot/share/interpreter/linkResolver.cpp, line 773]
Event: 52.416 Thread 0x000001c8decb0800 Exception <a 'java/lang/NoSuchMethodError'{0x00000000873b6558}: 'java.lang.Object java.lang.invoke.DirectMethodHandle$Holder.invokeStatic(java.lang.Object, java.lang.Object, int, java.lang.Object)'> (0x00000000873b6558) thrown at [./src/hotspot/share/interpreter/linkResolver.cpp, line 773]
Event: 52.417 Thread 0x000001c8decb0800 Exception <a 'java/lang/NoSuchMethodError'{0x00000000873ba250}: 'java.lang.Object java.lang.invoke.Invokers$Holder.linkToTargetMethod(java.lang.Object, int, java.lang.Object, java.lang.Object)'> (0x00000000873ba250) thrown at [./src/hotspot/share/interpreter/linkResolver.cpp, line 773]
Event: 52.495 Thread 0x000001c8decb0800 Exception <a 'java/lang/NoSuchMethodError'{0x00000000873cf628}: 'void java.lang.invoke.DirectMethodHandle$Holder.invokeVirtual(java.lang.Object, java.lang.Object)'> (0x00000000873cf628) thrown at [./src/hotspot/share/interpreter/linkResolver.cpp, line 773]
Event: 52.815 Thread 0x000001c8decb1000 Implicit null exception at 0x000001c8cbb10014 to 0x000001c8cbb11f88
Event: 54.038 Thread 0x000001c8decb2000 Exception <a 'sun/nio/fs/WindowsException'{0x0000000089babea0}> (0x0000000089babea0) thrown at [./src/hotspot/share/prims/jni.cpp, line 615]
Event: 54.262 Thread 0x000001c8decb2000 Exception <a 'java/lang/NoSuchMethodError'{0x0000000089806cd0}: 'int java.lang.invoke.DirectMethodHandle$Holder.invokeVirtual(java.lang.Object, java.lang.Object, java.lang.Object)'> (0x0000000089806cd0) thrown at [./src/hotspot/share/interpreter/linkResolver.cpp, line 773]
Event: 54.467 Thread 0x000001c8decb2000 Exception <a 'java/lang/NoSuchMethodError'{0x00000000897ec7a8}: 'int java.lang.invoke.DirectMethodHandle$Holder.invokeVirtual(java.lang.Object, java.lang.Object)'> (0x00000000897ec7a8) thrown at [./src/hotspot/share/interpreter/linkResolver.cpp, line 773]
Event: 54.469 Thread 0x000001c8decb2000 Exception <a 'java/lang/NoSuchMethodError'{0x00000000897f1ed8}: 'java.lang.Object java.lang.invoke.DirectMethodHandle$Holder.invokeStatic(java.lang.Object, java.lang.Object, java.lang.Object, java.lang.Object, java.lang.Object, java.lang.Object, java.lang.Object, java.lang.Object, java.lang.Object, java.lang.Object, java.lang.Object, java.lang.Object, java.lang.Object, java.lang.Object, java.lang.Object, java.lang.Object, java.lang.Object, int, java.lang.Object)'> (0x00000000897f1ed8) thrown at [./src/hots
Event: 54.470 Thread 0x000001c8decb2000 Exception <a 'java/lang/NoSuchMethodError'{0x00000000897f7780}: 'java.lang.Object java.lang.invoke.DirectMethodHandle$Holder.invokeStaticInit(java.lang.Object, java.lang.Object, java.lang.Object, java.lang.Object, java.lang.Object, java.lang.Object, java.lang.Object, java.lang.Object, java.lang.Object, java.lang.Object, java.lang.Object, java.lang.Object, java.lang.Object, java.lang.Object, java.lang.Object, java.lang.Object, java.lang.Object, int, java.lang.Object)'> (0x00000000897f7780) thrown at [./src/
Event: 57.226 Thread 0x000001c8decb2000 Implicit null exception at 0x000001c8cbb6e29d to 0x000001c8cbb6ece8
Event: 57.413 Thread 0x000001c8decb4800 Exception <a 'java/lang/NoSuchMethodError'{0x000000008b843050}: 'java.lang.Object java.lang.invoke.DirectMethodHandle$Holder.newInvokeSpecial(java.lang.Object, int)'> (0x000000008b843050) thrown at [./src/hotspot/share/interpreter/linkResolver.cpp, line 773]
Event: 62.572 Thread 0x000001c8decb2000 Exception <a 'java/lang/NoSuchMethodError'{0x0000000091266848}: 'void java.lang.invoke.DirectMethodHandle$Holder.invokeStatic(java.lang.Object, java.lang.Object, java.lang.Object, int)'> (0x0000000091266848) thrown at [./src/hotspot/share/interpreter/linkResolver.cpp, line 773]
Event: 62.574 Thread 0x000001c8decb2000 Exception <a 'java/lang/IncompatibleClassChangeError'{0x000000009126e758}: Found class java.lang.Object, but interface was expected> (0x000000009126e758) thrown at [./src/hotspot/share/interpreter/linkResolver.cpp, line 839]
Event: 63.023 Thread 0x000001c8decb2000 Exception <a 'java/lang/NoSuchMethodError'{0x0000000090e2f6d0}: 'void java.lang.invoke.DirectMethodHandle$Holder.invokeStaticInit(java.lang.Object, java.lang.Object, java.lang.Object, java.lang.Object, java.lang.Object)'> (0x0000000090e2f6d0) thrown at [./src/hotspot/share/interpreter/linkResolver.cpp, line 773]
Event: 63.210 Thread 0x000001c8decb2000 Exception <a 'java/lang/NoSuchMethodError'{0x000000009216d820}: 'java.lang.Object java.lang.invoke.DirectMethodHandle$Holder.invokeStatic(java.lang.Object, int, java.lang.Object, java.lang.Object)'> (0x000000009216d820) thrown at [./src/hotspot/share/interpreter/linkResolver.cpp, line 773]
Event: 64.396 Thread 0x000001c8decb2000 Exception <a 'java/lang/NoSuchMethodError'{0x00000000921d24a0}: 'long java.lang.invoke.DirectMethodHandle$Holder.invokeStatic(java.lang.Object, java.lang.Object)'> (0x00000000921d24a0) thrown at [./src/hotspot/share/interpreter/linkResolver.cpp, line 773]
Event: 64.530 Thread 0x000001c8decb4800 Exception <a 'java/lang/NoSuchMethodError'{0x0000000091f56808}: 'void java.lang.invoke.DirectMethodHandle$Holder.invokeSpecial(java.lang.Object, java.lang.Object, int, java.lang.Object)'> (0x0000000091f56808) thrown at [./src/hotspot/share/interpreter/linkResolver.cpp, line 773]

Events (20 events):
Event: 64.891 loading class com/android/tools/r8/utils/B1/k done
Event: 64.892 loading class com/android/tools/r8/graph/M1
Event: 64.892 loading class com/android/tools/r8/graph/M1 done
Event: 64.892 loading class com/android/tools/r8/graph/M1
Event: 64.892 loading class com/android/tools/r8/graph/M1 done
Event: 64.892 loading class com/android/tools/r8/utils/B1/j
Event: 64.892 loading class com/android/tools/r8/utils/B1/j done
Event: 64.892 loading class com/android/tools/r8/v/c/u$a
Event: 64.892 loading class com/android/tools/r8/v/c/u$a done
Event: 64.894 loading class com/android/tools/r8/graph/v1
Event: 64.894 loading class com/android/tools/r8/graph/v1 done
Event: 64.895 loading class com/android/tools/r8/graph/e0
Event: 64.895 loading class com/android/tools/r8/graph/e0 done
Event: 64.895 loading class com/android/tools/r8/graph/v1
Event: 64.895 loading class com/android/tools/r8/graph/v1 done
Event: 64.939 loading class com/android/tools/r8/dex/B$a
Event: 64.939 loading class com/android/tools/r8/dex/B$a done
Event: 64.940 loading class com/android/tools/r8/dex/B
Event: 64.940 loading class com/android/tools/r8/dex/B done
Event: 64.964 Executing VM operation: G1CollectForAllocation


Dynamic libraries:
0x00007ff77b540000 - 0x00007ff77b54a000 	C:\Program Files\Android\Android Studio\jre\bin\java.exe
0x00007ffe822e0000 - 0x00007ffe824c1000 	C:\Windows\SYSTEM32\ntdll.dll
0x00007ffe81780000 - 0x00007ffe81832000 	C:\Windows\System32\KERNEL32.DLL
0x00007ffe7e8b0000 - 0x00007ffe7eb23000 	C:\Windows\System32\KERNELBASE.dll
0x00007ffe7e6b0000 - 0x00007ffe7e7aa000 	C:\Windows\System32\ucrtbase.dll
0x00007ffe75310000 - 0x00007ffe75329000 	C:\Program Files\Android\Android Studio\jre\bin\jli.dll
0x00007ffe71650000 - 0x00007ffe71667000 	C:\Program Files\Android\Android Studio\jre\bin\VCRUNTIME140.dll
0x00007ffe810b0000 - 0x00007ffe81240000 	C:\Windows\System32\USER32.dll
0x00007ffe7eb90000 - 0x00007ffe7ebb0000 	C:\Windows\System32\win32u.dll
0x00007ffe71010000 - 0x00007ffe71279000 	C:\Windows\WinSxS\amd64_microsoft.windows.common-controls_6595b64144ccf1df_6.0.17133.73_none_b4b127863cb5b9c7\COMCTL32.dll
0x00007ffe820f0000 - 0x00007ffe8218e000 	C:\Windows\System32\msvcrt.dll
0x00007ffe81fe0000 - 0x00007ffe82008000 	C:\Windows\System32\GDI32.dll
0x00007ffe80d80000 - 0x00007ffe810a3000 	C:\Windows\System32\combase.dll
0x00007ffe7f2c0000 - 0x00007ffe7f452000 	C:\Windows\System32\gdi32full.dll
0x00007ffe81d60000 - 0x00007ffe81e84000 	C:\Windows\System32\RPCRT4.dll
0x00007ffe7f6d0000 - 0x00007ffe7f76f000 	C:\Windows\System32\msvcp_win.dll
0x00007ffe7f650000 - 0x00007ffe7f6ca000 	C:\Windows\System32\bcryptPrimitives.dll
0x00007ffe81d30000 - 0x00007ffe81d5d000 	C:\Windows\System32\IMM32.DLL
0x00007ffe6acc0000 - 0x00007ffe6ad5d000 	C:\Program Files\Android\Android Studio\jre\bin\msvcp140.dll
0x00007ffe52080000 - 0x00007ffe52b3c000 	C:\Program Files\Android\Android Studio\jre\bin\server\jvm.dll
0x00007ffe82190000 - 0x00007ffe82231000 	C:\Windows\System32\ADVAPI32.dll
0x00007ffe80d20000 - 0x00007ffe80d7b000 	C:\Windows\System32\sechost.dll
0x00007ffe7f770000 - 0x00007ffe7f778000 	C:\Windows\System32\PSAPI.DLL
0x00007ffe7d240000 - 0x00007ffe7d249000 	C:\Windows\SYSTEM32\WSOCK32.dll
0x00007ffe7c330000 - 0x00007ffe7c353000 	C:\Windows\SYSTEM32\WINMM.dll
0x00007ffe82080000 - 0x00007ffe820ec000 	C:\Windows\System32\WS2_32.dll
0x00007ffe7c300000 - 0x00007ffe7c32a000 	C:\Windows\SYSTEM32\WINMMBASE.dll
0x00007ffe7d230000 - 0x00007ffe7d23a000 	C:\Windows\SYSTEM32\VERSION.dll
0x00007ffe7e860000 - 0x00007ffe7e8a9000 	C:\Windows\System32\cfgmgr32.dll
0x00007ffe7e690000 - 0x00007ffe7e6a1000 	C:\Windows\System32\kernel.appcore.dll
0x00007ffe7ad10000 - 0x00007ffe7ad21000 	C:\Program Files\Android\Android Studio\jre\bin\verify.dll
0x00007ffe6d480000 - 0x00007ffe6d649000 	C:\Windows\SYSTEM32\DBGHELP.DLL
0x00007ffe6d450000 - 0x00007ffe6d479000 	C:\Windows\SYSTEM32\dbgcore.DLL
0x00007ffe7ace0000 - 0x00007ffe7ad09000 	C:\Program Files\Android\Android Studio\jre\bin\java.dll
0x00007ffe7d220000 - 0x00007ffe7d22b000 	C:\Program Files\Android\Android Studio\jre\bin\jimage.dll
0x00007ffe77fe0000 - 0x00007ffe77ff8000 	C:\Program Files\Android\Android Studio\jre\bin\zip.dll
0x00007ffe7f8e0000 - 0x00007ffe80d20000 	C:\Windows\System32\SHELL32.dll
0x00007ffe81e90000 - 0x00007ffe81f39000 	C:\Windows\System32\shcore.dll
0x00007ffe7ebb0000 - 0x00007ffe7f2bd000 	C:\Windows\System32\windows.storage.dll
0x00007ffe81ab0000 - 0x00007ffe81b01000 	C:\Windows\System32\shlwapi.dll
0x00007ffe7e670000 - 0x00007ffe7e68f000 	C:\Windows\System32\profapi.dll
0x00007ffe7e600000 - 0x00007ffe7e64c000 	C:\Windows\System32\powrprof.dll
0x00007ffe7e5f0000 - 0x00007ffe7e5fa000 	C:\Windows\System32\FLTLIB.DLL
0x00007ffe77fc0000 - 0x00007ffe77fda000 	C:\Program Files\Android\Android Studio\jre\bin\net.dll
0x00007ffe75670000 - 0x00007ffe7574d000 	C:\Windows\SYSTEM32\WINHTTP.dll
0x00007ffe7de10000 - 0x00007ffe7de76000 	C:\Windows\system32\mswsock.dll
0x00007ffe76e40000 - 0x00007ffe76e54000 	C:\Program Files\Android\Android Studio\jre\bin\nio.dll
0x00007ffe77b80000 - 0x00007ffe77ba7000 	C:\Users\MISHECK\.gradle\native\fdc75f09e3144964f2cf3f50f0aa648679c211496f362492102eb8c894070792\windows-amd64\native-platform.dll
0x00007ffe55d10000 - 0x00007ffe55ea6000 	C:\Users\MISHECK\.gradle\native\12488b8bf47d2d4c9fbf2f6322a914ad602e24e48041cd04a747c6da556b65c4\windows-amd64\native-platform-file-events.dll
0x00007ffe7d020000 - 0x00007ffe7d02a000 	C:\Program Files\Android\Android Studio\jre\bin\management.dll
0x00007ffe7cdb0000 - 0x00007ffe7cdbc000 	C:\Program Files\Android\Android Studio\jre\bin\management_ext.dll
0x00007ffe7dfc0000 - 0x00007ffe7dfd7000 	C:\Windows\SYSTEM32\CRYPTSP.dll
0x00007ffe7d9f0000 - 0x00007ffe7da23000 	C:\Windows\system32\rsaenh.dll
0x00007ffe7e150000 - 0x00007ffe7e175000 	C:\Windows\SYSTEM32\bcrypt.dll
0x00007ffe7e4f0000 - 0x00007ffe7e518000 	C:\Windows\SYSTEM32\USERENV.dll
0x00007ffe7dfe0000 - 0x00007ffe7dfeb000 	C:\Windows\SYSTEM32\CRYPTBASE.dll
0x00007ffe7db90000 - 0x00007ffe7dbc8000 	C:\Windows\SYSTEM32\IPHLPAPI.DLL
0x00007ffe82070000 - 0x00007ffe82078000 	C:\Windows\System32\NSI.dll
0x00007ffe76da0000 - 0x00007ffe76db6000 	C:\Windows\SYSTEM32\dhcpcsvc6.DLL
0x00007ffe76d80000 - 0x00007ffe76d9a000 	C:\Windows\SYSTEM32\dhcpcsvc.DLL
0x00007ffe77210000 - 0x00007ffe7721b000 	C:\Windows\SYSTEM32\WINNSI.DLL

dbghelp: loaded successfully - version: 4.0.5 - missing functions: none
symbol engine: initialized successfully - sym options: 0x614 - pdb path: .;C:\Program Files\Android\Android Studio\jre\bin;C:\Windows\SYSTEM32;C:\Windows\WinSxS\amd64_microsoft.windows.common-controls_6595b64144ccf1df_6.0.17133.73_none_b4b127863cb5b9c7;C:\Program Files\Android\Android Studio\jre\bin\server;C:\Users\MISHECK\.gradle\native\fdc75f09e3144964f2cf3f50f0aa648679c211496f362492102eb8c894070792\windows-amd64;C:\Users\MISHECK\.gradle\native\12488b8bf47d2d4c9fbf2f6322a914ad602e24e48041cd04a747c6da556b65c4\windows-amd64

VM Arguments:
jvm_args: --add-opens=java.base/java.util=ALL-UNNAMED --add-opens=java.base/java.lang=ALL-UNNAMED --add-opens=java.base/java.lang.invoke=ALL-UNNAMED --add-opens=java.prefs/java.util.prefs=ALL-UNNAMED -Xmx2048m -Dfile.encoding=UTF-8 -Duser.country=US -Duser.language=en -Duser.variant 
java_command: org.gradle.launcher.daemon.bootstrap.GradleDaemon 6.7.1
java_class_path (initial): C:\Users\MISHECK\.gradle\wrapper\dists\gradle-6.7.1-bin\bwlcbys1h7rz3272sye1xwiv6\gradle-6.7.1\lib\gradle-launcher-6.7.1.jar
Launcher Type: SUN_STANDARD

[Global flags]
     intx CICompilerCount                          = 2                                         {product} {ergonomic}
     uint ConcGCThreads                            = 1                                         {product} {ergonomic}
     uint G1ConcRefinementThreads                  = 2                                         {product} {ergonomic}
   size_t G1HeapRegionSize                         = 1048576                                   {product} {ergonomic}
    uintx GCDrainStackTargetSize                   = 64                                        {product} {ergonomic}
   size_t InitialHeapSize                          = 67108864                                  {product} {ergonomic}
   size_t MarkStackSize                            = 4194304                                   {product} {ergonomic}
   size_t MaxHeapSize                              = 2147483648                                {product} {command line}
   size_t MaxNewSize                               = 1287651328                                {product} {ergonomic}
   size_t MinHeapDeltaBytes                        = 1048576                                   {product} {ergonomic}
    uintx NonNMethodCodeHeapSize                   = 5825164                                {pd product} {ergonomic}
    uintx NonProfiledCodeHeapSize                  = 122916538                              {pd product} {ergonomic}
    uintx ProfiledCodeHeapSize                     = 122916538                              {pd product} {ergonomic}
    uintx ReservedCodeCacheSize                    = 251658240                              {pd product} {ergonomic}
     bool SegmentedCodeCache                       = true                                      {product} {ergonomic}
     bool UseCompressedClassPointers               = true                                 {lp64_product} {ergonomic}
     bool UseCompressedOops                        = true                                 {lp64_product} {ergonomic}
     bool UseG1GC                                  = true                                      {product} {ergonomic}
     bool UseLargePagesIndividualAllocation        = false                                  {pd product} {ergonomic}

Logging:
Log output configuration:
 #0: stdout all=warning uptime,level,tags
 #1: stderr all=off uptime,level,tags

Environment Variables:
JAVA_HOME=C:\Program Files\Java\jdk1.8.0_191
PATH=C:\Program Files (x86)\Common Files\Oracle\Java\javapath;C:\Windows\system32;C:\Windows;C:\Windows\System32\Wbem;C:\Windows\System32\WindowsPowerShell\v1.0\;C:\Windows\System32\OpenSSH\;C:\Program Files (x86)\Git\cmd;C:\Program Files\nodejs\;C:\Program Files\Java\jdk1.8.0_191\bin;C:\Users\MISHECK\AppData\Roaming\npm;C:\Exercism;C:\Users\MISHECK\AppData\Local\Programs\Python\Python39;C:\Users\MISHECK\AppData\Local\Programs\Microsoft VS Code\bin;C:\Program Files\CodeBlocks\MinGW\bin;
USERNAME=MISHECK
OS=Windows_NT
PROCESSOR_IDENTIFIER=Intel64 Family 6 Model 55 Stepping 8, GenuineIntel



---------------  S Y S T E M  ---------------

OS: Windows 10 , 64 bit Build 17133 (10.0.17133.73)
OS uptime: 1 days 10:53 hours

CPU:total 2 (initial active 2) (2 cores per cpu, 1 threads per core) family 6 model 55 stepping 8, cmov, cx8, fxsr, mmx, sse, sse2, sse3, ssse3, sse4.1, sse4.2, popcnt, clmul, erms, 3dnowpref, tsc, tscinvbit

Memory: 4k page, system-wide physical 3987M (751M free)
TotalPageFile size 5381M (AvailPageFile size 3M)
current process WorkingSet (physical memory assigned to process): 464M, peak: 464M
current process commit charge ("private bytes"): 853M, peak: 853M

vm_info: OpenJDK 64-Bit Server VM (11.0.8+10-b944.6842174) for windows-amd64 JRE (11.0.8+10-b944.6842174), built on Sep 19 2020 01:11:42 by "builder" with MS VC++ 14.0 (VS2015)

END.
