#
# There is insufficient memory for the Java Runtime Environment to continue.
# Native memory allocation (mmap) failed to map 82837504 bytes for Failed to commit area from 0x0000000090200000 to 0x0000000095100000 of length 82837504.
# Possible reasons:
#   The system is out of physical RAM or swap space
#   The process is running with CompressedOops enabled, and the Java Heap may be blocking the growth of the native heap
# Possible solutions:
#   Reduce memory load on the system
#   Increase physical memory or swap space
#   Check if swap backing store is full
#   Decrease Java heap size (-Xmx/-Xms)
#   Decrease number of Java threads
#   Decrease Java thread stack sizes (-Xss)
#   Set larger code cache with -XX:ReservedCodeCacheSize=
#   JVM is running with Unscaled Compressed Oops mode in which the Java heap is
#     placed in the first 4GB address space. The Java Heap base address is the
#     maximum limit for the native heap growth. Please use -XX:HeapBaseMinAddress
#     to set the Java Heap base and to place the Java Heap above 4GB virtual address.
# This output file may be truncated or incomplete.
#
#  Out of Memory Error (./src/hotspot/os/windows/os_windows.cpp:3303), pid=1628, tid=3884
#
# JRE version: OpenJDK Runtime Environment (11.0.8+10) (build 11.0.8+10-b944.6842174)
# Java VM: OpenJDK 64-Bit Server VM (11.0.8+10-b944.6842174, mixed mode, tiered, compressed oops, g1 gc, windows-amd64)
# No core dump will be written. Minidumps are not enabled by default on client versions of Windows
#

---------------  S U M M A R Y ------------

Command Line: --add-opens=java.base/java.util=ALL-UNNAMED --add-opens=java.base/java.lang=ALL-UNNAMED --add-opens=java.base/java.lang.invoke=ALL-UNNAMED --add-opens=java.prefs/java.util.prefs=ALL-UNNAMED -Xmx2048m -Dfile.encoding=UTF-8 -Duser.country=US -Duser.language=en -Duser.variant org.gradle.launcher.daemon.bootstrap.GradleDaemon 6.7.1

Host: Intel(R) Celeron(R) CPU  N2840  @ 2.16GHz, 2 cores, 3G,  Windows 10 , 64 bit Build 17133 (10.0.17133.73)
Time: Thu Jul 15 07:29:18 2021 Pacific Daylight Time elapsed time: 4546 seconds (0d 1h 15m 46s)

---------------  T H R E A D  ---------------

Current thread (0x000002c4b7e9d800):  VMThread "VM Thread" [stack: 0x000000d2dc000000,0x000000d2dc100000] [id=3884]

Stack: [0x000000d2dc000000,0x000000d2dc100000]
[error occurred during error reporting (printing stack bounds), id 0xc0000005, EXCEPTION_ACCESS_VIOLATION (0xc0000005) at pc=0x000002c4a2120dbe]

Native frames: (J=compiled Java code, j=interpreted, Vv=VM code, C=native code)
V  [jvm.dll+0x5de50a]
V  [jvm.dll+0x7122f5]
V  [jvm.dll+0x71384d]
V  [jvm.dll+0x713e65]
V  [jvm.dll+0x713e1b]
V  [jvm.dll+0x5dd958]
V  [jvm.dll+0x5de0f8]
C  [ntdll.dll+0x9eddd]
C  [ntdll.dll+0x6c86]
C  [ntdll.dll+0x9dd0e]
C  0x000002c4a2120dbe

VM_Operation (0x000000d2de1fdc90): G1CollectForAllocation, mode: safepoint, requested by thread 0x000002c4b9093000


---------------  P R O C E S S  ---------------

Threads class SMR info:
_java_thread_list=0x000002c4bad024d0, length=46, elements={
0x000002c49e7ab800, 0x000002c4b7ea0000, 0x000002c4b7ea1000, 0x000002c4b7eb5800,
0x000002c4b8720800, 0x000002c4b8722800, 0x000002c4b8728000, 0x000002c4b872e800,
0x000002c4b8889000, 0x000002c4b88a7000, 0x000002c4b9f9f000, 0x000002c4b99b2800,
0x000002c4b9eff000, 0x000002c4bac85000, 0x000002c4bac84000, 0x000002c4bac85800,
0x000002c4bac87800, 0x000002c4b9173000, 0x000002c4bac5b800, 0x000002c4bac59000,
0x000002c4bac56000, 0x000002c4bac5a800, 0x000002c4bac58800, 0x000002c4bac55000,
0x000002c4bac5c800, 0x000002c4bac5d000, 0x000002c4bac5a000, 0x000002c4bac57800,
0x000002c4bac5f000, 0x000002c4bac5e000, 0x000002c4bac62000, 0x000002c4bac5f800,
0x000002c4bac60800, 0x000002c4bc9b7000, 0x000002c4bc9b1000, 0x000002c4c16e3800,
0x000002c4c16e1800, 0x000002c4c16e2000, 0x000002c4c16e4800, 0x000002c4c16e5800,
0x000002c4c16e6000, 0x000002c4c16e8800, 0x000002c4b9090800, 0x000002c4b9092800,
0x000002c4b9093000, 0x000002c4b908f000
}

Java Threads: ( => current thread )
  0x000002c49e7ab800 JavaThread "main" [_thread_blocked, id=9964, stack(0x000000d2dba00000,0x000000d2dbb00000)]
  0x000002c4b7ea0000 JavaThread "Reference Handler" daemon [_thread_blocked, id=3604, stack(0x000000d2dc100000,0x000000d2dc200000)]
  0x000002c4b7ea1000 JavaThread "Finalizer" daemon [_thread_blocked, id=8412, stack(0x000000d2dc200000,0x000000d2dc300000)]
  0x000002c4b7eb5800 JavaThread "Signal Dispatcher" daemon [_thread_blocked, id=10620, stack(0x000000d2dc300000,0x000000d2dc400000)]
  0x000002c4b8720800 JavaThread "Attach Listener" daemon [_thread_blocked, id=7848, stack(0x000000d2dc400000,0x000000d2dc500000)]
  0x000002c4b8722800 JavaThread "C2 CompilerThread0" daemon [_thread_blocked, id=10304, stack(0x000000d2dc500000,0x000000d2dc600000)]
  0x000002c4b8728000 JavaThread "C1 CompilerThread0" daemon [_thread_blocked, id=9024, stack(0x000000d2dc600000,0x000000d2dc700000)]
  0x000002c4b872e800 JavaThread "Sweeper thread" daemon [_thread_blocked, id=8312, stack(0x000000d2dc700000,0x000000d2dc800000)]
  0x000002c4b8889000 JavaThread "Common-Cleaner" daemon [_thread_blocked, id=1296, stack(0x000000d2dc800000,0x000000d2dc900000)]
  0x000002c4b88a7000 JavaThread "Service Thread" daemon [_thread_blocked, id=10980, stack(0x000000d2dc900000,0x000000d2dca00000)]
  0x000002c4b9f9f000 JavaThread "Daemon health stats" [_thread_blocked, id=1512, stack(0x000000d2dcc00000,0x000000d2dcd00000)]
  0x000002c4b99b2800 JavaThread "Incoming local TCP Connector on port 58889" [_thread_in_native, id=4932, stack(0x000000d2dce00000,0x000000d2dcf00000)]
  0x000002c4b9eff000 JavaThread "Daemon periodic checks" [_thread_blocked, id=2472, stack(0x000000d2dd000000,0x000000d2dd100000)]
  0x000002c4bac85000 JavaThread "Cache worker for file hash cache (C:\Users\MISHECK\.gradle\caches\6.7.1\fileHashes)" [_thread_blocked, id=7372, stack(0x000000d2dd700000,0x000000d2dd800000)]
  0x000002c4bac84000 JavaThread "File lock request listener" [_thread_in_native, id=10908, stack(0x000000d2dd800000,0x000000d2dd900000)]
  0x000002c4bac85800 JavaThread "Cache worker for journal cache (C:\Users\MISHECK\.gradle\caches\journal-1)" [_thread_blocked, id=4484, stack(0x000000d2dd900000,0x000000d2dda00000)]
  0x000002c4bac87800 JavaThread "Cache worker for execution history cache (C:\Users\MISHECK\.gradle\caches\6.7.1\executionHistory)" [_thread_blocked, id=3876, stack(0x000000d2dde00000,0x000000d2ddf00000)]
  0x000002c4b9173000 JavaThread "Cache worker for file content cache (C:\Users\MISHECK\.gradle\caches\6.7.1\fileContent)" [_thread_blocked, id=1572, stack(0x000000d2de000000,0x000000d2de100000)]
  0x000002c4bac5b800 JavaThread "Memory manager" [_thread_blocked, id=7376, stack(0x000000d2db600000,0x000000d2db700000)]
  0x000002c4bac59000 JavaThread "ForkJoinPool.commonPool-worker-3" daemon [_thread_blocked, id=1504, stack(0x000000d2dd300000,0x000000d2dd400000)]
  0x000002c4bac56000 JavaThread "Daemon Thread 3" [_thread_blocked, id=10384, stack(0x000000d2db700000,0x000000d2db800000)]
  0x000002c4bac5a800 JavaThread "Handler for socket connection from /127.0.0.1:58889 to /127.0.0.1:59535" [_thread_in_native, id=10956, stack(0x000000d2db800000,0x000000d2db900000)]
  0x000002c4bac58800 JavaThread "Cancel handler" [_thread_blocked, id=7804, stack(0x000000d2db900000,0x000000d2dba00000)]
  0x000002c4bac55000 JavaThread "Daemon worker Thread 3" [_thread_blocked, id=6708, stack(0x000000d2dcd00000,0x000000d2dce00000)]
  0x000002c4bac5c800 JavaThread "Asynchronous log dispatcher for DefaultDaemonConnection: socket connection from /127.0.0.1:58889 to /127.0.0.1:59535" [_thread_blocked, id=12208, stack(0x000000d2dcf00000,0x000000d2dd000000)]
  0x000002c4bac5d000 JavaThread "Thread-248" [_thread_blocked, id=1128, stack(0x000000d2dd200000,0x000000d2dd300000)]
  0x000002c4bac5a000 JavaThread "Cache worker for file hash cache (C:\Users\MISHECK\AndroidStudioProjects\ChildSafetyApp\.gradle\6.7.1\fileHashes)" [_thread_blocked, id=2712, stack(0x000000d2dd400000,0x000000d2dd500000)]
  0x000002c4bac57800 JavaThread "Cache worker for checksums cache (C:\Users\MISHECK\AndroidStudioProjects\ChildSafetyApp\.gradle\checksums)" [_thread_blocked, id=7896, stack(0x000000d2dd500000,0x000000d2dd600000)]
  0x000002c4bac5f000 JavaThread "Cache worker for cache directory md-supplier (C:\Users\MISHECK\.gradle\caches\6.7.1\md-supplier)" [_thread_blocked, id=9744, stack(0x000000d2dd600000,0x000000d2dd700000)]
  0x000002c4bac5e000 JavaThread "Cache worker for cache directory md-rule (C:\Users\MISHECK\.gradle\caches\6.7.1\md-rule)" [_thread_blocked, id=6504, stack(0x000000d2dda00000,0x000000d2ddb00000)]
  0x000002c4bac62000 JavaThread "Cache worker for Build Output Cleanup Cache (C:\Users\MISHECK\AndroidStudioProjects\ChildSafetyApp\.gradle\buildOutputCleanup)" [_thread_blocked, id=1752, stack(0x000000d2ddb00000,0x000000d2ddc00000)]
  0x000002c4bac5f800 JavaThread "Build operations" [_thread_blocked, id=12244, stack(0x000000d2ddc00000,0x000000d2ddd00000)]
  0x000002c4bac60800 JavaThread "Build operations Thread 2" [_thread_blocked, id=11268, stack(0x000000d2ddd00000,0x000000d2dde00000)]
  0x000002c4bc9b7000 JavaThread "build event listener" [_thread_blocked, id=11284, stack(0x000000d2e4100000,0x000000d2e4200000)]
  0x000002c4bc9b1000 JavaThread "build event listener" [_thread_blocked, id=9704, stack(0x000000d2e4200000,0x000000d2e4300000)]
  0x000002c4c16e3800 JavaThread "Execution worker for ':'" [_thread_blocked, id=10032, stack(0x000000d2e4300000,0x000000d2e4400000)]
  0x000002c4c16e1800 JavaThread "Cache worker for execution history cache (C:\Users\MISHECK\AndroidStudioProjects\ChildSafetyApp\.gradle\6.7.1\executionHistory)" [_thread_blocked, id=3904, stack(0x000000d2e4400000,0x000000d2e4500000)]
  0x000002c4c16e2000 JavaThread "WorkerExecutor Queue" [_thread_blocked, id=12008, stack(0x000000d2e4500000,0x000000d2e4600000)]
  0x000002c4c16e4800 JavaThread "WorkerExecutor Queue Thread 2" [_thread_blocked, id=9672, stack(0x000000d2e4600000,0x000000d2e4700000)]
  0x000002c4c16e5800 JavaThread "pool-14-thread-1" [_thread_blocked, id=12268, stack(0x000000d2e4700000,0x000000d2e4800000)]
  0x000002c4c16e6000 JavaThread "stderr" [_thread_in_native, id=7048, stack(0x000000d2e4800000,0x000000d2e4900000)]
  0x000002c4c16e8800 JavaThread "stdout" [_thread_in_native, id=8316, stack(0x000000d2e4900000,0x000000d2e4a00000)]
  0x000002c4b9090800 JavaThread "Cache worker for Java compile cache (C:\Users\MISHECK\.gradle\caches\6.7.1\javaCompile)" [_thread_blocked, id=7908, stack(0x000000d2dd100000,0x000000d2dd200000)]
  0x000002c4b9092800 JavaThread "Cache worker for Java compile cache (C:\Users\MISHECK\AndroidStudioProjects\ChildSafetyApp\.gradle\6.7.1\javaCompile)" [_thread_blocked, id=6424, stack(0x000000d2ddf00000,0x000000d2de000000)]
  0x000002c4b9093000 JavaThread "ForkJoinPool-1-worker-3" daemon [_thread_blocked, id=9852, stack(0x000000d2de100000,0x000000d2de200000)]
  0x000002c4b908f000 JavaThread "ForkJoinPool-1-worker-1" daemon [_thread_blocked, id=5216, stack(0x000000d2de200000,0x000000d2de300000)]

Other Threads:
=>0x000002c4b7e9d800 VMThread "VM Thread" [stack: 0x000000d2dc000000,0x000000d2dc100000] [id=3884]
  0x000002c4b88c4000 WatcherThread [stack: 0x000000d2dca00000,0x000000d2dcb00000] [id=1932]
  0x000002c49e7c4000 GCTaskThread "GC Thread#0" [stack: 0x000000d2dbb00000,0x000000d2dbc00000] [id=9568]
  0x000002c4b8934800 GCTaskThread "GC Thread#1" [stack: 0x000000d2dcb00000,0x000000d2dcc00000] [id=5208]
  0x000002c49e7f4000 ConcurrentGCThread "G1 Main Marker" [stack: 0x000000d2dbc00000,0x000000d2dbd00000] [id=7648]
  0x000002c49e7f6000 ConcurrentGCThread "G1 Conc#0" [stack: 0x000000d2dbd00000,0x000000d2dbe00000] [id=3228]
  0x000002c49e846800 ConcurrentGCThread "G1 Refine#0" [stack: 0x000000d2dbe00000,0x000000d2dbf00000] [id=3664]
  0x000002c49e847800 ConcurrentGCThread "G1 Young RemSet Sampling" [stack: 0x000000d2dbf00000,0x000000d2dc000000] [id=9956]

Threads with active compile tasks:
C2 CompilerThread04546443 19628       4       com.android.tools.r8.dex.n::a (913 bytes)

VM state:at safepoint (normal execution)

VM Mutex/Monitor currently owned by a thread:  ([mutex/lock_event])
[0x000002c49e7a8eb0] Threads_lock - owner thread: 0x000002c4b7e9d800
[0x000002c49e7a81c0] Heap_lock - owner thread: 0x000002c4b9093000

Heap address: 0x0000000080000000, size: 2048 MB, Compressed Oops mode: 32-bit
Narrow klass base: 0x0000000000000000, Narrow klass shift: 3
Compressed class space size: 1073741824 Address: 0x0000000100000000

Heap:
 garbage-first heap   total 345088K, used 171520K [0x0000000080000000, 0x0000000100000000)
  region size 1024K, 3 young (3072K), 3 survivors (3072K)
 Metaspace       used 116299K, capacity 118893K, committed 119164K, reserved 1153024K
  class space    used 14137K, capacity 15072K, committed 15104K, reserved 1048576K
Heap Regions: E=young(eden), S=young(survivor), O=old, HS=humongous(starts), HC=humongous(continues), CS=collection set, F=free, A=archive, TAMS=top-at-mark-start (previous, next)
|   0|0x0000000080000000, 0x0000000080100000, 0x0000000080100000|100%| O|  |TAMS 0x0000000080100000, 0x0000000080000000| Untracked 
|   1|0x0000000080100000, 0x0000000080200000, 0x0000000080200000|100%| O|  |TAMS 0x0000000080200000, 0x0000000080100000| Untracked 
|   2|0x0000000080200000, 0x0000000080300000, 0x0000000080300000|100%| O|  |TAMS 0x0000000080300000, 0x0000000080200000| Untracked 
|   3|0x0000000080300000, 0x0000000080400000, 0x0000000080400000|100%| O|  |TAMS 0x0000000080400000, 0x0000000080300000| Untracked 
|   4|0x0000000080400000, 0x0000000080500000, 0x0000000080500000|100%|HS|  |TAMS 0x0000000080500000, 0x0000000080400000| Complete 
|   5|0x0000000080500000, 0x0000000080600000, 0x0000000080600000|100%|HC|  |TAMS 0x0000000080600000, 0x0000000080500000| Complete 
|   6|0x0000000080600000, 0x0000000080700000, 0x0000000080700000|100%|HC|  |TAMS 0x0000000080700000, 0x0000000080600000| Complete 
|   7|0x0000000080700000, 0x0000000080800000, 0x0000000080800000|100%| O|  |TAMS 0x0000000080800000, 0x0000000080700000| Untracked 
|   8|0x0000000080800000, 0x0000000080900000, 0x0000000080900000|100%| O|  |TAMS 0x0000000080900000, 0x0000000080800000| Untracked 
|   9|0x0000000080900000, 0x0000000080a00000, 0x0000000080a00000|100%| O|  |TAMS 0x0000000080a00000, 0x0000000080900000| Untracked 
|  10|0x0000000080a00000, 0x0000000080b00000, 0x0000000080b00000|100%| O|  |TAMS 0x0000000080b00000, 0x0000000080a00000| Untracked 
|  11|0x0000000080b00000, 0x0000000080c00000, 0x0000000080c00000|100%| O|  |TAMS 0x0000000080c00000, 0x0000000080b00000| Untracked 
|  12|0x0000000080c00000, 0x0000000080d00000, 0x0000000080d00000|100%| O|  |TAMS 0x0000000080d00000, 0x0000000080c00000| Untracked 
|  13|0x0000000080d00000, 0x0000000080e00000, 0x0000000080e00000|100%| O|  |TAMS 0x0000000080e00000, 0x0000000080d00000| Untracked 
|  14|0x0000000080e00000, 0x0000000080f00000, 0x0000000080f00000|100%| O|  |TAMS 0x0000000080f00000, 0x0000000080e00000| Untracked 
|  15|0x0000000080f00000, 0x0000000081000000, 0x0000000081000000|100%| O|  |TAMS 0x0000000081000000, 0x0000000080f00000| Untracked 
|  16|0x0000000081000000, 0x0000000081100000, 0x0000000081100000|100%| O|  |TAMS 0x0000000081100000, 0x0000000081000000| Untracked 
|  17|0x0000000081100000, 0x0000000081200000, 0x0000000081200000|100%| O|  |TAMS 0x0000000081200000, 0x0000000081100000| Untracked 
|  18|0x0000000081200000, 0x0000000081300000, 0x0000000081300000|100%| O|  |TAMS 0x0000000081300000, 0x0000000081200000| Untracked 
|  19|0x0000000081300000, 0x0000000081400000, 0x0000000081400000|100%| O|  |TAMS 0x0000000081400000, 0x0000000081300000| Untracked 
|  20|0x0000000081400000, 0x0000000081500000, 0x0000000081500000|100%| O|  |TAMS 0x0000000081500000, 0x0000000081400000| Untracked 
|  21|0x0000000081500000, 0x0000000081600000, 0x0000000081600000|100%| O|  |TAMS 0x0000000081600000, 0x0000000081500000| Untracked 
|  22|0x0000000081600000, 0x0000000081700000, 0x0000000081700000|100%| O|  |TAMS 0x0000000081700000, 0x0000000081600000| Untracked 
|  23|0x0000000081700000, 0x0000000081800000, 0x0000000081800000|100%| O|  |TAMS 0x0000000081800000, 0x0000000081700000| Untracked 
|  24|0x0000000081800000, 0x0000000081900000, 0x0000000081900000|100%| O|  |TAMS 0x0000000081900000, 0x0000000081800000| Untracked 
|  25|0x0000000081900000, 0x0000000081a00000, 0x0000000081a00000|100%|HS|  |TAMS 0x0000000081a00000, 0x0000000081900000| Complete 
|  26|0x0000000081a00000, 0x0000000081b00000, 0x0000000081b00000|100%|HS|  |TAMS 0x0000000081b00000, 0x0000000081a00000| Complete 
|  27|0x0000000081b00000, 0x0000000081c00000, 0x0000000081c00000|100%|HC|  |TAMS 0x0000000081c00000, 0x0000000081b00000| Complete 
|  28|0x0000000081c00000, 0x0000000081d00000, 0x0000000081d00000|100%| O|  |TAMS 0x0000000081d00000, 0x0000000081c00000| Untracked 
|  29|0x0000000081d00000, 0x0000000081e00000, 0x0000000081e00000|100%| O|  |TAMS 0x0000000081e00000, 0x0000000081d00000| Untracked 
|  30|0x0000000081e00000, 0x0000000081f00000, 0x0000000081f00000|100%| O|  |TAMS 0x0000000081f00000, 0x0000000081e00000| Untracked 
|  31|0x0000000081f00000, 0x0000000082000000, 0x0000000082000000|100%| O|  |TAMS 0x0000000081f00000, 0x0000000081f00000| Untracked 
|  32|0x0000000082000000, 0x0000000082100000, 0x0000000082100000|100%| O|  |TAMS 0x0000000082000000, 0x0000000082000000| Untracked 
|  33|0x0000000082100000, 0x0000000082200000, 0x0000000082200000|100%| O|  |TAMS 0x0000000082200000, 0x0000000082100000| Untracked 
|  34|0x0000000082200000, 0x0000000082300000, 0x0000000082300000|100%| O|  |TAMS 0x0000000082300000, 0x0000000082200000| Untracked 
|  35|0x0000000082300000, 0x0000000082400000, 0x0000000082400000|100%| O|  |TAMS 0x0000000082400000, 0x0000000082300000| Untracked 
|  36|0x0000000082400000, 0x0000000082500000, 0x0000000082500000|100%| O|  |TAMS 0x0000000082500000, 0x0000000082400000| Untracked 
|  37|0x0000000082500000, 0x0000000082600000, 0x0000000082600000|100%| O|  |TAMS 0x0000000082600000, 0x0000000082500000| Untracked 
|  38|0x0000000082600000, 0x0000000082700000, 0x0000000082700000|100%| O|  |TAMS 0x0000000082700000, 0x0000000082600000| Untracked 
|  39|0x0000000082700000, 0x0000000082800000, 0x0000000082800000|100%| O|  |TAMS 0x0000000082800000, 0x0000000082700000| Untracked 
|  40|0x0000000082800000, 0x0000000082900000, 0x0000000082900000|100%| O|  |TAMS 0x0000000082800000, 0x0000000082800000| Untracked 
|  41|0x0000000082900000, 0x0000000082a00000, 0x0000000082a00000|100%| O|  |TAMS 0x0000000082900000, 0x0000000082900000| Untracked 
|  42|0x0000000082a00000, 0x0000000082b00000, 0x0000000082b00000|100%| O|  |TAMS 0x0000000082b00000, 0x0000000082a00000| Untracked 
|  43|0x0000000082b00000, 0x0000000082c00000, 0x0000000082c00000|100%| O|  |TAMS 0x0000000082b00000, 0x0000000082b00000| Untracked 
|  44|0x0000000082c00000, 0x0000000082d00000, 0x0000000082d00000|100%| O|  |TAMS 0x0000000082d00000, 0x0000000082c00000| Untracked 
|  45|0x0000000082d00000, 0x0000000082e00000, 0x0000000082e00000|100%| O|  |TAMS 0x0000000082e00000, 0x0000000082d00000| Untracked 
|  46|0x0000000082e00000, 0x0000000082f00000, 0x0000000082f00000|100%| O|  |TAMS 0x0000000082e00000, 0x0000000082e00000| Untracked 
|  47|0x0000000082f00000, 0x0000000083000000, 0x0000000083000000|100%| O|  |TAMS 0x0000000082f00000, 0x0000000082f00000| Untracked 
|  48|0x0000000083000000, 0x0000000083100000, 0x0000000083100000|100%| O|  |TAMS 0x0000000083000000, 0x0000000083000000| Untracked 
|  49|0x0000000083100000, 0x0000000083200000, 0x0000000083200000|100%| O|  |TAMS 0x0000000083100000, 0x0000000083100000| Untracked 
|  50|0x0000000083200000, 0x0000000083300000, 0x0000000083300000|100%| O|  |TAMS 0x0000000083300000, 0x0000000083200000| Untracked 
|  51|0x0000000083300000, 0x0000000083400000, 0x0000000083400000|100%| O|  |TAMS 0x0000000083400000, 0x0000000083300000| Untracked 
|  52|0x0000000083400000, 0x0000000083500000, 0x0000000083500000|100%| O|  |TAMS 0x0000000083500000, 0x0000000083400000| Untracked 
|  53|0x0000000083500000, 0x0000000083600000, 0x0000000083600000|100%|HS|  |TAMS 0x0000000083500000, 0x0000000083500000| Complete 
|  54|0x0000000083600000, 0x0000000083700000, 0x0000000083700000|100%| O|  |TAMS 0x0000000083700000, 0x0000000083600000| Untracked 
|  55|0x0000000083700000, 0x0000000083800000, 0x0000000083800000|100%| O|  |TAMS 0x0000000083800000, 0x0000000083700000| Untracked 
|  56|0x0000000083800000, 0x0000000083900000, 0x0000000083900000|100%|HS|  |TAMS 0x0000000083800000, 0x0000000083800000| Complete 
|  57|0x0000000083900000, 0x0000000083a00000, 0x0000000083a00000|100%| O|  |TAMS 0x0000000083900000, 0x0000000083900000| Untracked 
|  58|0x0000000083a00000, 0x0000000083b00000, 0x0000000083b00000|100%| O|  |TAMS 0x0000000083a00000, 0x0000000083a00000| Untracked 
|  59|0x0000000083b00000, 0x0000000083c00000, 0x0000000083c00000|100%| O|  |TAMS 0x0000000083b00000, 0x0000000083b00000| Untracked 
|  60|0x0000000083c00000, 0x0000000083d00000, 0x0000000083d00000|100%| O|  |TAMS 0x0000000083c00000, 0x0000000083c00000| Untracked 
|  61|0x0000000083d00000, 0x0000000083e00000, 0x0000000083e00000|100%| O|  |TAMS 0x0000000083d00000, 0x0000000083d00000| Untracked 
|  62|0x0000000083e00000, 0x0000000083f00000, 0x0000000083f00000|100%| O|  |TAMS 0x0000000083f00000, 0x0000000083e00000| Untracked 
|  63|0x0000000083f00000, 0x0000000084000000, 0x0000000084000000|100%| O|  |TAMS 0x0000000084000000, 0x0000000083f00000| Untracked 
|  64|0x0000000084000000, 0x0000000084100000, 0x0000000084100000|100%| O|  |TAMS 0x0000000084000000, 0x0000000084000000| Untracked 
|  65|0x0000000084100000, 0x0000000084200000, 0x0000000084200000|100%| O|  |TAMS 0x0000000084100000, 0x0000000084100000| Untracked 
|  66|0x0000000084200000, 0x0000000084300000, 0x0000000084300000|100%|HS|  |TAMS 0x0000000084200000, 0x0000000084200000| Complete 
|  67|0x0000000084300000, 0x0000000084400000, 0x0000000084400000|100%| O|  |TAMS 0x0000000084400000, 0x0000000084300000| Untracked 
|  68|0x0000000084400000, 0x0000000084500000, 0x0000000084500000|100%| O|  |TAMS 0x0000000084400000, 0x0000000084400000| Untracked 
|  69|0x0000000084500000, 0x0000000084600000, 0x0000000084600000|100%| O|  |TAMS 0x0000000084500000, 0x0000000084500000| Untracked 
|  70|0x0000000084600000, 0x0000000084700000, 0x0000000084700000|100%| O|  |TAMS 0x0000000084600000, 0x0000000084600000| Untracked 
|  71|0x0000000084700000, 0x0000000084800000, 0x0000000084800000|100%| O|  |TAMS 0x0000000084700000, 0x0000000084700000| Untracked 
|  72|0x0000000084800000, 0x0000000084900000, 0x0000000084900000|100%| O|  |TAMS 0x0000000084800000, 0x0000000084800000| Untracked 
|  73|0x0000000084900000, 0x0000000084a00000, 0x0000000084a00000|100%| O|  |TAMS 0x0000000084900000, 0x0000000084900000| Untracked 
|  74|0x0000000084a00000, 0x0000000084b00000, 0x0000000084b00000|100%| O|  |TAMS 0x0000000084a00000, 0x0000000084a00000| Untracked 
|  75|0x0000000084b00000, 0x0000000084c00000, 0x0000000084c00000|100%| O|  |TAMS 0x0000000084b00000, 0x0000000084b00000| Untracked 
|  76|0x0000000084c00000, 0x0000000084d00000, 0x0000000084d00000|100%| O|  |TAMS 0x0000000084c00000, 0x0000000084c00000| Untracked 
|  77|0x0000000084d00000, 0x0000000084e00000, 0x0000000084e00000|100%| O|  |TAMS 0x0000000084d00000, 0x0000000084d00000| Untracked 
|  78|0x0000000084e00000, 0x0000000084f00000, 0x0000000084f00000|100%| O|  |TAMS 0x0000000084e00000, 0x0000000084e00000| Untracked 
|  79|0x0000000084f00000, 0x0000000085000000, 0x0000000085000000|100%| O|  |TAMS 0x0000000084f00000, 0x0000000084f00000| Untracked 
|  80|0x0000000085000000, 0x0000000085100000, 0x0000000085100000|100%| O|  |TAMS 0x0000000085000000, 0x0000000085000000| Untracked 
|  81|0x0000000085100000, 0x0000000085200000, 0x0000000085200000|100%| O|  |TAMS 0x0000000085100000, 0x0000000085100000| Untracked 
|  82|0x0000000085200000, 0x0000000085300000, 0x0000000085300000|100%|HS|  |TAMS 0x0000000085200000, 0x0000000085200000| Complete 
|  83|0x0000000085300000, 0x0000000085400000, 0x0000000085400000|100%|HC|  |TAMS 0x0000000085300000, 0x0000000085300000| Complete 
|  84|0x0000000085400000, 0x0000000085500000, 0x0000000085500000|100%|HC|  |TAMS 0x0000000085400000, 0x0000000085400000| Complete 
|  85|0x0000000085500000, 0x0000000085600000, 0x0000000085600000|100%|HC|  |TAMS 0x0000000085500000, 0x0000000085500000| Complete 
|  86|0x0000000085600000, 0x0000000085700000, 0x0000000085700000|100%|HC|  |TAMS 0x0000000085600000, 0x0000000085600000| Complete 
|  87|0x0000000085700000, 0x0000000085800000, 0x0000000085800000|100%|HC|  |TAMS 0x0000000085700000, 0x0000000085700000| Complete 
|  88|0x0000000085800000, 0x0000000085900000, 0x0000000085900000|100%|HC|  |TAMS 0x0000000085800000, 0x0000000085800000| Complete 
|  89|0x0000000085900000, 0x0000000085a00000, 0x0000000085a00000|100%|HC|  |TAMS 0x0000000085900000, 0x0000000085900000| Complete 
|  90|0x0000000085a00000, 0x0000000085b00000, 0x0000000085b00000|100%|HS|  |TAMS 0x0000000085a00000, 0x0000000085a00000| Complete 
|  91|0x0000000085b00000, 0x0000000085c00000, 0x0000000085c00000|100%| O|  |TAMS 0x0000000085c00000, 0x0000000085b00000| Untracked 
|  92|0x0000000085c00000, 0x0000000085d00000, 0x0000000085d00000|100%|HS|  |TAMS 0x0000000085c00000, 0x0000000085c00000| Complete 
|  93|0x0000000085d00000, 0x0000000085e00000, 0x0000000085e00000|100%| O|  |TAMS 0x0000000085e00000, 0x0000000085d00000| Untracked 
|  94|0x0000000085e00000, 0x0000000085f00000, 0x0000000085f00000|100%| O|  |TAMS 0x0000000085f00000, 0x0000000085e00000| Untracked 
|  95|0x0000000085f00000, 0x0000000086000000, 0x0000000086000000|100%| O|  |TAMS 0x0000000086000000, 0x0000000085f00000| Untracked 
|  96|0x0000000086000000, 0x0000000086100000, 0x0000000086100000|100%| O|  |TAMS 0x0000000086000000, 0x0000000086000000| Untracked 
|  97|0x0000000086100000, 0x0000000086200000, 0x0000000086200000|100%| O|  |TAMS 0x0000000086200000, 0x0000000086100000| Untracked 
|  98|0x0000000086200000, 0x0000000086300000, 0x0000000086300000|100%| O|  |TAMS 0x0000000086200000, 0x0000000086200000| Untracked 
|  99|0x0000000086300000, 0x0000000086400000, 0x0000000086400000|100%| O|  |TAMS 0x0000000086300000, 0x0000000086300000| Untracked 
| 100|0x0000000086400000, 0x0000000086500000, 0x0000000086500000|100%| O|  |TAMS 0x0000000086400000, 0x0000000086400000| Untracked 
| 101|0x0000000086500000, 0x0000000086600000, 0x0000000086600000|100%| O|  |TAMS 0x0000000086500000, 0x0000000086500000| Untracked 
| 102|0x0000000086600000, 0x0000000086700000, 0x0000000086700000|100%| O|  |TAMS 0x0000000086600000, 0x0000000086600000| Untracked 
| 103|0x0000000086700000, 0x0000000086800000, 0x0000000086800000|100%| O|  |TAMS 0x0000000086700000, 0x0000000086700000| Untracked 
| 104|0x0000000086800000, 0x0000000086900000, 0x0000000086900000|100%| O|  |TAMS 0x0000000086800000, 0x0000000086800000| Untracked 
| 105|0x0000000086900000, 0x0000000086a00000, 0x0000000086a00000|100%| O|  |TAMS 0x0000000086900000, 0x0000000086900000| Untracked 
| 106|0x0000000086a00000, 0x0000000086b00000, 0x0000000086b00000|100%| O|  |TAMS 0x0000000086a00000, 0x0000000086a00000| Untracked 
| 107|0x0000000086b00000, 0x0000000086c00000, 0x0000000086c00000|100%| O|  |TAMS 0x0000000086c00000, 0x0000000086b00000| Untracked 
| 108|0x0000000086c00000, 0x0000000086d00000, 0x0000000086d00000|100%|HS|  |TAMS 0x0000000086c00000, 0x0000000086c00000| Complete 
| 109|0x0000000086d00000, 0x0000000086e00000, 0x0000000086e00000|100%|HC|  |TAMS 0x0000000086d00000, 0x0000000086d00000| Complete 
| 110|0x0000000086e00000, 0x0000000086f00000, 0x0000000086f00000|100%|HC|  |TAMS 0x0000000086e00000, 0x0000000086e00000| Complete 
| 111|0x0000000086f00000, 0x0000000087000000, 0x0000000087000000|100%|HC|  |TAMS 0x0000000086f00000, 0x0000000086f00000| Complete 
| 112|0x0000000087000000, 0x0000000087100000, 0x0000000087100000|100%|HC|  |TAMS 0x0000000087000000, 0x0000000087000000| Complete 
| 113|0x0000000087100000, 0x0000000087200000, 0x0000000087200000|100%|HC|  |TAMS 0x0000000087100000, 0x0000000087100000| Complete 
| 114|0x0000000087200000, 0x0000000087300000, 0x0000000087300000|100%|HC|  |TAMS 0x0000000087200000, 0x0000000087200000| Complete 
| 115|0x0000000087300000, 0x0000000087400000, 0x0000000087400000|100%|HC|  |TAMS 0x0000000087300000, 0x0000000087300000| Complete 
| 116|0x0000000087400000, 0x0000000087500000, 0x0000000087500000|100%| O|  |TAMS 0x0000000087400000, 0x0000000087400000| Untracked 
| 117|0x0000000087500000, 0x0000000087600000, 0x0000000087600000|100%| O|  |TAMS 0x0000000087500000, 0x0000000087500000| Untracked 
| 118|0x0000000087600000, 0x0000000087700000, 0x0000000087700000|100%| O|  |TAMS 0x0000000087600000, 0x0000000087600000| Untracked 
| 119|0x0000000087700000, 0x0000000087800000, 0x0000000087800000|100%| O|  |TAMS 0x0000000087700000, 0x0000000087700000| Untracked 
| 120|0x0000000087800000, 0x0000000087900000, 0x0000000087900000|100%| O|  |TAMS 0x0000000087800000, 0x0000000087800000| Untracked 
| 121|0x0000000087900000, 0x0000000087a00000, 0x0000000087a00000|100%| O|  |TAMS 0x0000000087900000, 0x0000000087900000| Untracked 
| 122|0x0000000087a00000, 0x0000000087b00000, 0x0000000087b00000|100%| O|  |TAMS 0x0000000087a00000, 0x0000000087a00000| Untracked 
| 123|0x0000000087b00000, 0x0000000087c00000, 0x0000000087c00000|100%| O|  |TAMS 0x0000000087b00000, 0x0000000087b00000| Untracked 
| 124|0x0000000087c00000, 0x0000000087d00000, 0x0000000087d00000|100%| O|  |TAMS 0x0000000087c00000, 0x0000000087c00000| Untracked 
| 125|0x0000000087d00000, 0x0000000087e00000, 0x0000000087e00000|100%| O|  |TAMS 0x0000000087d00000, 0x0000000087d00000| Untracked 
| 126|0x0000000087e00000, 0x0000000087f00000, 0x0000000087f00000|100%| O|  |TAMS 0x0000000087e00000, 0x0000000087e00000| Untracked 
| 127|0x0000000087f00000, 0x0000000088000000, 0x0000000088000000|100%| O|  |TAMS 0x0000000087f00000, 0x0000000087f00000| Untracked 
| 128|0x0000000088000000, 0x0000000088100000, 0x0000000088100000|100%| O|  |TAMS 0x0000000088000000, 0x0000000088000000| Untracked 
| 129|0x0000000088100000, 0x0000000088200000, 0x0000000088200000|100%| O|  |TAMS 0x0000000088100000, 0x0000000088100000| Untracked 
| 130|0x0000000088200000, 0x0000000088300000, 0x0000000088300000|100%| O|  |TAMS 0x0000000088200000, 0x0000000088200000| Untracked 
| 131|0x0000000088300000, 0x0000000088400000, 0x0000000088400000|100%| O|  |TAMS 0x0000000088300000, 0x0000000088300000| Untracked 
| 132|0x0000000088400000, 0x0000000088500000, 0x0000000088500000|100%| O|  |TAMS 0x0000000088400000, 0x0000000088400000| Untracked 
| 133|0x0000000088500000, 0x0000000088600000, 0x0000000088600000|100%| O|  |TAMS 0x0000000088500000, 0x0000000088500000| Untracked 
| 134|0x0000000088600000, 0x0000000088700000, 0x0000000088700000|100%| O|  |TAMS 0x0000000088600000, 0x0000000088600000| Untracked 
| 135|0x0000000088700000, 0x0000000088800000, 0x0000000088800000|100%| O|  |TAMS 0x0000000088700000, 0x0000000088700000| Untracked 
| 136|0x0000000088800000, 0x0000000088900000, 0x0000000088900000|100%| O|  |TAMS 0x0000000088800000, 0x0000000088800000| Untracked 
| 137|0x0000000088900000, 0x0000000088a00000, 0x0000000088a00000|100%| O|  |TAMS 0x0000000088900000, 0x0000000088900000| Untracked 
| 138|0x0000000088a00000, 0x0000000088b00000, 0x0000000088b00000|100%| O|  |TAMS 0x0000000088b00000, 0x0000000088a00000| Untracked 
| 139|0x0000000088b00000, 0x0000000088c00000, 0x0000000088c00000|100%| O|  |TAMS 0x0000000088b00000, 0x0000000088b00000| Untracked 
| 140|0x0000000088c00000, 0x0000000088d00000, 0x0000000088d00000|100%| O|  |TAMS 0x0000000088c00000, 0x0000000088c00000| Untracked 
| 141|0x0000000088d00000, 0x0000000088e00000, 0x0000000088e00000|100%| O|  |TAMS 0x0000000088d00000, 0x0000000088d00000| Untracked 
| 142|0x0000000088e00000, 0x0000000088f00000, 0x0000000088f00000|100%| O|  |TAMS 0x0000000088f00000, 0x0000000088e00000| Untracked 
| 143|0x0000000088f00000, 0x0000000089000000, 0x0000000089000000|100%| O|  |TAMS 0x0000000089000000, 0x0000000088f00000| Untracked 
| 144|0x0000000089000000, 0x0000000089100000, 0x0000000089100000|100%| O|  |TAMS 0x0000000089100000, 0x0000000089000000| Untracked 
| 145|0x0000000089100000, 0x0000000089200000, 0x0000000089200000|100%| O|  |TAMS 0x0000000089100000, 0x0000000089100000| Untracked 
| 146|0x0000000089200000, 0x0000000089300000, 0x0000000089300000|100%|HS|  |TAMS 0x0000000089300000, 0x0000000089200000| Complete 
| 147|0x0000000089300000, 0x0000000089400000, 0x0000000089400000|100%|HC|  |TAMS 0x0000000089400000, 0x0000000089300000| Complete 
| 148|0x0000000089400000, 0x0000000089500000, 0x0000000089500000|100%| O|  |TAMS 0x0000000089500000, 0x0000000089400000| Untracked 
| 149|0x0000000089500000, 0x0000000089600000, 0x0000000089600000|100%| O|  |TAMS 0x0000000089600000, 0x0000000089500000| Untracked 
| 150|0x0000000089600000, 0x0000000089700000, 0x0000000089700000|100%| O|  |TAMS 0x0000000089700000, 0x0000000089600000| Untracked 
| 151|0x0000000089700000, 0x0000000089800000, 0x0000000089800000|100%| O|  |TAMS 0x0000000089800000, 0x0000000089700000| Untracked 
| 152|0x0000000089800000, 0x0000000089900000, 0x0000000089900000|100%| O|  |TAMS 0x0000000089900000, 0x0000000089800000| Untracked 
| 153|0x0000000089900000, 0x0000000089a00000, 0x0000000089a00000|100%| O|  |TAMS 0x0000000089a00000, 0x0000000089900000| Untracked 
| 154|0x0000000089a00000, 0x0000000089b00000, 0x0000000089b00000|100%| O|  |TAMS 0x0000000089a00000, 0x0000000089a00000| Untracked 
| 155|0x0000000089b00000, 0x0000000089c00000, 0x0000000089c00000|100%| O|  |TAMS 0x0000000089b00000, 0x0000000089b00000| Untracked 
| 156|0x0000000089c00000, 0x0000000089d00000, 0x0000000089d00000|100%| O|  |TAMS 0x0000000089d00000, 0x0000000089c00000| Untracked 
| 157|0x0000000089d00000, 0x0000000089d80000, 0x0000000089e00000| 50%| O|  |TAMS 0x0000000089d00000, 0x0000000089d00000| Untracked 
| 158|0x0000000089e00000, 0x0000000089e00000, 0x0000000089f00000|  0%| F|  |TAMS 0x0000000089e00000, 0x0000000089e00000| Untracked 
| 159|0x0000000089f00000, 0x0000000089f00000, 0x000000008a000000|  0%| F|  |TAMS 0x0000000089f00000, 0x0000000089f00000| Untracked 
| 160|0x000000008a000000, 0x000000008a000000, 0x000000008a100000|  0%| F|  |TAMS 0x000000008a000000, 0x000000008a000000| Untracked 
| 161|0x000000008a100000, 0x000000008a100000, 0x000000008a200000|  0%| F|  |TAMS 0x000000008a100000, 0x000000008a100000| Untracked 
| 162|0x000000008a200000, 0x000000008a300000, 0x000000008a300000|100%| O|  |TAMS 0x000000008a300000, 0x000000008a200000| Untracked 
| 163|0x000000008a300000, 0x000000008a400000, 0x000000008a400000|100%| O|  |TAMS 0x000000008a400000, 0x000000008a300000| Untracked 
| 164|0x000000008a400000, 0x000000008a500000, 0x000000008a500000|100%| O|  |TAMS 0x000000008a500000, 0x000000008a400000| Untracked 
| 165|0x000000008a500000, 0x000000008a600000, 0x000000008a600000|100%| O|  |TAMS 0x000000008a600000, 0x000000008a500000| Untracked 
| 166|0x000000008a600000, 0x000000008a700000, 0x000000008a700000|100%| O|  |TAMS 0x000000008a700000, 0x000000008a600000| Untracked 
| 167|0x000000008a700000, 0x000000008a700000, 0x000000008a800000|  0%| F|  |TAMS 0x000000008a700000, 0x000000008a700000| Untracked 
| 168|0x000000008a800000, 0x000000008a900000, 0x000000008a900000|100%| O|  |TAMS 0x000000008a900000, 0x000000008a800000| Untracked 
| 169|0x000000008a900000, 0x000000008aa00000, 0x000000008aa00000|100%| O|  |TAMS 0x000000008a980000, 0x000000008a900000| Untracked 
| 170|0x000000008aa00000, 0x000000008aa00000, 0x000000008ab00000|  0%| F|  |TAMS 0x000000008aa00000, 0x000000008aa00000| Untracked 
| 171|0x000000008ab00000, 0x000000008ab00000, 0x000000008ac00000|  0%| F|  |TAMS 0x000000008ab00000, 0x000000008ab00000| Untracked 
| 172|0x000000008ac00000, 0x000000008ac00000, 0x000000008ad00000|  0%| F|  |TAMS 0x000000008ac00000, 0x000000008ac00000| Untracked 
| 173|0x000000008ad00000, 0x000000008ad00000, 0x000000008ae00000|  0%| F|  |TAMS 0x000000008ad00000, 0x000000008ad00000| Untracked 
| 174|0x000000008ae00000, 0x000000008ae00000, 0x000000008af00000|  0%| F|  |TAMS 0x000000008ae00000, 0x000000008ae00000| Untracked 
| 175|0x000000008af00000, 0x000000008af00000, 0x000000008b000000|  0%| F|  |TAMS 0x000000008af00000, 0x000000008af00000| Untracked 
| 176|0x000000008b000000, 0x000000008b000000, 0x000000008b100000|  0%| F|  |TAMS 0x000000008b000000, 0x000000008b000000| Untracked 
| 177|0x000000008b100000, 0x000000008b100000, 0x000000008b200000|  0%| F|  |TAMS 0x000000008b100000, 0x000000008b100000| Untracked 
| 178|0x000000008b200000, 0x000000008b200000, 0x000000008b300000|  0%| F|  |TAMS 0x000000008b200000, 0x000000008b200000| Untracked 
| 179|0x000000008b300000, 0x000000008b300000, 0x000000008b400000|  0%| F|  |TAMS 0x000000008b300000, 0x000000008b300000| Untracked 
| 180|0x000000008b400000, 0x000000008b400000, 0x000000008b500000|  0%| F|  |TAMS 0x000000008b400000, 0x000000008b400000| Untracked 
| 181|0x000000008b500000, 0x000000008b500000, 0x000000008b600000|  0%| F|  |TAMS 0x000000008b500000, 0x000000008b500000| Untracked 
| 182|0x000000008b600000, 0x000000008b600000, 0x000000008b700000|  0%| F|  |TAMS 0x000000008b600000, 0x000000008b600000| Untracked 
| 183|0x000000008b700000, 0x000000008b700000, 0x000000008b800000|  0%| F|  |TAMS 0x000000008b700000, 0x000000008b700000| Untracked 
| 184|0x000000008b800000, 0x000000008b800000, 0x000000008b900000|  0%| F|  |TAMS 0x000000008b800000, 0x000000008b800000| Untracked 
| 185|0x000000008b900000, 0x000000008b900000, 0x000000008ba00000|  0%| F|  |TAMS 0x000000008b900000, 0x000000008b900000| Untracked 
| 186|0x000000008ba00000, 0x000000008ba00000, 0x000000008bb00000|  0%| F|  |TAMS 0x000000008ba00000, 0x000000008ba00000| Untracked 
| 187|0x000000008bb00000, 0x000000008bb00000, 0x000000008bc00000|  0%| F|  |TAMS 0x000000008bb00000, 0x000000008bb00000| Untracked 
| 188|0x000000008bc00000, 0x000000008bc00000, 0x000000008bd00000|  0%| F|  |TAMS 0x000000008bc00000, 0x000000008bc00000| Untracked 
| 189|0x000000008bd00000, 0x000000008bd00000, 0x000000008be00000|  0%| F|  |TAMS 0x000000008bd00000, 0x000000008bd00000| Untracked 
| 190|0x000000008be00000, 0x000000008be00000, 0x000000008bf00000|  0%| F|  |TAMS 0x000000008be00000, 0x000000008be00000| Untracked 
| 191|0x000000008bf00000, 0x000000008bf00000, 0x000000008c000000|  0%| F|  |TAMS 0x000000008bf00000, 0x000000008bf00000| Untracked 
| 192|0x000000008c000000, 0x000000008c000000, 0x000000008c100000|  0%| F|  |TAMS 0x000000008c000000, 0x000000008c000000| Untracked 
| 193|0x000000008c100000, 0x000000008c100000, 0x000000008c200000|  0%| F|  |TAMS 0x000000008c100000, 0x000000008c100000| Untracked 
| 194|0x000000008c200000, 0x000000008c200000, 0x000000008c300000|  0%| F|  |TAMS 0x000000008c200000, 0x000000008c200000| Untracked 
| 195|0x000000008c300000, 0x000000008c300000, 0x000000008c400000|  0%| F|  |TAMS 0x000000008c300000, 0x000000008c300000| Untracked 
| 196|0x000000008c400000, 0x000000008c400000, 0x000000008c500000|  0%| F|  |TAMS 0x000000008c400000, 0x000000008c400000| Untracked 
| 197|0x000000008c500000, 0x000000008c500000, 0x000000008c600000|  0%| F|  |TAMS 0x000000008c500000, 0x000000008c500000| Untracked 
| 198|0x000000008c600000, 0x000000008c600000, 0x000000008c700000|  0%| F|  |TAMS 0x000000008c600000, 0x000000008c600000| Untracked 
| 199|0x000000008c700000, 0x000000008c700000, 0x000000008c800000|  0%| F|  |TAMS 0x000000008c700000, 0x000000008c700000| Untracked 
| 200|0x000000008c800000, 0x000000008c800000, 0x000000008c900000|  0%| F|  |TAMS 0x000000008c800000, 0x000000008c800000| Untracked 
| 201|0x000000008c900000, 0x000000008c900000, 0x000000008ca00000|  0%| F|  |TAMS 0x000000008c900000, 0x000000008c900000| Untracked 
| 202|0x000000008ca00000, 0x000000008ca00000, 0x000000008cb00000|  0%| F|  |TAMS 0x000000008ca00000, 0x000000008ca00000| Untracked 
| 203|0x000000008cb00000, 0x000000008cb00000, 0x000000008cc00000|  0%| F|  |TAMS 0x000000008cb00000, 0x000000008cb00000| Untracked 
| 204|0x000000008cc00000, 0x000000008cc00000, 0x000000008cd00000|  0%| F|  |TAMS 0x000000008cc00000, 0x000000008cc00000| Untracked 
| 205|0x000000008cd00000, 0x000000008cd00000, 0x000000008ce00000|  0%| F|  |TAMS 0x000000008cd00000, 0x000000008cd00000| Untracked 
| 206|0x000000008ce00000, 0x000000008ce00000, 0x000000008cf00000|  0%| F|  |TAMS 0x000000008ce00000, 0x000000008ce00000| Untracked 
| 207|0x000000008cf00000, 0x000000008cf00000, 0x000000008d000000|  0%| F|  |TAMS 0x000000008cf00000, 0x000000008cf00000| Untracked 
| 208|0x000000008d000000, 0x000000008d000000, 0x000000008d100000|  0%| F|  |TAMS 0x000000008d000000, 0x000000008d000000| Untracked 
| 209|0x000000008d100000, 0x000000008d100000, 0x000000008d200000|  0%| F|  |TAMS 0x000000008d100000, 0x000000008d100000| Untracked 
| 210|0x000000008d200000, 0x000000008d200000, 0x000000008d300000|  0%| F|  |TAMS 0x000000008d200000, 0x000000008d200000| Untracked 
| 211|0x000000008d300000, 0x000000008d300000, 0x000000008d400000|  0%| F|  |TAMS 0x000000008d300000, 0x000000008d300000| Untracked 
| 212|0x000000008d400000, 0x000000008d400000, 0x000000008d500000|  0%| F|  |TAMS 0x000000008d400000, 0x000000008d400000| Untracked 
| 213|0x000000008d500000, 0x000000008d500000, 0x000000008d600000|  0%| F|  |TAMS 0x000000008d500000, 0x000000008d500000| Untracked 
| 214|0x000000008d600000, 0x000000008d600000, 0x000000008d700000|  0%| F|  |TAMS 0x000000008d600000, 0x000000008d600000| Untracked 
| 215|0x000000008d700000, 0x000000008d700000, 0x000000008d800000|  0%| F|  |TAMS 0x000000008d700000, 0x000000008d700000| Untracked 
| 216|0x000000008d800000, 0x000000008d800000, 0x000000008d900000|  0%| F|  |TAMS 0x000000008d800000, 0x000000008d800000| Untracked 
| 217|0x000000008d900000, 0x000000008d900000, 0x000000008da00000|  0%| F|  |TAMS 0x000000008d900000, 0x000000008d900000| Untracked 
| 218|0x000000008da00000, 0x000000008da00000, 0x000000008db00000|  0%| F|  |TAMS 0x000000008da00000, 0x000000008da00000| Untracked 
| 219|0x000000008db00000, 0x000000008db00000, 0x000000008dc00000|  0%| F|  |TAMS 0x000000008db00000, 0x000000008db00000| Untracked 
| 220|0x000000008dc00000, 0x000000008dc00000, 0x000000008dd00000|  0%| F|  |TAMS 0x000000008dc00000, 0x000000008dc00000| Untracked 
| 221|0x000000008dd00000, 0x000000008dd00000, 0x000000008de00000|  0%| F|  |TAMS 0x000000008dd00000, 0x000000008dd00000| Untracked 
| 222|0x000000008de00000, 0x000000008de00000, 0x000000008df00000|  0%| F|  |TAMS 0x000000008de00000, 0x000000008de00000| Untracked 
| 223|0x000000008df00000, 0x000000008df00000, 0x000000008e000000|  0%| F|  |TAMS 0x000000008df00000, 0x000000008df00000| Untracked 
| 224|0x000000008e000000, 0x000000008e000000, 0x000000008e100000|  0%| F|  |TAMS 0x000000008e000000, 0x000000008e000000| Untracked 
| 225|0x000000008e100000, 0x000000008e100000, 0x000000008e200000|  0%| F|  |TAMS 0x000000008e100000, 0x000000008e100000| Untracked 
| 226|0x000000008e200000, 0x000000008e200000, 0x000000008e300000|  0%| F|  |TAMS 0x000000008e200000, 0x000000008e200000| Untracked 
| 227|0x000000008e300000, 0x000000008e300000, 0x000000008e400000|  0%| F|  |TAMS 0x000000008e300000, 0x000000008e300000| Untracked 
| 228|0x000000008e400000, 0x000000008e400000, 0x000000008e500000|  0%| F|  |TAMS 0x000000008e400000, 0x000000008e400000| Untracked 
| 229|0x000000008e500000, 0x000000008e500000, 0x000000008e600000|  0%| F|  |TAMS 0x000000008e500000, 0x000000008e500000| Untracked 
| 230|0x000000008e600000, 0x000000008e600000, 0x000000008e700000|  0%| F|  |TAMS 0x000000008e600000, 0x000000008e600000| Untracked 
| 231|0x000000008e700000, 0x000000008e700000, 0x000000008e800000|  0%| F|  |TAMS 0x000000008e700000, 0x000000008e700000| Untracked 
| 232|0x000000008e800000, 0x000000008e800000, 0x000000008e900000|  0%| F|  |TAMS 0x000000008e800000, 0x000000008e800000| Untracked 
| 233|0x000000008e900000, 0x000000008ea00000, 0x000000008ea00000|100%| S|CS|TAMS 0x000000008e900000, 0x000000008e900000| Complete 
| 234|0x000000008ea00000, 0x000000008eb00000, 0x000000008eb00000|100%| S|CS|TAMS 0x000000008ea00000, 0x000000008ea00000| Complete 
| 235|0x000000008eb00000, 0x000000008ec00000, 0x000000008ec00000|100%| S|CS|TAMS 0x000000008eb00000, 0x000000008eb00000| Complete 
| 236|0x000000008ec00000, 0x000000008ec00000, 0x000000008ed00000|  0%| F|  |TAMS 0x000000008ec00000, 0x000000008ec00000| Untracked 
| 237|0x000000008ed00000, 0x000000008ed00000, 0x000000008ee00000|  0%| F|  |TAMS 0x000000008ed00000, 0x000000008ed00000| Untracked 
| 238|0x000000008ee00000, 0x000000008ee00000, 0x000000008ef00000|  0%| F|  |TAMS 0x000000008ee00000, 0x000000008ee00000| Untracked 
| 239|0x000000008ef00000, 0x000000008ef00000, 0x000000008f000000|  0%| F|  |TAMS 0x000000008ef00000, 0x000000008ef00000| Untracked 
| 240|0x000000008f000000, 0x000000008f000000, 0x000000008f100000|  0%| F|  |TAMS 0x000000008f000000, 0x000000008f000000| Untracked 
| 241|0x000000008f100000, 0x000000008f100000, 0x000000008f200000|  0%| F|  |TAMS 0x000000008f100000, 0x000000008f100000| Untracked 
| 242|0x000000008f200000, 0x000000008f200000, 0x000000008f300000|  0%| F|  |TAMS 0x000000008f200000, 0x000000008f200000| Untracked 
| 243|0x000000008f300000, 0x000000008f300000, 0x000000008f400000|  0%| F|  |TAMS 0x000000008f300000, 0x000000008f300000| Untracked 
| 244|0x000000008f400000, 0x000000008f400000, 0x000000008f500000|  0%| F|  |TAMS 0x000000008f400000, 0x000000008f400000| Untracked 
| 245|0x000000008f500000, 0x000000008f500000, 0x000000008f600000|  0%| F|  |TAMS 0x000000008f500000, 0x000000008f500000| Untracked 
| 246|0x000000008f600000, 0x000000008f600000, 0x000000008f700000|  0%| F|  |TAMS 0x000000008f600000, 0x000000008f600000| Untracked 
| 247|0x000000008f700000, 0x000000008f700000, 0x000000008f800000|  0%| F|  |TAMS 0x000000008f700000, 0x000000008f700000| Untracked 
| 248|0x000000008f800000, 0x000000008f800000, 0x000000008f900000|  0%| F|  |TAMS 0x000000008f800000, 0x000000008f800000| Untracked 
| 249|0x000000008f900000, 0x000000008f900000, 0x000000008fa00000|  0%| F|  |TAMS 0x000000008f900000, 0x000000008f900000| Untracked 
| 250|0x000000008fa00000, 0x000000008fa00000, 0x000000008fb00000|  0%| F|  |TAMS 0x000000008fa00000, 0x000000008fa00000| Untracked 
| 251|0x000000008fb00000, 0x000000008fb00000, 0x000000008fc00000|  0%| F|  |TAMS 0x000000008fb00000, 0x000000008fb00000| Untracked 
| 252|0x000000008fc00000, 0x000000008fc00000, 0x000000008fd00000|  0%| F|  |TAMS 0x000000008fc00000, 0x000000008fc00000| Untracked 
| 253|0x000000008fd00000, 0x000000008fd00000, 0x000000008fe00000|  0%| F|  |TAMS 0x000000008fd00000, 0x000000008fd00000| Untracked 
| 254|0x000000008fe00000, 0x000000008fe00000, 0x000000008ff00000|  0%| F|  |TAMS 0x000000008fe00000, 0x000000008fe00000| Untracked 
| 255|0x000000008ff00000, 0x000000008ff00000, 0x0000000090000000|  0%| F|  |TAMS 0x000000008ff00000, 0x000000008ff00000| Untracked 
| 256|0x0000000090000000, 0x0000000090000000, 0x0000000090100000|  0%| F|  |TAMS 0x0000000090000000, 0x0000000090000000| Untracked 
| 257|0x0000000090100000, 0x0000000090100000, 0x0000000090200000|  0%| F|  |TAMS 0x0000000090100000, 0x0000000090100000| Untracked 

Card table byte_map: [0x000002c4b1520000,0x000002c4b1920000] _byte_map_base: 0x000002c4b1120000

Marking Bits (Prev, Next): (CMBitMap*) 0x000002c49e7eaf20, (CMBitMap*) 0x000002c49e7eaee8
 Prev Bits: [0x000002c4b3d20000, 0x000002c4b5d20000)
 Next Bits: [0x000002c4b1d20000, 0x000002c4b3d20000)

Polling page: 0x000002c49df80000

Metaspace:

Usage:
  Non-class:    101.39 MB capacity,    99.77 MB ( 98%) used,     1.31 MB (  1%) free+waste,   317.44 KB ( <1%) overhead. 
      Class:     14.72 MB capacity,    13.81 MB ( 94%) used,   797.76 KB (  5%) free+waste,   136.31 KB ( <1%) overhead. 
       Both:    116.11 MB capacity,   113.57 MB ( 98%) used,     2.09 MB (  2%) free+waste,   453.75 KB ( <1%) overhead. 

Virtual space:
  Non-class space:      102.00 MB reserved,     101.62 MB (>99%) committed 
      Class space:        1.00 GB reserved,      14.75 MB (  1%) committed 
             Both:        1.10 GB reserved,     116.37 MB ( 10%) committed 

Chunk freelists:
   Non-Class:  47.00 KB
       Class:  0 bytes
        Both:  47.00 KB

MaxMetaspaceSize: 17179869184.00 GB
CompressedClassSpaceSize: 1.00 GB

CodeHeap 'non-profiled nmethods': size=120064Kb used=12729Kb max_used=12729Kb free=107334Kb
 bounds [0x000002c4a9be0000, 0x000002c4aa850000, 0x000002c4b1120000]
CodeHeap 'profiled nmethods': size=120000Kb used=40197Kb max_used=40197Kb free=79802Kb
 bounds [0x000002c4a26b0000, 0x000002c4a4e20000, 0x000002c4a9be0000]
CodeHeap 'non-nmethods': size=5696Kb used=2314Kb max_used=2365Kb free=3381Kb
 bounds [0x000002c4a2120000, 0x000002c4a2390000, 0x000002c4a26b0000]
 total_blobs=18169 nmethods=17232 adapters=847
 compilation: enabled
              stopped_count=0, restarted_count=0
 full_count=0

Compilation events (20 events):
Event: 4545.816 Thread 0x000002c4b8728000 19644       3       com.android.tools.r8.graph.o0::a (132 bytes)
Event: 4545.817 Thread 0x000002c4b8728000 nmethod 19644 0x000002c4a4e11c90 code [0x000002c4a4e11ec0, 0x000002c4a4e125a8]
Event: 4545.871 Thread 0x000002c4b8728000 19646       2       com.android.tools.r8.graph.O$b::<init> (15 bytes)
Event: 4545.872 Thread 0x000002c4b8728000 nmethod 19646 0x000002c4a4e12990 code [0x000002c4a4e12b40, 0x000002c4a4e12c98]
Event: 4545.872 Thread 0x000002c4b8728000 19647       2       com.android.tools.r8.w.a.a.a.f.r::<init> (19 bytes)
Event: 4545.873 Thread 0x000002c4b8728000 nmethod 19647 0x000002c4a4e12d10 code [0x000002c4a4e12ec0, 0x000002c4a4e13098]
Event: 4545.873 Thread 0x000002c4b8728000 19648       2       com.android.tools.r8.w.a.a.a.f.b::<init> (5 bytes)
Event: 4545.873 Thread 0x000002c4b8728000 nmethod 19648 0x000002c4a4e13110 code [0x000002c4a4e132c0, 0x000002c4a4e133b8]
Event: 4545.918 Thread 0x000002c4b8728000 19649       2       com.android.tools.r8.graph.v1::b (143 bytes)
Event: 4545.920 Thread 0x000002c4b8728000 nmethod 19649 0x000002c4a4e13490 code [0x000002c4a4e136e0, 0x000002c4a4e13e48]
Event: 4545.969 Thread 0x000002c4b8728000 19651       2       com.android.tools.r8.code.q::<init> (7 bytes)
Event: 4545.969 Thread 0x000002c4b8728000 nmethod 19651 0x000002c4a4e14210 code [0x000002c4a4e143e0, 0x000002c4a4e14618]
Event: 4545.973 Thread 0x000002c4b8728000 19652       2       com.android.tools.r8.code.l0::<init> (7 bytes)
Event: 4545.973 Thread 0x000002c4b8728000 nmethod 19652 0x000002c4a4e14810 code [0x000002c4a4e149c0, 0x000002c4a4e14b18]
Event: 4545.977 Thread 0x000002c4b8728000 19653       2       com.android.tools.r8.w.a.a.a.h.f0::a (27 bytes)
Event: 4545.977 Thread 0x000002c4b8728000 nmethod 19653 0x000002c4a4e14c10 code [0x000002c4a4e14dc0, 0x000002c4a4e14fd8]
Event: 4545.978 Thread 0x000002c4b8728000 19654       2       com.android.tools.r8.w.a.a.a.h.s::iterator (5 bytes)
Event: 4545.978 Thread 0x000002c4b8728000 nmethod 19654 0x000002c4a4e15090 code [0x000002c4a4e15240, 0x000002c4a4e15368]
Event: 4545.978 Thread 0x000002c4b8728000 19655       2       com.android.tools.r8.w.a.a.a.h.f0$e::iterator (12 bytes)
Event: 4545.978 Thread 0x000002c4b8728000 nmethod 19655 0x000002c4a4e15410 code [0x000002c4a4e155c0, 0x000002c4a4e157a8]

GC Heap History (20 events):
Event: 4514.742 GC heap after
{Heap after GC invocations=109 (full 0):
 garbage-first heap   total 264192K, used 170496K [0x0000000080000000, 0x0000000100000000)
  region size 1024K, 1 young (1024K), 1 survivors (1024K)
 Metaspace       used 104775K, capacity 107179K, committed 107388K, reserved 1142784K
  class space    used 12706K, capacity 13529K, committed 13568K, reserved 1048576K
}
Event: 4527.429 GC heap before
{Heap before GC invocations=110 (full 0):
 garbage-first heap   total 264192K, used 164352K [0x0000000080000000, 0x0000000100000000)
  region size 1024K, 34 young (34816K), 1 survivors (1024K)
 Metaspace       used 107421K, capacity 109715K, committed 110076K, reserved 1144832K
  class space    used 13041K, capacity 13814K, committed 13952K, reserved 1048576K
}
Event: 4527.462 GC heap after
{Heap after GC invocations=111 (full 0):
 garbage-first heap   total 264192K, used 136192K [0x0000000080000000, 0x0000000100000000)
  region size 1024K, 5 young (5120K), 5 survivors (5120K)
 Metaspace       used 107421K, capacity 109715K, committed 110076K, reserved 1144832K
  class space    used 13041K, capacity 13814K, committed 13952K, reserved 1048576K
}
Event: 4527.719 GC heap before
{Heap before GC invocations=111 (full 0):
 garbage-first heap   total 264192K, used 143360K [0x0000000080000000, 0x0000000100000000)
  region size 1024K, 12 young (12288K), 5 survivors (5120K)
 Metaspace       used 107432K, capacity 109715K, committed 110076K, reserved 1144832K
  class space    used 13041K, capacity 13814K, committed 13952K, reserved 1048576K
}
Event: 4527.801 GC heap after
{Heap after GC invocations=112 (full 0):
 garbage-first heap   total 264192K, used 114852K [0x0000000080000000, 0x0000000100000000)
  region size 1024K, 2 young (2048K), 2 survivors (2048K)
 Metaspace       used 107432K, capacity 109715K, committed 110076K, reserved 1144832K
  class space    used 13041K, capacity 13814K, committed 13952K, reserved 1048576K
}
Event: 4528.493 GC heap before
{Heap before GC invocations=112 (full 0):
 garbage-first heap   total 264192K, used 124068K [0x0000000080000000, 0x0000000100000000)
  region size 1024K, 12 young (12288K), 2 survivors (2048K)
 Metaspace       used 107611K, capacity 109854K, committed 110332K, reserved 1146880K
  class space    used 13042K, capacity 13814K, committed 13952K, reserved 1048576K
}
Event: 4528.734 GC heap after
{Heap after GC invocations=113 (full 0):
 garbage-first heap   total 264192K, used 104960K [0x0000000080000000, 0x0000000100000000)
  region size 1024K, 2 young (2048K), 2 survivors (2048K)
 Metaspace       used 107611K, capacity 109854K, committed 110332K, reserved 1146880K
  class space    used 13042K, capacity 13814K, committed 13952K, reserved 1048576K
}
Event: 4529.663 GC heap before
{Heap before GC invocations=113 (full 0):
 garbage-first heap   total 264192K, used 115200K [0x0000000080000000, 0x0000000100000000)
  region size 1024K, 12 young (12288K), 2 survivors (2048K)
 Metaspace       used 108442K, capacity 110744K, committed 111228K, reserved 1146880K
  class space    used 13166K, capacity 13940K, committed 14080K, reserved 1048576K
}
Event: 4529.855 GC heap after
{Heap after GC invocations=114 (full 0):
 garbage-first heap   total 264192K, used 106496K [0x0000000080000000, 0x0000000100000000)
  region size 1024K, 2 young (2048K), 2 survivors (2048K)
 Metaspace       used 108442K, capacity 110744K, committed 111228K, reserved 1146880K
  class space    used 13166K, capacity 13940K, committed 14080K, reserved 1048576K
}
Event: 4534.454 GC heap before
{Heap before GC invocations=114 (full 0):
 garbage-first heap   total 264192K, used 132096K [0x0000000080000000, 0x0000000100000000)
  region size 1024K, 27 young (27648K), 2 survivors (2048K)
 Metaspace       used 112145K, capacity 114568K, committed 114812K, reserved 1148928K
  class space    used 13690K, capacity 14545K, committed 14592K, reserved 1048576K
}
Event: 4534.485 GC heap after
{Heap after GC invocations=115 (full 0):
 garbage-first heap   total 264192K, used 108521K [0x0000000080000000, 0x0000000100000000)
  region size 1024K, 4 young (4096K), 4 survivors (4096K)
 Metaspace       used 112145K, capacity 114568K, committed 114812K, reserved 1148928K
  class space    used 13690K, capacity 14545K, committed 14592K, reserved 1048576K
}
Event: 4537.971 GC heap before
{Heap before GC invocations=115 (full 0):
 garbage-first heap   total 264192K, used 138217K [0x0000000080000000, 0x0000000100000000)
  region size 1024K, 33 young (33792K), 4 survivors (4096K)
 Metaspace       used 113255K, capacity 115667K, committed 115836K, reserved 1150976K
  class space    used 13698K, capacity 14581K, committed 14592K, reserved 1048576K
}
Event: 4538.021 GC heap after
{Heap after GC invocations=116 (full 0):
 garbage-first heap   total 264192K, used 108357K [0x0000000080000000, 0x0000000100000000)
  region size 1024K, 2 young (2048K), 2 survivors (2048K)
 Metaspace       used 113255K, capacity 115667K, committed 115836K, reserved 1150976K
  class space    used 13698K, capacity 14581K, committed 14592K, reserved 1048576K
}
Event: 4542.793 GC heap before
{Heap before GC invocations=116 (full 0):
 garbage-first heap   total 264192K, used 176965K [0x0000000080000000, 0x0000000100000000)
  region size 1024K, 39 young (39936K), 2 survivors (2048K)
 Metaspace       used 115216K, capacity 117797K, committed 118012K, reserved 1153024K
  class space    used 13931K, capacity 14860K, committed 14976K, reserved 1048576K
}
Event: 4542.855 GC heap after
{Heap after GC invocations=117 (full 0):
 garbage-first heap   total 264192K, used 131777K [0x0000000080000000, 0x0000000100000000)
  region size 1024K, 5 young (5120K), 5 survivors (5120K)
 Metaspace       used 115216K, capacity 117797K, committed 118012K, reserved 1153024K
  class space    used 13931K, capacity 14860K, committed 14976K, reserved 1048576K
}
Event: 4544.549 GC heap before
{Heap before GC invocations=117 (full 0):
 garbage-first heap   total 264192K, used 178881K [0x0000000080000000, 0x0000000100000000)
  region size 1024K, 48 young (49152K), 5 survivors (5120K)
 Metaspace       used 116270K, capacity 118891K, committed 119164K, reserved 1153024K
  class space    used 14137K, capacity 15072K, committed 15104K, reserved 1048576K
}
Event: 4544.808 GC heap after
{Heap after GC invocations=118 (full 0):
 garbage-first heap   total 264192K, used 153957K [0x0000000080000000, 0x0000000100000000)
  region size 1024K, 6 young (6144K), 6 survivors (6144K)
 Metaspace       used 116270K, capacity 118891K, committed 119164K, reserved 1153024K
  class space    used 14137K, capacity 15072K, committed 15104K, reserved 1048576K
}
Event: 4545.144 GC heap before
{Heap before GC invocations=118 (full 0):
 garbage-first heap   total 264192K, used 163173K [0x0000000080000000, 0x0000000100000000)
  region size 1024K, 15 young (15360K), 6 survivors (6144K)
 Metaspace       used 116276K, capacity 118891K, committed 119164K, reserved 1153024K
  class space    used 14137K, capacity 15072K, committed 15104K, reserved 1048576K
}
Event: 4545.325 GC heap after
{Heap after GC invocations=119 (full 0):
 garbage-first heap   total 264192K, used 159744K [0x0000000080000000, 0x0000000100000000)
  region size 1024K, 2 young (2048K), 2 survivors (2048K)
 Metaspace       used 116276K, capacity 118891K, committed 119164K, reserved 1153024K
  class space    used 14137K, capacity 15072K, committed 15104K, reserved 1048576K
}
Event: 4546.004 GC heap before
{Heap before GC invocations=119 (full 0):
 garbage-first heap   total 264192K, used 179200K [0x0000000080000000, 0x0000000100000000)
  region size 1024K, 22 young (22528K), 2 survivors (2048K)
 Metaspace       used 116299K, capacity 118893K, committed 119164K, reserved 1153024K
  class space    used 14137K, capacity 15072K, committed 15104K, reserved 1048576K
}

Deoptimization events (20 events):
Event: 4545.895 Thread 0x000002c4b9093000 DEOPT PACKING pc=0x000002c4a4d494ad sp=0x000000d2de1feb90
Event: 4545.895 Thread 0x000002c4b9093000 DEOPT UNPACKING pc=0x000002c4a21467c0 sp=0x000000d2de1fe178 mode 0
Event: 4545.904 Thread 0x000002c4b9093000 DEOPT PACKING pc=0x000002c4a4d494ad sp=0x000000d2de1febb0
Event: 4545.904 Thread 0x000002c4b9093000 DEOPT UNPACKING pc=0x000002c4a21467c0 sp=0x000000d2de1fe198 mode 0
Event: 4545.913 Thread 0x000002c4b9093000 DEOPT PACKING pc=0x000002c4a48122b3 sp=0x000000d2de1fe5e0
Event: 4545.914 Thread 0x000002c4b9093000 DEOPT UNPACKING pc=0x000002c4a21467c0 sp=0x000000d2de1fdb60 mode 0
Event: 4545.925 Thread 0x000002c4b9093000 DEOPT PACKING pc=0x000002c4a4d494ad sp=0x000000d2de1febb0
Event: 4545.925 Thread 0x000002c4b9093000 DEOPT UNPACKING pc=0x000002c4a21467c0 sp=0x000000d2de1fe198 mode 0
Event: 4545.942 Thread 0x000002c4b9093000 DEOPT PACKING pc=0x000002c4a4d494ad sp=0x000000d2de1febb0
Event: 4545.942 Thread 0x000002c4b9093000 DEOPT UNPACKING pc=0x000002c4a21467c0 sp=0x000000d2de1fe198 mode 0
Event: 4545.953 Thread 0x000002c4b9093000 DEOPT PACKING pc=0x000002c4a4d494ad sp=0x000000d2de1febb0
Event: 4545.953 Thread 0x000002c4b9093000 DEOPT UNPACKING pc=0x000002c4a21467c0 sp=0x000000d2de1fe198 mode 0
Event: 4545.968 Thread 0x000002c4b9093000 DEOPT PACKING pc=0x000002c4a4d494ad sp=0x000000d2de1febb0
Event: 4545.968 Thread 0x000002c4b9093000 DEOPT UNPACKING pc=0x000002c4a21467c0 sp=0x000000d2de1fe198 mode 0
Event: 4545.981 Thread 0x000002c4b9093000 DEOPT PACKING pc=0x000002c4a4d494ad sp=0x000000d2de1febb0
Event: 4545.981 Thread 0x000002c4b9093000 DEOPT UNPACKING pc=0x000002c4a21467c0 sp=0x000000d2de1fe198 mode 0
Event: 4545.992 Thread 0x000002c4b9093000 DEOPT PACKING pc=0x000002c4a48122b3 sp=0x000000d2de1fe5e0
Event: 4545.992 Thread 0x000002c4b9093000 DEOPT UNPACKING pc=0x000002c4a21467c0 sp=0x000000d2de1fdb60 mode 0
Event: 4545.994 Thread 0x000002c4b9093000 DEOPT PACKING pc=0x000002c4a4d494ad sp=0x000000d2de1febb0
Event: 4545.994 Thread 0x000002c4b9093000 DEOPT UNPACKING pc=0x000002c4a21467c0 sp=0x000000d2de1fe198 mode 0

Classes redefined (0 events):
No events

Internal exceptions (20 events):
Event: 4524.464 Thread 0x000002c4c16e3800 Implicit null exception at 0x000002c4a9e0a44f to 0x000002c4a9e0a7f0
Event: 4524.485 Thread 0x000002c4c16e3800 Exception <a 'java/lang/NoSuchMethodError'{0x000000008f501768}: <clinit>> (0x000000008f501768) thrown at [./src/hotspot/share/prims/jni.cpp, line 1362]
Event: 4526.591 Thread 0x000002c4c16e2000 Exception <a 'java/lang/NoSuchMethodError'{0x000000008e322f30}: 'java.lang.Object java.lang.invoke.DirectMethodHandle$Holder.invokeStatic(java.lang.Object, java.lang.Object, java.lang.Object, java.lang.Object, java.lang.Object, java.lang.Object, java.lang.Object, java.lang.Object, java.lang.Object, java.lang.Object, java.lang.Object, java.lang.Object, java.lang.Object, java.lang.Object, java.lang.Object, java.lang.Object, java.lang.Object, int, java.lang.Object)'> (0x000000008e322f30) thrown at [./src/hots
Event: 4526.592 Thread 0x000002c4c16e2000 Exception <a 'java/lang/NoSuchMethodError'{0x000000008e328580}: 'java.lang.Object java.lang.invoke.DirectMethodHandle$Holder.invokeStaticInit(java.lang.Object, java.lang.Object, java.lang.Object, java.lang.Object, java.lang.Object, java.lang.Object, java.lang.Object, java.lang.Object, java.lang.Object, java.lang.Object, java.lang.Object, java.lang.Object, java.lang.Object, java.lang.Object, java.lang.Object, java.lang.Object, java.lang.Object, int, java.lang.Object)'> (0x000000008e328580) thrown at [./src/
Event: 4528.965 Thread 0x000002c4c16e2000 Exception <a 'java/lang/NoSuchMethodError'{0x00000000900e8020}: 'long java.lang.invoke.DirectMethodHandle$Holder.invokeStatic(java.lang.Object, java.lang.Object)'> (0x00000000900e8020) thrown at [./src/hotspot/share/interpreter/linkResolver.cpp, line 773]
Event: 4529.287 Thread 0x000002c4c16e2000 Exception <a 'java/lang/NoSuchMethodError'{0x000000008fcdc5c8}: 'java.lang.Object java.lang.invoke.DirectMethodHandle$Holder.newInvokeSpecial(java.lang.Object, int)'> (0x000000008fcdc5c8) thrown at [./src/hotspot/share/interpreter/linkResolver.cpp, line 773]
Event: 4529.436 Thread 0x000002c4c16e2000 Exception <a 'java/lang/NoSuchMethodError'{0x000000008fbf1290}: 'void java.lang.invoke.DirectMethodHandle$Holder.invokeStatic(java.lang.Object, java.lang.Object, java.lang.Object, int)'> (0x000000008fbf1290) thrown at [./src/hotspot/share/interpreter/linkResolver.cpp, line 773]
Event: 4529.438 Thread 0x000002c4c16e2000 Exception <a 'java/lang/IncompatibleClassChangeError'{0x000000008fbf94a8}: Found class java.lang.Object, but interface was expected> (0x000000008fbf94a8) thrown at [./src/hotspot/share/interpreter/linkResolver.cpp, line 839]
Event: 4531.155 Thread 0x000002c4c16e2000 Exception <a 'java/lang/NoSuchMethodError'{0x000000008fcae480}: 'void java.lang.invoke.DirectMethodHandle$Holder.invokeStaticInit(java.lang.Object, java.lang.Object, java.lang.Object, java.lang.Object, java.lang.Object)'> (0x000000008fcae480) thrown at [./src/hotspot/share/interpreter/linkResolver.cpp, line 773]
Event: 4531.305 Thread 0x000002c4c16e2000 Exception <a 'java/lang/NoSuchMethodError'{0x000000008fb94ee8}: 'java.lang.Object java.lang.invoke.DirectMethodHandle$Holder.invokeStatic(java.lang.Object, int, java.lang.Object, java.lang.Object)'> (0x000000008fb94ee8) thrown at [./src/hotspot/share/interpreter/linkResolver.cpp, line 773]
Event: 4531.444 Thread 0x000002c4c16e2000 Exception <a 'java/lang/NoSuchMethodError'{0x000000008fa4c9f8}: 'void java.lang.invoke.DirectMethodHandle$Holder.invokeSpecial(java.lang.Object, java.lang.Object, int, java.lang.Object)'> (0x000000008fa4c9f8) thrown at [./src/hotspot/share/interpreter/linkResolver.cpp, line 773]
Event: 4532.160 Thread 0x000002c4c16e2000 Exception <a 'java/lang/NoSuchMethodError'{0x000000008f55cb58}: 'java.lang.Object java.lang.invoke.DirectMethodHandle$Holder.invokeVirtual(java.lang.Object, java.lang.Object, int, java.lang.Object)'> (0x000000008f55cb58) thrown at [./src/hotspot/share/interpreter/linkResolver.cpp, line 773]
Event: 4532.351 Thread 0x000002c4c16e2000 Exception <a 'java/lang/NoSuchMethodError'{0x000000008f5fd300}: 'void java.lang.invoke.DirectMethodHandle$Holder.invokeVirtual(java.lang.Object, java.lang.Object, int, java.lang.Object)'> (0x000000008f5fd300) thrown at [./src/hotspot/share/interpreter/linkResolver.cpp, line 773]
Event: 4538.569 Thread 0x000002c4c16e2000 Exception <a 'java/lang/NoSuchMethodError'{0x000000008fa476b0}: 'java.lang.Object java.lang.invoke.DirectMethodHandle$Holder.invokeSpecial(java.lang.Object, java.lang.Object, java.lang.Object, java.lang.Object, java.lang.Object, java.lang.Object, java.lang.Object, java.lang.Object, java.lang.Object, java.lang.Object)'> (0x000000008fa476b0) thrown at [./src/hotspot/share/interpreter/linkResolver.cpp, line 773]
Event: 4538.575 Thread 0x000002c4c16e2000 Exception <a 'java/lang/NoSuchMethodError'{0x000000008fa4b7a0}: 'java.lang.Object java.lang.invoke.Invokers$Holder.linkToTargetMethod(java.lang.Object, java.lang.Object, java.lang.Object, java.lang.Object, java.lang.Object, java.lang.Object, java.lang.Object, java.lang.Object, java.lang.Object)'> (0x000000008fa4b7a0) thrown at [./src/hotspot/share/interpreter/linkResolver.cpp, line 773]
Event: 4539.978 Thread 0x000002c4c16e2000 Exception <a 'java/lang/NoSuchMethodError'{0x000000008ee11580}: 'void java.lang.invoke.DirectMethodHandle$Holder.invokeVirtual(java.lang.Object, java.lang.Object, int)'> (0x000000008ee11580) thrown at [./src/hotspot/share/interpreter/linkResolver.cpp, line 773]
Event: 4541.099 Thread 0x000002c4c16e3800 Implicit null exception at 0x000002c4aa3eb560 to 0x000002c4aa3ec62c
Event: 4541.277 Thread 0x000002c4c16e3800 Exception <a 'java/lang/NoSuchMethodError'{0x000000008eb66fb8}: <clinit>> (0x000000008eb66fb8) thrown at [./src/hotspot/share/prims/jni.cpp, line 1362]
Event: 4541.514 Thread 0x000002c4c16e4800 Implicit null exception at 0x000002c4aa2a1756 to 0x000002c4aa2a1776
Event: 4542.447 Thread 0x000002c4c16e2000 Exception <a 'sun/nio/fs/WindowsException'{0x000000008e990aa0}> (0x000000008e990aa0) thrown at [./src/hotspot/share/prims/jni.cpp, line 615]

Events (20 events):
Event: 4543.635 loading class com/android/tools/r8/graph/S$d done
Event: 4543.635 loading class com/android/tools/r8/graph/S$d
Event: 4543.635 loading class com/android/tools/r8/graph/S$d done
Event: 4543.637 loading class com/android/tools/r8/graph/S$b
Event: 4543.637 loading class com/android/tools/r8/graph/S$b done
Event: 4543.638 loading class com/android/tools/r8/graph/S$b
Event: 4543.638 loading class com/android/tools/r8/graph/S$b done
Event: 4543.754 loading class com/android/tools/r8/graph/E1
Event: 4543.754 loading class com/android/tools/r8/graph/E1 done
Event: 4543.755 loading class com/android/tools/r8/dex/n
Event: 4543.755 loading class com/android/tools/r8/dex/n done
Event: 4543.798 loading class com/android/tools/r8/graph/S$e
Event: 4543.798 loading class com/android/tools/r8/graph/S$e done
Event: 4543.798 loading class com/android/tools/r8/graph/S$e
Event: 4543.798 loading class com/android/tools/r8/graph/S$e done
Event: 4544.549 Executing VM operation: G1CollectForAllocation
Event: 4544.808 Executing VM operation: G1CollectForAllocation done
Event: 4545.144 Executing VM operation: G1CollectForAllocation
Event: 4545.325 Executing VM operation: G1CollectForAllocation done
Event: 4546.004 Executing VM operation: G1CollectForAllocation


Dynamic libraries:
0x00007ff611d20000 - 0x00007ff611d2a000 	C:\Program Files\Android\Android Studio\jre\bin\java.exe
0x00007ffee1d90000 - 0x00007ffee1f71000 	C:\Windows\SYSTEM32\ntdll.dll
0x00007ffee0fb0000 - 0x00007ffee1062000 	C:\Windows\System32\KERNEL32.DLL
0x00007ffedec30000 - 0x00007ffedeea3000 	C:\Windows\System32\KERNELBASE.dll
0x00007ffedea60000 - 0x00007ffedeb5a000 	C:\Windows\System32\ucrtbase.dll
0x00007ffecc310000 - 0x00007ffecc329000 	C:\Program Files\Android\Android Studio\jre\bin\jli.dll
0x00007ffee19a0000 - 0x00007ffee1b30000 	C:\Windows\System32\USER32.dll
0x00007ffedeb60000 - 0x00007ffedeb80000 	C:\Windows\System32\win32u.dll
0x00007ffedf670000 - 0x00007ffedf698000 	C:\Windows\System32\GDI32.dll
0x00007ffedf020000 - 0x00007ffedf1b2000 	C:\Windows\System32\gdi32full.dll
0x00007ffedef30000 - 0x00007ffedefcf000 	C:\Windows\System32\msvcp_win.dll
0x00007ffed0c20000 - 0x00007ffed0e89000 	C:\Windows\WinSxS\amd64_microsoft.windows.common-controls_6595b64144ccf1df_6.0.17133.73_none_b4b127863cb5b9c7\COMCTL32.dll
0x00007ffee1870000 - 0x00007ffee190e000 	C:\Windows\System32\msvcrt.dll
0x00007ffedf6f0000 - 0x00007ffedfa13000 	C:\Windows\System32\combase.dll
0x00007ffee1b30000 - 0x00007ffee1c54000 	C:\Windows\System32\RPCRT4.dll
0x00007ffedeeb0000 - 0x00007ffedef2a000 	C:\Windows\System32\bcryptPrimitives.dll
0x00007ffec3100000 - 0x00007ffec3117000 	C:\Program Files\Android\Android Studio\jre\bin\VCRUNTIME140.dll
0x00007ffedf6c0000 - 0x00007ffedf6ed000 	C:\Windows\System32\IMM32.DLL
0x00007ffeacaa0000 - 0x00007ffeacb3d000 	C:\Program Files\Android\Android Studio\jre\bin\msvcp140.dll
0x00007ffea8660000 - 0x00007ffea911c000 	C:\Program Files\Android\Android Studio\jre\bin\server\jvm.dll
0x00007ffee1120000 - 0x00007ffee11c1000 	C:\Windows\System32\ADVAPI32.dll
0x00007ffee14f0000 - 0x00007ffee154b000 	C:\Windows\System32\sechost.dll
0x00007ffee1990000 - 0x00007ffee1998000 	C:\Windows\System32\PSAPI.DLL
0x00007ffedab40000 - 0x00007ffedab49000 	C:\Windows\SYSTEM32\WSOCK32.dll
0x00007ffee1480000 - 0x00007ffee14ec000 	C:\Windows\System32\WS2_32.dll
0x00007ffedab00000 - 0x00007ffedab23000 	C:\Windows\SYSTEM32\WINMM.dll
0x00007ffedcba0000 - 0x00007ffedcbaa000 	C:\Windows\SYSTEM32\VERSION.dll
0x00007ffedaad0000 - 0x00007ffedaafa000 	C:\Windows\SYSTEM32\WINMMBASE.dll
0x00007ffedefd0000 - 0x00007ffedf019000 	C:\Windows\System32\cfgmgr32.dll
0x00007ffede0c0000 - 0x00007ffede0d1000 	C:\Windows\System32\kernel.appcore.dll
0x00007ffed7ca0000 - 0x00007ffed7cb1000 	C:\Program Files\Android\Android Studio\jre\bin\verify.dll
0x00007ffeccb20000 - 0x00007ffeccce9000 	C:\Windows\SYSTEM32\DBGHELP.DLL
0x00007ffeccaf0000 - 0x00007ffeccb19000 	C:\Windows\SYSTEM32\dbgcore.DLL
0x00007ffed6d00000 - 0x00007ffed6d29000 	C:\Program Files\Android\Android Studio\jre\bin\java.dll
0x00007ffeda830000 - 0x00007ffeda83b000 	C:\Program Files\Android\Android Studio\jre\bin\jimage.dll
0x00007ffed7c50000 - 0x00007ffed7c68000 	C:\Program Files\Android\Android Studio\jre\bin\zip.dll
0x00007ffedfa80000 - 0x00007ffee0ec0000 	C:\Windows\System32\SHELL32.dll
0x00007ffee1070000 - 0x00007ffee1119000 	C:\Windows\System32\shcore.dll
0x00007ffede160000 - 0x00007ffede86d000 	C:\Windows\System32\windows.storage.dll
0x00007ffedfa20000 - 0x00007ffedfa71000 	C:\Windows\System32\shlwapi.dll
0x00007ffede0a0000 - 0x00007ffede0bf000 	C:\Windows\System32\profapi.dll
0x00007ffede110000 - 0x00007ffede15c000 	C:\Windows\System32\powrprof.dll
0x00007ffede100000 - 0x00007ffede10a000 	C:\Windows\System32\FLTLIB.DLL
0x00007ffed6ce0000 - 0x00007ffed6cfa000 	C:\Program Files\Android\Android Studio\jre\bin\net.dll
0x00007ffed5360000 - 0x00007ffed543d000 	C:\Windows\SYSTEM32\WINHTTP.dll
0x00007ffedd8c0000 - 0x00007ffedd926000 	C:\Windows\system32\mswsock.dll
0x00007ffed4ce0000 - 0x00007ffed4cf4000 	C:\Program Files\Android\Android Studio\jre\bin\nio.dll
0x00007ffeb6ac0000 - 0x00007ffeb6ae7000 	C:\Users\MISHECK\.gradle\native\fdc75f09e3144964f2cf3f50f0aa648679c211496f362492102eb8c894070792\windows-amd64\native-platform.dll
0x00007ffeaac00000 - 0x00007ffeaad96000 	C:\Users\MISHECK\.gradle\native\12488b8bf47d2d4c9fbf2f6322a914ad602e24e48041cd04a747c6da556b65c4\windows-amd64\native-platform-file-events.dll
0x00007ffeda7b0000 - 0x00007ffeda7ba000 	C:\Program Files\Android\Android Studio\jre\bin\management.dll
0x00007ffeda750000 - 0x00007ffeda75c000 	C:\Program Files\Android\Android Studio\jre\bin\management_ext.dll
0x00007ffedda80000 - 0x00007ffedda97000 	C:\Windows\SYSTEM32\CRYPTSP.dll
0x00007ffedd4a0000 - 0x00007ffedd4d3000 	C:\Windows\system32\rsaenh.dll
0x00007ffeddba0000 - 0x00007ffeddbc5000 	C:\Windows\SYSTEM32\bcrypt.dll
0x00007ffeddfd0000 - 0x00007ffeddff8000 	C:\Windows\SYSTEM32\USERENV.dll
0x00007ffedda70000 - 0x00007ffedda7b000 	C:\Windows\SYSTEM32\CRYPTBASE.dll
0x00007ffedd640000 - 0x00007ffedd678000 	C:\Windows\SYSTEM32\IPHLPAPI.DLL
0x00007ffee1850000 - 0x00007ffee1858000 	C:\Windows\System32\NSI.dll
0x00007ffed56b0000 - 0x00007ffed56c6000 	C:\Windows\SYSTEM32\dhcpcsvc6.DLL
0x00007ffed5690000 - 0x00007ffed56aa000 	C:\Windows\SYSTEM32\dhcpcsvc.DLL
0x00007ffed5890000 - 0x00007ffed589b000 	C:\Windows\SYSTEM32\WINNSI.DLL
0x00007ffed4af0000 - 0x00007ffed4b17000 	C:\Program Files\Android\Android Studio\jre\bin\sunec.dll

dbghelp: loaded successfully - version: 4.0.5 - missing functions: none
symbol engine: initialized successfully - sym options: 0x614 - pdb path: .;C:\Program Files\Android\Android Studio\jre\bin;C:\Windows\SYSTEM32;C:\Windows\WinSxS\amd64_microsoft.windows.common-controls_6595b64144ccf1df_6.0.17133.73_none_b4b127863cb5b9c7;C:\Program Files\Android\Android Studio\jre\bin\server;C:\Users\MISHECK\.gradle\native\fdc75f09e3144964f2cf3f50f0aa648679c211496f362492102eb8c894070792\windows-amd64;C:\Users\MISHECK\.gradle\native\12488b8bf47d2d4c9fbf2f6322a914ad602e24e48041cd04a747c6da556b65c4\windows-amd64

VM Arguments:
jvm_args: --add-opens=java.base/java.util=ALL-UNNAMED --add-opens=java.base/java.lang=ALL-UNNAMED --add-opens=java.base/java.lang.invoke=ALL-UNNAMED --add-opens=java.prefs/java.util.prefs=ALL-UNNAMED -Xmx2048m -Dfile.encoding=UTF-8 -Duser.country=US -Duser.language=en -Duser.variant 
java_command: org.gradle.launcher.daemon.bootstrap.GradleDaemon 6.7.1
java_class_path (initial): C:\Users\MISHECK\.gradle\wrapper\dists\gradle-6.7.1-bin\bwlcbys1h7rz3272sye1xwiv6\gradle-6.7.1\lib\gradle-launcher-6.7.1.jar
Launcher Type: SUN_STANDARD

[Global flags]
     intx CICompilerCount                          = 2                                         {product} {ergonomic}
     uint ConcGCThreads                            = 1                                         {product} {ergonomic}
     uint G1ConcRefinementThreads                  = 2                                         {product} {ergonomic}
   size_t G1HeapRegionSize                         = 1048576                                   {product} {ergonomic}
    uintx GCDrainStackTargetSize                   = 64                                        {product} {ergonomic}
   size_t InitialHeapSize                          = 67108864                                  {product} {ergonomic}
   size_t MarkStackSize                            = 4194304                                   {product} {ergonomic}
   size_t MaxHeapSize                              = 2147483648                                {product} {command line}
   size_t MaxNewSize                               = 1287651328                                {product} {ergonomic}
   size_t MinHeapDeltaBytes                        = 1048576                                   {product} {ergonomic}
    uintx NonNMethodCodeHeapSize                   = 5825164                                {pd product} {ergonomic}
    uintx NonProfiledCodeHeapSize                  = 122916538                              {pd product} {ergonomic}
    uintx ProfiledCodeHeapSize                     = 122916538                              {pd product} {ergonomic}
    uintx ReservedCodeCacheSize                    = 251658240                              {pd product} {ergonomic}
     bool SegmentedCodeCache                       = true                                      {product} {ergonomic}
     bool UseCompressedClassPointers               = true                                 {lp64_product} {ergonomic}
     bool UseCompressedOops                        = true                                 {lp64_product} {ergonomic}
     bool UseG1GC                                  = true                                      {product} {ergonomic}
     bool UseLargePagesIndividualAllocation        = false                                  {pd product} {ergonomic}

Logging:
Log output configuration:
 #0: stdout all=warning uptime,level,tags
 #1: stderr all=off uptime,level,tags

Environment Variables:
JAVA_HOME=C:\Program Files\Java\jdk1.8.0_191
PATH=C:\Program Files (x86)\Common Files\Oracle\Java\javapath;C:\Windows\system32;C:\Windows;C:\Windows\System32\Wbem;C:\Windows\System32\WindowsPowerShell\v1.0\;C:\Windows\System32\OpenSSH\;C:\Program Files (x86)\Git\cmd;C:\Program Files\nodejs\;C:\Program Files\Java\jdk1.8.0_191\bin;C:\Users\MISHECK\AppData\Roaming\npm;C:\Exercism;C:\Users\MISHECK\AppData\Local\Programs\Python\Python39;C:\Users\MISHECK\AppData\Local\Programs\Microsoft VS Code\bin;C:\Program Files\CodeBlocks\MinGW\bin;
USERNAME=MISHECK
OS=Windows_NT
PROCESSOR_IDENTIFIER=Intel64 Family 6 Model 55 Stepping 8, GenuineIntel



---------------  S Y S T E M  ---------------

OS: Windows 10 , 64 bit Build 17133 (10.0.17133.73)
OS uptime: 0 days 18:13 hours

CPU:total 2 (initial active 2) (2 cores per cpu, 1 threads per core) family 6 model 55 stepping 8, cmov, cx8, fxsr, mmx, sse, sse2, sse3, ssse3, sse4.1, sse4.2, popcnt, clmul, erms, 3dnowpref, tsc, tscinvbit

Memory: 4k page, system-wide physical 3987M (477M free)
TotalPageFile size 5381M (AvailPageFile size 23M)
current process WorkingSet (physical memory assigned to process): 500M, peak: 501M
current process commit charge ("private bytes"): 588M, peak: 666M

vm_info: OpenJDK 64-Bit Server VM (11.0.8+10-b944.6842174) for windows-amd64 JRE (11.0.8+10-b944.6842174), built on Sep 19 2020 01:11:42 by "builder" with MS VC++ 14.0 (VS2015)

END.
