#
# There is insufficient memory for the Java Runtime Environment to continue.
# Native memory allocation (mmap) failed to map 262144000 bytes for Failed to commit area from 0x000000008fa00000 to 0x000000009f400000 of length 262144000.
# Possible reasons:
#   The system is out of physical RAM or swap space
#   The process is running with CompressedOops enabled, and the Java Heap may be blocking the growth of the native heap
# Possible solutions:
#   Reduce memory load on the system
#   Increase physical memory or swap space
#   Check if swap backing store is full
#   Decrease Java heap size (-Xmx/-Xms)
#   Decrease number of Java threads
#   Decrease Java thread stack sizes (-Xss)
#   Set larger code cache with -XX:ReservedCodeCacheSize=
#   JVM is running with Unscaled Compressed Oops mode in which the Java heap is
#     placed in the first 4GB address space. The Java Heap base address is the
#     maximum limit for the native heap growth. Please use -XX:HeapBaseMinAddress
#     to set the Java Heap base and to place the Java Heap above 4GB virtual address.
# This output file may be truncated or incomplete.
#
#  Out of Memory Error (./src/hotspot/os/windows/os_windows.cpp:3303), pid=21260, tid=5144
#
# JRE version: OpenJDK Runtime Environment (11.0.8+10) (build 11.0.8+10-b944.6842174)
# Java VM: OpenJDK 64-Bit Server VM (11.0.8+10-b944.6842174, mixed mode, tiered, compressed oops, g1 gc, windows-amd64)
# No core dump will be written. Minidumps are not enabled by default on client versions of Windows
#

---------------  S U M M A R Y ------------

Command Line: --add-opens=java.base/java.util=ALL-UNNAMED --add-opens=java.base/java.lang=ALL-UNNAMED --add-opens=java.base/java.lang.invoke=ALL-UNNAMED --add-opens=java.prefs/java.util.prefs=ALL-UNNAMED -Xmx2048m -Dfile.encoding=UTF-8 -Duser.country=US -Duser.language=en -Duser.variant org.gradle.launcher.daemon.bootstrap.GradleDaemon 6.7.1

Host: Intel(R) Celeron(R) CPU  N2840  @ 2.16GHz, 2 cores, 3G,  Windows 10 , 64 bit Build 17133 (10.0.17133.73)
Time: Mon Aug  2 01:14:27 2021 Pacific Daylight Time elapsed time: 194 seconds (0d 0h 3m 14s)

---------------  T H R E A D  ---------------

Current thread (0x000001abb7aba800):  VMThread "VM Thread" [stack: 0x00000098b2d00000,0x00000098b2e00000] [id=5144]

Stack: [0x00000098b2d00000,0x00000098b2e00000]
[error occurred during error reporting (printing stack bounds), id 0xc0000005, EXCEPTION_ACCESS_VIOLATION (0xc0000005) at pc=0x000001aba1ed0dbe]

Native frames: (J=compiled Java code, j=interpreted, Vv=VM code, C=native code)
V  [jvm.dll+0x5de50a]
V  [jvm.dll+0x7122f5]
V  [jvm.dll+0x71384d]
V  [jvm.dll+0x713e65]
V  [jvm.dll+0x713e1b]
V  [jvm.dll+0x5dd958]
V  [jvm.dll+0x5de0f8]
C  [ntdll.dll+0x9eddd]
C  [ntdll.dll+0x6c86]
C  [ntdll.dll+0x9dd0e]
C  0x000001aba1ed0dbe

VM_Operation (0x00000098b56fdf00): G1CollectForAllocation, mode: safepoint, requested by thread 0x000001abba8d0000


---------------  P R O C E S S  ---------------

Threads class SMR info:
_java_thread_list=0x000001abbe9c2e20, length=45, elements={
0x000001ab9e55c800, 0x000001abb7abf000, 0x000001abb7ac9000, 0x000001abb7b1c800,
0x000001abb7b1d800, 0x000001abb7b20800, 0x000001abb7b25800, 0x000001abb7b2c800,
0x000001abb856b800, 0x000001abb857f000, 0x000001abb9dda000, 0x000001abba4e0800,
0x000001abb9697800, 0x000001abb9709000, 0x000001abba133800, 0x000001abb9dd5800,
0x000001abb9d7c000, 0x000001abb87eb000, 0x000001abb8fd1000, 0x000001abb9e7b800,
0x000001abb9e7a000, 0x000001abb9e7c800, 0x000001abb9e7a800, 0x000001abb9e77800,
0x000001abb9e7d000, 0x000001abb9e7e000, 0x000001abb9e78800, 0x000001abba8cc800,
0x000001abba8ca800, 0x000001abba8cd800, 0x000001abba8cf000, 0x000001abbc629800,
0x000001abbc630000, 0x000001abbc630800, 0x000001abbc62b000, 0x000001abbc62c800,
0x000001abbc632800, 0x000001abba8cc000, 0x000001abba8c9800, 0x000001abba8d1800,
0x000001abba8d1000, 0x000001abba8d3800, 0x000001abba8d5800, 0x000001abba8d0000,
0x000001abba8d6800
}

Java Threads: ( => current thread )
  0x000001ab9e55c800 JavaThread "main" [_thread_blocked, id=13032, stack(0x00000098b2700000,0x00000098b2800000)]
  0x000001abb7abf000 JavaThread "Reference Handler" daemon [_thread_blocked, id=10844, stack(0x00000098b2e00000,0x00000098b2f00000)]
  0x000001abb7ac9000 JavaThread "Finalizer" daemon [_thread_blocked, id=6036, stack(0x00000098b2f00000,0x00000098b3000000)]
  0x000001abb7b1c800 JavaThread "Signal Dispatcher" daemon [_thread_blocked, id=19852, stack(0x00000098b3000000,0x00000098b3100000)]
  0x000001abb7b1d800 JavaThread "Attach Listener" daemon [_thread_blocked, id=18928, stack(0x00000098b3100000,0x00000098b3200000)]
  0x000001abb7b20800 JavaThread "C2 CompilerThread0" daemon [_thread_blocked, id=4420, stack(0x00000098b3200000,0x00000098b3300000)]
  0x000001abb7b25800 JavaThread "C1 CompilerThread0" daemon [_thread_blocked, id=14416, stack(0x00000098b3300000,0x00000098b3400000)]
  0x000001abb7b2c800 JavaThread "Sweeper thread" daemon [_thread_blocked, id=14432, stack(0x00000098b3400000,0x00000098b3500000)]
  0x000001abb856b800 JavaThread "Common-Cleaner" daemon [_thread_blocked, id=14880, stack(0x00000098b3500000,0x00000098b3600000)]
  0x000001abb857f000 JavaThread "Service Thread" daemon [_thread_blocked, id=13996, stack(0x00000098b3600000,0x00000098b3700000)]
  0x000001abb9dda000 JavaThread "Daemon health stats" [_thread_blocked, id=21480, stack(0x00000098b3900000,0x00000098b3a00000)]
  0x000001abba4e0800 JavaThread "Incoming local TCP Connector on port 55927" [_thread_in_native, id=24968, stack(0x00000098b3b00000,0x00000098b3c00000)]
  0x000001abb9697800 JavaThread "Daemon periodic checks" [_thread_blocked, id=2712, stack(0x00000098b3c00000,0x00000098b3d00000)]
  0x000001abb9709000 JavaThread "Daemon" [_thread_blocked, id=17668, stack(0x00000098b3d00000,0x00000098b3e00000)]
  0x000001abba133800 JavaThread "Handler for socket connection from /127.0.0.1:55927 to /127.0.0.1:55928" [_thread_in_native, id=20892, stack(0x00000098b3e00000,0x00000098b3f00000)]
  0x000001abb9dd5800 JavaThread "Cancel handler" [_thread_blocked, id=14964, stack(0x00000098b3f00000,0x00000098b4000000)]
  0x000001abb9d7c000 JavaThread "Daemon worker" [_thread_blocked, id=12784, stack(0x00000098b4000000,0x00000098b4100000)]
  0x000001abb87eb000 JavaThread "Asynchronous log dispatcher for DefaultDaemonConnection: socket connection from /127.0.0.1:55927 to /127.0.0.1:55928" [_thread_blocked, id=20088, stack(0x00000098b4100000,0x00000098b4200000)]
  0x000001abb8fd1000 JavaThread "Thread-8" [_thread_blocked, id=25832, stack(0x00000098b4300000,0x00000098b4400000)]
  0x000001abb9e7b800 JavaThread "Cache worker for file hash cache (C:\Users\MISHECK\.gradle\caches\6.7.1\fileHashes)" [_thread_blocked, id=26488, stack(0x00000098b4400000,0x00000098b4500000)]
  0x000001abb9e7a000 JavaThread "File lock request listener" [_thread_in_native, id=10064, stack(0x00000098b4500000,0x00000098b4600000)]
  0x000001abb9e7c800 JavaThread "Cache worker for journal cache (C:\Users\MISHECK\.gradle\caches\journal-1)" [_thread_blocked, id=22120, stack(0x00000098b4600000,0x00000098b4700000)]
  0x000001abb9e7a800 JavaThread "Cache worker for file hash cache (C:\Users\MISHECK\AndroidStudioProjects\ChildSafetyApp\.gradle\6.7.1\fileHashes)" [_thread_blocked, id=11932, stack(0x00000098b4700000,0x00000098b4800000)]
  0x000001abb9e77800 JavaThread "Cache worker for checksums cache (C:\Users\MISHECK\AndroidStudioProjects\ChildSafetyApp\.gradle\checksums)" [_thread_blocked, id=24288, stack(0x00000098b4800000,0x00000098b4900000)]
  0x000001abb9e7d000 JavaThread "Cache worker for cache directory md-supplier (C:\Users\MISHECK\.gradle\caches\6.7.1\md-supplier)" [_thread_blocked, id=21696, stack(0x00000098b4900000,0x00000098b4a00000)]
  0x000001abb9e7e000 JavaThread "Cache worker for cache directory md-rule (C:\Users\MISHECK\.gradle\caches\6.7.1\md-rule)" [_thread_blocked, id=15112, stack(0x00000098b4a00000,0x00000098b4b00000)]
  0x000001abb9e78800 JavaThread "Cache worker for execution history cache (C:\Users\MISHECK\.gradle\caches\6.7.1\executionHistory)" [_thread_blocked, id=17404, stack(0x00000098b4b00000,0x00000098b4c00000)]
  0x000001abba8cc800 JavaThread "Cache worker for file content cache (C:\Users\MISHECK\.gradle\caches\6.7.1\fileContent)" [_thread_blocked, id=13644, stack(0x00000098b4d00000,0x00000098b4e00000)]
  0x000001abba8ca800 JavaThread "Cache worker for Build Output Cleanup Cache (C:\Users\MISHECK\AndroidStudioProjects\ChildSafetyApp\.gradle\buildOutputCleanup)" [_thread_blocked, id=11692, stack(0x00000098b4e00000,0x00000098b4f00000)]
  0x000001abba8cd800 JavaThread "Build operations" [_thread_blocked, id=21116, stack(0x00000098b4f00000,0x00000098b5000000)]
  0x000001abba8cf000 JavaThread "Build operations Thread 2" [_thread_blocked, id=19000, stack(0x00000098b5000000,0x00000098b5100000)]
  0x000001abbc629800 JavaThread "Memory manager" [_thread_blocked, id=23524, stack(0x00000098bb100000,0x00000098bb200000)]
  0x000001abbc630000 JavaThread "build event listener" [_thread_blocked, id=21216, stack(0x00000098b2400000,0x00000098b2500000)]
  0x000001abbc630800 JavaThread "build event listener" [_thread_blocked, id=19896, stack(0x00000098b2500000,0x00000098b2600000)]
  0x000001abbc62b000 JavaThread "Execution worker for ':'" [_thread_blocked, id=8596, stack(0x00000098bb200000,0x00000098bb300000)]
  0x000001abbc62c800 JavaThread "Cache worker for execution history cache (C:\Users\MISHECK\AndroidStudioProjects\ChildSafetyApp\.gradle\6.7.1\executionHistory)" [_thread_blocked, id=11284, stack(0x00000098bb300000,0x00000098bb400000)]
  0x000001abbc632800 JavaThread "WorkerExecutor Queue" [_thread_blocked, id=20344, stack(0x00000098b4200000,0x00000098b4300000)]
  0x000001abba8cc000 JavaThread "WorkerExecutor Queue Thread 2" [_thread_blocked, id=19520, stack(0x00000098b4c00000,0x00000098b4d00000)]
  0x000001abba8c9800 JavaThread "pool-4-thread-1" [_thread_blocked, id=24728, stack(0x00000098b5100000,0x00000098b5200000)]
  0x000001abba8d1800 JavaThread "stderr" [_thread_in_native, id=9588, stack(0x00000098b5200000,0x00000098b5300000)]
  0x000001abba8d1000 JavaThread "stdout" [_thread_in_native, id=6796, stack(0x00000098b5300000,0x00000098b5400000)]
  0x000001abba8d3800 JavaThread "Cache worker for Java compile cache (C:\Users\MISHECK\.gradle\caches\6.7.1\javaCompile)" [_thread_blocked, id=23448, stack(0x00000098b5400000,0x00000098b5500000)]
  0x000001abba8d5800 JavaThread "Cache worker for Java compile cache (C:\Users\MISHECK\AndroidStudioProjects\ChildSafetyApp\.gradle\6.7.1\javaCompile)" [_thread_blocked, id=15792, stack(0x00000098b5500000,0x00000098b5600000)]
  0x000001abba8d0000 JavaThread "ForkJoinPool-1-worker-3" daemon [_thread_blocked, id=24636, stack(0x00000098b5600000,0x00000098b5700000)]
  0x000001abba8d6800 JavaThread "ForkJoinPool-1-worker-1" daemon [_thread_blocked, id=1996, stack(0x00000098b5700000,0x00000098b5800000)]

Other Threads:
=>0x000001abb7aba800 VMThread "VM Thread" [stack: 0x00000098b2d00000,0x00000098b2e00000] [id=5144]
  0x000001abb85bd800 WatcherThread [stack: 0x00000098b3700000,0x00000098b3800000] [id=13340]
  0x000001ab9e573800 GCTaskThread "GC Thread#0" [stack: 0x00000098b2800000,0x00000098b2900000] [id=22552]
  0x000001abb86fc800 GCTaskThread "GC Thread#1" [stack: 0x00000098b3800000,0x00000098b3900000] [id=24160]
  0x000001ab9e5a3000 ConcurrentGCThread "G1 Main Marker" [stack: 0x00000098b2900000,0x00000098b2a00000] [id=17012]
  0x000001ab9e5a6000 ConcurrentGCThread "G1 Conc#0" [stack: 0x00000098b2a00000,0x00000098b2b00000] [id=11548]
  0x000001ab9e5f4800 ConcurrentGCThread "G1 Refine#0" [stack: 0x00000098b2b00000,0x00000098b2c00000] [id=23320]
  0x000001ab9e5f5800 ConcurrentGCThread "G1 Young RemSet Sampling" [stack: 0x00000098b2c00000,0x00000098b2d00000] [id=20424]

Threads with active compile tasks:
C2 CompilerThread0 194852 15809       4       com.android.tools.r8.w.a.a.a.h.V0::containsKey (74 bytes)

VM state:at safepoint (normal execution)

VM Mutex/Monitor currently owned by a thread:  ([mutex/lock_event])
[0x000001ab9e558ea0] Threads_lock - owner thread: 0x000001abb7aba800
[0x000001ab9e559170] Heap_lock - owner thread: 0x000001abba8d0000

Heap address: 0x0000000080000000, size: 2048 MB, Compressed Oops mode: 32-bit
Narrow klass base: 0x0000000000000000, Narrow klass shift: 3
Compressed class space size: 1073741824 Address: 0x0000000100000000

Heap:
 garbage-first heap   total 512000K, used 197280K [0x0000000080000000, 0x0000000100000000)
  region size 1024K, 2 young (2048K), 2 survivors (2048K)
 Metaspace       used 107324K, capacity 109964K, committed 110208K, reserved 1144832K
  class space    used 13611K, capacity 14593K, committed 14720K, reserved 1048576K
Heap Regions: E=young(eden), S=young(survivor), O=old, HS=humongous(starts), HC=humongous(continues), CS=collection set, F=free, A=archive, TAMS=top-at-mark-start (previous, next)
|   0|0x0000000080000000, 0x0000000080100000, 0x0000000080100000|100%| O|  |TAMS 0x0000000080100000, 0x0000000080100000| Untracked 
|   1|0x0000000080100000, 0x0000000080200000, 0x0000000080200000|100%| O|  |TAMS 0x0000000080200000, 0x0000000080200000| Untracked 
|   2|0x0000000080200000, 0x0000000080300000, 0x0000000080300000|100%| O|  |TAMS 0x0000000080300000, 0x0000000080300000| Untracked 
|   3|0x0000000080300000, 0x0000000080400000, 0x0000000080400000|100%| O|  |TAMS 0x0000000080400000, 0x0000000080400000| Untracked 
|   4|0x0000000080400000, 0x0000000080500000, 0x0000000080500000|100%|HS|  |TAMS 0x0000000080500000, 0x0000000080500000| Complete 
|   5|0x0000000080500000, 0x0000000080600000, 0x0000000080600000|100%|HC|  |TAMS 0x0000000080600000, 0x0000000080600000| Complete 
|   6|0x0000000080600000, 0x0000000080700000, 0x0000000080700000|100%|HC|  |TAMS 0x0000000080700000, 0x0000000080700000| Complete 
|   7|0x0000000080700000, 0x0000000080800000, 0x0000000080800000|100%| O|  |TAMS 0x0000000080800000, 0x0000000080800000| Untracked 
|   8|0x0000000080800000, 0x0000000080900000, 0x0000000080900000|100%| O|  |TAMS 0x0000000080900000, 0x0000000080900000| Untracked 
|   9|0x0000000080900000, 0x0000000080a00000, 0x0000000080a00000|100%| O|  |TAMS 0x0000000080a00000, 0x0000000080a00000| Untracked 
|  10|0x0000000080a00000, 0x0000000080b00000, 0x0000000080b00000|100%| O|  |TAMS 0x0000000080b00000, 0x0000000080b00000| Untracked 
|  11|0x0000000080b00000, 0x0000000080c00000, 0x0000000080c00000|100%| O|  |TAMS 0x0000000080c00000, 0x0000000080c00000| Untracked 
|  12|0x0000000080c00000, 0x0000000080d00000, 0x0000000080d00000|100%| O|  |TAMS 0x0000000080d00000, 0x0000000080d00000| Untracked 
|  13|0x0000000080d00000, 0x0000000080e00000, 0x0000000080e00000|100%| O|  |TAMS 0x0000000080e00000, 0x0000000080e00000| Untracked 
|  14|0x0000000080e00000, 0x0000000080f00000, 0x0000000080f00000|100%| O|  |TAMS 0x0000000080f00000, 0x0000000080f00000| Untracked 
|  15|0x0000000080f00000, 0x0000000081000000, 0x0000000081000000|100%| O|  |TAMS 0x0000000081000000, 0x0000000081000000| Untracked 
|  16|0x0000000081000000, 0x0000000081100000, 0x0000000081100000|100%| O|  |TAMS 0x0000000081100000, 0x0000000081100000| Untracked 
|  17|0x0000000081100000, 0x0000000081200000, 0x0000000081200000|100%| O|  |TAMS 0x0000000081200000, 0x0000000081200000| Untracked 
|  18|0x0000000081200000, 0x0000000081300000, 0x0000000081300000|100%| O|  |TAMS 0x0000000081300000, 0x0000000081300000| Untracked 
|  19|0x0000000081300000, 0x0000000081400000, 0x0000000081400000|100%| O|  |TAMS 0x0000000081400000, 0x0000000081400000| Untracked 
|  20|0x0000000081400000, 0x0000000081500000, 0x0000000081500000|100%| O|  |TAMS 0x0000000081500000, 0x0000000081500000| Untracked 
|  21|0x0000000081500000, 0x0000000081600000, 0x0000000081600000|100%| O|  |TAMS 0x0000000081600000, 0x0000000081600000| Untracked 
|  22|0x0000000081600000, 0x0000000081700000, 0x0000000081700000|100%| O|  |TAMS 0x0000000081700000, 0x0000000081700000| Untracked 
|  23|0x0000000081700000, 0x0000000081800000, 0x0000000081800000|100%| O|  |TAMS 0x0000000081800000, 0x0000000081800000| Untracked 
|  24|0x0000000081800000, 0x0000000081900000, 0x0000000081900000|100%| O|  |TAMS 0x0000000081900000, 0x0000000081900000| Untracked 
|  25|0x0000000081900000, 0x0000000081a00000, 0x0000000081a00000|100%|HS|  |TAMS 0x0000000081a00000, 0x0000000081a00000| Complete 
|  26|0x0000000081a00000, 0x0000000081b00000, 0x0000000081b00000|100%|HS|  |TAMS 0x0000000081b00000, 0x0000000081b00000| Complete 
|  27|0x0000000081b00000, 0x0000000081c00000, 0x0000000081c00000|100%|HC|  |TAMS 0x0000000081c00000, 0x0000000081c00000| Complete 
|  28|0x0000000081c00000, 0x0000000081d00000, 0x0000000081d00000|100%| O|  |TAMS 0x0000000081d00000, 0x0000000081d00000| Untracked 
|  29|0x0000000081d00000, 0x0000000081e00000, 0x0000000081e00000|100%| O|  |TAMS 0x0000000081e00000, 0x0000000081e00000| Untracked 
|  30|0x0000000081e00000, 0x0000000081f00000, 0x0000000081f00000|100%| O|  |TAMS 0x0000000081f00000, 0x0000000081f00000| Untracked 
|  31|0x0000000081f00000, 0x0000000082000000, 0x0000000082000000|100%| O|  |TAMS 0x0000000082000000, 0x0000000082000000| Untracked 
|  32|0x0000000082000000, 0x0000000082100000, 0x0000000082100000|100%| O|  |TAMS 0x0000000082100000, 0x0000000082100000| Untracked 
|  33|0x0000000082100000, 0x0000000082200000, 0x0000000082200000|100%| O|  |TAMS 0x0000000082200000, 0x0000000082200000| Untracked 
|  34|0x0000000082200000, 0x0000000082300000, 0x0000000082300000|100%| O|  |TAMS 0x0000000082300000, 0x0000000082300000| Untracked 
|  35|0x0000000082300000, 0x0000000082400000, 0x0000000082400000|100%| O|  |TAMS 0x0000000082400000, 0x0000000082400000| Untracked 
|  36|0x0000000082400000, 0x0000000082500000, 0x0000000082500000|100%| O|  |TAMS 0x0000000082500000, 0x0000000082500000| Untracked 
|  37|0x0000000082500000, 0x0000000082600000, 0x0000000082600000|100%| O|  |TAMS 0x0000000082600000, 0x0000000082600000| Untracked 
|  38|0x0000000082600000, 0x0000000082700000, 0x0000000082700000|100%| O|  |TAMS 0x0000000082700000, 0x0000000082700000| Untracked 
|  39|0x0000000082700000, 0x0000000082800000, 0x0000000082800000|100%| O|  |TAMS 0x0000000082800000, 0x0000000082800000| Untracked 
|  40|0x0000000082800000, 0x0000000082900000, 0x0000000082900000|100%| O|  |TAMS 0x0000000082900000, 0x0000000082900000| Untracked 
|  41|0x0000000082900000, 0x0000000082a00000, 0x0000000082a00000|100%| O|  |TAMS 0x0000000082a00000, 0x0000000082a00000| Untracked 
|  42|0x0000000082a00000, 0x0000000082b00000, 0x0000000082b00000|100%| O|  |TAMS 0x0000000082b00000, 0x0000000082b00000| Untracked 
|  43|0x0000000082b00000, 0x0000000082c00000, 0x0000000082c00000|100%| O|  |TAMS 0x0000000082c00000, 0x0000000082c00000| Untracked 
|  44|0x0000000082c00000, 0x0000000082d00000, 0x0000000082d00000|100%| O|  |TAMS 0x0000000082d00000, 0x0000000082d00000| Untracked 
|  45|0x0000000082d00000, 0x0000000082e00000, 0x0000000082e00000|100%| O|  |TAMS 0x0000000082e00000, 0x0000000082e00000| Untracked 
|  46|0x0000000082e00000, 0x0000000082f00000, 0x0000000082f00000|100%| O|  |TAMS 0x0000000082f00000, 0x0000000082f00000| Untracked 
|  47|0x0000000082f00000, 0x0000000083000000, 0x0000000083000000|100%| O|  |TAMS 0x0000000083000000, 0x0000000083000000| Untracked 
|  48|0x0000000083000000, 0x0000000083100000, 0x0000000083100000|100%| O|  |TAMS 0x0000000083100000, 0x0000000083100000| Untracked 
|  49|0x0000000083100000, 0x0000000083200000, 0x0000000083200000|100%| O|  |TAMS 0x0000000083200000, 0x0000000083200000| Untracked 
|  50|0x0000000083200000, 0x0000000083300000, 0x0000000083300000|100%| O|  |TAMS 0x0000000083300000, 0x0000000083300000| Untracked 
|  51|0x0000000083300000, 0x0000000083400000, 0x0000000083400000|100%| O|  |TAMS 0x0000000083400000, 0x0000000083400000| Untracked 
|  52|0x0000000083400000, 0x0000000083500000, 0x0000000083500000|100%| O|  |TAMS 0x0000000083500000, 0x0000000083500000| Untracked 
|  53|0x0000000083500000, 0x0000000083600000, 0x0000000083600000|100%| O|  |TAMS 0x0000000083600000, 0x0000000083600000| Untracked 
|  54|0x0000000083600000, 0x0000000083700000, 0x0000000083700000|100%| O|  |TAMS 0x0000000083700000, 0x0000000083700000| Untracked 
|  55|0x0000000083700000, 0x0000000083800000, 0x0000000083800000|100%| O|  |TAMS 0x0000000083800000, 0x0000000083800000| Untracked 
|  56|0x0000000083800000, 0x0000000083900000, 0x0000000083900000|100%| O|  |TAMS 0x0000000083800000, 0x0000000083900000| Untracked 
|  57|0x0000000083900000, 0x0000000083a00000, 0x0000000083a00000|100%| O|  |TAMS 0x0000000083a00000, 0x0000000083a00000| Untracked 
|  58|0x0000000083a00000, 0x0000000083b00000, 0x0000000083b00000|100%| O|  |TAMS 0x0000000083b00000, 0x0000000083b00000| Untracked 
|  59|0x0000000083b00000, 0x0000000083c00000, 0x0000000083c00000|100%| O|  |TAMS 0x0000000083c00000, 0x0000000083c00000| Untracked 
|  60|0x0000000083c00000, 0x0000000083d00000, 0x0000000083d00000|100%| O|  |TAMS 0x0000000083d00000, 0x0000000083d00000| Untracked 
|  61|0x0000000083d00000, 0x0000000083e00000, 0x0000000083e00000|100%| O|  |TAMS 0x0000000083e00000, 0x0000000083e00000| Untracked 
|  62|0x0000000083e00000, 0x0000000083f00000, 0x0000000083f00000|100%| O|  |TAMS 0x0000000083f00000, 0x0000000083f00000| Untracked 
|  63|0x0000000083f00000, 0x0000000084000000, 0x0000000084000000|100%| O|  |TAMS 0x0000000084000000, 0x0000000084000000| Untracked 
|  64|0x0000000084000000, 0x0000000084100000, 0x0000000084100000|100%| O|  |TAMS 0x0000000084100000, 0x0000000084100000| Untracked 
|  65|0x0000000084100000, 0x0000000084200000, 0x0000000084200000|100%| O|  |TAMS 0x0000000084200000, 0x0000000084200000| Untracked 
|  66|0x0000000084200000, 0x0000000084300000, 0x0000000084300000|100%| O|  |TAMS 0x0000000084300000, 0x0000000084300000| Untracked 
|  67|0x0000000084300000, 0x0000000084400000, 0x0000000084400000|100%| O|  |TAMS 0x0000000084400000, 0x0000000084400000| Untracked 
|  68|0x0000000084400000, 0x0000000084500000, 0x0000000084500000|100%| O|  |TAMS 0x0000000084400000, 0x0000000084500000| Untracked 
|  69|0x0000000084500000, 0x0000000084600000, 0x0000000084600000|100%| O|  |TAMS 0x0000000084600000, 0x0000000084600000| Untracked 
|  70|0x0000000084600000, 0x0000000084700000, 0x0000000084700000|100%| O|  |TAMS 0x0000000084700000, 0x0000000084700000| Untracked 
|  71|0x0000000084700000, 0x0000000084800000, 0x0000000084800000|100%| O|  |TAMS 0x0000000084800000, 0x0000000084800000| Untracked 
|  72|0x0000000084800000, 0x0000000084900000, 0x0000000084900000|100%| O|  |TAMS 0x0000000084900000, 0x0000000084900000| Untracked 
|  73|0x0000000084900000, 0x0000000084a00000, 0x0000000084a00000|100%| O|  |TAMS 0x0000000084a00000, 0x0000000084a00000| Untracked 
|  74|0x0000000084a00000, 0x0000000084b00000, 0x0000000084b00000|100%| O|  |TAMS 0x0000000084b00000, 0x0000000084b00000| Untracked 
|  75|0x0000000084b00000, 0x0000000084c00000, 0x0000000084c00000|100%| O|  |TAMS 0x0000000084c00000, 0x0000000084c00000| Untracked 
|  76|0x0000000084c00000, 0x0000000084d00000, 0x0000000084d00000|100%| O|  |TAMS 0x0000000084d00000, 0x0000000084d00000| Untracked 
|  77|0x0000000084d00000, 0x0000000084e00000, 0x0000000084e00000|100%| O|  |TAMS 0x0000000084e00000, 0x0000000084e00000| Untracked 
|  78|0x0000000084e00000, 0x0000000084f00000, 0x0000000084f00000|100%| O|  |TAMS 0x0000000084f00000, 0x0000000084f00000| Untracked 
|  79|0x0000000084f00000, 0x0000000085000000, 0x0000000085000000|100%| O|  |TAMS 0x0000000084f00000, 0x0000000085000000| Untracked 
|  80|0x0000000085000000, 0x0000000085100000, 0x0000000085100000|100%| O|  |TAMS 0x0000000085000000, 0x0000000085100000| Untracked 
|  81|0x0000000085100000, 0x0000000085200000, 0x0000000085200000|100%| O|  |TAMS 0x0000000085100000, 0x0000000085200000| Untracked 
|  82|0x0000000085200000, 0x0000000085300000, 0x0000000085300000|100%| O|  |TAMS 0x0000000085200000, 0x0000000085300000| Untracked 
|  83|0x0000000085300000, 0x0000000085400000, 0x0000000085400000|100%| O|  |TAMS 0x0000000085400000, 0x0000000085400000| Untracked 
|  84|0x0000000085400000, 0x0000000085500000, 0x0000000085500000|100%| O|  |TAMS 0x0000000085500000, 0x0000000085500000| Untracked 
|  85|0x0000000085500000, 0x0000000085600000, 0x0000000085600000|100%|HS|  |TAMS 0x0000000085600000, 0x0000000085600000| Complete 
|  86|0x0000000085600000, 0x0000000085700000, 0x0000000085700000|100%| O|  |TAMS 0x0000000085600000, 0x0000000085700000| Untracked 
|  87|0x0000000085700000, 0x0000000085800000, 0x0000000085800000|100%| O|  |TAMS 0x0000000085700000, 0x0000000085800000| Untracked 
|  88|0x0000000085800000, 0x0000000085900000, 0x0000000085900000|100%| O|  |TAMS 0x0000000085900000, 0x0000000085900000| Untracked 
|  89|0x0000000085900000, 0x0000000085a00000, 0x0000000085a00000|100%| O|  |TAMS 0x0000000085a00000, 0x0000000085a00000| Untracked 
|  90|0x0000000085a00000, 0x0000000085b00000, 0x0000000085b00000|100%| O|  |TAMS 0x0000000085b00000, 0x0000000085b00000| Untracked 
|  91|0x0000000085b00000, 0x0000000085c00000, 0x0000000085c00000|100%|HS|  |TAMS 0x0000000085b00000, 0x0000000085c00000| Complete 
|  92|0x0000000085c00000, 0x0000000085d00000, 0x0000000085d00000|100%| O|  |TAMS 0x0000000085d00000, 0x0000000085d00000| Untracked 
|  93|0x0000000085d00000, 0x0000000085e00000, 0x0000000085e00000|100%| O|  |TAMS 0x0000000085d00000, 0x0000000085e00000| Untracked 
|  94|0x0000000085e00000, 0x0000000085f00000, 0x0000000085f00000|100%|HS|  |TAMS 0x0000000085e00000, 0x0000000085f00000| Complete 
|  95|0x0000000085f00000, 0x0000000086000000, 0x0000000086000000|100%| O|  |TAMS 0x0000000086000000, 0x0000000086000000| Untracked 
|  96|0x0000000086000000, 0x0000000086100000, 0x0000000086100000|100%| O|  |TAMS 0x0000000086100000, 0x0000000086100000| Untracked 
|  97|0x0000000086100000, 0x0000000086200000, 0x0000000086200000|100%| O|  |TAMS 0x0000000086200000, 0x0000000086200000| Untracked 
|  98|0x0000000086200000, 0x0000000086300000, 0x0000000086300000|100%|HS|  |TAMS 0x0000000086200000, 0x0000000086300000| Complete 
|  99|0x0000000086300000, 0x0000000086400000, 0x0000000086400000|100%| O|  |TAMS 0x0000000086400000, 0x0000000086400000| Untracked 
| 100|0x0000000086400000, 0x0000000086500000, 0x0000000086500000|100%|HS|  |TAMS 0x0000000086400000, 0x0000000086500000| Complete 
| 101|0x0000000086500000, 0x0000000086600000, 0x0000000086600000|100%| O|  |TAMS 0x0000000086600000, 0x0000000086600000| Untracked 
| 102|0x0000000086600000, 0x0000000086700000, 0x0000000086700000|100%| O|  |TAMS 0x0000000086700000, 0x0000000086700000| Untracked 
| 103|0x0000000086700000, 0x0000000086800000, 0x0000000086800000|100%| O|  |TAMS 0x0000000086800000, 0x0000000086800000| Untracked 
| 104|0x0000000086800000, 0x0000000086900000, 0x0000000086900000|100%|HS|  |TAMS 0x0000000086900000, 0x0000000086900000| Complete 
| 105|0x0000000086900000, 0x0000000086a00000, 0x0000000086a00000|100%|HC|  |TAMS 0x0000000086a00000, 0x0000000086a00000| Complete 
| 106|0x0000000086a00000, 0x0000000086b00000, 0x0000000086b00000|100%|HC|  |TAMS 0x0000000086b00000, 0x0000000086b00000| Complete 
| 107|0x0000000086b00000, 0x0000000086c00000, 0x0000000086c00000|100%|HC|  |TAMS 0x0000000086c00000, 0x0000000086c00000| Complete 
| 108|0x0000000086c00000, 0x0000000086d00000, 0x0000000086d00000|100%|HC|  |TAMS 0x0000000086d00000, 0x0000000086d00000| Complete 
| 109|0x0000000086d00000, 0x0000000086e00000, 0x0000000086e00000|100%|HC|  |TAMS 0x0000000086e00000, 0x0000000086e00000| Complete 
| 110|0x0000000086e00000, 0x0000000086f00000, 0x0000000086f00000|100%|HC|  |TAMS 0x0000000086f00000, 0x0000000086f00000| Complete 
| 111|0x0000000086f00000, 0x0000000087000000, 0x0000000087000000|100%|HC|  |TAMS 0x0000000087000000, 0x0000000087000000| Complete 
| 112|0x0000000087000000, 0x0000000087100000, 0x0000000087100000|100%| O|  |TAMS 0x0000000087100000, 0x0000000087100000| Untracked 
| 113|0x0000000087100000, 0x0000000087200000, 0x0000000087200000|100%| O|  |TAMS 0x0000000087200000, 0x0000000087200000| Untracked 
| 114|0x0000000087200000, 0x0000000087300000, 0x0000000087300000|100%| O|  |TAMS 0x0000000087300000, 0x0000000087300000| Untracked 
| 115|0x0000000087300000, 0x0000000087400000, 0x0000000087400000|100%| O|  |TAMS 0x0000000087300000, 0x0000000087400000| Untracked 
| 116|0x0000000087400000, 0x0000000087500000, 0x0000000087500000|100%| O|  |TAMS 0x0000000087500000, 0x0000000087500000| Untracked 
| 117|0x0000000087500000, 0x0000000087600000, 0x0000000087600000|100%| O|  |TAMS 0x0000000087600000, 0x0000000087600000| Untracked 
| 118|0x0000000087600000, 0x0000000087700000, 0x0000000087700000|100%| O|  |TAMS 0x0000000087700000, 0x0000000087700000| Untracked 
| 119|0x0000000087700000, 0x0000000087800000, 0x0000000087800000|100%| O|  |TAMS 0x0000000087800000, 0x0000000087800000| Untracked 
| 120|0x0000000087800000, 0x0000000087900000, 0x0000000087900000|100%| O|  |TAMS 0x0000000087800000, 0x0000000087900000| Untracked 
| 121|0x0000000087900000, 0x0000000087a00000, 0x0000000087a00000|100%| O|  |TAMS 0x0000000087900000, 0x0000000087a00000| Untracked 
| 122|0x0000000087a00000, 0x0000000087b00000, 0x0000000087b00000|100%| O|  |TAMS 0x0000000087a00000, 0x0000000087b00000| Untracked 
| 123|0x0000000087b00000, 0x0000000087c00000, 0x0000000087c00000|100%| O|  |TAMS 0x0000000087b00000, 0x0000000087c00000| Untracked 
| 124|0x0000000087c00000, 0x0000000087d00000, 0x0000000087d00000|100%| O|  |TAMS 0x0000000087c00000, 0x0000000087d00000| Untracked 
| 125|0x0000000087d00000, 0x0000000087e00000, 0x0000000087e00000|100%| O|  |TAMS 0x0000000087d00000, 0x0000000087e00000| Untracked 
| 126|0x0000000087e00000, 0x0000000087f00000, 0x0000000087f00000|100%|HS|  |TAMS 0x0000000087e00000, 0x0000000087f00000| Complete 
| 127|0x0000000087f00000, 0x0000000088000000, 0x0000000088000000|100%|HC|  |TAMS 0x0000000087f00000, 0x0000000088000000| Complete 
| 128|0x0000000088000000, 0x0000000088100000, 0x0000000088100000|100%| O|  |TAMS 0x0000000088000000, 0x0000000088100000| Untracked 
| 129|0x0000000088100000, 0x0000000088200000, 0x0000000088200000|100%|HS|  |TAMS 0x0000000088200000, 0x0000000088200000| Complete 
| 130|0x0000000088200000, 0x0000000088300000, 0x0000000088300000|100%| O|  |TAMS 0x0000000088300000, 0x0000000088300000| Untracked 
| 131|0x0000000088300000, 0x0000000088400000, 0x0000000088400000|100%| O|  |TAMS 0x0000000088400000, 0x0000000088400000| Untracked 
| 132|0x0000000088400000, 0x0000000088500000, 0x0000000088500000|100%|HS|  |TAMS 0x0000000088500000, 0x0000000088500000| Complete 
| 133|0x0000000088500000, 0x0000000088600000, 0x0000000088600000|100%| O|  |TAMS 0x0000000088600000, 0x0000000088600000| Untracked 
| 134|0x0000000088600000, 0x0000000088700000, 0x0000000088700000|100%| O|  |TAMS 0x0000000088700000, 0x0000000088700000| Untracked 
| 135|0x0000000088700000, 0x0000000088800000, 0x0000000088800000|100%| O|  |TAMS 0x0000000088800000, 0x0000000088800000| Untracked 
| 136|0x0000000088800000, 0x0000000088900000, 0x0000000088900000|100%| O|  |TAMS 0x0000000088900000, 0x0000000088900000| Untracked 
| 137|0x0000000088900000, 0x0000000088a00000, 0x0000000088a00000|100%| O|  |TAMS 0x0000000088a00000, 0x0000000088a00000| Untracked 
| 138|0x0000000088a00000, 0x0000000088b00000, 0x0000000088b00000|100%| O|  |TAMS 0x0000000088b00000, 0x0000000088b00000| Untracked 
| 139|0x0000000088b00000, 0x0000000088c00000, 0x0000000088c00000|100%| O|  |TAMS 0x0000000088c00000, 0x0000000088c00000| Untracked 
| 140|0x0000000088c00000, 0x0000000088d00000, 0x0000000088d00000|100%| O|  |TAMS 0x0000000088d00000, 0x0000000088d00000| Untracked 
| 141|0x0000000088d00000, 0x0000000088e00000, 0x0000000088e00000|100%| O|  |TAMS 0x0000000088e00000, 0x0000000088e00000| Untracked 
| 142|0x0000000088e00000, 0x0000000088f00000, 0x0000000088f00000|100%| O|  |TAMS 0x0000000088f00000, 0x0000000088f00000| Untracked 
| 143|0x0000000088f00000, 0x0000000089000000, 0x0000000089000000|100%| O|  |TAMS 0x0000000089000000, 0x0000000089000000| Untracked 
| 144|0x0000000089000000, 0x0000000089100000, 0x0000000089100000|100%| O|  |TAMS 0x0000000089100000, 0x0000000089100000| Untracked 
| 145|0x0000000089100000, 0x0000000089200000, 0x0000000089200000|100%| O|  |TAMS 0x0000000089200000, 0x0000000089200000| Untracked 
| 146|0x0000000089200000, 0x0000000089300000, 0x0000000089300000|100%| O|  |TAMS 0x0000000089300000, 0x0000000089300000| Untracked 
| 147|0x0000000089300000, 0x0000000089400000, 0x0000000089400000|100%| O|  |TAMS 0x0000000089400000, 0x0000000089400000| Untracked 
| 148|0x0000000089400000, 0x0000000089500000, 0x0000000089500000|100%| O|  |TAMS 0x0000000089500000, 0x0000000089500000| Untracked 
| 149|0x0000000089500000, 0x0000000089600000, 0x0000000089600000|100%| O|  |TAMS 0x0000000089600000, 0x0000000089600000| Untracked 
| 150|0x0000000089600000, 0x0000000089700000, 0x0000000089700000|100%| O|  |TAMS 0x0000000089700000, 0x0000000089700000| Untracked 
| 151|0x0000000089700000, 0x0000000089800000, 0x0000000089800000|100%| O|  |TAMS 0x0000000089800000, 0x0000000089800000| Untracked 
| 152|0x0000000089800000, 0x0000000089900000, 0x0000000089900000|100%| O|  |TAMS 0x0000000089900000, 0x0000000089900000| Untracked 
| 153|0x0000000089900000, 0x0000000089a00000, 0x0000000089a00000|100%| O|  |TAMS 0x0000000089a00000, 0x0000000089a00000| Untracked 
| 154|0x0000000089a00000, 0x0000000089b00000, 0x0000000089b00000|100%| O|  |TAMS 0x0000000089b00000, 0x0000000089b00000| Untracked 
| 155|0x0000000089b00000, 0x0000000089c00000, 0x0000000089c00000|100%| O|  |TAMS 0x0000000089c00000, 0x0000000089c00000| Untracked 
| 156|0x0000000089c00000, 0x0000000089d00000, 0x0000000089d00000|100%|HS|  |TAMS 0x0000000089c00000, 0x0000000089d00000| Complete 
| 157|0x0000000089d00000, 0x0000000089e00000, 0x0000000089e00000|100%|HC|  |TAMS 0x0000000089d00000, 0x0000000089e00000| Complete 
| 158|0x0000000089e00000, 0x0000000089f00000, 0x0000000089f00000|100%| O|  |TAMS 0x0000000089f00000, 0x0000000089f00000| Untracked 
| 159|0x0000000089f00000, 0x000000008a000000, 0x000000008a000000|100%| O|  |TAMS 0x000000008a000000, 0x000000008a000000| Untracked 
| 160|0x000000008a000000, 0x000000008a100000, 0x000000008a100000|100%| O|  |TAMS 0x000000008a100000, 0x000000008a100000| Untracked 
| 161|0x000000008a100000, 0x000000008a200000, 0x000000008a200000|100%| O|  |TAMS 0x000000008a200000, 0x000000008a200000| Untracked 
| 162|0x000000008a200000, 0x000000008a300000, 0x000000008a300000|100%| O|  |TAMS 0x000000008a300000, 0x000000008a300000| Untracked 
| 163|0x000000008a300000, 0x000000008a400000, 0x000000008a400000|100%| O|  |TAMS 0x000000008a400000, 0x000000008a400000| Untracked 
| 164|0x000000008a400000, 0x000000008a500000, 0x000000008a500000|100%| O|  |TAMS 0x000000008a500000, 0x000000008a500000| Untracked 
| 165|0x000000008a500000, 0x000000008a600000, 0x000000008a600000|100%| O|  |TAMS 0x000000008a600000, 0x000000008a600000| Untracked 
| 166|0x000000008a600000, 0x000000008a700000, 0x000000008a700000|100%| O|  |TAMS 0x000000008a700000, 0x000000008a700000| Untracked 
| 167|0x000000008a700000, 0x000000008a800000, 0x000000008a800000|100%| O|  |TAMS 0x000000008a800000, 0x000000008a800000| Untracked 
| 168|0x000000008a800000, 0x000000008a900000, 0x000000008a900000|100%| O|  |TAMS 0x000000008a900000, 0x000000008a900000| Untracked 
| 169|0x000000008a900000, 0x000000008aa00000, 0x000000008aa00000|100%| O|  |TAMS 0x000000008a900000, 0x000000008aa00000| Untracked 
| 170|0x000000008aa00000, 0x000000008ab00000, 0x000000008ab00000|100%| O|  |TAMS 0x000000008aa00000, 0x000000008ab00000| Untracked 
| 171|0x000000008ab00000, 0x000000008ac00000, 0x000000008ac00000|100%| O|  |TAMS 0x000000008ab00000, 0x000000008ac00000| Untracked 
| 172|0x000000008ac00000, 0x000000008ad00000, 0x000000008ad00000|100%|HS|  |TAMS 0x000000008ac00000, 0x000000008ad00000| Complete 
| 173|0x000000008ad00000, 0x000000008ae00000, 0x000000008ae00000|100%|HS|  |TAMS 0x000000008ad00000, 0x000000008ae00000| Complete 
| 174|0x000000008ae00000, 0x000000008af00000, 0x000000008af00000|100%|HC|  |TAMS 0x000000008ae00000, 0x000000008af00000| Complete 
| 175|0x000000008af00000, 0x000000008b000000, 0x000000008b000000|100%|HS|  |TAMS 0x000000008af00000, 0x000000008b000000| Complete 
| 176|0x000000008b000000, 0x000000008b100000, 0x000000008b100000|100%|HS|  |TAMS 0x000000008b000000, 0x000000008b100000| Complete 
| 177|0x000000008b100000, 0x000000008b200000, 0x000000008b200000|100%|HS|  |TAMS 0x000000008b100000, 0x000000008b200000| Complete 
| 178|0x000000008b200000, 0x000000008b300000, 0x000000008b300000|100%|HC|  |TAMS 0x000000008b200000, 0x000000008b300000| Complete 
| 179|0x000000008b300000, 0x000000008b400000, 0x000000008b400000|100%|HS|  |TAMS 0x000000008b300000, 0x000000008b400000| Complete 
| 180|0x000000008b400000, 0x000000008b500000, 0x000000008b500000|100%|HS|  |TAMS 0x000000008b400000, 0x000000008b500000| Complete 
| 181|0x000000008b500000, 0x000000008b600000, 0x000000008b600000|100%|HS|  |TAMS 0x000000008b500000, 0x000000008b600000| Complete 
| 182|0x000000008b600000, 0x000000008b700000, 0x000000008b700000|100%|HS|  |TAMS 0x000000008b600000, 0x000000008b700000| Complete 
| 183|0x000000008b700000, 0x000000008b800000, 0x000000008b800000|100%|HC|  |TAMS 0x000000008b700000, 0x000000008b800000| Complete 
| 184|0x000000008b800000, 0x000000008b900000, 0x000000008b900000|100%| O|  |TAMS 0x000000008b800000, 0x000000008b900000| Untracked 
| 185|0x000000008b900000, 0x000000008ba00000, 0x000000008ba00000|100%| O|  |TAMS 0x000000008b900000, 0x000000008ba00000| Untracked 
| 186|0x000000008ba00000, 0x000000008bb00000, 0x000000008bb00000|100%| O|  |TAMS 0x000000008ba00000, 0x000000008bb00000| Untracked 
| 187|0x000000008bb00000, 0x000000008bc00000, 0x000000008bc00000|100%|HS|  |TAMS 0x000000008bb00000, 0x000000008bc00000| Complete 
| 188|0x000000008bc00000, 0x000000008bd00000, 0x000000008bd00000|100%| O|  |TAMS 0x000000008bc00000, 0x000000008bd00000| Untracked 
| 189|0x000000008bd00000, 0x000000008be00000, 0x000000008be00000|100%| O|  |TAMS 0x000000008bd00000, 0x000000008be00000| Untracked 
| 190|0x000000008be00000, 0x000000008bed7e00, 0x000000008bf00000| 84%| O|  |TAMS 0x000000008be00000, 0x000000008bed7e00| Untracked 
| 191|0x000000008bf00000, 0x000000008bf00000, 0x000000008c000000|  0%| F|  |TAMS 0x000000008bf00000, 0x000000008bf00000| Untracked 
| 192|0x000000008c000000, 0x000000008c000000, 0x000000008c100000|  0%| F|  |TAMS 0x000000008c000000, 0x000000008c000000| Untracked 
| 193|0x000000008c100000, 0x000000008c100000, 0x000000008c200000|  0%| F|  |TAMS 0x000000008c100000, 0x000000008c100000| Untracked 
| 194|0x000000008c200000, 0x000000008c200000, 0x000000008c300000|  0%| F|  |TAMS 0x000000008c200000, 0x000000008c200000| Untracked 
| 195|0x000000008c300000, 0x000000008c300000, 0x000000008c400000|  0%| F|  |TAMS 0x000000008c300000, 0x000000008c300000| Untracked 
| 196|0x000000008c400000, 0x000000008c400000, 0x000000008c500000|  0%| F|  |TAMS 0x000000008c400000, 0x000000008c400000| Untracked 
| 197|0x000000008c500000, 0x000000008c500000, 0x000000008c600000|  0%| F|  |TAMS 0x000000008c500000, 0x000000008c500000| Untracked 
| 198|0x000000008c600000, 0x000000008c600000, 0x000000008c700000|  0%| F|  |TAMS 0x000000008c600000, 0x000000008c600000| Untracked 
| 199|0x000000008c700000, 0x000000008c700000, 0x000000008c800000|  0%| F|  |TAMS 0x000000008c700000, 0x000000008c700000| Untracked 
| 200|0x000000008c800000, 0x000000008c800000, 0x000000008c900000|  0%| F|  |TAMS 0x000000008c800000, 0x000000008c800000| Untracked 
| 201|0x000000008c900000, 0x000000008c900000, 0x000000008ca00000|  0%| F|  |TAMS 0x000000008c900000, 0x000000008c900000| Untracked 
| 202|0x000000008ca00000, 0x000000008ca00000, 0x000000008cb00000|  0%| F|  |TAMS 0x000000008ca00000, 0x000000008ca00000| Untracked 
| 203|0x000000008cb00000, 0x000000008cb00000, 0x000000008cc00000|  0%| F|  |TAMS 0x000000008cb00000, 0x000000008cb00000| Untracked 
| 204|0x000000008cc00000, 0x000000008cc00000, 0x000000008cd00000|  0%| F|  |TAMS 0x000000008cc00000, 0x000000008cc00000| Untracked 
| 205|0x000000008cd00000, 0x000000008cd00000, 0x000000008ce00000|  0%| F|  |TAMS 0x000000008cd00000, 0x000000008cd00000| Untracked 
| 206|0x000000008ce00000, 0x000000008ce00000, 0x000000008cf00000|  0%| F|  |TAMS 0x000000008ce00000, 0x000000008ce00000| Untracked 
| 207|0x000000008cf00000, 0x000000008cf00000, 0x000000008d000000|  0%| F|  |TAMS 0x000000008cf00000, 0x000000008cf00000| Untracked 
| 208|0x000000008d000000, 0x000000008d000000, 0x000000008d100000|  0%| F|  |TAMS 0x000000008d000000, 0x000000008d000000| Untracked 
| 209|0x000000008d100000, 0x000000008d100000, 0x000000008d200000|  0%| F|  |TAMS 0x000000008d100000, 0x000000008d100000| Untracked 
| 210|0x000000008d200000, 0x000000008d200000, 0x000000008d300000|  0%| F|  |TAMS 0x000000008d200000, 0x000000008d200000| Untracked 
| 211|0x000000008d300000, 0x000000008d300000, 0x000000008d400000|  0%| F|  |TAMS 0x000000008d300000, 0x000000008d300000| Untracked 
| 212|0x000000008d400000, 0x000000008d400000, 0x000000008d500000|  0%| F|  |TAMS 0x000000008d400000, 0x000000008d400000| Untracked 
| 213|0x000000008d500000, 0x000000008d500000, 0x000000008d600000|  0%| F|  |TAMS 0x000000008d500000, 0x000000008d500000| Untracked 
| 214|0x000000008d600000, 0x000000008d600000, 0x000000008d700000|  0%| F|  |TAMS 0x000000008d600000, 0x000000008d600000| Untracked 
| 215|0x000000008d700000, 0x000000008d700000, 0x000000008d800000|  0%| F|  |TAMS 0x000000008d700000, 0x000000008d700000| Untracked 
| 216|0x000000008d800000, 0x000000008d800000, 0x000000008d900000|  0%| F|  |TAMS 0x000000008d800000, 0x000000008d800000| Untracked 
| 217|0x000000008d900000, 0x000000008d900000, 0x000000008da00000|  0%| F|  |TAMS 0x000000008d900000, 0x000000008d900000| Untracked 
| 218|0x000000008da00000, 0x000000008da00000, 0x000000008db00000|  0%| F|  |TAMS 0x000000008da00000, 0x000000008da00000| Untracked 
| 219|0x000000008db00000, 0x000000008db00000, 0x000000008dc00000|  0%| F|  |TAMS 0x000000008db00000, 0x000000008db00000| Untracked 
| 220|0x000000008dc00000, 0x000000008dc00000, 0x000000008dd00000|  0%| F|  |TAMS 0x000000008dc00000, 0x000000008dc00000| Untracked 
| 221|0x000000008dd00000, 0x000000008dd00000, 0x000000008de00000|  0%| F|  |TAMS 0x000000008dd00000, 0x000000008dd00000| Untracked 
| 222|0x000000008de00000, 0x000000008de00000, 0x000000008df00000|  0%| F|  |TAMS 0x000000008de00000, 0x000000008de00000| Untracked 
| 223|0x000000008df00000, 0x000000008df00000, 0x000000008e000000|  0%| F|  |TAMS 0x000000008df00000, 0x000000008df00000| Untracked 
| 224|0x000000008e000000, 0x000000008e000000, 0x000000008e100000|  0%| F|  |TAMS 0x000000008e000000, 0x000000008e000000| Untracked 
| 225|0x000000008e100000, 0x000000008e100000, 0x000000008e200000|  0%| F|  |TAMS 0x000000008e100000, 0x000000008e100000| Untracked 
| 226|0x000000008e200000, 0x000000008e200000, 0x000000008e300000|  0%| F|  |TAMS 0x000000008e200000, 0x000000008e200000| Untracked 
| 227|0x000000008e300000, 0x000000008e300000, 0x000000008e400000|  0%| F|  |TAMS 0x000000008e300000, 0x000000008e300000| Untracked 
| 228|0x000000008e400000, 0x000000008e400000, 0x000000008e500000|  0%| F|  |TAMS 0x000000008e400000, 0x000000008e400000| Untracked 
| 229|0x000000008e500000, 0x000000008e500000, 0x000000008e600000|  0%| F|  |TAMS 0x000000008e500000, 0x000000008e500000| Untracked 
| 230|0x000000008e600000, 0x000000008e600000, 0x000000008e700000|  0%| F|  |TAMS 0x000000008e600000, 0x000000008e600000| Untracked 
| 231|0x000000008e700000, 0x000000008e7d02b0, 0x000000008e800000| 81%| S|CS|TAMS 0x000000008e700000, 0x000000008e700000| Complete 
| 232|0x000000008e800000, 0x000000008e900000, 0x000000008e900000|100%| S|CS|TAMS 0x000000008e800000, 0x000000008e800000| Complete 
| 233|0x000000008e900000, 0x000000008e900000, 0x000000008ea00000|  0%| F|  |TAMS 0x000000008e900000, 0x000000008e900000| Untracked 
| 234|0x000000008ea00000, 0x000000008ea00000, 0x000000008eb00000|  0%| F|  |TAMS 0x000000008ea00000, 0x000000008ea00000| Untracked 
| 235|0x000000008eb00000, 0x000000008eb00000, 0x000000008ec00000|  0%| F|  |TAMS 0x000000008eb00000, 0x000000008eb00000| Untracked 
| 236|0x000000008ec00000, 0x000000008ec00000, 0x000000008ed00000|  0%| F|  |TAMS 0x000000008ec00000, 0x000000008ec00000| Untracked 
| 237|0x000000008ed00000, 0x000000008ed00000, 0x000000008ee00000|  0%| F|  |TAMS 0x000000008ed00000, 0x000000008ed00000| Untracked 
| 238|0x000000008ee00000, 0x000000008ee00000, 0x000000008ef00000|  0%| F|  |TAMS 0x000000008ee00000, 0x000000008ee00000| Untracked 
| 239|0x000000008ef00000, 0x000000008ef00000, 0x000000008f000000|  0%| F|  |TAMS 0x000000008ef00000, 0x000000008ef00000| Untracked 
| 240|0x000000008f000000, 0x000000008f000000, 0x000000008f100000|  0%| F|  |TAMS 0x000000008f000000, 0x000000008f000000| Untracked 
| 241|0x000000008f100000, 0x000000008f100000, 0x000000008f200000|  0%| F|  |TAMS 0x000000008f100000, 0x000000008f100000| Untracked 
| 242|0x000000008f200000, 0x000000008f200000, 0x000000008f300000|  0%| F|  |TAMS 0x000000008f200000, 0x000000008f200000| Untracked 
| 243|0x000000008f300000, 0x000000008f300000, 0x000000008f400000|  0%| F|  |TAMS 0x000000008f300000, 0x000000008f300000| Untracked 
| 244|0x000000008f400000, 0x000000008f400000, 0x000000008f500000|  0%| F|  |TAMS 0x000000008f400000, 0x000000008f400000| Untracked 
| 245|0x000000008f500000, 0x000000008f500000, 0x000000008f600000|  0%| F|  |TAMS 0x000000008f500000, 0x000000008f500000| Untracked 
| 246|0x000000008f600000, 0x000000008f600000, 0x000000008f700000|  0%| F|  |TAMS 0x000000008f600000, 0x000000008f600000| Untracked 
| 247|0x000000008f700000, 0x000000008f700000, 0x000000008f800000|  0%| F|  |TAMS 0x000000008f700000, 0x000000008f700000| Untracked 
| 248|0x000000008f800000, 0x000000008f800000, 0x000000008f900000|  0%| F|  |TAMS 0x000000008f800000, 0x000000008f800000| Untracked 
| 249|0x000000008f900000, 0x000000008f900000, 0x000000008fa00000|  0%| F|  |TAMS 0x000000008f900000, 0x000000008f900000| Untracked 

Card table byte_map: [0x000001abb0ed0000,0x000001abb12d0000] _byte_map_base: 0x000001abb0ad0000

Marking Bits (Prev, Next): (CMBitMap*) 0x000001ab9e59a6f0, (CMBitMap*) 0x000001ab9e59a6b8
 Prev Bits: [0x000001abb36d0000, 0x000001abb56d0000)
 Next Bits: [0x000001abb16d0000, 0x000001abb36d0000)

Polling page: 0x000001ab9c3f0000

Metaspace:

Usage:
  Non-class:     93.14 MB capacity,    91.52 MB ( 98%) used,     1.32 MB (  1%) free+waste,   309.44 KB ( <1%) overhead. 
      Class:     14.25 MB capacity,    13.29 MB ( 93%) used,   842.34 KB (  6%) free+waste,   139.25 KB ( <1%) overhead. 
       Both:    107.39 MB capacity,   104.81 MB ( 98%) used,     2.14 MB (  2%) free+waste,   448.69 KB ( <1%) overhead. 

Virtual space:
  Non-class space:       94.00 MB reserved,      93.25 MB (>99%) committed 
      Class space:        1.00 GB reserved,      14.38 MB (  1%) committed 
             Both:        1.09 GB reserved,     107.63 MB ( 10%) committed 

Chunk freelists:
   Non-Class:  0 bytes
       Class:  0 bytes
        Both:  0 bytes

MaxMetaspaceSize: 17179869184.00 GB
CompressedClassSpaceSize: 1.00 GB

CodeHeap 'non-profiled nmethods': size=120064Kb used=7593Kb max_used=8541Kb free=112470Kb
 bounds [0x000001aba9990000, 0x000001abaa200000, 0x000001abb0ed0000]
CodeHeap 'profiled nmethods': size=120000Kb used=27748Kb max_used=33377Kb free=92251Kb
 bounds [0x000001aba2460000, 0x000001aba4500000, 0x000001aba9990000]
CodeHeap 'non-nmethods': size=5696Kb used=2292Kb max_used=2347Kb free=3403Kb
 bounds [0x000001aba1ed0000, 0x000001aba2140000, 0x000001aba2460000]
 total_blobs=14231 nmethods=13318 adapters=824
 compilation: enabled
              stopped_count=0, restarted_count=0
 full_count=0

Compilation events (20 events):
Event: 194.420 Thread 0x000001abb7b25800 15802       2       com.android.tools.r8.graph.V$$Lambda$1306/0x0000000100dfec40::compare (12 bytes)
Event: 194.420 Thread 0x000001abb7b25800 nmethod 15802 0x000001aba25f5810 code [0x000001aba25f59c0, 0x000001aba25f5b48]
Event: 194.422 Thread 0x000001abb7b20800 nmethod 15798 0x000001aba9a7c990 code [0x000001aba9a7cb40, 0x000001aba9a7d0f8]
Event: 194.422 Thread 0x000001abb7b20800 15800       4       com.android.tools.r8.graph.E::a (15 bytes)
Event: 194.432 Thread 0x000001abb7b20800 nmethod 15800 0x000001aba9a6eb90 code [0x000001aba9a6ed60, 0x000001aba9a6ef98]
Event: 194.432 Thread 0x000001abb7b20800 15212       4       com.android.tools.r8.graph.l0::b (48 bytes)
Event: 194.503 Thread 0x000001abb7b25800 15806       2       com.android.tools.r8.graph.i1::b (55 bytes)
Event: 194.504 Thread 0x000001abb7b25800 nmethod 15806 0x000001aba25f5410 code [0x000001aba25f55c0, 0x000001aba25f5708]
Event: 194.576 Thread 0x000001abb7b25800 15807 %     3       com.android.tools.r8.w.a.a.a.h.V0::g @ 112 (323 bytes)
Event: 194.579 Thread 0x000001abb7b25800 nmethod 15807% 0x000001aba25f3790 code [0x000001aba25f3a60, 0x000001aba25f4c98]
Event: 194.579 Thread 0x000001abb7b25800 15808       3       com.android.tools.r8.w.a.a.a.h.V0::g (323 bytes)
Event: 194.581 Thread 0x000001abb7b25800 nmethod 15808 0x000001aba25f2110 code [0x000001aba25f23a0, 0x000001aba25f31d8]
Event: 194.601 Thread 0x000001abb7b25800 15810 %     3       com.android.tools.r8.w.a.a.a.h.N::g @ 74 (323 bytes)
Event: 194.603 Thread 0x000001abb7b20800 nmethod 15212 0x000001aba9ac6b90 code [0x000001aba9ac6dc0, 0x000001aba9ac8418]
Event: 194.604 Thread 0x000001abb7b20800 15803       4       com.android.tools.r8.w.a.a.a.h.N::a (278 bytes)
Event: 194.604 Thread 0x000001abb7b25800 nmethod 15810% 0x000001aba25f0510 code [0x000001aba25f07e0, 0x000001aba25f19b8]
Event: 194.605 Thread 0x000001abb7b25800 15811       3       com.android.tools.r8.w.a.a.a.h.N::g (323 bytes)
Event: 194.607 Thread 0x000001abb7b25800 nmethod 15811 0x000001aba2601410 code [0x000001aba26016c0, 0x000001aba2602598]
Event: 194.624 Thread 0x000001abb7b20800 nmethod 15803 0x000001aba9a9be90 code [0x000001aba9a9c0a0, 0x000001aba9a9c638]
Event: 194.624 Thread 0x000001abb7b20800 15809       4       com.android.tools.r8.w.a.a.a.h.V0::containsKey (74 bytes)

GC Heap History (20 events):
Event: 186.782 GC heap after
{Heap after GC invocations=93 (full 0):
 garbage-first heap   total 212992K, used 158720K [0x0000000080000000, 0x0000000100000000)
  region size 1024K, 4 young (4096K), 4 survivors (4096K)
 Metaspace       used 106943K, capacity 109531K, committed 109824K, reserved 1144832K
  class space    used 13599K, capacity 14549K, committed 14592K, reserved 1048576K
}
Event: 186.968 GC heap before
{Heap before GC invocations=93 (full 0):
 garbage-first heap   total 212992K, used 164864K [0x0000000080000000, 0x0000000100000000)
  region size 1024K, 10 young (10240K), 4 survivors (4096K)
 Metaspace       used 106955K, capacity 109596K, committed 109824K, reserved 1144832K
  class space    used 13599K, capacity 14549K, committed 14592K, reserved 1048576K
}
Event: 187.072 GC heap after
{Heap after GC invocations=94 (full 0):
 garbage-first heap   total 212992K, used 150016K [0x0000000080000000, 0x0000000100000000)
  region size 1024K, 2 young (2048K), 2 survivors (2048K)
 Metaspace       used 106955K, capacity 109596K, committed 109824K, reserved 1144832K
  class space    used 13599K, capacity 14549K, committed 14592K, reserved 1048576K
}
Event: 187.553 GC heap before
{Heap before GC invocations=94 (full 0):
 garbage-first heap   total 212992K, used 169472K [0x0000000080000000, 0x0000000100000000)
  region size 1024K, 22 young (22528K), 2 survivors (2048K)
 Metaspace       used 106964K, capacity 109597K, committed 109824K, reserved 1144832K
  class space    used 13599K, capacity 14549K, committed 14592K, reserved 1048576K
}
Event: 187.629 GC heap after
{Heap after GC invocations=95 (full 0):
 garbage-first heap   total 212992K, used 162048K [0x0000000080000000, 0x0000000100000000)
  region size 1024K, 3 young (3072K), 3 survivors (3072K)
 Metaspace       used 106964K, capacity 109597K, committed 109824K, reserved 1144832K
  class space    used 13599K, capacity 14549K, committed 14592K, reserved 1048576K
}
Event: 187.859 GC heap before
{Heap before GC invocations=95 (full 0):
 garbage-first heap   total 212992K, used 176384K [0x0000000080000000, 0x0000000100000000)
  region size 1024K, 15 young (15360K), 3 survivors (3072K)
 Metaspace       used 106966K, capacity 109597K, committed 109824K, reserved 1144832K
  class space    used 13599K, capacity 14549K, committed 14592K, reserved 1048576K
}
Event: 187.935 GC heap after
{Heap after GC invocations=96 (full 0):
 garbage-first heap   total 212992K, used 171520K [0x0000000080000000, 0x0000000100000000)
  region size 1024K, 2 young (2048K), 2 survivors (2048K)
 Metaspace       used 106966K, capacity 109597K, committed 109824K, reserved 1144832K
  class space    used 13599K, capacity 14549K, committed 14592K, reserved 1048576K
}
Event: 188.343 GC heap before
{Heap before GC invocations=96 (full 0):
 garbage-first heap   total 212992K, used 178688K [0x0000000080000000, 0x0000000100000000)
  region size 1024K, 10 young (10240K), 2 survivors (2048K)
 Metaspace       used 107092K, capacity 109719K, committed 109824K, reserved 1144832K
  class space    used 13604K, capacity 14583K, committed 14592K, reserved 1048576K
}
Event: 188.400 GC heap after
{Heap after GC invocations=97 (full 0):
 garbage-first heap   total 212992K, used 175104K [0x0000000080000000, 0x0000000100000000)
  region size 1024K, 2 young (2048K), 2 survivors (2048K)
 Metaspace       used 107092K, capacity 109719K, committed 109824K, reserved 1144832K
  class space    used 13604K, capacity 14583K, committed 14592K, reserved 1048576K
}
Event: 190.016 GC heap before
{Heap before GC invocations=98 (full 0):
 garbage-first heap   total 212992K, used 169984K [0x0000000080000000, 0x0000000100000000)
  region size 1024K, 10 young (10240K), 2 survivors (2048K)
 Metaspace       used 107093K, capacity 109719K, committed 109824K, reserved 1144832K
  class space    used 13604K, capacity 14583K, committed 14592K, reserved 1048576K
}
Event: 190.064 GC heap after
{Heap after GC invocations=99 (full 0):
 garbage-first heap   total 212992K, used 164285K [0x0000000080000000, 0x0000000100000000)
  region size 1024K, 2 young (2048K), 2 survivors (2048K)
 Metaspace       used 107093K, capacity 109719K, committed 109824K, reserved 1144832K
  class space    used 13604K, capacity 14583K, committed 14592K, reserved 1048576K
}
Event: 190.518 GC heap before
{Heap before GC invocations=99 (full 0):
 garbage-first heap   total 212992K, used 172477K [0x0000000080000000, 0x0000000100000000)
  region size 1024K, 10 young (10240K), 2 survivors (2048K)
 Metaspace       used 107140K, capacity 109732K, committed 109824K, reserved 1144832K
  class space    used 13607K, capacity 14586K, committed 14592K, reserved 1048576K
}
Event: 190.628 GC heap after
{Heap after GC invocations=100 (full 0):
 garbage-first heap   total 256000K, used 158531K [0x0000000080000000, 0x0000000100000000)
  region size 1024K, 2 young (2048K), 2 survivors (2048K)
 Metaspace       used 107140K, capacity 109732K, committed 109824K, reserved 1144832K
  class space    used 13607K, capacity 14586K, committed 14592K, reserved 1048576K
}
Event: 191.674 GC heap before
{Heap before GC invocations=100 (full 0):
 garbage-first heap   total 256000K, used 183107K [0x0000000080000000, 0x0000000100000000)
  region size 1024K, 27 young (27648K), 2 survivors (2048K)
 Metaspace       used 107212K, capacity 109866K, committed 110080K, reserved 1144832K
  class space    used 13607K, capacity 14586K, committed 14592K, reserved 1048576K
}
Event: 191.769 GC heap after
{Heap after GC invocations=101 (full 0):
 garbage-first heap   total 256000K, used 166400K [0x0000000080000000, 0x0000000100000000)
  region size 1024K, 4 young (4096K), 4 survivors (4096K)
 Metaspace       used 107212K, capacity 109866K, committed 110080K, reserved 1144832K
  class space    used 13607K, capacity 14586K, committed 14592K, reserved 1048576K
}
Event: 192.573 GC heap before
{Heap before GC invocations=101 (full 0):
 garbage-first heap   total 256000K, used 190976K [0x0000000080000000, 0x0000000100000000)
  region size 1024K, 21 young (21504K), 4 survivors (4096K)
 Metaspace       used 107220K, capacity 109869K, committed 110080K, reserved 1144832K
  class space    used 13607K, capacity 14586K, committed 14592K, reserved 1048576K
}
Event: 192.683 GC heap after
{Heap after GC invocations=102 (full 0):
 garbage-first heap   total 256000K, used 178688K [0x0000000080000000, 0x0000000100000000)
  region size 1024K, 3 young (3072K), 3 survivors (3072K)
 Metaspace       used 107220K, capacity 109869K, committed 110080K, reserved 1144832K
  class space    used 13607K, capacity 14586K, committed 14592K, reserved 1048576K
}
Event: 194.308 GC heap before
{Heap before GC invocations=102 (full 0):
 garbage-first heap   total 256000K, used 211456K [0x0000000080000000, 0x0000000100000000)
  region size 1024K, 24 young (24576K), 3 survivors (3072K)
 Metaspace       used 107309K, capacity 109943K, committed 110080K, reserved 1144832K
  class space    used 13607K, capacity 14586K, committed 14592K, reserved 1048576K
}
Event: 194.346 GC heap after
{Heap after GC invocations=103 (full 0):
 garbage-first heap   total 256000K, used 194351K [0x0000000080000000, 0x0000000100000000)
  region size 1024K, 3 young (3072K), 3 survivors (3072K)
 Metaspace       used 107309K, capacity 109943K, committed 110080K, reserved 1144832K
  class space    used 13607K, capacity 14586K, committed 14592K, reserved 1048576K
}
Event: 194.625 GC heap before
{Heap before GC invocations=103 (full 0):
 garbage-first heap   total 256000K, used 211759K [0x0000000080000000, 0x0000000100000000)
  region size 1024K, 20 young (20480K), 3 survivors (3072K)
 Metaspace       used 107324K, capacity 109964K, committed 110208K, reserved 1144832K
  class space    used 13611K, capacity 14593K, committed 14720K, reserved 1048576K
}

Deoptimization events (20 events):
Event: 193.937 Thread 0x000001abba8d0000 DEOPT PACKING pc=0x000001aba25bcb89 sp=0x00000098b56fe670
Event: 193.937 Thread 0x000001abba8d0000 DEOPT UNPACKING pc=0x000001aba1ef67c0 sp=0x00000098b56fdb60 mode 0
Event: 193.937 Thread 0x000001abba8d0000 Uncommon trap: trap_request=0xffffff4d fr.pc=0x000001abaa033db0 relative=0x0000000000000270
Event: 193.937 Thread 0x000001abba8d0000 Uncommon trap: reason=unstable_if action=reinterpret pc=0x000001abaa033db0 method=java.util.TimSort.countRunAndMakeAscending([Ljava/lang/Object;IILjava/util/Comparator;)I @ 27 c2
Event: 193.937 Thread 0x000001abba8d0000 DEOPT PACKING pc=0x000001abaa033db0 sp=0x00000098b56fe7d0
Event: 193.937 Thread 0x000001abba8d0000 DEOPT UNPACKING pc=0x000001aba1ef69aa sp=0x00000098b56fe790 mode 2
Event: 193.941 Thread 0x000001abba8d0000 DEOPT PACKING pc=0x000001aba25bcb89 sp=0x00000098b56fe650
Event: 193.941 Thread 0x000001abba8d0000 DEOPT UNPACKING pc=0x000001aba1ef67c0 sp=0x00000098b56fdb40 mode 0
Event: 193.945 Thread 0x000001abba8d0000 DEOPT PACKING pc=0x000001aba25bcb89 sp=0x00000098b56fe650
Event: 193.945 Thread 0x000001abba8d0000 DEOPT UNPACKING pc=0x000001aba1ef67c0 sp=0x00000098b56fdb40 mode 0
Event: 193.950 Thread 0x000001abba8d0000 DEOPT PACKING pc=0x000001aba25bcb89 sp=0x00000098b56fe650
Event: 193.950 Thread 0x000001abba8d0000 DEOPT UNPACKING pc=0x000001aba1ef67c0 sp=0x00000098b56fdb40 mode 0
Event: 193.963 Thread 0x000001abba8d0000 DEOPT PACKING pc=0x000001aba25bcb89 sp=0x00000098b56fe650
Event: 193.963 Thread 0x000001abba8d0000 DEOPT UNPACKING pc=0x000001aba1ef67c0 sp=0x00000098b56fdb40 mode 0
Event: 194.009 Thread 0x000001abba8d0000 Uncommon trap: trap_request=0xffffff4d fr.pc=0x000001aba99f8608 relative=0x00000000000002c8
Event: 194.009 Thread 0x000001abba8d0000 Uncommon trap: reason=unstable_if action=reinterpret pc=0x000001aba99f8608 method=com.android.tools.r8.graph.q0.b(Lcom/android/tools/r8/graph/q0;)I @ 60 c2
Event: 194.009 Thread 0x000001abba8d0000 DEOPT PACKING pc=0x000001aba99f8608 sp=0x00000098b56fe720
Event: 194.009 Thread 0x000001abba8d0000 DEOPT UNPACKING pc=0x000001aba1ef69aa sp=0x00000098b56fe6a8 mode 2
Event: 194.013 Thread 0x000001abba8d0000 DEOPT PACKING pc=0x000001aba25b8686 sp=0x00000098b56fe630
Event: 194.013 Thread 0x000001abba8d0000 DEOPT UNPACKING pc=0x000001aba1ef67c0 sp=0x00000098b56fda98 mode 0

Classes redefined (0 events):
No events

Internal exceptions (20 events):
Event: 179.951 Thread 0x000001abba8cc000 Exception <a 'java/lang/NoSuchMethodError'{0x000000008a71a9d8}: 'java.lang.Object java.lang.invoke.DirectMethodHandle$Holder.invokeVirtual(java.lang.Object, java.lang.Object, int, java.lang.Object)'> (0x000000008a71a9d8) thrown at [./src/hotspot/share/interpreter/linkResolver.cpp, line 773]
Event: 180.080 Thread 0x000001abba8cc000 Exception <a 'java/lang/NoSuchMethodError'{0x000000008a7fd868}: 'void java.lang.invoke.DirectMethodHandle$Holder.invokeVirtual(java.lang.Object, java.lang.Object, int, java.lang.Object)'> (0x000000008a7fd868) thrown at [./src/hotspot/share/interpreter/linkResolver.cpp, line 773]
Event: 182.010 Thread 0x000001abba8cc000 Exception <a 'java/lang/NoSuchMethodError'{0x000000008ccb6298}: 'java.lang.Object java.lang.invoke.DirectMethodHandle$Holder.invokeSpecial(java.lang.Object, java.lang.Object, java.lang.Object, java.lang.Object, java.lang.Object, java.lang.Object, java.lang.Object, java.lang.Object, java.lang.Object, java.lang.Object)'> (0x000000008ccb6298) thrown at [./src/hotspot/share/interpreter/linkResolver.cpp, line 773]
Event: 182.011 Thread 0x000001abba8cc000 Exception <a 'java/lang/NoSuchMethodError'{0x000000008ccba388}: 'java.lang.Object java.lang.invoke.Invokers$Holder.linkToTargetMethod(java.lang.Object, java.lang.Object, java.lang.Object, java.lang.Object, java.lang.Object, java.lang.Object, java.lang.Object, java.lang.Object, java.lang.Object)'> (0x000000008ccba388) thrown at [./src/hotspot/share/interpreter/linkResolver.cpp, line 773]
Event: 182.337 Thread 0x000001abba8cc000 Exception <a 'java/lang/NoSuchMethodError'{0x000000008c98eda0}: 'void java.lang.invoke.DirectMethodHandle$Holder.invokeVirtual(java.lang.Object, java.lang.Object, int)'> (0x000000008c98eda0) thrown at [./src/hotspot/share/interpreter/linkResolver.cpp, line 773]
Event: 182.432 Thread 0x000001abba8cc000 Exception <a 'sun/nio/fs/WindowsException'{0x000000008c80da00}> (0x000000008c80da00) thrown at [./src/hotspot/share/prims/jni.cpp, line 615]
Event: 182.463 Thread 0x000001abba8cc000 Exception <a 'sun/nio/fs/WindowsException'{0x000000008c875ac8}> (0x000000008c875ac8) thrown at [./src/hotspot/share/prims/jni.cpp, line 615]
Event: 182.477 Thread 0x000001abba8cc000 Exception <a 'sun/nio/fs/WindowsException'{0x000000008c87bc20}> (0x000000008c87bc20) thrown at [./src/hotspot/share/prims/jni.cpp, line 615]
Event: 182.495 Thread 0x000001abba8cc000 Exception <a 'sun/nio/fs/WindowsException'{0x000000008c8c69a8}> (0x000000008c8c69a8) thrown at [./src/hotspot/share/prims/jni.cpp, line 615]
Event: 182.518 Thread 0x000001abba8cc000 Exception <a 'sun/nio/fs/WindowsException'{0x000000008c8cd868}> (0x000000008c8cd868) thrown at [./src/hotspot/share/prims/jni.cpp, line 615]
Event: 182.533 Thread 0x000001abba8cc000 Exception <a 'sun/nio/fs/WindowsException'{0x000000008c8d7988}> (0x000000008c8d7988) thrown at [./src/hotspot/share/prims/jni.cpp, line 615]
Event: 182.544 Thread 0x000001abba8cc000 Exception <a 'sun/nio/fs/WindowsException'{0x000000008c8dda10}> (0x000000008c8dda10) thrown at [./src/hotspot/share/prims/jni.cpp, line 615]
Event: 182.551 Thread 0x000001abba8cc000 Exception <a 'sun/nio/fs/WindowsException'{0x000000008c8e4b00}> (0x000000008c8e4b00) thrown at [./src/hotspot/share/prims/jni.cpp, line 615]
Event: 182.563 Thread 0x000001abba8cc000 Exception <a 'sun/nio/fs/WindowsException'{0x000000008c8ed618}> (0x000000008c8ed618) thrown at [./src/hotspot/share/prims/jni.cpp, line 615]
Event: 182.578 Thread 0x000001abba8cc000 Exception <a 'sun/nio/fs/WindowsException'{0x000000008c8f4478}> (0x000000008c8f4478) thrown at [./src/hotspot/share/prims/jni.cpp, line 615]
Event: 182.586 Thread 0x000001abba8cc000 Exception <a 'sun/nio/fs/WindowsException'{0x000000008c8fd908}> (0x000000008c8fd908) thrown at [./src/hotspot/share/prims/jni.cpp, line 615]
Event: 182.609 Thread 0x000001abba8cc000 Exception <a 'sun/nio/fs/WindowsException'{0x000000008c6d0f20}> (0x000000008c6d0f20) thrown at [./src/hotspot/share/prims/jni.cpp, line 615]
Event: 182.629 Thread 0x000001abba8cc000 Exception <a 'sun/nio/fs/WindowsException'{0x000000008c6e32b8}> (0x000000008c6e32b8) thrown at [./src/hotspot/share/prims/jni.cpp, line 615]
Event: 182.813 Thread 0x000001abb9d7c000 Exception <a 'java/lang/NoSuchMethodError'{0x000000008c3a04d0}: <clinit>> (0x000000008c3a04d0) thrown at [./src/hotspot/share/prims/jni.cpp, line 1362]
Event: 184.017 Thread 0x000001abba8cc000 Exception <a 'sun/nio/fs/WindowsException'{0x000000008c0ef978}> (0x000000008c0ef978) thrown at [./src/hotspot/share/prims/jni.cpp, line 615]

Events (20 events):
Event: 194.413 loading class com/android/tools/r8/graph/S$j done
Event: 194.414 loading class com/android/tools/r8/graph/S$j
Event: 194.414 loading class com/android/tools/r8/graph/S$j done
Event: 194.414 loading class com/android/tools/r8/graph/S$j
Event: 194.414 loading class com/android/tools/r8/graph/S$j done
Event: 194.414 loading class com/android/tools/r8/graph/q0
Event: 194.414 loading class com/android/tools/r8/graph/q0 done
Event: 194.414 loading class com/android/tools/r8/graph/q0
Event: 194.414 loading class com/android/tools/r8/graph/q0 done
Event: 194.415 loading class com/android/tools/r8/graph/S$j
Event: 194.415 loading class com/android/tools/r8/graph/S$j done
Event: 194.415 loading class com/android/tools/r8/graph/S$j
Event: 194.415 loading class com/android/tools/r8/graph/S$j done
Event: 194.416 loading class com/android/tools/r8/graph/r0
Event: 194.416 loading class com/android/tools/r8/graph/r0 done
Event: 194.416 loading class com/android/tools/r8/graph/r0
Event: 194.416 loading class com/android/tools/r8/graph/r0 done
Event: 194.416 loading class com/android/tools/r8/graph/S$j
Event: 194.416 loading class com/android/tools/r8/graph/S$j done
Event: 194.625 Executing VM operation: G1CollectForAllocation


Dynamic libraries:
0x00007ff7f2260000 - 0x00007ff7f226a000 	C:\Program Files\Android\Android Studio\jre\bin\java.exe
0x00007ffe822e0000 - 0x00007ffe824c1000 	C:\Windows\SYSTEM32\ntdll.dll
0x00007ffe81780000 - 0x00007ffe81832000 	C:\Windows\System32\KERNEL32.DLL
0x00007ffe7e8b0000 - 0x00007ffe7eb23000 	C:\Windows\System32\KERNELBASE.dll
0x00007ffe7e6b0000 - 0x00007ffe7e7aa000 	C:\Windows\System32\ucrtbase.dll
0x00007ffe6ac70000 - 0x00007ffe6ac87000 	C:\Program Files\Android\Android Studio\jre\bin\VCRUNTIME140.dll
0x00007ffe68b50000 - 0x00007ffe68b69000 	C:\Program Files\Android\Android Studio\jre\bin\jli.dll
0x00007ffe71010000 - 0x00007ffe71279000 	C:\Windows\WinSxS\amd64_microsoft.windows.common-controls_6595b64144ccf1df_6.0.17133.73_none_b4b127863cb5b9c7\COMCTL32.dll
0x00007ffe810b0000 - 0x00007ffe81240000 	C:\Windows\System32\USER32.dll
0x00007ffe7eb90000 - 0x00007ffe7ebb0000 	C:\Windows\System32\win32u.dll
0x00007ffe81fe0000 - 0x00007ffe82008000 	C:\Windows\System32\GDI32.dll
0x00007ffe7f2c0000 - 0x00007ffe7f452000 	C:\Windows\System32\gdi32full.dll
0x00007ffe7f6d0000 - 0x00007ffe7f76f000 	C:\Windows\System32\msvcp_win.dll
0x00007ffe820f0000 - 0x00007ffe8218e000 	C:\Windows\System32\msvcrt.dll
0x00007ffe80d80000 - 0x00007ffe810a3000 	C:\Windows\System32\combase.dll
0x00007ffe81d60000 - 0x00007ffe81e84000 	C:\Windows\System32\RPCRT4.dll
0x00007ffe7f650000 - 0x00007ffe7f6ca000 	C:\Windows\System32\bcryptPrimitives.dll
0x00007ffe81d30000 - 0x00007ffe81d5d000 	C:\Windows\System32\IMM32.DLL
0x00007ffe57d60000 - 0x00007ffe57dfd000 	C:\Program Files\Android\Android Studio\jre\bin\msvcp140.dll
0x00007ffe424d0000 - 0x00007ffe42f8c000 	C:\Program Files\Android\Android Studio\jre\bin\server\jvm.dll
0x00007ffe82190000 - 0x00007ffe82231000 	C:\Windows\System32\ADVAPI32.dll
0x00007ffe80d20000 - 0x00007ffe80d7b000 	C:\Windows\System32\sechost.dll
0x00007ffe7f770000 - 0x00007ffe7f778000 	C:\Windows\System32\PSAPI.DLL
0x00007ffe7d1c0000 - 0x00007ffe7d1c9000 	C:\Windows\SYSTEM32\WSOCK32.dll
0x00007ffe82080000 - 0x00007ffe820ec000 	C:\Windows\System32\WS2_32.dll
0x00007ffe7c330000 - 0x00007ffe7c353000 	C:\Windows\SYSTEM32\WINMM.dll
0x00007ffe7d230000 - 0x00007ffe7d23a000 	C:\Windows\SYSTEM32\VERSION.dll
0x00007ffe7c300000 - 0x00007ffe7c32a000 	C:\Windows\SYSTEM32\winmmbase.dll
0x00007ffe7e860000 - 0x00007ffe7e8a9000 	C:\Windows\System32\cfgmgr32.dll
0x00007ffe7e690000 - 0x00007ffe7e6a1000 	C:\Windows\System32\kernel.appcore.dll
0x00007ffe74f90000 - 0x00007ffe74fa1000 	C:\Program Files\Android\Android Studio\jre\bin\verify.dll
0x00007ffe6d480000 - 0x00007ffe6d649000 	C:\Windows\SYSTEM32\DBGHELP.DLL
0x00007ffe6d450000 - 0x00007ffe6d479000 	C:\Windows\SYSTEM32\dbgcore.DLL
0x00007ffe74da0000 - 0x00007ffe74dc9000 	C:\Program Files\Android\Android Studio\jre\bin\java.dll
0x00007ffe7d1b0000 - 0x00007ffe7d1bb000 	C:\Program Files\Android\Android Studio\jre\bin\jimage.dll
0x00007ffe74e40000 - 0x00007ffe74e58000 	C:\Program Files\Android\Android Studio\jre\bin\zip.dll
0x00007ffe7f8e0000 - 0x00007ffe80d20000 	C:\Windows\System32\SHELL32.dll
0x00007ffe81e90000 - 0x00007ffe81f39000 	C:\Windows\System32\shcore.dll
0x00007ffe7ebb0000 - 0x00007ffe7f2bd000 	C:\Windows\System32\windows.storage.dll
0x00007ffe81ab0000 - 0x00007ffe81b01000 	C:\Windows\System32\shlwapi.dll
0x00007ffe7e670000 - 0x00007ffe7e68f000 	C:\Windows\System32\profapi.dll
0x00007ffe7e600000 - 0x00007ffe7e64c000 	C:\Windows\System32\powrprof.dll
0x00007ffe7e5f0000 - 0x00007ffe7e5fa000 	C:\Windows\System32\FLTLIB.DLL
0x00007ffe73da0000 - 0x00007ffe73dba000 	C:\Program Files\Android\Android Studio\jre\bin\net.dll
0x00007ffe75670000 - 0x00007ffe7574d000 	C:\Windows\SYSTEM32\WINHTTP.dll
0x00007ffe7de10000 - 0x00007ffe7de76000 	C:\Windows\system32\mswsock.dll
0x00007ffe72d90000 - 0x00007ffe72da4000 	C:\Program Files\Android\Android Studio\jre\bin\nio.dll
0x00007ffe60c90000 - 0x00007ffe60cb7000 	C:\Users\MISHECK\.gradle\native\fdc75f09e3144964f2cf3f50f0aa648679c211496f362492102eb8c894070792\windows-amd64\native-platform.dll
0x00007ffe56c10000 - 0x00007ffe56da6000 	C:\Users\MISHECK\.gradle\native\12488b8bf47d2d4c9fbf2f6322a914ad602e24e48041cd04a747c6da556b65c4\windows-amd64\native-platform-file-events.dll
0x00007ffe77e80000 - 0x00007ffe77e8a000 	C:\Program Files\Android\Android Studio\jre\bin\management.dll
0x00007ffe74f80000 - 0x00007ffe74f8c000 	C:\Program Files\Android\Android Studio\jre\bin\management_ext.dll
0x00007ffe7dfc0000 - 0x00007ffe7dfd7000 	C:\Windows\SYSTEM32\CRYPTSP.dll
0x00007ffe7d9f0000 - 0x00007ffe7da23000 	C:\Windows\system32\rsaenh.dll
0x00007ffe7e150000 - 0x00007ffe7e175000 	C:\Windows\SYSTEM32\bcrypt.dll
0x00007ffe7e4f0000 - 0x00007ffe7e518000 	C:\Windows\SYSTEM32\USERENV.dll
0x00007ffe7dfe0000 - 0x00007ffe7dfeb000 	C:\Windows\SYSTEM32\CRYPTBASE.dll
0x00007ffe7db90000 - 0x00007ffe7dbc8000 	C:\Windows\SYSTEM32\IPHLPAPI.DLL
0x00007ffe82070000 - 0x00007ffe82078000 	C:\Windows\System32\NSI.dll
0x00007ffe76da0000 - 0x00007ffe76db6000 	C:\Windows\SYSTEM32\dhcpcsvc6.DLL
0x00007ffe76d80000 - 0x00007ffe76d9a000 	C:\Windows\SYSTEM32\dhcpcsvc.DLL
0x00007ffe77210000 - 0x00007ffe7721b000 	C:\Windows\SYSTEM32\WINNSI.DLL

dbghelp: loaded successfully - version: 4.0.5 - missing functions: none
symbol engine: initialized successfully - sym options: 0x614 - pdb path: .;C:\Program Files\Android\Android Studio\jre\bin;C:\Windows\SYSTEM32;C:\Windows\WinSxS\amd64_microsoft.windows.common-controls_6595b64144ccf1df_6.0.17133.73_none_b4b127863cb5b9c7;C:\Program Files\Android\Android Studio\jre\bin\server;C:\Users\MISHECK\.gradle\native\fdc75f09e3144964f2cf3f50f0aa648679c211496f362492102eb8c894070792\windows-amd64;C:\Users\MISHECK\.gradle\native\12488b8bf47d2d4c9fbf2f6322a914ad602e24e48041cd04a747c6da556b65c4\windows-amd64

VM Arguments:
jvm_args: --add-opens=java.base/java.util=ALL-UNNAMED --add-opens=java.base/java.lang=ALL-UNNAMED --add-opens=java.base/java.lang.invoke=ALL-UNNAMED --add-opens=java.prefs/java.util.prefs=ALL-UNNAMED -Xmx2048m -Dfile.encoding=UTF-8 -Duser.country=US -Duser.language=en -Duser.variant 
java_command: org.gradle.launcher.daemon.bootstrap.GradleDaemon 6.7.1
java_class_path (initial): C:\Users\MISHECK\.gradle\wrapper\dists\gradle-6.7.1-bin\bwlcbys1h7rz3272sye1xwiv6\gradle-6.7.1\lib\gradle-launcher-6.7.1.jar
Launcher Type: SUN_STANDARD

[Global flags]
     intx CICompilerCount                          = 2                                         {product} {ergonomic}
     uint ConcGCThreads                            = 1                                         {product} {ergonomic}
     uint G1ConcRefinementThreads                  = 2                                         {product} {ergonomic}
   size_t G1HeapRegionSize                         = 1048576                                   {product} {ergonomic}
    uintx GCDrainStackTargetSize                   = 64                                        {product} {ergonomic}
   size_t InitialHeapSize                          = 67108864                                  {product} {ergonomic}
   size_t MarkStackSize                            = 4194304                                   {product} {ergonomic}
   size_t MaxHeapSize                              = 2147483648                                {product} {command line}
   size_t MaxNewSize                               = 1287651328                                {product} {ergonomic}
   size_t MinHeapDeltaBytes                        = 1048576                                   {product} {ergonomic}
    uintx NonNMethodCodeHeapSize                   = 5825164                                {pd product} {ergonomic}
    uintx NonProfiledCodeHeapSize                  = 122916538                              {pd product} {ergonomic}
    uintx ProfiledCodeHeapSize                     = 122916538                              {pd product} {ergonomic}
    uintx ReservedCodeCacheSize                    = 251658240                              {pd product} {ergonomic}
     bool SegmentedCodeCache                       = true                                      {product} {ergonomic}
     bool UseCompressedClassPointers               = true                                 {lp64_product} {ergonomic}
     bool UseCompressedOops                        = true                                 {lp64_product} {ergonomic}
     bool UseG1GC                                  = true                                      {product} {ergonomic}
     bool UseLargePagesIndividualAllocation        = false                                  {pd product} {ergonomic}

Logging:
Log output configuration:
 #0: stdout all=warning uptime,level,tags
 #1: stderr all=off uptime,level,tags

Environment Variables:
JAVA_HOME=C:\Program Files\Java\jdk1.8.0_191
PATH=C:\Program Files (x86)\Common Files\Oracle\Java\javapath;C:\Windows\system32;C:\Windows;C:\Windows\System32\Wbem;C:\Windows\System32\WindowsPowerShell\v1.0\;C:\Windows\System32\OpenSSH\;C:\Program Files (x86)\Git\cmd;C:\Program Files\nodejs\;C:\Program Files\Java\jdk1.8.0_191\bin;C:\Users\MISHECK\AppData\Roaming\npm;C:\Exercism;C:\Users\MISHECK\AppData\Local\Programs\Python\Python39;C:\Users\MISHECK\AppData\Local\Programs\Microsoft VS Code\bin;C:\Program Files\CodeBlocks\MinGW\bin;
USERNAME=MISHECK
OS=Windows_NT
PROCESSOR_IDENTIFIER=Intel64 Family 6 Model 55 Stepping 8, GenuineIntel



---------------  S Y S T E M  ---------------

OS: Windows 10 , 64 bit Build 17133 (10.0.17133.73)
OS uptime: 3 days 10:16 hours

CPU:total 2 (initial active 2) (2 cores per cpu, 1 threads per core) family 6 model 55 stepping 8, cmov, cx8, fxsr, mmx, sse, sse2, sse3, ssse3, sse4.1, sse4.2, popcnt, clmul, erms, 3dnowpref, tsc, tscinvbit

Memory: 4k page, system-wide physical 3987M (465M free)
TotalPageFile size 5379M (AvailPageFile size 201M)
current process WorkingSet (physical memory assigned to process): 523M, peak: 542M
current process commit charge ("private bytes"): 558M, peak: 808M

vm_info: OpenJDK 64-Bit Server VM (11.0.8+10-b944.6842174) for windows-amd64 JRE (11.0.8+10-b944.6842174), built on Sep 19 2020 01:11:42 by "builder" with MS VC++ 14.0 (VS2015)

END.
