#
# There is insufficient memory for the Java Runtime Environment to continue.
# Native memory allocation (malloc) failed to allocate 32744 bytes for ChunkPool::allocate
# Possible reasons:
#   The system is out of physical RAM or swap space
#   The process is running with CompressedOops enabled, and the Java Heap may be blocking the growth of the native heap
# Possible solutions:
#   Reduce memory load on the system
#   Increase physical memory or swap space
#   Check if swap backing store is full
#   Decrease Java heap size (-Xmx/-Xms)
#   Decrease number of Java threads
#   Decrease Java thread stack sizes (-Xss)
#   Set larger code cache with -XX:ReservedCodeCacheSize=
#   JVM is running with Unscaled Compressed Oops mode in which the Java heap is
#     placed in the first 4GB address space. The Java Heap base address is the
#     maximum limit for the native heap growth. Please use -XX:HeapBaseMinAddress
#     to set the Java Heap base and to place the Java Heap above 4GB virtual address.
# This output file may be truncated or incomplete.
#
#  Out of Memory Error (./src/hotspot/share/memory/arena.cpp:81), pid=19728, tid=8020
#
# JRE version: OpenJDK Runtime Environment (11.0.8+10) (build 11.0.8+10-b944.6842174)
# Java VM: OpenJDK 64-Bit Server VM (11.0.8+10-b944.6842174, mixed mode, tiered, compressed oops, g1 gc, windows-amd64)
# No core dump will be written. Minidumps are not enabled by default on client versions of Windows
#

---------------  S U M M A R Y ------------

Command Line: --add-opens=java.base/java.util=ALL-UNNAMED --add-opens=java.base/java.lang=ALL-UNNAMED --add-opens=java.base/java.lang.invoke=ALL-UNNAMED --add-opens=java.prefs/java.util.prefs=ALL-UNNAMED -Xmx2048m -Dfile.encoding=UTF-8 -Duser.country=US -Duser.language=en -Duser.variant org.gradle.launcher.daemon.bootstrap.GradleDaemon 6.7.1

Host: Intel(R) Celeron(R) CPU  N2840  @ 2.16GHz, 2 cores, 3G,  Windows 10 , 64 bit Build 17133 (10.0.17133.73)
Time: Wed Jul  7 07:51:05 2021 Pacific Daylight Time elapsed time: 106 seconds (0d 0h 1m 46s)

---------------  T H R E A D  ---------------

Current thread (0x0000025d7a653800):  JavaThread "C2 CompilerThread0" daemon [_thread_in_native, id=8020, stack(0x000000eb69c00000,0x000000eb69d00000)]


Current CompileTask:
C2: 106266 11266 %     4       com.android.tools.r8.code.x1::a @ 20 (4137 bytes)

Stack: [0x000000eb69c00000,0x000000eb69d00000]
Native frames: (J=compiled Java code, j=interpreted, Vv=VM code, C=native code)
V  [jvm.dll+0x5de50a]
V  [jvm.dll+0x7122f5]
V  [jvm.dll+0x71384d]
V  [jvm.dll+0x713f03]
V  [jvm.dll+0x23e728]
V  [jvm.dll+0xb8beb]
V  [jvm.dll+0xb8e9c]
V  [jvm.dll+0x35555e]
V  [jvm.dll+0x35027e]
V  [jvm.dll+0x31dea3]
V  [jvm.dll+0x31d39a]
V  [jvm.dll+0x1f7702]
V  [jvm.dll+0x1f68d4]
V  [jvm.dll+0x17f32c]
V  [jvm.dll+0x205047]
V  [jvm.dll+0x203891]
V  [jvm.dll+0x6dad3f]
V  [jvm.dll+0x6d3895]
V  [jvm.dll+0x5dd4a6]
C  [ucrtbase.dll+0x1c1ae]
C  [KERNEL32.DLL+0x13034]
C  [ntdll.dll+0x71551]


---------------  P R O C E S S  ---------------

Threads class SMR info:
_java_thread_list=0x0000025d7cf237b0, length=43, elements={
0x0000025d6f76c800, 0x0000025d79cce800, 0x0000025d79cd0800, 0x0000025d7a650800,
0x0000025d7a652800, 0x0000025d7a653800, 0x0000025d7a68b800, 0x0000025d7a6b1000,
0x0000025d7a78c800, 0x0000025d7a7cd800, 0x0000025d7bf68800, 0x0000025d7bf65800,
0x0000025d7c22d000, 0x0000025d7b006000, 0x0000025d7c18a000, 0x0000025d7aa68800,
0x0000025d7c211800, 0x0000025d7bff8000, 0x0000025d7aa77800, 0x0000025d7b1c6800,
0x0000025d7b1cb000, 0x0000025d7b1cc000, 0x0000025d7b1ca800, 0x0000025d7b1cd000,
0x0000025d7b1c7000, 0x0000025d7b1c8000, 0x0000025d7b1c8800, 0x0000025d7c88f000,
0x0000025d7c895800, 0x0000025d7c892000, 0x0000025d7c893800, 0x0000025d7c7b1000,
0x0000025d7c7bc800, 0x0000025d7c7bd800, 0x0000025d7c7b8000, 0x0000025d7c7b8800,
0x0000025d7c7ba000, 0x0000025d7c7bb000, 0x0000025d106ac800, 0x0000025d106ad800,
0x0000025d106ae800, 0x0000025d106ab000, 0x0000025d106b1000
}

Java Threads: ( => current thread )
  0x0000025d6f76c800 JavaThread "main" [_thread_blocked, id=13336, stack(0x000000eb69100000,0x000000eb69200000)]
  0x0000025d79cce800 JavaThread "Reference Handler" daemon [_thread_blocked, id=6840, stack(0x000000eb69800000,0x000000eb69900000)]
  0x0000025d79cd0800 JavaThread "Finalizer" daemon [_thread_blocked, id=9788, stack(0x000000eb69900000,0x000000eb69a00000)]
  0x0000025d7a650800 JavaThread "Signal Dispatcher" daemon [_thread_blocked, id=22860, stack(0x000000eb69a00000,0x000000eb69b00000)]
  0x0000025d7a652800 JavaThread "Attach Listener" daemon [_thread_blocked, id=5260, stack(0x000000eb69b00000,0x000000eb69c00000)]
=>0x0000025d7a653800 JavaThread "C2 CompilerThread0" daemon [_thread_in_native, id=8020, stack(0x000000eb69c00000,0x000000eb69d00000)]
  0x0000025d7a68b800 JavaThread "C1 CompilerThread0" daemon [_thread_blocked, id=17472, stack(0x000000eb69d00000,0x000000eb69e00000)]
  0x0000025d7a6b1000 JavaThread "Sweeper thread" daemon [_thread_blocked, id=5056, stack(0x000000eb69e00000,0x000000eb69f00000)]
  0x0000025d7a78c800 JavaThread "Common-Cleaner" daemon [_thread_blocked, id=2520, stack(0x000000eb69f00000,0x000000eb6a000000)]
  0x0000025d7a7cd800 JavaThread "Service Thread" daemon [_thread_blocked, id=3856, stack(0x000000eb6a000000,0x000000eb6a100000)]
  0x0000025d7bf68800 JavaThread "Daemon health stats" [_thread_blocked, id=21712, stack(0x000000eb6a300000,0x000000eb6a400000)]
  0x0000025d7bf65800 JavaThread "Incoming local TCP Connector on port 57917" [_thread_in_native, id=21912, stack(0x000000eb6a500000,0x000000eb6a600000)]
  0x0000025d7c22d000 JavaThread "Daemon" [_thread_blocked, id=21436, stack(0x000000eb6a600000,0x000000eb6a700000)]
  0x0000025d7b006000 JavaThread "Daemon periodic checks" [_thread_blocked, id=4172, stack(0x000000eb6a700000,0x000000eb6a800000)]
  0x0000025d7c18a000 JavaThread "Handler for socket connection from /127.0.0.1:57917 to /127.0.0.1:57918" [_thread_in_native, id=23216, stack(0x000000eb6a800000,0x000000eb6a900000)]
  0x0000025d7aa68800 JavaThread "Cancel handler" [_thread_blocked, id=22332, stack(0x000000eb6a900000,0x000000eb6aa00000)]
  0x0000025d7c211800 JavaThread "Daemon worker" [_thread_blocked, id=12284, stack(0x000000eb6aa00000,0x000000eb6ab00000)]
  0x0000025d7bff8000 JavaThread "Asynchronous log dispatcher for DefaultDaemonConnection: socket connection from /127.0.0.1:57917 to /127.0.0.1:57918" [_thread_blocked, id=3828, stack(0x000000eb6ab00000,0x000000eb6ac00000)]
  0x0000025d7aa77800 JavaThread "Thread-8" [_thread_blocked, id=14144, stack(0x000000eb6ad00000,0x000000eb6ae00000)]
  0x0000025d7b1c6800 JavaThread "Cache worker for file hash cache (C:\Users\MISHECK\.gradle\caches\6.7.1\fileHashes)" [_thread_blocked, id=8936, stack(0x000000eb6ae00000,0x000000eb6af00000)]
  0x0000025d7b1cb000 JavaThread "File lock request listener" [_thread_in_native, id=24256, stack(0x000000eb6af00000,0x000000eb6b000000)]
  0x0000025d7b1cc000 JavaThread "Cache worker for journal cache (C:\Users\MISHECK\.gradle\caches\journal-1)" [_thread_blocked, id=19204, stack(0x000000eb6b000000,0x000000eb6b100000)]
  0x0000025d7b1ca800 JavaThread "Cache worker for file hash cache (C:\Users\MISHECK\AndroidStudioProjects\ChildSafetyApp\.gradle\6.7.1\fileHashes)" [_thread_blocked, id=19976, stack(0x000000eb6b100000,0x000000eb6b200000)]
  0x0000025d7b1cd000 JavaThread "Cache worker for checksums cache (C:\Users\MISHECK\AndroidStudioProjects\ChildSafetyApp\.gradle\checksums)" [_thread_blocked, id=22840, stack(0x000000eb6b200000,0x000000eb6b300000)]
  0x0000025d7b1c7000 JavaThread "Cache worker for cache directory md-supplier (C:\Users\MISHECK\.gradle\caches\6.7.1\md-supplier)" [_thread_blocked, id=1104, stack(0x000000eb6b300000,0x000000eb6b400000)]
  0x0000025d7b1c8000 JavaThread "Cache worker for cache directory md-rule (C:\Users\MISHECK\.gradle\caches\6.7.1\md-rule)" [_thread_blocked, id=5612, stack(0x000000eb6b400000,0x000000eb6b500000)]
  0x0000025d7b1c8800 JavaThread "Cache worker for execution history cache (C:\Users\MISHECK\.gradle\caches\6.7.1\executionHistory)" [_thread_blocked, id=7976, stack(0x000000eb6b500000,0x000000eb6b600000)]
  0x0000025d7c88f000 JavaThread "Cache worker for file content cache (C:\Users\MISHECK\.gradle\caches\6.7.1\fileContent)" [_thread_blocked, id=7788, stack(0x000000eb6b700000,0x000000eb6b800000)]
  0x0000025d7c895800 JavaThread "Cache worker for Build Output Cleanup Cache (C:\Users\MISHECK\AndroidStudioProjects\ChildSafetyApp\.gradle\buildOutputCleanup)" [_thread_blocked, id=8440, stack(0x000000eb6b800000,0x000000eb6b900000)]
  0x0000025d7c892000 JavaThread "Build operations" [_thread_blocked, id=6680, stack(0x000000eb6b900000,0x000000eb6ba00000)]
  0x0000025d7c893800 JavaThread "Build operations Thread 2" [_thread_blocked, id=6596, stack(0x000000eb6ba00000,0x000000eb6bb00000)]
  0x0000025d7c7b1000 JavaThread "Memory manager" [_thread_blocked, id=17836, stack(0x000000eb71b00000,0x000000eb71c00000)]
  0x0000025d7c7bc800 JavaThread "build event listener" [_thread_blocked, id=10332, stack(0x000000eb71c00000,0x000000eb71d00000)]
  0x0000025d7c7bd800 JavaThread "build event listener" [_thread_blocked, id=9476, stack(0x000000eb71d00000,0x000000eb71e00000)]
  0x0000025d7c7b8000 JavaThread "Execution worker for ':'" [_thread_blocked, id=16732, stack(0x000000eb71e00000,0x000000eb71f00000)]
  0x0000025d7c7b8800 JavaThread "Cache worker for execution history cache (C:\Users\MISHECK\AndroidStudioProjects\ChildSafetyApp\.gradle\6.7.1\executionHistory)" [_thread_blocked, id=8228, stack(0x000000eb71f00000,0x000000eb72000000)]
  0x0000025d7c7ba000 JavaThread "WorkerExecutor Queue" [_thread_in_native, id=10712, stack(0x000000eb72000000,0x000000eb72100000)]
  0x0000025d7c7bb000 JavaThread "WorkerExecutor Queue Thread 2" [_thread_blocked, id=19820, stack(0x000000eb72100000,0x000000eb72200000)]
  0x0000025d106ac800 JavaThread "pool-4-thread-1" [_thread_blocked, id=9088, stack(0x000000eb72200000,0x000000eb72300000)]
  0x0000025d106ad800 JavaThread "stderr" [_thread_in_native, id=13888, stack(0x000000eb72300000,0x000000eb72400000)]
  0x0000025d106ae800 JavaThread "stdout" [_thread_in_native, id=3708, stack(0x000000eb72400000,0x000000eb72500000)]
  0x0000025d106ab000 JavaThread "ForkJoinPool-1-worker-3" daemon [_thread_blocked, id=14956, stack(0x000000eb68e00000,0x000000eb68f00000)]
  0x0000025d106b1000 JavaThread "ForkJoinPool-1-worker-1" daemon [_thread_blocked, id=4564, stack(0x000000eb68f00000,0x000000eb69000000)]

Other Threads:
  0x0000025d79ccc800 VMThread "VM Thread" [stack: 0x000000eb69700000,0x000000eb69800000] [id=17896]
  0x0000025d7a7b9000 WatcherThread [stack: 0x000000eb6a100000,0x000000eb6a200000] [id=25412]
  0x0000025d6f783800 GCTaskThread "GC Thread#0" [stack: 0x000000eb69200000,0x000000eb69300000] [id=14816]
  0x0000025d7a884000 GCTaskThread "GC Thread#1" [stack: 0x000000eb6a200000,0x000000eb6a300000] [id=15056]
  0x0000025d6f7b2800 ConcurrentGCThread "G1 Main Marker" [stack: 0x000000eb69300000,0x000000eb69400000] [id=9960]
  0x0000025d6f7b6000 ConcurrentGCThread "G1 Conc#0" [stack: 0x000000eb69400000,0x000000eb69500000] [id=16900]
  0x0000025d6f805000 ConcurrentGCThread "G1 Refine#0" [stack: 0x000000eb69500000,0x000000eb69600000] [id=21676]
  0x0000025d1229b800 ConcurrentGCThread "G1 Refine#1" [stack: 0x000000eb6ac00000,0x000000eb6ad00000] [id=9200]
  0x0000025d6f806000 ConcurrentGCThread "G1 Young RemSet Sampling" [stack: 0x000000eb69600000,0x000000eb69700000] [id=1420]

Threads with active compile tasks:
C2 CompilerThread0 107078 11266 %     4       com.android.tools.r8.code.x1::a @ 20 (4137 bytes)

VM state:at safepoint (normal execution)

VM Mutex/Monitor currently owned by a thread:  ([mutex/lock_event])
[0x0000025d6f768790] Threads_lock - owner thread: 0x0000025d79ccc800
[0x0000025d6f7693f0] Heap_lock - owner thread: 0x0000025d7c7ba000

Heap address: 0x0000000080000000, size: 2048 MB, Compressed Oops mode: 32-bit
Narrow klass base: 0x0000000000000000, Narrow klass shift: 3
Compressed class space size: 1073741824 Address: 0x0000000100000000

Heap:
 garbage-first heap   total 274432K, used 168294K [0x0000000080000000, 0x0000000100000000)
  region size 1024K, 6 young (6144K), 1 survivors (1024K)
 Metaspace       used 90467K, capacity 92521K, committed 92580K, reserved 1136640K
  class space    used 11660K, capacity 12376K, committed 12416K, reserved 1048576K
Heap Regions: E=young(eden), S=young(survivor), O=old, HS=humongous(starts), HC=humongous(continues), CS=collection set, F=free, A=archive, TAMS=top-at-mark-start (previous, next)
|   0|0x0000000080000000, 0x0000000080100000, 0x0000000080100000|100%| O|  |TAMS 0x0000000080100000, 0x0000000080100000| Untracked 
|   1|0x0000000080100000, 0x0000000080200000, 0x0000000080200000|100%| O|  |TAMS 0x0000000080200000, 0x0000000080200000| Untracked 
|   2|0x0000000080200000, 0x0000000080300000, 0x0000000080300000|100%| O|  |TAMS 0x0000000080300000, 0x0000000080300000| Untracked 
|   3|0x0000000080300000, 0x0000000080400000, 0x0000000080400000|100%| O|  |TAMS 0x0000000080400000, 0x0000000080400000| Untracked 
|   4|0x0000000080400000, 0x0000000080500000, 0x0000000080500000|100%|HS|  |TAMS 0x0000000080500000, 0x0000000080500000| Complete 
|   5|0x0000000080500000, 0x0000000080600000, 0x0000000080600000|100%|HC|  |TAMS 0x0000000080600000, 0x0000000080600000| Complete 
|   6|0x0000000080600000, 0x0000000080700000, 0x0000000080700000|100%|HC|  |TAMS 0x0000000080700000, 0x0000000080700000| Complete 
|   7|0x0000000080700000, 0x0000000080800000, 0x0000000080800000|100%| O|  |TAMS 0x0000000080800000, 0x0000000080800000| Untracked 
|   8|0x0000000080800000, 0x0000000080900000, 0x0000000080900000|100%| O|  |TAMS 0x0000000080900000, 0x0000000080900000| Untracked 
|   9|0x0000000080900000, 0x0000000080a00000, 0x0000000080a00000|100%| O|  |TAMS 0x0000000080a00000, 0x0000000080a00000| Untracked 
|  10|0x0000000080a00000, 0x0000000080b00000, 0x0000000080b00000|100%| O|  |TAMS 0x0000000080b00000, 0x0000000080b00000| Untracked 
|  11|0x0000000080b00000, 0x0000000080c00000, 0x0000000080c00000|100%| O|  |TAMS 0x0000000080c00000, 0x0000000080c00000| Untracked 
|  12|0x0000000080c00000, 0x0000000080d00000, 0x0000000080d00000|100%| O|  |TAMS 0x0000000080d00000, 0x0000000080d00000| Untracked 
|  13|0x0000000080d00000, 0x0000000080e00000, 0x0000000080e00000|100%| O|  |TAMS 0x0000000080e00000, 0x0000000080e00000| Untracked 
|  14|0x0000000080e00000, 0x0000000080f00000, 0x0000000080f00000|100%| O|  |TAMS 0x0000000080f00000, 0x0000000080f00000| Untracked 
|  15|0x0000000080f00000, 0x0000000081000000, 0x0000000081000000|100%| O|  |TAMS 0x0000000081000000, 0x0000000081000000| Untracked 
|  16|0x0000000081000000, 0x0000000081100000, 0x0000000081100000|100%| O|  |TAMS 0x0000000081100000, 0x0000000081100000| Untracked 
|  17|0x0000000081100000, 0x0000000081200000, 0x0000000081200000|100%| O|  |TAMS 0x0000000081200000, 0x0000000081200000| Untracked 
|  18|0x0000000081200000, 0x0000000081300000, 0x0000000081300000|100%| O|  |TAMS 0x0000000081300000, 0x0000000081300000| Untracked 
|  19|0x0000000081300000, 0x0000000081400000, 0x0000000081400000|100%| O|  |TAMS 0x0000000081400000, 0x0000000081400000| Untracked 
|  20|0x0000000081400000, 0x0000000081500000, 0x0000000081500000|100%| O|  |TAMS 0x0000000081500000, 0x0000000081500000| Untracked 
|  21|0x0000000081500000, 0x0000000081600000, 0x0000000081600000|100%|HS|  |TAMS 0x0000000081600000, 0x0000000081600000| Complete 
|  22|0x0000000081600000, 0x0000000081700000, 0x0000000081700000|100%| O|  |TAMS 0x0000000081700000, 0x0000000081700000| Untracked 
|  23|0x0000000081700000, 0x0000000081800000, 0x0000000081800000|100%| O|  |TAMS 0x0000000081800000, 0x0000000081800000| Untracked 
|  24|0x0000000081800000, 0x0000000081900000, 0x0000000081900000|100%| O|  |TAMS 0x0000000081900000, 0x0000000081900000| Untracked 
|  25|0x0000000081900000, 0x0000000081a00000, 0x0000000081a00000|100%|HS|  |TAMS 0x0000000081a00000, 0x0000000081a00000| Complete 
|  26|0x0000000081a00000, 0x0000000081b00000, 0x0000000081b00000|100%|HC|  |TAMS 0x0000000081b00000, 0x0000000081b00000| Complete 
|  27|0x0000000081b00000, 0x0000000081c00000, 0x0000000081c00000|100%| O|  |TAMS 0x0000000081c00000, 0x0000000081c00000| Untracked 
|  28|0x0000000081c00000, 0x0000000081d00000, 0x0000000081d00000|100%| O|  |TAMS 0x0000000081d00000, 0x0000000081d00000| Untracked 
|  29|0x0000000081d00000, 0x0000000081e00000, 0x0000000081e00000|100%| O|  |TAMS 0x0000000081e00000, 0x0000000081e00000| Untracked 
|  30|0x0000000081e00000, 0x0000000081f00000, 0x0000000081f00000|100%| O|  |TAMS 0x0000000081f00000, 0x0000000081f00000| Untracked 
|  31|0x0000000081f00000, 0x0000000082000000, 0x0000000082000000|100%| O|  |TAMS 0x0000000082000000, 0x0000000082000000| Untracked 
|  32|0x0000000082000000, 0x0000000082100000, 0x0000000082100000|100%| O|  |TAMS 0x0000000082100000, 0x0000000082100000| Untracked 
|  33|0x0000000082100000, 0x0000000082200000, 0x0000000082200000|100%| O|  |TAMS 0x0000000082200000, 0x0000000082200000| Untracked 
|  34|0x0000000082200000, 0x0000000082300000, 0x0000000082300000|100%| O|  |TAMS 0x0000000082300000, 0x0000000082300000| Untracked 
|  35|0x0000000082300000, 0x0000000082400000, 0x0000000082400000|100%| O|  |TAMS 0x0000000082400000, 0x0000000082400000| Untracked 
|  36|0x0000000082400000, 0x0000000082500000, 0x0000000082500000|100%| O|  |TAMS 0x0000000082500000, 0x0000000082500000| Untracked 
|  37|0x0000000082500000, 0x0000000082600000, 0x0000000082600000|100%| O|  |TAMS 0x0000000082600000, 0x0000000082600000| Untracked 
|  38|0x0000000082600000, 0x0000000082700000, 0x0000000082700000|100%| O|  |TAMS 0x0000000082700000, 0x0000000082700000| Untracked 
|  39|0x0000000082700000, 0x0000000082800000, 0x0000000082800000|100%| O|  |TAMS 0x0000000082800000, 0x0000000082800000| Untracked 
|  40|0x0000000082800000, 0x0000000082900000, 0x0000000082900000|100%| O|  |TAMS 0x0000000082900000, 0x0000000082900000| Untracked 
|  41|0x0000000082900000, 0x0000000082a00000, 0x0000000082a00000|100%| O|  |TAMS 0x0000000082a00000, 0x0000000082a00000| Untracked 
|  42|0x0000000082a00000, 0x0000000082b00000, 0x0000000082b00000|100%| O|  |TAMS 0x0000000082b00000, 0x0000000082b00000| Untracked 
|  43|0x0000000082b00000, 0x0000000082c00000, 0x0000000082c00000|100%| O|  |TAMS 0x0000000082c00000, 0x0000000082c00000| Untracked 
|  44|0x0000000082c00000, 0x0000000082d00000, 0x0000000082d00000|100%| O|  |TAMS 0x0000000082d00000, 0x0000000082d00000| Untracked 
|  45|0x0000000082d00000, 0x0000000082e00000, 0x0000000082e00000|100%| O|  |TAMS 0x0000000082e00000, 0x0000000082e00000| Untracked 
|  46|0x0000000082e00000, 0x0000000082f00000, 0x0000000082f00000|100%| O|  |TAMS 0x0000000082f00000, 0x0000000082f00000| Untracked 
|  47|0x0000000082f00000, 0x0000000083000000, 0x0000000083000000|100%| O|  |TAMS 0x0000000083000000, 0x0000000083000000| Untracked 
|  48|0x0000000083000000, 0x0000000083100000, 0x0000000083100000|100%| O|  |TAMS 0x0000000083100000, 0x0000000083100000| Untracked 
|  49|0x0000000083100000, 0x0000000083200000, 0x0000000083200000|100%| O|  |TAMS 0x0000000083200000, 0x0000000083200000| Untracked 
|  50|0x0000000083200000, 0x0000000083300000, 0x0000000083300000|100%| O|  |TAMS 0x0000000083300000, 0x0000000083300000| Untracked 
|  51|0x0000000083300000, 0x0000000083400000, 0x0000000083400000|100%| O|  |TAMS 0x0000000083400000, 0x0000000083400000| Untracked 
|  52|0x0000000083400000, 0x0000000083500000, 0x0000000083500000|100%| O|  |TAMS 0x0000000083500000, 0x0000000083500000| Untracked 
|  53|0x0000000083500000, 0x0000000083600000, 0x0000000083600000|100%| O|  |TAMS 0x0000000083600000, 0x0000000083600000| Untracked 
|  54|0x0000000083600000, 0x0000000083700000, 0x0000000083700000|100%| O|  |TAMS 0x0000000083700000, 0x0000000083700000| Untracked 
|  55|0x0000000083700000, 0x0000000083800000, 0x0000000083800000|100%| O|  |TAMS 0x0000000083800000, 0x0000000083800000| Untracked 
|  56|0x0000000083800000, 0x0000000083900000, 0x0000000083900000|100%| O|  |TAMS 0x0000000083900000, 0x0000000083900000| Untracked 
|  57|0x0000000083900000, 0x0000000083a00000, 0x0000000083a00000|100%| O|  |TAMS 0x0000000083a00000, 0x0000000083a00000| Untracked 
|  58|0x0000000083a00000, 0x0000000083b00000, 0x0000000083b00000|100%| O|  |TAMS 0x0000000083b00000, 0x0000000083b00000| Untracked 
|  59|0x0000000083b00000, 0x0000000083c00000, 0x0000000083c00000|100%| O|  |TAMS 0x0000000083c00000, 0x0000000083c00000| Untracked 
|  60|0x0000000083c00000, 0x0000000083d00000, 0x0000000083d00000|100%|HS|  |TAMS 0x0000000083d00000, 0x0000000083d00000| Complete 
|  61|0x0000000083d00000, 0x0000000083e00000, 0x0000000083e00000|100%|HC|  |TAMS 0x0000000083e00000, 0x0000000083e00000| Complete 
|  62|0x0000000083e00000, 0x0000000083f00000, 0x0000000083f00000|100%|HC|  |TAMS 0x0000000083f00000, 0x0000000083f00000| Complete 
|  63|0x0000000083f00000, 0x0000000084000000, 0x0000000084000000|100%|HC|  |TAMS 0x0000000084000000, 0x0000000084000000| Complete 
|  64|0x0000000084000000, 0x0000000084100000, 0x0000000084100000|100%|HC|  |TAMS 0x0000000084100000, 0x0000000084100000| Complete 
|  65|0x0000000084100000, 0x0000000084200000, 0x0000000084200000|100%|HC|  |TAMS 0x0000000084200000, 0x0000000084200000| Complete 
|  66|0x0000000084200000, 0x0000000084300000, 0x0000000084300000|100%|HC|  |TAMS 0x0000000084300000, 0x0000000084300000| Complete 
|  67|0x0000000084300000, 0x0000000084400000, 0x0000000084400000|100%|HC|  |TAMS 0x0000000084400000, 0x0000000084400000| Complete 
|  68|0x0000000084400000, 0x0000000084500000, 0x0000000084500000|100%| O|  |TAMS 0x0000000084500000, 0x0000000084500000| Untracked 
|  69|0x0000000084500000, 0x0000000084600000, 0x0000000084600000|100%|HS|  |TAMS 0x0000000084600000, 0x0000000084600000| Complete 
|  70|0x0000000084600000, 0x0000000084700000, 0x0000000084700000|100%| O|  |TAMS 0x0000000084700000, 0x0000000084700000| Untracked 
|  71|0x0000000084700000, 0x0000000084800000, 0x0000000084800000|100%| O|  |TAMS 0x0000000084800000, 0x0000000084800000| Untracked 
|  72|0x0000000084800000, 0x0000000084900000, 0x0000000084900000|100%| O|  |TAMS 0x0000000084900000, 0x0000000084900000| Untracked 
|  73|0x0000000084900000, 0x0000000084a00000, 0x0000000084a00000|100%| O|  |TAMS 0x0000000084a00000, 0x0000000084a00000| Untracked 
|  74|0x0000000084a00000, 0x0000000084b00000, 0x0000000084b00000|100%| O|  |TAMS 0x0000000084b00000, 0x0000000084b00000| Untracked 
|  75|0x0000000084b00000, 0x0000000084c00000, 0x0000000084c00000|100%| O|  |TAMS 0x0000000084c00000, 0x0000000084c00000| Untracked 
|  76|0x0000000084c00000, 0x0000000084d00000, 0x0000000084d00000|100%| O|  |TAMS 0x0000000084d00000, 0x0000000084d00000| Untracked 
|  77|0x0000000084d00000, 0x0000000084e00000, 0x0000000084e00000|100%| O|  |TAMS 0x0000000084e00000, 0x0000000084e00000| Untracked 
|  78|0x0000000084e00000, 0x0000000084f00000, 0x0000000084f00000|100%| O|  |TAMS 0x0000000084f00000, 0x0000000084f00000| Untracked 
|  79|0x0000000084f00000, 0x0000000085000000, 0x0000000085000000|100%|HS|  |TAMS 0x0000000085000000, 0x0000000085000000| Complete 
|  80|0x0000000085000000, 0x0000000085100000, 0x0000000085100000|100%| O|  |TAMS 0x0000000085100000, 0x0000000085100000| Untracked 
|  81|0x0000000085100000, 0x0000000085200000, 0x0000000085200000|100%| O|  |TAMS 0x0000000085200000, 0x0000000085200000| Untracked 
|  82|0x0000000085200000, 0x0000000085300000, 0x0000000085300000|100%| O|  |TAMS 0x0000000085300000, 0x0000000085300000| Untracked 
|  83|0x0000000085300000, 0x0000000085400000, 0x0000000085400000|100%| O|  |TAMS 0x0000000085400000, 0x0000000085400000| Untracked 
|  84|0x0000000085400000, 0x0000000085500000, 0x0000000085500000|100%| O|  |TAMS 0x0000000085500000, 0x0000000085500000| Untracked 
|  85|0x0000000085500000, 0x0000000085600000, 0x0000000085600000|100%|HS|  |TAMS 0x0000000085600000, 0x0000000085600000| Complete 
|  86|0x0000000085600000, 0x0000000085700000, 0x0000000085700000|100%| O|  |TAMS 0x0000000085700000, 0x0000000085700000| Untracked 
|  87|0x0000000085700000, 0x0000000085800000, 0x0000000085800000|100%| O|  |TAMS 0x0000000085800000, 0x0000000085800000| Untracked 
|  88|0x0000000085800000, 0x0000000085900000, 0x0000000085900000|100%| O|  |TAMS 0x0000000085900000, 0x0000000085900000| Untracked 
|  89|0x0000000085900000, 0x0000000085a00000, 0x0000000085a00000|100%| O|  |TAMS 0x0000000085a00000, 0x0000000085a00000| Untracked 
|  90|0x0000000085a00000, 0x0000000085b00000, 0x0000000085b00000|100%| O|  |TAMS 0x0000000085b00000, 0x0000000085b00000| Untracked 
|  91|0x0000000085b00000, 0x0000000085c00000, 0x0000000085c00000|100%| O|  |TAMS 0x0000000085c00000, 0x0000000085c00000| Untracked 
|  92|0x0000000085c00000, 0x0000000085d00000, 0x0000000085d00000|100%| O|  |TAMS 0x0000000085d00000, 0x0000000085d00000| Untracked 
|  93|0x0000000085d00000, 0x0000000085e00000, 0x0000000085e00000|100%| O|  |TAMS 0x0000000085e00000, 0x0000000085e00000| Untracked 
|  94|0x0000000085e00000, 0x0000000085f00000, 0x0000000085f00000|100%| O|  |TAMS 0x0000000085f00000, 0x0000000085f00000| Untracked 
|  95|0x0000000085f00000, 0x0000000086000000, 0x0000000086000000|100%| O|  |TAMS 0x0000000086000000, 0x0000000086000000| Untracked 
|  96|0x0000000086000000, 0x0000000086100000, 0x0000000086100000|100%| O|  |TAMS 0x0000000086100000, 0x0000000086100000| Untracked 
|  97|0x0000000086100000, 0x0000000086200000, 0x0000000086200000|100%| O|  |TAMS 0x0000000086200000, 0x0000000086200000| Untracked 
|  98|0x0000000086200000, 0x0000000086300000, 0x0000000086300000|100%| O|  |TAMS 0x0000000086300000, 0x0000000086300000| Untracked 
|  99|0x0000000086300000, 0x0000000086400000, 0x0000000086400000|100%| O|  |TAMS 0x0000000086400000, 0x0000000086400000| Untracked 
| 100|0x0000000086400000, 0x0000000086500000, 0x0000000086500000|100%| O|  |TAMS 0x0000000086500000, 0x0000000086500000| Untracked 
| 101|0x0000000086500000, 0x0000000086600000, 0x0000000086600000|100%| O|  |TAMS 0x0000000086600000, 0x0000000086600000| Untracked 
| 102|0x0000000086600000, 0x0000000086700000, 0x0000000086700000|100%| O|  |TAMS 0x0000000086700000, 0x0000000086700000| Untracked 
| 103|0x0000000086700000, 0x0000000086800000, 0x0000000086800000|100%| O|  |TAMS 0x0000000086800000, 0x0000000086800000| Untracked 
| 104|0x0000000086800000, 0x0000000086900000, 0x0000000086900000|100%| O|  |TAMS 0x0000000086900000, 0x0000000086900000| Untracked 
| 105|0x0000000086900000, 0x0000000086a00000, 0x0000000086a00000|100%| O|  |TAMS 0x0000000086a00000, 0x0000000086a00000| Untracked 
| 106|0x0000000086a00000, 0x0000000086b00000, 0x0000000086b00000|100%|HS|  |TAMS 0x0000000086b00000, 0x0000000086b00000| Complete 
| 107|0x0000000086b00000, 0x0000000086c00000, 0x0000000086c00000|100%|HC|  |TAMS 0x0000000086c00000, 0x0000000086c00000| Complete 
| 108|0x0000000086c00000, 0x0000000086d00000, 0x0000000086d00000|100%|HC|  |TAMS 0x0000000086d00000, 0x0000000086d00000| Complete 
| 109|0x0000000086d00000, 0x0000000086e00000, 0x0000000086e00000|100%|HC|  |TAMS 0x0000000086e00000, 0x0000000086e00000| Complete 
| 110|0x0000000086e00000, 0x0000000086f00000, 0x0000000086f00000|100%|HC|  |TAMS 0x0000000086f00000, 0x0000000086f00000| Complete 
| 111|0x0000000086f00000, 0x0000000087000000, 0x0000000087000000|100%|HC|  |TAMS 0x0000000087000000, 0x0000000087000000| Complete 
| 112|0x0000000087000000, 0x0000000087100000, 0x0000000087100000|100%|HC|  |TAMS 0x0000000087100000, 0x0000000087100000| Complete 
| 113|0x0000000087100000, 0x0000000087200000, 0x0000000087200000|100%|HC|  |TAMS 0x0000000087200000, 0x0000000087200000| Complete 
| 114|0x0000000087200000, 0x0000000087300000, 0x0000000087300000|100%|HS|  |TAMS 0x0000000087300000, 0x0000000087300000| Complete 
| 115|0x0000000087300000, 0x0000000087400000, 0x0000000087400000|100%| O|  |TAMS 0x0000000087400000, 0x0000000087400000| Untracked 
| 116|0x0000000087400000, 0x0000000087500000, 0x0000000087500000|100%| O|  |TAMS 0x0000000087500000, 0x0000000087500000| Untracked 
| 117|0x0000000087500000, 0x0000000087600000, 0x0000000087600000|100%| O|  |TAMS 0x0000000087600000, 0x0000000087600000| Untracked 
| 118|0x0000000087600000, 0x0000000087700000, 0x0000000087700000|100%| O|  |TAMS 0x0000000087700000, 0x0000000087700000| Untracked 
| 119|0x0000000087700000, 0x0000000087800000, 0x0000000087800000|100%| O|  |TAMS 0x0000000087800000, 0x0000000087800000| Untracked 
| 120|0x0000000087800000, 0x0000000087900000, 0x0000000087900000|100%| O|  |TAMS 0x0000000087900000, 0x0000000087900000| Untracked 
| 121|0x0000000087900000, 0x0000000087a00000, 0x0000000087a00000|100%| O|  |TAMS 0x0000000087a00000, 0x0000000087a00000| Untracked 
| 122|0x0000000087a00000, 0x0000000087b00000, 0x0000000087b00000|100%| O|  |TAMS 0x0000000087b00000, 0x0000000087b00000| Untracked 
| 123|0x0000000087b00000, 0x0000000087c00000, 0x0000000087c00000|100%| O|  |TAMS 0x0000000087c00000, 0x0000000087c00000| Untracked 
| 124|0x0000000087c00000, 0x0000000087d00000, 0x0000000087d00000|100%| O|  |TAMS 0x0000000087d00000, 0x0000000087d00000| Untracked 
| 125|0x0000000087d00000, 0x0000000087e00000, 0x0000000087e00000|100%| O|  |TAMS 0x0000000087e00000, 0x0000000087e00000| Untracked 
| 126|0x0000000087e00000, 0x0000000087f00000, 0x0000000087f00000|100%| O|  |TAMS 0x0000000087f00000, 0x0000000087f00000| Untracked 
| 127|0x0000000087f00000, 0x0000000088000000, 0x0000000088000000|100%| O|  |TAMS 0x0000000088000000, 0x0000000088000000| Untracked 
| 128|0x0000000088000000, 0x0000000088100000, 0x0000000088100000|100%| O|  |TAMS 0x0000000088100000, 0x0000000088100000| Untracked 
| 129|0x0000000088100000, 0x0000000088200000, 0x0000000088200000|100%| O|  |TAMS 0x0000000088200000, 0x0000000088200000| Untracked 
| 130|0x0000000088200000, 0x0000000088300000, 0x0000000088300000|100%| O|  |TAMS 0x0000000088300000, 0x0000000088300000| Untracked 
| 131|0x0000000088300000, 0x0000000088400000, 0x0000000088400000|100%| O|  |TAMS 0x0000000088400000, 0x0000000088400000| Untracked 
| 132|0x0000000088400000, 0x0000000088500000, 0x0000000088500000|100%| O|  |TAMS 0x0000000088500000, 0x0000000088500000| Untracked 
| 133|0x0000000088500000, 0x0000000088600000, 0x0000000088600000|100%| O|  |TAMS 0x0000000088600000, 0x0000000088600000| Untracked 
| 134|0x0000000088600000, 0x0000000088700000, 0x0000000088700000|100%| O|  |TAMS 0x0000000088700000, 0x0000000088700000| Untracked 
| 135|0x0000000088700000, 0x0000000088800000, 0x0000000088800000|100%| O|  |TAMS 0x0000000088780000, 0x0000000088800000| Untracked 
| 136|0x0000000088800000, 0x0000000088900000, 0x0000000088900000|100%|HS|  |TAMS 0x0000000088800000, 0x0000000088900000| Complete 
| 137|0x0000000088900000, 0x0000000088a00000, 0x0000000088a00000|100%|HS|  |TAMS 0x0000000088900000, 0x0000000088a00000| Complete 
| 138|0x0000000088a00000, 0x0000000088b00000, 0x0000000088b00000|100%| O|  |TAMS 0x0000000088a00000, 0x0000000088b00000| Untracked 
| 139|0x0000000088b00000, 0x0000000088c00000, 0x0000000088c00000|100%| O|  |TAMS 0x0000000088b00000, 0x0000000088c00000| Untracked 
| 140|0x0000000088c00000, 0x0000000088d00000, 0x0000000088d00000|100%| O|  |TAMS 0x0000000088c00000, 0x0000000088d00000| Untracked 
| 141|0x0000000088d00000, 0x0000000088e00000, 0x0000000088e00000|100%| O|  |TAMS 0x0000000088d00000, 0x0000000088e00000| Untracked 
| 142|0x0000000088e00000, 0x0000000088f00000, 0x0000000088f00000|100%| O|  |TAMS 0x0000000088e00000, 0x0000000088f00000| Untracked 
| 143|0x0000000088f00000, 0x0000000089000000, 0x0000000089000000|100%| O|  |TAMS 0x0000000088f00000, 0x0000000089000000| Untracked 
| 144|0x0000000089000000, 0x0000000089100000, 0x0000000089100000|100%| O|  |TAMS 0x0000000089000000, 0x0000000089100000| Untracked 
| 145|0x0000000089100000, 0x0000000089200000, 0x0000000089200000|100%| O|  |TAMS 0x0000000089100000, 0x0000000089200000| Untracked 
| 146|0x0000000089200000, 0x0000000089300000, 0x0000000089300000|100%| O|  |TAMS 0x0000000089200000, 0x0000000089300000| Untracked 
| 147|0x0000000089300000, 0x0000000089400000, 0x0000000089400000|100%| O|  |TAMS 0x0000000089300000, 0x0000000089400000| Untracked 
| 148|0x0000000089400000, 0x0000000089500000, 0x0000000089500000|100%| O|  |TAMS 0x0000000089400000, 0x0000000089500000| Untracked 
| 149|0x0000000089500000, 0x0000000089600000, 0x0000000089600000|100%| O|  |TAMS 0x0000000089500000, 0x0000000089600000| Untracked 
| 150|0x0000000089600000, 0x0000000089700000, 0x0000000089700000|100%| O|  |TAMS 0x0000000089600000, 0x0000000089700000| Untracked 
| 151|0x0000000089700000, 0x0000000089800000, 0x0000000089800000|100%| O|  |TAMS 0x0000000089700000, 0x0000000089800000| Untracked 
| 152|0x0000000089800000, 0x0000000089800000, 0x0000000089900000|  0%| F|  |TAMS 0x0000000089800000, 0x0000000089800000| Untracked 
| 153|0x0000000089900000, 0x0000000089900000, 0x0000000089a00000|  0%| F|  |TAMS 0x0000000089900000, 0x0000000089900000| Untracked 
| 154|0x0000000089a00000, 0x0000000089a00000, 0x0000000089b00000|  0%| F|  |TAMS 0x0000000089a00000, 0x0000000089a00000| Untracked 
| 155|0x0000000089b00000, 0x0000000089b00000, 0x0000000089c00000|  0%| F|  |TAMS 0x0000000089b00000, 0x0000000089b00000| Untracked 
| 156|0x0000000089c00000, 0x0000000089c00000, 0x0000000089d00000|  0%| F|  |TAMS 0x0000000089c00000, 0x0000000089c00000| Untracked 
| 157|0x0000000089d00000, 0x0000000089d00000, 0x0000000089e00000|  0%| F|  |TAMS 0x0000000089d00000, 0x0000000089d00000| Untracked 
| 158|0x0000000089e00000, 0x0000000089e00000, 0x0000000089f00000|  0%| F|  |TAMS 0x0000000089e00000, 0x0000000089e00000| Untracked 
| 159|0x0000000089f00000, 0x0000000089f00000, 0x000000008a000000|  0%| F|  |TAMS 0x0000000089f00000, 0x0000000089f00000| Untracked 
| 160|0x000000008a000000, 0x000000008a000000, 0x000000008a100000|  0%| F|  |TAMS 0x000000008a000000, 0x000000008a000000| Untracked 
| 161|0x000000008a100000, 0x000000008a100000, 0x000000008a200000|  0%| F|  |TAMS 0x000000008a100000, 0x000000008a100000| Untracked 
| 162|0x000000008a200000, 0x000000008a200000, 0x000000008a300000|  0%| F|  |TAMS 0x000000008a200000, 0x000000008a200000| Untracked 
| 163|0x000000008a300000, 0x000000008a300000, 0x000000008a400000|  0%| F|  |TAMS 0x000000008a300000, 0x000000008a300000| Untracked 
| 164|0x000000008a400000, 0x000000008a400000, 0x000000008a500000|  0%| F|  |TAMS 0x000000008a400000, 0x000000008a400000| Untracked 
| 165|0x000000008a500000, 0x000000008a500000, 0x000000008a600000|  0%| F|  |TAMS 0x000000008a500000, 0x000000008a500000| Untracked 
| 166|0x000000008a600000, 0x000000008a600000, 0x000000008a700000|  0%| F|  |TAMS 0x000000008a600000, 0x000000008a600000| Untracked 
| 167|0x000000008a700000, 0x000000008a700000, 0x000000008a800000|  0%| F|  |TAMS 0x000000008a700000, 0x000000008a700000| Untracked 
| 168|0x000000008a800000, 0x000000008a800000, 0x000000008a900000|  0%| F|  |TAMS 0x000000008a800000, 0x000000008a800000| Untracked 
| 169|0x000000008a900000, 0x000000008a900000, 0x000000008aa00000|  0%| F|  |TAMS 0x000000008a900000, 0x000000008a900000| Untracked 
| 170|0x000000008aa00000, 0x000000008aa00000, 0x000000008ab00000|  0%| F|  |TAMS 0x000000008aa00000, 0x000000008aa00000| Untracked 
| 171|0x000000008ab00000, 0x000000008ab00000, 0x000000008ac00000|  0%| F|  |TAMS 0x000000008ab00000, 0x000000008ab00000| Untracked 
| 172|0x000000008ac00000, 0x000000008ac00000, 0x000000008ad00000|  0%| F|  |TAMS 0x000000008ac00000, 0x000000008ac00000| Untracked 
| 173|0x000000008ad00000, 0x000000008ad00000, 0x000000008ae00000|  0%| F|  |TAMS 0x000000008ad00000, 0x000000008ad00000| Untracked 
| 174|0x000000008ae00000, 0x000000008ae00000, 0x000000008af00000|  0%| F|  |TAMS 0x000000008ae00000, 0x000000008ae00000| Untracked 
| 175|0x000000008af00000, 0x000000008af00000, 0x000000008b000000|  0%| F|  |TAMS 0x000000008af00000, 0x000000008af00000| Untracked 
| 176|0x000000008b000000, 0x000000008b000000, 0x000000008b100000|  0%| F|  |TAMS 0x000000008b000000, 0x000000008b000000| Untracked 
| 177|0x000000008b100000, 0x000000008b100000, 0x000000008b200000|  0%| F|  |TAMS 0x000000008b100000, 0x000000008b100000| Untracked 
| 178|0x000000008b200000, 0x000000008b200000, 0x000000008b300000|  0%| F|  |TAMS 0x000000008b200000, 0x000000008b200000| Untracked 
| 179|0x000000008b300000, 0x000000008b300000, 0x000000008b400000|  0%| F|  |TAMS 0x000000008b300000, 0x000000008b300000| Untracked 
| 180|0x000000008b400000, 0x000000008b400000, 0x000000008b500000|  0%| F|  |TAMS 0x000000008b400000, 0x000000008b400000| Untracked 
| 181|0x000000008b500000, 0x000000008b500000, 0x000000008b600000|  0%| F|  |TAMS 0x000000008b500000, 0x000000008b500000| Untracked 
| 182|0x000000008b600000, 0x000000008b600000, 0x000000008b700000|  0%| F|  |TAMS 0x000000008b600000, 0x000000008b600000| Untracked 
| 183|0x000000008b700000, 0x000000008b700000, 0x000000008b800000|  0%| F|  |TAMS 0x000000008b700000, 0x000000008b700000| Untracked 
| 184|0x000000008b800000, 0x000000008b800000, 0x000000008b900000|  0%| F|  |TAMS 0x000000008b800000, 0x000000008b800000| Untracked 
| 185|0x000000008b900000, 0x000000008b900000, 0x000000008ba00000|  0%| F|  |TAMS 0x000000008b900000, 0x000000008b900000| Untracked 
| 186|0x000000008ba00000, 0x000000008ba00000, 0x000000008bb00000|  0%| F|  |TAMS 0x000000008ba00000, 0x000000008ba00000| Untracked 
| 187|0x000000008bb00000, 0x000000008bb00000, 0x000000008bc00000|  0%| F|  |TAMS 0x000000008bb00000, 0x000000008bb00000| Untracked 
| 188|0x000000008bc00000, 0x000000008bc00000, 0x000000008bd00000|  0%| F|  |TAMS 0x000000008bc00000, 0x000000008bc00000| Untracked 
| 189|0x000000008bd00000, 0x000000008bd00000, 0x000000008be00000|  0%| F|  |TAMS 0x000000008bd00000, 0x000000008bd00000| Untracked 
| 190|0x000000008be00000, 0x000000008be00000, 0x000000008bf00000|  0%| F|  |TAMS 0x000000008be00000, 0x000000008be00000| Untracked 
| 191|0x000000008bf00000, 0x000000008bf00000, 0x000000008c000000|  0%| F|  |TAMS 0x000000008bf00000, 0x000000008bf00000| Untracked 
| 192|0x000000008c000000, 0x000000008c000000, 0x000000008c100000|  0%| F|  |TAMS 0x000000008c000000, 0x000000008c000000| Untracked 
| 193|0x000000008c100000, 0x000000008c100000, 0x000000008c200000|  0%| F|  |TAMS 0x000000008c100000, 0x000000008c100000| Untracked 
| 194|0x000000008c200000, 0x000000008c200000, 0x000000008c300000|  0%| F|  |TAMS 0x000000008c200000, 0x000000008c200000| Untracked 
| 195|0x000000008c300000, 0x000000008c300000, 0x000000008c400000|  0%| F|  |TAMS 0x000000008c300000, 0x000000008c300000| Untracked 
| 196|0x000000008c400000, 0x000000008c400000, 0x000000008c500000|  0%| F|  |TAMS 0x000000008c400000, 0x000000008c400000| Untracked 
| 197|0x000000008c500000, 0x000000008c500000, 0x000000008c600000|  0%| F|  |TAMS 0x000000008c500000, 0x000000008c500000| Untracked 
| 198|0x000000008c600000, 0x000000008c600000, 0x000000008c700000|  0%| F|  |TAMS 0x000000008c600000, 0x000000008c600000| Untracked 
| 199|0x000000008c700000, 0x000000008c700000, 0x000000008c800000|  0%| F|  |TAMS 0x000000008c700000, 0x000000008c700000| Untracked 
| 200|0x000000008c800000, 0x000000008c800000, 0x000000008c900000|  0%| F|  |TAMS 0x000000008c800000, 0x000000008c800000| Untracked 
| 201|0x000000008c900000, 0x000000008c900000, 0x000000008ca00000|  0%| F|  |TAMS 0x000000008c900000, 0x000000008c900000| Untracked 
| 202|0x000000008ca00000, 0x000000008ca00000, 0x000000008cb00000|  0%| F|  |TAMS 0x000000008ca00000, 0x000000008ca00000| Untracked 
| 203|0x000000008cb00000, 0x000000008cb00000, 0x000000008cc00000|  0%| F|  |TAMS 0x000000008cb00000, 0x000000008cb00000| Untracked 
| 204|0x000000008cc00000, 0x000000008cc00000, 0x000000008cd00000|  0%| F|  |TAMS 0x000000008cc00000, 0x000000008cc00000| Untracked 
| 205|0x000000008cd00000, 0x000000008cd00000, 0x000000008ce00000|  0%| F|  |TAMS 0x000000008cd00000, 0x000000008cd00000| Untracked 
| 206|0x000000008ce00000, 0x000000008ce00000, 0x000000008cf00000|  0%| F|  |TAMS 0x000000008ce00000, 0x000000008ce00000| Untracked 
| 207|0x000000008cf00000, 0x000000008cf00000, 0x000000008d000000|  0%| F|  |TAMS 0x000000008cf00000, 0x000000008cf00000| Untracked 
| 208|0x000000008d000000, 0x000000008d000000, 0x000000008d100000|  0%| F|  |TAMS 0x000000008d000000, 0x000000008d000000| Untracked 
| 209|0x000000008d100000, 0x000000008d100000, 0x000000008d200000|  0%| F|  |TAMS 0x000000008d100000, 0x000000008d100000| Untracked 
| 210|0x000000008d200000, 0x000000008d200000, 0x000000008d300000|  0%| F|  |TAMS 0x000000008d200000, 0x000000008d200000| Untracked 
| 211|0x000000008d300000, 0x000000008d300000, 0x000000008d400000|  0%| F|  |TAMS 0x000000008d300000, 0x000000008d300000| Untracked 
| 212|0x000000008d400000, 0x000000008d400000, 0x000000008d500000|  0%| F|  |TAMS 0x000000008d400000, 0x000000008d400000| Untracked 
| 213|0x000000008d500000, 0x000000008d500000, 0x000000008d600000|  0%| F|  |TAMS 0x000000008d500000, 0x000000008d500000| Untracked 
| 214|0x000000008d600000, 0x000000008d600000, 0x000000008d700000|  0%| F|  |TAMS 0x000000008d600000, 0x000000008d600000| Untracked 
| 215|0x000000008d700000, 0x000000008d800000, 0x000000008d800000|100%| O|  |TAMS 0x000000008d800000, 0x000000008d800000| Untracked 
| 216|0x000000008d800000, 0x000000008d900000, 0x000000008d900000|100%| O|  |TAMS 0x000000008d900000, 0x000000008d900000| Untracked 
| 217|0x000000008d900000, 0x000000008da00000, 0x000000008da00000|100%| O|  |TAMS 0x000000008da00000, 0x000000008da00000| Untracked 
| 218|0x000000008da00000, 0x000000008db00000, 0x000000008db00000|100%| O|  |TAMS 0x000000008db00000, 0x000000008db00000| Untracked 
| 219|0x000000008db00000, 0x000000008dc00000, 0x000000008dc00000|100%| O|  |TAMS 0x000000008dc00000, 0x000000008dc00000| Untracked 
| 220|0x000000008dc00000, 0x000000008dd00000, 0x000000008dd00000|100%| O|  |TAMS 0x000000008dd00000, 0x000000008dd00000| Untracked 
| 221|0x000000008dd00000, 0x000000008de00000, 0x000000008de00000|100%| O|  |TAMS 0x000000008de00000, 0x000000008de00000| Untracked 
| 222|0x000000008de00000, 0x000000008df00000, 0x000000008df00000|100%| O|  |TAMS 0x000000008df00000, 0x000000008df00000| Untracked 
| 223|0x000000008df00000, 0x000000008df00000, 0x000000008e000000|  0%| F|  |TAMS 0x000000008df00000, 0x000000008df00000| Untracked 
| 224|0x000000008e000000, 0x000000008e000000, 0x000000008e100000|  0%| F|  |TAMS 0x000000008e000000, 0x000000008e000000| Untracked 
| 225|0x000000008e100000, 0x000000008e100000, 0x000000008e200000|  0%| F|  |TAMS 0x000000008e100000, 0x000000008e100000| Untracked 
| 226|0x000000008e200000, 0x000000008e200000, 0x000000008e300000|  0%| F|  |TAMS 0x000000008e200000, 0x000000008e200000| Untracked 
| 227|0x000000008e300000, 0x000000008e300000, 0x000000008e400000|  0%| F|  |TAMS 0x000000008e300000, 0x000000008e300000| Untracked 
| 228|0x000000008e400000, 0x000000008e400000, 0x000000008e500000|  0%| F|  |TAMS 0x000000008e400000, 0x000000008e400000| Untracked 
| 229|0x000000008e500000, 0x000000008e500000, 0x000000008e600000|  0%| F|  |TAMS 0x000000008e500000, 0x000000008e500000| Untracked 
| 230|0x000000008e600000, 0x000000008e600000, 0x000000008e700000|  0%| F|  |TAMS 0x000000008e600000, 0x000000008e600000| Untracked 
| 231|0x000000008e700000, 0x000000008e700000, 0x000000008e800000|  0%| F|  |TAMS 0x000000008e700000, 0x000000008e700000| Untracked 
| 232|0x000000008e800000, 0x000000008e800000, 0x000000008e900000|  0%| F|  |TAMS 0x000000008e800000, 0x000000008e800000| Untracked 
| 233|0x000000008e900000, 0x000000008e900000, 0x000000008ea00000|  0%| F|  |TAMS 0x000000008e900000, 0x000000008e900000| Untracked 
| 234|0x000000008ea00000, 0x000000008ea00000, 0x000000008eb00000|  0%| F|  |TAMS 0x000000008ea00000, 0x000000008ea00000| Untracked 
| 235|0x000000008eb00000, 0x000000008eb00000, 0x000000008ec00000|  0%| F|  |TAMS 0x000000008eb00000, 0x000000008eb00000| Untracked 
| 236|0x000000008ec00000, 0x000000008ec00000, 0x000000008ed00000|  0%| F|  |TAMS 0x000000008ec00000, 0x000000008ec00000| Untracked 
| 237|0x000000008ed00000, 0x000000008ed00000, 0x000000008ee00000|  0%| F|  |TAMS 0x000000008ed00000, 0x000000008ed00000| Untracked 
| 238|0x000000008ee00000, 0x000000008ee00000, 0x000000008ef00000|  0%| F|  |TAMS 0x000000008ee00000, 0x000000008ee00000| Untracked 
| 239|0x000000008ef00000, 0x000000008ef00000, 0x000000008f000000|  0%| F|  |TAMS 0x000000008ef00000, 0x000000008ef00000| Untracked 
| 240|0x000000008f000000, 0x000000008f000000, 0x000000008f100000|  0%| F|  |TAMS 0x000000008f000000, 0x000000008f000000| Untracked 
| 241|0x000000008f100000, 0x000000008f100000, 0x000000008f200000|  0%| F|  |TAMS 0x000000008f100000, 0x000000008f100000| Untracked 
| 242|0x000000008f200000, 0x000000008f200000, 0x000000008f300000|  0%| F|  |TAMS 0x000000008f200000, 0x000000008f200000| Untracked 
| 243|0x000000008f300000, 0x000000008f300000, 0x000000008f400000|  0%| F|  |TAMS 0x000000008f300000, 0x000000008f300000| Untracked 
| 244|0x000000008f400000, 0x000000008f400000, 0x000000008f500000|  0%| F|  |TAMS 0x000000008f400000, 0x000000008f400000| Untracked 
| 245|0x000000008f500000, 0x000000008f500000, 0x000000008f600000|  0%| F|  |TAMS 0x000000008f500000, 0x000000008f500000| Untracked 
| 246|0x000000008f600000, 0x000000008f600000, 0x000000008f700000|  0%| F|  |TAMS 0x000000008f600000, 0x000000008f600000| Untracked 
| 247|0x000000008f700000, 0x000000008f700000, 0x000000008f800000|  0%| F|  |TAMS 0x000000008f700000, 0x000000008f700000| Untracked 
| 248|0x000000008f800000, 0x000000008f800000, 0x000000008f900000|  0%| F|  |TAMS 0x000000008f800000, 0x000000008f800000| Untracked 
| 249|0x000000008f900000, 0x000000008f900000, 0x000000008fa00000|  0%| F|  |TAMS 0x000000008f900000, 0x000000008f900000| Untracked 
| 250|0x000000008fa00000, 0x000000008fb00000, 0x000000008fb00000|100%| E|CS|TAMS 0x000000008fa00000, 0x000000008fb00000| Complete 
| 251|0x000000008fb00000, 0x000000008fc00000, 0x000000008fc00000|100%| E|CS|TAMS 0x000000008fb00000, 0x000000008fc00000| Complete 
| 252|0x000000008fc00000, 0x000000008fd00000, 0x000000008fd00000|100%| E|CS|TAMS 0x000000008fc00000, 0x000000008fd00000| Complete 
| 253|0x000000008fd00000, 0x000000008fd00000, 0x000000008fe00000|  0%| F|  |TAMS 0x000000008fd00000, 0x000000008fd00000| Untracked 
| 254|0x000000008fe00000, 0x000000008fe00000, 0x000000008ff00000|  0%| F|  |TAMS 0x000000008fe00000, 0x000000008fe00000| Untracked 
| 255|0x000000008ff00000, 0x000000008ff00000, 0x0000000090000000|  0%| F|  |TAMS 0x000000008ff00000, 0x000000008ff00000| Untracked 
| 256|0x0000000090000000, 0x0000000090000000, 0x0000000090100000|  0%| F|  |TAMS 0x0000000090000000, 0x0000000090000000| Untracked 
| 257|0x0000000090100000, 0x0000000090100000, 0x0000000090200000|  0%| F|  |TAMS 0x0000000090100000, 0x0000000090100000| Untracked 
| 258|0x0000000090200000, 0x0000000090200000, 0x0000000090300000|  0%| F|  |TAMS 0x0000000090200000, 0x0000000090200000| Untracked 
| 259|0x0000000090300000, 0x0000000090300000, 0x0000000090400000|  0%| F|  |TAMS 0x0000000090300000, 0x0000000090300000| Untracked 
| 260|0x0000000090400000, 0x0000000090400000, 0x0000000090500000|  0%| F|  |TAMS 0x0000000090400000, 0x0000000090400000| Untracked 
| 261|0x0000000090500000, 0x0000000090500000, 0x0000000090600000|  0%| F|  |TAMS 0x0000000090500000, 0x0000000090500000| Untracked 
| 262|0x0000000090600000, 0x00000000906aaca0, 0x0000000090700000| 66%| S|  |TAMS 0x0000000090600000, 0x0000000090600000| Complete 
| 263|0x0000000090700000, 0x00000000907d9938, 0x0000000090800000| 84%| E|CS|TAMS 0x0000000090700000, 0x00000000907d9938| Complete 
| 264|0x0000000090800000, 0x0000000090900000, 0x0000000090900000|100%| E|CS|TAMS 0x0000000090800000, 0x0000000090900000| Complete 
| 265|0x0000000090900000, 0x0000000090a00000, 0x0000000090a00000|100%| E|CS|TAMS 0x0000000090900000, 0x0000000090a00000| Complete 
| 266|0x0000000090a00000, 0x0000000090b00000, 0x0000000090b00000|100%| E|CS|TAMS 0x0000000090a00000, 0x0000000090b00000| Complete 
| 267|0x0000000090b00000, 0x0000000090c00000, 0x0000000090c00000|100%| E|CS|TAMS 0x0000000090b00000, 0x0000000090c00000| Complete 

Card table byte_map: [0x0000025d730e0000,0x0000025d734e0000] _byte_map_base: 0x0000025d72ce0000

Marking Bits (Prev, Next): (CMBitMap*) 0x0000025d6f7a9eb8, (CMBitMap*) 0x0000025d6f7a9ef0
 Prev Bits: [0x0000025d738e0000, 0x0000025d758e0000)
 Next Bits: [0x0000025d758e0000, 0x0000025d778e0000)

Polling page: 0x0000025d6d8f0000

Metaspace:

Usage:
  Non-class:     78.27 MB capacity,    76.96 MB ( 98%) used,     1.09 MB (  1%) free+waste,   225.00 KB ( <1%) overhead. 
      Class:     12.09 MB capacity,    11.39 MB ( 94%) used,   616.30 KB (  5%) free+waste,    99.56 KB ( <1%) overhead. 
       Both:     90.35 MB capacity,    88.35 MB ( 98%) used,     1.69 MB (  2%) free+waste,   324.56 KB ( <1%) overhead. 

Virtual space:
  Non-class space:       86.00 MB reserved,      78.29 MB ( 91%) committed 
      Class space:        1.00 GB reserved,      12.13 MB (  1%) committed 
             Both:        1.08 GB reserved,      90.41 MB (  8%) committed 

Chunk freelists:
   Non-Class:  19.00 KB
       Class:  8.00 KB
        Both:  27.00 KB

MaxMetaspaceSize: 17179869184.00 GB
CompressedClassSpaceSize: 1.00 GB

CodeHeap 'non-profiled nmethods': size=120064Kb used=5971Kb max_used=5971Kb free=114092Kb
 bounds [0x0000025d07ac0000, 0x0000025d080a0000, 0x0000025d0f000000]
CodeHeap 'profiled nmethods': size=120000Kb used=23502Kb max_used=23502Kb free=96497Kb
 bounds [0x0000025d00590000, 0x0000025d01c90000, 0x0000025d07ac0000]
CodeHeap 'non-nmethods': size=5696Kb used=2266Kb max_used=2300Kb free=3429Kb
 bounds [0x0000025d00000000, 0x0000025d00270000, 0x0000025d00590000]
 total_blobs=11833 nmethods=10958 adapters=787
 compilation: enabled
              stopped_count=0, restarted_count=0
 full_count=0

Compilation events (20 events):
Event: 105.923 Thread 0x0000025d7a68b800 11303       2       com.android.tools.r8.graph.n0::o (2 bytes)
Event: 105.923 Thread 0x0000025d7a68b800 nmethod 11303 0x0000025d01c67110 code [0x0000025d01c672c0, 0x0000025d01c673b8]
Event: 105.923 Thread 0x0000025d7a68b800 11304  s    2       com.android.tools.r8.graph.F$b::a (16 bytes)
Event: 105.924 Thread 0x0000025d7a68b800 nmethod 11304 0x0000025d01c67490 code [0x0000025d01c67660, 0x0000025d01c67918]
Event: 105.924 Thread 0x0000025d7a68b800 11305       2       com.android.tools.r8.graph.i1$c::d (2 bytes)
Event: 105.924 Thread 0x0000025d7a68b800 nmethod 11305 0x0000025d01c67a10 code [0x0000025d01c67bc0, 0x0000025d01c67cb8]
Event: 105.929 Thread 0x0000025d7a68b800 11309   !   2       java.util.concurrent.ConcurrentHashMap::merge (545 bytes)
Event: 105.934 Thread 0x0000025d7a68b800 nmethod 11309 0x0000025d01c67d90 code [0x0000025d01c680a0, 0x0000025d01c69578]
Event: 105.934 Thread 0x0000025d7a68b800 11310       2       com.android.tools.r8.utils.T0$$Lambda$773/0x0000000100bea040::get$Lambda (9 bytes)
Event: 105.935 Thread 0x0000025d7a68b800 nmethod 11310 0x0000025d01c6a290 code [0x0000025d01c6a440, 0x0000025d01c6a5b8]
Event: 106.174 Thread 0x0000025d7a68b800 11311       2       com.android.tools.r8.graph.n0::get (2 bytes)
Event: 106.174 Thread 0x0000025d7a68b800 nmethod 11311 0x0000025d01c6a690 code [0x0000025d01c6a840, 0x0000025d01c6a938]
Event: 106.182 Thread 0x0000025d7a68b800 11314       2       com.android.tools.r8.graph.j::a (8 bytes)
Event: 106.183 Thread 0x0000025d7a68b800 nmethod 11314 0x0000025d01c6aa10 code [0x0000025d01c6abc0, 0x0000025d01c6acb8]
Event: 106.183 Thread 0x0000025d7a68b800 11315       2       com.android.tools.r8.graph.f::m (13 bytes)
Event: 106.183 Thread 0x0000025d7a68b800 nmethod 11315 0x0000025d01c6ad90 code [0x0000025d01c6af40, 0x0000025d01c6b058]
Event: 106.183 Thread 0x0000025d7a68b800 11316       2       com.android.tools.r8.graph.t::H (13 bytes)
Event: 106.183 Thread 0x0000025d7a68b800 nmethod 11316 0x0000025d01c6b110 code [0x0000025d01c6b2c0, 0x0000025d01c6b3d8]
Event: 106.185 Thread 0x0000025d7a68b800 11317       2       com.android.tools.r8.graph.t::J (13 bytes)
Event: 106.185 Thread 0x0000025d7a68b800 nmethod 11317 0x0000025d01c6b490 code [0x0000025d01c6b640, 0x0000025d01c6b758]

GC Heap History (20 events):
Event: 52.051 GC heap before
{Heap before GC invocations=37 (full 0):
 garbage-first heap   total 220160K, used 118856K [0x0000000080000000, 0x0000000100000000)
  region size 1024K, 18 young (18432K), 1 survivors (1024K)
 Metaspace       used 78779K, capacity 80647K, committed 80804K, reserved 1120256K
  class space    used 10126K, capacity 10777K, committed 10880K, reserved 1048576K
}
Event: 52.065 GC heap after
{Heap after GC invocations=38 (full 0):
 garbage-first heap   total 220160K, used 95706K [0x0000000080000000, 0x0000000100000000)
  region size 1024K, 2 young (2048K), 2 survivors (2048K)
 Metaspace       used 78779K, capacity 80647K, committed 80804K, reserved 1120256K
  class space    used 10126K, capacity 10777K, committed 10880K, reserved 1048576K
}
Event: 55.621 GC heap before
{Heap before GC invocations=39 (full 0):
 garbage-first heap   total 220160K, used 152026K [0x0000000080000000, 0x0000000100000000)
  region size 1024K, 61 young (62464K), 2 survivors (2048K)
 Metaspace       used 80550K, capacity 82478K, committed 82724K, reserved 1122304K
  class space    used 10349K, capacity 11002K, committed 11008K, reserved 1048576K
}
Event: 55.654 GC heap after
{Heap after GC invocations=40 (full 0):
 garbage-first heap   total 220160K, used 92964K [0x0000000080000000, 0x0000000100000000)
  region size 1024K, 4 young (4096K), 4 survivors (4096K)
 Metaspace       used 80550K, capacity 82478K, committed 82724K, reserved 1122304K
  class space    used 10349K, capacity 11002K, committed 11008K, reserved 1048576K
}
Event: 55.960 GC heap before
{Heap before GC invocations=40 (full 0):
 garbage-first heap   total 220160K, used 98084K [0x0000000080000000, 0x0000000100000000)
  region size 1024K, 10 young (10240K), 4 survivors (4096K)
 Metaspace       used 81024K, capacity 82926K, committed 83108K, reserved 1122304K
  class space    used 10408K, capacity 11066K, committed 11136K, reserved 1048576K
}
Event: 55.993 GC heap after
{Heap after GC invocations=41 (full 0):
 garbage-first heap   total 220160K, used 81897K [0x0000000080000000, 0x0000000100000000)
  region size 1024K, 1 young (1024K), 1 survivors (1024K)
 Metaspace       used 81024K, capacity 82926K, committed 83108K, reserved 1122304K
  class space    used 10408K, capacity 11066K, committed 11136K, reserved 1048576K
}
Event: 61.132 GC heap before
{Heap before GC invocations=41 (full 0):
 garbage-first heap   total 220160K, used 166889K [0x0000000080000000, 0x0000000100000000)
  region size 1024K, 85 young (87040K), 1 survivors (1024K)
 Metaspace       used 83227K, capacity 85177K, committed 85412K, reserved 1124352K
  class space    used 10659K, capacity 11325K, committed 11392K, reserved 1048576K
}
Event: 61.163 GC heap after
{Heap after GC invocations=42 (full 0):
 garbage-first heap   total 220160K, used 85977K [0x0000000080000000, 0x0000000100000000)
  region size 1024K, 5 young (5120K), 5 survivors (5120K)
 Metaspace       used 83227K, capacity 85177K, committed 85412K, reserved 1124352K
  class space    used 10659K, capacity 11325K, committed 11392K, reserved 1048576K
}
Event: 96.610 GC heap before
{Heap before GC invocations=42 (full 0):
 garbage-first heap   total 220160K, used 166873K [0x0000000080000000, 0x0000000100000000)
  region size 1024K, 85 young (87040K), 5 survivors (5120K)
 Metaspace       used 84381K, capacity 86318K, committed 86564K, reserved 1124352K
  class space    used 10752K, capacity 11426K, committed 11520K, reserved 1048576K
}
Event: 96.665 GC heap after
{Heap after GC invocations=43 (full 0):
 garbage-first heap   total 220160K, used 92651K [0x0000000080000000, 0x0000000100000000)
  region size 1024K, 11 young (11264K), 11 survivors (11264K)
 Metaspace       used 84381K, capacity 86318K, committed 86564K, reserved 1124352K
  class space    used 10752K, capacity 11426K, committed 11520K, reserved 1048576K
}
Event: 100.079 GC heap before
{Heap before GC invocations=43 (full 0):
 garbage-first heap   total 220160K, used 146923K [0x0000000080000000, 0x0000000100000000)
  region size 1024K, 56 young (57344K), 11 survivors (11264K)
 Metaspace       used 86863K, capacity 88903K, committed 88996K, reserved 1126400K
  class space    used 11097K, capacity 11817K, committed 11904K, reserved 1048576K
}
Event: 100.124 GC heap after
{Heap after GC invocations=44 (full 0):
 garbage-first heap   total 220160K, used 100691K [0x0000000080000000, 0x0000000100000000)
  region size 1024K, 2 young (2048K), 2 survivors (2048K)
 Metaspace       used 86863K, capacity 88903K, committed 88996K, reserved 1126400K
  class space    used 11097K, capacity 11817K, committed 11904K, reserved 1048576K
}
Event: 103.063 GC heap before
{Heap before GC invocations=45 (full 0):
 garbage-first heap   total 220160K, used 191827K [0x0000000080000000, 0x0000000100000000)
  region size 1024K, 76 young (77824K), 2 survivors (2048K)
 Metaspace       used 89176K, capacity 91217K, committed 91428K, reserved 1128448K
  class space    used 11496K, capacity 12200K, committed 12288K, reserved 1048576K
}
Event: 103.300 GC heap after
{Heap after GC invocations=46 (full 0):
 garbage-first heap   total 228352K, used 139264K [0x0000000080000000, 0x0000000100000000)
  region size 1024K, 10 young (10240K), 10 survivors (10240K)
 Metaspace       used 89176K, capacity 91217K, committed 91428K, reserved 1128448K
  class space    used 11496K, capacity 12200K, committed 12288K, reserved 1048576K
}
Event: 103.367 GC heap before
{Heap before GC invocations=46 (full 0):
 garbage-first heap   total 228352K, used 140288K [0x0000000080000000, 0x0000000100000000)
  region size 1024K, 11 young (11264K), 10 survivors (10240K)
 Metaspace       used 89177K, capacity 91217K, committed 91428K, reserved 1128448K
  class space    used 11496K, capacity 12200K, committed 12288K, reserved 1048576K
}
Event: 103.493 GC heap after
{Heap after GC invocations=47 (full 0):
 garbage-first heap   total 274432K, used 135680K [0x0000000080000000, 0x0000000100000000)
  region size 1024K, 1 young (1024K), 1 survivors (1024K)
 Metaspace       used 89177K, capacity 91217K, committed 91428K, reserved 1128448K
  class space    used 11496K, capacity 12200K, committed 12288K, reserved 1048576K
}
Event: 104.223 GC heap before
{Heap before GC invocations=47 (full 0):
 garbage-first heap   total 274432K, used 163328K [0x0000000080000000, 0x0000000100000000)
  region size 1024K, 29 young (29696K), 1 survivors (1024K)
 Metaspace       used 89197K, capacity 91220K, committed 91428K, reserved 1128448K
  class space    used 11496K, capacity 12200K, committed 12288K, reserved 1048576K
}
Event: 104.331 GC heap after
{Heap after GC invocations=48 (full 0):
 garbage-first heap   total 274432K, used 152064K [0x0000000080000000, 0x0000000100000000)
  region size 1024K, 5 young (5120K), 5 survivors (5120K)
 Metaspace       used 89197K, capacity 91220K, committed 91428K, reserved 1128448K
  class space    used 11496K, capacity 12200K, committed 12288K, reserved 1048576K
}
Event: 105.962 GC heap before
{Heap before GC invocations=49 (full 0):
 garbage-first heap   total 274432K, used 169472K [0x0000000080000000, 0x0000000100000000)
  region size 1024K, 20 young (20480K), 5 survivors (5120K)
 Metaspace       used 89244K, capacity 91320K, committed 91428K, reserved 1128448K
  class space    used 11504K, capacity 12233K, committed 12288K, reserved 1048576K
}
Event: 106.070 GC heap after
{Heap after GC invocations=50 (full 0):
 garbage-first heap   total 274432K, used 163328K [0x0000000080000000, 0x0000000100000000)
  region size 1024K, 3 young (3072K), 3 survivors (3072K)
 Metaspace       used 89244K, capacity 91320K, committed 91428K, reserved 1128448K
  class space    used 11504K, capacity 12233K, committed 12288K, reserved 1048576K
}

Deoptimization events (20 events):
Event: 105.738 Thread 0x0000025d106ab000 DEOPT PACKING pc=0x0000025d01b976ad sp=0x000000eb68efe920
Event: 105.738 Thread 0x0000025d106ab000 DEOPT UNPACKING pc=0x0000025d000267c0 sp=0x000000eb68efdf08 mode 0
Event: 105.795 Thread 0x0000025d106ab000 DEOPT PACKING pc=0x0000025d01b976ad sp=0x000000eb68efe940
Event: 105.795 Thread 0x0000025d106ab000 DEOPT UNPACKING pc=0x0000025d000267c0 sp=0x000000eb68efdf28 mode 0
Event: 105.821 Thread 0x0000025d106ab000 DEOPT PACKING pc=0x0000025d01b976ad sp=0x000000eb68efe920
Event: 105.821 Thread 0x0000025d106ab000 DEOPT UNPACKING pc=0x0000025d000267c0 sp=0x000000eb68efdf08 mode 0
Event: 105.850 Thread 0x0000025d106ab000 DEOPT PACKING pc=0x0000025d01b976ad sp=0x000000eb68efe940
Event: 105.850 Thread 0x0000025d106ab000 DEOPT UNPACKING pc=0x0000025d000267c0 sp=0x000000eb68efdf28 mode 0
Event: 105.859 Thread 0x0000025d106ab000 DEOPT PACKING pc=0x0000025d01b976ad sp=0x000000eb68efe940
Event: 105.859 Thread 0x0000025d106ab000 DEOPT UNPACKING pc=0x0000025d000267c0 sp=0x000000eb68efdf28 mode 0
Event: 105.868 Thread 0x0000025d106ab000 DEOPT PACKING pc=0x0000025d01b976ad sp=0x000000eb68efe940
Event: 105.868 Thread 0x0000025d106ab000 DEOPT UNPACKING pc=0x0000025d000267c0 sp=0x000000eb68efdf28 mode 0
Event: 105.876 Thread 0x0000025d106ab000 DEOPT PACKING pc=0x0000025d01b976ad sp=0x000000eb68efe940
Event: 105.876 Thread 0x0000025d106ab000 DEOPT UNPACKING pc=0x0000025d000267c0 sp=0x000000eb68efdf28 mode 0
Event: 105.887 Thread 0x0000025d106ab000 DEOPT PACKING pc=0x0000025d01b976ad sp=0x000000eb68efe940
Event: 105.887 Thread 0x0000025d106ab000 DEOPT UNPACKING pc=0x0000025d000267c0 sp=0x000000eb68efdf28 mode 0
Event: 105.898 Thread 0x0000025d106ab000 DEOPT PACKING pc=0x0000025d01b976ad sp=0x000000eb68efe920
Event: 105.898 Thread 0x0000025d106ab000 DEOPT UNPACKING pc=0x0000025d000267c0 sp=0x000000eb68efdf08 mode 0
Event: 105.906 Thread 0x0000025d106ab000 DEOPT PACKING pc=0x0000025d01b976ad sp=0x000000eb68efe920
Event: 105.906 Thread 0x0000025d106ab000 DEOPT UNPACKING pc=0x0000025d000267c0 sp=0x000000eb68efdf08 mode 0

Classes redefined (0 events):
No events

Internal exceptions (20 events):
Event: 58.200 Thread 0x0000025d7c7ba000 Exception <a 'java/lang/NoSuchMethodError'{0x000000008ae7f840}: 'java.lang.Object java.lang.invoke.DirectMethodHandle$Holder.invokeStaticInit(java.lang.Object, java.lang.Object, long, java.lang.Object)'> (0x000000008ae7f840) thrown at [./src/hotspot/share/interpreter/linkResolver.cpp, line 773]
Event: 58.201 Thread 0x0000025d7c7ba000 Exception <a 'java/lang/NoSuchMethodError'{0x000000008acf6a40}: 'java.lang.Object java.lang.invoke.DirectMethodHandle$Holder.invokeStatic(java.lang.Object, java.lang.Object, long)'> (0x000000008acf6a40) thrown at [./src/hotspot/share/interpreter/linkResolver.cpp, line 773]
Event: 58.208 Thread 0x0000025d7c7ba000 Exception <a 'java/lang/NoSuchMethodError'{0x000000008acfcfb8}: 'java.lang.Object java.lang.invoke.Invokers$Holder.linkToTargetMethod(java.lang.Object, long, java.lang.Object)'> (0x000000008acfcfb8) thrown at [./src/hotspot/share/interpreter/linkResolver.cpp, line 773]
Event: 58.385 Thread 0x0000025d7c7b1000 Exception <a 'java/lang/NoSuchMethodError'{0x000000008aacac70}: 'int java.lang.invoke.DirectMethodHandle$Holder.invokeVirtual(java.lang.Object, java.lang.Object)'> (0x000000008aacac70) thrown at [./src/hotspot/share/interpreter/linkResolver.cpp, line 773]
Event: 59.828 Thread 0x0000025d7c7ba000 Exception <a 'java/lang/NoSuchMethodError'{0x0000000089ba04f0}: 'int java.lang.invoke.DirectMethodHandle$Holder.invokeSpecialIFC(java.lang.Object, java.lang.Object, java.lang.Object)'> (0x0000000089ba04f0) thrown at [./src/hotspot/share/interpreter/linkResolver.cpp, line 773]
Event: 62.735 Thread 0x0000025d7c211800 Exception <a 'java/lang/NoSuchMethodError'{0x000000008b6052b8}: 'int java.lang.invoke.DirectMethodHandle$Holder.invokeSpecial(java.lang.Object, java.lang.Object, java.lang.Object, java.lang.Object, java.lang.Object)'> (0x000000008b6052b8) thrown at [./src/hotspot/share/interpreter/linkResolver.cpp, line 773]
Event: 96.129 Thread 0x0000025d7c7ba000 Exception <a 'sun/nio/fs/WindowsException'{0x000000008956ecf0}> (0x000000008956ecf0) thrown at [./src/hotspot/share/prims/jni.cpp, line 615]
Event: 96.129 Thread 0x0000025d7c7ba000 Exception <a 'sun/nio/fs/WindowsException'{0x000000008956edd8}> (0x000000008956edd8) thrown at [./src/hotspot/share/prims/jni.cpp, line 615]
Event: 96.851 Thread 0x0000025d7c7ba000 Implicit null exception at 0x0000025d0800461a to 0x0000025d08004780
Event: 97.465 Thread 0x0000025d7c211800 Exception <a 'sun/nio/fs/WindowsException'{0x000000008b793150}> (0x000000008b793150) thrown at [./src/hotspot/share/prims/jni.cpp, line 615]
Event: 97.466 Thread 0x0000025d7c211800 Exception <a 'sun/nio/fs/WindowsException'{0x000000008b794840}> (0x000000008b794840) thrown at [./src/hotspot/share/prims/jni.cpp, line 615]
Event: 97.471 Thread 0x0000025d7c211800 Exception <a 'sun/nio/fs/WindowsException'{0x000000008b7a08b0}> (0x000000008b7a08b0) thrown at [./src/hotspot/share/prims/jni.cpp, line 615]
Event: 97.471 Thread 0x0000025d7c211800 Exception <a 'sun/nio/fs/WindowsException'{0x000000008b7a1fe8}> (0x000000008b7a1fe8) thrown at [./src/hotspot/share/prims/jni.cpp, line 615]
Event: 97.472 Thread 0x0000025d7c211800 Exception <a 'sun/nio/fs/WindowsException'{0x000000008b7a4bf8}> (0x000000008b7a4bf8) thrown at [./src/hotspot/share/prims/jni.cpp, line 615]
Event: 97.473 Thread 0x0000025d7c211800 Exception <a 'sun/nio/fs/WindowsException'{0x000000008b7a6340}> (0x000000008b7a6340) thrown at [./src/hotspot/share/prims/jni.cpp, line 615]
Event: 98.711 Thread 0x0000025d7c7ba000 Exception <a 'sun/nio/fs/WindowsException'{0x000000008af11160}> (0x000000008af11160) thrown at [./src/hotspot/share/prims/jni.cpp, line 615]
Event: 99.439 Thread 0x0000025d7c7ba000 Exception <a 'java/lang/NoSuchMethodError'{0x000000008ad6b3f0}: 'int java.lang.invoke.DirectMethodHandle$Holder.invokeVirtual(java.lang.Object, java.lang.Object, java.lang.Object)'> (0x000000008ad6b3f0) thrown at [./src/hotspot/share/interpreter/linkResolver.cpp, line 773]
Event: 100.021 Thread 0x0000025d7c7ba000 Exception <a 'java/lang/NoSuchMethodError'{0x000000008ab4d9f8}: 'java.lang.Object java.lang.invoke.DirectMethodHandle$Holder.invokeStatic(java.lang.Object, java.lang.Object, java.lang.Object, java.lang.Object, java.lang.Object, java.lang.Object, java.lang.Object, java.lang.Object, java.lang.Object, java.lang.Object, java.lang.Object, java.lang.Object, java.lang.Object, java.lang.Object, java.lang.Object, java.lang.Object, java.lang.Object, int, java.lang.Object)'> (0x000000008ab4d9f8) thrown at [./src/hots
Event: 100.023 Thread 0x0000025d7c7ba000 Exception <a 'java/lang/NoSuchMethodError'{0x000000008ab53048}: 'java.lang.Object java.lang.invoke.DirectMethodHandle$Holder.invokeStaticInit(java.lang.Object, java.lang.Object, java.lang.Object, java.lang.Object, java.lang.Object, java.lang.Object, java.lang.Object, java.lang.Object, java.lang.Object, java.lang.Object, java.lang.Object, java.lang.Object, java.lang.Object, java.lang.Object, java.lang.Object, java.lang.Object, java.lang.Object, int, java.lang.Object)'> (0x000000008ab53048) thrown at [./src/
Event: 101.439 Thread 0x0000025d106ab000 Exception <a 'java/lang/NoSuchMethodError'{0x000000008ac81190}: 'java.lang.Object java.lang.invoke.DirectMethodHandle$Holder.newInvokeSpecial(java.lang.Object, int)'> (0x000000008ac81190) thrown at [./src/hotspot/share/interpreter/linkResolver.cpp, line 773]

Events (20 events):
Event: 106.165 loading class com/android/tools/r8/graph/r0
Event: 106.165 loading class com/android/tools/r8/graph/r0 done
Event: 106.165 loading class com/android/tools/r8/graph/F
Event: 106.165 loading class com/android/tools/r8/graph/F done
Event: 106.167 loading class com/android/tools/r8/ir/optimize/A0/f
Event: 106.167 loading class com/android/tools/r8/ir/optimize/A0/f done
Event: 106.168 loading class com/android/tools/r8/ir/optimize/info/h
Event: 106.168 loading class com/android/tools/r8/ir/optimize/info/h done
Event: 106.169 loading class com/android/tools/r8/v/a/u/h
Event: 106.169 loading class com/android/tools/r8/v/a/u/h done
Event: 106.170 loading class com/android/tools/r8/v/a/u/d
Event: 106.170 loading class com/android/tools/r8/v/a/u/d done
Event: 106.172 loading class com/android/tools/r8/graph/F$c
Event: 106.172 loading class com/android/tools/r8/graph/F$c done
Event: 106.173 loading class com/android/tools/r8/graph/r0
Event: 106.173 loading class com/android/tools/r8/graph/r0 done
Event: 106.173 loading class com/android/tools/r8/graph/r0
Event: 106.173 loading class com/android/tools/r8/graph/r0 done
Event: 106.186 loading class com/android/tools/r8/ir/optimize/c
Event: 106.186 loading class com/android/tools/r8/ir/optimize/c done


Dynamic libraries:
0x00007ff68c4e0000 - 0x00007ff68c4ea000 	C:\Program Files\Android\Android Studio\jre\bin\java.exe
0x00007ffa775b0000 - 0x00007ffa77791000 	C:\Windows\SYSTEM32\ntdll.dll
0x00007ffa774c0000 - 0x00007ffa77572000 	C:\Windows\System32\KERNEL32.DLL
0x00007ffa74520000 - 0x00007ffa74793000 	C:\Windows\System32\KERNELBASE.dll
0x00007ffa73a00000 - 0x00007ffa73afa000 	C:\Windows\System32\ucrtbase.dll
0x00007ffa6a6b0000 - 0x00007ffa6a6c7000 	C:\Program Files\Android\Android Studio\jre\bin\VCRUNTIME140.dll
0x00007ffa70040000 - 0x00007ffa70059000 	C:\Program Files\Android\Android Studio\jre\bin\jli.dll
0x00007ffa751e0000 - 0x00007ffa75370000 	C:\Windows\System32\USER32.dll
0x00007ffa66810000 - 0x00007ffa66a79000 	C:\Windows\WinSxS\amd64_microsoft.windows.common-controls_6595b64144ccf1df_6.0.17133.73_none_b4b127863cb5b9c7\COMCTL32.dll
0x00007ffa73980000 - 0x00007ffa739a0000 	C:\Windows\System32\win32u.dll
0x00007ffa74d60000 - 0x00007ffa74dfe000 	C:\Windows\System32\msvcrt.dll
0x00007ffa759d0000 - 0x00007ffa759f8000 	C:\Windows\System32\GDI32.dll
0x00007ffa770a0000 - 0x00007ffa773c3000 	C:\Windows\System32\combase.dll
0x00007ffa75420000 - 0x00007ffa75544000 	C:\Windows\System32\RPCRT4.dll
0x00007ffa747a0000 - 0x00007ffa74932000 	C:\Windows\System32\gdi32full.dll
0x00007ffa73cf0000 - 0x00007ffa73d6a000 	C:\Windows\System32\bcryptPrimitives.dll
0x00007ffa73d70000 - 0x00007ffa73e0f000 	C:\Windows\System32\msvcp_win.dll
0x00007ffa759a0000 - 0x00007ffa759cd000 	C:\Windows\System32\IMM32.DLL
0x00007ffa62560000 - 0x00007ffa625fd000 	C:\Program Files\Android\Android Studio\jre\bin\msvcp140.dll
0x00007ffa213c0000 - 0x00007ffa21e7c000 	C:\Program Files\Android\Android Studio\jre\bin\server\jvm.dll
0x00007ffa74aa0000 - 0x00007ffa74b41000 	C:\Windows\System32\ADVAPI32.dll
0x00007ffa75180000 - 0x00007ffa751db000 	C:\Windows\System32\sechost.dll
0x00007ffa75a00000 - 0x00007ffa75a08000 	C:\Windows\System32\PSAPI.DLL
0x00007ffa71520000 - 0x00007ffa71543000 	C:\Windows\SYSTEM32\WINMM.dll
0x00007ffa63310000 - 0x00007ffa63319000 	C:\Windows\SYSTEM32\WSOCK32.dll
0x00007ffa76e50000 - 0x00007ffa76ebc000 	C:\Windows\System32\WS2_32.dll
0x00007ffa724f0000 - 0x00007ffa724fa000 	C:\Windows\SYSTEM32\VERSION.dll
0x00007ffa714f0000 - 0x00007ffa7151a000 	C:\Windows\SYSTEM32\WINMMBASE.dll
0x00007ffa749f0000 - 0x00007ffa74a39000 	C:\Windows\System32\cfgmgr32.dll
0x00007ffa73960000 - 0x00007ffa73971000 	C:\Windows\System32\kernel.appcore.dll
0x00007ffa545f0000 - 0x00007ffa54601000 	C:\Program Files\Android\Android Studio\jre\bin\verify.dll
0x00007ffa61410000 - 0x00007ffa615d9000 	C:\Windows\SYSTEM32\DBGHELP.DLL
0x00007ffa613e0000 - 0x00007ffa61409000 	C:\Windows\SYSTEM32\dbgcore.DLL
0x00007ffa48670000 - 0x00007ffa48699000 	C:\Program Files\Android\Android Studio\jre\bin\java.dll
0x00007ffa61700000 - 0x00007ffa6170b000 	C:\Program Files\Android\Android Studio\jre\bin\jimage.dll
0x00007ffa51760000 - 0x00007ffa51778000 	C:\Program Files\Android\Android Studio\jre\bin\zip.dll
0x00007ffa75a10000 - 0x00007ffa76e50000 	C:\Windows\System32\SHELL32.dll
0x00007ffa75370000 - 0x00007ffa75419000 	C:\Windows\System32\shcore.dll
0x00007ffa73e10000 - 0x00007ffa7451d000 	C:\Windows\System32\windows.storage.dll
0x00007ffa74d00000 - 0x00007ffa74d51000 	C:\Windows\System32\shlwapi.dll
0x00007ffa73940000 - 0x00007ffa7395f000 	C:\Windows\System32\profapi.dll
0x00007ffa738f0000 - 0x00007ffa7393c000 	C:\Windows\System32\powrprof.dll
0x00007ffa738c0000 - 0x00007ffa738ca000 	C:\Windows\System32\FLTLIB.DLL
0x00007ffa48650000 - 0x00007ffa4866a000 	C:\Program Files\Android\Android Studio\jre\bin\net.dll
0x00007ffa6a9c0000 - 0x00007ffa6aa9d000 	C:\Windows\SYSTEM32\WINHTTP.dll
0x00007ffa730e0000 - 0x00007ffa73146000 	C:\Windows\system32\mswsock.dll
0x00007ffa48630000 - 0x00007ffa48644000 	C:\Program Files\Android\Android Studio\jre\bin\nio.dll
0x00007ffa60800000 - 0x00007ffa60827000 	C:\Users\MISHECK\.gradle\native\fdc75f09e3144964f2cf3f50f0aa648679c211496f362492102eb8c894070792\windows-amd64\native-platform.dll
0x00007ffa39850000 - 0x00007ffa399e6000 	C:\Users\MISHECK\.gradle\native\12488b8bf47d2d4c9fbf2f6322a914ad602e24e48041cd04a747c6da556b65c4\windows-amd64\native-platform-file-events.dll
0x00007ffa48620000 - 0x00007ffa4862a000 	C:\Program Files\Android\Android Studio\jre\bin\management.dll
0x00007ffa48610000 - 0x00007ffa4861c000 	C:\Program Files\Android\Android Studio\jre\bin\management_ext.dll
0x00007ffa73290000 - 0x00007ffa732a7000 	C:\Windows\SYSTEM32\CRYPTSP.dll
0x00007ffa72cc0000 - 0x00007ffa72cf3000 	C:\Windows\system32\rsaenh.dll
0x00007ffa733c0000 - 0x00007ffa733e5000 	C:\Windows\SYSTEM32\bcrypt.dll
0x00007ffa737f0000 - 0x00007ffa73818000 	C:\Windows\SYSTEM32\USERENV.dll
0x00007ffa732b0000 - 0x00007ffa732bb000 	C:\Windows\SYSTEM32\CRYPTBASE.dll
0x00007ffa72e60000 - 0x00007ffa72e98000 	C:\Windows\SYSTEM32\IPHLPAPI.DLL
0x00007ffa74cf0000 - 0x00007ffa74cf8000 	C:\Windows\System32\NSI.dll
0x00007ffa6b060000 - 0x00007ffa6b076000 	C:\Windows\SYSTEM32\dhcpcsvc6.DLL
0x00007ffa6b040000 - 0x00007ffa6b05a000 	C:\Windows\SYSTEM32\dhcpcsvc.DLL
0x00007ffa6bfe0000 - 0x00007ffa6bfeb000 	C:\Windows\SYSTEM32\WINNSI.DLL

dbghelp: loaded successfully - version: 4.0.5 - missing functions: none
symbol engine: initialized successfully - sym options: 0x614 - pdb path: .;C:\Program Files\Android\Android Studio\jre\bin;C:\Windows\SYSTEM32;C:\Windows\WinSxS\amd64_microsoft.windows.common-controls_6595b64144ccf1df_6.0.17133.73_none_b4b127863cb5b9c7;C:\Program Files\Android\Android Studio\jre\bin\server;C:\Users\MISHECK\.gradle\native\fdc75f09e3144964f2cf3f50f0aa648679c211496f362492102eb8c894070792\windows-amd64;C:\Users\MISHECK\.gradle\native\12488b8bf47d2d4c9fbf2f6322a914ad602e24e48041cd04a747c6da556b65c4\windows-amd64

VM Arguments:
jvm_args: --add-opens=java.base/java.util=ALL-UNNAMED --add-opens=java.base/java.lang=ALL-UNNAMED --add-opens=java.base/java.lang.invoke=ALL-UNNAMED --add-opens=java.prefs/java.util.prefs=ALL-UNNAMED -Xmx2048m -Dfile.encoding=UTF-8 -Duser.country=US -Duser.language=en -Duser.variant 
java_command: org.gradle.launcher.daemon.bootstrap.GradleDaemon 6.7.1
java_class_path (initial): C:\Users\MISHECK\.gradle\wrapper\dists\gradle-6.7.1-bin\bwlcbys1h7rz3272sye1xwiv6\gradle-6.7.1\lib\gradle-launcher-6.7.1.jar
Launcher Type: SUN_STANDARD

[Global flags]
     intx CICompilerCount                          = 2                                         {product} {ergonomic}
     uint ConcGCThreads                            = 1                                         {product} {ergonomic}
     uint G1ConcRefinementThreads                  = 2                                         {product} {ergonomic}
   size_t G1HeapRegionSize                         = 1048576                                   {product} {ergonomic}
    uintx GCDrainStackTargetSize                   = 64                                        {product} {ergonomic}
   size_t InitialHeapSize                          = 67108864                                  {product} {ergonomic}
   size_t MarkStackSize                            = 4194304                                   {product} {ergonomic}
   size_t MaxHeapSize                              = 2147483648                                {product} {command line}
   size_t MaxNewSize                               = 1287651328                                {product} {ergonomic}
   size_t MinHeapDeltaBytes                        = 1048576                                   {product} {ergonomic}
    uintx NonNMethodCodeHeapSize                   = 5825164                                {pd product} {ergonomic}
    uintx NonProfiledCodeHeapSize                  = 122916538                              {pd product} {ergonomic}
    uintx ProfiledCodeHeapSize                     = 122916538                              {pd product} {ergonomic}
    uintx ReservedCodeCacheSize                    = 251658240                              {pd product} {ergonomic}
     bool SegmentedCodeCache                       = true                                      {product} {ergonomic}
     bool UseCompressedClassPointers               = true                                 {lp64_product} {ergonomic}
     bool UseCompressedOops                        = true                                 {lp64_product} {ergonomic}
     bool UseG1GC                                  = true                                      {product} {ergonomic}
     bool UseLargePagesIndividualAllocation        = false                                  {pd product} {ergonomic}

Logging:
Log output configuration:
 #0: stdout all=warning uptime,level,tags
 #1: stderr all=off uptime,level,tags

Environment Variables:
JAVA_HOME=C:\Program Files\Java\jdk1.8.0_191
PATH=C:\Program Files (x86)\Common Files\Oracle\Java\javapath;C:\Windows\system32;C:\Windows;C:\Windows\System32\Wbem;C:\Windows\System32\WindowsPowerShell\v1.0\;C:\Windows\System32\OpenSSH\;C:\Program Files (x86)\Git\cmd;C:\Program Files\nodejs\;C:\Program Files\Java\jdk1.8.0_191\bin;C:\Users\MISHECK\AppData\Roaming\npm;C:\Exercism;C:\Users\MISHECK\AppData\Local\Programs\Python\Python39;C:\Users\MISHECK\AppData\Local\Programs\Microsoft VS Code\bin;C:\Program Files\CodeBlocks\MinGW\bin;
USERNAME=MISHECK
OS=Windows_NT
PROCESSOR_IDENTIFIER=Intel64 Family 6 Model 55 Stepping 8, GenuineIntel



---------------  S Y S T E M  ---------------

OS: Windows 10 , 64 bit Build 17133 (10.0.17133.73)
OS uptime: 1 days 0:46 hours

CPU:total 2 (initial active 2) (2 cores per cpu, 1 threads per core) family 6 model 55 stepping 8, cmov, cx8, fxsr, mmx, sse, sse2, sse3, ssse3, sse4.1, sse4.2, popcnt, clmul, erms, 3dnowpref, tsc, tscinvbit

Memory: 4k page, system-wide physical 3987M (330M free)
TotalPageFile size 5381M (AvailPageFile size 0M)
current process WorkingSet (physical memory assigned to process): 508M, peak: 508M
current process commit charge ("private bytes"): 546M, peak: 546M

vm_info: OpenJDK 64-Bit Server VM (11.0.8+10-b944.6842174) for windows-amd64 JRE (11.0.8+10-b944.6842174), built on Sep 19 2020 01:11:42 by "builder" with MS VC++ 14.0 (VS2015)

END.
