#
# There is insufficient memory for the Java Runtime Environment to continue.
# Native memory allocation (mmap) failed to map 412090368 bytes for Failed to commit area from 0x0000000094300000 to 0x00000000acc00000 of length 412090368.
# Possible reasons:
#   The system is out of physical RAM or swap space
#   The process is running with CompressedOops enabled, and the Java Heap may be blocking the growth of the native heap
# Possible solutions:
#   Reduce memory load on the system
#   Increase physical memory or swap space
#   Check if swap backing store is full
#   Decrease Java heap size (-Xmx/-Xms)
#   Decrease number of Java threads
#   Decrease Java thread stack sizes (-Xss)
#   Set larger code cache with -XX:ReservedCodeCacheSize=
#   JVM is running with Unscaled Compressed Oops mode in which the Java heap is
#     placed in the first 4GB address space. The Java Heap base address is the
#     maximum limit for the native heap growth. Please use -XX:HeapBaseMinAddress
#     to set the Java Heap base and to place the Java Heap above 4GB virtual address.
# This output file may be truncated or incomplete.
#
#  Out of Memory Error (./src/hotspot/os/windows/os_windows.cpp:3303), pid=8892, tid=25508
#
# JRE version: OpenJDK Runtime Environment (11.0.8+10) (build 11.0.8+10-b944.6842174)
# Java VM: OpenJDK 64-Bit Server VM (11.0.8+10-b944.6842174, mixed mode, tiered, compressed oops, g1 gc, windows-amd64)
# No core dump will be written. Minidumps are not enabled by default on client versions of Windows
#

---------------  S U M M A R Y ------------

Command Line: --add-opens=java.base/java.util=ALL-UNNAMED --add-opens=java.base/java.lang=ALL-UNNAMED --add-opens=java.base/java.lang.invoke=ALL-UNNAMED --add-opens=java.prefs/java.util.prefs=ALL-UNNAMED -Xmx2048m -Dfile.encoding=UTF-8 -Duser.country=US -Duser.language=en -Duser.variant org.gradle.launcher.daemon.bootstrap.GradleDaemon 6.7.1

Host: Intel(R) Celeron(R) CPU  N2840  @ 2.16GHz, 2 cores, 3G,  Windows 10 , 64 bit Build 17133 (10.0.17133.73)
Time: Sat Jul 31 02:46:16 2021 Pacific Daylight Time elapsed time: 948 seconds (0d 0h 15m 48s)

---------------  T H R E A D  ---------------

Current thread (0x0000024c38ac9000):  VMThread "VM Thread" [stack: 0x000000c82dc00000,0x000000c82dd00000] [id=25508]

Stack: [0x000000c82dc00000,0x000000c82dd00000]
[error occurred during error reporting (printing stack bounds), id 0xc0000005, EXCEPTION_ACCESS_VIOLATION (0xc0000005) at pc=0x0000024c226d0dbe]

Native frames: (J=compiled Java code, j=interpreted, Vv=VM code, C=native code)
V  [jvm.dll+0x5de50a]
V  [jvm.dll+0x7122f5]
V  [jvm.dll+0x71384d]
V  [jvm.dll+0x713e65]
V  [jvm.dll+0x713e1b]
V  [jvm.dll+0x5dd958]
V  [jvm.dll+0x5de0f8]
C  [ntdll.dll+0x9eddd]
C  [ntdll.dll+0x6c86]
C  [ntdll.dll+0x9dd0e]
C  0x0000024c226d0dbe

VM_Operation (0x000000c82f0fcff0): G1CollectForAllocation, mode: safepoint, requested by thread 0x0000024c3da47000


---------------  P R O C E S S  ---------------

Threads class SMR info:
_java_thread_list=0x0000024c41df4a20, length=42, elements={
0x0000024c1d56c800, 0x0000024c38ace000, 0x0000024c38acf800, 0x0000024c38b2c800,
0x0000024c38b2d800, 0x0000024c38b30000, 0x0000024c39488800, 0x0000024c3948e000,
0x0000024c3957a800, 0x0000024c3959f000, 0x0000024c3aee1000, 0x0000024c39781000,
0x0000024c3b071000, 0x0000024c3a32f800, 0x0000024c3a32e000, 0x0000024c3a32b800,
0x0000024c3ba7e000, 0x0000024c3ba80000, 0x0000024c3c0d4800, 0x0000024c3c0d0800,
0x0000024c3c0cf800, 0x0000024c3c0ce800, 0x0000024c3c0d1000, 0x0000024c3c0d2000,
0x0000024c3c0cd000, 0x0000024c3c0d3800, 0x0000024c3c0ce000, 0x0000024c3c0d5800,
0x0000024c3c0d7000, 0x0000024c3c0d7800, 0x0000024c3c0d8800, 0x0000024c3c0d9800,
0x0000024c3e0e4000, 0x0000024c3e0e3800, 0x0000024c3e0e7800, 0x0000024c3e0e8000,
0x0000024c3e0e9000, 0x0000024c3da49000, 0x0000024c3da47000, 0x0000024c3da49800,
0x0000024c3ba81800, 0x0000024c3ba84000
}

Java Threads: ( => current thread )
  0x0000024c1d56c800 JavaThread "main" [_thread_blocked, id=25948, stack(0x000000c82d600000,0x000000c82d700000)]
  0x0000024c38ace000 JavaThread "Reference Handler" daemon [_thread_blocked, id=2312, stack(0x000000c82dd00000,0x000000c82de00000)]
  0x0000024c38acf800 JavaThread "Finalizer" daemon [_thread_blocked, id=16132, stack(0x000000c82de00000,0x000000c82df00000)]
  0x0000024c38b2c800 JavaThread "Signal Dispatcher" daemon [_thread_blocked, id=11828, stack(0x000000c82df00000,0x000000c82e000000)]
  0x0000024c38b2d800 JavaThread "Attach Listener" daemon [_thread_blocked, id=17676, stack(0x000000c82e000000,0x000000c82e100000)]
  0x0000024c38b30000 JavaThread "C2 CompilerThread0" daemon [_thread_blocked, id=25888, stack(0x000000c82e100000,0x000000c82e200000)]
  0x0000024c39488800 JavaThread "C1 CompilerThread0" daemon [_thread_blocked, id=6848, stack(0x000000c82e200000,0x000000c82e300000)]
  0x0000024c3948e000 JavaThread "Sweeper thread" daemon [_thread_blocked, id=12088, stack(0x000000c82e300000,0x000000c82e400000)]
  0x0000024c3957a800 JavaThread "Common-Cleaner" daemon [_thread_blocked, id=14776, stack(0x000000c82e400000,0x000000c82e500000)]
  0x0000024c3959f000 JavaThread "Service Thread" daemon [_thread_blocked, id=18904, stack(0x000000c82e500000,0x000000c82e600000)]
  0x0000024c3aee1000 JavaThread "Daemon health stats" [_thread_blocked, id=16344, stack(0x000000c82e900000,0x000000c82ea00000)]
  0x0000024c39781000 JavaThread "Incoming local TCP Connector on port 55252" [_thread_in_native, id=16820, stack(0x000000c82eb00000,0x000000c82ec00000)]
  0x0000024c3b071000 JavaThread "Daemon periodic checks" [_thread_blocked, id=14616, stack(0x000000c82ec00000,0x000000c82ed00000)]
  0x0000024c3a32f800 JavaThread "Cache worker for file hash cache (C:\Users\MISHECK\.gradle\caches\6.7.1\fileHashes)" [_thread_blocked, id=15084, stack(0x000000c82f400000,0x000000c82f500000)]
  0x0000024c3a32e000 JavaThread "File lock request listener" [_thread_in_native, id=4492, stack(0x000000c82f500000,0x000000c82f600000)]
  0x0000024c3a32b800 JavaThread "Cache worker for journal cache (C:\Users\MISHECK\.gradle\caches\journal-1)" [_thread_blocked, id=14116, stack(0x000000c82f600000,0x000000c82f700000)]
  0x0000024c3ba7e000 JavaThread "Cache worker for execution history cache (C:\Users\MISHECK\.gradle\caches\6.7.1\executionHistory)" [_thread_blocked, id=26344, stack(0x000000c831000000,0x000000c831100000)]
  0x0000024c3ba80000 JavaThread "Cache worker for file content cache (C:\Users\MISHECK\.gradle\caches\6.7.1\fileContent)" [_thread_blocked, id=14660, stack(0x000000c831100000,0x000000c831200000)]
  0x0000024c3c0d4800 JavaThread "Memory manager" [_thread_blocked, id=3044, stack(0x000000c836100000,0x000000c836200000)]
  0x0000024c3c0d0800 JavaThread "Daemon Thread 2" [_thread_blocked, id=22820, stack(0x000000c82d300000,0x000000c82d400000)]
  0x0000024c3c0cf800 JavaThread "Handler for socket connection from /127.0.0.1:55252 to /127.0.0.1:55264" [_thread_in_native, id=10268, stack(0x000000c82d400000,0x000000c82d500000)]
  0x0000024c3c0ce800 JavaThread "Cancel handler" [_thread_blocked, id=2416, stack(0x000000c82ed00000,0x000000c82ee00000)]
  0x0000024c3c0d1000 JavaThread "Daemon worker Thread 2" [_thread_blocked, id=16796, stack(0x000000c82ee00000,0x000000c82ef00000)]
  0x0000024c3c0d2000 JavaThread "Asynchronous log dispatcher for DefaultDaemonConnection: socket connection from /127.0.0.1:55252 to /127.0.0.1:55264" [_thread_blocked, id=8100, stack(0x000000c82ef00000,0x000000c82f000000)]
  0x0000024c3c0cd000 JavaThread "Thread-126" [_thread_blocked, id=22036, stack(0x000000c82f100000,0x000000c82f200000)]
  0x0000024c3c0d3800 JavaThread "Cache worker for file hash cache (C:\Users\MISHECK\AndroidStudioProjects\ChildSafetyApp\.gradle\6.7.1\fileHashes)" [_thread_blocked, id=4196, stack(0x000000c82f200000,0x000000c82f300000)]
  0x0000024c3c0ce000 JavaThread "Cache worker for checksums cache (C:\Users\MISHECK\AndroidStudioProjects\ChildSafetyApp\.gradle\checksums)" [_thread_blocked, id=17708, stack(0x000000c82f300000,0x000000c82f400000)]
  0x0000024c3c0d5800 JavaThread "Cache worker for cache directory md-supplier (C:\Users\MISHECK\.gradle\caches\6.7.1\md-supplier)" [_thread_blocked, id=25236, stack(0x000000c82f700000,0x000000c82f800000)]
  0x0000024c3c0d7000 JavaThread "Cache worker for cache directory md-rule (C:\Users\MISHECK\.gradle\caches\6.7.1\md-rule)" [_thread_blocked, id=12924, stack(0x000000c82f800000,0x000000c82f900000)]
  0x0000024c3c0d7800 JavaThread "Cache worker for Build Output Cleanup Cache (C:\Users\MISHECK\AndroidStudioProjects\ChildSafetyApp\.gradle\buildOutputCleanup)" [_thread_blocked, id=4512, stack(0x000000c82f900000,0x000000c82fa00000)]
  0x0000024c3c0d8800 JavaThread "Build operations" [_thread_blocked, id=22000, stack(0x000000c82fa00000,0x000000c82fb00000)]
  0x0000024c3c0d9800 JavaThread "Build operations Thread 2" [_thread_blocked, id=17232, stack(0x000000c82fb00000,0x000000c82fc00000)]
  0x0000024c3e0e4000 JavaThread "build event listener" [_thread_blocked, id=25512, stack(0x000000c835f00000,0x000000c836000000)]
  0x0000024c3e0e3800 JavaThread "build event listener" [_thread_blocked, id=15212, stack(0x000000c836000000,0x000000c836100000)]
  0x0000024c3e0e7800 JavaThread "Execution worker for ':'" [_thread_blocked, id=13460, stack(0x000000c836200000,0x000000c836300000)]
  0x0000024c3e0e8000 JavaThread "Cache worker for execution history cache (C:\Users\MISHECK\AndroidStudioProjects\ChildSafetyApp\.gradle\6.7.1\executionHistory)" [_thread_blocked, id=22100, stack(0x000000c836300000,0x000000c836400000)]
  0x0000024c3e0e9000 JavaThread "Cache worker for Java compile cache (C:\Users\MISHECK\.gradle\caches\6.7.1\javaCompile)" [_thread_blocked, id=20972, stack(0x000000c836400000,0x000000c836500000)]
  0x0000024c3da49000 JavaThread "Cache worker for Java compile cache (C:\Users\MISHECK\AndroidStudioProjects\ChildSafetyApp\.gradle\6.7.1\javaCompile)" [_thread_blocked, id=12284, stack(0x000000c836500000,0x000000c836600000)]
  0x0000024c3da47000 JavaThread "WorkerExecutor Queue" [_thread_blocked, id=22120, stack(0x000000c82f000000,0x000000c82f100000)]
  0x0000024c3da49800 JavaThread "WorkerExecutor Queue Thread 2" [_thread_blocked, id=15144, stack(0x000000c836600000,0x000000c836700000)]
  0x0000024c3ba81800 JavaThread "ForkJoinPool-2-worker-3" daemon [_thread_blocked, id=25852, stack(0x000000c82fc00000,0x000000c82fd00000)]
  0x0000024c3ba84000 JavaThread "ForkJoinPool-2-worker-1" daemon [_thread_blocked, id=24808, stack(0x000000c82fd00000,0x000000c82fe00000)]

Other Threads:
=>0x0000024c38ac9000 VMThread "VM Thread" [stack: 0x000000c82dc00000,0x000000c82dd00000] [id=25508]
  0x0000024c395bc000 WatcherThread [stack: 0x000000c82e600000,0x000000c82e700000] [id=21992]
  0x0000024c1d583800 GCTaskThread "GC Thread#0" [stack: 0x000000c82d700000,0x000000c82d800000] [id=11476]
  0x0000024c396b2800 GCTaskThread "GC Thread#1" [stack: 0x000000c82e700000,0x000000c82e800000] [id=22480]
  0x0000024c1d5b2800 ConcurrentGCThread "G1 Main Marker" [stack: 0x000000c82d800000,0x000000c82d900000] [id=19176]
  0x0000024c1d5b4000 ConcurrentGCThread "G1 Conc#0" [stack: 0x000000c82d900000,0x000000c82da00000] [id=7744]
  0x0000024c1d606000 ConcurrentGCThread "G1 Refine#0" [stack: 0x000000c82da00000,0x000000c82db00000] [id=19392]
  0x0000024c39850800 ConcurrentGCThread "G1 Refine#1" [stack: 0x000000c82e800000,0x000000c82e900000] [id=2952]
  0x0000024c1d607000 ConcurrentGCThread "G1 Young RemSet Sampling" [stack: 0x000000c82db00000,0x000000c82dc00000] [id=18352]

Threads with active compile tasks:
C2 CompilerThread0 948707 14798       4       com.android.tools.r8.code.x1::a (4137 bytes)

VM state:at safepoint (normal execution)

VM Mutex/Monitor currently owned by a thread:  ([mutex/lock_event])
[0x0000024c1d5692a0] Threads_lock - owner thread: 0x0000024c38ac9000
[0x0000024c1d569180] Heap_lock - owner thread: 0x0000024c3da47000

Heap address: 0x0000000080000000, size: 2048 MB, Compressed Oops mode: 32-bit
Narrow klass base: 0x0000000000000000, Narrow klass shift: 3
Compressed class space size: 1073741824 Address: 0x0000000100000000

Heap:
 garbage-first heap   total 733184K, used 217186K [0x0000000080000000, 0x0000000100000000)
  region size 1024K, 2 young (2048K), 2 survivors (2048K)
 Metaspace       used 118786K, capacity 122012K, committed 122112K, reserved 1155072K
  class space    used 15146K, capacity 16296K, committed 16384K, reserved 1048576K
Heap Regions: E=young(eden), S=young(survivor), O=old, HS=humongous(starts), HC=humongous(continues), CS=collection set, F=free, A=archive, TAMS=top-at-mark-start (previous, next)
|   0|0x0000000080000000, 0x0000000080100000, 0x0000000080100000|100%| O|  |TAMS 0x0000000080100000, 0x0000000080100000| Untracked 
|   1|0x0000000080100000, 0x0000000080200000, 0x0000000080200000|100%| O|  |TAMS 0x0000000080200000, 0x0000000080200000| Untracked 
|   2|0x0000000080200000, 0x0000000080300000, 0x0000000080300000|100%| O|  |TAMS 0x0000000080300000, 0x0000000080300000| Untracked 
|   3|0x0000000080300000, 0x0000000080400000, 0x0000000080400000|100%| O|  |TAMS 0x0000000080400000, 0x0000000080400000| Untracked 
|   4|0x0000000080400000, 0x0000000080500000, 0x0000000080500000|100%|HS|  |TAMS 0x0000000080500000, 0x0000000080500000| Complete 
|   5|0x0000000080500000, 0x0000000080600000, 0x0000000080600000|100%|HC|  |TAMS 0x0000000080600000, 0x0000000080600000| Complete 
|   6|0x0000000080600000, 0x0000000080700000, 0x0000000080700000|100%|HC|  |TAMS 0x0000000080700000, 0x0000000080700000| Complete 
|   7|0x0000000080700000, 0x0000000080800000, 0x0000000080800000|100%| O|  |TAMS 0x0000000080800000, 0x0000000080800000| Untracked 
|   8|0x0000000080800000, 0x0000000080900000, 0x0000000080900000|100%| O|  |TAMS 0x0000000080900000, 0x0000000080900000| Untracked 
|   9|0x0000000080900000, 0x0000000080a00000, 0x0000000080a00000|100%| O|  |TAMS 0x0000000080a00000, 0x0000000080a00000| Untracked 
|  10|0x0000000080a00000, 0x0000000080b00000, 0x0000000080b00000|100%| O|  |TAMS 0x0000000080b00000, 0x0000000080b00000| Untracked 
|  11|0x0000000080b00000, 0x0000000080c00000, 0x0000000080c00000|100%| O|  |TAMS 0x0000000080c00000, 0x0000000080c00000| Untracked 
|  12|0x0000000080c00000, 0x0000000080d00000, 0x0000000080d00000|100%| O|  |TAMS 0x0000000080d00000, 0x0000000080d00000| Untracked 
|  13|0x0000000080d00000, 0x0000000080e00000, 0x0000000080e00000|100%| O|  |TAMS 0x0000000080e00000, 0x0000000080e00000| Untracked 
|  14|0x0000000080e00000, 0x0000000080f00000, 0x0000000080f00000|100%| O|  |TAMS 0x0000000080f00000, 0x0000000080f00000| Untracked 
|  15|0x0000000080f00000, 0x0000000081000000, 0x0000000081000000|100%| O|  |TAMS 0x0000000081000000, 0x0000000081000000| Untracked 
|  16|0x0000000081000000, 0x0000000081100000, 0x0000000081100000|100%|HS|  |TAMS 0x0000000081100000, 0x0000000081100000| Complete 
|  17|0x0000000081100000, 0x0000000081200000, 0x0000000081200000|100%|HC|  |TAMS 0x0000000081200000, 0x0000000081200000| Complete 
|  18|0x0000000081200000, 0x0000000081300000, 0x0000000081300000|100%|HS|  |TAMS 0x0000000081300000, 0x0000000081300000| Complete 
|  19|0x0000000081300000, 0x0000000081400000, 0x0000000081400000|100%|HC|  |TAMS 0x0000000081400000, 0x0000000081400000| Complete 
|  20|0x0000000081400000, 0x0000000081500000, 0x0000000081500000|100%|HC|  |TAMS 0x0000000081500000, 0x0000000081500000| Complete 
|  21|0x0000000081500000, 0x0000000081600000, 0x0000000081600000|100%| O|  |TAMS 0x0000000081600000, 0x0000000081600000| Untracked 
|  22|0x0000000081600000, 0x0000000081700000, 0x0000000081700000|100%|HS|  |TAMS 0x0000000081700000, 0x0000000081700000| Complete 
|  23|0x0000000081700000, 0x0000000081800000, 0x0000000081800000|100%|HC|  |TAMS 0x0000000081800000, 0x0000000081800000| Complete 
|  24|0x0000000081800000, 0x0000000081900000, 0x0000000081900000|100%|HC|  |TAMS 0x0000000081900000, 0x0000000081900000| Complete 
|  25|0x0000000081900000, 0x0000000081a00000, 0x0000000081a00000|100%|HC|  |TAMS 0x0000000081a00000, 0x0000000081a00000| Complete 
|  26|0x0000000081a00000, 0x0000000081b00000, 0x0000000081b00000|100%| O|  |TAMS 0x0000000081b00000, 0x0000000081b00000| Untracked 
|  27|0x0000000081b00000, 0x0000000081c00000, 0x0000000081c00000|100%| O|  |TAMS 0x0000000081c00000, 0x0000000081c00000| Untracked 
|  28|0x0000000081c00000, 0x0000000081d00000, 0x0000000081d00000|100%| O|  |TAMS 0x0000000081d00000, 0x0000000081d00000| Untracked 
|  29|0x0000000081d00000, 0x0000000081e00000, 0x0000000081e00000|100%| O|  |TAMS 0x0000000081e00000, 0x0000000081e00000| Untracked 
|  30|0x0000000081e00000, 0x0000000081f00000, 0x0000000081f00000|100%| O|  |TAMS 0x0000000081f00000, 0x0000000081f00000| Untracked 
|  31|0x0000000081f00000, 0x0000000082000000, 0x0000000082000000|100%| O|  |TAMS 0x0000000082000000, 0x0000000082000000| Untracked 
|  32|0x0000000082000000, 0x0000000082100000, 0x0000000082100000|100%| O|  |TAMS 0x0000000082100000, 0x0000000082100000| Untracked 
|  33|0x0000000082100000, 0x0000000082200000, 0x0000000082200000|100%| O|  |TAMS 0x0000000082200000, 0x0000000082200000| Untracked 
|  34|0x0000000082200000, 0x0000000082300000, 0x0000000082300000|100%|HS|  |TAMS 0x0000000082300000, 0x0000000082300000| Complete 
|  35|0x0000000082300000, 0x0000000082400000, 0x0000000082400000|100%|HC|  |TAMS 0x0000000082400000, 0x0000000082400000| Complete 
|  36|0x0000000082400000, 0x0000000082500000, 0x0000000082500000|100%|HC|  |TAMS 0x0000000082500000, 0x0000000082500000| Complete 
|  37|0x0000000082500000, 0x0000000082600000, 0x0000000082600000|100%|HC|  |TAMS 0x0000000082600000, 0x0000000082600000| Complete 
|  38|0x0000000082600000, 0x0000000082700000, 0x0000000082700000|100%| O|  |TAMS 0x0000000082700000, 0x0000000082700000| Untracked 
|  39|0x0000000082700000, 0x0000000082800000, 0x0000000082800000|100%|HS|  |TAMS 0x0000000082800000, 0x0000000082800000| Complete 
|  40|0x0000000082800000, 0x0000000082900000, 0x0000000082900000|100%|HC|  |TAMS 0x0000000082900000, 0x0000000082900000| Complete 
|  41|0x0000000082900000, 0x0000000082a00000, 0x0000000082a00000|100%|HC|  |TAMS 0x0000000082a00000, 0x0000000082a00000| Complete 
|  42|0x0000000082a00000, 0x0000000082b00000, 0x0000000082b00000|100%| O|  |TAMS 0x0000000082b00000, 0x0000000082b00000| Untracked 
|  43|0x0000000082b00000, 0x0000000082c00000, 0x0000000082c00000|100%| O|  |TAMS 0x0000000082c00000, 0x0000000082c00000| Untracked 
|  44|0x0000000082c00000, 0x0000000082d00000, 0x0000000082d00000|100%| O|  |TAMS 0x0000000082d00000, 0x0000000082d00000| Untracked 
|  45|0x0000000082d00000, 0x0000000082e00000, 0x0000000082e00000|100%| O|  |TAMS 0x0000000082e00000, 0x0000000082e00000| Untracked 
|  46|0x0000000082e00000, 0x0000000082f00000, 0x0000000082f00000|100%| O|  |TAMS 0x0000000082f00000, 0x0000000082f00000| Untracked 
|  47|0x0000000082f00000, 0x0000000083000000, 0x0000000083000000|100%| O|  |TAMS 0x0000000083000000, 0x0000000083000000| Untracked 
|  48|0x0000000083000000, 0x0000000083100000, 0x0000000083100000|100%| O|  |TAMS 0x0000000083100000, 0x0000000083100000| Untracked 
|  49|0x0000000083100000, 0x0000000083200000, 0x0000000083200000|100%| O|  |TAMS 0x0000000083200000, 0x0000000083200000| Untracked 
|  50|0x0000000083200000, 0x0000000083300000, 0x0000000083300000|100%|HS|  |TAMS 0x0000000083200000, 0x0000000083300000| Complete 
|  51|0x0000000083300000, 0x0000000083400000, 0x0000000083400000|100%|HS|  |TAMS 0x0000000083400000, 0x0000000083400000| Complete 
|  52|0x0000000083400000, 0x0000000083500000, 0x0000000083500000|100%| O|  |TAMS 0x0000000083500000, 0x0000000083500000| Untracked 
|  53|0x0000000083500000, 0x0000000083600000, 0x0000000083600000|100%| O|  |TAMS 0x0000000083600000, 0x0000000083600000| Untracked 
|  54|0x0000000083600000, 0x0000000083700000, 0x0000000083700000|100%|HS|  |TAMS 0x0000000083700000, 0x0000000083700000| Complete 
|  55|0x0000000083700000, 0x0000000083800000, 0x0000000083800000|100%|HC|  |TAMS 0x0000000083800000, 0x0000000083800000| Complete 
|  56|0x0000000083800000, 0x0000000083900000, 0x0000000083900000|100%| O|  |TAMS 0x0000000083900000, 0x0000000083900000| Untracked 
|  57|0x0000000083900000, 0x0000000083a00000, 0x0000000083a00000|100%| O|  |TAMS 0x0000000083a00000, 0x0000000083a00000| Untracked 
|  58|0x0000000083a00000, 0x0000000083b00000, 0x0000000083b00000|100%| O|  |TAMS 0x0000000083b00000, 0x0000000083b00000| Untracked 
|  59|0x0000000083b00000, 0x0000000083c00000, 0x0000000083c00000|100%| O|  |TAMS 0x0000000083c00000, 0x0000000083c00000| Untracked 
|  60|0x0000000083c00000, 0x0000000083d00000, 0x0000000083d00000|100%| O|  |TAMS 0x0000000083d00000, 0x0000000083d00000| Untracked 
|  61|0x0000000083d00000, 0x0000000083e00000, 0x0000000083e00000|100%| O|  |TAMS 0x0000000083e00000, 0x0000000083e00000| Untracked 
|  62|0x0000000083e00000, 0x0000000083f00000, 0x0000000083f00000|100%| O|  |TAMS 0x0000000083f00000, 0x0000000083f00000| Untracked 
|  63|0x0000000083f00000, 0x0000000084000000, 0x0000000084000000|100%| O|  |TAMS 0x0000000084000000, 0x0000000084000000| Untracked 
|  64|0x0000000084000000, 0x0000000084100000, 0x0000000084100000|100%| O|  |TAMS 0x0000000084100000, 0x0000000084100000| Untracked 
|  65|0x0000000084100000, 0x0000000084200000, 0x0000000084200000|100%| O|  |TAMS 0x0000000084200000, 0x0000000084200000| Untracked 
|  66|0x0000000084200000, 0x0000000084300000, 0x0000000084300000|100%| O|  |TAMS 0x0000000084300000, 0x0000000084300000| Untracked 
|  67|0x0000000084300000, 0x0000000084400000, 0x0000000084400000|100%| O|  |TAMS 0x0000000084400000, 0x0000000084400000| Untracked 
|  68|0x0000000084400000, 0x0000000084500000, 0x0000000084500000|100%| O|  |TAMS 0x0000000084500000, 0x0000000084500000| Untracked 
|  69|0x0000000084500000, 0x0000000084600000, 0x0000000084600000|100%| O|  |TAMS 0x0000000084600000, 0x0000000084600000| Untracked 
|  70|0x0000000084600000, 0x0000000084700000, 0x0000000084700000|100%| O|  |TAMS 0x0000000084700000, 0x0000000084700000| Untracked 
|  71|0x0000000084700000, 0x0000000084800000, 0x0000000084800000|100%| O|  |TAMS 0x0000000084800000, 0x0000000084800000| Untracked 
|  72|0x0000000084800000, 0x0000000084900000, 0x0000000084900000|100%| O|  |TAMS 0x0000000084900000, 0x0000000084900000| Untracked 
|  73|0x0000000084900000, 0x0000000084a00000, 0x0000000084a00000|100%| O|  |TAMS 0x0000000084a00000, 0x0000000084a00000| Untracked 
|  74|0x0000000084a00000, 0x0000000084b00000, 0x0000000084b00000|100%| O|  |TAMS 0x0000000084b00000, 0x0000000084b00000| Untracked 
|  75|0x0000000084b00000, 0x0000000084c00000, 0x0000000084c00000|100%| O|  |TAMS 0x0000000084c00000, 0x0000000084c00000| Untracked 
|  76|0x0000000084c00000, 0x0000000084d00000, 0x0000000084d00000|100%| O|  |TAMS 0x0000000084d00000, 0x0000000084d00000| Untracked 
|  77|0x0000000084d00000, 0x0000000084e00000, 0x0000000084e00000|100%| O|  |TAMS 0x0000000084e00000, 0x0000000084e00000| Untracked 
|  78|0x0000000084e00000, 0x0000000084f00000, 0x0000000084f00000|100%| O|  |TAMS 0x0000000084f00000, 0x0000000084f00000| Untracked 
|  79|0x0000000084f00000, 0x0000000085000000, 0x0000000085000000|100%| O|  |TAMS 0x0000000085000000, 0x0000000085000000| Untracked 
|  80|0x0000000085000000, 0x0000000085100000, 0x0000000085100000|100%| O|  |TAMS 0x0000000085100000, 0x0000000085100000| Untracked 
|  81|0x0000000085100000, 0x0000000085200000, 0x0000000085200000|100%| O|  |TAMS 0x0000000085200000, 0x0000000085200000| Untracked 
|  82|0x0000000085200000, 0x0000000085300000, 0x0000000085300000|100%| O|  |TAMS 0x0000000085300000, 0x0000000085300000| Untracked 
|  83|0x0000000085300000, 0x0000000085400000, 0x0000000085400000|100%|HS|  |TAMS 0x0000000085400000, 0x0000000085400000| Complete 
|  84|0x0000000085400000, 0x0000000085500000, 0x0000000085500000|100%| O|  |TAMS 0x0000000085500000, 0x0000000085500000| Untracked 
|  85|0x0000000085500000, 0x0000000085600000, 0x0000000085600000|100%| O|  |TAMS 0x0000000085600000, 0x0000000085600000| Untracked 
|  86|0x0000000085600000, 0x0000000085700000, 0x0000000085700000|100%| O|  |TAMS 0x0000000085700000, 0x0000000085700000| Untracked 
|  87|0x0000000085700000, 0x0000000085800000, 0x0000000085800000|100%| O|  |TAMS 0x0000000085800000, 0x0000000085800000| Untracked 
|  88|0x0000000085800000, 0x0000000085900000, 0x0000000085900000|100%| O|  |TAMS 0x0000000085900000, 0x0000000085900000| Untracked 
|  89|0x0000000085900000, 0x0000000085a00000, 0x0000000085a00000|100%| O|  |TAMS 0x0000000085a00000, 0x0000000085a00000| Untracked 
|  90|0x0000000085a00000, 0x0000000085b00000, 0x0000000085b00000|100%| O|  |TAMS 0x0000000085b00000, 0x0000000085b00000| Untracked 
|  91|0x0000000085b00000, 0x0000000085c00000, 0x0000000085c00000|100%| O|  |TAMS 0x0000000085c00000, 0x0000000085c00000| Untracked 
|  92|0x0000000085c00000, 0x0000000085d00000, 0x0000000085d00000|100%| O|  |TAMS 0x0000000085d00000, 0x0000000085d00000| Untracked 
|  93|0x0000000085d00000, 0x0000000085e00000, 0x0000000085e00000|100%| O|  |TAMS 0x0000000085e00000, 0x0000000085e00000| Untracked 
|  94|0x0000000085e00000, 0x0000000085f00000, 0x0000000085f00000|100%| O|  |TAMS 0x0000000085f00000, 0x0000000085f00000| Untracked 
|  95|0x0000000085f00000, 0x0000000086000000, 0x0000000086000000|100%| O|  |TAMS 0x0000000086000000, 0x0000000086000000| Untracked 
|  96|0x0000000086000000, 0x0000000086100000, 0x0000000086100000|100%| O|  |TAMS 0x0000000086100000, 0x0000000086100000| Untracked 
|  97|0x0000000086100000, 0x0000000086200000, 0x0000000086200000|100%|HS|  |TAMS 0x0000000086200000, 0x0000000086200000| Complete 
|  98|0x0000000086200000, 0x0000000086300000, 0x0000000086300000|100%| O|  |TAMS 0x0000000086300000, 0x0000000086300000| Untracked 
|  99|0x0000000086300000, 0x0000000086400000, 0x0000000086400000|100%| O|  |TAMS 0x0000000086400000, 0x0000000086400000| Untracked 
| 100|0x0000000086400000, 0x0000000086500000, 0x0000000086500000|100%| O|  |TAMS 0x0000000086500000, 0x0000000086500000| Untracked 
| 101|0x0000000086500000, 0x0000000086600000, 0x0000000086600000|100%| O|  |TAMS 0x0000000086600000, 0x0000000086600000| Untracked 
| 102|0x0000000086600000, 0x0000000086700000, 0x0000000086700000|100%| O|  |TAMS 0x0000000086700000, 0x0000000086700000| Untracked 
| 103|0x0000000086700000, 0x0000000086800000, 0x0000000086800000|100%| O|  |TAMS 0x0000000086800000, 0x0000000086800000| Untracked 
| 104|0x0000000086800000, 0x0000000086900000, 0x0000000086900000|100%| O|  |TAMS 0x0000000086900000, 0x0000000086900000| Untracked 
| 105|0x0000000086900000, 0x0000000086a00000, 0x0000000086a00000|100%| O|  |TAMS 0x0000000086a00000, 0x0000000086a00000| Untracked 
| 106|0x0000000086a00000, 0x0000000086b00000, 0x0000000086b00000|100%| O|  |TAMS 0x0000000086b00000, 0x0000000086b00000| Untracked 
| 107|0x0000000086b00000, 0x0000000086c00000, 0x0000000086c00000|100%| O|  |TAMS 0x0000000086c00000, 0x0000000086c00000| Untracked 
| 108|0x0000000086c00000, 0x0000000086d00000, 0x0000000086d00000|100%| O|  |TAMS 0x0000000086d00000, 0x0000000086d00000| Untracked 
| 109|0x0000000086d00000, 0x0000000086e00000, 0x0000000086e00000|100%|HS|  |TAMS 0x0000000086e00000, 0x0000000086e00000| Complete 
| 110|0x0000000086e00000, 0x0000000086f00000, 0x0000000086f00000|100%|HS|  |TAMS 0x0000000086e00000, 0x0000000086f00000| Complete 
| 111|0x0000000086f00000, 0x0000000087000000, 0x0000000087000000|100%| O|  |TAMS 0x0000000086f00000, 0x0000000087000000| Untracked 
| 112|0x0000000087000000, 0x0000000087100000, 0x0000000087100000|100%|HS|  |TAMS 0x0000000087100000, 0x0000000087100000| Complete 
| 113|0x0000000087100000, 0x0000000087200000, 0x0000000087200000|100%| O|  |TAMS 0x0000000087200000, 0x0000000087200000| Untracked 
| 114|0x0000000087200000, 0x0000000087300000, 0x0000000087300000|100%| O|  |TAMS 0x0000000087300000, 0x0000000087300000| Untracked 
| 115|0x0000000087300000, 0x0000000087400000, 0x0000000087400000|100%| O|  |TAMS 0x0000000087400000, 0x0000000087400000| Untracked 
| 116|0x0000000087400000, 0x0000000087500000, 0x0000000087500000|100%| O|  |TAMS 0x0000000087500000, 0x0000000087500000| Untracked 
| 117|0x0000000087500000, 0x0000000087600000, 0x0000000087600000|100%| O|  |TAMS 0x0000000087600000, 0x0000000087600000| Untracked 
| 118|0x0000000087600000, 0x0000000087700000, 0x0000000087700000|100%| O|  |TAMS 0x0000000087700000, 0x0000000087700000| Untracked 
| 119|0x0000000087700000, 0x0000000087800000, 0x0000000087800000|100%| O|  |TAMS 0x0000000087800000, 0x0000000087800000| Untracked 
| 120|0x0000000087800000, 0x0000000087900000, 0x0000000087900000|100%| O|  |TAMS 0x0000000087900000, 0x0000000087900000| Untracked 
| 121|0x0000000087900000, 0x0000000087a00000, 0x0000000087a00000|100%| O|  |TAMS 0x0000000087a00000, 0x0000000087a00000| Untracked 
| 122|0x0000000087a00000, 0x0000000087b00000, 0x0000000087b00000|100%| O|  |TAMS 0x0000000087b00000, 0x0000000087b00000| Untracked 
| 123|0x0000000087b00000, 0x0000000087c00000, 0x0000000087c00000|100%|HS|  |TAMS 0x0000000087c00000, 0x0000000087c00000| Complete 
| 124|0x0000000087c00000, 0x0000000087d00000, 0x0000000087d00000|100%|HC|  |TAMS 0x0000000087d00000, 0x0000000087d00000| Complete 
| 125|0x0000000087d00000, 0x0000000087e00000, 0x0000000087e00000|100%|HC|  |TAMS 0x0000000087e00000, 0x0000000087e00000| Complete 
| 126|0x0000000087e00000, 0x0000000087f00000, 0x0000000087f00000|100%|HC|  |TAMS 0x0000000087f00000, 0x0000000087f00000| Complete 
| 127|0x0000000087f00000, 0x0000000088000000, 0x0000000088000000|100%|HC|  |TAMS 0x0000000088000000, 0x0000000088000000| Complete 
| 128|0x0000000088000000, 0x0000000088100000, 0x0000000088100000|100%|HC|  |TAMS 0x0000000088100000, 0x0000000088100000| Complete 
| 129|0x0000000088100000, 0x0000000088200000, 0x0000000088200000|100%|HC|  |TAMS 0x0000000088200000, 0x0000000088200000| Complete 
| 130|0x0000000088200000, 0x0000000088300000, 0x0000000088300000|100%|HC|  |TAMS 0x0000000088300000, 0x0000000088300000| Complete 
| 131|0x0000000088300000, 0x0000000088400000, 0x0000000088400000|100%| O|  |TAMS 0x0000000088400000, 0x0000000088400000| Untracked 
| 132|0x0000000088400000, 0x0000000088500000, 0x0000000088500000|100%| O|  |TAMS 0x0000000088500000, 0x0000000088500000| Untracked 
| 133|0x0000000088500000, 0x0000000088600000, 0x0000000088600000|100%| O|  |TAMS 0x0000000088600000, 0x0000000088600000| Untracked 
| 134|0x0000000088600000, 0x0000000088700000, 0x0000000088700000|100%| O|  |TAMS 0x0000000088700000, 0x0000000088700000| Untracked 
| 135|0x0000000088700000, 0x0000000088800000, 0x0000000088800000|100%| O|  |TAMS 0x0000000088800000, 0x0000000088800000| Untracked 
| 136|0x0000000088800000, 0x0000000088900000, 0x0000000088900000|100%| O|  |TAMS 0x0000000088800000, 0x0000000088900000| Untracked 
| 137|0x0000000088900000, 0x0000000088a00000, 0x0000000088a00000|100%| O|  |TAMS 0x0000000088a00000, 0x0000000088a00000| Untracked 
| 138|0x0000000088a00000, 0x0000000088b00000, 0x0000000088b00000|100%| O|  |TAMS 0x0000000088b00000, 0x0000000088b00000| Untracked 
| 139|0x0000000088b00000, 0x0000000088c00000, 0x0000000088c00000|100%|HS|  |TAMS 0x0000000088c00000, 0x0000000088c00000| Complete 
| 140|0x0000000088c00000, 0x0000000088d00000, 0x0000000088d00000|100%|HC|  |TAMS 0x0000000088d00000, 0x0000000088d00000| Complete 
| 141|0x0000000088d00000, 0x0000000088e00000, 0x0000000088e00000|100%|HC|  |TAMS 0x0000000088e00000, 0x0000000088e00000| Complete 
| 142|0x0000000088e00000, 0x0000000088f00000, 0x0000000088f00000|100%|HC|  |TAMS 0x0000000088f00000, 0x0000000088f00000| Complete 
| 143|0x0000000088f00000, 0x0000000089000000, 0x0000000089000000|100%|HC|  |TAMS 0x0000000089000000, 0x0000000089000000| Complete 
| 144|0x0000000089000000, 0x0000000089100000, 0x0000000089100000|100%|HC|  |TAMS 0x0000000089100000, 0x0000000089100000| Complete 
| 145|0x0000000089100000, 0x0000000089200000, 0x0000000089200000|100%|HC|  |TAMS 0x0000000089200000, 0x0000000089200000| Complete 
| 146|0x0000000089200000, 0x0000000089300000, 0x0000000089300000|100%|HC|  |TAMS 0x0000000089300000, 0x0000000089300000| Complete 
| 147|0x0000000089300000, 0x0000000089400000, 0x0000000089400000|100%| O|  |TAMS 0x0000000089400000, 0x0000000089400000| Untracked 
| 148|0x0000000089400000, 0x0000000089500000, 0x0000000089500000|100%| O|  |TAMS 0x0000000089500000, 0x0000000089500000| Untracked 
| 149|0x0000000089500000, 0x0000000089600000, 0x0000000089600000|100%| O|  |TAMS 0x0000000089600000, 0x0000000089600000| Untracked 
| 150|0x0000000089600000, 0x0000000089700000, 0x0000000089700000|100%| O|  |TAMS 0x0000000089700000, 0x0000000089700000| Untracked 
| 151|0x0000000089700000, 0x0000000089800000, 0x0000000089800000|100%| O|  |TAMS 0x0000000089800000, 0x0000000089800000| Untracked 
| 152|0x0000000089800000, 0x0000000089900000, 0x0000000089900000|100%| O|  |TAMS 0x0000000089900000, 0x0000000089900000| Untracked 
| 153|0x0000000089900000, 0x0000000089a00000, 0x0000000089a00000|100%| O|  |TAMS 0x0000000089a00000, 0x0000000089a00000| Untracked 
| 154|0x0000000089a00000, 0x0000000089b00000, 0x0000000089b00000|100%| O|  |TAMS 0x0000000089ac5e00, 0x0000000089b00000| Untracked 
| 155|0x0000000089b00000, 0x0000000089c00000, 0x0000000089c00000|100%| O|  |TAMS 0x0000000089b00000, 0x0000000089c00000| Untracked 
| 156|0x0000000089c00000, 0x0000000089d00000, 0x0000000089d00000|100%| O|  |TAMS 0x0000000089c00000, 0x0000000089d00000| Untracked 
| 157|0x0000000089d00000, 0x0000000089e00000, 0x0000000089e00000|100%| O|  |TAMS 0x0000000089d00000, 0x0000000089e00000| Untracked 
| 158|0x0000000089e00000, 0x0000000089f00000, 0x0000000089f00000|100%| O|  |TAMS 0x0000000089e00000, 0x0000000089f00000| Untracked 
| 159|0x0000000089f00000, 0x000000008a000000, 0x000000008a000000|100%| O|  |TAMS 0x0000000089f00000, 0x000000008a000000| Untracked 
| 160|0x000000008a000000, 0x000000008a100000, 0x000000008a100000|100%| O|  |TAMS 0x000000008a000000, 0x000000008a100000| Untracked 
| 161|0x000000008a100000, 0x000000008a200000, 0x000000008a200000|100%| O|  |TAMS 0x000000008a100000, 0x000000008a200000| Untracked 
| 162|0x000000008a200000, 0x000000008a300000, 0x000000008a300000|100%| O|  |TAMS 0x000000008a200000, 0x000000008a300000| Untracked 
| 163|0x000000008a300000, 0x000000008a400000, 0x000000008a400000|100%| O|  |TAMS 0x000000008a300000, 0x000000008a400000| Untracked 
| 164|0x000000008a400000, 0x000000008a500000, 0x000000008a500000|100%| O|  |TAMS 0x000000008a400000, 0x000000008a500000| Untracked 
| 165|0x000000008a500000, 0x000000008a600000, 0x000000008a600000|100%| O|  |TAMS 0x000000008a600000, 0x000000008a600000| Untracked 
| 166|0x000000008a600000, 0x000000008a700000, 0x000000008a700000|100%| O|  |TAMS 0x000000008a700000, 0x000000008a700000| Untracked 
| 167|0x000000008a700000, 0x000000008a800000, 0x000000008a800000|100%| O|  |TAMS 0x000000008a800000, 0x000000008a800000| Untracked 
| 168|0x000000008a800000, 0x000000008a900000, 0x000000008a900000|100%| O|  |TAMS 0x000000008a900000, 0x000000008a900000| Untracked 
| 169|0x000000008a900000, 0x000000008aa00000, 0x000000008aa00000|100%| O|  |TAMS 0x000000008aa00000, 0x000000008aa00000| Untracked 
| 170|0x000000008aa00000, 0x000000008ab00000, 0x000000008ab00000|100%| O|  |TAMS 0x000000008aa00000, 0x000000008ab00000| Untracked 
| 171|0x000000008ab00000, 0x000000008ac00000, 0x000000008ac00000|100%| O|  |TAMS 0x000000008ab00000, 0x000000008ac00000| Untracked 
| 172|0x000000008ac00000, 0x000000008ad00000, 0x000000008ad00000|100%| O|  |TAMS 0x000000008ac00000, 0x000000008ad00000| Untracked 
| 173|0x000000008ad00000, 0x000000008ae00000, 0x000000008ae00000|100%| O|  |TAMS 0x000000008ad00000, 0x000000008ae00000| Untracked 
| 174|0x000000008ae00000, 0x000000008af00000, 0x000000008af00000|100%| O|  |TAMS 0x000000008ae00000, 0x000000008af00000| Untracked 
| 175|0x000000008af00000, 0x000000008b000000, 0x000000008b000000|100%| O|  |TAMS 0x000000008af00000, 0x000000008b000000| Untracked 
| 176|0x000000008b000000, 0x000000008b100000, 0x000000008b100000|100%| O|  |TAMS 0x000000008b000000, 0x000000008b100000| Untracked 
| 177|0x000000008b100000, 0x000000008b200000, 0x000000008b200000|100%| O|  |TAMS 0x000000008b100000, 0x000000008b200000| Untracked 
| 178|0x000000008b200000, 0x000000008b300000, 0x000000008b300000|100%| O|  |TAMS 0x000000008b200000, 0x000000008b300000| Untracked 
| 179|0x000000008b300000, 0x000000008b400000, 0x000000008b400000|100%| O|  |TAMS 0x000000008b300000, 0x000000008b400000| Untracked 
| 180|0x000000008b400000, 0x000000008b500000, 0x000000008b500000|100%| O|  |TAMS 0x000000008b400000, 0x000000008b500000| Untracked 
| 181|0x000000008b500000, 0x000000008b600000, 0x000000008b600000|100%| O|  |TAMS 0x000000008b500000, 0x000000008b600000| Untracked 
| 182|0x000000008b600000, 0x000000008b700000, 0x000000008b700000|100%| O|  |TAMS 0x000000008b600000, 0x000000008b700000| Untracked 
| 183|0x000000008b700000, 0x000000008b800000, 0x000000008b800000|100%| O|  |TAMS 0x000000008b700000, 0x000000008b800000| Untracked 
| 184|0x000000008b800000, 0x000000008b900000, 0x000000008b900000|100%| O|  |TAMS 0x000000008b800000, 0x000000008b900000| Untracked 
| 185|0x000000008b900000, 0x000000008ba00000, 0x000000008ba00000|100%| O|  |TAMS 0x000000008b900000, 0x000000008ba00000| Untracked 
| 186|0x000000008ba00000, 0x000000008bb00000, 0x000000008bb00000|100%| O|  |TAMS 0x000000008ba00000, 0x000000008bb00000| Untracked 
| 187|0x000000008bb00000, 0x000000008bc00000, 0x000000008bc00000|100%| O|  |TAMS 0x000000008bb00000, 0x000000008bc00000| Untracked 
| 188|0x000000008bc00000, 0x000000008bd00000, 0x000000008bd00000|100%|HS|  |TAMS 0x000000008bc00000, 0x000000008bd00000| Complete 
| 189|0x000000008bd00000, 0x000000008be00000, 0x000000008be00000|100%| O|  |TAMS 0x000000008bd00000, 0x000000008be00000| Untracked 
| 190|0x000000008be00000, 0x000000008bf00000, 0x000000008bf00000|100%| O|  |TAMS 0x000000008be00000, 0x000000008bf00000| Untracked 
| 191|0x000000008bf00000, 0x000000008c000000, 0x000000008c000000|100%| O|  |TAMS 0x000000008bf00000, 0x000000008c000000| Untracked 
| 192|0x000000008c000000, 0x000000008c100000, 0x000000008c100000|100%| O|  |TAMS 0x000000008c000000, 0x000000008c100000| Untracked 
| 193|0x000000008c100000, 0x000000008c200000, 0x000000008c200000|100%| O|  |TAMS 0x000000008c100000, 0x000000008c200000| Untracked 
| 194|0x000000008c200000, 0x000000008c300000, 0x000000008c300000|100%| O|  |TAMS 0x000000008c200000, 0x000000008c300000| Untracked 
| 195|0x000000008c300000, 0x000000008c400000, 0x000000008c400000|100%| O|  |TAMS 0x000000008c300000, 0x000000008c400000| Untracked 
| 196|0x000000008c400000, 0x000000008c500000, 0x000000008c500000|100%| O|  |TAMS 0x000000008c400000, 0x000000008c500000| Untracked 
| 197|0x000000008c500000, 0x000000008c600000, 0x000000008c600000|100%| O|  |TAMS 0x000000008c500000, 0x000000008c600000| Untracked 
| 198|0x000000008c600000, 0x000000008c700000, 0x000000008c700000|100%| O|  |TAMS 0x000000008c600000, 0x000000008c700000| Untracked 
| 199|0x000000008c700000, 0x000000008c800000, 0x000000008c800000|100%| O|  |TAMS 0x000000008c700000, 0x000000008c800000| Untracked 
| 200|0x000000008c800000, 0x000000008c900000, 0x000000008c900000|100%| O|  |TAMS 0x000000008c800000, 0x000000008c900000| Untracked 
| 201|0x000000008c900000, 0x000000008ca00000, 0x000000008ca00000|100%| O|  |TAMS 0x000000008c900000, 0x000000008ca00000| Untracked 
| 202|0x000000008ca00000, 0x000000008cb00000, 0x000000008cb00000|100%| O|  |TAMS 0x000000008ca00000, 0x000000008cb00000| Untracked 
| 203|0x000000008cb00000, 0x000000008cc00000, 0x000000008cc00000|100%| O|  |TAMS 0x000000008cb00000, 0x000000008cc00000| Untracked 
| 204|0x000000008cc00000, 0x000000008cd00000, 0x000000008cd00000|100%| O|  |TAMS 0x000000008cc00000, 0x000000008cd00000| Untracked 
| 205|0x000000008cd00000, 0x000000008ce00000, 0x000000008ce00000|100%| O|  |TAMS 0x000000008cd00000, 0x000000008ce00000| Untracked 
| 206|0x000000008ce00000, 0x000000008cf00000, 0x000000008cf00000|100%| O|  |TAMS 0x000000008ce00000, 0x000000008cf00000| Untracked 
| 207|0x000000008cf00000, 0x000000008d000000, 0x000000008d000000|100%| O|  |TAMS 0x000000008cf00000, 0x000000008d000000| Untracked 
| 208|0x000000008d000000, 0x000000008d100000, 0x000000008d100000|100%| O|  |TAMS 0x000000008d000000, 0x000000008d100000| Untracked 
| 209|0x000000008d100000, 0x000000008d200000, 0x000000008d200000|100%| O|  |TAMS 0x000000008d100000, 0x000000008d200000| Untracked 
| 210|0x000000008d200000, 0x000000008d240200, 0x000000008d300000| 25%| O|  |TAMS 0x000000008d200000, 0x000000008d240200| Untracked 
| 211|0x000000008d300000, 0x000000008d300000, 0x000000008d400000|  0%| F|  |TAMS 0x000000008d300000, 0x000000008d300000| Untracked 
| 212|0x000000008d400000, 0x000000008d400000, 0x000000008d500000|  0%| F|  |TAMS 0x000000008d400000, 0x000000008d400000| Untracked 
| 213|0x000000008d500000, 0x000000008d500000, 0x000000008d600000|  0%| F|  |TAMS 0x000000008d500000, 0x000000008d500000| Untracked 
| 214|0x000000008d600000, 0x000000008d600000, 0x000000008d700000|  0%| F|  |TAMS 0x000000008d600000, 0x000000008d600000| Untracked 
| 215|0x000000008d700000, 0x000000008d700000, 0x000000008d800000|  0%| F|  |TAMS 0x000000008d700000, 0x000000008d700000| Untracked 
| 216|0x000000008d800000, 0x000000008d800000, 0x000000008d900000|  0%| F|  |TAMS 0x000000008d800000, 0x000000008d800000| Untracked 
| 217|0x000000008d900000, 0x000000008d900000, 0x000000008da00000|  0%| F|  |TAMS 0x000000008d900000, 0x000000008d900000| Untracked 
| 218|0x000000008da00000, 0x000000008da00000, 0x000000008db00000|  0%| F|  |TAMS 0x000000008da00000, 0x000000008da00000| Untracked 
| 219|0x000000008db00000, 0x000000008db00000, 0x000000008dc00000|  0%| F|  |TAMS 0x000000008db00000, 0x000000008db00000| Untracked 
| 220|0x000000008dc00000, 0x000000008dc00000, 0x000000008dd00000|  0%| F|  |TAMS 0x000000008dc00000, 0x000000008dc00000| Untracked 
| 221|0x000000008dd00000, 0x000000008dd00000, 0x000000008de00000|  0%| F|  |TAMS 0x000000008dd00000, 0x000000008dd00000| Untracked 
| 222|0x000000008de00000, 0x000000008de00000, 0x000000008df00000|  0%| F|  |TAMS 0x000000008de00000, 0x000000008de00000| Untracked 
| 223|0x000000008df00000, 0x000000008df00000, 0x000000008e000000|  0%| F|  |TAMS 0x000000008df00000, 0x000000008df00000| Untracked 
| 224|0x000000008e000000, 0x000000008e000000, 0x000000008e100000|  0%| F|  |TAMS 0x000000008e000000, 0x000000008e000000| Untracked 
| 225|0x000000008e100000, 0x000000008e100000, 0x000000008e200000|  0%| F|  |TAMS 0x000000008e100000, 0x000000008e100000| Untracked 
| 226|0x000000008e200000, 0x000000008e200000, 0x000000008e300000|  0%| F|  |TAMS 0x000000008e200000, 0x000000008e200000| Untracked 
| 227|0x000000008e300000, 0x000000008e300000, 0x000000008e400000|  0%| F|  |TAMS 0x000000008e300000, 0x000000008e300000| Untracked 
| 228|0x000000008e400000, 0x000000008e400000, 0x000000008e500000|  0%| F|  |TAMS 0x000000008e400000, 0x000000008e400000| Untracked 
| 229|0x000000008e500000, 0x000000008e500000, 0x000000008e600000|  0%| F|  |TAMS 0x000000008e500000, 0x000000008e500000| Untracked 
| 230|0x000000008e600000, 0x000000008e600000, 0x000000008e700000|  0%| F|  |TAMS 0x000000008e600000, 0x000000008e600000| Untracked 
| 231|0x000000008e700000, 0x000000008e700000, 0x000000008e800000|  0%| F|  |TAMS 0x000000008e700000, 0x000000008e700000| Untracked 
| 232|0x000000008e800000, 0x000000008e800000, 0x000000008e900000|  0%| F|  |TAMS 0x000000008e800000, 0x000000008e800000| Untracked 
| 233|0x000000008e900000, 0x000000008e900000, 0x000000008ea00000|  0%| F|  |TAMS 0x000000008e900000, 0x000000008e900000| Untracked 
| 234|0x000000008ea00000, 0x000000008ea00000, 0x000000008eb00000|  0%| F|  |TAMS 0x000000008ea00000, 0x000000008ea00000| Untracked 
| 235|0x000000008eb00000, 0x000000008eb00000, 0x000000008ec00000|  0%| F|  |TAMS 0x000000008eb00000, 0x000000008eb00000| Untracked 
| 236|0x000000008ec00000, 0x000000008ec00000, 0x000000008ed00000|  0%| F|  |TAMS 0x000000008ec00000, 0x000000008ec00000| Untracked 
| 237|0x000000008ed00000, 0x000000008ed00000, 0x000000008ee00000|  0%| F|  |TAMS 0x000000008ed00000, 0x000000008ed00000| Untracked 
| 238|0x000000008ee00000, 0x000000008ee00000, 0x000000008ef00000|  0%| F|  |TAMS 0x000000008ee00000, 0x000000008ee00000| Untracked 
| 239|0x000000008ef00000, 0x000000008ef00000, 0x000000008f000000|  0%| F|  |TAMS 0x000000008ef00000, 0x000000008ef00000| Untracked 
| 240|0x000000008f000000, 0x000000008f000000, 0x000000008f100000|  0%| F|  |TAMS 0x000000008f000000, 0x000000008f000000| Untracked 
| 241|0x000000008f100000, 0x000000008f100000, 0x000000008f200000|  0%| F|  |TAMS 0x000000008f100000, 0x000000008f100000| Untracked 
| 242|0x000000008f200000, 0x000000008f200000, 0x000000008f300000|  0%| F|  |TAMS 0x000000008f200000, 0x000000008f200000| Untracked 
| 243|0x000000008f300000, 0x000000008f300000, 0x000000008f400000|  0%| F|  |TAMS 0x000000008f300000, 0x000000008f300000| Untracked 
| 244|0x000000008f400000, 0x000000008f400000, 0x000000008f500000|  0%| F|  |TAMS 0x000000008f400000, 0x000000008f400000| Untracked 
| 245|0x000000008f500000, 0x000000008f500000, 0x000000008f600000|  0%| F|  |TAMS 0x000000008f500000, 0x000000008f500000| Untracked 
| 246|0x000000008f600000, 0x000000008f600000, 0x000000008f700000|  0%| F|  |TAMS 0x000000008f600000, 0x000000008f600000| Untracked 
| 247|0x000000008f700000, 0x000000008f700000, 0x000000008f800000|  0%| F|  |TAMS 0x000000008f700000, 0x000000008f700000| Untracked 
| 248|0x000000008f800000, 0x000000008f800000, 0x000000008f900000|  0%| F|  |TAMS 0x000000008f800000, 0x000000008f800000| Untracked 
| 249|0x000000008f900000, 0x000000008f900000, 0x000000008fa00000|  0%| F|  |TAMS 0x000000008f900000, 0x000000008f900000| Untracked 
| 250|0x000000008fa00000, 0x000000008fa00000, 0x000000008fb00000|  0%| F|  |TAMS 0x000000008fa00000, 0x000000008fa00000| Untracked 
| 251|0x000000008fb00000, 0x000000008fb00000, 0x000000008fc00000|  0%| F|  |TAMS 0x000000008fb00000, 0x000000008fb00000| Untracked 
| 252|0x000000008fc00000, 0x000000008fc00000, 0x000000008fd00000|  0%| F|  |TAMS 0x000000008fc00000, 0x000000008fc00000| Untracked 
| 253|0x000000008fd00000, 0x000000008fd00000, 0x000000008fe00000|  0%| F|  |TAMS 0x000000008fd00000, 0x000000008fd00000| Untracked 
| 254|0x000000008fe00000, 0x000000008fe00000, 0x000000008ff00000|  0%| F|  |TAMS 0x000000008fe00000, 0x000000008fe00000| Untracked 
| 255|0x000000008ff00000, 0x000000008ff00000, 0x0000000090000000|  0%| F|  |TAMS 0x000000008ff00000, 0x000000008ff00000| Untracked 
| 256|0x0000000090000000, 0x0000000090000000, 0x0000000090100000|  0%| F|  |TAMS 0x0000000090000000, 0x0000000090000000| Untracked 
| 257|0x0000000090100000, 0x0000000090100000, 0x0000000090200000|  0%| F|  |TAMS 0x0000000090100000, 0x0000000090100000| Untracked 
| 258|0x0000000090200000, 0x0000000090200000, 0x0000000090300000|  0%| F|  |TAMS 0x0000000090200000, 0x0000000090200000| Untracked 
| 259|0x0000000090300000, 0x0000000090300000, 0x0000000090400000|  0%| F|  |TAMS 0x0000000090300000, 0x0000000090300000| Untracked 
| 260|0x0000000090400000, 0x0000000090400000, 0x0000000090500000|  0%| F|  |TAMS 0x0000000090400000, 0x0000000090400000| Untracked 
| 261|0x0000000090500000, 0x0000000090500000, 0x0000000090600000|  0%| F|  |TAMS 0x0000000090500000, 0x0000000090500000| Untracked 
| 262|0x0000000090600000, 0x0000000090600000, 0x0000000090700000|  0%| F|  |TAMS 0x0000000090600000, 0x0000000090600000| Untracked 
| 263|0x0000000090700000, 0x0000000090700000, 0x0000000090800000|  0%| F|  |TAMS 0x0000000090700000, 0x0000000090700000| Untracked 
| 264|0x0000000090800000, 0x0000000090800000, 0x0000000090900000|  0%| F|  |TAMS 0x0000000090800000, 0x0000000090800000| Untracked 
| 265|0x0000000090900000, 0x0000000090900000, 0x0000000090a00000|  0%| F|  |TAMS 0x0000000090900000, 0x0000000090900000| Untracked 
| 266|0x0000000090a00000, 0x0000000090a00000, 0x0000000090b00000|  0%| F|  |TAMS 0x0000000090a00000, 0x0000000090a00000| Untracked 
| 267|0x0000000090b00000, 0x0000000090b00000, 0x0000000090c00000|  0%| F|  |TAMS 0x0000000090b00000, 0x0000000090b00000| Untracked 
| 268|0x0000000090c00000, 0x0000000090c00000, 0x0000000090d00000|  0%| F|  |TAMS 0x0000000090c00000, 0x0000000090c00000| Untracked 
| 269|0x0000000090d00000, 0x0000000090d00000, 0x0000000090e00000|  0%| F|  |TAMS 0x0000000090d00000, 0x0000000090d00000| Untracked 
| 270|0x0000000090e00000, 0x0000000090e00000, 0x0000000090f00000|  0%| F|  |TAMS 0x0000000090e00000, 0x0000000090e00000| Untracked 
| 271|0x0000000090f00000, 0x0000000090f00000, 0x0000000091000000|  0%| F|  |TAMS 0x0000000090f00000, 0x0000000090f00000| Untracked 
| 272|0x0000000091000000, 0x0000000091000000, 0x0000000091100000|  0%| F|  |TAMS 0x0000000091000000, 0x0000000091000000| Untracked 
| 273|0x0000000091100000, 0x0000000091100000, 0x0000000091200000|  0%| F|  |TAMS 0x0000000091100000, 0x0000000091100000| Untracked 
| 274|0x0000000091200000, 0x0000000091200000, 0x0000000091300000|  0%| F|  |TAMS 0x0000000091200000, 0x0000000091200000| Untracked 
| 275|0x0000000091300000, 0x0000000091300000, 0x0000000091400000|  0%| F|  |TAMS 0x0000000091300000, 0x0000000091300000| Untracked 
| 276|0x0000000091400000, 0x0000000091400000, 0x0000000091500000|  0%| F|  |TAMS 0x0000000091400000, 0x0000000091400000| Untracked 
| 277|0x0000000091500000, 0x0000000091500000, 0x0000000091600000|  0%| F|  |TAMS 0x0000000091500000, 0x0000000091500000| Untracked 
| 278|0x0000000091600000, 0x0000000091600000, 0x0000000091700000|  0%| F|  |TAMS 0x0000000091600000, 0x0000000091600000| Untracked 
| 279|0x0000000091700000, 0x0000000091700000, 0x0000000091800000|  0%| F|  |TAMS 0x0000000091700000, 0x0000000091700000| Untracked 
| 280|0x0000000091800000, 0x0000000091800000, 0x0000000091900000|  0%| F|  |TAMS 0x0000000091800000, 0x0000000091800000| Untracked 
| 281|0x0000000091900000, 0x0000000091900000, 0x0000000091a00000|  0%| F|  |TAMS 0x0000000091900000, 0x0000000091900000| Untracked 
| 282|0x0000000091a00000, 0x0000000091a00000, 0x0000000091b00000|  0%| F|  |TAMS 0x0000000091a00000, 0x0000000091a00000| Untracked 
| 283|0x0000000091b00000, 0x0000000091b00000, 0x0000000091c00000|  0%| F|  |TAMS 0x0000000091b00000, 0x0000000091b00000| Untracked 
| 284|0x0000000091c00000, 0x0000000091c00000, 0x0000000091d00000|  0%| F|  |TAMS 0x0000000091c00000, 0x0000000091c00000| Untracked 
| 285|0x0000000091d00000, 0x0000000091d00000, 0x0000000091e00000|  0%| F|  |TAMS 0x0000000091d00000, 0x0000000091d00000| Untracked 
| 286|0x0000000091e00000, 0x0000000091e00000, 0x0000000091f00000|  0%| F|  |TAMS 0x0000000091e00000, 0x0000000091e00000| Untracked 
| 287|0x0000000091f00000, 0x0000000091f00000, 0x0000000092000000|  0%| F|  |TAMS 0x0000000091f00000, 0x0000000091f00000| Untracked 
| 288|0x0000000092000000, 0x0000000092000000, 0x0000000092100000|  0%| F|  |TAMS 0x0000000092000000, 0x0000000092000000| Untracked 
| 289|0x0000000092100000, 0x0000000092100000, 0x0000000092200000|  0%| F|  |TAMS 0x0000000092100000, 0x0000000092100000| Untracked 
| 290|0x0000000092200000, 0x0000000092200000, 0x0000000092300000|  0%| F|  |TAMS 0x0000000092200000, 0x0000000092200000| Untracked 
| 291|0x0000000092300000, 0x0000000092300000, 0x0000000092400000|  0%| F|  |TAMS 0x0000000092300000, 0x0000000092300000| Untracked 
| 292|0x0000000092400000, 0x0000000092400000, 0x0000000092500000|  0%| F|  |TAMS 0x0000000092400000, 0x0000000092400000| Untracked 
| 293|0x0000000092500000, 0x0000000092500000, 0x0000000092600000|  0%| F|  |TAMS 0x0000000092500000, 0x0000000092500000| Untracked 
| 294|0x0000000092600000, 0x0000000092600000, 0x0000000092700000|  0%| F|  |TAMS 0x0000000092600000, 0x0000000092600000| Untracked 
| 295|0x0000000092700000, 0x0000000092700000, 0x0000000092800000|  0%| F|  |TAMS 0x0000000092700000, 0x0000000092700000| Untracked 
| 296|0x0000000092800000, 0x0000000092800000, 0x0000000092900000|  0%| F|  |TAMS 0x0000000092800000, 0x0000000092800000| Untracked 
| 297|0x0000000092900000, 0x0000000092900000, 0x0000000092a00000|  0%| F|  |TAMS 0x0000000092900000, 0x0000000092900000| Untracked 
| 298|0x0000000092a00000, 0x0000000092a00000, 0x0000000092b00000|  0%| F|  |TAMS 0x0000000092a00000, 0x0000000092a00000| Untracked 
| 299|0x0000000092b00000, 0x0000000092b00000, 0x0000000092c00000|  0%| F|  |TAMS 0x0000000092b00000, 0x0000000092b00000| Untracked 
| 300|0x0000000092c00000, 0x0000000092c00000, 0x0000000092d00000|  0%| F|  |TAMS 0x0000000092c00000, 0x0000000092c00000| Untracked 
| 301|0x0000000092d00000, 0x0000000092d00000, 0x0000000092e00000|  0%| F|  |TAMS 0x0000000092d00000, 0x0000000092d00000| Untracked 
| 302|0x0000000092e00000, 0x0000000092e00000, 0x0000000092f00000|  0%| F|  |TAMS 0x0000000092e00000, 0x0000000092e00000| Untracked 
| 303|0x0000000092f00000, 0x0000000092f00000, 0x0000000093000000|  0%| F|  |TAMS 0x0000000092f00000, 0x0000000092f00000| Untracked 
| 304|0x0000000093000000, 0x0000000093000000, 0x0000000093100000|  0%| F|  |TAMS 0x0000000093000000, 0x0000000093000000| Untracked 
| 305|0x0000000093100000, 0x0000000093100000, 0x0000000093200000|  0%| F|  |TAMS 0x0000000093100000, 0x0000000093100000| Untracked 
| 306|0x0000000093200000, 0x0000000093200000, 0x0000000093300000|  0%| F|  |TAMS 0x0000000093200000, 0x0000000093200000| Untracked 
| 307|0x0000000093300000, 0x0000000093300000, 0x0000000093400000|  0%| F|  |TAMS 0x0000000093300000, 0x0000000093300000| Untracked 
| 308|0x0000000093400000, 0x0000000093400000, 0x0000000093500000|  0%| F|  |TAMS 0x0000000093400000, 0x0000000093400000| Untracked 
| 309|0x0000000093500000, 0x0000000093500000, 0x0000000093600000|  0%| F|  |TAMS 0x0000000093500000, 0x0000000093500000| Untracked 
| 310|0x0000000093600000, 0x0000000093600000, 0x0000000093700000|  0%| F|  |TAMS 0x0000000093600000, 0x0000000093600000| Untracked 
| 311|0x0000000093700000, 0x0000000093700000, 0x0000000093800000|  0%| F|  |TAMS 0x0000000093700000, 0x0000000093700000| Untracked 
| 312|0x0000000093800000, 0x0000000093800000, 0x0000000093900000|  0%| F|  |TAMS 0x0000000093800000, 0x0000000093800000| Untracked 
| 313|0x0000000093900000, 0x0000000093900000, 0x0000000093a00000|  0%| F|  |TAMS 0x0000000093900000, 0x0000000093900000| Untracked 
| 314|0x0000000093a00000, 0x0000000093ad8760, 0x0000000093b00000| 84%| S|CS|TAMS 0x0000000093a00000, 0x0000000093a00000| Complete 
| 315|0x0000000093b00000, 0x0000000093c00000, 0x0000000093c00000|100%| S|CS|TAMS 0x0000000093b00000, 0x0000000093b00000| Complete 
| 316|0x0000000093c00000, 0x0000000093c00000, 0x0000000093d00000|  0%| F|  |TAMS 0x0000000093c00000, 0x0000000093c00000| Untracked 
| 317|0x0000000093d00000, 0x0000000093d00000, 0x0000000093e00000|  0%| F|  |TAMS 0x0000000093d00000, 0x0000000093d00000| Untracked 
| 318|0x0000000093e00000, 0x0000000093e00000, 0x0000000093f00000|  0%| F|  |TAMS 0x0000000093e00000, 0x0000000093e00000| Untracked 
| 319|0x0000000093f00000, 0x0000000093f00000, 0x0000000094000000|  0%| F|  |TAMS 0x0000000093f00000, 0x0000000093f00000| Untracked 
| 320|0x0000000094000000, 0x0000000094000000, 0x0000000094100000|  0%| F|  |TAMS 0x0000000094000000, 0x0000000094000000| Untracked 
| 321|0x0000000094100000, 0x0000000094100000, 0x0000000094200000|  0%| F|  |TAMS 0x0000000094100000, 0x0000000094100000| Untracked 
| 322|0x0000000094200000, 0x0000000094200000, 0x0000000094300000|  0%| F|  |TAMS 0x0000000094200000, 0x0000000094200000| Untracked 

Card table byte_map: [0x0000024c31ed0000,0x0000024c322d0000] _byte_map_base: 0x0000024c31ad0000

Marking Bits (Prev, Next): (CMBitMap*) 0x0000024c1d5a9d80, (CMBitMap*) 0x0000024c1d5a9d48
 Prev Bits: [0x0000024c346d0000, 0x0000024c366d0000)
 Next Bits: [0x0000024c326d0000, 0x0000024c346d0000)

Polling page: 0x0000024c1d350000

Metaspace:

Usage:
  Non-class:    103.24 MB capacity,   101.21 MB ( 98%) used,     1.69 MB (  2%) free+waste,   349.81 KB ( <1%) overhead. 
      Class:     15.91 MB capacity,    14.79 MB ( 93%) used,   989.94 KB (  6%) free+waste,   159.63 KB ( <1%) overhead. 
       Both:    119.15 MB capacity,   116.00 MB ( 97%) used,     2.65 MB (  2%) free+waste,   509.44 KB ( <1%) overhead. 

Virtual space:
  Non-class space:      104.00 MB reserved,     103.25 MB (>99%) committed 
      Class space:        1.00 GB reserved,      16.00 MB (  2%) committed 
             Both:        1.10 GB reserved,     119.25 MB ( 11%) committed 

Chunk freelists:
   Non-Class:  12.00 KB
       Class:  0 bytes
        Both:  12.00 KB

MaxMetaspaceSize: 17179869184.00 GB
CompressedClassSpaceSize: 1.00 GB

CodeHeap 'non-profiled nmethods': size=120064Kb used=8528Kb max_used=8740Kb free=111535Kb
 bounds [0x0000024c2a190000, 0x0000024c2aa30000, 0x0000024c316d0000]
CodeHeap 'profiled nmethods': size=120000Kb used=29677Kb max_used=30042Kb free=90322Kb
 bounds [0x0000024c22c60000, 0x0000024c249e0000, 0x0000024c2a190000]
CodeHeap 'non-nmethods': size=5696Kb used=2315Kb max_used=2366Kb free=3380Kb
 bounds [0x0000024c226d0000, 0x0000024c22940000, 0x0000024c22c60000]
 total_blobs=14408 nmethods=13467 adapters=853
 compilation: enabled
              stopped_count=0, restarted_count=0
 full_count=0

Compilation events (20 events):
Event: 947.924 Thread 0x0000024c39488800 15205 %     3       com.android.tools.r8.graph.E1::a @ 10 (29 bytes)
Event: 947.925 Thread 0x0000024c39488800 nmethod 15205% 0x0000024c234d7e90 code [0x0000024c234d8080, 0x0000024c234d84c8]
Event: 947.992 Thread 0x0000024c39488800 15207       2       com.android.tools.r8.code.r::a (1 bytes)
Event: 947.993 Thread 0x0000024c39488800 nmethod 15207 0x0000024c234cfa10 code [0x0000024c234cfbc0, 0x0000024c234cfcb8]
Event: 948.054 Thread 0x0000024c39488800 15208       2       com.android.tools.r8.code.N3::a (1 bytes)
Event: 948.054 Thread 0x0000024c39488800 nmethod 15208 0x0000024c234d7b10 code [0x0000024c234d7cc0, 0x0000024c234d7db8]
Event: 948.213 Thread 0x0000024c39488800 15209 %     3       com.android.tools.r8.graph.E::a @ 10 (32 bytes)
Event: 948.214 Thread 0x0000024c39488800 nmethod 15209% 0x0000024c234fd610 code [0x0000024c234fd7e0, 0x0000024c234fdaa8]
Event: 948.231 Thread 0x0000024c39488800 15211       3       com.android.tools.r8.graph.E::a (32 bytes)
Event: 948.232 Thread 0x0000024c39488800 nmethod 15211 0x0000024c23507510 code [0x0000024c235076e0, 0x0000024c23507928]
Event: 948.255 Thread 0x0000024c39488800 15213       2       com.android.tools.r8.code.N::a (1 bytes)
Event: 948.255 Thread 0x0000024c39488800 nmethod 15213 0x0000024c234db410 code [0x0000024c234db5c0, 0x0000024c234db6b8]
Event: 948.285 Thread 0x0000024c39488800 15214       2       com.android.tools.r8.code.r2::a (1 bytes)
Event: 948.285 Thread 0x0000024c39488800 nmethod 15214 0x0000024c234f2610 code [0x0000024c234f27c0, 0x0000024c234f28b8]
Event: 948.287 Thread 0x0000024c39488800 15215       2       com.android.tools.r8.code.s2::a (1 bytes)
Event: 948.288 Thread 0x0000024c39488800 nmethod 15215 0x0000024c234f9810 code [0x0000024c234f99c0, 0x0000024c234f9ab8]
Event: 948.352 Thread 0x0000024c39488800 15216       2       com.android.tools.r8.code.F2::a (1 bytes)
Event: 948.352 Thread 0x0000024c39488800 nmethod 15216 0x0000024c234fd290 code [0x0000024c234fd440, 0x0000024c234fd538]
Event: 948.363 Thread 0x0000024c39488800 15217       2       com.android.tools.r8.code.P::a (1 bytes)
Event: 948.363 Thread 0x0000024c39488800 nmethod 15217 0x0000024c234fea10 code [0x0000024c234febc0, 0x0000024c234fecb8]

GC Heap History (20 events):
Event: 940.463 GC heap after
{Heap after GC invocations=112 (full 0):
 garbage-first heap   total 174080K, used 146432K [0x0000000080000000, 0x0000000100000000)
  region size 1024K, 1 young (1024K), 1 survivors (1024K)
 Metaspace       used 117473K, capacity 120691K, committed 120832K, reserved 1155072K
  class space    used 14956K, capacity 16084K, committed 16128K, reserved 1048576K
}
Event: 940.768 GC heap before
{Heap before GC invocations=112 (full 0):
 garbage-first heap   total 174080K, used 153600K [0x0000000080000000, 0x0000000100000000)
  region size 1024K, 8 young (8192K), 1 survivors (1024K)
 Metaspace       used 117473K, capacity 120691K, committed 120832K, reserved 1155072K
  class space    used 14956K, capacity 16084K, committed 16128K, reserved 1048576K
}
Event: 940.801 GC heap after
{Heap after GC invocations=113 (full 0):
 garbage-first heap   total 174080K, used 150938K [0x0000000080000000, 0x0000000100000000)
  region size 1024K, 1 young (1024K), 1 survivors (1024K)
 Metaspace       used 117473K, capacity 120691K, committed 120832K, reserved 1155072K
  class space    used 14956K, capacity 16084K, committed 16128K, reserved 1048576K
}
Event: 941.446 GC heap before
{Heap before GC invocations=114 (full 0):
 garbage-first heap   total 174080K, used 157082K [0x0000000080000000, 0x0000000100000000)
  region size 1024K, 8 young (8192K), 1 survivors (1024K)
 Metaspace       used 117769K, capacity 120979K, committed 121216K, reserved 1155072K
  class space    used 15036K, capacity 16160K, committed 16256K, reserved 1048576K
}
Event: 941.492 GC heap after
{Heap after GC invocations=115 (full 0):
 garbage-first heap   total 208896K, used 153922K [0x0000000080000000, 0x0000000100000000)
  region size 1024K, 1 young (1024K), 1 survivors (1024K)
 Metaspace       used 117769K, capacity 120979K, committed 121216K, reserved 1155072K
  class space    used 15036K, capacity 16160K, committed 16256K, reserved 1048576K
}
Event: 942.112 GC heap before
{Heap before GC invocations=115 (full 0):
 garbage-first heap   total 208896K, used 163138K [0x0000000080000000, 0x0000000100000000)
  region size 1024K, 10 young (10240K), 1 survivors (1024K)
 Metaspace       used 118399K, capacity 121643K, committed 121856K, reserved 1155072K
  class space    used 15139K, capacity 16291K, committed 16384K, reserved 1048576K
}
Event: 942.151 GC heap after
{Heap after GC invocations=116 (full 0):
 garbage-first heap   total 208896K, used 158504K [0x0000000080000000, 0x0000000100000000)
  region size 1024K, 2 young (2048K), 2 survivors (2048K)
 Metaspace       used 118399K, capacity 121643K, committed 121856K, reserved 1155072K
  class space    used 15139K, capacity 16291K, committed 16384K, reserved 1048576K
}
Event: 942.463 GC heap before
{Heap before GC invocations=116 (full 0):
 garbage-first heap   total 208896K, used 168744K [0x0000000080000000, 0x0000000100000000)
  region size 1024K, 13 young (13312K), 2 survivors (2048K)
 Metaspace       used 118421K, capacity 121643K, committed 121856K, reserved 1155072K
  class space    used 15139K, capacity 16291K, committed 16384K, reserved 1048576K
}
Event: 942.518 GC heap after
{Heap after GC invocations=117 (full 0):
 garbage-first heap   total 208896K, used 165655K [0x0000000080000000, 0x0000000100000000)
  region size 1024K, 2 young (2048K), 2 survivors (2048K)
 Metaspace       used 118421K, capacity 121643K, committed 121856K, reserved 1155072K
  class space    used 15139K, capacity 16291K, committed 16384K, reserved 1048576K
}
Event: 943.756 GC heap before
{Heap before GC invocations=118 (full 0):
 garbage-first heap   total 208896K, used 172823K [0x0000000080000000, 0x0000000100000000)
  region size 1024K, 10 young (10240K), 2 survivors (2048K)
 Metaspace       used 118428K, capacity 121643K, committed 121856K, reserved 1155072K
  class space    used 15139K, capacity 16291K, committed 16384K, reserved 1048576K
}
Event: 943.798 GC heap after
{Heap after GC invocations=119 (full 0):
 garbage-first heap   total 208896K, used 170496K [0x0000000080000000, 0x0000000100000000)
  region size 1024K, 2 young (2048K), 2 survivors (2048K)
 Metaspace       used 118428K, capacity 121643K, committed 121856K, reserved 1155072K
  class space    used 15139K, capacity 16291K, committed 16384K, reserved 1048576K
}
Event: 944.229 GC heap before
{Heap before GC invocations=119 (full 0):
 garbage-first heap   total 208896K, used 178688K [0x0000000080000000, 0x0000000100000000)
  region size 1024K, 10 young (10240K), 2 survivors (2048K)
 Metaspace       used 118446K, capacity 121710K, committed 121856K, reserved 1155072K
  class space    used 15139K, capacity 16291K, committed 16384K, reserved 1048576K
}
Event: 944.311 GC heap after
{Heap after GC invocations=120 (full 0):
 garbage-first heap   total 330752K, used 174010K [0x0000000080000000, 0x0000000100000000)
  region size 1024K, 2 young (2048K), 2 survivors (2048K)
 Metaspace       used 118446K, capacity 121710K, committed 121856K, reserved 1155072K
  class space    used 15139K, capacity 16291K, committed 16384K, reserved 1048576K
}
Event: 945.762 GC heap before
{Heap before GC invocations=120 (full 0):
 garbage-first heap   total 330752K, used 217018K [0x0000000080000000, 0x0000000100000000)
  region size 1024K, 42 young (43008K), 2 survivors (2048K)
 Metaspace       used 118589K, capacity 121855K, committed 122112K, reserved 1155072K
  class space    used 15144K, capacity 16293K, committed 16384K, reserved 1048576K
}
Event: 945.919 GC heap after
{Heap after GC invocations=121 (full 0):
 garbage-first heap   total 330752K, used 198656K [0x0000000080000000, 0x0000000100000000)
  region size 1024K, 6 young (6144K), 6 survivors (6144K)
 Metaspace       used 118589K, capacity 121855K, committed 122112K, reserved 1155072K
  class space    used 15144K, capacity 16293K, committed 16384K, reserved 1048576K
}
Event: 947.084 GC heap before
{Heap before GC invocations=121 (full 0):
 garbage-first heap   total 330752K, used 229376K [0x0000000080000000, 0x0000000100000000)
  region size 1024K, 35 young (35840K), 6 survivors (6144K)
 Metaspace       used 118773K, capacity 122012K, committed 122112K, reserved 1155072K
  class space    used 15146K, capacity 16296K, committed 16384K, reserved 1048576K
}
Event: 947.200 GC heap after
{Heap after GC invocations=122 (full 0):
 garbage-first heap   total 330752K, used 207872K [0x0000000080000000, 0x0000000100000000)
  region size 1024K, 5 young (5120K), 5 survivors (5120K)
 Metaspace       used 118773K, capacity 122012K, committed 122112K, reserved 1155072K
  class space    used 15146K, capacity 16296K, committed 16384K, reserved 1048576K
}
Event: 948.062 GC heap before
{Heap before GC invocations=122 (full 0):
 garbage-first heap   total 330752K, used 230400K [0x0000000080000000, 0x0000000100000000)
  region size 1024K, 26 young (26624K), 5 survivors (5120K)
 Metaspace       used 118784K, capacity 122012K, committed 122112K, reserved 1155072K
  class space    used 15146K, capacity 16296K, committed 16384K, reserved 1048576K
}
Event: 948.195 GC heap after
{Heap after GC invocations=123 (full 0):
 garbage-first heap   total 330752K, used 215040K [0x0000000080000000, 0x0000000100000000)
  region size 1024K, 4 young (4096K), 4 survivors (4096K)
 Metaspace       used 118784K, capacity 122012K, committed 122112K, reserved 1155072K
  class space    used 15146K, capacity 16296K, committed 16384K, reserved 1048576K
}
Event: 948.389 GC heap before
{Heap before GC invocations=123 (full 0):
 garbage-first heap   total 330752K, used 221184K [0x0000000080000000, 0x0000000100000000)
  region size 1024K, 11 young (11264K), 4 survivors (4096K)
 Metaspace       used 118786K, capacity 122012K, committed 122112K, reserved 1155072K
  class space    used 15146K, capacity 16296K, committed 16384K, reserved 1048576K
}

Deoptimization events (20 events):
Event: 946.556 Thread 0x0000024c3ba84000 DEOPT PACKING pc=0x0000024c249bc796 sp=0x000000c82fdff0a0
Event: 946.556 Thread 0x0000024c3ba84000 DEOPT UNPACKING pc=0x0000024c226f67c0 sp=0x000000c82fdfe538 mode 0
Event: 946.741 Thread 0x0000024c3da47000 Uncommon trap: trap_request=0xffffffe4 fr.pc=0x0000024c2a9e9ff0 relative=0x0000000000000230
Event: 946.741 Thread 0x0000024c3da47000 Uncommon trap: reason=range_check action=make_not_entrant pc=0x0000024c2a9e9ff0 method=com.android.tools.r8.graph.q0.b(Lcom/android/tools/r8/graph/q0;)I @ 26 c2
Event: 946.741 Thread 0x0000024c3da47000 DEOPT PACKING pc=0x0000024c2a9e9ff0 sp=0x000000c82f0fd4b0
Event: 946.741 Thread 0x0000024c3da47000 DEOPT UNPACKING pc=0x0000024c226f69aa sp=0x000000c82f0fd420 mode 2
Event: 946.759 Thread 0x0000024c3da47000 DEOPT PACKING pc=0x0000024c230d7fa3 sp=0x000000c82f0fd530
Event: 946.759 Thread 0x0000024c3da47000 DEOPT UNPACKING pc=0x0000024c226f67c0 sp=0x000000c82f0fca70 mode 0
Event: 946.973 Thread 0x0000024c3da47000 DEOPT PACKING pc=0x0000024c232e03eb sp=0x000000c82f0fd920
Event: 946.973 Thread 0x0000024c3da47000 DEOPT UNPACKING pc=0x0000024c226f67c0 sp=0x000000c82f0fcdb8 mode 0
Event: 947.549 Thread 0x0000024c3da47000 DEOPT PACKING pc=0x0000024c2346febb sp=0x000000c82f0fd9a0
Event: 947.549 Thread 0x0000024c3da47000 DEOPT UNPACKING pc=0x0000024c226f67c0 sp=0x000000c82f0fce50 mode 0
Event: 947.641 Thread 0x0000024c3da47000 DEOPT PACKING pc=0x0000024c231b7706 sp=0x000000c82f0fd970
Event: 947.641 Thread 0x0000024c3da47000 DEOPT UNPACKING pc=0x0000024c226f67c0 sp=0x000000c82f0fce40 mode 0
Event: 947.682 Thread 0x0000024c3da47000 DEOPT PACKING pc=0x0000024c230d8bc0 sp=0x000000c82f0fd470
Event: 947.682 Thread 0x0000024c3da47000 DEOPT UNPACKING pc=0x0000024c226f67c0 sp=0x000000c82f0fc958 mode 0
Event: 947.925 Thread 0x0000024c3da47000 DEOPT PACKING pc=0x0000024c23264a14 sp=0x000000c82f0fd720
Event: 947.925 Thread 0x0000024c3da47000 DEOPT UNPACKING pc=0x0000024c226f67c0 sp=0x000000c82f0fcbb0 mode 0
Event: 948.214 Thread 0x0000024c3da47000 DEOPT PACKING pc=0x0000024c2356e644 sp=0x000000c82f0fda00
Event: 948.214 Thread 0x0000024c3da47000 DEOPT UNPACKING pc=0x0000024c226f67c0 sp=0x000000c82f0fcf70 mode 0

Classes redefined (0 events):
No events

Internal exceptions (20 events):
Event: 918.464 Thread 0x0000024c3e0e7800 Exception <a 'sun/nio/fs/WindowsException'{0x0000000089d9c410}> (0x0000000089d9c410) thrown at [./src/hotspot/share/prims/jni.cpp, line 615]
Event: 930.581 Thread 0x0000024c3e0e7800 Exception <a 'java/lang/NoSuchMethodError'{0x0000000089368900}: <clinit>> (0x0000000089368900) thrown at [./src/hotspot/share/prims/jni.cpp, line 1362]
Event: 930.899 Thread 0x0000024c3da47000 Exception <a 'sun/nio/fs/WindowsException'{0x0000000088fc2e38}> (0x0000000088fc2e38) thrown at [./src/hotspot/share/prims/jni.cpp, line 615]
Event: 931.521 Thread 0x0000024c3da47000 Exception <a 'java/lang/NoSuchMethodError'{0x000000008a0170c0}: 'java.lang.Object java.lang.invoke.DirectMethodHandle$Holder.invokeStatic(java.lang.Object, long)'> (0x000000008a0170c0) thrown at [./src/hotspot/share/interpreter/linkResolver.cpp, line 773]
Event: 931.524 Thread 0x0000024c3da47000 Exception <a 'java/lang/NoSuchMethodError'{0x000000008a01d8d8}: 'java.lang.Object java.lang.invoke.Invokers$Holder.linkToTargetMethod(long, java.lang.Object)'> (0x000000008a01d8d8) thrown at [./src/hotspot/share/interpreter/linkResolver.cpp, line 773]
Event: 931.769 Thread 0x0000024c3da47000 Exception <a 'java/lang/NoSuchMethodError'{0x0000000089f57b58}: 'long java.lang.invoke.DirectMethodHandle$Holder.invokeStatic(java.lang.Object, java.lang.Object)'> (0x0000000089f57b58) thrown at [./src/hotspot/share/interpreter/linkResolver.cpp, line 773]
Event: 932.230 Thread 0x0000024c3da47000 Exception <a 'java/lang/NoSuchMethodError'{0x000000008a06d1d0}: 'java.lang.Object java.lang.invoke.DirectMethodHandle$Holder.newInvokeSpecial(java.lang.Object, int)'> (0x000000008a06d1d0) thrown at [./src/hotspot/share/interpreter/linkResolver.cpp, line 773]
Event: 932.384 Thread 0x0000024c3da47000 Exception <a 'java/lang/NoSuchMethodError'{0x0000000089f76788}: 'void java.lang.invoke.DirectMethodHandle$Holder.invokeStatic(java.lang.Object, java.lang.Object, java.lang.Object, int)'> (0x0000000089f76788) thrown at [./src/hotspot/share/interpreter/linkResolver.cpp, line 773]
Event: 932.386 Thread 0x0000024c3da47000 Exception <a 'java/lang/IncompatibleClassChangeError'{0x0000000089f7e820}: Found class java.lang.Object, but interface was expected> (0x0000000089f7e820) thrown at [./src/hotspot/share/interpreter/linkResolver.cpp, line 839]
Event: 932.919 Thread 0x0000024c3da47000 Exception <a 'java/lang/NoSuchMethodError'{0x0000000089b84220}: 'void java.lang.invoke.DirectMethodHandle$Holder.invokeSpecial(java.lang.Object, java.lang.Object, int, java.lang.Object)'> (0x0000000089b84220) thrown at [./src/hotspot/share/interpreter/linkResolver.cpp, line 773]
Event: 933.359 Thread 0x0000024c3da47000 Exception <a 'java/lang/NoSuchMethodError'{0x0000000089702020}: 'java.lang.Object java.lang.invoke.DirectMethodHandle$Holder.invokeVirtual(java.lang.Object, java.lang.Object, int, java.lang.Object)'> (0x0000000089702020) thrown at [./src/hotspot/share/interpreter/linkResolver.cpp, line 773]
Event: 933.469 Thread 0x0000024c3da47000 Exception <a 'java/lang/NoSuchMethodError'{0x00000000897b0ae8}: 'void java.lang.invoke.DirectMethodHandle$Holder.invokeVirtual(java.lang.Object, java.lang.Object, int, java.lang.Object)'> (0x00000000897b0ae8) thrown at [./src/hotspot/share/interpreter/linkResolver.cpp, line 773]
Event: 934.647 Thread 0x0000024c3da47000 Exception <a 'java/lang/NoSuchMethodError'{0x0000000088e55810}: 'java.lang.Object java.lang.invoke.DirectMethodHandle$Holder.invokeSpecial(java.lang.Object, java.lang.Object, java.lang.Object, java.lang.Object, java.lang.Object, java.lang.Object, java.lang.Object, java.lang.Object, java.lang.Object, java.lang.Object)'> (0x0000000088e55810) thrown at [./src/hotspot/share/interpreter/linkResolver.cpp, line 773]
Event: 934.648 Thread 0x0000024c3da47000 Exception <a 'java/lang/NoSuchMethodError'{0x0000000088e59ca0}: 'java.lang.Object java.lang.invoke.Invokers$Holder.linkToTargetMethod(java.lang.Object, java.lang.Object, java.lang.Object, java.lang.Object, java.lang.Object, java.lang.Object, java.lang.Object, java.lang.Object, java.lang.Object)'> (0x0000000088e59ca0) thrown at [./src/hotspot/share/interpreter/linkResolver.cpp, line 773]
Event: 934.890 Thread 0x0000024c3da47000 Exception <a 'java/lang/NoSuchMethodError'{0x000000008a1e5920}: 'void java.lang.invoke.DirectMethodHandle$Holder.invokeVirtual(java.lang.Object, java.lang.Object, int)'> (0x000000008a1e5920) thrown at [./src/hotspot/share/interpreter/linkResolver.cpp, line 773]
Event: 934.934 Thread 0x0000024c3da47000 Exception <a 'sun/nio/fs/WindowsException'{0x000000008a0663b8}> (0x000000008a0663b8) thrown at [./src/hotspot/share/prims/jni.cpp, line 615]
Event: 934.946 Thread 0x0000024c3da47000 Exception <a 'sun/nio/fs/WindowsException'{0x000000008a077c00}> (0x000000008a077c00) thrown at [./src/hotspot/share/prims/jni.cpp, line 615]
Event: 937.223 Thread 0x0000024c3c0d1000 Exception <a 'java/lang/NoSuchMethodError'{0x0000000089683130}: <clinit>> (0x0000000089683130) thrown at [./src/hotspot/share/prims/jni.cpp, line 1362]
Event: 939.763 Thread 0x0000024c3da47000 Exception <a 'sun/nio/fs/WindowsException'{0x000000008a1c4e80}> (0x000000008a1c4e80) thrown at [./src/hotspot/share/prims/jni.cpp, line 615]
Event: 946.275 Thread 0x0000024c3da47000 Implicit null exception at 0x0000024c2a9e0d99 to 0x0000024c2a9e1788

Events (20 events):
Event: 946.031 Executing VM operation: RevokeBias done
Event: 946.244 loading class com/android/tools/r8/graph/v1
Event: 946.244 loading class com/android/tools/r8/graph/v1 done
Event: 946.245 loading class com/android/tools/r8/graph/e0
Event: 946.245 loading class com/android/tools/r8/graph/e0 done
Event: 946.245 loading class com/android/tools/r8/graph/v1
Event: 946.245 loading class com/android/tools/r8/graph/v1 done
Event: 946.305 Executing VM operation: RevokeBias
Event: 946.305 Executing VM operation: RevokeBias done
Event: 946.528 Executing VM operation: BulkRevokeBias
Event: 946.532 Executing VM operation: BulkRevokeBias done
Event: 946.572 loading class com/android/tools/r8/naming/b
Event: 946.572 loading class com/android/tools/r8/naming/b done
Event: 946.573 loading class com/android/tools/r8/graph/n0
Event: 946.573 loading class com/android/tools/r8/graph/n0 done
Event: 947.084 Executing VM operation: G1CollectForAllocation
Event: 947.200 Executing VM operation: G1CollectForAllocation done
Event: 948.062 Executing VM operation: G1CollectForAllocation
Event: 948.195 Executing VM operation: G1CollectForAllocation done
Event: 948.389 Executing VM operation: G1CollectForAllocation


Dynamic libraries:
0x00007ff77b540000 - 0x00007ff77b54a000 	C:\Program Files\Android\Android Studio\jre\bin\java.exe
0x00007ffe822e0000 - 0x00007ffe824c1000 	C:\Windows\SYSTEM32\ntdll.dll
0x00007ffe81780000 - 0x00007ffe81832000 	C:\Windows\System32\KERNEL32.DLL
0x00007ffe7e8b0000 - 0x00007ffe7eb23000 	C:\Windows\System32\KERNELBASE.dll
0x00007ffe7e6b0000 - 0x00007ffe7e7aa000 	C:\Windows\System32\ucrtbase.dll
0x00007ffe7c3e0000 - 0x00007ffe7c3f9000 	C:\Program Files\Android\Android Studio\jre\bin\jli.dll
0x00007ffe810b0000 - 0x00007ffe81240000 	C:\Windows\System32\USER32.dll
0x00007ffe7eb90000 - 0x00007ffe7ebb0000 	C:\Windows\System32\win32u.dll
0x00007ffe81fe0000 - 0x00007ffe82008000 	C:\Windows\System32\GDI32.dll
0x00007ffe7f2c0000 - 0x00007ffe7f452000 	C:\Windows\System32\gdi32full.dll
0x00007ffe7f6d0000 - 0x00007ffe7f76f000 	C:\Windows\System32\msvcp_win.dll
0x00007ffe75310000 - 0x00007ffe75327000 	C:\Program Files\Android\Android Studio\jre\bin\VCRUNTIME140.dll
0x00007ffe71010000 - 0x00007ffe71279000 	C:\Windows\WinSxS\amd64_microsoft.windows.common-controls_6595b64144ccf1df_6.0.17133.73_none_b4b127863cb5b9c7\COMCTL32.dll
0x00007ffe820f0000 - 0x00007ffe8218e000 	C:\Windows\System32\msvcrt.dll
0x00007ffe80d80000 - 0x00007ffe810a3000 	C:\Windows\System32\combase.dll
0x00007ffe81d60000 - 0x00007ffe81e84000 	C:\Windows\System32\RPCRT4.dll
0x00007ffe7f650000 - 0x00007ffe7f6ca000 	C:\Windows\System32\bcryptPrimitives.dll
0x00007ffe81d30000 - 0x00007ffe81d5d000 	C:\Windows\System32\IMM32.DLL
0x00007ffe6acc0000 - 0x00007ffe6ad5d000 	C:\Program Files\Android\Android Studio\jre\bin\msvcp140.dll
0x00007ffe52080000 - 0x00007ffe52b3c000 	C:\Program Files\Android\Android Studio\jre\bin\server\jvm.dll
0x00007ffe82190000 - 0x00007ffe82231000 	C:\Windows\System32\ADVAPI32.dll
0x00007ffe80d20000 - 0x00007ffe80d7b000 	C:\Windows\System32\sechost.dll
0x00007ffe7f770000 - 0x00007ffe7f778000 	C:\Windows\System32\PSAPI.DLL
0x00007ffe7c330000 - 0x00007ffe7c353000 	C:\Windows\SYSTEM32\WINMM.dll
0x00007ffe7d240000 - 0x00007ffe7d249000 	C:\Windows\SYSTEM32\WSOCK32.dll
0x00007ffe82080000 - 0x00007ffe820ec000 	C:\Windows\System32\WS2_32.dll
0x00007ffe7d230000 - 0x00007ffe7d23a000 	C:\Windows\SYSTEM32\VERSION.dll
0x00007ffe7c300000 - 0x00007ffe7c32a000 	C:\Windows\SYSTEM32\WINMMBASE.dll
0x00007ffe7e860000 - 0x00007ffe7e8a9000 	C:\Windows\System32\cfgmgr32.dll
0x00007ffe7e690000 - 0x00007ffe7e6a1000 	C:\Windows\System32\kernel.appcore.dll
0x00007ffe7ad10000 - 0x00007ffe7ad21000 	C:\Program Files\Android\Android Studio\jre\bin\verify.dll
0x00007ffe6d480000 - 0x00007ffe6d649000 	C:\Windows\SYSTEM32\DBGHELP.DLL
0x00007ffe6d450000 - 0x00007ffe6d479000 	C:\Windows\SYSTEM32\dbgcore.DLL
0x00007ffe7ace0000 - 0x00007ffe7ad09000 	C:\Program Files\Android\Android Studio\jre\bin\java.dll
0x00007ffe7d220000 - 0x00007ffe7d22b000 	C:\Program Files\Android\Android Studio\jre\bin\jimage.dll
0x00007ffe77fe0000 - 0x00007ffe77ff8000 	C:\Program Files\Android\Android Studio\jre\bin\zip.dll
0x00007ffe7f8e0000 - 0x00007ffe80d20000 	C:\Windows\System32\SHELL32.dll
0x00007ffe81e90000 - 0x00007ffe81f39000 	C:\Windows\System32\shcore.dll
0x00007ffe7ebb0000 - 0x00007ffe7f2bd000 	C:\Windows\System32\windows.storage.dll
0x00007ffe81ab0000 - 0x00007ffe81b01000 	C:\Windows\System32\shlwapi.dll
0x00007ffe7e670000 - 0x00007ffe7e68f000 	C:\Windows\System32\profapi.dll
0x00007ffe7e600000 - 0x00007ffe7e64c000 	C:\Windows\System32\powrprof.dll
0x00007ffe7e5f0000 - 0x00007ffe7e5fa000 	C:\Windows\System32\FLTLIB.DLL
0x00007ffe77fc0000 - 0x00007ffe77fda000 	C:\Program Files\Android\Android Studio\jre\bin\net.dll
0x00007ffe75670000 - 0x00007ffe7574d000 	C:\Windows\SYSTEM32\WINHTTP.dll
0x00007ffe7de10000 - 0x00007ffe7de76000 	C:\Windows\system32\mswsock.dll
0x00007ffe77bc0000 - 0x00007ffe77bd4000 	C:\Program Files\Android\Android Studio\jre\bin\nio.dll
0x00007ffe717e0000 - 0x00007ffe71807000 	C:\Users\MISHECK\.gradle\native\fdc75f09e3144964f2cf3f50f0aa648679c211496f362492102eb8c894070792\windows-amd64\native-platform.dll
0x00007ffe55d60000 - 0x00007ffe55ef6000 	C:\Users\MISHECK\.gradle\native\12488b8bf47d2d4c9fbf2f6322a914ad602e24e48041cd04a747c6da556b65c4\windows-amd64\native-platform-file-events.dll
0x00007ffe7d190000 - 0x00007ffe7d19a000 	C:\Program Files\Android\Android Studio\jre\bin\management.dll
0x00007ffe7d020000 - 0x00007ffe7d02c000 	C:\Program Files\Android\Android Studio\jre\bin\management_ext.dll
0x00007ffe7dfc0000 - 0x00007ffe7dfd7000 	C:\Windows\SYSTEM32\CRYPTSP.dll
0x00007ffe7d9f0000 - 0x00007ffe7da23000 	C:\Windows\system32\rsaenh.dll
0x00007ffe7e150000 - 0x00007ffe7e175000 	C:\Windows\SYSTEM32\bcrypt.dll
0x00007ffe7e4f0000 - 0x00007ffe7e518000 	C:\Windows\SYSTEM32\USERENV.dll
0x00007ffe7dfe0000 - 0x00007ffe7dfeb000 	C:\Windows\SYSTEM32\CRYPTBASE.dll
0x00007ffe7db90000 - 0x00007ffe7dbc8000 	C:\Windows\SYSTEM32\IPHLPAPI.DLL
0x00007ffe82070000 - 0x00007ffe82078000 	C:\Windows\System32\NSI.dll
0x00007ffe76da0000 - 0x00007ffe76db6000 	C:\Windows\SYSTEM32\dhcpcsvc6.DLL
0x00007ffe76d80000 - 0x00007ffe76d9a000 	C:\Windows\SYSTEM32\dhcpcsvc.DLL
0x00007ffe77210000 - 0x00007ffe7721b000 	C:\Windows\SYSTEM32\WINNSI.DLL
0x00007ffe71810000 - 0x00007ffe71837000 	C:\Program Files\Android\Android Studio\jre\bin\sunec.dll
0x00007ffe7dbd0000 - 0x00007ffe7dc8e000 	C:\Windows\SYSTEM32\DNSAPI.dll
0x00007ffe71610000 - 0x00007ffe7161a000 	C:\Windows\System32\rasadhlp.dll

dbghelp: loaded successfully - version: 4.0.5 - missing functions: none
symbol engine: initialized successfully - sym options: 0x614 - pdb path: .;C:\Program Files\Android\Android Studio\jre\bin;C:\Windows\SYSTEM32;C:\Windows\WinSxS\amd64_microsoft.windows.common-controls_6595b64144ccf1df_6.0.17133.73_none_b4b127863cb5b9c7;C:\Program Files\Android\Android Studio\jre\bin\server;C:\Users\MISHECK\.gradle\native\fdc75f09e3144964f2cf3f50f0aa648679c211496f362492102eb8c894070792\windows-amd64;C:\Users\MISHECK\.gradle\native\12488b8bf47d2d4c9fbf2f6322a914ad602e24e48041cd04a747c6da556b65c4\windows-amd64

VM Arguments:
jvm_args: --add-opens=java.base/java.util=ALL-UNNAMED --add-opens=java.base/java.lang=ALL-UNNAMED --add-opens=java.base/java.lang.invoke=ALL-UNNAMED --add-opens=java.prefs/java.util.prefs=ALL-UNNAMED -Xmx2048m -Dfile.encoding=UTF-8 -Duser.country=US -Duser.language=en -Duser.variant 
java_command: org.gradle.launcher.daemon.bootstrap.GradleDaemon 6.7.1
java_class_path (initial): C:\Users\MISHECK\.gradle\wrapper\dists\gradle-6.7.1-bin\bwlcbys1h7rz3272sye1xwiv6\gradle-6.7.1\lib\gradle-launcher-6.7.1.jar
Launcher Type: SUN_STANDARD

[Global flags]
     intx CICompilerCount                          = 2                                         {product} {ergonomic}
     uint ConcGCThreads                            = 1                                         {product} {ergonomic}
     uint G1ConcRefinementThreads                  = 2                                         {product} {ergonomic}
   size_t G1HeapRegionSize                         = 1048576                                   {product} {ergonomic}
    uintx GCDrainStackTargetSize                   = 64                                        {product} {ergonomic}
   size_t InitialHeapSize                          = 67108864                                  {product} {ergonomic}
   size_t MarkStackSize                            = 4194304                                   {product} {ergonomic}
   size_t MaxHeapSize                              = 2147483648                                {product} {command line}
   size_t MaxNewSize                               = 1287651328                                {product} {ergonomic}
   size_t MinHeapDeltaBytes                        = 1048576                                   {product} {ergonomic}
    uintx NonNMethodCodeHeapSize                   = 5825164                                {pd product} {ergonomic}
    uintx NonProfiledCodeHeapSize                  = 122916538                              {pd product} {ergonomic}
    uintx ProfiledCodeHeapSize                     = 122916538                              {pd product} {ergonomic}
    uintx ReservedCodeCacheSize                    = 251658240                              {pd product} {ergonomic}
     bool SegmentedCodeCache                       = true                                      {product} {ergonomic}
     bool UseCompressedClassPointers               = true                                 {lp64_product} {ergonomic}
     bool UseCompressedOops                        = true                                 {lp64_product} {ergonomic}
     bool UseG1GC                                  = true                                      {product} {ergonomic}
     bool UseLargePagesIndividualAllocation        = false                                  {pd product} {ergonomic}

Logging:
Log output configuration:
 #0: stdout all=warning uptime,level,tags
 #1: stderr all=off uptime,level,tags

Environment Variables:
JAVA_HOME=C:\Program Files\Java\jdk1.8.0_191
PATH=C:\Program Files (x86)\Common Files\Oracle\Java\javapath;C:\Windows\system32;C:\Windows;C:\Windows\System32\Wbem;C:\Windows\System32\WindowsPowerShell\v1.0\;C:\Windows\System32\OpenSSH\;C:\Program Files (x86)\Git\cmd;C:\Program Files\nodejs\;C:\Program Files\Java\jdk1.8.0_191\bin;C:\Users\MISHECK\AppData\Roaming\npm;C:\Exercism;C:\Users\MISHECK\AppData\Local\Programs\Python\Python39;C:\Users\MISHECK\AppData\Local\Programs\Microsoft VS Code\bin;C:\Program Files\CodeBlocks\MinGW\bin;
USERNAME=MISHECK
OS=Windows_NT
PROCESSOR_IDENTIFIER=Intel64 Family 6 Model 55 Stepping 8, GenuineIntel



---------------  S Y S T E M  ---------------

OS: Windows 10 , 64 bit Build 17133 (10.0.17133.73)
OS uptime: 1 days 11:48 hours

CPU:total 2 (initial active 2) (2 cores per cpu, 1 threads per core) family 6 model 55 stepping 8, cmov, cx8, fxsr, mmx, sse, sse2, sse3, ssse3, sse4.1, sse4.2, popcnt, clmul, erms, 3dnowpref, tsc, tscinvbit

Memory: 4k page, system-wide physical 3987M (621M free)
TotalPageFile size 5381M (AvailPageFile size 375M)
current process WorkingSet (physical memory assigned to process): 572M, peak: 575M
current process commit charge ("private bytes"): 663M, peak: 1059M

vm_info: OpenJDK 64-Bit Server VM (11.0.8+10-b944.6842174) for windows-amd64 JRE (11.0.8+10-b944.6842174), built on Sep 19 2020 01:11:42 by "builder" with MS VC++ 14.0 (VS2015)

END.
