#
# There is insufficient memory for the Java Runtime Environment to continue.
# Native memory allocation (mmap) failed to map 61865984 bytes for Failed to commit area from 0x0000000092600000 to 0x0000000096100000 of length 61865984.
# Possible reasons:
#   The system is out of physical RAM or swap space
#   The process is running with CompressedOops enabled, and the Java Heap may be blocking the growth of the native heap
# Possible solutions:
#   Reduce memory load on the system
#   Increase physical memory or swap space
#   Check if swap backing store is full
#   Decrease Java heap size (-Xmx/-Xms)
#   Decrease number of Java threads
#   Decrease Java thread stack sizes (-Xss)
#   Set larger code cache with -XX:ReservedCodeCacheSize=
#   JVM is running with Unscaled Compressed Oops mode in which the Java heap is
#     placed in the first 4GB address space. The Java Heap base address is the
#     maximum limit for the native heap growth. Please use -XX:HeapBaseMinAddress
#     to set the Java Heap base and to place the Java Heap above 4GB virtual address.
# This output file may be truncated or incomplete.
#
#  Out of Memory Error (./src/hotspot/os/windows/os_windows.cpp:3303), pid=12348, tid=476
#
# JRE version: OpenJDK Runtime Environment (11.0.8+10) (build 11.0.8+10-b944.6842174)
# Java VM: OpenJDK 64-Bit Server VM (11.0.8+10-b944.6842174, mixed mode, tiered, compressed oops, g1 gc, windows-amd64)
# No core dump will be written. Minidumps are not enabled by default on client versions of Windows
#

---------------  S U M M A R Y ------------

Command Line: --add-opens=java.base/java.util=ALL-UNNAMED --add-opens=java.base/java.lang=ALL-UNNAMED --add-opens=java.base/java.lang.invoke=ALL-UNNAMED --add-opens=java.prefs/java.util.prefs=ALL-UNNAMED -Xmx2048m -Dfile.encoding=UTF-8 -Duser.country=US -Duser.language=en -Duser.variant org.gradle.launcher.daemon.bootstrap.GradleDaemon 6.7.1

Host: Intel(R) Celeron(R) CPU  N2840  @ 2.16GHz, 2 cores, 3G,  Windows 10 , 64 bit Build 17133 (10.0.17133.73)
Time: Thu Aug  5 02:19:10 2021 Pacific Daylight Time elapsed time: 225 seconds (0d 0h 3m 45s)

---------------  T H R E A D  ---------------

Current thread (0x000001d9310aa800):  VMThread "VM Thread" [stack: 0x0000006806100000,0x0000006806200000] [id=476]

Stack: [0x0000006806100000,0x0000006806200000]
[error occurred during error reporting (printing stack bounds), id 0xc0000005, EXCEPTION_ACCESS_VIOLATION (0xc0000005) at pc=0x000001d91b500dbe]

Native frames: (J=compiled Java code, j=interpreted, Vv=VM code, C=native code)
V  [jvm.dll+0x5de50a]
V  [jvm.dll+0x7122f5]
V  [jvm.dll+0x71384d]
V  [jvm.dll+0x713e65]
V  [jvm.dll+0x713e1b]
V  [jvm.dll+0x5dd958]
V  [jvm.dll+0x5de0f8]
C  [ntdll.dll+0x9eddd]
C  [ntdll.dll+0x6c86]
C  [ntdll.dll+0x9dd0e]
C  0x000001d91b500dbe

VM_Operation (0x000000680e8f9a60): G1CollectForAllocation, mode: safepoint, requested by thread 0x000001d93874f800


---------------  P R O C E S S  ---------------

Threads class SMR info:
_java_thread_list=0x000001d9360d14e0, length=137, elements={
0x000001d917b8b800, 0x000001d9310b5000, 0x000001d9310c1800, 0x000001d931a52800,
0x000001d9310cd800, 0x000001d9310cf800, 0x000001d9310d7000, 0x000001d9310ea000,
0x000001d931b71800, 0x000001d931bd0000, 0x000001d93350e000, 0x000001d932e0e000,
0x000001d932a46800, 0x000001d933592800, 0x000001d933590000, 0x000001d933596800,
0x000001d936335800, 0x000001d936337000, 0x000001d93653a000, 0x000001d936534000,
0x000001d936535000, 0x000001d936533800, 0x000001d936536800, 0x000001d936538000,
0x000001d936539000, 0x000001d93653a800, 0x000001d936537800, 0x000001d936535800,
0x000001d93653d000, 0x000001d93653c800, 0x000001d93653f800, 0x000001d93653e800,
0x000001d93653e000, 0x000001d936541000, 0x000001d936542000, 0x000001d936338000,
0x000001d936333000, 0x000001d936338800, 0x000001d936339800, 0x000001d93633a800,
0x000001d936334800, 0x000001d93633d800, 0x000001d93633d000, 0x000001d93633c000,
0x000001d93633e800, 0x000001d93633f800, 0x000001d936340000, 0x000001d936341000,
0x000001d93633b000, 0x000001d933590800, 0x000001d933593000, 0x000001d933591800,
0x000001d933594000, 0x000001d933595000, 0x000001d933595800, 0x000001d936ada800,
0x000001d936add000, 0x000001d936ad9000, 0x000001d936adb800, 0x000001d936ade800,
0x000001d936adc000, 0x000001d936ad9800, 0x000001d936ade000, 0x000001d936ae0000,
0x000001d936ae2000, 0x000001d936ae2800, 0x000001d936ae1000, 0x000001d936ae3800,
0x000001d936ae4800, 0x000001d936ae5000, 0x000001d936adf800, 0x000001d936ae6000,
0x000001d936ae7800, 0x000001d936ae7000, 0x000001d9351b6000, 0x000001d9351b6800,
0x000001d9351b7800, 0x000001d9351b4000, 0x000001d9351b8800, 0x000001d9351b5000,
0x000001d9351bb800, 0x000001d9351b9000, 0x000001d9351bc800, 0x000001d9351bf800,
0x000001d9351bd000, 0x000001d9351bf000, 0x000001d9351ba000, 0x000001d9351be000,
0x000001d9351c0800, 0x000001d9351ba800, 0x000001d9351c1800, 0x000001d9351c2000,
0x000001d9351c3000, 0x000001d93521b000, 0x000001d935215800, 0x000001d935217800,
0x000001d935217000, 0x000001d935219800, 0x000001d93521c000, 0x000001d935218800,
0x000001d935216000, 0x000001d935220000, 0x000001d93521f000, 0x000001d93521a000,
0x000001d935222800, 0x000001d93521d800, 0x000001d935221800, 0x000001d935220800,
0x000001d93521e800, 0x000001d93521c800, 0x000001d935223000, 0x000001d935224000,
0x000001d937f12800, 0x000001d937f11000, 0x000001d937f13800, 0x000001d937f14000,
0x000001d937f15000, 0x000001d937f11800, 0x000001d937f0f800, 0x000001d937f16000,
0x000001d937f10000, 0x000001d937f18800, 0x000001d937f1c800, 0x000001d937f1a000,
0x000001d937f16800, 0x000001d937f19000, 0x000001d937f1a800, 0x000001d937f1b800,
0x000001d937f1d000, 0x000001d937f17800, 0x000001d937f1e000, 0x000001d938753800,
0x000001d938754000, 0x000001d938752800, 0x000001d93874f800, 0x000001d938750000,
0x000001d938756000
}

Java Threads: ( => current thread )
  0x000001d917b8b800 JavaThread "main" [_thread_blocked, id=2208, stack(0x0000006805b00000,0x0000006805c00000)]
  0x000001d9310b5000 JavaThread "Reference Handler" daemon [_thread_blocked, id=8168, stack(0x0000006806200000,0x0000006806300000)]
  0x000001d9310c1800 JavaThread "Finalizer" daemon [_thread_blocked, id=5864, stack(0x0000006806300000,0x0000006806400000)]
  0x000001d931a52800 JavaThread "Signal Dispatcher" daemon [_thread_blocked, id=304, stack(0x0000006806400000,0x0000006806500000)]
  0x000001d9310cd800 JavaThread "Attach Listener" daemon [_thread_blocked, id=9084, stack(0x0000006806500000,0x0000006806600000)]
  0x000001d9310cf800 JavaThread "C2 CompilerThread0" daemon [_thread_in_native, id=10028, stack(0x0000006806600000,0x0000006806700000)]
  0x000001d9310d7000 JavaThread "C1 CompilerThread0" daemon [_thread_blocked, id=14268, stack(0x0000006806700000,0x0000006806800000)]
  0x000001d9310ea000 JavaThread "Sweeper thread" daemon [_thread_blocked, id=11044, stack(0x0000006806800000,0x0000006806900000)]
  0x000001d931b71800 JavaThread "Common-Cleaner" daemon [_thread_blocked, id=11872, stack(0x0000006806900000,0x0000006806a00000)]
  0x000001d931bd0000 JavaThread "Service Thread" daemon [_thread_blocked, id=1616, stack(0x0000006806a00000,0x0000006806b00000)]
  0x000001d93350e000 JavaThread "Daemon health stats" [_thread_blocked, id=3420, stack(0x0000006806d00000,0x0000006806e00000)]
  0x000001d932e0e000 JavaThread "Incoming local TCP Connector on port 62523" [_thread_in_native, id=1604, stack(0x0000006806f00000,0x0000006807000000)]
  0x000001d932a46800 JavaThread "Daemon periodic checks" [_thread_blocked, id=4976, stack(0x0000006807000000,0x0000006807100000)]
  0x000001d933592800 JavaThread "Cache worker for file hash cache (C:\Users\MISHECK\.gradle\caches\6.7.1\fileHashes)" [_thread_blocked, id=12436, stack(0x0000006807800000,0x0000006807900000)]
  0x000001d933590000 JavaThread "File lock request listener" [_thread_in_native, id=6692, stack(0x0000006807900000,0x0000006807a00000)]
  0x000001d933596800 JavaThread "Cache worker for journal cache (C:\Users\MISHECK\.gradle\caches\journal-1)" [_thread_blocked, id=6680, stack(0x0000006807a00000,0x0000006807b00000)]
  0x000001d936335800 JavaThread "Cache worker for execution history cache (C:\Users\MISHECK\.gradle\caches\6.7.1\executionHistory)" [_thread_blocked, id=9240, stack(0x0000006809400000,0x0000006809500000)]
  0x000001d936337000 JavaThread "Cache worker for file content cache (C:\Users\MISHECK\.gradle\caches\6.7.1\fileContent)" [_thread_blocked, id=1248, stack(0x0000006809500000,0x0000006809600000)]
  0x000001d93653a000 JavaThread "Memory manager" [_thread_blocked, id=8124, stack(0x000000680e500000,0x000000680e600000)]
  0x000001d936534000 JavaThread "Daemon Thread 2" [_thread_blocked, id=13504, stack(0x0000006805800000,0x0000006805900000)]
  0x000001d936535000 JavaThread "Handler for socket connection from /127.0.0.1:62523 to /127.0.0.1:65028" [_thread_in_native, id=7984, stack(0x0000006805900000,0x0000006805a00000)]
  0x000001d936533800 JavaThread "Cancel handler" [_thread_blocked, id=9492, stack(0x0000006807100000,0x0000006807200000)]
  0x000001d936536800 JavaThread "Daemon worker Thread 2" [_thread_in_native, id=5616, stack(0x0000006807200000,0x0000006807300000)]
  0x000001d936538000 JavaThread "Asynchronous log dispatcher for DefaultDaemonConnection: socket connection from /127.0.0.1:62523 to /127.0.0.1:65028" [_thread_blocked, id=10036, stack(0x0000006807300000,0x0000006807400000)]
  0x000001d936539000 JavaThread "Stdin handler" [_thread_blocked, id=9268, stack(0x0000006807400000,0x0000006807500000)]
  0x000001d93653a800 JavaThread "Thread-126" [_thread_blocked, id=2720, stack(0x0000006807500000,0x0000006807600000)]
  0x000001d936537800 JavaThread "Cache worker for file hash cache (C:\Users\MISHECK\AndroidStudioProjects\ChildSafetyApp\.gradle\6.7.1\fileHashes)" [_thread_blocked, id=4624, stack(0x0000006807600000,0x0000006807700000)]
  0x000001d936535800 JavaThread "Cache worker for checksums cache (C:\Users\MISHECK\AndroidStudioProjects\ChildSafetyApp\.gradle\checksums)" [_thread_blocked, id=2528, stack(0x0000006807700000,0x0000006807800000)]
  0x000001d93653d000 JavaThread "Cache worker for cache directory md-supplier (C:\Users\MISHECK\.gradle\caches\6.7.1\md-supplier)" [_thread_blocked, id=7408, stack(0x0000006807b00000,0x0000006807c00000)]
  0x000001d93653c800 JavaThread "Cache worker for cache directory md-rule (C:\Users\MISHECK\.gradle\caches\6.7.1\md-rule)" [_thread_blocked, id=10032, stack(0x0000006807c00000,0x0000006807d00000)]
  0x000001d93653f800 JavaThread "Cache worker for Build Output Cleanup Cache (C:\Users\MISHECK\AndroidStudioProjects\ChildSafetyApp\.gradle\buildOutputCleanup)" [_thread_blocked, id=2380, stack(0x0000006807d00000,0x0000006807e00000)]
  0x000001d93653e800 JavaThread "Build operations" [_thread_blocked, id=3040, stack(0x0000006807e00000,0x0000006807f00000)]
  0x000001d93653e000 JavaThread "Build operations Thread 2" [_thread_blocked, id=7200, stack(0x0000006807f00000,0x0000006808000000)]
  0x000001d936541000 JavaThread "jar transforms Thread 98" [_thread_blocked, id=7752, stack(0x0000006808000000,0x0000006808100000)]
  0x000001d936542000 JavaThread "jar transforms Thread 99" [_thread_blocked, id=3292, stack(0x0000006808100000,0x0000006808200000)]
  0x000001d936338000 JavaThread "jar transforms Thread 100" [_thread_blocked, id=8472, stack(0x0000006808200000,0x0000006808300000)]
  0x000001d936333000 JavaThread "jar transforms Thread 101" [_thread_blocked, id=8736, stack(0x0000006808300000,0x0000006808400000)]
  0x000001d936338800 JavaThread "jar transforms Thread 102" [_thread_blocked, id=12332, stack(0x0000006808400000,0x0000006808500000)]
  0x000001d936339800 JavaThread "jar transforms Thread 103" [_thread_blocked, id=11500, stack(0x0000006808500000,0x0000006808600000)]
  0x000001d93633a800 JavaThread "jar transforms Thread 104" [_thread_blocked, id=12336, stack(0x0000006808600000,0x0000006808700000)]
  0x000001d936334800 JavaThread "jar transforms Thread 105" [_thread_blocked, id=7328, stack(0x0000006808700000,0x0000006808800000)]
  0x000001d93633d800 JavaThread "jar transforms Thread 106" [_thread_blocked, id=9068, stack(0x0000006808800000,0x0000006808900000)]
  0x000001d93633d000 JavaThread "jar transforms Thread 107" [_thread_blocked, id=11292, stack(0x0000006808900000,0x0000006808a00000)]
  0x000001d93633c000 JavaThread "jar transforms Thread 108" [_thread_blocked, id=6260, stack(0x0000006808a00000,0x0000006808b00000)]
  0x000001d93633e800 JavaThread "jar transforms Thread 109" [_thread_blocked, id=11996, stack(0x0000006808b00000,0x0000006808c00000)]
  0x000001d93633f800 JavaThread "jar transforms Thread 110" [_thread_blocked, id=12408, stack(0x0000006808c00000,0x0000006808d00000)]
  0x000001d936340000 JavaThread "jar transforms Thread 111" [_thread_blocked, id=6472, stack(0x0000006808d00000,0x0000006808e00000)]
  0x000001d936341000 JavaThread "jar transforms Thread 112" [_thread_blocked, id=8420, stack(0x0000006808e00000,0x0000006808f00000)]
  0x000001d93633b000 JavaThread "jar transforms Thread 113" [_thread_blocked, id=9108, stack(0x0000006808f00000,0x0000006809000000)]
  0x000001d933590800 JavaThread "jar transforms Thread 114" [_thread_blocked, id=6832, stack(0x0000006809000000,0x0000006809100000)]
  0x000001d933593000 JavaThread "jar transforms Thread 115" [_thread_blocked, id=4200, stack(0x0000006809100000,0x0000006809200000)]
  0x000001d933591800 JavaThread "jar transforms Thread 116" [_thread_blocked, id=6848, stack(0x0000006809200000,0x0000006809300000)]
  0x000001d933594000 JavaThread "jar transforms Thread 117" [_thread_blocked, id=10104, stack(0x0000006809300000,0x0000006809400000)]
  0x000001d933595000 JavaThread "jar transforms Thread 118" [_thread_blocked, id=13240, stack(0x0000006809600000,0x0000006809700000)]
  0x000001d933595800 JavaThread "jar transforms Thread 119" [_thread_blocked, id=7904, stack(0x0000006809700000,0x0000006809800000)]
  0x000001d936ada800 JavaThread "jar transforms Thread 120" [_thread_blocked, id=11412, stack(0x0000006809800000,0x0000006809900000)]
  0x000001d936add000 JavaThread "jar transforms Thread 121" [_thread_blocked, id=12628, stack(0x0000006809900000,0x0000006809a00000)]
  0x000001d936ad9000 JavaThread "jar transforms Thread 122" [_thread_blocked, id=12636, stack(0x0000006809a00000,0x0000006809b00000)]
  0x000001d936adb800 JavaThread "jar transforms Thread 123" [_thread_blocked, id=1288, stack(0x0000006809b00000,0x0000006809c00000)]
  0x000001d936ade800 JavaThread "jar transforms Thread 124" [_thread_blocked, id=3652, stack(0x0000006809c00000,0x0000006809d00000)]
  0x000001d936adc000 JavaThread "jar transforms Thread 125" [_thread_blocked, id=7656, stack(0x0000006809d00000,0x0000006809e00000)]
  0x000001d936ad9800 JavaThread "jar transforms Thread 126" [_thread_blocked, id=12480, stack(0x0000006809e00000,0x0000006809f00000)]
  0x000001d936ade000 JavaThread "jar transforms Thread 127" [_thread_blocked, id=3704, stack(0x0000006809f00000,0x000000680a000000)]
  0x000001d936ae0000 JavaThread "jar transforms Thread 128" [_thread_blocked, id=13212, stack(0x000000680a000000,0x000000680a100000)]
  0x000001d936ae2000 JavaThread "jar transforms Thread 129" [_thread_blocked, id=9196, stack(0x000000680a100000,0x000000680a200000)]
  0x000001d936ae2800 JavaThread "jar transforms Thread 130" [_thread_blocked, id=11244, stack(0x000000680a200000,0x000000680a300000)]
  0x000001d936ae1000 JavaThread "jar transforms Thread 131" [_thread_blocked, id=924, stack(0x000000680a300000,0x000000680a400000)]
  0x000001d936ae3800 JavaThread "jar transforms Thread 132" [_thread_blocked, id=13600, stack(0x000000680a400000,0x000000680a500000)]
  0x000001d936ae4800 JavaThread "jar transforms Thread 133" [_thread_blocked, id=8232, stack(0x000000680a500000,0x000000680a600000)]
  0x000001d936ae5000 JavaThread "jar transforms Thread 134" [_thread_blocked, id=1380, stack(0x000000680a600000,0x000000680a700000)]
  0x000001d936adf800 JavaThread "jar transforms Thread 135" [_thread_blocked, id=11260, stack(0x000000680a700000,0x000000680a800000)]
  0x000001d936ae6000 JavaThread "jar transforms Thread 136" [_thread_blocked, id=8696, stack(0x000000680a800000,0x000000680a900000)]
  0x000001d936ae7800 JavaThread "jar transforms Thread 137" [_thread_blocked, id=9636, stack(0x000000680a900000,0x000000680aa00000)]
  0x000001d936ae7000 JavaThread "jar transforms Thread 138" [_thread_blocked, id=7688, stack(0x000000680aa00000,0x000000680ab00000)]
  0x000001d9351b6000 JavaThread "jar transforms Thread 139" [_thread_blocked, id=1168, stack(0x000000680ab00000,0x000000680ac00000)]
  0x000001d9351b6800 JavaThread "jar transforms Thread 140" [_thread_blocked, id=8668, stack(0x000000680ac00000,0x000000680ad00000)]
  0x000001d9351b7800 JavaThread "jar transforms Thread 141" [_thread_blocked, id=13560, stack(0x000000680ad00000,0x000000680ae00000)]
  0x000001d9351b4000 JavaThread "jar transforms Thread 142" [_thread_blocked, id=3240, stack(0x000000680ae00000,0x000000680af00000)]
  0x000001d9351b8800 JavaThread "jar transforms Thread 143" [_thread_blocked, id=13340, stack(0x000000680af00000,0x000000680b000000)]
  0x000001d9351b5000 JavaThread "jar transforms Thread 144" [_thread_blocked, id=7604, stack(0x000000680b000000,0x000000680b100000)]
  0x000001d9351bb800 JavaThread "jar transforms Thread 145" [_thread_blocked, id=6324, stack(0x000000680b100000,0x000000680b200000)]
  0x000001d9351b9000 JavaThread "jar transforms Thread 146" [_thread_blocked, id=10484, stack(0x000000680b200000,0x000000680b300000)]
  0x000001d9351bc800 JavaThread "jar transforms Thread 147" [_thread_blocked, id=10424, stack(0x000000680b300000,0x000000680b400000)]
  0x000001d9351bf800 JavaThread "jar transforms Thread 148" [_thread_blocked, id=996, stack(0x000000680b400000,0x000000680b500000)]
  0x000001d9351bd000 JavaThread "jar transforms Thread 149" [_thread_blocked, id=2656, stack(0x000000680b500000,0x000000680b600000)]
  0x000001d9351bf000 JavaThread "jar transforms Thread 150" [_thread_blocked, id=12588, stack(0x000000680b600000,0x000000680b700000)]
  0x000001d9351ba000 JavaThread "jar transforms Thread 151" [_thread_blocked, id=14296, stack(0x000000680b700000,0x000000680b800000)]
  0x000001d9351be000 JavaThread "jar transforms Thread 152" [_thread_blocked, id=14100, stack(0x000000680b800000,0x000000680b900000)]
  0x000001d9351c0800 JavaThread "jar transforms Thread 153" [_thread_blocked, id=11768, stack(0x000000680b900000,0x000000680ba00000)]
  0x000001d9351ba800 JavaThread "jar transforms Thread 154" [_thread_blocked, id=5236, stack(0x000000680ba00000,0x000000680bb00000)]
  0x000001d9351c1800 JavaThread "jar transforms Thread 155" [_thread_blocked, id=2732, stack(0x000000680bb00000,0x000000680bc00000)]
  0x000001d9351c2000 JavaThread "jar transforms Thread 156" [_thread_blocked, id=1324, stack(0x000000680bc00000,0x000000680bd00000)]
  0x000001d9351c3000 JavaThread "jar transforms Thread 157" [_thread_blocked, id=3428, stack(0x000000680bd00000,0x000000680be00000)]
  0x000001d93521b000 JavaThread "jar transforms Thread 158" [_thread_blocked, id=12100, stack(0x000000680be00000,0x000000680bf00000)]
  0x000001d935215800 JavaThread "jar transforms Thread 159" [_thread_blocked, id=13432, stack(0x000000680bf00000,0x000000680c000000)]
  0x000001d935217800 JavaThread "jar transforms Thread 160" [_thread_blocked, id=13420, stack(0x000000680c000000,0x000000680c100000)]
  0x000001d935217000 JavaThread "jar transforms Thread 161" [_thread_blocked, id=5468, stack(0x000000680c100000,0x000000680c200000)]
  0x000001d935219800 JavaThread "jar transforms Thread 162" [_thread_blocked, id=1220, stack(0x000000680c200000,0x000000680c300000)]
  0x000001d93521c000 JavaThread "jar transforms Thread 163" [_thread_blocked, id=9864, stack(0x000000680c300000,0x000000680c400000)]
  0x000001d935218800 JavaThread "jar transforms Thread 164" [_thread_blocked, id=4636, stack(0x000000680c400000,0x000000680c500000)]
  0x000001d935216000 JavaThread "jar transforms Thread 165" [_thread_blocked, id=13628, stack(0x000000680c500000,0x000000680c600000)]
  0x000001d935220000 JavaThread "jar transforms Thread 166" [_thread_blocked, id=12696, stack(0x000000680c600000,0x000000680c700000)]
  0x000001d93521f000 JavaThread "jar transforms Thread 167" [_thread_blocked, id=7196, stack(0x000000680c700000,0x000000680c800000)]
  0x000001d93521a000 JavaThread "jar transforms Thread 168" [_thread_blocked, id=9360, stack(0x000000680c800000,0x000000680c900000)]
  0x000001d935222800 JavaThread "jar transforms Thread 169" [_thread_blocked, id=3544, stack(0x000000680c900000,0x000000680ca00000)]
  0x000001d93521d800 JavaThread "jar transforms Thread 170" [_thread_blocked, id=9968, stack(0x000000680ca00000,0x000000680cb00000)]
  0x000001d935221800 JavaThread "jar transforms Thread 171" [_thread_blocked, id=3772, stack(0x000000680cb00000,0x000000680cc00000)]
  0x000001d935220800 JavaThread "jar transforms Thread 172" [_thread_blocked, id=12444, stack(0x000000680cc00000,0x000000680cd00000)]
  0x000001d93521e800 JavaThread "jar transforms Thread 173" [_thread_blocked, id=14108, stack(0x000000680cd00000,0x000000680ce00000)]
  0x000001d93521c800 JavaThread "jar transforms Thread 174" [_thread_blocked, id=11772, stack(0x000000680ce00000,0x000000680cf00000)]
  0x000001d935223000 JavaThread "jar transforms Thread 175" [_thread_blocked, id=14312, stack(0x000000680cf00000,0x000000680d000000)]
  0x000001d935224000 JavaThread "jar transforms Thread 176" [_thread_blocked, id=9508, stack(0x000000680d000000,0x000000680d100000)]
  0x000001d937f12800 JavaThread "jar transforms Thread 177" [_thread_blocked, id=8884, stack(0x000000680d100000,0x000000680d200000)]
  0x000001d937f11000 JavaThread "jar transforms Thread 178" [_thread_blocked, id=8176, stack(0x000000680d200000,0x000000680d300000)]
  0x000001d937f13800 JavaThread "jar transforms Thread 179" [_thread_blocked, id=5276, stack(0x000000680d300000,0x000000680d400000)]
  0x000001d937f14000 JavaThread "jar transforms Thread 180" [_thread_blocked, id=9280, stack(0x000000680d400000,0x000000680d500000)]
  0x000001d937f15000 JavaThread "jar transforms Thread 181" [_thread_blocked, id=4536, stack(0x000000680d500000,0x000000680d600000)]
  0x000001d937f11800 JavaThread "jar transforms Thread 182" [_thread_blocked, id=12920, stack(0x000000680d600000,0x000000680d700000)]
  0x000001d937f0f800 JavaThread "jar transforms Thread 183" [_thread_blocked, id=13268, stack(0x000000680d700000,0x000000680d800000)]
  0x000001d937f16000 JavaThread "jar transforms Thread 184" [_thread_blocked, id=8204, stack(0x000000680d800000,0x000000680d900000)]
  0x000001d937f10000 JavaThread "jar transforms Thread 185" [_thread_blocked, id=6528, stack(0x000000680d900000,0x000000680da00000)]
  0x000001d937f18800 JavaThread "jar transforms Thread 186" [_thread_blocked, id=10212, stack(0x000000680da00000,0x000000680db00000)]
  0x000001d937f1c800 JavaThread "jar transforms Thread 187" [_thread_blocked, id=7136, stack(0x000000680db00000,0x000000680dc00000)]
  0x000001d937f1a000 JavaThread "jar transforms Thread 188" [_thread_blocked, id=13280, stack(0x000000680dc00000,0x000000680dd00000)]
  0x000001d937f16800 JavaThread "jar transforms Thread 189" [_thread_blocked, id=10792, stack(0x000000680dd00000,0x000000680de00000)]
  0x000001d937f19000 JavaThread "jar transforms Thread 190" [_thread_blocked, id=6448, stack(0x000000680de00000,0x000000680df00000)]
  0x000001d937f1a800 JavaThread "jar transforms Thread 191" [_thread_blocked, id=10384, stack(0x000000680df00000,0x000000680e000000)]
  0x000001d937f1b800 JavaThread "jar transforms Thread 192" [_thread_blocked, id=1888, stack(0x000000680e000000,0x000000680e100000)]
  0x000001d937f1d000 JavaThread "jar transforms Thread 193" [_thread_blocked, id=14128, stack(0x000000680e100000,0x000000680e200000)]
  0x000001d937f17800 JavaThread "jar transforms Thread 194" [_thread_blocked, id=10812, stack(0x000000680e200000,0x000000680e300000)]
  0x000001d937f1e000 JavaThread "build event listener" [_thread_blocked, id=11580, stack(0x000000680e300000,0x000000680e400000)]
  0x000001d938753800 JavaThread "build event listener" [_thread_blocked, id=8136, stack(0x000000680e400000,0x000000680e500000)]
  0x000001d938754000 JavaThread "Execution worker for ':'" [_thread_blocked, id=4612, stack(0x000000680e600000,0x000000680e700000)]
  0x000001d938752800 JavaThread "Cache worker for execution history cache (C:\Users\MISHECK\AndroidStudioProjects\ChildSafetyApp\.gradle\6.7.1\executionHistory)" [_thread_blocked, id=12228, stack(0x000000680e700000,0x000000680e800000)]
  0x000001d93874f800 JavaThread "WorkerExecutor Queue" [_thread_blocked, id=9884, stack(0x000000680e800000,0x000000680e900000)]
  0x000001d938750000 JavaThread "WorkerExecutor Queue Thread 2" [_thread_blocked, id=7140, stack(0x000000680e900000,0x000000680ea00000)]
  0x000001d938756000 JavaThread "Java2D Disposer" daemon [_thread_blocked, id=13124, stack(0x000000680ec00000,0x000000680ed00000)]

Other Threads:
=>0x000001d9310aa800 VMThread "VM Thread" [stack: 0x0000006806100000,0x0000006806200000] [id=476]
  0x000001d931bdd000 WatcherThread [stack: 0x0000006806b00000,0x0000006806c00000] [id=13816]
  0x000001d917ba2800 GCTaskThread "GC Thread#0" [stack: 0x0000006805c00000,0x0000006805d00000] [id=10116]
  0x000001d931d15800 GCTaskThread "GC Thread#1" [stack: 0x0000006806c00000,0x0000006806d00000] [id=10872]
  0x000001d917bd1800 ConcurrentGCThread "G1 Main Marker" [stack: 0x0000006805d00000,0x0000006805e00000] [id=11096]
  0x000001d917bd3800 ConcurrentGCThread "G1 Conc#0" [stack: 0x0000006805e00000,0x0000006805f00000] [id=13000]
  0x000001d917c25800 ConcurrentGCThread "G1 Refine#0" [stack: 0x0000006805f00000,0x0000006806000000] [id=9668]
  0x000001d917c26800 ConcurrentGCThread "G1 Young RemSet Sampling" [stack: 0x0000006806000000,0x0000006806100000] [id=10364]

Threads with active compile tasks:
C2 CompilerThread0 225883 13503       4       com.android.utils.XmlUtils::append (647 bytes)

VM state:at safepoint (normal execution)

VM Mutex/Monitor currently owned by a thread:  ([mutex/lock_event])
[0x000001d917b899e0] Threads_lock - owner thread: 0x000001d9310aa800
[0x000001d917b8b0f0] Heap_lock - owner thread: 0x000001d93874f800

Heap address: 0x0000000080000000, size: 2048 MB, Compressed Oops mode: 32-bit
Narrow klass base: 0x0000000000000000, Narrow klass shift: 3
Compressed class space size: 1073741824 Address: 0x0000000100000000

Heap:
 garbage-first heap   total 361472K, used 168723K [0x0000000080000000, 0x0000000100000000)
  region size 1024K, 2 young (2048K), 2 survivors (2048K)
 Metaspace       used 105875K, capacity 108771K, committed 109052K, reserved 1144832K
  class space    used 13220K, capacity 14173K, committed 14208K, reserved 1048576K
Heap Regions: E=young(eden), S=young(survivor), O=old, HS=humongous(starts), HC=humongous(continues), CS=collection set, F=free, A=archive, TAMS=top-at-mark-start (previous, next)
|   0|0x0000000080000000, 0x0000000080100000, 0x0000000080100000|100%| O|  |TAMS 0x0000000080100000, 0x0000000080000000| Untracked 
|   1|0x0000000080100000, 0x0000000080200000, 0x0000000080200000|100%| O|  |TAMS 0x0000000080200000, 0x0000000080100000| Untracked 
|   2|0x0000000080200000, 0x0000000080300000, 0x0000000080300000|100%| O|  |TAMS 0x0000000080300000, 0x0000000080200000| Untracked 
|   3|0x0000000080300000, 0x0000000080400000, 0x0000000080400000|100%| O|  |TAMS 0x0000000080400000, 0x0000000080300000| Untracked 
|   4|0x0000000080400000, 0x0000000080500000, 0x0000000080500000|100%|HS|  |TAMS 0x0000000080500000, 0x0000000080400000| Complete 
|   5|0x0000000080500000, 0x0000000080600000, 0x0000000080600000|100%|HC|  |TAMS 0x0000000080600000, 0x0000000080500000| Complete 
|   6|0x0000000080600000, 0x0000000080700000, 0x0000000080700000|100%|HC|  |TAMS 0x0000000080700000, 0x0000000080600000| Complete 
|   7|0x0000000080700000, 0x0000000080800000, 0x0000000080800000|100%| O|  |TAMS 0x0000000080800000, 0x0000000080700000| Untracked 
|   8|0x0000000080800000, 0x0000000080900000, 0x0000000080900000|100%| O|  |TAMS 0x0000000080900000, 0x0000000080800000| Untracked 
|   9|0x0000000080900000, 0x0000000080a00000, 0x0000000080a00000|100%| O|  |TAMS 0x0000000080a00000, 0x0000000080900000| Untracked 
|  10|0x0000000080a00000, 0x0000000080b00000, 0x0000000080b00000|100%| O|  |TAMS 0x0000000080b00000, 0x0000000080a00000| Untracked 
|  11|0x0000000080b00000, 0x0000000080c00000, 0x0000000080c00000|100%| O|  |TAMS 0x0000000080c00000, 0x0000000080b00000| Untracked 
|  12|0x0000000080c00000, 0x0000000080d00000, 0x0000000080d00000|100%| O|  |TAMS 0x0000000080d00000, 0x0000000080c00000| Untracked 
|  13|0x0000000080d00000, 0x0000000080e00000, 0x0000000080e00000|100%| O|  |TAMS 0x0000000080e00000, 0x0000000080d00000| Untracked 
|  14|0x0000000080e00000, 0x0000000080f00000, 0x0000000080f00000|100%| O|  |TAMS 0x0000000080f00000, 0x0000000080e00000| Untracked 
|  15|0x0000000080f00000, 0x0000000081000000, 0x0000000081000000|100%|HS|  |TAMS 0x0000000081000000, 0x0000000080f00000| Complete 
|  16|0x0000000081000000, 0x0000000081100000, 0x0000000081100000|100%|HC|  |TAMS 0x0000000081100000, 0x0000000081000000| Complete 
|  17|0x0000000081100000, 0x0000000081200000, 0x0000000081200000|100%| O|  |TAMS 0x0000000081200000, 0x0000000081100000| Untracked 
|  18|0x0000000081200000, 0x0000000081300000, 0x0000000081300000|100%|HS|  |TAMS 0x0000000081300000, 0x0000000081200000| Complete 
|  19|0x0000000081300000, 0x0000000081400000, 0x0000000081400000|100%|HC|  |TAMS 0x0000000081400000, 0x0000000081300000| Complete 
|  20|0x0000000081400000, 0x0000000081500000, 0x0000000081500000|100%|HC|  |TAMS 0x0000000081500000, 0x0000000081400000| Complete 
|  21|0x0000000081500000, 0x0000000081600000, 0x0000000081600000|100%|HS|  |TAMS 0x0000000081600000, 0x0000000081500000| Complete 
|  22|0x0000000081600000, 0x0000000081700000, 0x0000000081700000|100%|HC|  |TAMS 0x0000000081700000, 0x0000000081600000| Complete 
|  23|0x0000000081700000, 0x0000000081800000, 0x0000000081800000|100%|HC|  |TAMS 0x0000000081800000, 0x0000000081700000| Complete 
|  24|0x0000000081800000, 0x0000000081900000, 0x0000000081900000|100%|HC|  |TAMS 0x0000000081900000, 0x0000000081800000| Complete 
|  25|0x0000000081900000, 0x0000000081a00000, 0x0000000081a00000|100%| O|  |TAMS 0x0000000081a00000, 0x0000000081900000| Untracked 
|  26|0x0000000081a00000, 0x0000000081b00000, 0x0000000081b00000|100%| O|  |TAMS 0x0000000081b00000, 0x0000000081a00000| Untracked 
|  27|0x0000000081b00000, 0x0000000081c00000, 0x0000000081c00000|100%| O|  |TAMS 0x0000000081c00000, 0x0000000081b00000| Untracked 
|  28|0x0000000081c00000, 0x0000000081d00000, 0x0000000081d00000|100%| O|  |TAMS 0x0000000081d00000, 0x0000000081c00000| Untracked 
|  29|0x0000000081d00000, 0x0000000081e00000, 0x0000000081e00000|100%| O|  |TAMS 0x0000000081e00000, 0x0000000081d00000| Untracked 
|  30|0x0000000081e00000, 0x0000000081f00000, 0x0000000081f00000|100%| O|  |TAMS 0x0000000081f00000, 0x0000000081e00000| Untracked 
|  31|0x0000000081f00000, 0x0000000082000000, 0x0000000082000000|100%| O|  |TAMS 0x0000000082000000, 0x0000000081f00000| Untracked 
|  32|0x0000000082000000, 0x0000000082100000, 0x0000000082100000|100%| O|  |TAMS 0x0000000082100000, 0x0000000082000000| Untracked 
|  33|0x0000000082100000, 0x0000000082200000, 0x0000000082200000|100%| O|  |TAMS 0x0000000082200000, 0x0000000082100000| Untracked 
|  34|0x0000000082200000, 0x0000000082300000, 0x0000000082300000|100%| O|  |TAMS 0x0000000082300000, 0x0000000082200000| Untracked 
|  35|0x0000000082300000, 0x0000000082400000, 0x0000000082400000|100%|HS|  |TAMS 0x0000000082400000, 0x0000000082300000| Complete 
|  36|0x0000000082400000, 0x0000000082500000, 0x0000000082500000|100%|HC|  |TAMS 0x0000000082500000, 0x0000000082400000| Complete 
|  37|0x0000000082500000, 0x0000000082600000, 0x0000000082600000|100%|HC|  |TAMS 0x0000000082600000, 0x0000000082500000| Complete 
|  38|0x0000000082600000, 0x0000000082700000, 0x0000000082700000|100%|HC|  |TAMS 0x0000000082700000, 0x0000000082600000| Complete 
|  39|0x0000000082700000, 0x0000000082800000, 0x0000000082800000|100%|HS|  |TAMS 0x0000000082800000, 0x0000000082700000| Complete 
|  40|0x0000000082800000, 0x0000000082900000, 0x0000000082900000|100%|HC|  |TAMS 0x0000000082900000, 0x0000000082800000| Complete 
|  41|0x0000000082900000, 0x0000000082a00000, 0x0000000082a00000|100%|HC|  |TAMS 0x0000000082a00000, 0x0000000082900000| Complete 
|  42|0x0000000082a00000, 0x0000000082b00000, 0x0000000082b00000|100%| O|  |TAMS 0x0000000082b00000, 0x0000000082a00000| Untracked 
|  43|0x0000000082b00000, 0x0000000082c00000, 0x0000000082c00000|100%| O|  |TAMS 0x0000000082c00000, 0x0000000082b00000| Untracked 
|  44|0x0000000082c00000, 0x0000000082d00000, 0x0000000082d00000|100%| O|  |TAMS 0x0000000082d00000, 0x0000000082c00000| Untracked 
|  45|0x0000000082d00000, 0x0000000082e00000, 0x0000000082e00000|100%| O|  |TAMS 0x0000000082e00000, 0x0000000082d00000| Untracked 
|  46|0x0000000082e00000, 0x0000000082f00000, 0x0000000082f00000|100%| O|  |TAMS 0x0000000082f00000, 0x0000000082e00000| Untracked 
|  47|0x0000000082f00000, 0x0000000083000000, 0x0000000083000000|100%| O|  |TAMS 0x0000000083000000, 0x0000000082f00000| Untracked 
|  48|0x0000000083000000, 0x0000000083100000, 0x0000000083100000|100%| O|  |TAMS 0x0000000083100000, 0x0000000083000000| Untracked 
|  49|0x0000000083100000, 0x0000000083200000, 0x0000000083200000|100%|HS|  |TAMS 0x0000000083200000, 0x0000000083100000| Complete 
|  50|0x0000000083200000, 0x0000000083300000, 0x0000000083300000|100%|HS|  |TAMS 0x0000000083300000, 0x0000000083200000| Complete 
|  51|0x0000000083300000, 0x0000000083400000, 0x0000000083400000|100%|HC|  |TAMS 0x0000000083400000, 0x0000000083300000| Complete 
|  52|0x0000000083400000, 0x0000000083500000, 0x0000000083500000|100%| O|  |TAMS 0x0000000083500000, 0x0000000083400000| Untracked 
|  53|0x0000000083500000, 0x0000000083600000, 0x0000000083600000|100%| O|  |TAMS 0x0000000083600000, 0x0000000083500000| Untracked 
|  54|0x0000000083600000, 0x0000000083700000, 0x0000000083700000|100%| O|  |TAMS 0x0000000083700000, 0x0000000083600000| Untracked 
|  55|0x0000000083700000, 0x0000000083800000, 0x0000000083800000|100%| O|  |TAMS 0x0000000083800000, 0x0000000083700000| Untracked 
|  56|0x0000000083800000, 0x0000000083900000, 0x0000000083900000|100%| O|  |TAMS 0x0000000083900000, 0x0000000083800000| Untracked 
|  57|0x0000000083900000, 0x0000000083a00000, 0x0000000083a00000|100%| O|  |TAMS 0x0000000083a00000, 0x0000000083900000| Untracked 
|  58|0x0000000083a00000, 0x0000000083b00000, 0x0000000083b00000|100%| O|  |TAMS 0x0000000083b00000, 0x0000000083a00000| Untracked 
|  59|0x0000000083b00000, 0x0000000083c00000, 0x0000000083c00000|100%| O|  |TAMS 0x0000000083c00000, 0x0000000083b00000| Untracked 
|  60|0x0000000083c00000, 0x0000000083d00000, 0x0000000083d00000|100%| O|  |TAMS 0x0000000083d00000, 0x0000000083c00000| Untracked 
|  61|0x0000000083d00000, 0x0000000083e00000, 0x0000000083e00000|100%| O|  |TAMS 0x0000000083e00000, 0x0000000083d00000| Untracked 
|  62|0x0000000083e00000, 0x0000000083f00000, 0x0000000083f00000|100%| O|  |TAMS 0x0000000083f00000, 0x0000000083e00000| Untracked 
|  63|0x0000000083f00000, 0x0000000084000000, 0x0000000084000000|100%| O|  |TAMS 0x0000000084000000, 0x0000000083f00000| Untracked 
|  64|0x0000000084000000, 0x0000000084100000, 0x0000000084100000|100%| O|  |TAMS 0x0000000084100000, 0x0000000084000000| Untracked 
|  65|0x0000000084100000, 0x0000000084200000, 0x0000000084200000|100%| O|  |TAMS 0x0000000084200000, 0x0000000084100000| Untracked 
|  66|0x0000000084200000, 0x0000000084300000, 0x0000000084300000|100%| O|  |TAMS 0x0000000084300000, 0x0000000084200000| Untracked 
|  67|0x0000000084300000, 0x0000000084400000, 0x0000000084400000|100%| O|  |TAMS 0x0000000084400000, 0x0000000084300000| Untracked 
|  68|0x0000000084400000, 0x0000000084500000, 0x0000000084500000|100%| O|  |TAMS 0x0000000084500000, 0x0000000084400000| Untracked 
|  69|0x0000000084500000, 0x0000000084600000, 0x0000000084600000|100%| O|  |TAMS 0x0000000084600000, 0x0000000084500000| Untracked 
|  70|0x0000000084600000, 0x0000000084700000, 0x0000000084700000|100%| O|  |TAMS 0x0000000084700000, 0x0000000084600000| Untracked 
|  71|0x0000000084700000, 0x0000000084800000, 0x0000000084800000|100%| O|  |TAMS 0x0000000084800000, 0x0000000084700000| Untracked 
|  72|0x0000000084800000, 0x0000000084900000, 0x0000000084900000|100%| O|  |TAMS 0x0000000084900000, 0x0000000084800000| Untracked 
|  73|0x0000000084900000, 0x0000000084a00000, 0x0000000084a00000|100%| O|  |TAMS 0x0000000084a00000, 0x0000000084900000| Untracked 
|  74|0x0000000084a00000, 0x0000000084b00000, 0x0000000084b00000|100%| O|  |TAMS 0x0000000084b00000, 0x0000000084a00000| Untracked 
|  75|0x0000000084b00000, 0x0000000084c00000, 0x0000000084c00000|100%| O|  |TAMS 0x0000000084c00000, 0x0000000084b00000| Untracked 
|  76|0x0000000084c00000, 0x0000000084d00000, 0x0000000084d00000|100%| O|  |TAMS 0x0000000084d00000, 0x0000000084c00000| Untracked 
|  77|0x0000000084d00000, 0x0000000084e00000, 0x0000000084e00000|100%| O|  |TAMS 0x0000000084e00000, 0x0000000084d00000| Untracked 
|  78|0x0000000084e00000, 0x0000000084f00000, 0x0000000084f00000|100%| O|  |TAMS 0x0000000084f00000, 0x0000000084e00000| Untracked 
|  79|0x0000000084f00000, 0x0000000085000000, 0x0000000085000000|100%| O|  |TAMS 0x0000000085000000, 0x0000000084f00000| Untracked 
|  80|0x0000000085000000, 0x0000000085100000, 0x0000000085100000|100%| O|  |TAMS 0x0000000085100000, 0x0000000085000000| Untracked 
|  81|0x0000000085100000, 0x0000000085200000, 0x0000000085200000|100%| O|  |TAMS 0x0000000085200000, 0x0000000085100000| Untracked 
|  82|0x0000000085200000, 0x0000000085300000, 0x0000000085300000|100%| O|  |TAMS 0x0000000085300000, 0x0000000085200000| Untracked 
|  83|0x0000000085300000, 0x0000000085400000, 0x0000000085400000|100%| O|  |TAMS 0x0000000085400000, 0x0000000085300000| Untracked 
|  84|0x0000000085400000, 0x0000000085500000, 0x0000000085500000|100%| O|  |TAMS 0x0000000085500000, 0x0000000085400000| Untracked 
|  85|0x0000000085500000, 0x0000000085600000, 0x0000000085600000|100%| O|  |TAMS 0x0000000085600000, 0x0000000085500000| Untracked 
|  86|0x0000000085600000, 0x0000000085700000, 0x0000000085700000|100%| O|  |TAMS 0x0000000085700000, 0x0000000085600000| Untracked 
|  87|0x0000000085700000, 0x0000000085800000, 0x0000000085800000|100%| O|  |TAMS 0x0000000085800000, 0x0000000085700000| Untracked 
|  88|0x0000000085800000, 0x0000000085900000, 0x0000000085900000|100%| O|  |TAMS 0x0000000085900000, 0x0000000085800000| Untracked 
|  89|0x0000000085900000, 0x0000000085a00000, 0x0000000085a00000|100%| O|  |TAMS 0x0000000085a00000, 0x0000000085900000| Untracked 
|  90|0x0000000085a00000, 0x0000000085b00000, 0x0000000085b00000|100%| O|  |TAMS 0x0000000085b00000, 0x0000000085a00000| Untracked 
|  91|0x0000000085b00000, 0x0000000085c00000, 0x0000000085c00000|100%| O|  |TAMS 0x0000000085c00000, 0x0000000085b00000| Untracked 
|  92|0x0000000085c00000, 0x0000000085d00000, 0x0000000085d00000|100%| O|  |TAMS 0x0000000085d00000, 0x0000000085c00000| Untracked 
|  93|0x0000000085d00000, 0x0000000085e00000, 0x0000000085e00000|100%| O|  |TAMS 0x0000000085e00000, 0x0000000085d00000| Untracked 
|  94|0x0000000085e00000, 0x0000000085f00000, 0x0000000085f00000|100%| O|  |TAMS 0x0000000085f00000, 0x0000000085e00000| Untracked 
|  95|0x0000000085f00000, 0x0000000086000000, 0x0000000086000000|100%| O|  |TAMS 0x0000000086000000, 0x0000000085f00000| Untracked 
|  96|0x0000000086000000, 0x0000000086100000, 0x0000000086100000|100%| O|  |TAMS 0x0000000086100000, 0x0000000086000000| Untracked 
|  97|0x0000000086100000, 0x0000000086200000, 0x0000000086200000|100%| O|  |TAMS 0x0000000086200000, 0x0000000086100000| Untracked 
|  98|0x0000000086200000, 0x0000000086300000, 0x0000000086300000|100%| O|  |TAMS 0x0000000086300000, 0x0000000086200000| Untracked 
|  99|0x0000000086300000, 0x0000000086400000, 0x0000000086400000|100%| O|  |TAMS 0x0000000086400000, 0x0000000086300000| Untracked 
| 100|0x0000000086400000, 0x0000000086500000, 0x0000000086500000|100%| O|  |TAMS 0x0000000086500000, 0x0000000086400000| Untracked 
| 101|0x0000000086500000, 0x0000000086600000, 0x0000000086600000|100%| O|  |TAMS 0x0000000086600000, 0x0000000086500000| Untracked 
| 102|0x0000000086600000, 0x0000000086700000, 0x0000000086700000|100%| O|  |TAMS 0x0000000086700000, 0x0000000086600000| Untracked 
| 103|0x0000000086700000, 0x0000000086800000, 0x0000000086800000|100%| O|  |TAMS 0x0000000086800000, 0x0000000086700000| Untracked 
| 104|0x0000000086800000, 0x0000000086900000, 0x0000000086900000|100%| O|  |TAMS 0x0000000086900000, 0x0000000086800000| Untracked 
| 105|0x0000000086900000, 0x0000000086a00000, 0x0000000086a00000|100%| O|  |TAMS 0x0000000086a00000, 0x0000000086900000| Untracked 
| 106|0x0000000086a00000, 0x0000000086b00000, 0x0000000086b00000|100%| O|  |TAMS 0x0000000086b00000, 0x0000000086a00000| Untracked 
| 107|0x0000000086b00000, 0x0000000086c00000, 0x0000000086c00000|100%| O|  |TAMS 0x0000000086c00000, 0x0000000086b00000| Untracked 
| 108|0x0000000086c00000, 0x0000000086d00000, 0x0000000086d00000|100%| O|  |TAMS 0x0000000086d00000, 0x0000000086c00000| Untracked 
| 109|0x0000000086d00000, 0x0000000086e00000, 0x0000000086e00000|100%| O|  |TAMS 0x0000000086e00000, 0x0000000086d00000| Untracked 
| 110|0x0000000086e00000, 0x0000000086f00000, 0x0000000086f00000|100%| O|  |TAMS 0x0000000086f00000, 0x0000000086e00000| Untracked 
| 111|0x0000000086f00000, 0x0000000087000000, 0x0000000087000000|100%| O|  |TAMS 0x0000000087000000, 0x0000000086f00000| Untracked 
| 112|0x0000000087000000, 0x0000000087100000, 0x0000000087100000|100%| O|  |TAMS 0x0000000087100000, 0x0000000087000000| Untracked 
| 113|0x0000000087100000, 0x0000000087200000, 0x0000000087200000|100%| O|  |TAMS 0x0000000087200000, 0x0000000087100000| Untracked 
| 114|0x0000000087200000, 0x0000000087300000, 0x0000000087300000|100%| O|  |TAMS 0x0000000087300000, 0x0000000087200000| Untracked 
| 115|0x0000000087300000, 0x0000000087400000, 0x0000000087400000|100%| O|  |TAMS 0x0000000087400000, 0x0000000087300000| Untracked 
| 116|0x0000000087400000, 0x0000000087500000, 0x0000000087500000|100%| O|  |TAMS 0x0000000087500000, 0x0000000087400000| Untracked 
| 117|0x0000000087500000, 0x0000000087600000, 0x0000000087600000|100%| O|  |TAMS 0x0000000087600000, 0x0000000087500000| Untracked 
| 118|0x0000000087600000, 0x0000000087700000, 0x0000000087700000|100%| O|  |TAMS 0x0000000087700000, 0x0000000087600000| Untracked 
| 119|0x0000000087700000, 0x0000000087800000, 0x0000000087800000|100%| O|  |TAMS 0x0000000087800000, 0x0000000087700000| Untracked 
| 120|0x0000000087800000, 0x0000000087900000, 0x0000000087900000|100%| O|  |TAMS 0x0000000087900000, 0x0000000087800000| Untracked 
| 121|0x0000000087900000, 0x0000000087a00000, 0x0000000087a00000|100%| O|  |TAMS 0x0000000087a00000, 0x0000000087900000| Untracked 
| 122|0x0000000087a00000, 0x0000000087b00000, 0x0000000087b00000|100%| O|  |TAMS 0x0000000087b00000, 0x0000000087a00000| Untracked 
| 123|0x0000000087b00000, 0x0000000087c00000, 0x0000000087c00000|100%| O|  |TAMS 0x0000000087c00000, 0x0000000087b00000| Untracked 
| 124|0x0000000087c00000, 0x0000000087d00000, 0x0000000087d00000|100%| O|  |TAMS 0x0000000087d00000, 0x0000000087c00000| Untracked 
| 125|0x0000000087d00000, 0x0000000087e00000, 0x0000000087e00000|100%| O|  |TAMS 0x0000000087e00000, 0x0000000087d00000| Untracked 
| 126|0x0000000087e00000, 0x0000000087f00000, 0x0000000087f00000|100%| O|  |TAMS 0x0000000087f00000, 0x0000000087e00000| Untracked 
| 127|0x0000000087f00000, 0x0000000088000000, 0x0000000088000000|100%| O|  |TAMS 0x0000000088000000, 0x0000000087f00000| Untracked 
| 128|0x0000000088000000, 0x0000000088100000, 0x0000000088100000|100%| O|  |TAMS 0x0000000088100000, 0x0000000088000000| Untracked 
| 129|0x0000000088100000, 0x0000000088200000, 0x0000000088200000|100%| O|  |TAMS 0x0000000088200000, 0x0000000088100000| Untracked 
| 130|0x0000000088200000, 0x0000000088300000, 0x0000000088300000|100%| O|  |TAMS 0x0000000088300000, 0x0000000088200000| Untracked 
| 131|0x0000000088300000, 0x0000000088400000, 0x0000000088400000|100%| O|  |TAMS 0x0000000088400000, 0x0000000088300000| Untracked 
| 132|0x0000000088400000, 0x0000000088500000, 0x0000000088500000|100%| O|  |TAMS 0x000000008849be00, 0x0000000088400000| Untracked 
| 133|0x0000000088500000, 0x0000000088600000, 0x0000000088600000|100%| O|  |TAMS 0x0000000088500000, 0x0000000088500000| Untracked 
| 134|0x0000000088600000, 0x0000000088700000, 0x0000000088700000|100%| O|  |TAMS 0x0000000088600000, 0x0000000088600000| Untracked 
| 135|0x0000000088700000, 0x0000000088800000, 0x0000000088800000|100%| O|  |TAMS 0x0000000088700000, 0x0000000088700000| Untracked 
| 136|0x0000000088800000, 0x0000000088900000, 0x0000000088900000|100%| O|  |TAMS 0x0000000088800000, 0x0000000088800000| Untracked 
| 137|0x0000000088900000, 0x0000000088a00000, 0x0000000088a00000|100%| O|  |TAMS 0x0000000088900000, 0x0000000088900000| Untracked 
| 138|0x0000000088a00000, 0x0000000088b00000, 0x0000000088b00000|100%| O|  |TAMS 0x0000000088a00000, 0x0000000088a00000| Untracked 
| 139|0x0000000088b00000, 0x0000000088c00000, 0x0000000088c00000|100%| O|  |TAMS 0x0000000088b00000, 0x0000000088b00000| Untracked 
| 140|0x0000000088c00000, 0x0000000088d00000, 0x0000000088d00000|100%| O|  |TAMS 0x0000000088c00000, 0x0000000088c00000| Untracked 
| 141|0x0000000088d00000, 0x0000000088e00000, 0x0000000088e00000|100%| O|  |TAMS 0x0000000088d00000, 0x0000000088d00000| Untracked 
| 142|0x0000000088e00000, 0x0000000088f00000, 0x0000000088f00000|100%| O|  |TAMS 0x0000000088e00000, 0x0000000088e00000| Untracked 
| 143|0x0000000088f00000, 0x0000000089000000, 0x0000000089000000|100%| O|  |TAMS 0x0000000088f00000, 0x0000000088f00000| Untracked 
| 144|0x0000000089000000, 0x0000000089100000, 0x0000000089100000|100%| O|  |TAMS 0x0000000089000000, 0x0000000089000000| Untracked 
| 145|0x0000000089100000, 0x0000000089200000, 0x0000000089200000|100%|HS|  |TAMS 0x0000000089100000, 0x0000000089100000| Complete 
| 146|0x0000000089200000, 0x0000000089300000, 0x0000000089300000|100%| O|  |TAMS 0x0000000089200000, 0x0000000089200000| Untracked 
| 147|0x0000000089300000, 0x0000000089400000, 0x0000000089400000|100%| O|  |TAMS 0x0000000089300000, 0x0000000089300000| Untracked 
| 148|0x0000000089400000, 0x0000000089500000, 0x0000000089500000|100%| O|  |TAMS 0x0000000089400000, 0x0000000089400000| Untracked 
| 149|0x0000000089500000, 0x0000000089600000, 0x0000000089600000|100%| O|  |TAMS 0x0000000089500000, 0x0000000089500000| Untracked 
| 150|0x0000000089600000, 0x0000000089700000, 0x0000000089700000|100%| O|  |TAMS 0x0000000089600000, 0x0000000089600000| Untracked 
| 151|0x0000000089700000, 0x0000000089800000, 0x0000000089800000|100%| O|  |TAMS 0x0000000089700000, 0x0000000089700000| Untracked 
| 152|0x0000000089800000, 0x0000000089900000, 0x0000000089900000|100%| O|  |TAMS 0x0000000089800000, 0x0000000089800000| Untracked 
| 153|0x0000000089900000, 0x0000000089a00000, 0x0000000089a00000|100%| O|  |TAMS 0x0000000089900000, 0x0000000089900000| Untracked 
| 154|0x0000000089a00000, 0x0000000089b00000, 0x0000000089b00000|100%| O|  |TAMS 0x0000000089a00000, 0x0000000089a00000| Untracked 
| 155|0x0000000089b00000, 0x0000000089c00000, 0x0000000089c00000|100%| O|  |TAMS 0x0000000089b00000, 0x0000000089b00000| Untracked 
| 156|0x0000000089c00000, 0x0000000089d00000, 0x0000000089d00000|100%| O|  |TAMS 0x0000000089c00000, 0x0000000089c00000| Untracked 
| 157|0x0000000089d00000, 0x0000000089e00000, 0x0000000089e00000|100%| O|  |TAMS 0x0000000089d00000, 0x0000000089d00000| Untracked 
| 158|0x0000000089e00000, 0x0000000089f00000, 0x0000000089f00000|100%| O|  |TAMS 0x0000000089e00000, 0x0000000089e00000| Untracked 
| 159|0x0000000089f00000, 0x000000008a000000, 0x000000008a000000|100%| O|  |TAMS 0x0000000089f00000, 0x0000000089f00000| Untracked 
| 160|0x000000008a000000, 0x000000008a044e00, 0x000000008a100000| 26%| O|  |TAMS 0x000000008a000000, 0x000000008a000000| Untracked 
| 161|0x000000008a100000, 0x000000008a100000, 0x000000008a200000|  0%| F|  |TAMS 0x000000008a100000, 0x000000008a100000| Untracked 
| 162|0x000000008a200000, 0x000000008a200000, 0x000000008a300000|  0%| F|  |TAMS 0x000000008a200000, 0x000000008a200000| Untracked 
| 163|0x000000008a300000, 0x000000008a300000, 0x000000008a400000|  0%| F|  |TAMS 0x000000008a300000, 0x000000008a300000| Untracked 
| 164|0x000000008a400000, 0x000000008a400000, 0x000000008a500000|  0%| F|  |TAMS 0x000000008a400000, 0x000000008a400000| Untracked 
| 165|0x000000008a500000, 0x000000008a600000, 0x000000008a600000|100%| O|  |TAMS 0x000000008a500000, 0x000000008a500000| Untracked 
| 166|0x000000008a600000, 0x000000008a700000, 0x000000008a700000|100%| O|  |TAMS 0x000000008a600000, 0x000000008a600000| Untracked 
| 167|0x000000008a700000, 0x000000008a800000, 0x000000008a800000|100%| O|  |TAMS 0x000000008a700000, 0x000000008a700000| Untracked 
| 168|0x000000008a800000, 0x000000008a800000, 0x000000008a900000|  0%| F|  |TAMS 0x000000008a800000, 0x000000008a800000| Untracked 
| 169|0x000000008a900000, 0x000000008a900000, 0x000000008aa00000|  0%| F|  |TAMS 0x000000008a900000, 0x000000008a900000| Untracked 
| 170|0x000000008aa00000, 0x000000008aa00000, 0x000000008ab00000|  0%| F|  |TAMS 0x000000008aa00000, 0x000000008aa00000| Untracked 
| 171|0x000000008ab00000, 0x000000008ab00000, 0x000000008ac00000|  0%| F|  |TAMS 0x000000008ab00000, 0x000000008ab00000| Untracked 
| 172|0x000000008ac00000, 0x000000008ac00000, 0x000000008ad00000|  0%| F|  |TAMS 0x000000008ac00000, 0x000000008ac00000| Untracked 
| 173|0x000000008ad00000, 0x000000008ad00000, 0x000000008ae00000|  0%| F|  |TAMS 0x000000008ad00000, 0x000000008ad00000| Untracked 
| 174|0x000000008ae00000, 0x000000008ae00000, 0x000000008af00000|  0%| F|  |TAMS 0x000000008ae00000, 0x000000008ae00000| Untracked 
| 175|0x000000008af00000, 0x000000008af00000, 0x000000008b000000|  0%| F|  |TAMS 0x000000008af00000, 0x000000008af00000| Untracked 
| 176|0x000000008b000000, 0x000000008b000000, 0x000000008b100000|  0%| F|  |TAMS 0x000000008b000000, 0x000000008b000000| Untracked 
| 177|0x000000008b100000, 0x000000008b100000, 0x000000008b200000|  0%| F|  |TAMS 0x000000008b100000, 0x000000008b100000| Untracked 
| 178|0x000000008b200000, 0x000000008b200000, 0x000000008b300000|  0%| F|  |TAMS 0x000000008b200000, 0x000000008b200000| Untracked 
| 179|0x000000008b300000, 0x000000008b300000, 0x000000008b400000|  0%| F|  |TAMS 0x000000008b300000, 0x000000008b300000| Untracked 
| 180|0x000000008b400000, 0x000000008b400000, 0x000000008b500000|  0%| F|  |TAMS 0x000000008b400000, 0x000000008b400000| Untracked 
| 181|0x000000008b500000, 0x000000008b500000, 0x000000008b600000|  0%| F|  |TAMS 0x000000008b500000, 0x000000008b500000| Untracked 
| 182|0x000000008b600000, 0x000000008b600000, 0x000000008b700000|  0%| F|  |TAMS 0x000000008b600000, 0x000000008b600000| Untracked 
| 183|0x000000008b700000, 0x000000008b700000, 0x000000008b800000|  0%| F|  |TAMS 0x000000008b700000, 0x000000008b700000| Untracked 
| 184|0x000000008b800000, 0x000000008b800000, 0x000000008b900000|  0%| F|  |TAMS 0x000000008b800000, 0x000000008b800000| Untracked 
| 185|0x000000008b900000, 0x000000008b900000, 0x000000008ba00000|  0%| F|  |TAMS 0x000000008b900000, 0x000000008b900000| Untracked 
| 186|0x000000008ba00000, 0x000000008ba00000, 0x000000008bb00000|  0%| F|  |TAMS 0x000000008ba00000, 0x000000008ba00000| Untracked 
| 187|0x000000008bb00000, 0x000000008bb00000, 0x000000008bc00000|  0%| F|  |TAMS 0x000000008bb00000, 0x000000008bb00000| Untracked 
| 188|0x000000008bc00000, 0x000000008bc00000, 0x000000008bd00000|  0%| F|  |TAMS 0x000000008bc00000, 0x000000008bc00000| Untracked 
| 189|0x000000008bd00000, 0x000000008bd00000, 0x000000008be00000|  0%| F|  |TAMS 0x000000008bd00000, 0x000000008bd00000| Untracked 
| 190|0x000000008be00000, 0x000000008be00000, 0x000000008bf00000|  0%| F|  |TAMS 0x000000008be00000, 0x000000008be00000| Untracked 
| 191|0x000000008bf00000, 0x000000008bf00000, 0x000000008c000000|  0%| F|  |TAMS 0x000000008bf00000, 0x000000008bf00000| Untracked 
| 192|0x000000008c000000, 0x000000008c000000, 0x000000008c100000|  0%| F|  |TAMS 0x000000008c000000, 0x000000008c000000| Untracked 
| 193|0x000000008c100000, 0x000000008c100000, 0x000000008c200000|  0%| F|  |TAMS 0x000000008c100000, 0x000000008c100000| Untracked 
| 194|0x000000008c200000, 0x000000008c200000, 0x000000008c300000|  0%| F|  |TAMS 0x000000008c200000, 0x000000008c200000| Untracked 
| 195|0x000000008c300000, 0x000000008c300000, 0x000000008c400000|  0%| F|  |TAMS 0x000000008c300000, 0x000000008c300000| Untracked 
| 196|0x000000008c400000, 0x000000008c400000, 0x000000008c500000|  0%| F|  |TAMS 0x000000008c400000, 0x000000008c400000| Untracked 
| 197|0x000000008c500000, 0x000000008c500000, 0x000000008c600000|  0%| F|  |TAMS 0x000000008c500000, 0x000000008c500000| Untracked 
| 198|0x000000008c600000, 0x000000008c600000, 0x000000008c700000|  0%| F|  |TAMS 0x000000008c600000, 0x000000008c600000| Untracked 
| 199|0x000000008c700000, 0x000000008c700000, 0x000000008c800000|  0%| F|  |TAMS 0x000000008c700000, 0x000000008c700000| Untracked 
| 200|0x000000008c800000, 0x000000008c800000, 0x000000008c900000|  0%| F|  |TAMS 0x000000008c800000, 0x000000008c800000| Untracked 
| 201|0x000000008c900000, 0x000000008c900000, 0x000000008ca00000|  0%| F|  |TAMS 0x000000008c900000, 0x000000008c900000| Untracked 
| 202|0x000000008ca00000, 0x000000008ca00000, 0x000000008cb00000|  0%| F|  |TAMS 0x000000008ca00000, 0x000000008ca00000| Untracked 
| 203|0x000000008cb00000, 0x000000008cb00000, 0x000000008cc00000|  0%| F|  |TAMS 0x000000008cb00000, 0x000000008cb00000| Untracked 
| 204|0x000000008cc00000, 0x000000008cc00000, 0x000000008cd00000|  0%| F|  |TAMS 0x000000008cc00000, 0x000000008cc00000| Untracked 
| 205|0x000000008cd00000, 0x000000008cd00000, 0x000000008ce00000|  0%| F|  |TAMS 0x000000008cd00000, 0x000000008cd00000| Untracked 
| 206|0x000000008ce00000, 0x000000008ce00000, 0x000000008cf00000|  0%| F|  |TAMS 0x000000008ce00000, 0x000000008ce00000| Untracked 
| 207|0x000000008cf00000, 0x000000008cf00000, 0x000000008d000000|  0%| F|  |TAMS 0x000000008cf00000, 0x000000008cf00000| Untracked 
| 208|0x000000008d000000, 0x000000008d000000, 0x000000008d100000|  0%| F|  |TAMS 0x000000008d000000, 0x000000008d000000| Untracked 
| 209|0x000000008d100000, 0x000000008d100000, 0x000000008d200000|  0%| F|  |TAMS 0x000000008d100000, 0x000000008d100000| Untracked 
| 210|0x000000008d200000, 0x000000008d200000, 0x000000008d300000|  0%| F|  |TAMS 0x000000008d200000, 0x000000008d200000| Untracked 
| 211|0x000000008d300000, 0x000000008d300000, 0x000000008d400000|  0%| F|  |TAMS 0x000000008d300000, 0x000000008d300000| Untracked 
| 212|0x000000008d400000, 0x000000008d400000, 0x000000008d500000|  0%| F|  |TAMS 0x000000008d400000, 0x000000008d400000| Untracked 
| 213|0x000000008d500000, 0x000000008d500000, 0x000000008d600000|  0%| F|  |TAMS 0x000000008d500000, 0x000000008d500000| Untracked 
| 214|0x000000008d600000, 0x000000008d600000, 0x000000008d700000|  0%| F|  |TAMS 0x000000008d600000, 0x000000008d600000| Untracked 
| 215|0x000000008d700000, 0x000000008d700000, 0x000000008d800000|  0%| F|  |TAMS 0x000000008d700000, 0x000000008d700000| Untracked 
| 216|0x000000008d800000, 0x000000008d800000, 0x000000008d900000|  0%| F|  |TAMS 0x000000008d800000, 0x000000008d800000| Untracked 
| 217|0x000000008d900000, 0x000000008d900000, 0x000000008da00000|  0%| F|  |TAMS 0x000000008d900000, 0x000000008d900000| Untracked 
| 218|0x000000008da00000, 0x000000008da00000, 0x000000008db00000|  0%| F|  |TAMS 0x000000008da00000, 0x000000008da00000| Untracked 
| 219|0x000000008db00000, 0x000000008db00000, 0x000000008dc00000|  0%| F|  |TAMS 0x000000008db00000, 0x000000008db00000| Untracked 
| 220|0x000000008dc00000, 0x000000008dc00000, 0x000000008dd00000|  0%| F|  |TAMS 0x000000008dc00000, 0x000000008dc00000| Untracked 
| 221|0x000000008dd00000, 0x000000008dd00000, 0x000000008de00000|  0%| F|  |TAMS 0x000000008dd00000, 0x000000008dd00000| Untracked 
| 222|0x000000008de00000, 0x000000008de00000, 0x000000008df00000|  0%| F|  |TAMS 0x000000008de00000, 0x000000008de00000| Untracked 
| 223|0x000000008df00000, 0x000000008df00000, 0x000000008e000000|  0%| F|  |TAMS 0x000000008df00000, 0x000000008df00000| Untracked 
| 224|0x000000008e000000, 0x000000008e000000, 0x000000008e100000|  0%| F|  |TAMS 0x000000008e000000, 0x000000008e000000| Untracked 
| 225|0x000000008e100000, 0x000000008e100000, 0x000000008e200000|  0%| F|  |TAMS 0x000000008e100000, 0x000000008e100000| Untracked 
| 226|0x000000008e200000, 0x000000008e200000, 0x000000008e300000|  0%| F|  |TAMS 0x000000008e200000, 0x000000008e200000| Untracked 
| 227|0x000000008e300000, 0x000000008e300000, 0x000000008e400000|  0%| F|  |TAMS 0x000000008e300000, 0x000000008e300000| Untracked 
| 228|0x000000008e400000, 0x000000008e400000, 0x000000008e500000|  0%| F|  |TAMS 0x000000008e400000, 0x000000008e400000| Untracked 
| 229|0x000000008e500000, 0x000000008e500000, 0x000000008e600000|  0%| F|  |TAMS 0x000000008e500000, 0x000000008e500000| Untracked 
| 230|0x000000008e600000, 0x000000008e600000, 0x000000008e700000|  0%| F|  |TAMS 0x000000008e600000, 0x000000008e600000| Untracked 
| 231|0x000000008e700000, 0x000000008e700000, 0x000000008e800000|  0%| F|  |TAMS 0x000000008e700000, 0x000000008e700000| Untracked 
| 232|0x000000008e800000, 0x000000008e800000, 0x000000008e900000|  0%| F|  |TAMS 0x000000008e800000, 0x000000008e800000| Untracked 
| 233|0x000000008e900000, 0x000000008e900000, 0x000000008ea00000|  0%| F|  |TAMS 0x000000008e900000, 0x000000008e900000| Untracked 
| 234|0x000000008ea00000, 0x000000008ea00000, 0x000000008eb00000|  0%| F|  |TAMS 0x000000008ea00000, 0x000000008ea00000| Untracked 
| 235|0x000000008eb00000, 0x000000008eb00000, 0x000000008ec00000|  0%| F|  |TAMS 0x000000008eb00000, 0x000000008eb00000| Untracked 
| 236|0x000000008ec00000, 0x000000008ec00000, 0x000000008ed00000|  0%| F|  |TAMS 0x000000008ec00000, 0x000000008ec00000| Untracked 
| 237|0x000000008ed00000, 0x000000008ed00000, 0x000000008ee00000|  0%| F|  |TAMS 0x000000008ed00000, 0x000000008ed00000| Untracked 
| 238|0x000000008ee00000, 0x000000008ee00000, 0x000000008ef00000|  0%| F|  |TAMS 0x000000008ee00000, 0x000000008ee00000| Untracked 
| 239|0x000000008ef00000, 0x000000008ef00000, 0x000000008f000000|  0%| F|  |TAMS 0x000000008ef00000, 0x000000008ef00000| Untracked 
| 240|0x000000008f000000, 0x000000008f000000, 0x000000008f100000|  0%| F|  |TAMS 0x000000008f000000, 0x000000008f000000| Untracked 
| 241|0x000000008f100000, 0x000000008f100000, 0x000000008f200000|  0%| F|  |TAMS 0x000000008f100000, 0x000000008f100000| Untracked 
| 242|0x000000008f200000, 0x000000008f200000, 0x000000008f300000|  0%| F|  |TAMS 0x000000008f200000, 0x000000008f200000| Untracked 
| 243|0x000000008f300000, 0x000000008f300000, 0x000000008f400000|  0%| F|  |TAMS 0x000000008f300000, 0x000000008f300000| Untracked 
| 244|0x000000008f400000, 0x000000008f400000, 0x000000008f500000|  0%| F|  |TAMS 0x000000008f400000, 0x000000008f400000| Untracked 
| 245|0x000000008f500000, 0x000000008f500000, 0x000000008f600000|  0%| F|  |TAMS 0x000000008f500000, 0x000000008f500000| Untracked 
| 246|0x000000008f600000, 0x000000008f600000, 0x000000008f700000|  0%| F|  |TAMS 0x000000008f600000, 0x000000008f600000| Untracked 
| 247|0x000000008f700000, 0x000000008f700000, 0x000000008f800000|  0%| F|  |TAMS 0x000000008f700000, 0x000000008f700000| Untracked 
| 248|0x000000008f800000, 0x000000008f800000, 0x000000008f900000|  0%| F|  |TAMS 0x000000008f800000, 0x000000008f800000| Untracked 
| 249|0x000000008f900000, 0x000000008f900000, 0x000000008fa00000|  0%| F|  |TAMS 0x000000008f900000, 0x000000008f900000| Untracked 
| 250|0x000000008fa00000, 0x000000008fa00000, 0x000000008fb00000|  0%| F|  |TAMS 0x000000008fa00000, 0x000000008fa00000| Untracked 
| 251|0x000000008fb00000, 0x000000008fb00000, 0x000000008fc00000|  0%| F|  |TAMS 0x000000008fb00000, 0x000000008fb00000| Untracked 
| 252|0x000000008fc00000, 0x000000008fc00000, 0x000000008fd00000|  0%| F|  |TAMS 0x000000008fc00000, 0x000000008fc00000| Untracked 
| 253|0x000000008fd00000, 0x000000008fd00000, 0x000000008fe00000|  0%| F|  |TAMS 0x000000008fd00000, 0x000000008fd00000| Untracked 
| 254|0x000000008fe00000, 0x000000008fe00000, 0x000000008ff00000|  0%| F|  |TAMS 0x000000008fe00000, 0x000000008fe00000| Untracked 
| 255|0x000000008ff00000, 0x000000008ff00000, 0x0000000090000000|  0%| F|  |TAMS 0x000000008ff00000, 0x000000008ff00000| Untracked 
| 256|0x0000000090000000, 0x0000000090000000, 0x0000000090100000|  0%| F|  |TAMS 0x0000000090000000, 0x0000000090000000| Untracked 
| 257|0x0000000090100000, 0x0000000090100000, 0x0000000090200000|  0%| F|  |TAMS 0x0000000090100000, 0x0000000090100000| Untracked 
| 258|0x0000000090200000, 0x0000000090200000, 0x0000000090300000|  0%| F|  |TAMS 0x0000000090200000, 0x0000000090200000| Untracked 
| 259|0x0000000090300000, 0x0000000090300000, 0x0000000090400000|  0%| F|  |TAMS 0x0000000090300000, 0x0000000090300000| Untracked 
| 260|0x0000000090400000, 0x0000000090400000, 0x0000000090500000|  0%| F|  |TAMS 0x0000000090400000, 0x0000000090400000| Untracked 
| 261|0x0000000090500000, 0x0000000090500000, 0x0000000090600000|  0%| F|  |TAMS 0x0000000090500000, 0x0000000090500000| Untracked 
| 262|0x0000000090600000, 0x0000000090600000, 0x0000000090700000|  0%| F|  |TAMS 0x0000000090600000, 0x0000000090600000| Untracked 
| 263|0x0000000090700000, 0x0000000090700000, 0x0000000090800000|  0%| F|  |TAMS 0x0000000090700000, 0x0000000090700000| Untracked 
| 264|0x0000000090800000, 0x0000000090800000, 0x0000000090900000|  0%| F|  |TAMS 0x0000000090800000, 0x0000000090800000| Untracked 
| 265|0x0000000090900000, 0x0000000090900000, 0x0000000090a00000|  0%| F|  |TAMS 0x0000000090900000, 0x0000000090900000| Untracked 
| 266|0x0000000090a00000, 0x0000000090a00000, 0x0000000090b00000|  0%| F|  |TAMS 0x0000000090a00000, 0x0000000090a00000| Untracked 
| 267|0x0000000090b00000, 0x0000000090b00000, 0x0000000090c00000|  0%| F|  |TAMS 0x0000000090b00000, 0x0000000090b00000| Untracked 
| 268|0x0000000090c00000, 0x0000000090c00000, 0x0000000090d00000|  0%| F|  |TAMS 0x0000000090c00000, 0x0000000090c00000| Untracked 
| 269|0x0000000090d00000, 0x0000000090d00000, 0x0000000090e00000|  0%| F|  |TAMS 0x0000000090d00000, 0x0000000090d00000| Untracked 
| 270|0x0000000090e00000, 0x0000000090e00000, 0x0000000090f00000|  0%| F|  |TAMS 0x0000000090e00000, 0x0000000090e00000| Untracked 
| 271|0x0000000090f00000, 0x0000000090f00000, 0x0000000091000000|  0%| F|  |TAMS 0x0000000090f00000, 0x0000000090f00000| Untracked 
| 272|0x0000000091000000, 0x0000000091000000, 0x0000000091100000|  0%| F|  |TAMS 0x0000000091000000, 0x0000000091000000| Untracked 
| 273|0x0000000091100000, 0x0000000091100000, 0x0000000091200000|  0%| F|  |TAMS 0x0000000091100000, 0x0000000091100000| Untracked 
| 274|0x0000000091200000, 0x0000000091200000, 0x0000000091300000|  0%| F|  |TAMS 0x0000000091200000, 0x0000000091200000| Untracked 
| 275|0x0000000091300000, 0x0000000091300000, 0x0000000091400000|  0%| F|  |TAMS 0x0000000091300000, 0x0000000091300000| Untracked 
| 276|0x0000000091400000, 0x0000000091400000, 0x0000000091500000|  0%| F|  |TAMS 0x0000000091400000, 0x0000000091400000| Untracked 
| 277|0x0000000091500000, 0x0000000091500000, 0x0000000091600000|  0%| F|  |TAMS 0x0000000091500000, 0x0000000091500000| Untracked 
| 278|0x0000000091600000, 0x0000000091600000, 0x0000000091700000|  0%| F|  |TAMS 0x0000000091600000, 0x0000000091600000| Untracked 
| 279|0x0000000091700000, 0x0000000091700000, 0x0000000091800000|  0%| F|  |TAMS 0x0000000091700000, 0x0000000091700000| Untracked 
| 280|0x0000000091800000, 0x0000000091800000, 0x0000000091900000|  0%| F|  |TAMS 0x0000000091800000, 0x0000000091800000| Untracked 
| 281|0x0000000091900000, 0x0000000091980000, 0x0000000091a00000| 50%| S|CS|TAMS 0x0000000091900000, 0x0000000091900000| Complete 
| 282|0x0000000091a00000, 0x0000000091b00000, 0x0000000091b00000|100%| S|CS|TAMS 0x0000000091a00000, 0x0000000091a00000| Complete 
| 283|0x0000000091b00000, 0x0000000091b00000, 0x0000000091c00000|  0%| F|  |TAMS 0x0000000091b00000, 0x0000000091b00000| Untracked 
| 284|0x0000000091c00000, 0x0000000091c00000, 0x0000000091d00000|  0%| F|  |TAMS 0x0000000091c00000, 0x0000000091c00000| Untracked 
| 285|0x0000000091d00000, 0x0000000091d00000, 0x0000000091e00000|  0%| F|  |TAMS 0x0000000091d00000, 0x0000000091d00000| Untracked 
| 286|0x0000000091e00000, 0x0000000091e00000, 0x0000000091f00000|  0%| F|  |TAMS 0x0000000091e00000, 0x0000000091e00000| Untracked 
| 287|0x0000000091f00000, 0x0000000091f00000, 0x0000000092000000|  0%| F|  |TAMS 0x0000000091f00000, 0x0000000091f00000| Untracked 
| 288|0x0000000092000000, 0x0000000092000000, 0x0000000092100000|  0%| F|  |TAMS 0x0000000092000000, 0x0000000092000000| Untracked 
| 289|0x0000000092100000, 0x0000000092100000, 0x0000000092200000|  0%| F|  |TAMS 0x0000000092100000, 0x0000000092100000| Untracked 
| 290|0x0000000092200000, 0x0000000092200000, 0x0000000092300000|  0%| F|  |TAMS 0x0000000092200000, 0x0000000092200000| Untracked 
| 291|0x0000000092300000, 0x0000000092300000, 0x0000000092400000|  0%| F|  |TAMS 0x0000000092300000, 0x0000000092300000| Untracked 
| 292|0x0000000092400000, 0x0000000092400000, 0x0000000092500000|  0%| F|  |TAMS 0x0000000092400000, 0x0000000092400000| Untracked 
| 293|0x0000000092500000, 0x0000000092500000, 0x0000000092600000|  0%| F|  |TAMS 0x0000000092500000, 0x0000000092500000| Untracked 

Card table byte_map: [0x000001d92a500000,0x000001d92a900000] _byte_map_base: 0x000001d92a100000

Marking Bits (Prev, Next): (CMBitMap*) 0x000001d917bc8858, (CMBitMap*) 0x000001d917bc8890
 Prev Bits: [0x000001d92ad00000, 0x000001d92cd00000)
 Next Bits: [0x000001d92cd00000, 0x000001d92ed00000)

Polling page: 0x000001d9158a0000

Metaspace:

Usage:
  Non-class:     92.38 MB capacity,    90.48 MB ( 98%) used,     1.62 MB (  2%) free+waste,   284.38 KB ( <1%) overhead. 
      Class:     13.84 MB capacity,    12.91 MB ( 93%) used,   823.01 KB (  6%) free+waste,   129.69 KB ( <1%) overhead. 
       Both:    106.22 MB capacity,   103.39 MB ( 97%) used,     2.42 MB (  2%) free+waste,   414.06 KB ( <1%) overhead. 

Virtual space:
  Non-class space:       94.00 MB reserved,      92.62 MB ( 99%) committed 
      Class space:        1.00 GB reserved,      13.88 MB (  1%) committed 
             Both:        1.09 GB reserved,     106.50 MB ( 10%) committed 

Chunk freelists:
   Non-Class:  54.00 KB
       Class:  3.00 KB
        Both:  57.00 KB

MaxMetaspaceSize: 17179869184.00 GB
CompressedClassSpaceSize: 1.00 GB

CodeHeap 'non-profiled nmethods': size=120064Kb used=7026Kb max_used=7773Kb free=113037Kb
 bounds [0x000001d922fc0000, 0x000001d923780000, 0x000001d92a500000]
CodeHeap 'profiled nmethods': size=120000Kb used=26010Kb max_used=28985Kb free=93989Kb
 bounds [0x000001d91ba90000, 0x000001d91d6f0000, 0x000001d922fc0000]
CodeHeap 'non-nmethods': size=5696Kb used=2360Kb max_used=2416Kb free=3335Kb
 bounds [0x000001d91b500000, 0x000001d91b770000, 0x000001d91ba90000]
 total_blobs=12836 nmethods=11822 adapters=926
 compilation: enabled
              stopped_count=0, restarted_count=0
 full_count=0

Compilation events (20 events):
Event: 225.684 Thread 0x000001d9310d7000 13742       2       sun.java2d.SunGraphics2D::setDevClip (21 bytes)
Event: 225.684 Thread 0x000001d9310d7000 nmethod 13742 0x000001d91be20290 code [0x000001d91be20440, 0x000001d91be20568]
Event: 225.684 Thread 0x000001d9310d7000 13743       2       sun.java2d.pipe.Region::getInstanceXYWH (16 bytes)
Event: 225.685 Thread 0x000001d9310d7000 nmethod 13743 0x000001d91be2da10 code [0x000001d91be2dbc0, 0x000001d91be2dd58]
Event: 225.685 Thread 0x000001d9310d7000 13744   !   2       sun.java2d.SunGraphics2D::fillRect (74 bytes)
Event: 225.686 Thread 0x000001d9310d7000 nmethod 13744 0x000001d91be3fb90 code [0x000001d91be3fd80, 0x000001d91be40088]
Event: 225.686 Thread 0x000001d9310d7000 13745       2       sun.java2d.pipe.ValidatePipe::fillRect (25 bytes)
Event: 225.686 Thread 0x000001d9310d7000 nmethod 13745 0x000001d91be2d310 code [0x000001d91be2d4e0, 0x000001d91be2d748]
Event: 225.687 Thread 0x000001d9310d7000 13746       2       sun.awt.image.BufImgSurfaceData::getRenderLoops (26 bytes)
Event: 225.687 Thread 0x000001d9310d7000 nmethod 13746 0x000001d91be3e490 code [0x000001d91be3e640, 0x000001d91be3e788]
Event: 225.687 Thread 0x000001d9310d7000 13747       2       java.awt.geom.AffineTransform::<init> (69 bytes)
Event: 225.688 Thread 0x000001d9310d7000 nmethod 13747 0x000001d91be3f790 code [0x000001d91be3f940, 0x000001d91be3fa98]
Event: 225.688 Thread 0x000001d9310d7000 13748       2       sun.java2d.loops.CompositeType::equals (29 bytes)
Event: 225.688 Thread 0x000001d9310d7000 nmethod 13748 0x000001d91be44790 code [0x000001d91be44940, 0x000001d91be44af8]
Event: 225.688 Thread 0x000001d9310d7000 13749       2       sun.java2d.loops.Blit::getFromCache (93 bytes)
Event: 225.689 Thread 0x000001d9310d7000 nmethod 13749 0x000001d91be4fb10 code [0x000001d91be4fd60, 0x000001d91be50178]
Event: 225.691 Thread 0x000001d9310d7000 13750       2       sun.java2d.SunGraphics2D::dispose (12 bytes)
Event: 225.692 Thread 0x000001d9310d7000 nmethod 13750 0x000001d91be40910 code [0x000001d91be40ac0, 0x000001d91be40c28]
Event: 225.744 Thread 0x000001d9310d7000 13752       2       com.google.common.cache.LocalCache$Segment::drainRecencyQueue (45 bytes)
Event: 225.745 Thread 0x000001d9310d7000 nmethod 13752 0x000001d91be44190 code [0x000001d91be44380, 0x000001d91be44648]

GC Heap History (20 events):
Event: 209.983 GC heap after
{Heap after GC invocations=84 (full 0):
 garbage-first heap   total 166912K, used 126751K [0x0000000080000000, 0x0000000100000000)
  region size 1024K, 2 young (2048K), 2 survivors (2048K)
 Metaspace       used 102026K, capacity 104870K, committed 105212K, reserved 1140736K
  class space    used 12896K, capacity 13842K, committed 13952K, reserved 1048576K
}
Event: 210.609 GC heap before
{Heap before GC invocations=84 (full 0):
 garbage-first heap   total 166912K, used 138015K [0x0000000080000000, 0x0000000100000000)
  region size 1024K, 13 young (13312K), 2 survivors (2048K)
 Metaspace       used 102054K, capacity 104937K, committed 105212K, reserved 1140736K
  class space    used 12896K, capacity 13842K, committed 13952K, reserved 1048576K
}
Event: 210.638 GC heap after
{Heap after GC invocations=85 (full 0):
 garbage-first heap   total 166912K, used 131585K [0x0000000080000000, 0x0000000100000000)
  region size 1024K, 2 young (2048K), 2 survivors (2048K)
 Metaspace       used 102054K, capacity 104937K, committed 105212K, reserved 1140736K
  class space    used 12896K, capacity 13842K, committed 13952K, reserved 1048576K
}
Event: 210.963 GC heap before
{Heap before GC invocations=85 (full 0):
 garbage-first heap   total 166912K, used 139777K [0x0000000080000000, 0x0000000100000000)
  region size 1024K, 11 young (11264K), 2 survivors (2048K)
 Metaspace       used 102055K, capacity 104937K, committed 105212K, reserved 1140736K
  class space    used 12897K, capacity 13842K, committed 13952K, reserved 1048576K
}
Event: 211.000 GC heap after
{Heap after GC invocations=86 (full 0):
 garbage-first heap   total 210944K, used 137839K [0x0000000080000000, 0x0000000100000000)
  region size 1024K, 2 young (2048K), 2 survivors (2048K)
 Metaspace       used 102055K, capacity 104937K, committed 105212K, reserved 1140736K
  class space    used 12897K, capacity 13842K, committed 13952K, reserved 1048576K
}
Event: 212.796 GC heap before
{Heap before GC invocations=87 (full 0):
 garbage-first heap   total 210944K, used 157295K [0x0000000080000000, 0x0000000100000000)
  region size 1024K, 22 young (22528K), 2 survivors (2048K)
 Metaspace       used 102067K, capacity 104937K, committed 105212K, reserved 1140736K
  class space    used 12897K, capacity 13842K, committed 13952K, reserved 1048576K
}
Event: 212.843 GC heap after
{Heap after GC invocations=88 (full 0):
 garbage-first heap   total 210944K, used 145920K [0x0000000080000000, 0x0000000100000000)
  region size 1024K, 3 young (3072K), 3 survivors (3072K)
 Metaspace       used 102067K, capacity 104937K, committed 105212K, reserved 1140736K
  class space    used 12897K, capacity 13842K, committed 13952K, reserved 1048576K
}
Event: 213.682 GC heap before
{Heap before GC invocations=88 (full 0):
 garbage-first heap   total 210944K, used 164352K [0x0000000080000000, 0x0000000100000000)
  region size 1024K, 21 young (21504K), 3 survivors (3072K)
 Metaspace       used 102080K, capacity 104937K, committed 105212K, reserved 1140736K
  class space    used 12897K, capacity 13842K, committed 13952K, reserved 1048576K
}
Event: 213.709 GC heap after
{Heap after GC invocations=89 (full 0):
 garbage-first heap   total 210944K, used 149039K [0x0000000080000000, 0x0000000100000000)
  region size 1024K, 3 young (3072K), 3 survivors (3072K)
 Metaspace       used 102080K, capacity 104937K, committed 105212K, reserved 1140736K
  class space    used 12897K, capacity 13842K, committed 13952K, reserved 1048576K
}
Event: 214.952 GC heap before
{Heap before GC invocations=89 (full 0):
 garbage-first heap   total 210944K, used 170543K [0x0000000080000000, 0x0000000100000000)
  region size 1024K, 21 young (21504K), 3 survivors (3072K)
 Metaspace       used 102216K, capacity 105065K, committed 105212K, reserved 1140736K
  class space    used 12897K, capacity 13842K, committed 13952K, reserved 1048576K
}
Event: 214.992 GC heap after
{Heap after GC invocations=90 (full 0):
 garbage-first heap   total 210944K, used 155373K [0x0000000080000000, 0x0000000100000000)
  region size 1024K, 3 young (3072K), 3 survivors (3072K)
 Metaspace       used 102216K, capacity 105065K, committed 105212K, reserved 1140736K
  class space    used 12897K, capacity 13842K, committed 13952K, reserved 1048576K
}
Event: 215.822 GC heap before
{Heap before GC invocations=90 (full 0):
 garbage-first heap   total 210944K, used 171757K [0x0000000080000000, 0x0000000100000000)
  region size 1024K, 19 young (19456K), 3 survivors (3072K)
 Metaspace       used 102216K, capacity 105065K, committed 105212K, reserved 1140736K
  class space    used 12897K, capacity 13842K, committed 13952K, reserved 1048576K
}
Event: 215.856 GC heap after
{Heap after GC invocations=91 (full 0):
 garbage-first heap   total 301056K, used 158519K [0x0000000080000000, 0x0000000100000000)
  region size 1024K, 3 young (3072K), 3 survivors (3072K)
 Metaspace       used 102216K, capacity 105065K, committed 105212K, reserved 1140736K
  class space    used 12897K, capacity 13842K, committed 13952K, reserved 1048576K
}
Event: 218.307 GC heap before
{Heap before GC invocations=91 (full 0):
 garbage-first heap   total 301056K, used 201527K [0x0000000080000000, 0x0000000100000000)
  region size 1024K, 45 young (46080K), 3 survivors (3072K)
 Metaspace       used 102343K, capacity 105202K, committed 105468K, reserved 1140736K
  class space    used 12903K, capacity 13844K, committed 13952K, reserved 1048576K
}
Event: 218.336 GC heap after
{Heap after GC invocations=92 (full 0):
 garbage-first heap   total 301056K, used 162124K [0x0000000080000000, 0x0000000100000000)
  region size 1024K, 6 young (6144K), 6 survivors (6144K)
 Metaspace       used 102343K, capacity 105202K, committed 105468K, reserved 1140736K
  class space    used 12903K, capacity 13844K, committed 13952K, reserved 1048576K
}
Event: 221.841 GC heap before
{Heap before GC invocations=92 (full 0):
 garbage-first heap   total 301056K, used 208204K [0x0000000080000000, 0x0000000100000000)
  region size 1024K, 52 young (53248K), 6 survivors (6144K)
 Metaspace       used 105506K, capacity 108451K, committed 108540K, reserved 1144832K
  class space    used 13211K, capacity 14173K, committed 14208K, reserved 1048576K
}
Event: 221.871 GC heap after
{Heap after GC invocations=93 (full 0):
 garbage-first heap   total 301056K, used 164961K [0x0000000080000000, 0x0000000100000000)
  region size 1024K, 6 young (6144K), 6 survivors (6144K)
 Metaspace       used 105506K, capacity 108451K, committed 108540K, reserved 1144832K
  class space    used 13211K, capacity 14173K, committed 14208K, reserved 1048576K
}
Event: 224.973 GC heap before
{Heap before GC invocations=93 (full 0):
 garbage-first heap   total 301056K, used 225377K [0x0000000080000000, 0x0000000100000000)
  region size 1024K, 56 young (57344K), 6 survivors (6144K)
 Metaspace       used 105784K, capacity 108643K, committed 108796K, reserved 1144832K
  class space    used 13220K, capacity 14173K, committed 14208K, reserved 1048576K
}
Event: 225.055 GC heap after
{Heap after GC invocations=94 (full 0):
 garbage-first heap   total 301056K, used 168676K [0x0000000080000000, 0x0000000100000000)
  region size 1024K, 6 young (6144K), 6 survivors (6144K)
 Metaspace       used 105784K, capacity 108643K, committed 108796K, reserved 1144832K
  class space    used 13220K, capacity 14173K, committed 14208K, reserved 1048576K
}
Event: 225.793 GC heap before
{Heap before GC invocations=94 (full 0):
 garbage-first heap   total 301056K, used 178916K [0x0000000080000000, 0x0000000100000000)
  region size 1024K, 17 young (17408K), 6 survivors (6144K)
 Metaspace       used 105875K, capacity 108771K, committed 109052K, reserved 1144832K
  class space    used 13220K, capacity 14173K, committed 14208K, reserved 1048576K
}

Deoptimization events (20 events):
Event: 224.517 Thread 0x000001d936536800 DEOPT PACKING pc=0x000001d9230e602c sp=0x00000068072f78c0
Event: 224.517 Thread 0x000001d936536800 DEOPT UNPACKING pc=0x000001d91b5269aa sp=0x00000068072f7858 mode 2
Event: 224.618 Thread 0x000001d936536800 DEOPT PACKING pc=0x000001d91bbfbfbc sp=0x00000068072f7a80
Event: 224.618 Thread 0x000001d936536800 DEOPT UNPACKING pc=0x000001d91b5267c0 sp=0x00000068072f6f60 mode 0
Event: 224.684 Thread 0x000001d93874f800 DEOPT PACKING pc=0x000001d91d691bef sp=0x000000680e8fd010
Event: 224.684 Thread 0x000001d93874f800 DEOPT UNPACKING pc=0x000001d91b5267c0 sp=0x000000680e8fc3d8 mode 0
Event: 224.785 Thread 0x000001d938750000 DEOPT PACKING pc=0x000001d91d5b9376 sp=0x000000680e9fd270
Event: 224.785 Thread 0x000001d938750000 DEOPT UNPACKING pc=0x000001d91b5267c0 sp=0x000000680e9fc7a0 mode 0
Event: 224.900 Thread 0x000001d936536800 DEOPT PACKING pc=0x000001d91bb11885 sp=0x00000068072f7c20
Event: 224.900 Thread 0x000001d936536800 DEOPT UNPACKING pc=0x000001d91b5267c0 sp=0x00000068072f70a8 mode 0
Event: 224.970 Thread 0x000001d936536800 DEOPT PACKING pc=0x000001d91bc923de sp=0x00000068072f75d0
Event: 224.970 Thread 0x000001d936536800 DEOPT UNPACKING pc=0x000001d91b5267c0 sp=0x00000068072f6a68 mode 0
Event: 225.223 Thread 0x000001d936536800 DEOPT PACKING pc=0x000001d91d413d57 sp=0x00000068072f7470
Event: 225.224 Thread 0x000001d936536800 DEOPT UNPACKING pc=0x000001d91b5267c0 sp=0x00000068072f6948 mode 0
Event: 225.393 Thread 0x000001d938750000 DEOPT PACKING pc=0x000001d91d691bef sp=0x000000680e9fd190
Event: 225.393 Thread 0x000001d938750000 DEOPT UNPACKING pc=0x000001d91b5267c0 sp=0x000000680e9fc558 mode 0
Event: 225.468 Thread 0x000001d936536800 DEOPT PACKING pc=0x000001d91d413d57 sp=0x00000068072f7470
Event: 225.468 Thread 0x000001d936536800 DEOPT UNPACKING pc=0x000001d91b5267c0 sp=0x00000068072f6948 mode 0
Event: 225.767 Thread 0x000001d938750000 DEOPT PACKING pc=0x000001d91d691bef sp=0x000000680e9fd180
Event: 225.767 Thread 0x000001d938750000 DEOPT UNPACKING pc=0x000001d91b5267c0 sp=0x000000680e9fc548 mode 0

Classes redefined (0 events):
No events

Internal exceptions (20 events):
Event: 218.485 Thread 0x000001d936536800 Exception <a 'java/lang/NoSuchMethodError'{0x0000000091f99998}: <clinit>> (0x0000000091f99998) thrown at [./src/hotspot/share/prims/jni.cpp, line 1362]
Event: 218.487 Thread 0x000001d936536800 Exception <a 'java/lang/NoSuchMethodError'{0x0000000091fad178}: <clinit>> (0x0000000091fad178) thrown at [./src/hotspot/share/prims/jni.cpp, line 1362]
Event: 218.523 Thread 0x000001d936536800 Exception <a 'java/lang/NoSuchMethodError'{0x0000000091e31360}: <clinit>> (0x0000000091e31360) thrown at [./src/hotspot/share/prims/jni.cpp, line 1362]
Event: 218.523 Thread 0x000001d936536800 Exception <a 'java/lang/NoSuchMethodError'{0x0000000091e34478}: <clinit>> (0x0000000091e34478) thrown at [./src/hotspot/share/prims/jni.cpp, line 1362]
Event: 218.524 Thread 0x000001d936536800 Exception <a 'java/lang/NoSuchMethodError'{0x0000000091e392f0}: <clinit>> (0x0000000091e392f0) thrown at [./src/hotspot/share/prims/jni.cpp, line 1362]
Event: 218.526 Thread 0x000001d936536800 Exception <a 'java/lang/NoSuchMethodError'{0x0000000091e44dc8}: <clinit>> (0x0000000091e44dc8) thrown at [./src/hotspot/share/prims/jni.cpp, line 1362]
Event: 218.536 Thread 0x000001d936536800 Exception <a 'java/lang/NoSuchMethodError'{0x0000000091e9fed8}: <clinit>> (0x0000000091e9fed8) thrown at [./src/hotspot/share/prims/jni.cpp, line 1362]
Event: 218.561 Thread 0x000001d936536800 Exception <a 'java/lang/NoSuchMethodError'{0x0000000091ed9d48}: <clinit>> (0x0000000091ed9d48) thrown at [./src/hotspot/share/prims/jni.cpp, line 1362]
Event: 218.567 Thread 0x000001d936536800 Exception <a 'java/lang/NoSuchMethodError'{0x0000000091d1d5b8}: <clinit>> (0x0000000091d1d5b8) thrown at [./src/hotspot/share/prims/jni.cpp, line 1362]
Event: 218.568 Thread 0x000001d936536800 Exception <a 'java/lang/NoSuchMethodError'{0x0000000091d21218}: <clinit>> (0x0000000091d21218) thrown at [./src/hotspot/share/prims/jni.cpp, line 1362]
Event: 218.568 Thread 0x000001d936536800 Exception <a 'java/lang/NoSuchMethodError'{0x0000000091d24680}: <clinit>> (0x0000000091d24680) thrown at [./src/hotspot/share/prims/jni.cpp, line 1362]
Event: 218.571 Thread 0x000001d936536800 Exception <a 'java/lang/NoSuchMethodError'{0x0000000091d43620}: <clinit>> (0x0000000091d43620) thrown at [./src/hotspot/share/prims/jni.cpp, line 1362]
Event: 218.574 Thread 0x000001d936536800 Exception <a 'java/lang/NoSuchMethodError'{0x0000000091d618d0}: <clinit>> (0x0000000091d618d0) thrown at [./src/hotspot/share/prims/jni.cpp, line 1362]
Event: 218.578 Thread 0x000001d936536800 Exception <a 'java/lang/NoSuchMethodError'{0x0000000091d8a830}: <clinit>> (0x0000000091d8a830) thrown at [./src/hotspot/share/prims/jni.cpp, line 1362]
Event: 218.580 Thread 0x000001d936536800 Exception <a 'java/lang/NoSuchMethodError'{0x0000000091da07d0}: <clinit>> (0x0000000091da07d0) thrown at [./src/hotspot/share/prims/jni.cpp, line 1362]
Event: 219.115 Thread 0x000001d93874f800 Exception <a 'java/lang/ClassNotFoundException'{0x0000000091725d40}: sun/awt/resources/spi/awtProvider> (0x0000000091725d40) thrown at [./src/hotspot/share/classfile/systemDictionary.cpp, line 231]
Event: 219.150 Thread 0x000001d93874f800 Exception <a 'java/io/FileNotFoundException'{0x00000000913c5168}> (0x00000000913c5168) thrown at [./src/hotspot/share/prims/jni.cpp, line 615]
Event: 219.152 Thread 0x000001d93874f800 Exception <a 'java/io/FileNotFoundException'{0x00000000913c9110}> (0x00000000913c9110) thrown at [./src/hotspot/share/prims/jni.cpp, line 615]
Event: 219.152 Thread 0x000001d936536800 Exception <a 'java/lang/NoSuchMethodError'{0x00000000913132d8}: <clinit>> (0x00000000913132d8) thrown at [./src/hotspot/share/prims/jni.cpp, line 1362]
Event: 222.980 Thread 0x000001d936536800 Implicit null exception at 0x000001d9235aa40f to 0x000001d9235aa8e8

Events (20 events):
Event: 225.113 Thread 0x000001d9310ea000 flushing nmethod 0x000001d91ccd7490
Event: 225.114 Thread 0x000001d9310ea000 flushing nmethod 0x000001d91cd26610
Event: 225.114 Thread 0x000001d9310ea000 flushing nmethod 0x000001d91cd9f190
Event: 225.114 Thread 0x000001d9310ea000 flushing nmethod 0x000001d91cdaab90
Event: 225.114 Thread 0x000001d9310ea000 flushing nmethod 0x000001d91cdad610
Event: 225.115 Thread 0x000001d9310ea000 flushing nmethod 0x000001d91ce22f10
Event: 225.116 Thread 0x000001d9310ea000 flushing nmethod 0x000001d91cf49410
Event: 225.116 Thread 0x000001d9310ea000 flushing nmethod 0x000001d91cf5f510
Event: 225.116 Thread 0x000001d9310ea000 flushing nmethod 0x000001d91cf63010
Event: 225.116 Thread 0x000001d9310ea000 flushing nmethod 0x000001d91cf9d110
Event: 225.118 Thread 0x000001d9310ea000 flushing nmethod 0x000001d91d1c8310
Event: 225.118 Thread 0x000001d9310ea000 flushing nmethod 0x000001d91d210310
Event: 225.119 Thread 0x000001d9310ea000 flushing nmethod 0x000001d91d282b10
Event: 225.119 Thread 0x000001d9310ea000 flushing nmethod 0x000001d91d288b10
Event: 225.120 Thread 0x000001d9310ea000 flushing nmethod 0x000001d91d332790
Event: 225.120 Thread 0x000001d9310ea000 flushing nmethod 0x000001d91d344f10
Event: 225.121 Thread 0x000001d9310ea000 flushing nmethod 0x000001d91d4bc290
Event: 225.122 Thread 0x000001d9310ea000 flushing nmethod 0x000001d91d4d2d90
Event: 225.123 Thread 0x000001d9310ea000 flushing nmethod 0x000001d91d64e210
Event: 225.793 Executing VM operation: G1CollectForAllocation


Dynamic libraries:
0x00007ff7caf60000 - 0x00007ff7caf6a000 	C:\Program Files\Android\Android Studio\jre\bin\java.exe
0x00007ff8cc040000 - 0x00007ff8cc221000 	C:\Windows\SYSTEM32\ntdll.dll
0x00007ff8ca150000 - 0x00007ff8ca202000 	C:\Windows\System32\KERNEL32.DLL
0x00007ff8c9250000 - 0x00007ff8c94c3000 	C:\Windows\System32\KERNELBASE.dll
0x00007ff8c8530000 - 0x00007ff8c862a000 	C:\Windows\System32\ucrtbase.dll
0x00007ff8b8320000 - 0x00007ff8b8337000 	C:\Program Files\Android\Android Studio\jre\bin\VCRUNTIME140.dll
0x00007ff8b8340000 - 0x00007ff8b8359000 	C:\Program Files\Android\Android Studio\jre\bin\jli.dll
0x00007ff8cbe80000 - 0x00007ff8cc010000 	C:\Windows\System32\USER32.dll
0x00007ff8bad10000 - 0x00007ff8baf79000 	C:\Windows\WinSxS\amd64_microsoft.windows.common-controls_6595b64144ccf1df_6.0.17133.73_none_b4b127863cb5b9c7\COMCTL32.dll
0x00007ff8ca210000 - 0x00007ff8ca2ae000 	C:\Windows\System32\msvcrt.dll
0x00007ff8c8f90000 - 0x00007ff8c8fb0000 	C:\Windows\System32\win32u.dll
0x00007ff8c9dc0000 - 0x00007ff8c9de8000 	C:\Windows\System32\GDI32.dll
0x00007ff8c9a30000 - 0x00007ff8c9d53000 	C:\Windows\System32\combase.dll
0x00007ff8c8df0000 - 0x00007ff8c8f82000 	C:\Windows\System32\gdi32full.dll
0x00007ff8c9750000 - 0x00007ff8c9874000 	C:\Windows\System32\RPCRT4.dll
0x00007ff8c8410000 - 0x00007ff8c84af000 	C:\Windows\System32\msvcp_win.dll
0x00007ff8c84b0000 - 0x00007ff8c852a000 	C:\Windows\System32\bcryptPrimitives.dll
0x00007ff8c96b0000 - 0x00007ff8c96dd000 	C:\Windows\System32\IMM32.DLL
0x00007ff8b57d0000 - 0x00007ff8b586d000 	C:\Program Files\Android\Android Studio\jre\bin\msvcp140.dll
0x00007ff898450000 - 0x00007ff898f0c000 	C:\Program Files\Android\Android Studio\jre\bin\server\jvm.dll
0x00007ff8c9ea0000 - 0x00007ff8c9f41000 	C:\Windows\System32\ADVAPI32.dll
0x00007ff8c94d0000 - 0x00007ff8c952b000 	C:\Windows\System32\sechost.dll
0x00007ff8c96e0000 - 0x00007ff8c96e8000 	C:\Windows\System32\PSAPI.DLL
0x00007ff8c5d40000 - 0x00007ff8c5d63000 	C:\Windows\SYSTEM32\WINMM.dll
0x00007ff8c1570000 - 0x00007ff8c1579000 	C:\Windows\SYSTEM32\WSOCK32.dll
0x00007ff8c9f50000 - 0x00007ff8c9fbc000 	C:\Windows\System32\WS2_32.dll
0x00007ff8c6f90000 - 0x00007ff8c6f9a000 	C:\Windows\SYSTEM32\VERSION.dll
0x00007ff8c5d10000 - 0x00007ff8c5d3a000 	C:\Windows\SYSTEM32\WINMMBASE.dll
0x00007ff8c8690000 - 0x00007ff8c86d9000 	C:\Windows\System32\cfgmgr32.dll
0x00007ff8c83f0000 - 0x00007ff8c8401000 	C:\Windows\System32\kernel.appcore.dll
0x00007ff8bed90000 - 0x00007ff8beda1000 	C:\Program Files\Android\Android Studio\jre\bin\verify.dll
0x00007ff8b6c90000 - 0x00007ff8b6e59000 	C:\Windows\SYSTEM32\DBGHELP.DLL
0x00007ff8b6c60000 - 0x00007ff8b6c89000 	C:\Windows\SYSTEM32\dbgcore.DLL
0x00007ff8bb960000 - 0x00007ff8bb989000 	C:\Program Files\Android\Android Studio\jre\bin\java.dll
0x00007ff8c1530000 - 0x00007ff8c153b000 	C:\Program Files\Android\Android Studio\jre\bin\jimage.dll
0x00007ff8bc3a0000 - 0x00007ff8bc3b8000 	C:\Program Files\Android\Android Studio\jre\bin\zip.dll
0x00007ff8ca5f0000 - 0x00007ff8cba30000 	C:\Windows\System32\SHELL32.dll
0x00007ff8c9df0000 - 0x00007ff8c9e99000 	C:\Windows\System32\shcore.dll
0x00007ff8c86e0000 - 0x00007ff8c8ded000 	C:\Windows\System32\windows.storage.dll
0x00007ff8ca430000 - 0x00007ff8ca481000 	C:\Windows\System32\shlwapi.dll
0x00007ff8c83b0000 - 0x00007ff8c83cf000 	C:\Windows\System32\profapi.dll
0x00007ff8c8360000 - 0x00007ff8c83ac000 	C:\Windows\System32\powrprof.dll
0x00007ff8c8350000 - 0x00007ff8c835a000 	C:\Windows\System32\FLTLIB.DLL
0x00007ff8b9040000 - 0x00007ff8b905a000 	C:\Program Files\Android\Android Studio\jre\bin\net.dll
0x00007ff8bf510000 - 0x00007ff8bf5ed000 	C:\Windows\SYSTEM32\WINHTTP.dll
0x00007ff8c7b70000 - 0x00007ff8c7bd6000 	C:\Windows\system32\mswsock.dll
0x00007ff8b5900000 - 0x00007ff8b5914000 	C:\Program Files\Android\Android Studio\jre\bin\nio.dll
0x00007ff8b5480000 - 0x00007ff8b54a7000 	C:\Users\MISHECK\.gradle\native\fdc75f09e3144964f2cf3f50f0aa648679c211496f362492102eb8c894070792\windows-amd64\native-platform.dll
0x00007ff89ce30000 - 0x00007ff89cfc6000 	C:\Users\MISHECK\.gradle\native\12488b8bf47d2d4c9fbf2f6322a914ad602e24e48041cd04a747c6da556b65c4\windows-amd64\native-platform-file-events.dll
0x00007ff8c0c00000 - 0x00007ff8c0c0a000 	C:\Program Files\Android\Android Studio\jre\bin\management.dll
0x00007ff8c0ab0000 - 0x00007ff8c0abc000 	C:\Program Files\Android\Android Studio\jre\bin\management_ext.dll
0x00007ff8c7d20000 - 0x00007ff8c7d37000 	C:\Windows\SYSTEM32\CRYPTSP.dll
0x00007ff8c7750000 - 0x00007ff8c7783000 	C:\Windows\system32\rsaenh.dll
0x00007ff8c7e50000 - 0x00007ff8c7e75000 	C:\Windows\SYSTEM32\bcrypt.dll
0x00007ff8c8250000 - 0x00007ff8c8278000 	C:\Windows\SYSTEM32\USERENV.dll
0x00007ff8c7d40000 - 0x00007ff8c7d4b000 	C:\Windows\SYSTEM32\CRYPTBASE.dll
0x00007ff8c78f0000 - 0x00007ff8c7928000 	C:\Windows\SYSTEM32\IPHLPAPI.DLL
0x00007ff8ca490000 - 0x00007ff8ca498000 	C:\Windows\System32\NSI.dll
0x00007ff8bf910000 - 0x00007ff8bf926000 	C:\Windows\SYSTEM32\dhcpcsvc6.DLL
0x00007ff8bf8f0000 - 0x00007ff8bf90a000 	C:\Windows\SYSTEM32\dhcpcsvc.DLL
0x00007ff8c0a80000 - 0x00007ff8c0a8b000 	C:\Windows\SYSTEM32\WINNSI.DLL
0x00007ff8b4f30000 - 0x00007ff8b4f57000 	C:\Program Files\Android\Android Studio\jre\bin\sunec.dll
0x00007ff8c7930000 - 0x00007ff8c79ee000 	C:\Windows\SYSTEM32\DNSAPI.dll
0x00000000756b0000 - 0x00000000756d6000 	C:\Program Files\Bonjour\mdnsNSP.dll
0x00007ff8b9e10000 - 0x00007ff8b9e1a000 	C:\Windows\System32\rasadhlp.dll
0x00007ff899fe0000 - 0x00007ff89a182000 	C:\Program Files\Android\Android Studio\jre\bin\awt.dll
0x00007ff8ca4a0000 - 0x00007ff8ca562000 	C:\Windows\System32\OLEAUT32.dll
0x00007ff8c6990000 - 0x00007ff8c69b9000 	C:\Windows\SYSTEM32\dwmapi.dll
0x00007ff8c6290000 - 0x00007ff8c631b000 	C:\Windows\SYSTEM32\apphelp.dll
0x00007ff8c6410000 - 0x00007ff8c64a8000 	C:\Windows\system32\uxtheme.dll

dbghelp: loaded successfully - version: 4.0.5 - missing functions: none
symbol engine: initialized successfully - sym options: 0x614 - pdb path: .;C:\Program Files\Android\Android Studio\jre\bin;C:\Windows\SYSTEM32;C:\Windows\WinSxS\amd64_microsoft.windows.common-controls_6595b64144ccf1df_6.0.17133.73_none_b4b127863cb5b9c7;C:\Program Files\Android\Android Studio\jre\bin\server;C:\Users\MISHECK\.gradle\native\fdc75f09e3144964f2cf3f50f0aa648679c211496f362492102eb8c894070792\windows-amd64;C:\Users\MISHECK\.gradle\native\12488b8bf47d2d4c9fbf2f6322a914ad602e24e48041cd04a747c6da556b65c4\windows-amd64;C:\Program Files\Bonjour

VM Arguments:
jvm_args: --add-opens=java.base/java.util=ALL-UNNAMED --add-opens=java.base/java.lang=ALL-UNNAMED --add-opens=java.base/java.lang.invoke=ALL-UNNAMED --add-opens=java.prefs/java.util.prefs=ALL-UNNAMED -Xmx2048m -Dfile.encoding=UTF-8 -Duser.country=US -Duser.language=en -Duser.variant 
java_command: org.gradle.launcher.daemon.bootstrap.GradleDaemon 6.7.1
java_class_path (initial): C:\Users\MISHECK\.gradle\wrapper\dists\gradle-6.7.1-bin\bwlcbys1h7rz3272sye1xwiv6\gradle-6.7.1\lib\gradle-launcher-6.7.1.jar
Launcher Type: SUN_STANDARD

[Global flags]
     intx CICompilerCount                          = 2                                         {product} {ergonomic}
     uint ConcGCThreads                            = 1                                         {product} {ergonomic}
     uint G1ConcRefinementThreads                  = 2                                         {product} {ergonomic}
   size_t G1HeapRegionSize                         = 1048576                                   {product} {ergonomic}
    uintx GCDrainStackTargetSize                   = 64                                        {product} {ergonomic}
   size_t InitialHeapSize                          = 67108864                                  {product} {ergonomic}
   size_t MarkStackSize                            = 4194304                                   {product} {ergonomic}
   size_t MaxHeapSize                              = 2147483648                                {product} {command line}
   size_t MaxNewSize                               = 1287651328                                {product} {ergonomic}
   size_t MinHeapDeltaBytes                        = 1048576                                   {product} {ergonomic}
    uintx NonNMethodCodeHeapSize                   = 5825164                                {pd product} {ergonomic}
    uintx NonProfiledCodeHeapSize                  = 122916538                              {pd product} {ergonomic}
    uintx ProfiledCodeHeapSize                     = 122916538                              {pd product} {ergonomic}
    uintx ReservedCodeCacheSize                    = 251658240                              {pd product} {ergonomic}
     bool SegmentedCodeCache                       = true                                      {product} {ergonomic}
     bool UseCompressedClassPointers               = true                                 {lp64_product} {ergonomic}
     bool UseCompressedOops                        = true                                 {lp64_product} {ergonomic}
     bool UseG1GC                                  = true                                      {product} {ergonomic}
     bool UseLargePagesIndividualAllocation        = false                                  {pd product} {ergonomic}

Logging:
Log output configuration:
 #0: stdout all=warning uptime,level,tags
 #1: stderr all=off uptime,level,tags

Environment Variables:
JAVA_HOME=C:\Program Files\Java\jdk1.8.0_191
PATH=C:\Program Files (x86)\Common Files\Oracle\Java\javapath;C:\Windows\system32;C:\Windows;C:\Windows\System32\Wbem;C:\Windows\System32\WindowsPowerShell\v1.0\;C:\Windows\System32\OpenSSH\;C:\Program Files (x86)\Git\cmd;C:\Program Files\nodejs\;C:\Program Files\Java\jdk1.8.0_191\bin;C:\Users\MISHECK\AppData\Roaming\npm;C:\Exercism;C:\Users\MISHECK\AppData\Local\Programs\Python\Python39;C:\Users\MISHECK\AppData\Local\Programs\Microsoft VS Code\bin;C:\Program Files\CodeBlocks\MinGW\bin;
USERNAME=MISHECK
OS=Windows_NT
PROCESSOR_IDENTIFIER=Intel64 Family 6 Model 55 Stepping 8, GenuineIntel



---------------  S Y S T E M  ---------------

OS: Windows 10 , 64 bit Build 17133 (10.0.17133.73)
OS uptime: 2 days 23:49 hours

CPU:total 2 (initial active 2) (2 cores per cpu, 1 threads per core) family 6 model 55 stepping 8, cmov, cx8, fxsr, mmx, sse, sse2, sse3, ssse3, sse4.1, sse4.2, popcnt, clmul, erms, 3dnowpref, tsc, tscinvbit

Memory: 4k page, system-wide physical 3987M (473M free)
TotalPageFile size 5381M (AvailPageFile size 66M)
current process WorkingSet (physical memory assigned to process): 537M, peak: 540M
current process commit charge ("private bytes"): 609M, peak: 671M

vm_info: OpenJDK 64-Bit Server VM (11.0.8+10-b944.6842174) for windows-amd64 JRE (11.0.8+10-b944.6842174), built on Sep 19 2020 01:11:42 by "builder" with MS VC++ 14.0 (VS2015)

END.
