#
# There is insufficient memory for the Java Runtime Environment to continue.
# Native memory allocation (mmap) failed to map 50331648 bytes for Failed to commit area from 0x000000008ee00000 to 0x0000000091e00000 of length 50331648.
# Possible reasons:
#   The system is out of physical RAM or swap space
#   The process is running with CompressedOops enabled, and the Java Heap may be blocking the growth of the native heap
# Possible solutions:
#   Reduce memory load on the system
#   Increase physical memory or swap space
#   Check if swap backing store is full
#   Decrease Java heap size (-Xmx/-Xms)
#   Decrease number of Java threads
#   Decrease Java thread stack sizes (-Xss)
#   Set larger code cache with -XX:ReservedCodeCacheSize=
#   JVM is running with Unscaled Compressed Oops mode in which the Java heap is
#     placed in the first 4GB address space. The Java Heap base address is the
#     maximum limit for the native heap growth. Please use -XX:HeapBaseMinAddress
#     to set the Java Heap base and to place the Java Heap above 4GB virtual address.
# This output file may be truncated or incomplete.
#
#  Out of Memory Error (./src/hotspot/os/windows/os_windows.cpp:3303), pid=4712, tid=6764
#
# JRE version: OpenJDK Runtime Environment (11.0.8+10) (build 11.0.8+10-b944.6842174)
# Java VM: OpenJDK 64-Bit Server VM (11.0.8+10-b944.6842174, mixed mode, tiered, compressed oops, g1 gc, windows-amd64)
# No core dump will be written. Minidumps are not enabled by default on client versions of Windows
#

---------------  S U M M A R Y ------------

Command Line: --add-opens=java.base/java.util=ALL-UNNAMED --add-opens=java.base/java.lang=ALL-UNNAMED --add-opens=java.base/java.lang.invoke=ALL-UNNAMED --add-opens=java.prefs/java.util.prefs=ALL-UNNAMED -Xmx2048m -Dfile.encoding=UTF-8 -Duser.country=US -Duser.language=en -Duser.variant org.gradle.launcher.daemon.bootstrap.GradleDaemon 6.7.1

Host: Intel(R) Celeron(R) CPU  N2840  @ 2.16GHz, 2 cores, 3G,  Windows 10 , 64 bit Build 17133 (10.0.17133.73)
Time: Fri Jul  2 02:39:20 2021 Pacific Daylight Time elapsed time: 10466 seconds (0d 2h 54m 26s)

---------------  T H R E A D  ---------------

Current thread (0x00000256ff309800):  VMThread "VM Thread" [stack: 0x0000007f9b500000,0x0000007f9b600000] [id=6764]

Stack: [0x0000007f9b500000,0x0000007f9b600000]
[error occurred during error reporting (printing stack bounds), id 0xc0000005, EXCEPTION_ACCESS_VIOLATION (0xc0000005) at pc=0x00000256eb590dbe]

Native frames: (J=compiled Java code, j=interpreted, Vv=VM code, C=native code)
V  [jvm.dll+0x5de50a]
V  [jvm.dll+0x7122f5]
V  [jvm.dll+0x71384d]
V  [jvm.dll+0x713e65]
V  [jvm.dll+0x713e1b]
V  [jvm.dll+0x5dd958]
V  [jvm.dll+0x5de0f8]
C  [ntdll.dll+0x9eddd]
C  [ntdll.dll+0x6c86]
C  [ntdll.dll+0x9dd0e]
C  0x00000256eb590dbe

VM_Operation (0x0000007f9d3fe3d0): G1CollectForAllocation, mode: safepoint, requested by thread 0x0000025688283800


---------------  P R O C E S S  ---------------

Threads class SMR info:
_java_thread_list=0x0000025684a95240, length=46, elements={
0x00000256e7c1b800, 0x00000256ff310800, 0x00000256ff31c000, 0x00000256ffbd3000,
0x00000256ff33f800, 0x00000256ff340800, 0x00000256ff345800, 0x00000256ff355800,
0x00000256ffce9800, 0x00000256ffd13800, 0x0000025683351000, 0x0000025682fdc800,
0x0000025682dc3000, 0x0000025682f72800, 0x0000025682f74000, 0x0000025682f73800,
0x00000256856c7000, 0x00000256856c2800, 0x00000256851a0000, 0x0000025688283000,
0x00000256856bc000, 0x00000256856be800, 0x00000256856b9800, 0x00000256856be000,
0x00000256856bd000, 0x00000256856c0800, 0x00000256856ba800, 0x00000256856bf800,
0x00000256856c1000, 0x00000256856bb800, 0x00000256856c6000, 0x00000256856c4800,
0x00000256856c2000, 0x00000256866ce000, 0x00000256866cb800, 0x00000256866ca000,
0x00000256866ce800, 0x00000256866c9000, 0x00000256866d5000, 0x00000256866d2800,
0x00000256866d4800, 0x00000256866cf800, 0x00000256866d6000, 0x00000256866d0800,
0x0000025688287000, 0x0000025688283800
}

Java Threads: ( => current thread )
  0x00000256e7c1b800 JavaThread "main" [_thread_blocked, id=3668, stack(0x0000007f9af00000,0x0000007f9b000000)]
  0x00000256ff310800 JavaThread "Reference Handler" daemon [_thread_blocked, id=6524, stack(0x0000007f9b600000,0x0000007f9b700000)]
  0x00000256ff31c000 JavaThread "Finalizer" daemon [_thread_blocked, id=8916, stack(0x0000007f9b700000,0x0000007f9b800000)]
  0x00000256ffbd3000 JavaThread "Signal Dispatcher" daemon [_thread_blocked, id=6884, stack(0x0000007f9b800000,0x0000007f9b900000)]
  0x00000256ff33f800 JavaThread "Attach Listener" daemon [_thread_blocked, id=4436, stack(0x0000007f9b900000,0x0000007f9ba00000)]
  0x00000256ff340800 JavaThread "C2 CompilerThread0" daemon [_thread_blocked, id=2368, stack(0x0000007f9ba00000,0x0000007f9bb00000)]
  0x00000256ff345800 JavaThread "C1 CompilerThread0" daemon [_thread_blocked, id=1712, stack(0x0000007f9bb00000,0x0000007f9bc00000)]
  0x00000256ff355800 JavaThread "Sweeper thread" daemon [_thread_blocked, id=1168, stack(0x0000007f9bc00000,0x0000007f9bd00000)]
  0x00000256ffce9800 JavaThread "Common-Cleaner" daemon [_thread_blocked, id=10136, stack(0x0000007f9bd00000,0x0000007f9be00000)]
  0x00000256ffd13800 JavaThread "Service Thread" daemon [_thread_blocked, id=10884, stack(0x0000007f9be00000,0x0000007f9bf00000)]
  0x0000025683351000 JavaThread "Daemon health stats" [_thread_blocked, id=9204, stack(0x0000007f9c100000,0x0000007f9c200000)]
  0x0000025682fdc800 JavaThread "Incoming local TCP Connector on port 64422" [_thread_in_native, id=12696, stack(0x0000007f9c300000,0x0000007f9c400000)]
  0x0000025682dc3000 JavaThread "Daemon periodic checks" [_thread_blocked, id=4720, stack(0x0000007f9c400000,0x0000007f9c500000)]
  0x0000025682f72800 JavaThread "Cache worker for file hash cache (C:\Users\MISHECK\.gradle\caches\6.7.1\fileHashes)" [_thread_blocked, id=12320, stack(0x0000007f9cc00000,0x0000007f9cd00000)]
  0x0000025682f74000 JavaThread "File lock request listener" [_thread_in_native, id=7232, stack(0x0000007f9cd00000,0x0000007f9ce00000)]
  0x0000025682f73800 JavaThread "Cache worker for journal cache (C:\Users\MISHECK\.gradle\caches\journal-1)" [_thread_blocked, id=640, stack(0x0000007f9ce00000,0x0000007f9cf00000)]
  0x00000256856c7000 JavaThread "Cache worker for execution history cache (C:\Users\MISHECK\.gradle\caches\6.7.1\executionHistory)" [_thread_blocked, id=5140, stack(0x0000007f9e800000,0x0000007f9e900000)]
  0x00000256856c2800 JavaThread "Cache worker for file content cache (C:\Users\MISHECK\.gradle\caches\6.7.1\fileContent)" [_thread_blocked, id=6656, stack(0x0000007f9e900000,0x0000007f9ea00000)]
  0x00000256851a0000 JavaThread "Memory manager" [_thread_blocked, id=2980, stack(0x0000007f9ca00000,0x0000007f9cb00000)]
  0x0000025688283000 JavaThread "Java2D Disposer" daemon [_thread_blocked, id=10216, stack(0x0000007fa3e00000,0x0000007fa3f00000)]
  0x00000256856bc000 JavaThread "Daemon Thread 3" [_thread_blocked, id=3928, stack(0x0000007f9ab00000,0x0000007f9ac00000)]
  0x00000256856be800 JavaThread "Handler for socket connection from /127.0.0.1:64422 to /127.0.0.1:53033" [_thread_in_native, id=8580, stack(0x0000007f9ac00000,0x0000007f9ad00000)]
  0x00000256856b9800 JavaThread "Cancel handler" [_thread_blocked, id=10920, stack(0x0000007f9ad00000,0x0000007f9ae00000)]
  0x00000256856be000 JavaThread "Daemon worker Thread 3" [_thread_blocked, id=9272, stack(0x0000007f9ae00000,0x0000007f9af00000)]
  0x00000256856bd000 JavaThread "Asynchronous log dispatcher for DefaultDaemonConnection: socket connection from /127.0.0.1:64422 to /127.0.0.1:53033" [_thread_blocked, id=7680, stack(0x0000007f9c200000,0x0000007f9c300000)]
  0x00000256856c0800 JavaThread "Thread-244" [_thread_blocked, id=7936, stack(0x0000007f9c600000,0x0000007f9c700000)]
  0x00000256856ba800 JavaThread "Cache worker for file hash cache (C:\Users\MISHECK\AndroidStudioProjects\ChildSafetyApp\.gradle\6.7.1\fileHashes)" [_thread_blocked, id=5896, stack(0x0000007f9c700000,0x0000007f9c800000)]
  0x00000256856bf800 JavaThread "Cache worker for checksums cache (C:\Users\MISHECK\AndroidStudioProjects\ChildSafetyApp\.gradle\checksums)" [_thread_blocked, id=2552, stack(0x0000007f9c800000,0x0000007f9c900000)]
  0x00000256856c1000 JavaThread "Cache worker for cache directory md-supplier (C:\Users\MISHECK\.gradle\caches\6.7.1\md-supplier)" [_thread_blocked, id=6544, stack(0x0000007f9c900000,0x0000007f9ca00000)]
  0x00000256856bb800 JavaThread "Cache worker for cache directory md-rule (C:\Users\MISHECK\.gradle\caches\6.7.1\md-rule)" [_thread_blocked, id=5408, stack(0x0000007f9cb00000,0x0000007f9cc00000)]
  0x00000256856c6000 JavaThread "Cache worker for Build Output Cleanup Cache (C:\Users\MISHECK\AndroidStudioProjects\ChildSafetyApp\.gradle\buildOutputCleanup)" [_thread_blocked, id=10148, stack(0x0000007f9cf00000,0x0000007f9d000000)]
  0x00000256856c4800 JavaThread "Build operations" [_thread_blocked, id=1200, stack(0x0000007f9d000000,0x0000007f9d100000)]
  0x00000256856c2000 JavaThread "Build operations Thread 2" [_thread_blocked, id=7396, stack(0x0000007f9d100000,0x0000007f9d200000)]
  0x00000256866ce000 JavaThread "build event listener" [_thread_blocked, id=10616, stack(0x0000007fa3500000,0x0000007fa3600000)]
  0x00000256866cb800 JavaThread "build event listener" [_thread_blocked, id=8808, stack(0x0000007fa3600000,0x0000007fa3700000)]
  0x00000256866ca000 JavaThread "Execution worker for ':'" [_thread_blocked, id=12284, stack(0x0000007fa3700000,0x0000007fa3800000)]
  0x00000256866ce800 JavaThread "Cache worker for execution history cache (C:\Users\MISHECK\AndroidStudioProjects\ChildSafetyApp\.gradle\6.7.1\executionHistory)" [_thread_blocked, id=3196, stack(0x0000007fa3800000,0x0000007fa3900000)]
  0x00000256866c9000 JavaThread "WorkerExecutor Queue" [_thread_blocked, id=1176, stack(0x0000007fa3900000,0x0000007fa3a00000)]
  0x00000256866d5000 JavaThread "WorkerExecutor Queue Thread 2" [_thread_blocked, id=616, stack(0x0000007fa3a00000,0x0000007fa3b00000)]
  0x00000256866d2800 JavaThread "pool-11-thread-1" [_thread_blocked, id=5696, stack(0x0000007fa3b00000,0x0000007fa3c00000)]
  0x00000256866d4800 JavaThread "stderr" [_thread_in_native, id=10984, stack(0x0000007fa3c00000,0x0000007fa3d00000)]
  0x00000256866cf800 JavaThread "stdout" [_thread_in_native, id=12488, stack(0x0000007fa3d00000,0x0000007fa3e00000)]
  0x00000256866d6000 JavaThread "Cache worker for Java compile cache (C:\Users\MISHECK\.gradle\caches\6.7.1\javaCompile)" [_thread_blocked, id=1020, stack(0x0000007fa3f00000,0x0000007fa4000000)]
  0x00000256866d0800 JavaThread "Cache worker for Java compile cache (C:\Users\MISHECK\AndroidStudioProjects\ChildSafetyApp\.gradle\6.7.1\javaCompile)" [_thread_blocked, id=1588, stack(0x0000007fa4000000,0x0000007fa4100000)]
  0x0000025688287000 JavaThread "ForkJoinPool-2-worker-3" daemon [_thread_blocked, id=8096, stack(0x0000007f9d200000,0x0000007f9d300000)]
  0x0000025688283800 JavaThread "ForkJoinPool-2-worker-1" daemon [_thread_blocked, id=2884, stack(0x0000007f9d300000,0x0000007f9d400000)]

Other Threads:
=>0x00000256ff309800 VMThread "VM Thread" [stack: 0x0000007f9b500000,0x0000007f9b600000] [id=6764]
  0x00000256ffd25000 WatcherThread [stack: 0x0000007f9bf00000,0x0000007f9c000000] [id=12192]
  0x00000256e7c34000 GCTaskThread "GC Thread#0" [stack: 0x0000007f9b000000,0x0000007f9b100000] [id=6872]
  0x00000256fff89800 GCTaskThread "GC Thread#1" [stack: 0x0000007f9c000000,0x0000007f9c100000] [id=9620]
  0x00000256e7c63000 ConcurrentGCThread "G1 Main Marker" [stack: 0x0000007f9b100000,0x0000007f9b200000] [id=10376]
  0x00000256e7c65800 ConcurrentGCThread "G1 Conc#0" [stack: 0x0000007f9b200000,0x0000007f9b300000] [id=7116]
  0x00000256e7cb7000 ConcurrentGCThread "G1 Refine#0" [stack: 0x0000007f9b300000,0x0000007f9b400000] [id=9452]
  0x00000256e7cb8000 ConcurrentGCThread "G1 Young RemSet Sampling" [stack: 0x0000007f9b400000,0x0000007f9b500000] [id=5600]

Threads with active compile tasks:
C2 CompilerThread010466468 20719       4       com.android.tools.r8.graph.C::<init> (116 bytes)

VM state:at safepoint (normal execution)

VM Mutex/Monitor currently owned by a thread:  ([mutex/lock_event])
[0x00000256e7c178a0] Threads_lock - owner thread: 0x00000256ff309800
[0x00000256e7c186b0] Heap_lock - owner thread: 0x0000025688283800

Heap address: 0x0000000080000000, size: 2048 MB, Compressed Oops mode: 32-bit
Narrow klass base: 0x0000000000000000, Narrow klass shift: 3
Compressed class space size: 1073741824 Address: 0x0000000100000000

Heap:
 garbage-first heap   total 292864K, used 160853K [0x0000000080000000, 0x0000000100000000)
  region size 1024K, 2 young (2048K), 2 survivors (2048K)
 Metaspace       used 138495K, capacity 141558K, committed 141776K, reserved 1173504K
  class space    used 16828K, capacity 17892K, committed 17920K, reserved 1048576K
Heap Regions: E=young(eden), S=young(survivor), O=old, HS=humongous(starts), HC=humongous(continues), CS=collection set, F=free, A=archive, TAMS=top-at-mark-start (previous, next)
|   0|0x0000000080000000, 0x0000000080100000, 0x0000000080100000|100%| O|  |TAMS 0x0000000080100000, 0x0000000080000000| Untracked 
|   1|0x0000000080100000, 0x0000000080200000, 0x0000000080200000|100%| O|  |TAMS 0x0000000080200000, 0x0000000080100000| Untracked 
|   2|0x0000000080200000, 0x0000000080300000, 0x0000000080300000|100%| O|  |TAMS 0x0000000080300000, 0x0000000080200000| Untracked 
|   3|0x0000000080300000, 0x0000000080400000, 0x0000000080400000|100%| O|  |TAMS 0x0000000080400000, 0x0000000080300000| Untracked 
|   4|0x0000000080400000, 0x0000000080500000, 0x0000000080500000|100%|HS|  |TAMS 0x0000000080500000, 0x0000000080400000| Complete 
|   5|0x0000000080500000, 0x0000000080600000, 0x0000000080600000|100%|HC|  |TAMS 0x0000000080600000, 0x0000000080500000| Complete 
|   6|0x0000000080600000, 0x0000000080700000, 0x0000000080700000|100%|HC|  |TAMS 0x0000000080700000, 0x0000000080600000| Complete 
|   7|0x0000000080700000, 0x0000000080800000, 0x0000000080800000|100%| O|  |TAMS 0x0000000080800000, 0x0000000080700000| Complete 
|   8|0x0000000080800000, 0x0000000080900000, 0x0000000080900000|100%| O|  |TAMS 0x0000000080900000, 0x0000000080800000| Complete 
|   9|0x0000000080900000, 0x0000000080a00000, 0x0000000080a00000|100%| O|  |TAMS 0x0000000080a00000, 0x0000000080900000| Untracked 
|  10|0x0000000080a00000, 0x0000000080b00000, 0x0000000080b00000|100%| O|  |TAMS 0x0000000080b00000, 0x0000000080a00000| Untracked 
|  11|0x0000000080b00000, 0x0000000080c00000, 0x0000000080c00000|100%| O|  |TAMS 0x0000000080c00000, 0x0000000080b00000| Untracked 
|  12|0x0000000080c00000, 0x0000000080d00000, 0x0000000080d00000|100%| O|  |TAMS 0x0000000080d00000, 0x0000000080c00000| Untracked 
|  13|0x0000000080d00000, 0x0000000080e00000, 0x0000000080e00000|100%| O|  |TAMS 0x0000000080e00000, 0x0000000080d00000| Untracked 
|  14|0x0000000080e00000, 0x0000000080f00000, 0x0000000080f00000|100%| O|  |TAMS 0x0000000080f00000, 0x0000000080e00000| Complete 
|  15|0x0000000080f00000, 0x0000000081000000, 0x0000000081000000|100%| O|  |TAMS 0x0000000081000000, 0x0000000080f00000| Complete 
|  16|0x0000000081000000, 0x0000000081100000, 0x0000000081100000|100%|HS|  |TAMS 0x0000000081100000, 0x0000000081000000| Complete 
|  17|0x0000000081100000, 0x0000000081200000, 0x0000000081200000|100%|HC|  |TAMS 0x0000000081200000, 0x0000000081100000| Complete 
|  18|0x0000000081200000, 0x0000000081300000, 0x0000000081300000|100%|HS|  |TAMS 0x0000000081300000, 0x0000000081200000| Complete 
|  19|0x0000000081300000, 0x0000000081400000, 0x0000000081400000|100%|HC|  |TAMS 0x0000000081400000, 0x0000000081300000| Complete 
|  20|0x0000000081400000, 0x0000000081500000, 0x0000000081500000|100%|HC|  |TAMS 0x0000000081500000, 0x0000000081400000| Complete 
|  21|0x0000000081500000, 0x0000000081600000, 0x0000000081600000|100%|HS|  |TAMS 0x0000000081600000, 0x0000000081500000| Complete 
|  22|0x0000000081600000, 0x0000000081700000, 0x0000000081700000|100%|HC|  |TAMS 0x0000000081700000, 0x0000000081600000| Complete 
|  23|0x0000000081700000, 0x0000000081800000, 0x0000000081800000|100%|HC|  |TAMS 0x0000000081800000, 0x0000000081700000| Complete 
|  24|0x0000000081800000, 0x0000000081900000, 0x0000000081900000|100%|HC|  |TAMS 0x0000000081900000, 0x0000000081800000| Complete 
|  25|0x0000000081900000, 0x0000000081a00000, 0x0000000081a00000|100%| O|  |TAMS 0x0000000081a00000, 0x0000000081900000| Untracked 
|  26|0x0000000081a00000, 0x0000000081b00000, 0x0000000081b00000|100%| O|  |TAMS 0x0000000081b00000, 0x0000000081a00000| Complete 
|  27|0x0000000081b00000, 0x0000000081c00000, 0x0000000081c00000|100%| O|  |TAMS 0x0000000081c00000, 0x0000000081b00000| Untracked 
|  28|0x0000000081c00000, 0x0000000081d00000, 0x0000000081d00000|100%| O|  |TAMS 0x0000000081d00000, 0x0000000081c00000| Untracked 
|  29|0x0000000081d00000, 0x0000000081e00000, 0x0000000081e00000|100%| O|  |TAMS 0x0000000081e00000, 0x0000000081d00000| Complete 
|  30|0x0000000081e00000, 0x0000000081f00000, 0x0000000081f00000|100%| O|  |TAMS 0x0000000081f00000, 0x0000000081e00000| Complete 
|  31|0x0000000081f00000, 0x0000000082000000, 0x0000000082000000|100%| O|  |TAMS 0x0000000082000000, 0x0000000081f00000| Complete 
|  32|0x0000000082000000, 0x0000000082100000, 0x0000000082100000|100%| O|  |TAMS 0x0000000082100000, 0x0000000082000000| Complete 
|  33|0x0000000082100000, 0x0000000082200000, 0x0000000082200000|100%| O|  |TAMS 0x0000000082200000, 0x0000000082100000| Complete 
|  34|0x0000000082200000, 0x0000000082200000, 0x0000000082300000|  0%| F|  |TAMS 0x0000000082200000, 0x0000000082200000| Untracked 
|  35|0x0000000082300000, 0x0000000082400000, 0x0000000082400000|100%| O|  |TAMS 0x0000000082400000, 0x0000000082300000| Untracked 
|  36|0x0000000082400000, 0x0000000082500000, 0x0000000082500000|100%| O|  |TAMS 0x0000000082500000, 0x0000000082400000| Untracked 
|  37|0x0000000082500000, 0x0000000082600000, 0x0000000082600000|100%| O|  |TAMS 0x0000000082600000, 0x0000000082500000| Untracked 
|  38|0x0000000082600000, 0x0000000082700000, 0x0000000082700000|100%| O|  |TAMS 0x0000000082700000, 0x0000000082600000| Untracked 
|  39|0x0000000082700000, 0x0000000082700000, 0x0000000082800000|  0%| F|  |TAMS 0x0000000082700000, 0x0000000082700000| Untracked 
|  40|0x0000000082800000, 0x0000000082900000, 0x0000000082900000|100%| O|  |TAMS 0x0000000082900000, 0x0000000082800000| Untracked 
|  41|0x0000000082900000, 0x0000000082a00000, 0x0000000082a00000|100%| O|  |TAMS 0x0000000082a00000, 0x0000000082900000| Complete 
|  42|0x0000000082a00000, 0x0000000082b00000, 0x0000000082b00000|100%| O|  |TAMS 0x0000000082b00000, 0x0000000082a00000| Untracked 
|  43|0x0000000082b00000, 0x0000000082c00000, 0x0000000082c00000|100%| O|  |TAMS 0x0000000082c00000, 0x0000000082b00000| Complete 
|  44|0x0000000082c00000, 0x0000000082d00000, 0x0000000082d00000|100%| O|  |TAMS 0x0000000082d00000, 0x0000000082c00000| Complete 
|  45|0x0000000082d00000, 0x0000000082e00000, 0x0000000082e00000|100%| O|  |TAMS 0x0000000082e00000, 0x0000000082d00000| Untracked 
|  46|0x0000000082e00000, 0x0000000082f00000, 0x0000000082f00000|100%| O|  |TAMS 0x0000000082f00000, 0x0000000082e00000| Complete 
|  47|0x0000000082f00000, 0x0000000083000000, 0x0000000083000000|100%| O|  |TAMS 0x0000000083000000, 0x0000000082f00000| Untracked 
|  48|0x0000000083000000, 0x0000000083100000, 0x0000000083100000|100%| O|  |TAMS 0x0000000083100000, 0x0000000083000000| Untracked 
|  49|0x0000000083100000, 0x0000000083200000, 0x0000000083200000|100%| O|  |TAMS 0x0000000083200000, 0x0000000083100000| Complete 
|  50|0x0000000083200000, 0x0000000083300000, 0x0000000083300000|100%| O|  |TAMS 0x0000000083300000, 0x0000000083200000| Untracked 
|  51|0x0000000083300000, 0x0000000083400000, 0x0000000083400000|100%|HS|  |TAMS 0x0000000083400000, 0x0000000083300000| Complete 
|  52|0x0000000083400000, 0x0000000083500000, 0x0000000083500000|100%| O|  |TAMS 0x0000000083500000, 0x0000000083400000| Untracked 
|  53|0x0000000083500000, 0x0000000083500000, 0x0000000083600000|  0%| F|  |TAMS 0x0000000083500000, 0x0000000083500000| Untracked 
|  54|0x0000000083600000, 0x0000000083700000, 0x0000000083700000|100%|HS|  |TAMS 0x0000000083700000, 0x0000000083600000| Complete 
|  55|0x0000000083700000, 0x0000000083800000, 0x0000000083800000|100%|HC|  |TAMS 0x0000000083800000, 0x0000000083700000| Complete 
|  56|0x0000000083800000, 0x0000000083900000, 0x0000000083900000|100%| O|  |TAMS 0x0000000083900000, 0x0000000083800000| Complete 
|  57|0x0000000083900000, 0x0000000083a00000, 0x0000000083a00000|100%| O|  |TAMS 0x0000000083a00000, 0x0000000083900000| Untracked 
|  58|0x0000000083a00000, 0x0000000083b00000, 0x0000000083b00000|100%| O|  |TAMS 0x0000000083b00000, 0x0000000083a00000| Complete 
|  59|0x0000000083b00000, 0x0000000083c00000, 0x0000000083c00000|100%| O|  |TAMS 0x0000000083c00000, 0x0000000083b00000| Untracked 
|  60|0x0000000083c00000, 0x0000000083c00000, 0x0000000083d00000|  0%| F|  |TAMS 0x0000000083c00000, 0x0000000083c00000| Untracked 
|  61|0x0000000083d00000, 0x0000000083e00000, 0x0000000083e00000|100%| O|  |TAMS 0x0000000083e00000, 0x0000000083d00000| Complete 
|  62|0x0000000083e00000, 0x0000000083f00000, 0x0000000083f00000|100%| O|  |TAMS 0x0000000083f00000, 0x0000000083e00000| Complete 
|  63|0x0000000083f00000, 0x0000000084000000, 0x0000000084000000|100%| O|  |TAMS 0x0000000084000000, 0x0000000083f00000| Untracked 
|  64|0x0000000084000000, 0x0000000084100000, 0x0000000084100000|100%| O|  |TAMS 0x0000000084100000, 0x0000000084000000| Untracked 
|  65|0x0000000084100000, 0x0000000084200000, 0x0000000084200000|100%| O|  |TAMS 0x0000000084200000, 0x0000000084100000| Untracked 
|  66|0x0000000084200000, 0x0000000084300000, 0x0000000084300000|100%| O|  |TAMS 0x0000000084300000, 0x0000000084200000| Untracked 
|  67|0x0000000084300000, 0x0000000084400000, 0x0000000084400000|100%| O|  |TAMS 0x0000000084400000, 0x0000000084300000| Complete 
|  68|0x0000000084400000, 0x0000000084500000, 0x0000000084500000|100%| O|  |TAMS 0x0000000084500000, 0x0000000084400000| Untracked 
|  69|0x0000000084500000, 0x0000000084600000, 0x0000000084600000|100%| O|  |TAMS 0x0000000084600000, 0x0000000084500000| Untracked 
|  70|0x0000000084600000, 0x0000000084700000, 0x0000000084700000|100%| O|  |TAMS 0x0000000084700000, 0x0000000084600000| Untracked 
|  71|0x0000000084700000, 0x0000000084800000, 0x0000000084800000|100%| O|  |TAMS 0x0000000084800000, 0x0000000084700000| Untracked 
|  72|0x0000000084800000, 0x0000000084900000, 0x0000000084900000|100%| O|  |TAMS 0x0000000084900000, 0x0000000084800000| Untracked 
|  73|0x0000000084900000, 0x0000000084a00000, 0x0000000084a00000|100%| O|  |TAMS 0x0000000084a00000, 0x0000000084900000| Untracked 
|  74|0x0000000084a00000, 0x0000000084b00000, 0x0000000084b00000|100%| O|  |TAMS 0x0000000084b00000, 0x0000000084a00000| Complete 
|  75|0x0000000084b00000, 0x0000000084c00000, 0x0000000084c00000|100%| O|  |TAMS 0x0000000084b00000, 0x0000000084b00000| Untracked 
|  76|0x0000000084c00000, 0x0000000084d00000, 0x0000000084d00000|100%|HS|  |TAMS 0x0000000084d00000, 0x0000000084c00000| Complete 
|  77|0x0000000084d00000, 0x0000000084e00000, 0x0000000084e00000|100%|HS|  |TAMS 0x0000000084e00000, 0x0000000084d00000| Complete 
|  78|0x0000000084e00000, 0x0000000084f00000, 0x0000000084f00000|100%|HS|  |TAMS 0x0000000084f00000, 0x0000000084e00000| Complete 
|  79|0x0000000084f00000, 0x0000000085000000, 0x0000000085000000|100%| O|  |TAMS 0x0000000085000000, 0x0000000084f00000| Complete 
|  80|0x0000000085000000, 0x0000000085100000, 0x0000000085100000|100%|HS|  |TAMS 0x0000000085100000, 0x0000000085000000| Complete 
|  81|0x0000000085100000, 0x0000000085200000, 0x0000000085200000|100%| O|  |TAMS 0x0000000085200000, 0x0000000085100000| Untracked 
|  82|0x0000000085200000, 0x0000000085300000, 0x0000000085300000|100%| O|  |TAMS 0x0000000085300000, 0x0000000085200000| Untracked 
|  83|0x0000000085300000, 0x0000000085400000, 0x0000000085400000|100%| O|  |TAMS 0x0000000085400000, 0x0000000085300000| Complete 
|  84|0x0000000085400000, 0x0000000085500000, 0x0000000085500000|100%| O|  |TAMS 0x0000000085500000, 0x0000000085400000| Complete 
|  85|0x0000000085500000, 0x0000000085600000, 0x0000000085600000|100%| O|  |TAMS 0x0000000085600000, 0x0000000085500000| Untracked 
|  86|0x0000000085600000, 0x0000000085700000, 0x0000000085700000|100%| O|  |TAMS 0x0000000085700000, 0x0000000085600000| Untracked 
|  87|0x0000000085700000, 0x0000000085800000, 0x0000000085800000|100%|HS|  |TAMS 0x0000000085800000, 0x0000000085700000| Complete 
|  88|0x0000000085800000, 0x0000000085900000, 0x0000000085900000|100%| O|  |TAMS 0x0000000085900000, 0x0000000085800000| Untracked 
|  89|0x0000000085900000, 0x0000000085a00000, 0x0000000085a00000|100%| O|  |TAMS 0x0000000085a00000, 0x0000000085900000| Untracked 
|  90|0x0000000085a00000, 0x0000000085b00000, 0x0000000085b00000|100%| O|  |TAMS 0x0000000085b00000, 0x0000000085a00000| Untracked 
|  91|0x0000000085b00000, 0x0000000085c00000, 0x0000000085c00000|100%| O|  |TAMS 0x0000000085c00000, 0x0000000085b00000| Untracked 
|  92|0x0000000085c00000, 0x0000000085d00000, 0x0000000085d00000|100%| O|  |TAMS 0x0000000085d00000, 0x0000000085c00000| Untracked 
|  93|0x0000000085d00000, 0x0000000085d00000, 0x0000000085e00000|  0%| F|  |TAMS 0x0000000085d00000, 0x0000000085d00000| Untracked 
|  94|0x0000000085e00000, 0x0000000085f00000, 0x0000000085f00000|100%| O|  |TAMS 0x0000000085f00000, 0x0000000085e00000| Untracked 
|  95|0x0000000085f00000, 0x0000000086000000, 0x0000000086000000|100%| O|  |TAMS 0x0000000086000000, 0x0000000085f00000| Complete 
|  96|0x0000000086000000, 0x0000000086100000, 0x0000000086100000|100%| O|  |TAMS 0x0000000086100000, 0x0000000086000000| Untracked 
|  97|0x0000000086100000, 0x0000000086200000, 0x0000000086200000|100%| O|  |TAMS 0x0000000086200000, 0x0000000086100000| Untracked 
|  98|0x0000000086200000, 0x0000000086300000, 0x0000000086300000|100%|HS|  |TAMS 0x0000000086300000, 0x0000000086200000| Complete 
|  99|0x0000000086300000, 0x0000000086400000, 0x0000000086400000|100%| O|  |TAMS 0x0000000086400000, 0x0000000086300000| Complete 
| 100|0x0000000086400000, 0x0000000086500000, 0x0000000086500000|100%| O|  |TAMS 0x0000000086500000, 0x0000000086400000| Complete 
| 101|0x0000000086500000, 0x0000000086600000, 0x0000000086600000|100%| O|  |TAMS 0x0000000086600000, 0x0000000086500000| Untracked 
| 102|0x0000000086600000, 0x0000000086700000, 0x0000000086700000|100%| O|  |TAMS 0x0000000086700000, 0x0000000086600000| Complete 
| 103|0x0000000086700000, 0x0000000086700000, 0x0000000086800000|  0%| F|  |TAMS 0x0000000086700000, 0x0000000086700000| Untracked 
| 104|0x0000000086800000, 0x0000000086900000, 0x0000000086900000|100%| O|  |TAMS 0x0000000086900000, 0x0000000086800000| Complete 
| 105|0x0000000086900000, 0x0000000086a00000, 0x0000000086a00000|100%| O|  |TAMS 0x0000000086a00000, 0x0000000086900000| Complete 
| 106|0x0000000086a00000, 0x0000000086b00000, 0x0000000086b00000|100%|HS|  |TAMS 0x0000000086b00000, 0x0000000086a00000| Complete 
| 107|0x0000000086b00000, 0x0000000086c00000, 0x0000000086c00000|100%|HC|  |TAMS 0x0000000086c00000, 0x0000000086b00000| Complete 
| 108|0x0000000086c00000, 0x0000000086d00000, 0x0000000086d00000|100%|HC|  |TAMS 0x0000000086d00000, 0x0000000086c00000| Complete 
| 109|0x0000000086d00000, 0x0000000086e00000, 0x0000000086e00000|100%|HC|  |TAMS 0x0000000086e00000, 0x0000000086d00000| Complete 
| 110|0x0000000086e00000, 0x0000000086f00000, 0x0000000086f00000|100%|HC|  |TAMS 0x0000000086f00000, 0x0000000086e00000| Complete 
| 111|0x0000000086f00000, 0x0000000087000000, 0x0000000087000000|100%| O|  |TAMS 0x0000000087000000, 0x0000000086f00000| Untracked 
| 112|0x0000000087000000, 0x0000000087100000, 0x0000000087100000|100%| O|  |TAMS 0x0000000087100000, 0x0000000087000000| Untracked 
| 113|0x0000000087100000, 0x0000000087200000, 0x0000000087200000|100%| O|  |TAMS 0x0000000087200000, 0x0000000087100000| Untracked 
| 114|0x0000000087200000, 0x0000000087300000, 0x0000000087300000|100%| O|  |TAMS 0x0000000087300000, 0x0000000087200000| Complete 
| 115|0x0000000087300000, 0x0000000087400000, 0x0000000087400000|100%| O|  |TAMS 0x0000000087400000, 0x0000000087300000| Complete 
| 116|0x0000000087400000, 0x0000000087500000, 0x0000000087500000|100%| O|  |TAMS 0x0000000087500000, 0x0000000087400000| Untracked 
| 117|0x0000000087500000, 0x0000000087600000, 0x0000000087600000|100%| O|  |TAMS 0x0000000087600000, 0x0000000087500000| Complete 
| 118|0x0000000087600000, 0x0000000087600000, 0x0000000087700000|  0%| F|  |TAMS 0x0000000087600000, 0x0000000087600000| Untracked 
| 119|0x0000000087700000, 0x0000000087700000, 0x0000000087800000|  0%| F|  |TAMS 0x0000000087700000, 0x0000000087700000| Untracked 
| 120|0x0000000087800000, 0x0000000087800000, 0x0000000087900000|  0%| F|  |TAMS 0x0000000087800000, 0x0000000087800000| Untracked 
| 121|0x0000000087900000, 0x0000000087a00000, 0x0000000087a00000|100%| O|  |TAMS 0x0000000087a00000, 0x0000000087900000| Untracked 
| 122|0x0000000087a00000, 0x0000000087b00000, 0x0000000087b00000|100%| O|  |TAMS 0x0000000087b00000, 0x0000000087a00000| Untracked 
| 123|0x0000000087b00000, 0x0000000087c00000, 0x0000000087c00000|100%| O|  |TAMS 0x0000000087c00000, 0x0000000087b00000| Untracked 
| 124|0x0000000087c00000, 0x0000000087d00000, 0x0000000087d00000|100%| O|  |TAMS 0x0000000087d00000, 0x0000000087c00000| Untracked 
| 125|0x0000000087d00000, 0x0000000087e00000, 0x0000000087e00000|100%| O|  |TAMS 0x0000000087e00000, 0x0000000087d00000| Untracked 
| 126|0x0000000087e00000, 0x0000000087f00000, 0x0000000087f00000|100%| O|  |TAMS 0x0000000087f00000, 0x0000000087e00000| Untracked 
| 127|0x0000000087f00000, 0x0000000088000000, 0x0000000088000000|100%| O|  |TAMS 0x0000000088000000, 0x0000000087f00000| Untracked 
| 128|0x0000000088000000, 0x0000000088100000, 0x0000000088100000|100%| O|  |TAMS 0x0000000088100000, 0x0000000088000000| Untracked 
| 129|0x0000000088100000, 0x0000000088200000, 0x0000000088200000|100%| O|  |TAMS 0x0000000088200000, 0x0000000088100000| Untracked 
| 130|0x0000000088200000, 0x0000000088300000, 0x0000000088300000|100%| O|  |TAMS 0x0000000088300000, 0x0000000088200000| Untracked 
| 131|0x0000000088300000, 0x0000000088400000, 0x0000000088400000|100%|HS|  |TAMS 0x0000000088300000, 0x0000000088300000| Complete 
| 132|0x0000000088400000, 0x0000000088500000, 0x0000000088500000|100%| O|  |TAMS 0x0000000088400000, 0x0000000088400000| Untracked 
| 133|0x0000000088500000, 0x0000000088600000, 0x0000000088600000|100%| O|  |TAMS 0x0000000088600000, 0x0000000088500000| Untracked 
| 134|0x0000000088600000, 0x0000000088700000, 0x0000000088700000|100%| O|  |TAMS 0x0000000088700000, 0x0000000088600000| Complete 
| 135|0x0000000088700000, 0x0000000088800000, 0x0000000088800000|100%| O|  |TAMS 0x0000000088800000, 0x0000000088700000| Untracked 
| 136|0x0000000088800000, 0x0000000088900000, 0x0000000088900000|100%| O|  |TAMS 0x0000000088900000, 0x0000000088800000| Untracked 
| 137|0x0000000088900000, 0x0000000088a00000, 0x0000000088a00000|100%| O|  |TAMS 0x0000000088a00000, 0x0000000088900000| Untracked 
| 138|0x0000000088a00000, 0x0000000088b00000, 0x0000000088b00000|100%| O|  |TAMS 0x0000000088b00000, 0x0000000088a00000| Untracked 
| 139|0x0000000088b00000, 0x0000000088c00000, 0x0000000088c00000|100%| O|  |TAMS 0x0000000088c00000, 0x0000000088b00000| Untracked 
| 140|0x0000000088c00000, 0x0000000088d00000, 0x0000000088d00000|100%| O|  |TAMS 0x0000000088d00000, 0x0000000088c00000| Untracked 
| 141|0x0000000088d00000, 0x0000000088e00000, 0x0000000088e00000|100%| O|  |TAMS 0x0000000088e00000, 0x0000000088d00000| Untracked 
| 142|0x0000000088e00000, 0x0000000088f00000, 0x0000000088f00000|100%| O|  |TAMS 0x0000000088f00000, 0x0000000088e00000| Untracked 
| 143|0x0000000088f00000, 0x0000000089000000, 0x0000000089000000|100%| O|  |TAMS 0x0000000089000000, 0x0000000088f00000| Complete 
| 144|0x0000000089000000, 0x0000000089100000, 0x0000000089100000|100%| O|  |TAMS 0x0000000089100000, 0x0000000089000000| Untracked 
| 145|0x0000000089100000, 0x0000000089200000, 0x0000000089200000|100%| O|  |TAMS 0x0000000089200000, 0x0000000089100000| Untracked 
| 146|0x0000000089200000, 0x0000000089300000, 0x0000000089300000|100%| O|  |TAMS 0x0000000089300000, 0x0000000089200000| Complete 
| 147|0x0000000089300000, 0x0000000089400000, 0x0000000089400000|100%|HS|  |TAMS 0x0000000089300000, 0x0000000089300000| Complete 
| 148|0x0000000089400000, 0x0000000089500000, 0x0000000089500000|100%| O|  |TAMS 0x0000000089500000, 0x0000000089400000| Untracked 
| 149|0x0000000089500000, 0x0000000089600000, 0x0000000089600000|100%| O|  |TAMS 0x0000000089600000, 0x0000000089500000| Untracked 
| 150|0x0000000089600000, 0x0000000089700000, 0x0000000089700000|100%| O|  |TAMS 0x0000000089700000, 0x0000000089600000| Untracked 
| 151|0x0000000089700000, 0x0000000089800000, 0x0000000089800000|100%| O|  |TAMS 0x0000000089800000, 0x0000000089700000| Untracked 
| 152|0x0000000089800000, 0x0000000089900000, 0x0000000089900000|100%| O|  |TAMS 0x0000000089900000, 0x0000000089800000| Complete 
| 153|0x0000000089900000, 0x0000000089a00000, 0x0000000089a00000|100%| O|  |TAMS 0x0000000089a00000, 0x0000000089900000| Untracked 
| 154|0x0000000089a00000, 0x0000000089b00000, 0x0000000089b00000|100%| O|  |TAMS 0x0000000089a00000, 0x0000000089a00000| Untracked 
| 155|0x0000000089b00000, 0x0000000089c00000, 0x0000000089c00000|100%| O|  |TAMS 0x0000000089c00000, 0x0000000089b00000| Complete 
| 156|0x0000000089c00000, 0x0000000089c00000, 0x0000000089d00000|  0%| F|  |TAMS 0x0000000089c00000, 0x0000000089c00000| Untracked 
| 157|0x0000000089d00000, 0x0000000089e00000, 0x0000000089e00000|100%| O|  |TAMS 0x0000000089e00000, 0x0000000089d00000| Untracked 
| 158|0x0000000089e00000, 0x0000000089f00000, 0x0000000089f00000|100%| O|  |TAMS 0x0000000089e20200, 0x0000000089e00000| Untracked 
| 159|0x0000000089f00000, 0x000000008a000000, 0x000000008a000000|100%| O|  |TAMS 0x0000000089f00000, 0x0000000089f00000| Untracked 
| 160|0x000000008a000000, 0x000000008a100000, 0x000000008a100000|100%| O|  |TAMS 0x000000008a000000, 0x000000008a000000| Untracked 
| 161|0x000000008a100000, 0x000000008a200000, 0x000000008a200000|100%| O|  |TAMS 0x000000008a100000, 0x000000008a100000| Untracked 
| 162|0x000000008a200000, 0x000000008a300000, 0x000000008a300000|100%| O|  |TAMS 0x000000008a200000, 0x000000008a200000| Untracked 
| 163|0x000000008a300000, 0x000000008a400000, 0x000000008a400000|100%| O|  |TAMS 0x000000008a300000, 0x000000008a300000| Untracked 
| 164|0x000000008a400000, 0x000000008a500000, 0x000000008a500000|100%| O|  |TAMS 0x000000008a400000, 0x000000008a400000| Untracked 
| 165|0x000000008a500000, 0x000000008a5a0200, 0x000000008a600000| 62%| O|  |TAMS 0x000000008a500000, 0x000000008a500000| Untracked 
| 166|0x000000008a600000, 0x000000008a600000, 0x000000008a700000|  0%| F|  |TAMS 0x000000008a600000, 0x000000008a600000| Untracked 
| 167|0x000000008a700000, 0x000000008a700000, 0x000000008a800000|  0%| F|  |TAMS 0x000000008a700000, 0x000000008a700000| Untracked 
| 168|0x000000008a800000, 0x000000008a800000, 0x000000008a900000|  0%| F|  |TAMS 0x000000008a800000, 0x000000008a800000| Untracked 
| 169|0x000000008a900000, 0x000000008a900000, 0x000000008aa00000|  0%| F|  |TAMS 0x000000008a900000, 0x000000008a900000| Untracked 
| 170|0x000000008aa00000, 0x000000008aa00000, 0x000000008ab00000|  0%| F|  |TAMS 0x000000008aa00000, 0x000000008aa00000| Untracked 
| 171|0x000000008ab00000, 0x000000008ab00000, 0x000000008ac00000|  0%| F|  |TAMS 0x000000008ab00000, 0x000000008ab00000| Untracked 
| 172|0x000000008ac00000, 0x000000008ac00000, 0x000000008ad00000|  0%| F|  |TAMS 0x000000008ac00000, 0x000000008ac00000| Untracked 
| 173|0x000000008ad00000, 0x000000008ad00000, 0x000000008ae00000|  0%| F|  |TAMS 0x000000008ad00000, 0x000000008ad00000| Untracked 
| 174|0x000000008ae00000, 0x000000008ae00000, 0x000000008af00000|  0%| F|  |TAMS 0x000000008ae00000, 0x000000008ae00000| Untracked 
| 175|0x000000008af00000, 0x000000008af00000, 0x000000008b000000|  0%| F|  |TAMS 0x000000008af00000, 0x000000008af00000| Untracked 
| 176|0x000000008b000000, 0x000000008b000000, 0x000000008b100000|  0%| F|  |TAMS 0x000000008b000000, 0x000000008b000000| Untracked 
| 177|0x000000008b100000, 0x000000008b100000, 0x000000008b200000|  0%| F|  |TAMS 0x000000008b100000, 0x000000008b100000| Untracked 
| 178|0x000000008b200000, 0x000000008b200000, 0x000000008b300000|  0%| F|  |TAMS 0x000000008b200000, 0x000000008b200000| Untracked 
| 179|0x000000008b300000, 0x000000008b300000, 0x000000008b400000|  0%| F|  |TAMS 0x000000008b300000, 0x000000008b300000| Untracked 
| 180|0x000000008b400000, 0x000000008b400000, 0x000000008b500000|  0%| F|  |TAMS 0x000000008b400000, 0x000000008b400000| Untracked 
| 181|0x000000008b500000, 0x000000008b500000, 0x000000008b600000|  0%| F|  |TAMS 0x000000008b500000, 0x000000008b500000| Untracked 
| 182|0x000000008b600000, 0x000000008b600000, 0x000000008b700000|  0%| F|  |TAMS 0x000000008b600000, 0x000000008b600000| Untracked 
| 183|0x000000008b700000, 0x000000008b700000, 0x000000008b800000|  0%| F|  |TAMS 0x000000008b700000, 0x000000008b700000| Untracked 
| 184|0x000000008b800000, 0x000000008b800000, 0x000000008b900000|  0%| F|  |TAMS 0x000000008b800000, 0x000000008b800000| Untracked 
| 185|0x000000008b900000, 0x000000008b900000, 0x000000008ba00000|  0%| F|  |TAMS 0x000000008b900000, 0x000000008b900000| Untracked 
| 186|0x000000008ba00000, 0x000000008ba00000, 0x000000008bb00000|  0%| F|  |TAMS 0x000000008ba00000, 0x000000008ba00000| Untracked 
| 187|0x000000008bb00000, 0x000000008bb00000, 0x000000008bc00000|  0%| F|  |TAMS 0x000000008bb00000, 0x000000008bb00000| Untracked 
| 188|0x000000008bc00000, 0x000000008bc00000, 0x000000008bd00000|  0%| F|  |TAMS 0x000000008bc00000, 0x000000008bc00000| Untracked 
| 189|0x000000008bd00000, 0x000000008bd00000, 0x000000008be00000|  0%| F|  |TAMS 0x000000008bd00000, 0x000000008bd00000| Untracked 
| 190|0x000000008be00000, 0x000000008be00000, 0x000000008bf00000|  0%| F|  |TAMS 0x000000008be00000, 0x000000008be00000| Untracked 
| 191|0x000000008bf00000, 0x000000008bf00000, 0x000000008c000000|  0%| F|  |TAMS 0x000000008bf00000, 0x000000008bf00000| Untracked 
| 192|0x000000008c000000, 0x000000008c000000, 0x000000008c100000|  0%| F|  |TAMS 0x000000008c000000, 0x000000008c000000| Untracked 
| 193|0x000000008c100000, 0x000000008c100000, 0x000000008c200000|  0%| F|  |TAMS 0x000000008c100000, 0x000000008c100000| Untracked 
| 194|0x000000008c200000, 0x000000008c200000, 0x000000008c300000|  0%| F|  |TAMS 0x000000008c200000, 0x000000008c200000| Untracked 
| 195|0x000000008c300000, 0x000000008c300000, 0x000000008c400000|  0%| F|  |TAMS 0x000000008c300000, 0x000000008c300000| Untracked 
| 196|0x000000008c400000, 0x000000008c400000, 0x000000008c500000|  0%| F|  |TAMS 0x000000008c400000, 0x000000008c400000| Untracked 
| 197|0x000000008c500000, 0x000000008c500000, 0x000000008c600000|  0%| F|  |TAMS 0x000000008c500000, 0x000000008c500000| Untracked 
| 198|0x000000008c600000, 0x000000008c600000, 0x000000008c700000|  0%| F|  |TAMS 0x000000008c600000, 0x000000008c600000| Untracked 
| 199|0x000000008c700000, 0x000000008c700000, 0x000000008c800000|  0%| F|  |TAMS 0x000000008c700000, 0x000000008c700000| Untracked 
| 200|0x000000008c800000, 0x000000008c800000, 0x000000008c900000|  0%| F|  |TAMS 0x000000008c800000, 0x000000008c800000| Untracked 
| 201|0x000000008c900000, 0x000000008c900000, 0x000000008ca00000|  0%| F|  |TAMS 0x000000008c900000, 0x000000008c900000| Untracked 
| 202|0x000000008ca00000, 0x000000008ca00000, 0x000000008cb00000|  0%| F|  |TAMS 0x000000008ca00000, 0x000000008ca00000| Untracked 
| 203|0x000000008cb00000, 0x000000008cb00000, 0x000000008cc00000|  0%| F|  |TAMS 0x000000008cb00000, 0x000000008cb00000| Untracked 
| 204|0x000000008cc00000, 0x000000008cc00000, 0x000000008cd00000|  0%| F|  |TAMS 0x000000008cc00000, 0x000000008cc00000| Untracked 
| 205|0x000000008cd00000, 0x000000008cd00000, 0x000000008ce00000|  0%| F|  |TAMS 0x000000008cd00000, 0x000000008cd00000| Untracked 
| 206|0x000000008ce00000, 0x000000008ce00000, 0x000000008cf00000|  0%| F|  |TAMS 0x000000008ce00000, 0x000000008ce00000| Untracked 
| 207|0x000000008cf00000, 0x000000008cf00000, 0x000000008d000000|  0%| F|  |TAMS 0x000000008cf00000, 0x000000008cf00000| Untracked 
| 208|0x000000008d000000, 0x000000008d000000, 0x000000008d100000|  0%| F|  |TAMS 0x000000008d000000, 0x000000008d000000| Untracked 
| 209|0x000000008d100000, 0x000000008d100000, 0x000000008d200000|  0%| F|  |TAMS 0x000000008d100000, 0x000000008d100000| Untracked 
| 210|0x000000008d200000, 0x000000008d200000, 0x000000008d300000|  0%| F|  |TAMS 0x000000008d200000, 0x000000008d200000| Untracked 
| 211|0x000000008d300000, 0x000000008d300000, 0x000000008d400000|  0%| F|  |TAMS 0x000000008d300000, 0x000000008d300000| Untracked 
| 212|0x000000008d400000, 0x000000008d400000, 0x000000008d500000|  0%| F|  |TAMS 0x000000008d400000, 0x000000008d400000| Untracked 
| 213|0x000000008d500000, 0x000000008d500000, 0x000000008d600000|  0%| F|  |TAMS 0x000000008d500000, 0x000000008d500000| Untracked 
| 214|0x000000008d600000, 0x000000008d600000, 0x000000008d700000|  0%| F|  |TAMS 0x000000008d600000, 0x000000008d600000| Untracked 
| 215|0x000000008d700000, 0x000000008d700000, 0x000000008d800000|  0%| F|  |TAMS 0x000000008d700000, 0x000000008d700000| Untracked 
| 216|0x000000008d800000, 0x000000008d800000, 0x000000008d900000|  0%| F|  |TAMS 0x000000008d800000, 0x000000008d800000| Untracked 
| 217|0x000000008d900000, 0x000000008d900000, 0x000000008da00000|  0%| F|  |TAMS 0x000000008d900000, 0x000000008d900000| Untracked 
| 218|0x000000008da00000, 0x000000008da00000, 0x000000008db00000|  0%| F|  |TAMS 0x000000008da00000, 0x000000008da00000| Untracked 
| 219|0x000000008db00000, 0x000000008db00000, 0x000000008dc00000|  0%| F|  |TAMS 0x000000008db00000, 0x000000008db00000| Untracked 
| 220|0x000000008dc00000, 0x000000008dc00000, 0x000000008dd00000|  0%| F|  |TAMS 0x000000008dc00000, 0x000000008dc00000| Untracked 
| 221|0x000000008dd00000, 0x000000008dd00000, 0x000000008de00000|  0%| F|  |TAMS 0x000000008dd00000, 0x000000008dd00000| Untracked 
| 222|0x000000008de00000, 0x000000008de00000, 0x000000008df00000|  0%| F|  |TAMS 0x000000008de00000, 0x000000008de00000| Untracked 
| 223|0x000000008df00000, 0x000000008df00000, 0x000000008e000000|  0%| F|  |TAMS 0x000000008df00000, 0x000000008df00000| Untracked 
| 224|0x000000008e000000, 0x000000008e000000, 0x000000008e100000|  0%| F|  |TAMS 0x000000008e000000, 0x000000008e000000| Untracked 
| 225|0x000000008e100000, 0x000000008e100000, 0x000000008e200000|  0%| F|  |TAMS 0x000000008e100000, 0x000000008e100000| Untracked 
| 226|0x000000008e200000, 0x000000008e200000, 0x000000008e300000|  0%| F|  |TAMS 0x000000008e200000, 0x000000008e200000| Untracked 
| 227|0x000000008e300000, 0x000000008e300000, 0x000000008e400000|  0%| F|  |TAMS 0x000000008e300000, 0x000000008e300000| Untracked 
| 228|0x000000008e400000, 0x000000008e400000, 0x000000008e500000|  0%| F|  |TAMS 0x000000008e400000, 0x000000008e400000| Untracked 
| 229|0x000000008e500000, 0x000000008e5755f8, 0x000000008e600000| 45%| S|CS|TAMS 0x000000008e500000, 0x000000008e500000| Complete 
| 230|0x000000008e600000, 0x000000008e700000, 0x000000008e700000|100%| S|CS|TAMS 0x000000008e600000, 0x000000008e600000| Complete 
| 231|0x000000008e700000, 0x000000008e700000, 0x000000008e800000|  0%| F|  |TAMS 0x000000008e700000, 0x000000008e700000| Untracked 
| 232|0x000000008e800000, 0x000000008e800000, 0x000000008e900000|  0%| F|  |TAMS 0x000000008e800000, 0x000000008e800000| Untracked 
| 233|0x000000008e900000, 0x000000008e900000, 0x000000008ea00000|  0%| F|  |TAMS 0x000000008e900000, 0x000000008e900000| Untracked 
| 234|0x000000008ea00000, 0x000000008ea00000, 0x000000008eb00000|  0%| F|  |TAMS 0x000000008ea00000, 0x000000008ea00000| Untracked 
| 235|0x000000008eb00000, 0x000000008eb00000, 0x000000008ec00000|  0%| F|  |TAMS 0x000000008eb00000, 0x000000008eb00000| Untracked 
| 236|0x000000008ec00000, 0x000000008ec00000, 0x000000008ed00000|  0%| F|  |TAMS 0x000000008ec00000, 0x000000008ec00000| Untracked 
| 237|0x000000008ed00000, 0x000000008ed00000, 0x000000008ee00000|  0%| F|  |TAMS 0x000000008ed00000, 0x000000008ed00000| Untracked 

Card table byte_map: [0x00000256fa990000,0x00000256fad90000] _byte_map_base: 0x00000256fa590000

Marking Bits (Prev, Next): (CMBitMap*) 0x00000256e7c5a370, (CMBitMap*) 0x00000256e7c5a338
 Prev Bits: [0x00000256fd190000, 0x00000256ff190000)
 Next Bits: [0x00000256fb190000, 0x00000256fd190000)

Polling page: 0x00000256e5b20000

Metaspace:

Usage:
  Non-class:    120.77 MB capacity,   118.82 MB ( 98%) used,     1.59 MB (  1%) free+waste,   375.00 KB ( <1%) overhead. 
      Class:     17.47 MB capacity,    16.43 MB ( 94%) used,   902.82 KB (  5%) free+waste,   161.06 KB ( <1%) overhead. 
       Both:    138.24 MB capacity,   135.25 MB ( 98%) used,     2.47 MB (  2%) free+waste,   536.06 KB ( <1%) overhead. 

Virtual space:
  Non-class space:      122.00 MB reserved,     120.95 MB (>99%) committed 
      Class space:        1.00 GB reserved,      17.50 MB (  2%) committed 
             Both:        1.12 GB reserved,     138.45 MB ( 12%) committed 

Chunk freelists:
   Non-Class:  0 bytes
       Class:  0 bytes
        Both:  0 bytes

MaxMetaspaceSize: 17179869184.00 GB
CompressedClassSpaceSize: 1.00 GB

CodeHeap 'non-profiled nmethods': size=120064Kb used=10597Kb max_used=10907Kb free=109466Kb
 bounds [0x00000256f3050000, 0x00000256f3b10000, 0x00000256fa590000]
CodeHeap 'profiled nmethods': size=120000Kb used=37740Kb max_used=39480Kb free=82259Kb
 bounds [0x00000256ebb20000, 0x00000256ee1e0000, 0x00000256f3050000]
CodeHeap 'non-nmethods': size=5696Kb used=2447Kb max_used=2504Kb free=3248Kb
 bounds [0x00000256eb590000, 0x00000256eb810000, 0x00000256ebb20000]
 total_blobs=18082 nmethods=16954 adapters=1039
 compilation: enabled
              stopped_count=0, restarted_count=0
 full_count=0

Compilation events (20 events):
Event: 10465.749 Thread 0x00000256ff345800 20722       2       com.android.tools.r8.graph.f::h (11 bytes)
Event: 10465.750 Thread 0x00000256ff345800 nmethod 20722 0x00000256ec18d090 code [0x00000256ec18d240, 0x00000256ec18d358]
Event: 10465.750 Thread 0x00000256ff345800 20724       2       com.android.tools.r8.dex.r::a (292 bytes)
Event: 10465.755 Thread 0x00000256ff345800 nmethod 20724 0x00000256ec626d90 code [0x00000256ec627100, 0x00000256ec628208]
Event: 10465.758 Thread 0x00000256ff345800 20725       2       com.android.tools.r8.dex.r::a (158 bytes)
Event: 10465.760 Thread 0x00000256ff345800 nmethod 20725 0x00000256ec3a4e90 code [0x00000256ec3a5120, 0x00000256ec3a5888]
Event: 10465.761 Thread 0x00000256ff345800 20726       2       com.android.tools.r8.naming.v$b::a (88 bytes)
Event: 10465.763 Thread 0x00000256ff345800 nmethod 20726 0x00000256ec458790 code [0x00000256ec458a40, 0x00000256ec459478]
Event: 10465.763 Thread 0x00000256ff345800 20727       2       java.lang.String::join (59 bytes)
Event: 10465.764 Thread 0x00000256ff345800 nmethod 20727 0x00000256ec2f5790 code [0x00000256ec2f59a0, 0x00000256ec2f5d48]
Event: 10465.772 Thread 0x00000256ff340800 nmethod 20713 0x00000256f36f5b90 code [0x00000256f36f5ea0, 0x00000256f36f8898]
Event: 10465.772 Thread 0x00000256ff340800 20719       4       com.android.tools.r8.graph.C::<init> (116 bytes)
Event: 10465.838 Thread 0x00000256ff345800 20731 %     3       com.android.tools.r8.naming.v$b::a @ 22 (88 bytes)
Event: 10465.841 Thread 0x00000256ff345800 nmethod 20731% 0x00000256ec630510 code [0x00000256ec6308c0, 0x00000256ec631f98]
Event: 10465.841 Thread 0x00000256ff345800 20732       3       com.android.tools.r8.naming.v$b::a (88 bytes)
Event: 10465.845 Thread 0x00000256ff345800 nmethod 20732 0x00000256ec63c090 code [0x00000256ec63c420, 0x00000256ec63d9d8]
Event: 10465.845 Thread 0x00000256ff345800 20733 %     3       java.lang.String::join @ 28 (59 bytes)
Event: 10465.846 Thread 0x00000256ff345800 nmethod 20733% 0x00000256ec4a8d90 code [0x00000256ec4a8fc0, 0x00000256ec4a9648]
Event: 10465.846 Thread 0x00000256ff345800 20734       3       java.lang.String::join (59 bytes)
Event: 10465.847 Thread 0x00000256ff345800 nmethod 20734 0x00000256ec50d510 code [0x00000256ec50d740, 0x00000256ec50dd08]

GC Heap History (20 events):
Event: 10458.042 GC heap after
{Heap after GC invocations=221 (full 0):
 garbage-first heap   total 199680K, used 136991K [0x0000000080000000, 0x0000000100000000)
  region size 1024K, 7 young (7168K), 7 survivors (7168K)
 Metaspace       used 138303K, capacity 141327K, committed 141520K, reserved 1173504K
  class space    used 16817K, capacity 17882K, committed 17920K, reserved 1048576K
}
Event: 10458.113 GC heap before
{Heap before GC invocations=221 (full 0):
 garbage-first heap   total 199680K, used 139039K [0x0000000080000000, 0x0000000100000000)
  region size 1024K, 9 young (9216K), 7 survivors (7168K)
 Metaspace       used 138303K, capacity 141327K, committed 141520K, reserved 1173504K
  class space    used 16817K, capacity 17882K, committed 17920K, reserved 1048576K
}
Event: 10458.205 GC heap after
{Heap after GC invocations=222 (full 0):
 garbage-first heap   total 199680K, used 137683K [0x0000000080000000, 0x0000000100000000)
  region size 1024K, 2 young (2048K), 2 survivors (2048K)
 Metaspace       used 138303K, capacity 141327K, committed 141520K, reserved 1173504K
  class space    used 16817K, capacity 17882K, committed 17920K, reserved 1048576K
}
Event: 10458.764 GC heap before
{Heap before GC invocations=222 (full 0):
 garbage-first heap   total 199680K, used 160211K [0x0000000080000000, 0x0000000100000000)
  region size 1024K, 25 young (25600K), 2 survivors (2048K)
 Metaspace       used 138321K, capacity 141393K, committed 141520K, reserved 1173504K
  class space    used 16817K, capacity 17882K, committed 17920K, reserved 1048576K
}
Event: 10458.843 GC heap after
{Heap after GC invocations=223 (full 0):
 garbage-first heap   total 199680K, used 151040K [0x0000000080000000, 0x0000000100000000)
  region size 1024K, 4 young (4096K), 4 survivors (4096K)
 Metaspace       used 138321K, capacity 141393K, committed 141520K, reserved 1173504K
  class space    used 16817K, capacity 17882K, committed 17920K, reserved 1048576K
}
Event: 10460.799 GC heap before
{Heap before GC invocations=224 (full 0):
 garbage-first heap   total 199680K, used 162304K [0x0000000080000000, 0x0000000100000000)
  region size 1024K, 17 young (17408K), 4 survivors (4096K)
 Metaspace       used 138383K, capacity 141408K, committed 141520K, reserved 1173504K
  class space    used 16823K, capacity 17886K, committed 17920K, reserved 1048576K
}
Event: 10460.877 GC heap after
{Heap after GC invocations=225 (full 0):
 garbage-first heap   total 199680K, used 154624K [0x0000000080000000, 0x0000000100000000)
  region size 1024K, 3 young (3072K), 3 survivors (3072K)
 Metaspace       used 138383K, capacity 141408K, committed 141520K, reserved 1173504K
  class space    used 16823K, capacity 17886K, committed 17920K, reserved 1048576K
}
Event: 10461.237 GC heap before
{Heap before GC invocations=225 (full 0):
 garbage-first heap   total 199680K, used 160768K [0x0000000080000000, 0x0000000100000000)
  region size 1024K, 9 young (9216K), 3 survivors (3072K)
 Metaspace       used 138431K, capacity 141472K, committed 141520K, reserved 1173504K
  class space    used 16823K, capacity 17886K, committed 17920K, reserved 1048576K
}
Event: 10461.319 GC heap after
{Heap after GC invocations=226 (full 0):
 garbage-first heap   total 199680K, used 148480K [0x0000000080000000, 0x0000000100000000)
  region size 1024K, 2 young (2048K), 2 survivors (2048K)
 Metaspace       used 138431K, capacity 141472K, committed 141520K, reserved 1173504K
  class space    used 16823K, capacity 17886K, committed 17920K, reserved 1048576K
}
Event: 10461.780 GC heap before
{Heap before GC invocations=226 (full 0):
 garbage-first heap   total 199680K, used 161792K [0x0000000080000000, 0x0000000100000000)
  region size 1024K, 16 young (16384K), 2 survivors (2048K)
 Metaspace       used 138446K, capacity 141472K, committed 141520K, reserved 1173504K
  class space    used 16823K, capacity 17886K, committed 17920K, reserved 1048576K
}
Event: 10461.840 GC heap after
{Heap after GC invocations=227 (full 0):
 garbage-first heap   total 243712K, used 152576K [0x0000000080000000, 0x0000000100000000)
  region size 1024K, 2 young (2048K), 2 survivors (2048K)
 Metaspace       used 138446K, capacity 141472K, committed 141520K, reserved 1173504K
  class space    used 16823K, capacity 17886K, committed 17920K, reserved 1048576K
}
Event: 10464.274 GC heap before
{Heap before GC invocations=228 (full 0):
 garbage-first heap   total 243712K, used 180224K [0x0000000080000000, 0x0000000100000000)
  region size 1024K, 29 young (29696K), 2 survivors (2048K)
 Metaspace       used 138485K, capacity 141558K, committed 141776K, reserved 1173504K
  class space    used 16828K, capacity 17892K, committed 17920K, reserved 1048576K
}
Event: 10464.332 GC heap after
{Heap after GC invocations=229 (full 0):
 garbage-first heap   total 243712K, used 160167K [0x0000000080000000, 0x0000000100000000)
  region size 1024K, 4 young (4096K), 4 survivors (4096K)
 Metaspace       used 138485K, capacity 141558K, committed 141776K, reserved 1173504K
  class space    used 16828K, capacity 17892K, committed 17920K, reserved 1048576K
}
Event: 10464.407 GC heap before
{Heap before GC invocations=229 (full 0):
 garbage-first heap   total 243712K, used 166311K [0x0000000080000000, 0x0000000100000000)
  region size 1024K, 11 young (11264K), 4 survivors (4096K)
 Metaspace       used 138487K, capacity 141558K, committed 141776K, reserved 1173504K
  class space    used 16828K, capacity 17892K, committed 17920K, reserved 1048576K
}
Event: 10464.463 GC heap after
{Heap after GC invocations=230 (full 0):
 garbage-first heap   total 243712K, used 158806K [0x0000000080000000, 0x0000000100000000)
  region size 1024K, 1 young (1024K), 1 survivors (1024K)
 Metaspace       used 138487K, capacity 141558K, committed 141776K, reserved 1173504K
  class space    used 16828K, capacity 17892K, committed 17920K, reserved 1048576K
}
Event: 10464.625 GC heap before
{Heap before GC invocations=230 (full 0):
 garbage-first heap   total 243712K, used 164950K [0x0000000080000000, 0x0000000100000000)
  region size 1024K, 9 young (9216K), 1 survivors (1024K)
 Metaspace       used 138490K, capacity 141558K, committed 141776K, reserved 1173504K
  class space    used 16828K, capacity 17892K, committed 17920K, reserved 1048576K
}
Event: 10464.638 GC heap after
{Heap after GC invocations=231 (full 0):
 garbage-first heap   total 243712K, used 160772K [0x0000000080000000, 0x0000000100000000)
  region size 1024K, 3 young (3072K), 3 survivors (3072K)
 Metaspace       used 138490K, capacity 141558K, committed 141776K, reserved 1173504K
  class space    used 16828K, capacity 17892K, committed 17920K, reserved 1048576K
}
Event: 10465.867 GC heap before
{Heap before GC invocations=232 (full 0):
 garbage-first heap   total 243712K, used 185348K [0x0000000080000000, 0x0000000100000000)
  region size 1024K, 27 young (27648K), 3 survivors (3072K)
 Metaspace       used 138495K, capacity 141558K, committed 141776K, reserved 1173504K
  class space    used 16828K, capacity 17892K, committed 17920K, reserved 1048576K
}
Event: 10465.893 GC heap after
{Heap after GC invocations=233 (full 0):
 garbage-first heap   total 243712K, used 164701K [0x0000000080000000, 0x0000000100000000)
  region size 1024K, 4 young (4096K), 4 survivors (4096K)
 Metaspace       used 138495K, capacity 141558K, committed 141776K, reserved 1173504K
  class space    used 16828K, capacity 17892K, committed 17920K, reserved 1048576K
}
Event: 10465.938 GC heap before
{Heap before GC invocations=233 (full 0):
 garbage-first heap   total 243712K, used 172893K [0x0000000080000000, 0x0000000100000000)
  region size 1024K, 11 young (11264K), 4 survivors (4096K)
 Metaspace       used 138495K, capacity 141558K, committed 141776K, reserved 1173504K
  class space    used 16828K, capacity 17892K, committed 17920K, reserved 1048576K
}

Deoptimization events (20 events):
Event: 10464.559 Thread 0x0000025688283800 Uncommon trap: trap_request=0xffffffad fr.pc=0x00000256f3a997f0 relative=0x0000000000000110
Event: 10464.559 Thread 0x0000025688283800 Uncommon trap: reason=uninitialized action=reinterpret pc=0x00000256f3a997f0 method=com.android.tools.r8.graph.t0.a(Lcom/android/tools/r8/graph/r0;)Lcom/android/tools/r8/graph/t0; @ 135 c2
Event: 10464.559 Thread 0x0000025688283800 DEOPT PACKING pc=0x00000256f3a997f0 sp=0x0000007f9d3fec20
Event: 10464.559 Thread 0x0000025688283800 DEOPT UNPACKING pc=0x00000256eb5b69aa sp=0x0000007f9d3feb58 mode 2
Event: 10465.001 Thread 0x0000025688283800 DEOPT PACKING pc=0x00000256ec483c87 sp=0x0000007f9d3febf0
Event: 10465.001 Thread 0x0000025688283800 DEOPT UNPACKING pc=0x00000256eb5b67c0 sp=0x0000007f9d3fe1c8 mode 0
Event: 10465.449 Thread 0x0000025688283800 DEOPT PACKING pc=0x00000256ee015b99 sp=0x0000007f9d3fecd0
Event: 10465.449 Thread 0x0000025688283800 DEOPT UNPACKING pc=0x00000256eb5b67c0 sp=0x0000007f9d3fe298 mode 0
Event: 10465.778 Thread 0x0000025688283800 DEOPT PACKING pc=0x00000256ebef1d8b sp=0x0000007f9d3fe910
Event: 10465.778 Thread 0x0000025688283800 DEOPT UNPACKING pc=0x00000256eb5b67c0 sp=0x0000007f9d3fddc8 mode 0
Event: 10465.792 Thread 0x0000025688283800 DEOPT PACKING pc=0x00000256ebef1d8b sp=0x0000007f9d3fe910
Event: 10465.792 Thread 0x0000025688283800 DEOPT UNPACKING pc=0x00000256eb5b67c0 sp=0x0000007f9d3fddc8 mode 0
Event: 10465.823 Thread 0x0000025688283800 DEOPT PACKING pc=0x00000256ebef1d8b sp=0x0000007f9d3fe8b0
Event: 10465.823 Thread 0x0000025688283800 DEOPT UNPACKING pc=0x00000256eb5b67c0 sp=0x0000007f9d3fdd68 mode 0
Event: 10465.845 Thread 0x0000025688283800 DEOPT PACKING pc=0x00000256ec4591df sp=0x0000007f9d3fe8c0
Event: 10465.845 Thread 0x0000025688283800 DEOPT UNPACKING pc=0x00000256eb5b67c0 sp=0x0000007f9d3fde70 mode 0
Event: 10465.848 Thread 0x0000025688283800 DEOPT PACKING pc=0x00000256ec2f5c2d sp=0x0000007f9d3fe8d0
Event: 10465.848 Thread 0x0000025688283800 DEOPT UNPACKING pc=0x00000256eb5b67c0 sp=0x0000007f9d3fdd90 mode 0
Event: 10465.926 Thread 0x0000025688283800 DEOPT PACKING pc=0x00000256ebef1d8b sp=0x0000007f9d3fe8b0
Event: 10465.926 Thread 0x0000025688283800 DEOPT UNPACKING pc=0x00000256eb5b67c0 sp=0x0000007f9d3fdd68 mode 0

Classes redefined (0 events):
No events

Internal exceptions (20 events):
Event: 10444.523 Thread 0x00000256866ca000 Exception <a 'sun/nio/fs/WindowsException'{0x000000008a46cd80}> (0x000000008a46cd80) thrown at [./src/hotspot/share/prims/jni.cpp, line 615]
Event: 10444.547 Thread 0x00000256866ca000 Exception <a 'sun/nio/fs/WindowsException'{0x000000008a47deb0}> (0x000000008a47deb0) thrown at [./src/hotspot/share/prims/jni.cpp, line 615]
Event: 10444.669 Thread 0x00000256856c0800 Exception <a 'java/lang/NoSuchMethodError'{0x000000008a009480}: <clinit>> (0x000000008a009480) thrown at [./src/hotspot/share/prims/jni.cpp, line 1362]
Event: 10446.517 Thread 0x00000256866ca000 Exception <a 'sun/nio/fs/WindowsException'{0x000000008bb9b1a0}> (0x000000008bb9b1a0) thrown at [./src/hotspot/share/prims/jni.cpp, line 615]
Event: 10446.608 Thread 0x00000256866ca000 Exception <a 'java/lang/NoSuchMethodError'{0x000000008ba35d80}: <clinit>> (0x000000008ba35d80) thrown at [./src/hotspot/share/prims/jni.cpp, line 1362]
Event: 10446.989 Thread 0x00000256866d5000 Exception <a 'sun/nio/fs/WindowsException'{0x000000008b27cbc8}> (0x000000008b27cbc8) thrown at [./src/hotspot/share/prims/jni.cpp, line 615]
Event: 10448.183 Thread 0x00000256866d5000 Exception <a 'java/lang/NoSuchMethodError'{0x000000008a9d96d8}: 'long java.lang.invoke.DirectMethodHandle$Holder.invokeStatic(java.lang.Object, java.lang.Object)'> (0x000000008a9d96d8) thrown at [./src/hotspot/share/interpreter/linkResolver.cpp, line 773]
Event: 10448.759 Thread 0x00000256866d5000 Exception <a 'java/lang/NoSuchMethodError'{0x0000000089ecd460}: 'java.lang.Object java.lang.invoke.DirectMethodHandle$Holder.newInvokeSpecial(java.lang.Object, int)'> (0x0000000089ecd460) thrown at [./src/hotspot/share/interpreter/linkResolver.cpp, line 773]
Event: 10448.909 Thread 0x00000256866d5000 Exception <a 'java/lang/NoSuchMethodError'{0x0000000089837530}: 'void java.lang.invoke.DirectMethodHandle$Holder.invokeStatic(java.lang.Object, java.lang.Object, java.lang.Object, int)'> (0x0000000089837530) thrown at [./src/hotspot/share/interpreter/linkResolver.cpp, line 773]
Event: 10448.923 Thread 0x00000256866d5000 Exception <a 'java/lang/IncompatibleClassChangeError'{0x000000008983f988}: Found class java.lang.Object, but interface was expected> (0x000000008983f988) thrown at [./src/hotspot/share/interpreter/linkResolver.cpp, line 839]
Event: 10449.656 Thread 0x00000256866d5000 Exception <a 'java/lang/NoSuchMethodError'{0x0000000089110a30}: 'void java.lang.invoke.DirectMethodHandle$Holder.invokeSpecial(java.lang.Object, java.lang.Object, int, java.lang.Object)'> (0x0000000089110a30) thrown at [./src/hotspot/share/interpreter/linkResolver.cpp, line 773]
Event: 10450.013 Thread 0x00000256866d5000 Exception <a 'java/lang/NoSuchMethodError'{0x0000000088e1aed8}: 'java.lang.Object java.lang.invoke.DirectMethodHandle$Holder.invokeVirtual(java.lang.Object, java.lang.Object, int, java.lang.Object)'> (0x0000000088e1aed8) thrown at [./src/hotspot/share/interpreter/linkResolver.cpp, line 773]
Event: 10450.108 Thread 0x00000256866c9000 Exception <a 'java/lang/NoSuchMethodError'{0x0000000088e7f1a8}: 'void java.lang.invoke.DirectMethodHandle$Holder.invokeVirtual(java.lang.Object, java.lang.Object, int, java.lang.Object)'> (0x0000000088e7f1a8) thrown at [./src/hotspot/share/interpreter/linkResolver.cpp, line 773]
Event: 10451.526 Thread 0x00000256866d5000 Exception <a 'java/lang/NoSuchMethodError'{0x000000008bcc4020}: 'java.lang.Object java.lang.invoke.DirectMethodHandle$Holder.invokeSpecial(java.lang.Object, java.lang.Object, java.lang.Object, java.lang.Object, java.lang.Object, java.lang.Object, java.lang.Object, java.lang.Object, java.lang.Object, java.lang.Object)'> (0x000000008bcc4020) thrown at [./src/hotspot/share/interpreter/linkResolver.cpp, line 773]
Event: 10451.527 Thread 0x00000256866d5000 Exception <a 'java/lang/NoSuchMethodError'{0x000000008bcc8110}: 'java.lang.Object java.lang.invoke.Invokers$Holder.linkToTargetMethod(java.lang.Object, java.lang.Object, java.lang.Object, java.lang.Object, java.lang.Object, java.lang.Object, java.lang.Object, java.lang.Object, java.lang.Object)'> (0x000000008bcc8110) thrown at [./src/hotspot/share/interpreter/linkResolver.cpp, line 773]
Event: 10452.014 Thread 0x00000256866d5000 Exception <a 'java/lang/NoSuchMethodError'{0x000000008b416210}: 'void java.lang.invoke.DirectMethodHandle$Holder.invokeVirtual(java.lang.Object, java.lang.Object, int)'> (0x000000008b416210) thrown at [./src/hotspot/share/interpreter/linkResolver.cpp, line 773]
Event: 10452.155 Thread 0x00000256866d5000 Exception <a 'sun/nio/fs/WindowsException'{0x000000008b314080}> (0x000000008b314080) thrown at [./src/hotspot/share/prims/jni.cpp, line 615]
Event: 10452.354 Thread 0x00000256866d5000 Exception <a 'sun/nio/fs/WindowsException'{0x000000008b322828}> (0x000000008b322828) thrown at [./src/hotspot/share/prims/jni.cpp, line 615]
Event: 10455.990 Thread 0x00000256856be000 Exception <a 'java/lang/NoSuchMethodError'{0x000000008c06cd00}: <clinit>> (0x000000008c06cd00) thrown at [./src/hotspot/share/prims/jni.cpp, line 1362]
Event: 10456.274 Thread 0x00000256866c9000 Exception <a 'sun/nio/fs/WindowsException'{0x000000008bd15ef0}> (0x000000008bd15ef0) thrown at [./src/hotspot/share/prims/jni.cpp, line 615]

Events (20 events):
Event: 10465.383 Thread 0x00000256ff355800 flushing nmethod 0x00000256ebc22c10
Event: 10465.402 Thread 0x00000256ff355800 flushing nmethod 0x00000256ed0ea410
Event: 10465.409 Thread 0x00000256ff355800 flushing nmethod 0x00000256eda8be10
Event: 10465.411 Thread 0x00000256ff355800 flushing nmethod 0x00000256edd1c910
Event: 10465.415 Thread 0x00000256ff355800 flushing nmethod 0x00000256ee067590
Event: 10465.416 Thread 0x00000256ff355800 flushing nmethod 0x00000256ee087910
Event: 10465.416 Thread 0x00000256ff355800 flushing nmethod 0x00000256ee0e0a90
Event: 10465.417 Executing VM operation: RevokeBias
Event: 10465.417 Executing VM operation: RevokeBias done
Event: 10465.417 Executing VM operation: RevokeBias
Event: 10465.418 Executing VM operation: RevokeBias done
Event: 10465.419 Executing VM operation: RevokeBias
Event: 10465.420 Executing VM operation: RevokeBias done
Event: 10465.420 Executing VM operation: BulkRevokeBias
Event: 10465.422 Executing VM operation: BulkRevokeBias done
Event: 10465.712 Executing VM operation: CGC_Operation
Event: 10465.712 Executing VM operation: CGC_Operation done
Event: 10465.867 Executing VM operation: G1CollectForAllocation
Event: 10465.894 Executing VM operation: G1CollectForAllocation done
Event: 10465.937 Executing VM operation: G1CollectForAllocation


Dynamic libraries:
0x00007ff704020000 - 0x00007ff70402a000 	C:\Program Files\Android\Android Studio\jre\bin\java.exe
0x00007ffe3b620000 - 0x00007ffe3b801000 	C:\Windows\SYSTEM32\ntdll.dll
0x00007ffe38ab0000 - 0x00007ffe38b62000 	C:\Windows\System32\KERNEL32.DLL
0x00007ffe37cf0000 - 0x00007ffe37f63000 	C:\Windows\System32\KERNELBASE.dll
0x00007ffe37bf0000 - 0x00007ffe37cea000 	C:\Windows\System32\ucrtbase.dll
0x00007ffe2e220000 - 0x00007ffe2e239000 	C:\Program Files\Android\Android Studio\jre\bin\jli.dll
0x00007ffe390d0000 - 0x00007ffe39260000 	C:\Windows\System32\USER32.dll
0x00007ffe37f70000 - 0x00007ffe37f90000 	C:\Windows\System32\win32u.dll
0x00007ffe39650000 - 0x00007ffe39678000 	C:\Windows\System32\GDI32.dll
0x00007ffe37a50000 - 0x00007ffe37be2000 	C:\Windows\System32\gdi32full.dll
0x00007ffe38090000 - 0x00007ffe3812f000 	C:\Windows\System32\msvcp_win.dll
0x00007ffe2a990000 - 0x00007ffe2abf9000 	C:\Windows\WinSxS\amd64_microsoft.windows.common-controls_6595b64144ccf1df_6.0.17133.73_none_b4b127863cb5b9c7\COMCTL32.dll
0x00007ffe39710000 - 0x00007ffe397ae000 	C:\Windows\System32\msvcrt.dll
0x00007ffe3aef0000 - 0x00007ffe3b213000 	C:\Windows\System32\combase.dll
0x00007ffe39320000 - 0x00007ffe39444000 	C:\Windows\System32\RPCRT4.dll
0x00007ffe38a30000 - 0x00007ffe38aaa000 	C:\Windows\System32\bcryptPrimitives.dll
0x00007ffe2dc30000 - 0x00007ffe2dc47000 	C:\Program Files\Android\Android Studio\jre\bin\VCRUNTIME140.dll
0x00007ffe39680000 - 0x00007ffe396ad000 	C:\Windows\System32\IMM32.DLL
0x00007ffe1cbd0000 - 0x00007ffe1cc6d000 	C:\Program Files\Android\Android Studio\jre\bin\msvcp140.dll
0x00007ffe01ef0000 - 0x00007ffe029ac000 	C:\Program Files\Android\Android Studio\jre\bin\server\jvm.dll
0x00007ffe3b2c0000 - 0x00007ffe3b361000 	C:\Windows\System32\ADVAPI32.dll
0x00007ffe3b4d0000 - 0x00007ffe3b52b000 	C:\Windows\System32\sechost.dll
0x00007ffe38b80000 - 0x00007ffe38b88000 	C:\Windows\System32\PSAPI.DLL
0x00007ffe31620000 - 0x00007ffe31629000 	C:\Windows\SYSTEM32\WSOCK32.dll
0x00007ffe35bd0000 - 0x00007ffe35bf3000 	C:\Windows\SYSTEM32\WINMM.dll
0x00007ffe2a1a0000 - 0x00007ffe2a1aa000 	C:\Windows\SYSTEM32\VERSION.dll
0x00007ffe35ba0000 - 0x00007ffe35bca000 	C:\Windows\SYSTEM32\WINMMBASE.dll
0x00007ffe38040000 - 0x00007ffe38089000 	C:\Windows\System32\cfgmgr32.dll
0x00007ffe3b370000 - 0x00007ffe3b3dc000 	C:\Windows\System32\WS2_32.dll
0x00007ffe379d0000 - 0x00007ffe379e1000 	C:\Windows\System32\kernel.appcore.dll
0x00007ffe2e3c0000 - 0x00007ffe2e3d1000 	C:\Program Files\Android\Android Studio\jre\bin\verify.dll
0x00007ffe26510000 - 0x00007ffe266d9000 	C:\Windows\SYSTEM32\DBGHELP.DLL
0x00007ffe270c0000 - 0x00007ffe270e9000 	C:\Windows\SYSTEM32\dbgcore.DLL
0x00007ffe23a10000 - 0x00007ffe23a39000 	C:\Program Files\Android\Android Studio\jre\bin\java.dll
0x00007ffe30720000 - 0x00007ffe3072b000 	C:\Program Files\Android\Android Studio\jre\bin\jimage.dll
0x00007ffe2cd90000 - 0x00007ffe2cda8000 	C:\Program Files\Android\Android Studio\jre\bin\zip.dll
0x00007ffe397b0000 - 0x00007ffe3abf0000 	C:\Windows\System32\SHELL32.dll
0x00007ffe3b530000 - 0x00007ffe3b5d9000 	C:\Windows\System32\shcore.dll
0x00007ffe38320000 - 0x00007ffe38a2d000 	C:\Windows\System32\windows.storage.dll
0x00007ffe396b0000 - 0x00007ffe39701000 	C:\Windows\System32\shlwapi.dll
0x00007ffe37960000 - 0x00007ffe3797f000 	C:\Windows\System32\profapi.dll
0x00007ffe37980000 - 0x00007ffe379cc000 	C:\Windows\System32\powrprof.dll
0x00007ffe37950000 - 0x00007ffe3795a000 	C:\Windows\System32\FLTLIB.DLL
0x00007ffe238e0000 - 0x00007ffe238fa000 	C:\Program Files\Android\Android Studio\jre\bin\net.dll
0x00007ffe2e940000 - 0x00007ffe2ea1d000 	C:\Windows\SYSTEM32\WINHTTP.dll
0x00007ffe37150000 - 0x00007ffe371b6000 	C:\Windows\system32\mswsock.dll
0x00007ffe238c0000 - 0x00007ffe238d4000 	C:\Program Files\Android\Android Studio\jre\bin\nio.dll
0x00007ffe2da00000 - 0x00007ffe2da27000 	C:\Users\MISHECK\.gradle\native\fdc75f09e3144964f2cf3f50f0aa648679c211496f362492102eb8c894070792\windows-amd64\native-platform.dll
0x00007ffe09c30000 - 0x00007ffe09dc6000 	C:\Users\MISHECK\.gradle\native\12488b8bf47d2d4c9fbf2f6322a914ad602e24e48041cd04a747c6da556b65c4\windows-amd64\native-platform-file-events.dll
0x00007ffe2e3b0000 - 0x00007ffe2e3ba000 	C:\Program Files\Android\Android Studio\jre\bin\management.dll
0x00007ffe2e2e0000 - 0x00007ffe2e2ec000 	C:\Program Files\Android\Android Studio\jre\bin\management_ext.dll
0x00007ffe37300000 - 0x00007ffe37317000 	C:\Windows\SYSTEM32\CRYPTSP.dll
0x00007ffe36d30000 - 0x00007ffe36d63000 	C:\Windows\system32\rsaenh.dll
0x00007ffe37430000 - 0x00007ffe37455000 	C:\Windows\SYSTEM32\bcrypt.dll
0x00007ffe37830000 - 0x00007ffe37858000 	C:\Windows\SYSTEM32\USERENV.dll
0x00007ffe37320000 - 0x00007ffe3732b000 	C:\Windows\SYSTEM32\CRYPTBASE.dll
0x00007ffe36ed0000 - 0x00007ffe36f08000 	C:\Windows\SYSTEM32\IPHLPAPI.DLL
0x00007ffe38b70000 - 0x00007ffe38b78000 	C:\Windows\System32\NSI.dll
0x00007ffe2fdb0000 - 0x00007ffe2fdc6000 	C:\Windows\SYSTEM32\dhcpcsvc6.DLL
0x00007ffe2fd90000 - 0x00007ffe2fdaa000 	C:\Windows\SYSTEM32\dhcpcsvc.DLL
0x00007ffe30190000 - 0x00007ffe3019b000 	C:\Windows\SYSTEM32\WINNSI.DLL
0x00007ffe1ee10000 - 0x00007ffe1ee37000 	C:\Program Files\Android\Android Studio\jre\bin\sunec.dll
0x00007ffe36f20000 - 0x00007ffe36fde000 	C:\Windows\SYSTEM32\DNSAPI.dll
0x00007ffe2a120000 - 0x00007ffe2a12a000 	C:\Windows\System32\rasadhlp.dll
0x00007ffe2b640000 - 0x00007ffe2b6b2000 	C:\Windows\System32\fwpuclnt.dll
0x00007ffe05150000 - 0x00007ffe052f2000 	C:\Program Files\Android\Android Studio\jre\bin\awt.dll
0x00007ffe38b90000 - 0x00007ffe38c52000 	C:\Windows\System32\OLEAUT32.dll
0x00007ffe36170000 - 0x00007ffe36199000 	C:\Windows\SYSTEM32\dwmapi.dll
0x00007ffe35cc0000 - 0x00007ffe35d4b000 	C:\Windows\SYSTEM32\apphelp.dll
0x00007ffe35fe0000 - 0x00007ffe36078000 	C:\Windows\system32\uxtheme.dll

dbghelp: loaded successfully - version: 4.0.5 - missing functions: none
symbol engine: initialized successfully - sym options: 0x614 - pdb path: .;C:\Program Files\Android\Android Studio\jre\bin;C:\Windows\SYSTEM32;C:\Windows\WinSxS\amd64_microsoft.windows.common-controls_6595b64144ccf1df_6.0.17133.73_none_b4b127863cb5b9c7;C:\Program Files\Android\Android Studio\jre\bin\server;C:\Users\MISHECK\.gradle\native\fdc75f09e3144964f2cf3f50f0aa648679c211496f362492102eb8c894070792\windows-amd64;C:\Users\MISHECK\.gradle\native\12488b8bf47d2d4c9fbf2f6322a914ad602e24e48041cd04a747c6da556b65c4\windows-amd64

VM Arguments:
jvm_args: --add-opens=java.base/java.util=ALL-UNNAMED --add-opens=java.base/java.lang=ALL-UNNAMED --add-opens=java.base/java.lang.invoke=ALL-UNNAMED --add-opens=java.prefs/java.util.prefs=ALL-UNNAMED -Xmx2048m -Dfile.encoding=UTF-8 -Duser.country=US -Duser.language=en -Duser.variant 
java_command: org.gradle.launcher.daemon.bootstrap.GradleDaemon 6.7.1
java_class_path (initial): C:\Users\MISHECK\.gradle\wrapper\dists\gradle-6.7.1-bin\bwlcbys1h7rz3272sye1xwiv6\gradle-6.7.1\lib\gradle-launcher-6.7.1.jar
Launcher Type: SUN_STANDARD

[Global flags]
     intx CICompilerCount                          = 2                                         {product} {ergonomic}
     uint ConcGCThreads                            = 1                                         {product} {ergonomic}
     uint G1ConcRefinementThreads                  = 2                                         {product} {ergonomic}
   size_t G1HeapRegionSize                         = 1048576                                   {product} {ergonomic}
    uintx GCDrainStackTargetSize                   = 64                                        {product} {ergonomic}
   size_t InitialHeapSize                          = 67108864                                  {product} {ergonomic}
   size_t MarkStackSize                            = 4194304                                   {product} {ergonomic}
   size_t MaxHeapSize                              = 2147483648                                {product} {command line}
   size_t MaxNewSize                               = 1287651328                                {product} {ergonomic}
   size_t MinHeapDeltaBytes                        = 1048576                                   {product} {ergonomic}
    uintx NonNMethodCodeHeapSize                   = 5825164                                {pd product} {ergonomic}
    uintx NonProfiledCodeHeapSize                  = 122916538                              {pd product} {ergonomic}
    uintx ProfiledCodeHeapSize                     = 122916538                              {pd product} {ergonomic}
    uintx ReservedCodeCacheSize                    = 251658240                              {pd product} {ergonomic}
     bool SegmentedCodeCache                       = true                                      {product} {ergonomic}
     bool UseCompressedClassPointers               = true                                 {lp64_product} {ergonomic}
     bool UseCompressedOops                        = true                                 {lp64_product} {ergonomic}
     bool UseG1GC                                  = true                                      {product} {ergonomic}
     bool UseLargePagesIndividualAllocation        = false                                  {pd product} {ergonomic}

Logging:
Log output configuration:
 #0: stdout all=warning uptime,level,tags
 #1: stderr all=off uptime,level,tags

Environment Variables:
JAVA_HOME=C:\Program Files\Java\jdk1.8.0_191
PATH=C:\Program Files (x86)\Common Files\Oracle\Java\javapath;C:\Windows\system32;C:\Windows;C:\Windows\System32\Wbem;C:\Windows\System32\WindowsPowerShell\v1.0\;C:\Windows\System32\OpenSSH\;C:\Program Files (x86)\Git\cmd;C:\Program Files\nodejs\;C:\Program Files\Java\jdk1.8.0_191\bin;C:\Users\MISHECK\AppData\Roaming\npm;C:\Exercism;C:\Users\MISHECK\AppData\Local\Programs\Python\Python39;C:\Users\MISHECK\AppData\Local\Programs\Microsoft VS Code\bin;C:\Program Files\CodeBlocks\MinGW\bin;
USERNAME=MISHECK
OS=Windows_NT
PROCESSOR_IDENTIFIER=Intel64 Family 6 Model 55 Stepping 8, GenuineIntel



---------------  S Y S T E M  ---------------

OS: Windows 10 , 64 bit Build 17133 (10.0.17133.73)
OS uptime: 2 days 9:28 hours

CPU:total 2 (initial active 2) (2 cores per cpu, 1 threads per core) family 6 model 55 stepping 8, cmov, cx8, fxsr, mmx, sse, sse2, sse3, ssse3, sse4.1, sse4.2, popcnt, clmul, erms, 3dnowpref, tsc, tscinvbit

Memory: 4k page, system-wide physical 3987M (313M free)
TotalPageFile size 5381M (AvailPageFile size 32M)
current process WorkingSet (physical memory assigned to process): 499M, peak: 499M
current process commit charge ("private bytes"): 597M, peak: 645M

vm_info: OpenJDK 64-Bit Server VM (11.0.8+10-b944.6842174) for windows-amd64 JRE (11.0.8+10-b944.6842174), built on Sep 19 2020 01:11:42 by "builder" with MS VC++ 14.0 (VS2015)

END.
