#
# There is insufficient memory for the Java Runtime Environment to continue.
# Native memory allocation (mmap) failed to map 105906176 bytes for Failed to commit area from 0x0000000092500000 to 0x0000000098a00000 of length 105906176.
# Possible reasons:
#   The system is out of physical RAM or swap space
#   The process is running with CompressedOops enabled, and the Java Heap may be blocking the growth of the native heap
# Possible solutions:
#   Reduce memory load on the system
#   Increase physical memory or swap space
#   Check if swap backing store is full
#   Decrease Java heap size (-Xmx/-Xms)
#   Decrease number of Java threads
#   Decrease Java thread stack sizes (-Xss)
#   Set larger code cache with -XX:ReservedCodeCacheSize=
#   JVM is running with Unscaled Compressed Oops mode in which the Java heap is
#     placed in the first 4GB address space. The Java Heap base address is the
#     maximum limit for the native heap growth. Please use -XX:HeapBaseMinAddress
#     to set the Java Heap base and to place the Java Heap above 4GB virtual address.
# This output file may be truncated or incomplete.
#
#  Out of Memory Error (./src/hotspot/os/windows/os_windows.cpp:3303), pid=14668, tid=18048
#
# JRE version: OpenJDK Runtime Environment (11.0.8+10) (build 11.0.8+10-b944.6842174)
# Java VM: OpenJDK 64-Bit Server VM (11.0.8+10-b944.6842174, mixed mode, tiered, compressed oops, g1 gc, windows-amd64)
# No core dump will be written. Minidumps are not enabled by default on client versions of Windows
#

---------------  S U M M A R Y ------------

Command Line: --add-opens=java.base/java.util=ALL-UNNAMED --add-opens=java.base/java.lang=ALL-UNNAMED --add-opens=java.base/java.lang.invoke=ALL-UNNAMED --add-opens=java.prefs/java.util.prefs=ALL-UNNAMED -Xmx2048m -Dfile.encoding=UTF-8 -Duser.country=US -Duser.language=en -Duser.variant org.gradle.launcher.daemon.bootstrap.GradleDaemon 6.7.1

Host: Intel(R) Celeron(R) CPU  N2840  @ 2.16GHz, 2 cores, 3G,  Windows 10 , 64 bit Build 17133 (10.0.17133.73)
Time: Thu Jul 29 00:50:18 2021 Pacific Daylight Time elapsed time: 140 seconds (0d 0h 2m 20s)

---------------  T H R E A D  ---------------

Current thread (0x000001ec3780c000):  VMThread "VM Thread" [stack: 0x000000a213800000,0x000000a213900000] [id=18048]

Stack: [0x000000a213800000,0x000000a213900000]
[error occurred during error reporting (printing stack bounds), id 0xc0000005, EXCEPTION_ACCESS_VIOLATION (0xc0000005) at pc=0x000001ec21c70dbe]

Native frames: (J=compiled Java code, j=interpreted, Vv=VM code, C=native code)
V  [jvm.dll+0x5de50a]
V  [jvm.dll+0x7122f5]
V  [jvm.dll+0x71384d]
V  [jvm.dll+0x713e65]
V  [jvm.dll+0x713e1b]
V  [jvm.dll+0x5dd958]
V  [jvm.dll+0x5de0f8]
C  [ntdll.dll+0x9eddd]
C  [ntdll.dll+0x6c86]
C  [ntdll.dll+0x9dd0e]
C  0x000001ec21c70dbe

VM_Operation (0x000000a21c1fc9c0): G1CollectForAllocation, mode: safepoint, requested by thread 0x000001ec39175800


---------------  P R O C E S S  ---------------

Threads class SMR info:
_java_thread_list=0x000001ec446e28a0, length=45, elements={
0x000001ec1e2fc000, 0x000001ec37814800, 0x000001ec37816000, 0x000001ec38180800,
0x000001ec38181800, 0x000001ec38184000, 0x000001ec3818c800, 0x000001ec3788a800,
0x000001ec3781d800, 0x000001ec382f8800, 0x000001ec3a277800, 0x000001ec3988a800,
0x000001ec39903800, 0x000001ec39169000, 0x000001ec39f1c800, 0x000001ec39b6a800,
0x000001ec39b7a800, 0x000001ec39475000, 0x000001ec3844c800, 0x000001ec38d31800,
0x000001ec38d33000, 0x000001ec38d34000, 0x000001ec38d34800, 0x000001ec38d35800,
0x000001ec38d32000, 0x000001ec38d36800, 0x000001ec38d30800, 0x000001ec3c6f2800,
0x000001ec3c6f5800, 0x000001ec3c6f4000, 0x000001ec3c6f0800, 0x000001ec3916b000,
0x000001ec39171800, 0x000001ec3916b800, 0x000001ec39172000, 0x000001ec39173000,
0x000001ec39175800, 0x000001ec39174000, 0x000001ec39174800, 0x000001ec39177000,
0x000001ec39176800, 0x000001ec3c6f5000, 0x000001ec3c6f1800, 0x000001ec3c6f7000,
0x000001ec3c6fc000
}

Java Threads: ( => current thread )
  0x000001ec1e2fc000 JavaThread "main" [_thread_blocked, id=7116, stack(0x000000a213200000,0x000000a213300000)]
  0x000001ec37814800 JavaThread "Reference Handler" daemon [_thread_blocked, id=8700, stack(0x000000a213900000,0x000000a213a00000)]
  0x000001ec37816000 JavaThread "Finalizer" daemon [_thread_blocked, id=17048, stack(0x000000a213a00000,0x000000a213b00000)]
  0x000001ec38180800 JavaThread "Signal Dispatcher" daemon [_thread_blocked, id=14788, stack(0x000000a213b00000,0x000000a213c00000)]
  0x000001ec38181800 JavaThread "Attach Listener" daemon [_thread_blocked, id=15144, stack(0x000000a213c00000,0x000000a213d00000)]
  0x000001ec38184000 JavaThread "C2 CompilerThread0" daemon [_thread_blocked, id=18060, stack(0x000000a213d00000,0x000000a213e00000)]
  0x000001ec3818c800 JavaThread "C1 CompilerThread0" daemon [_thread_blocked, id=8344, stack(0x000000a213e00000,0x000000a213f00000)]
  0x000001ec3788a800 JavaThread "Sweeper thread" daemon [_thread_blocked, id=11180, stack(0x000000a213f00000,0x000000a214000000)]
  0x000001ec3781d800 JavaThread "Common-Cleaner" daemon [_thread_blocked, id=16448, stack(0x000000a214000000,0x000000a214100000)]
  0x000001ec382f8800 JavaThread "Service Thread" daemon [_thread_blocked, id=15736, stack(0x000000a214100000,0x000000a214200000)]
  0x000001ec3a277800 JavaThread "Daemon health stats" [_thread_blocked, id=15824, stack(0x000000a214400000,0x000000a214500000)]
  0x000001ec3988a800 JavaThread "Incoming local TCP Connector on port 55169" [_thread_in_native, id=1240, stack(0x000000a214600000,0x000000a214700000)]
  0x000001ec39903800 JavaThread "Daemon periodic checks" [_thread_blocked, id=16820, stack(0x000000a214700000,0x000000a214800000)]
  0x000001ec39169000 JavaThread "Daemon" [_thread_blocked, id=16232, stack(0x000000a214800000,0x000000a214900000)]
  0x000001ec39f1c800 JavaThread "Handler for socket connection from /127.0.0.1:55169 to /127.0.0.1:55170" [_thread_in_native, id=17640, stack(0x000000a214900000,0x000000a214a00000)]
  0x000001ec39b6a800 JavaThread "Cancel handler" [_thread_blocked, id=17880, stack(0x000000a214a00000,0x000000a214b00000)]
  0x000001ec39b7a800 JavaThread "Daemon worker" [_thread_blocked, id=2796, stack(0x000000a214b00000,0x000000a214c00000)]
  0x000001ec39475000 JavaThread "Asynchronous log dispatcher for DefaultDaemonConnection: socket connection from /127.0.0.1:55169 to /127.0.0.1:55170" [_thread_blocked, id=17464, stack(0x000000a214c00000,0x000000a214d00000)]
  0x000001ec3844c800 JavaThread "Thread-8" [_thread_blocked, id=13676, stack(0x000000a214e00000,0x000000a214f00000)]
  0x000001ec38d31800 JavaThread "Cache worker for file hash cache (C:\Users\MISHECK\.gradle\caches\6.7.1\fileHashes)" [_thread_blocked, id=12080, stack(0x000000a214f00000,0x000000a215000000)]
  0x000001ec38d33000 JavaThread "File lock request listener" [_thread_in_native, id=17808, stack(0x000000a215000000,0x000000a215100000)]
  0x000001ec38d34000 JavaThread "Cache worker for journal cache (C:\Users\MISHECK\.gradle\caches\journal-1)" [_thread_blocked, id=13200, stack(0x000000a215100000,0x000000a215200000)]
  0x000001ec38d34800 JavaThread "Cache worker for file hash cache (C:\Users\MISHECK\AndroidStudioProjects\ChildSafetyApp\.gradle\6.7.1\fileHashes)" [_thread_blocked, id=16572, stack(0x000000a215200000,0x000000a215300000)]
  0x000001ec38d35800 JavaThread "Cache worker for checksums cache (C:\Users\MISHECK\AndroidStudioProjects\ChildSafetyApp\.gradle\checksums)" [_thread_blocked, id=8704, stack(0x000000a215300000,0x000000a215400000)]
  0x000001ec38d32000 JavaThread "Cache worker for cache directory md-supplier (C:\Users\MISHECK\.gradle\caches\6.7.1\md-supplier)" [_thread_blocked, id=18040, stack(0x000000a215400000,0x000000a215500000)]
  0x000001ec38d36800 JavaThread "Cache worker for cache directory md-rule (C:\Users\MISHECK\.gradle\caches\6.7.1\md-rule)" [_thread_blocked, id=7016, stack(0x000000a215500000,0x000000a215600000)]
  0x000001ec38d30800 JavaThread "Cache worker for execution history cache (C:\Users\MISHECK\.gradle\caches\6.7.1\executionHistory)" [_thread_blocked, id=15104, stack(0x000000a215600000,0x000000a215700000)]
  0x000001ec3c6f2800 JavaThread "Cache worker for file content cache (C:\Users\MISHECK\.gradle\caches\6.7.1\fileContent)" [_thread_blocked, id=12724, stack(0x000000a215800000,0x000000a215900000)]
  0x000001ec3c6f5800 JavaThread "Cache worker for Build Output Cleanup Cache (C:\Users\MISHECK\AndroidStudioProjects\ChildSafetyApp\.gradle\buildOutputCleanup)" [_thread_blocked, id=3444, stack(0x000000a215900000,0x000000a215a00000)]
  0x000001ec3c6f4000 JavaThread "Build operations" [_thread_blocked, id=16148, stack(0x000000a215a00000,0x000000a215b00000)]
  0x000001ec3c6f0800 JavaThread "Build operations Thread 2" [_thread_blocked, id=13604, stack(0x000000a215b00000,0x000000a215c00000)]
  0x000001ec3916b000 JavaThread "Memory manager" [_thread_blocked, id=15680, stack(0x000000a21bc00000,0x000000a21bd00000)]
  0x000001ec39171800 JavaThread "build event listener" [_thread_blocked, id=9240, stack(0x000000a21bd00000,0x000000a21be00000)]
  0x000001ec3916b800 JavaThread "build event listener" [_thread_blocked, id=11396, stack(0x000000a21be00000,0x000000a21bf00000)]
  0x000001ec39172000 JavaThread "Execution worker for ':'" [_thread_blocked, id=16880, stack(0x000000a21bf00000,0x000000a21c000000)]
  0x000001ec39173000 JavaThread "Cache worker for execution history cache (C:\Users\MISHECK\AndroidStudioProjects\ChildSafetyApp\.gradle\6.7.1\executionHistory)" [_thread_blocked, id=13488, stack(0x000000a21c000000,0x000000a21c100000)]
  0x000001ec39175800 JavaThread "WorkerExecutor Queue" [_thread_blocked, id=8516, stack(0x000000a21c100000,0x000000a21c200000)]
  0x000001ec39174000 JavaThread "WorkerExecutor Queue Thread 2" [_thread_blocked, id=12264, stack(0x000000a21c200000,0x000000a21c300000)]
  0x000001ec39174800 JavaThread "pool-4-thread-1" [_thread_blocked, id=17800, stack(0x000000a21c300000,0x000000a21c400000)]
  0x000001ec39177000 JavaThread "stderr" [_thread_in_native, id=16332, stack(0x000000a21c400000,0x000000a21c500000)]
  0x000001ec39176800 JavaThread "stdout" [_thread_in_native, id=9904, stack(0x000000a21c500000,0x000000a21c600000)]
  0x000001ec3c6f5000 JavaThread "Cache worker for Java compile cache (C:\Users\MISHECK\.gradle\caches\6.7.1\javaCompile)" [_thread_blocked, id=13236, stack(0x000000a212e00000,0x000000a212f00000)]
  0x000001ec3c6f1800 JavaThread "Cache worker for Java compile cache (C:\Users\MISHECK\AndroidStudioProjects\ChildSafetyApp\.gradle\6.7.1\javaCompile)" [_thread_blocked, id=14384, stack(0x000000a212f00000,0x000000a213000000)]
  0x000001ec3c6f7000 JavaThread "ForkJoinPool-1-worker-3" daemon [_thread_blocked, id=15488, stack(0x000000a214d00000,0x000000a214e00000)]
  0x000001ec3c6fc000 JavaThread "ForkJoinPool-1-worker-1" daemon [_thread_blocked, id=17996, stack(0x000000a215700000,0x000000a215800000)]

Other Threads:
=>0x000001ec3780c000 VMThread "VM Thread" [stack: 0x000000a213800000,0x000000a213900000] [id=18048]
  0x000001ec382fd000 WatcherThread [stack: 0x000000a214200000,0x000000a214300000] [id=17848]
  0x000001ec1e314000 GCTaskThread "GC Thread#0" [stack: 0x000000a213300000,0x000000a213400000] [id=16836]
  0x000001ec383f0000 GCTaskThread "GC Thread#1" [stack: 0x000000a214300000,0x000000a214400000] [id=17456]
  0x000001ec1e344000 ConcurrentGCThread "G1 Main Marker" [stack: 0x000000a213400000,0x000000a213500000] [id=18284]
  0x000001ec1e346800 ConcurrentGCThread "G1 Conc#0" [stack: 0x000000a213500000,0x000000a213600000] [id=17940]
  0x000001ec1e397000 ConcurrentGCThread "G1 Refine#0" [stack: 0x000000a213600000,0x000000a213700000] [id=7892]
  0x000001ec1e398000 ConcurrentGCThread "G1 Young RemSet Sampling" [stack: 0x000000a213700000,0x000000a213800000] [id=13368]

Threads with active compile tasks:
C2 CompilerThread0 140482 16176       4       com.android.tools.r8.dex.P$g::a (35 bytes)

VM state:at safepoint (normal execution)

VM Mutex/Monitor currently owned by a thread:  ([mutex/lock_event])
[0x000001ec1e2f67a0] Threads_lock - owner thread: 0x000001ec3780c000
[0x000001ec1e2f7250] Heap_lock - owner thread: 0x000001ec39175800

Heap address: 0x0000000080000000, size: 2048 MB, Compressed Oops mode: 32-bit
Narrow klass base: 0x0000000000000000, Narrow klass shift: 3
Compressed class space size: 1073741824 Address: 0x0000000100000000

Heap:
 garbage-first heap   total 403456K, used 170496K [0x0000000080000000, 0x0000000100000000)
  region size 1024K, 4 young (4096K), 4 survivors (4096K)
 Metaspace       used 106856K, capacity 109397K, committed 109732K, reserved 1144832K
  class space    used 13423K, capacity 14375K, committed 14464K, reserved 1048576K
Heap Regions: E=young(eden), S=young(survivor), O=old, HS=humongous(starts), HC=humongous(continues), CS=collection set, F=free, A=archive, TAMS=top-at-mark-start (previous, next)
|   0|0x0000000080000000, 0x0000000080100000, 0x0000000080100000|100%| O|  |TAMS 0x0000000080100000, 0x0000000080000000| Untracked 
|   1|0x0000000080100000, 0x0000000080200000, 0x0000000080200000|100%| O|  |TAMS 0x0000000080200000, 0x0000000080100000| Untracked 
|   2|0x0000000080200000, 0x0000000080300000, 0x0000000080300000|100%| O|  |TAMS 0x0000000080300000, 0x0000000080200000| Untracked 
|   3|0x0000000080300000, 0x0000000080400000, 0x0000000080400000|100%| O|  |TAMS 0x0000000080400000, 0x0000000080300000| Untracked 
|   4|0x0000000080400000, 0x0000000080500000, 0x0000000080500000|100%|HS|  |TAMS 0x0000000080500000, 0x0000000080400000| Complete 
|   5|0x0000000080500000, 0x0000000080600000, 0x0000000080600000|100%|HC|  |TAMS 0x0000000080600000, 0x0000000080500000| Complete 
|   6|0x0000000080600000, 0x0000000080700000, 0x0000000080700000|100%|HC|  |TAMS 0x0000000080700000, 0x0000000080600000| Complete 
|   7|0x0000000080700000, 0x0000000080800000, 0x0000000080800000|100%| O|  |TAMS 0x0000000080800000, 0x0000000080700000| Untracked 
|   8|0x0000000080800000, 0x0000000080900000, 0x0000000080900000|100%| O|  |TAMS 0x0000000080900000, 0x0000000080800000| Complete 
|   9|0x0000000080900000, 0x0000000080a00000, 0x0000000080a00000|100%| O|  |TAMS 0x0000000080a00000, 0x0000000080900000| Untracked 
|  10|0x0000000080a00000, 0x0000000080b00000, 0x0000000080b00000|100%| O|  |TAMS 0x0000000080b00000, 0x0000000080a00000| Complete 
|  11|0x0000000080b00000, 0x0000000080c00000, 0x0000000080c00000|100%| O|  |TAMS 0x0000000080c00000, 0x0000000080b00000| Untracked 
|  12|0x0000000080c00000, 0x0000000080d00000, 0x0000000080d00000|100%| O|  |TAMS 0x0000000080d00000, 0x0000000080c00000| Untracked 
|  13|0x0000000080d00000, 0x0000000080e00000, 0x0000000080e00000|100%| O|  |TAMS 0x0000000080e00000, 0x0000000080d00000| Untracked 
|  14|0x0000000080e00000, 0x0000000080f00000, 0x0000000080f00000|100%| O|  |TAMS 0x0000000080f00000, 0x0000000080e00000| Untracked 
|  15|0x0000000080f00000, 0x0000000081000000, 0x0000000081000000|100%| O|  |TAMS 0x0000000081000000, 0x0000000080f00000| Untracked 
|  16|0x0000000081000000, 0x0000000081100000, 0x0000000081100000|100%| O|  |TAMS 0x0000000081100000, 0x0000000081000000| Untracked 
|  17|0x0000000081100000, 0x0000000081200000, 0x0000000081200000|100%| O|  |TAMS 0x0000000081200000, 0x0000000081100000| Untracked 
|  18|0x0000000081200000, 0x0000000081300000, 0x0000000081300000|100%| O|  |TAMS 0x0000000081300000, 0x0000000081200000| Complete 
|  19|0x0000000081300000, 0x0000000081400000, 0x0000000081400000|100%| O|  |TAMS 0x0000000081400000, 0x0000000081300000| Untracked 
|  20|0x0000000081400000, 0x0000000081500000, 0x0000000081500000|100%| O|  |TAMS 0x0000000081500000, 0x0000000081400000| Untracked 
|  21|0x0000000081500000, 0x0000000081600000, 0x0000000081600000|100%| O|  |TAMS 0x0000000081600000, 0x0000000081500000| Complete 
|  22|0x0000000081600000, 0x0000000081700000, 0x0000000081700000|100%| O|  |TAMS 0x0000000081700000, 0x0000000081600000| Complete 
|  23|0x0000000081700000, 0x0000000081800000, 0x0000000081800000|100%| O|  |TAMS 0x0000000081800000, 0x0000000081700000| Untracked 
|  24|0x0000000081800000, 0x0000000081900000, 0x0000000081900000|100%|HS|  |TAMS 0x0000000081900000, 0x0000000081800000| Complete 
|  25|0x0000000081900000, 0x0000000081a00000, 0x0000000081a00000|100%| O|  |TAMS 0x0000000081a00000, 0x0000000081900000| Untracked 
|  26|0x0000000081a00000, 0x0000000081b00000, 0x0000000081b00000|100%| O|  |TAMS 0x0000000081b00000, 0x0000000081a00000| Complete 
|  27|0x0000000081b00000, 0x0000000081c00000, 0x0000000081c00000|100%|HS|  |TAMS 0x0000000081c00000, 0x0000000081b00000| Complete 
|  28|0x0000000081c00000, 0x0000000081d00000, 0x0000000081d00000|100%|HC|  |TAMS 0x0000000081d00000, 0x0000000081c00000| Complete 
|  29|0x0000000081d00000, 0x0000000081e00000, 0x0000000081e00000|100%| O|  |TAMS 0x0000000081e00000, 0x0000000081d00000| Complete 
|  30|0x0000000081e00000, 0x0000000081f00000, 0x0000000081f00000|100%| O|  |TAMS 0x0000000081f00000, 0x0000000081e00000| Complete 
|  31|0x0000000081f00000, 0x0000000082000000, 0x0000000082000000|100%| O|  |TAMS 0x0000000082000000, 0x0000000081f00000| Untracked 
|  32|0x0000000082000000, 0x0000000082100000, 0x0000000082100000|100%| O|  |TAMS 0x0000000082100000, 0x0000000082000000| Untracked 
|  33|0x0000000082100000, 0x0000000082200000, 0x0000000082200000|100%| O|  |TAMS 0x0000000082200000, 0x0000000082100000| Untracked 
|  34|0x0000000082200000, 0x0000000082300000, 0x0000000082300000|100%| O|  |TAMS 0x0000000082300000, 0x0000000082200000| Complete 
|  35|0x0000000082300000, 0x0000000082400000, 0x0000000082400000|100%| O|  |TAMS 0x0000000082400000, 0x0000000082300000| Untracked 
|  36|0x0000000082400000, 0x0000000082500000, 0x0000000082500000|100%| O|  |TAMS 0x0000000082500000, 0x0000000082400000| Untracked 
|  37|0x0000000082500000, 0x0000000082600000, 0x0000000082600000|100%| O|  |TAMS 0x0000000082600000, 0x0000000082500000| Complete 
|  38|0x0000000082600000, 0x0000000082700000, 0x0000000082700000|100%| O|  |TAMS 0x0000000082700000, 0x0000000082600000| Untracked 
|  39|0x0000000082700000, 0x0000000082800000, 0x0000000082800000|100%| O|  |TAMS 0x0000000082800000, 0x0000000082700000| Untracked 
|  40|0x0000000082800000, 0x0000000082900000, 0x0000000082900000|100%| O|  |TAMS 0x0000000082900000, 0x0000000082800000| Untracked 
|  41|0x0000000082900000, 0x0000000082a00000, 0x0000000082a00000|100%| O|  |TAMS 0x0000000082a00000, 0x0000000082900000| Untracked 
|  42|0x0000000082a00000, 0x0000000082b00000, 0x0000000082b00000|100%| O|  |TAMS 0x0000000082b00000, 0x0000000082a00000| Untracked 
|  43|0x0000000082b00000, 0x0000000082c00000, 0x0000000082c00000|100%| O|  |TAMS 0x0000000082c00000, 0x0000000082b00000| Untracked 
|  44|0x0000000082c00000, 0x0000000082d00000, 0x0000000082d00000|100%| O|  |TAMS 0x0000000082d00000, 0x0000000082c00000| Untracked 
|  45|0x0000000082d00000, 0x0000000082e00000, 0x0000000082e00000|100%| O|  |TAMS 0x0000000082e00000, 0x0000000082d00000| Untracked 
|  46|0x0000000082e00000, 0x0000000082f00000, 0x0000000082f00000|100%| O|  |TAMS 0x0000000082f00000, 0x0000000082e00000| Untracked 
|  47|0x0000000082f00000, 0x0000000083000000, 0x0000000083000000|100%| O|  |TAMS 0x0000000083000000, 0x0000000082f00000| Untracked 
|  48|0x0000000083000000, 0x0000000083100000, 0x0000000083100000|100%| O|  |TAMS 0x0000000083100000, 0x0000000083000000| Complete 
|  49|0x0000000083100000, 0x0000000083200000, 0x0000000083200000|100%| O|  |TAMS 0x0000000083200000, 0x0000000083100000| Untracked 
|  50|0x0000000083200000, 0x0000000083300000, 0x0000000083300000|100%| O|  |TAMS 0x0000000083300000, 0x0000000083200000| Complete 
|  51|0x0000000083300000, 0x0000000083400000, 0x0000000083400000|100%| O|  |TAMS 0x0000000083400000, 0x0000000083300000| Untracked 
|  52|0x0000000083400000, 0x0000000083500000, 0x0000000083500000|100%| O|  |TAMS 0x0000000083500000, 0x0000000083400000| Untracked 
|  53|0x0000000083500000, 0x0000000083600000, 0x0000000083600000|100%| O|  |TAMS 0x0000000083600000, 0x0000000083500000| Complete 
|  54|0x0000000083600000, 0x0000000083700000, 0x0000000083700000|100%| O|  |TAMS 0x0000000083700000, 0x0000000083600000| Untracked 
|  55|0x0000000083700000, 0x0000000083800000, 0x0000000083800000|100%| O|  |TAMS 0x0000000083800000, 0x0000000083700000| Untracked 
|  56|0x0000000083800000, 0x0000000083900000, 0x0000000083900000|100%| O|  |TAMS 0x0000000083900000, 0x0000000083800000| Complete 
|  57|0x0000000083900000, 0x0000000083a00000, 0x0000000083a00000|100%| O|  |TAMS 0x0000000083a00000, 0x0000000083900000| Untracked 
|  58|0x0000000083a00000, 0x0000000083b00000, 0x0000000083b00000|100%| O|  |TAMS 0x0000000083b00000, 0x0000000083a00000| Untracked 
|  59|0x0000000083b00000, 0x0000000083c00000, 0x0000000083c00000|100%| O|  |TAMS 0x0000000083c00000, 0x0000000083b00000| Untracked 
|  60|0x0000000083c00000, 0x0000000083d00000, 0x0000000083d00000|100%| O|  |TAMS 0x0000000083d00000, 0x0000000083c00000| Untracked 
|  61|0x0000000083d00000, 0x0000000083e00000, 0x0000000083e00000|100%| O|  |TAMS 0x0000000083e00000, 0x0000000083d00000| Untracked 
|  62|0x0000000083e00000, 0x0000000083f00000, 0x0000000083f00000|100%| O|  |TAMS 0x0000000083f00000, 0x0000000083e00000| Complete 
|  63|0x0000000083f00000, 0x0000000084000000, 0x0000000084000000|100%| O|  |TAMS 0x0000000084000000, 0x0000000083f00000| Untracked 
|  64|0x0000000084000000, 0x0000000084100000, 0x0000000084100000|100%| O|  |TAMS 0x0000000084100000, 0x0000000084000000| Untracked 
|  65|0x0000000084100000, 0x0000000084200000, 0x0000000084200000|100%| O|  |TAMS 0x0000000084200000, 0x0000000084100000| Untracked 
|  66|0x0000000084200000, 0x0000000084300000, 0x0000000084300000|100%| O|  |TAMS 0x0000000084300000, 0x0000000084200000| Untracked 
|  67|0x0000000084300000, 0x0000000084400000, 0x0000000084400000|100%| O|  |TAMS 0x0000000084400000, 0x0000000084300000| Untracked 
|  68|0x0000000084400000, 0x0000000084500000, 0x0000000084500000|100%| O|  |TAMS 0x0000000084500000, 0x0000000084400000| Complete 
|  69|0x0000000084500000, 0x0000000084600000, 0x0000000084600000|100%| O|  |TAMS 0x0000000084600000, 0x0000000084500000| Complete 
|  70|0x0000000084600000, 0x0000000084700000, 0x0000000084700000|100%|HS|  |TAMS 0x0000000084700000, 0x0000000084600000| Complete 
|  71|0x0000000084700000, 0x0000000084800000, 0x0000000084800000|100%| O|  |TAMS 0x0000000084800000, 0x0000000084700000| Untracked 
|  72|0x0000000084800000, 0x0000000084900000, 0x0000000084900000|100%| O|  |TAMS 0x0000000084900000, 0x0000000084800000| Untracked 
|  73|0x0000000084900000, 0x0000000084a00000, 0x0000000084a00000|100%| O|  |TAMS 0x0000000084a00000, 0x0000000084900000| Untracked 
|  74|0x0000000084a00000, 0x0000000084b00000, 0x0000000084b00000|100%| O|  |TAMS 0x0000000084b00000, 0x0000000084a00000| Untracked 
|  75|0x0000000084b00000, 0x0000000084c00000, 0x0000000084c00000|100%| O|  |TAMS 0x0000000084c00000, 0x0000000084b00000| Untracked 
|  76|0x0000000084c00000, 0x0000000084d00000, 0x0000000084d00000|100%| O|  |TAMS 0x0000000084d00000, 0x0000000084c00000| Untracked 
|  77|0x0000000084d00000, 0x0000000084e00000, 0x0000000084e00000|100%| O|  |TAMS 0x0000000084e00000, 0x0000000084d00000| Complete 
|  78|0x0000000084e00000, 0x0000000084f00000, 0x0000000084f00000|100%| O|  |TAMS 0x0000000084f00000, 0x0000000084e00000| Untracked 
|  79|0x0000000084f00000, 0x0000000085000000, 0x0000000085000000|100%| O|  |TAMS 0x0000000085000000, 0x0000000084f00000| Untracked 
|  80|0x0000000085000000, 0x0000000085100000, 0x0000000085100000|100%| O|  |TAMS 0x0000000085100000, 0x0000000085000000| Untracked 
|  81|0x0000000085100000, 0x0000000085200000, 0x0000000085200000|100%| O|  |TAMS 0x0000000085200000, 0x0000000085100000| Untracked 
|  82|0x0000000085200000, 0x0000000085300000, 0x0000000085300000|100%| O|  |TAMS 0x0000000085300000, 0x0000000085200000| Complete 
|  83|0x0000000085300000, 0x0000000085400000, 0x0000000085400000|100%| O|  |TAMS 0x0000000085400000, 0x0000000085300000| Complete 
|  84|0x0000000085400000, 0x0000000085500000, 0x0000000085500000|100%| O|  |TAMS 0x0000000085500000, 0x0000000085400000| Complete 
|  85|0x0000000085500000, 0x0000000085600000, 0x0000000085600000|100%| O|  |TAMS 0x0000000085600000, 0x0000000085500000| Complete 
|  86|0x0000000085600000, 0x0000000085700000, 0x0000000085700000|100%| O|  |TAMS 0x0000000085700000, 0x0000000085600000| Complete 
|  87|0x0000000085700000, 0x0000000085800000, 0x0000000085800000|100%| O|  |TAMS 0x0000000085800000, 0x0000000085700000| Untracked 
|  88|0x0000000085800000, 0x0000000085900000, 0x0000000085900000|100%| O|  |TAMS 0x0000000085900000, 0x0000000085800000| Untracked 
|  89|0x0000000085900000, 0x0000000085a00000, 0x0000000085a00000|100%| O|  |TAMS 0x0000000085a00000, 0x0000000085900000| Complete 
|  90|0x0000000085a00000, 0x0000000085b00000, 0x0000000085b00000|100%| O|  |TAMS 0x0000000085b00000, 0x0000000085a00000| Complete 
|  91|0x0000000085b00000, 0x0000000085c00000, 0x0000000085c00000|100%| O|  |TAMS 0x0000000085c00000, 0x0000000085b00000| Untracked 
|  92|0x0000000085c00000, 0x0000000085d00000, 0x0000000085d00000|100%| O|  |TAMS 0x0000000085d00000, 0x0000000085c00000| Untracked 
|  93|0x0000000085d00000, 0x0000000085e00000, 0x0000000085e00000|100%| O|  |TAMS 0x0000000085e00000, 0x0000000085d00000| Untracked 
|  94|0x0000000085e00000, 0x0000000085f00000, 0x0000000085f00000|100%| O|  |TAMS 0x0000000085f00000, 0x0000000085e00000| Complete 
|  95|0x0000000085f00000, 0x0000000086000000, 0x0000000086000000|100%| O|  |TAMS 0x0000000086000000, 0x0000000085f00000| Complete 
|  96|0x0000000086000000, 0x0000000086100000, 0x0000000086100000|100%| O|  |TAMS 0x0000000086100000, 0x0000000086000000| Untracked 
|  97|0x0000000086100000, 0x0000000086200000, 0x0000000086200000|100%| O|  |TAMS 0x0000000086200000, 0x0000000086100000| Untracked 
|  98|0x0000000086200000, 0x0000000086300000, 0x0000000086300000|100%| O|  |TAMS 0x0000000086200000, 0x0000000086200000| Untracked 
|  99|0x0000000086300000, 0x0000000086400000, 0x0000000086400000|100%|HS|  |TAMS 0x0000000086400000, 0x0000000086300000| Complete 
| 100|0x0000000086400000, 0x0000000086500000, 0x0000000086500000|100%| O|  |TAMS 0x0000000086500000, 0x0000000086400000| Complete 
| 101|0x0000000086500000, 0x0000000086600000, 0x0000000086600000|100%|HS|  |TAMS 0x0000000086600000, 0x0000000086500000| Complete 
| 102|0x0000000086600000, 0x0000000086700000, 0x0000000086700000|100%|HC|  |TAMS 0x0000000086700000, 0x0000000086600000| Complete 
| 103|0x0000000086700000, 0x0000000086800000, 0x0000000086800000|100%|HC|  |TAMS 0x0000000086800000, 0x0000000086700000| Complete 
| 104|0x0000000086800000, 0x0000000086900000, 0x0000000086900000|100%|HC|  |TAMS 0x0000000086900000, 0x0000000086800000| Complete 
| 105|0x0000000086900000, 0x0000000086a00000, 0x0000000086a00000|100%|HC|  |TAMS 0x0000000086a00000, 0x0000000086900000| Complete 
| 106|0x0000000086a00000, 0x0000000086b00000, 0x0000000086b00000|100%|HC|  |TAMS 0x0000000086b00000, 0x0000000086a00000| Complete 
| 107|0x0000000086b00000, 0x0000000086c00000, 0x0000000086c00000|100%|HC|  |TAMS 0x0000000086c00000, 0x0000000086b00000| Complete 
| 108|0x0000000086c00000, 0x0000000086d00000, 0x0000000086d00000|100%|HC|  |TAMS 0x0000000086d00000, 0x0000000086c00000| Complete 
| 109|0x0000000086d00000, 0x0000000086e00000, 0x0000000086e00000|100%| O|  |TAMS 0x0000000086e00000, 0x0000000086d00000| Untracked 
| 110|0x0000000086e00000, 0x0000000086f00000, 0x0000000086f00000|100%| O|  |TAMS 0x0000000086f00000, 0x0000000086e00000| Untracked 
| 111|0x0000000086f00000, 0x0000000087000000, 0x0000000087000000|100%| O|  |TAMS 0x0000000087000000, 0x0000000086f00000| Untracked 
| 112|0x0000000087000000, 0x0000000087100000, 0x0000000087100000|100%| O|  |TAMS 0x0000000087100000, 0x0000000087000000| Complete 
| 113|0x0000000087100000, 0x0000000087200000, 0x0000000087200000|100%| O|  |TAMS 0x0000000087200000, 0x0000000087100000| Complete 
| 114|0x0000000087200000, 0x0000000087300000, 0x0000000087300000|100%| O|  |TAMS 0x0000000087300000, 0x0000000087200000| Untracked 
| 115|0x0000000087300000, 0x0000000087400000, 0x0000000087400000|100%| O|  |TAMS 0x0000000087400000, 0x0000000087300000| Complete 
| 116|0x0000000087400000, 0x0000000087500000, 0x0000000087500000|100%| O|  |TAMS 0x0000000087500000, 0x0000000087400000| Untracked 
| 117|0x0000000087500000, 0x0000000087600000, 0x0000000087600000|100%| O|  |TAMS 0x0000000087500000, 0x0000000087500000| Untracked 
| 118|0x0000000087600000, 0x0000000087700000, 0x0000000087700000|100%| O|  |TAMS 0x0000000087600000, 0x0000000087600000| Untracked 
| 119|0x0000000087700000, 0x0000000087800000, 0x0000000087800000|100%| O|  |TAMS 0x0000000087700000, 0x0000000087700000| Untracked 
| 120|0x0000000087800000, 0x0000000087900000, 0x0000000087900000|100%| O|  |TAMS 0x0000000087800000, 0x0000000087800000| Untracked 
| 121|0x0000000087900000, 0x0000000087a00000, 0x0000000087a00000|100%| O|  |TAMS 0x0000000087900000, 0x0000000087900000| Untracked 
| 122|0x0000000087a00000, 0x0000000087b00000, 0x0000000087b00000|100%| O|  |TAMS 0x0000000087a00000, 0x0000000087a00000| Untracked 
| 123|0x0000000087b00000, 0x0000000087b80000, 0x0000000087c00000| 50%| O|  |TAMS 0x0000000087b00000, 0x0000000087b00000| Untracked 
| 124|0x0000000087c00000, 0x0000000087c00000, 0x0000000087d00000|  0%| F|  |TAMS 0x0000000087c00000, 0x0000000087c00000| Untracked 
| 125|0x0000000087d00000, 0x0000000087e00000, 0x0000000087e00000|100%| O|  |TAMS 0x0000000087e00000, 0x0000000087d00000| Untracked 
| 126|0x0000000087e00000, 0x0000000087f00000, 0x0000000087f00000|100%| O|  |TAMS 0x0000000087f00000, 0x0000000087e00000| Untracked 
| 127|0x0000000087f00000, 0x0000000088000000, 0x0000000088000000|100%|HS|  |TAMS 0x0000000088000000, 0x0000000087f00000| Complete 
| 128|0x0000000088000000, 0x0000000088100000, 0x0000000088100000|100%| O|  |TAMS 0x0000000088100000, 0x0000000088000000| Untracked 
| 129|0x0000000088100000, 0x0000000088200000, 0x0000000088200000|100%| O|  |TAMS 0x0000000088200000, 0x0000000088100000| Untracked 
| 130|0x0000000088200000, 0x0000000088300000, 0x0000000088300000|100%| O|  |TAMS 0x0000000088300000, 0x0000000088200000| Untracked 
| 131|0x0000000088300000, 0x0000000088400000, 0x0000000088400000|100%| O|  |TAMS 0x0000000088400000, 0x0000000088300000| Untracked 
| 132|0x0000000088400000, 0x0000000088500000, 0x0000000088500000|100%| O|  |TAMS 0x0000000088500000, 0x0000000088400000| Untracked 
| 133|0x0000000088500000, 0x0000000088600000, 0x0000000088600000|100%| O|  |TAMS 0x0000000088600000, 0x0000000088500000| Complete 
| 134|0x0000000088600000, 0x0000000088700000, 0x0000000088700000|100%| O|  |TAMS 0x0000000088700000, 0x0000000088600000| Complete 
| 135|0x0000000088700000, 0x0000000088800000, 0x0000000088800000|100%| O|  |TAMS 0x0000000088800000, 0x0000000088700000| Untracked 
| 136|0x0000000088800000, 0x0000000088900000, 0x0000000088900000|100%| O|  |TAMS 0x0000000088900000, 0x0000000088800000| Complete 
| 137|0x0000000088900000, 0x0000000088a00000, 0x0000000088a00000|100%| O|  |TAMS 0x0000000088a00000, 0x0000000088900000| Untracked 
| 138|0x0000000088a00000, 0x0000000088b00000, 0x0000000088b00000|100%| O|  |TAMS 0x0000000088b00000, 0x0000000088a00000| Untracked 
| 139|0x0000000088b00000, 0x0000000088c00000, 0x0000000088c00000|100%| O|  |TAMS 0x0000000088c00000, 0x0000000088b00000| Untracked 
| 140|0x0000000088c00000, 0x0000000088d00000, 0x0000000088d00000|100%| O|  |TAMS 0x0000000088d00000, 0x0000000088c00000| Untracked 
| 141|0x0000000088d00000, 0x0000000088e00000, 0x0000000088e00000|100%| O|  |TAMS 0x0000000088e00000, 0x0000000088d00000| Untracked 
| 142|0x0000000088e00000, 0x0000000088f00000, 0x0000000088f00000|100%| O|  |TAMS 0x0000000088f00000, 0x0000000088e00000| Complete 
| 143|0x0000000088f00000, 0x0000000089000000, 0x0000000089000000|100%| O|  |TAMS 0x0000000089000000, 0x0000000088f00000| Complete 
| 144|0x0000000089000000, 0x0000000089100000, 0x0000000089100000|100%| O|  |TAMS 0x0000000089100000, 0x0000000089000000| Untracked 
| 145|0x0000000089100000, 0x0000000089200000, 0x0000000089200000|100%| O|  |TAMS 0x0000000089200000, 0x0000000089100000| Untracked 
| 146|0x0000000089200000, 0x0000000089300000, 0x0000000089300000|100%| O|  |TAMS 0x0000000089300000, 0x0000000089200000| Untracked 
| 147|0x0000000089300000, 0x0000000089400000, 0x0000000089400000|100%| O|  |TAMS 0x0000000089400000, 0x0000000089300000| Untracked 
| 148|0x0000000089400000, 0x0000000089500000, 0x0000000089500000|100%| O|  |TAMS 0x0000000089500000, 0x0000000089400000| Untracked 
| 149|0x0000000089500000, 0x0000000089600000, 0x0000000089600000|100%| O|  |TAMS 0x0000000089600000, 0x0000000089500000| Untracked 
| 150|0x0000000089600000, 0x0000000089700000, 0x0000000089700000|100%| O|  |TAMS 0x0000000089700000, 0x0000000089600000| Complete 
| 151|0x0000000089700000, 0x0000000089800000, 0x0000000089800000|100%| O|  |TAMS 0x0000000089800000, 0x0000000089700000| Complete 
| 152|0x0000000089800000, 0x0000000089900000, 0x0000000089900000|100%| O|  |TAMS 0x0000000089900000, 0x0000000089800000| Complete 
| 153|0x0000000089900000, 0x0000000089900000, 0x0000000089a00000|  0%| F|  |TAMS 0x0000000089900000, 0x0000000089900000| Untracked 
| 154|0x0000000089a00000, 0x0000000089b00000, 0x0000000089b00000|100%| O|  |TAMS 0x0000000089b00000, 0x0000000089a00000| Untracked 
| 155|0x0000000089b00000, 0x0000000089c00000, 0x0000000089c00000|100%| O|  |TAMS 0x0000000089c00000, 0x0000000089b00000| Untracked 
| 156|0x0000000089c00000, 0x0000000089d00000, 0x0000000089d00000|100%| O|  |TAMS 0x0000000089d00000, 0x0000000089c00000| Untracked 
| 157|0x0000000089d00000, 0x0000000089e00000, 0x0000000089e00000|100%| O|  |TAMS 0x0000000089e00000, 0x0000000089d00000| Complete 
| 158|0x0000000089e00000, 0x0000000089e00000, 0x0000000089f00000|  0%| F|  |TAMS 0x0000000089e00000, 0x0000000089e00000| Untracked 
| 159|0x0000000089f00000, 0x000000008a000000, 0x000000008a000000|100%| O|  |TAMS 0x000000008a000000, 0x0000000089f00000| Untracked 
| 160|0x000000008a000000, 0x000000008a100000, 0x000000008a100000|100%| O|  |TAMS 0x000000008a100000, 0x000000008a000000| Untracked 
| 161|0x000000008a100000, 0x000000008a200000, 0x000000008a200000|100%| O|  |TAMS 0x000000008a200000, 0x000000008a100000| Untracked 
| 162|0x000000008a200000, 0x000000008a300000, 0x000000008a300000|100%| O|  |TAMS 0x000000008a300000, 0x000000008a200000| Untracked 
| 163|0x000000008a300000, 0x000000008a400000, 0x000000008a400000|100%| O|  |TAMS 0x000000008a400000, 0x000000008a300000| Untracked 
| 164|0x000000008a400000, 0x000000008a500000, 0x000000008a500000|100%| O|  |TAMS 0x000000008a500000, 0x000000008a400000| Untracked 
| 165|0x000000008a500000, 0x000000008a600000, 0x000000008a600000|100%| O|  |TAMS 0x000000008a600000, 0x000000008a500000| Untracked 
| 166|0x000000008a600000, 0x000000008a600000, 0x000000008a700000|  0%| F|  |TAMS 0x000000008a600000, 0x000000008a600000| Untracked 
| 167|0x000000008a700000, 0x000000008a700000, 0x000000008a800000|  0%| F|  |TAMS 0x000000008a700000, 0x000000008a700000| Untracked 
| 168|0x000000008a800000, 0x000000008a800000, 0x000000008a900000|  0%| F|  |TAMS 0x000000008a800000, 0x000000008a800000| Untracked 
| 169|0x000000008a900000, 0x000000008a900000, 0x000000008aa00000|  0%| F|  |TAMS 0x000000008a900000, 0x000000008a900000| Untracked 
| 170|0x000000008aa00000, 0x000000008aa00000, 0x000000008ab00000|  0%| F|  |TAMS 0x000000008aa00000, 0x000000008aa00000| Untracked 
| 171|0x000000008ab00000, 0x000000008ab00000, 0x000000008ac00000|  0%| F|  |TAMS 0x000000008ab00000, 0x000000008ab00000| Untracked 
| 172|0x000000008ac00000, 0x000000008ac00000, 0x000000008ad00000|  0%| F|  |TAMS 0x000000008ac00000, 0x000000008ac00000| Untracked 
| 173|0x000000008ad00000, 0x000000008ad00000, 0x000000008ae00000|  0%| F|  |TAMS 0x000000008ad00000, 0x000000008ad00000| Untracked 
| 174|0x000000008ae00000, 0x000000008ae00000, 0x000000008af00000|  0%| F|  |TAMS 0x000000008ae00000, 0x000000008ae00000| Untracked 
| 175|0x000000008af00000, 0x000000008af00000, 0x000000008b000000|  0%| F|  |TAMS 0x000000008af00000, 0x000000008af00000| Untracked 
| 176|0x000000008b000000, 0x000000008b000000, 0x000000008b100000|  0%| F|  |TAMS 0x000000008b000000, 0x000000008b000000| Untracked 
| 177|0x000000008b100000, 0x000000008b100000, 0x000000008b200000|  0%| F|  |TAMS 0x000000008b100000, 0x000000008b100000| Untracked 
| 178|0x000000008b200000, 0x000000008b200000, 0x000000008b300000|  0%| F|  |TAMS 0x000000008b200000, 0x000000008b200000| Untracked 
| 179|0x000000008b300000, 0x000000008b300000, 0x000000008b400000|  0%| F|  |TAMS 0x000000008b300000, 0x000000008b300000| Untracked 
| 180|0x000000008b400000, 0x000000008b400000, 0x000000008b500000|  0%| F|  |TAMS 0x000000008b400000, 0x000000008b400000| Untracked 
| 181|0x000000008b500000, 0x000000008b500000, 0x000000008b600000|  0%| F|  |TAMS 0x000000008b500000, 0x000000008b500000| Untracked 
| 182|0x000000008b600000, 0x000000008b600000, 0x000000008b700000|  0%| F|  |TAMS 0x000000008b600000, 0x000000008b600000| Untracked 
| 183|0x000000008b700000, 0x000000008b700000, 0x000000008b800000|  0%| F|  |TAMS 0x000000008b700000, 0x000000008b700000| Untracked 
| 184|0x000000008b800000, 0x000000008b800000, 0x000000008b900000|  0%| F|  |TAMS 0x000000008b800000, 0x000000008b800000| Untracked 
| 185|0x000000008b900000, 0x000000008b900000, 0x000000008ba00000|  0%| F|  |TAMS 0x000000008b900000, 0x000000008b900000| Untracked 
| 186|0x000000008ba00000, 0x000000008ba00000, 0x000000008bb00000|  0%| F|  |TAMS 0x000000008ba00000, 0x000000008ba00000| Untracked 
| 187|0x000000008bb00000, 0x000000008bb00000, 0x000000008bc00000|  0%| F|  |TAMS 0x000000008bb00000, 0x000000008bb00000| Untracked 
| 188|0x000000008bc00000, 0x000000008bc00000, 0x000000008bd00000|  0%| F|  |TAMS 0x000000008bc00000, 0x000000008bc00000| Untracked 
| 189|0x000000008bd00000, 0x000000008bd00000, 0x000000008be00000|  0%| F|  |TAMS 0x000000008bd00000, 0x000000008bd00000| Untracked 
| 190|0x000000008be00000, 0x000000008be00000, 0x000000008bf00000|  0%| F|  |TAMS 0x000000008be00000, 0x000000008be00000| Untracked 
| 191|0x000000008bf00000, 0x000000008bf00000, 0x000000008c000000|  0%| F|  |TAMS 0x000000008bf00000, 0x000000008bf00000| Untracked 
| 192|0x000000008c000000, 0x000000008c000000, 0x000000008c100000|  0%| F|  |TAMS 0x000000008c000000, 0x000000008c000000| Untracked 
| 193|0x000000008c100000, 0x000000008c100000, 0x000000008c200000|  0%| F|  |TAMS 0x000000008c100000, 0x000000008c100000| Untracked 
| 194|0x000000008c200000, 0x000000008c200000, 0x000000008c300000|  0%| F|  |TAMS 0x000000008c200000, 0x000000008c200000| Untracked 
| 195|0x000000008c300000, 0x000000008c300000, 0x000000008c400000|  0%| F|  |TAMS 0x000000008c300000, 0x000000008c300000| Untracked 
| 196|0x000000008c400000, 0x000000008c400000, 0x000000008c500000|  0%| F|  |TAMS 0x000000008c400000, 0x000000008c400000| Untracked 
| 197|0x000000008c500000, 0x000000008c500000, 0x000000008c600000|  0%| F|  |TAMS 0x000000008c500000, 0x000000008c500000| Untracked 
| 198|0x000000008c600000, 0x000000008c600000, 0x000000008c700000|  0%| F|  |TAMS 0x000000008c600000, 0x000000008c600000| Untracked 
| 199|0x000000008c700000, 0x000000008c700000, 0x000000008c800000|  0%| F|  |TAMS 0x000000008c700000, 0x000000008c700000| Untracked 
| 200|0x000000008c800000, 0x000000008c800000, 0x000000008c900000|  0%| F|  |TAMS 0x000000008c800000, 0x000000008c800000| Untracked 
| 201|0x000000008c900000, 0x000000008c900000, 0x000000008ca00000|  0%| F|  |TAMS 0x000000008c900000, 0x000000008c900000| Untracked 
| 202|0x000000008ca00000, 0x000000008ca00000, 0x000000008cb00000|  0%| F|  |TAMS 0x000000008ca00000, 0x000000008ca00000| Untracked 
| 203|0x000000008cb00000, 0x000000008cb00000, 0x000000008cc00000|  0%| F|  |TAMS 0x000000008cb00000, 0x000000008cb00000| Untracked 
| 204|0x000000008cc00000, 0x000000008cc00000, 0x000000008cd00000|  0%| F|  |TAMS 0x000000008cc00000, 0x000000008cc00000| Untracked 
| 205|0x000000008cd00000, 0x000000008cd00000, 0x000000008ce00000|  0%| F|  |TAMS 0x000000008cd00000, 0x000000008cd00000| Untracked 
| 206|0x000000008ce00000, 0x000000008ce00000, 0x000000008cf00000|  0%| F|  |TAMS 0x000000008ce00000, 0x000000008ce00000| Untracked 
| 207|0x000000008cf00000, 0x000000008cf00000, 0x000000008d000000|  0%| F|  |TAMS 0x000000008cf00000, 0x000000008cf00000| Untracked 
| 208|0x000000008d000000, 0x000000008d000000, 0x000000008d100000|  0%| F|  |TAMS 0x000000008d000000, 0x000000008d000000| Untracked 
| 209|0x000000008d100000, 0x000000008d100000, 0x000000008d200000|  0%| F|  |TAMS 0x000000008d100000, 0x000000008d100000| Untracked 
| 210|0x000000008d200000, 0x000000008d200000, 0x000000008d300000|  0%| F|  |TAMS 0x000000008d200000, 0x000000008d200000| Untracked 
| 211|0x000000008d300000, 0x000000008d300000, 0x000000008d400000|  0%| F|  |TAMS 0x000000008d300000, 0x000000008d300000| Untracked 
| 212|0x000000008d400000, 0x000000008d400000, 0x000000008d500000|  0%| F|  |TAMS 0x000000008d400000, 0x000000008d400000| Untracked 
| 213|0x000000008d500000, 0x000000008d500000, 0x000000008d600000|  0%| F|  |TAMS 0x000000008d500000, 0x000000008d500000| Untracked 
| 214|0x000000008d600000, 0x000000008d600000, 0x000000008d700000|  0%| F|  |TAMS 0x000000008d600000, 0x000000008d600000| Untracked 
| 215|0x000000008d700000, 0x000000008d700000, 0x000000008d800000|  0%| F|  |TAMS 0x000000008d700000, 0x000000008d700000| Untracked 
| 216|0x000000008d800000, 0x000000008d800000, 0x000000008d900000|  0%| F|  |TAMS 0x000000008d800000, 0x000000008d800000| Untracked 
| 217|0x000000008d900000, 0x000000008d900000, 0x000000008da00000|  0%| F|  |TAMS 0x000000008d900000, 0x000000008d900000| Untracked 
| 218|0x000000008da00000, 0x000000008da00000, 0x000000008db00000|  0%| F|  |TAMS 0x000000008da00000, 0x000000008da00000| Untracked 
| 219|0x000000008db00000, 0x000000008db00000, 0x000000008dc00000|  0%| F|  |TAMS 0x000000008db00000, 0x000000008db00000| Untracked 
| 220|0x000000008dc00000, 0x000000008dc00000, 0x000000008dd00000|  0%| F|  |TAMS 0x000000008dc00000, 0x000000008dc00000| Untracked 
| 221|0x000000008dd00000, 0x000000008dd00000, 0x000000008de00000|  0%| F|  |TAMS 0x000000008dd00000, 0x000000008dd00000| Untracked 
| 222|0x000000008de00000, 0x000000008de00000, 0x000000008df00000|  0%| F|  |TAMS 0x000000008de00000, 0x000000008de00000| Untracked 
| 223|0x000000008df00000, 0x000000008df00000, 0x000000008e000000|  0%| F|  |TAMS 0x000000008df00000, 0x000000008df00000| Untracked 
| 224|0x000000008e000000, 0x000000008e000000, 0x000000008e100000|  0%| F|  |TAMS 0x000000008e000000, 0x000000008e000000| Untracked 
| 225|0x000000008e100000, 0x000000008e100000, 0x000000008e200000|  0%| F|  |TAMS 0x000000008e100000, 0x000000008e100000| Untracked 
| 226|0x000000008e200000, 0x000000008e200000, 0x000000008e300000|  0%| F|  |TAMS 0x000000008e200000, 0x000000008e200000| Untracked 
| 227|0x000000008e300000, 0x000000008e300000, 0x000000008e400000|  0%| F|  |TAMS 0x000000008e300000, 0x000000008e300000| Untracked 
| 228|0x000000008e400000, 0x000000008e400000, 0x000000008e500000|  0%| F|  |TAMS 0x000000008e400000, 0x000000008e400000| Untracked 
| 229|0x000000008e500000, 0x000000008e500000, 0x000000008e600000|  0%| F|  |TAMS 0x000000008e500000, 0x000000008e500000| Untracked 
| 230|0x000000008e600000, 0x000000008e600000, 0x000000008e700000|  0%| F|  |TAMS 0x000000008e600000, 0x000000008e600000| Untracked 
| 231|0x000000008e700000, 0x000000008e700000, 0x000000008e800000|  0%| F|  |TAMS 0x000000008e700000, 0x000000008e700000| Untracked 
| 232|0x000000008e800000, 0x000000008e800000, 0x000000008e900000|  0%| F|  |TAMS 0x000000008e800000, 0x000000008e800000| Untracked 
| 233|0x000000008e900000, 0x000000008e900000, 0x000000008ea00000|  0%| F|  |TAMS 0x000000008e900000, 0x000000008e900000| Untracked 
| 234|0x000000008ea00000, 0x000000008ea00000, 0x000000008eb00000|  0%| F|  |TAMS 0x000000008ea00000, 0x000000008ea00000| Untracked 
| 235|0x000000008eb00000, 0x000000008eb00000, 0x000000008ec00000|  0%| F|  |TAMS 0x000000008eb00000, 0x000000008eb00000| Untracked 
| 236|0x000000008ec00000, 0x000000008ec00000, 0x000000008ed00000|  0%| F|  |TAMS 0x000000008ec00000, 0x000000008ec00000| Untracked 
| 237|0x000000008ed00000, 0x000000008ed00000, 0x000000008ee00000|  0%| F|  |TAMS 0x000000008ed00000, 0x000000008ed00000| Untracked 
| 238|0x000000008ee00000, 0x000000008ee00000, 0x000000008ef00000|  0%| F|  |TAMS 0x000000008ee00000, 0x000000008ee00000| Untracked 
| 239|0x000000008ef00000, 0x000000008ef00000, 0x000000008f000000|  0%| F|  |TAMS 0x000000008ef00000, 0x000000008ef00000| Untracked 
| 240|0x000000008f000000, 0x000000008f000000, 0x000000008f100000|  0%| F|  |TAMS 0x000000008f000000, 0x000000008f000000| Untracked 
| 241|0x000000008f100000, 0x000000008f100000, 0x000000008f200000|  0%| F|  |TAMS 0x000000008f100000, 0x000000008f100000| Untracked 
| 242|0x000000008f200000, 0x000000008f200000, 0x000000008f300000|  0%| F|  |TAMS 0x000000008f200000, 0x000000008f200000| Untracked 
| 243|0x000000008f300000, 0x000000008f300000, 0x000000008f400000|  0%| F|  |TAMS 0x000000008f300000, 0x000000008f300000| Untracked 
| 244|0x000000008f400000, 0x000000008f400000, 0x000000008f500000|  0%| F|  |TAMS 0x000000008f400000, 0x000000008f400000| Untracked 
| 245|0x000000008f500000, 0x000000008f500000, 0x000000008f600000|  0%| F|  |TAMS 0x000000008f500000, 0x000000008f500000| Untracked 
| 246|0x000000008f600000, 0x000000008f600000, 0x000000008f700000|  0%| F|  |TAMS 0x000000008f600000, 0x000000008f600000| Untracked 
| 247|0x000000008f700000, 0x000000008f700000, 0x000000008f800000|  0%| F|  |TAMS 0x000000008f700000, 0x000000008f700000| Untracked 
| 248|0x000000008f800000, 0x000000008f800000, 0x000000008f900000|  0%| F|  |TAMS 0x000000008f800000, 0x000000008f800000| Untracked 
| 249|0x000000008f900000, 0x000000008f900000, 0x000000008fa00000|  0%| F|  |TAMS 0x000000008f900000, 0x000000008f900000| Untracked 
| 250|0x000000008fa00000, 0x000000008fa00000, 0x000000008fb00000|  0%| F|  |TAMS 0x000000008fa00000, 0x000000008fa00000| Untracked 
| 251|0x000000008fb00000, 0x000000008fb00000, 0x000000008fc00000|  0%| F|  |TAMS 0x000000008fb00000, 0x000000008fb00000| Untracked 
| 252|0x000000008fc00000, 0x000000008fc00000, 0x000000008fd00000|  0%| F|  |TAMS 0x000000008fc00000, 0x000000008fc00000| Untracked 
| 253|0x000000008fd00000, 0x000000008fd00000, 0x000000008fe00000|  0%| F|  |TAMS 0x000000008fd00000, 0x000000008fd00000| Untracked 
| 254|0x000000008fe00000, 0x000000008fe00000, 0x000000008ff00000|  0%| F|  |TAMS 0x000000008fe00000, 0x000000008fe00000| Untracked 
| 255|0x000000008ff00000, 0x000000008ff00000, 0x0000000090000000|  0%| F|  |TAMS 0x000000008ff00000, 0x000000008ff00000| Untracked 
| 256|0x0000000090000000, 0x0000000090000000, 0x0000000090100000|  0%| F|  |TAMS 0x0000000090000000, 0x0000000090000000| Untracked 
| 257|0x0000000090100000, 0x0000000090100000, 0x0000000090200000|  0%| F|  |TAMS 0x0000000090100000, 0x0000000090100000| Untracked 
| 258|0x0000000090200000, 0x0000000090200000, 0x0000000090300000|  0%| F|  |TAMS 0x0000000090200000, 0x0000000090200000| Untracked 
| 259|0x0000000090300000, 0x0000000090300000, 0x0000000090400000|  0%| F|  |TAMS 0x0000000090300000, 0x0000000090300000| Untracked 
| 260|0x0000000090400000, 0x0000000090400000, 0x0000000090500000|  0%| F|  |TAMS 0x0000000090400000, 0x0000000090400000| Untracked 
| 261|0x0000000090500000, 0x0000000090500000, 0x0000000090600000|  0%| F|  |TAMS 0x0000000090500000, 0x0000000090500000| Untracked 
| 262|0x0000000090600000, 0x0000000090600000, 0x0000000090700000|  0%| F|  |TAMS 0x0000000090600000, 0x0000000090600000| Untracked 
| 263|0x0000000090700000, 0x0000000090700000, 0x0000000090800000|  0%| F|  |TAMS 0x0000000090700000, 0x0000000090700000| Untracked 
| 264|0x0000000090800000, 0x0000000090800000, 0x0000000090900000|  0%| F|  |TAMS 0x0000000090800000, 0x0000000090800000| Untracked 
| 265|0x0000000090900000, 0x0000000090a00000, 0x0000000090a00000|100%| S|CS|TAMS 0x0000000090900000, 0x0000000090900000| Complete 
| 266|0x0000000090a00000, 0x0000000090b00000, 0x0000000090b00000|100%| S|CS|TAMS 0x0000000090a00000, 0x0000000090a00000| Complete 
| 267|0x0000000090b00000, 0x0000000090c00000, 0x0000000090c00000|100%| S|CS|TAMS 0x0000000090b00000, 0x0000000090b00000| Complete 
| 268|0x0000000090c00000, 0x0000000090d00000, 0x0000000090d00000|100%| S|CS|TAMS 0x0000000090c00000, 0x0000000090c00000| Complete 
| 269|0x0000000090d00000, 0x0000000090d00000, 0x0000000090e00000|  0%| F|  |TAMS 0x0000000090d00000, 0x0000000090d00000| Untracked 
| 270|0x0000000090e00000, 0x0000000090e00000, 0x0000000090f00000|  0%| F|  |TAMS 0x0000000090e00000, 0x0000000090e00000| Untracked 
| 271|0x0000000090f00000, 0x0000000090f00000, 0x0000000091000000|  0%| F|  |TAMS 0x0000000090f00000, 0x0000000090f00000| Untracked 
| 272|0x0000000091000000, 0x0000000091000000, 0x0000000091100000|  0%| F|  |TAMS 0x0000000091000000, 0x0000000091000000| Untracked 
| 273|0x0000000091100000, 0x0000000091100000, 0x0000000091200000|  0%| F|  |TAMS 0x0000000091100000, 0x0000000091100000| Untracked 
| 274|0x0000000091200000, 0x0000000091200000, 0x0000000091300000|  0%| F|  |TAMS 0x0000000091200000, 0x0000000091200000| Untracked 
| 275|0x0000000091300000, 0x0000000091300000, 0x0000000091400000|  0%| F|  |TAMS 0x0000000091300000, 0x0000000091300000| Untracked 
| 276|0x0000000091400000, 0x0000000091400000, 0x0000000091500000|  0%| F|  |TAMS 0x0000000091400000, 0x0000000091400000| Untracked 
| 277|0x0000000091500000, 0x0000000091500000, 0x0000000091600000|  0%| F|  |TAMS 0x0000000091500000, 0x0000000091500000| Untracked 
| 278|0x0000000091600000, 0x0000000091600000, 0x0000000091700000|  0%| F|  |TAMS 0x0000000091600000, 0x0000000091600000| Untracked 
| 279|0x0000000091700000, 0x0000000091700000, 0x0000000091800000|  0%| F|  |TAMS 0x0000000091700000, 0x0000000091700000| Untracked 
| 280|0x0000000091800000, 0x0000000091800000, 0x0000000091900000|  0%| F|  |TAMS 0x0000000091800000, 0x0000000091800000| Untracked 
| 281|0x0000000091900000, 0x0000000091900000, 0x0000000091a00000|  0%| F|  |TAMS 0x0000000091900000, 0x0000000091900000| Untracked 
| 282|0x0000000091a00000, 0x0000000091a00000, 0x0000000091b00000|  0%| F|  |TAMS 0x0000000091a00000, 0x0000000091a00000| Untracked 
| 283|0x0000000091b00000, 0x0000000091b00000, 0x0000000091c00000|  0%| F|  |TAMS 0x0000000091b00000, 0x0000000091b00000| Untracked 
| 284|0x0000000091c00000, 0x0000000091c00000, 0x0000000091d00000|  0%| F|  |TAMS 0x0000000091c00000, 0x0000000091c00000| Untracked 
| 285|0x0000000091d00000, 0x0000000091d00000, 0x0000000091e00000|  0%| F|  |TAMS 0x0000000091d00000, 0x0000000091d00000| Untracked 
| 286|0x0000000091e00000, 0x0000000091e00000, 0x0000000091f00000|  0%| F|  |TAMS 0x0000000091e00000, 0x0000000091e00000| Untracked 
| 287|0x0000000091f00000, 0x0000000091f00000, 0x0000000092000000|  0%| F|  |TAMS 0x0000000091f00000, 0x0000000091f00000| Untracked 
| 288|0x0000000092000000, 0x0000000092000000, 0x0000000092100000|  0%| F|  |TAMS 0x0000000092000000, 0x0000000092000000| Untracked 
| 289|0x0000000092100000, 0x0000000092100000, 0x0000000092200000|  0%| F|  |TAMS 0x0000000092100000, 0x0000000092100000| Untracked 
| 290|0x0000000092200000, 0x0000000092200000, 0x0000000092300000|  0%| F|  |TAMS 0x0000000092200000, 0x0000000092200000| Untracked 
| 291|0x0000000092300000, 0x0000000092300000, 0x0000000092400000|  0%| F|  |TAMS 0x0000000092300000, 0x0000000092300000| Untracked 
| 292|0x0000000092400000, 0x0000000092400000, 0x0000000092500000|  0%| F|  |TAMS 0x0000000092400000, 0x0000000092400000| Untracked 

Card table byte_map: [0x000001ec30c70000,0x000001ec31070000] _byte_map_base: 0x000001ec30870000

Marking Bits (Prev, Next): (CMBitMap*) 0x000001ec1e33b3c0, (CMBitMap*) 0x000001ec1e33b388
 Prev Bits: [0x000001ec33470000, 0x000001ec35470000)
 Next Bits: [0x000001ec31470000, 0x000001ec33470000)

Polling page: 0x000001ec1c110000

Metaspace:

Usage:
  Non-class:     92.79 MB capacity,    91.24 MB ( 98%) used,     1.25 MB (  1%) free+waste,   309.75 KB ( <1%) overhead. 
      Class:     14.04 MB capacity,    13.11 MB ( 93%) used,   813.98 KB (  6%) free+waste,   137.25 KB ( <1%) overhead. 
       Both:    106.83 MB capacity,   104.35 MB ( 98%) used,     2.04 MB (  2%) free+waste,   447.00 KB ( <1%) overhead. 

Virtual space:
  Non-class space:       94.00 MB reserved,      93.04 MB ( 99%) committed 
      Class space:        1.00 GB reserved,      14.13 MB (  1%) committed 
             Both:        1.09 GB reserved,     107.16 MB ( 10%) committed 

Chunk freelists:
   Non-Class:  54.00 KB
       Class:  25.00 KB
        Both:  79.00 KB

MaxMetaspaceSize: 17179869184.00 GB
CompressedClassSpaceSize: 1.00 GB

CodeHeap 'non-profiled nmethods': size=120064Kb used=7232Kb max_used=7232Kb free=112831Kb
 bounds [0x000001ec29730000, 0x000001ec29e50000, 0x000001ec30c70000]
CodeHeap 'profiled nmethods': size=120000Kb used=35549Kb max_used=35881Kb free=84451Kb
 bounds [0x000001ec22200000, 0x000001ec24520000, 0x000001ec29730000]
CodeHeap 'non-nmethods': size=5696Kb used=2296Kb max_used=2377Kb free=3399Kb
 bounds [0x000001ec21c70000, 0x000001ec21ee0000, 0x000001ec22200000]
 total_blobs=16010 nmethods=15094 adapters=826
 compilation: enabled
              stopped_count=0, restarted_count=0
 full_count=0

Compilation events (20 events):
Event: 140.157 Thread 0x000001ec3818c800 16240       2       com.android.tools.r8.code.S::a (1 bytes)
Event: 140.158 Thread 0x000001ec3818c800 nmethod 16240 0x000001ec2260d710 code [0x000001ec2260d8c0, 0x000001ec2260d9b8]
Event: 140.171 Thread 0x000001ec3818c800 16241       2       com.android.tools.r8.code.Q3::a (1 bytes)
Event: 140.171 Thread 0x000001ec3818c800 nmethod 16241 0x000001ec2260ec10 code [0x000001ec2260edc0, 0x000001ec2260eeb8]
Event: 140.176 Thread 0x000001ec3818c800 16242       2       com.android.tools.r8.code.E::a (1 bytes)
Event: 140.176 Thread 0x000001ec3818c800 nmethod 16242 0x000001ec2260e890 code [0x000001ec2260ea40, 0x000001ec2260eb38]
Event: 140.211 Thread 0x000001ec38184000 nmethod 16138 0x000001ec2999f390 code [0x000001ec2999f6e0, 0x000001ec299a39b0]
Event: 140.211 Thread 0x000001ec38184000 16220       4       com.android.tools.r8.graph.q0::b (150 bytes)
Event: 140.230 Thread 0x000001ec38184000 nmethod 16220 0x000001ec29915e90 code [0x000001ec29916040, 0x000001ec29916418]
Event: 140.230 Thread 0x000001ec38184000 16238       4       com.android.tools.r8.graph.O::a (275 bytes)
Event: 140.324 Thread 0x000001ec3818c800 16247       2       com.android.tools.r8.code.c::a (1 bytes)
Event: 140.325 Thread 0x000001ec3818c800 nmethod 16247 0x000001ec2262ce90 code [0x000001ec2262d040, 0x000001ec2262d138]
Event: 140.327 Thread 0x000001ec38184000 nmethod 16238 0x000001ec29931f90 code [0x000001ec29932220, 0x000001ec299331e0]
Event: 140.327 Thread 0x000001ec38184000 16139       4       com.android.tools.r8.graph.V::<init> (45 bytes)
Event: 140.332 Thread 0x000001ec3818c800 16248       2       com.android.tools.r8.code.f2::a (1 bytes)
Event: 140.333 Thread 0x000001ec3818c800 nmethod 16248 0x000001ec2262cb10 code [0x000001ec2262ccc0, 0x000001ec2262cdb8]
Event: 140.336 Thread 0x000001ec38184000 nmethod 16139 0x000001ec29920190 code [0x000001ec29920340, 0x000001ec29920618]
Event: 140.336 Thread 0x000001ec38184000 16166       4       com.android.tools.r8.graph.S$d::hashCode (10 bytes)
Event: 140.336 Thread 0x000001ec38184000 nmethod 16166 0x000001ec2992b010 code [0x000001ec2992b1a0, 0x000001ec2992b218]
Event: 140.337 Thread 0x000001ec38184000 16176       4       com.android.tools.r8.dex.P$g::a (35 bytes)

GC Heap History (20 events):
Event: 126.788 GC heap after
{Heap after GC invocations=50 (full 0):
 garbage-first heap   total 199680K, used 105053K [0x0000000080000000, 0x0000000100000000)
  region size 1024K, 4 young (4096K), 4 survivors (4096K)
 Metaspace       used 105318K, capacity 107779K, committed 107940K, reserved 1142784K
  class space    used 13217K, capacity 14126K, committed 14208K, reserved 1048576K
}
Event: 128.696 GC heap before
{Heap before GC invocations=51 (full 0):
 garbage-first heap   total 199680K, used 111197K [0x0000000080000000, 0x0000000100000000)
  region size 1024K, 11 young (11264K), 4 survivors (4096K)
 Metaspace       used 105653K, capacity 108200K, committed 108452K, reserved 1144832K
  class space    used 13242K, capacity 14194K, committed 14208K, reserved 1048576K
}
Event: 128.713 GC heap after
{Heap after GC invocations=52 (full 0):
 garbage-first heap   total 199680K, used 99457K [0x0000000080000000, 0x0000000100000000)
  region size 1024K, 1 young (1024K), 1 survivors (1024K)
 Metaspace       used 105653K, capacity 108200K, committed 108452K, reserved 1144832K
  class space    used 13242K, capacity 14194K, committed 14208K, reserved 1048576K
}
Event: 130.534 GC heap before
{Heap before GC invocations=53 (full 0):
 garbage-first heap   total 199680K, used 177281K [0x0000000080000000, 0x0000000100000000)
  region size 1024K, 47 young (48128K), 1 survivors (1024K)
 Metaspace       used 106629K, capacity 109195K, committed 109476K, reserved 1144832K
  class space    used 13421K, capacity 14373K, committed 14464K, reserved 1048576K
}
Event: 130.683 GC heap after
{Heap after GC invocations=54 (full 0):
 garbage-first heap   total 199680K, used 137895K [0x0000000080000000, 0x0000000100000000)
  region size 1024K, 6 young (6144K), 6 survivors (6144K)
 Metaspace       used 106629K, capacity 109195K, committed 109476K, reserved 1144832K
  class space    used 13421K, capacity 14373K, committed 14464K, reserved 1048576K
}
Event: 130.776 GC heap before
{Heap before GC invocations=54 (full 0):
 garbage-first heap   total 199680K, used 140967K [0x0000000080000000, 0x0000000100000000)
  region size 1024K, 9 young (9216K), 6 survivors (6144K)
 Metaspace       used 106643K, capacity 109259K, committed 109476K, reserved 1144832K
  class space    used 13421K, capacity 14373K, committed 14464K, reserved 1048576K
}
Event: 130.847 GC heap after
{Heap after GC invocations=55 (full 0):
 garbage-first heap   total 199680K, used 137216K [0x0000000080000000, 0x0000000100000000)
  region size 1024K, 2 young (2048K), 2 survivors (2048K)
 Metaspace       used 106643K, capacity 109259K, committed 109476K, reserved 1144832K
  class space    used 13421K, capacity 14373K, committed 14464K, reserved 1048576K
}
Event: 131.559 GC heap before
{Heap before GC invocations=55 (full 0):
 garbage-first heap   total 199680K, used 159744K [0x0000000080000000, 0x0000000100000000)
  region size 1024K, 25 young (25600K), 2 survivors (2048K)
 Metaspace       used 106704K, capacity 109260K, committed 109476K, reserved 1144832K
  class space    used 13421K, capacity 14373K, committed 14464K, reserved 1048576K
}
Event: 131.644 GC heap after
{Heap after GC invocations=56 (full 0):
 garbage-first heap   total 199680K, used 151040K [0x0000000080000000, 0x0000000100000000)
  region size 1024K, 4 young (4096K), 4 survivors (4096K)
 Metaspace       used 106704K, capacity 109260K, committed 109476K, reserved 1144832K
  class space    used 13421K, capacity 14373K, committed 14464K, reserved 1048576K
}
Event: 133.235 GC heap before
{Heap before GC invocations=57 (full 0):
 garbage-first heap   total 199680K, used 159232K [0x0000000080000000, 0x0000000100000000)
  region size 1024K, 17 young (17408K), 4 survivors (4096K)
 Metaspace       used 106766K, capacity 109325K, committed 109476K, reserved 1144832K
  class space    used 13421K, capacity 14373K, committed 14464K, reserved 1048576K
}
Event: 133.335 GC heap after
{Heap after GC invocations=58 (full 0):
 garbage-first heap   total 199680K, used 153600K [0x0000000080000000, 0x0000000100000000)
  region size 1024K, 3 young (3072K), 3 survivors (3072K)
 Metaspace       used 106766K, capacity 109325K, committed 109476K, reserved 1144832K
  class space    used 13421K, capacity 14373K, committed 14464K, reserved 1048576K
}
Event: 133.508 GC heap before
{Heap before GC invocations=58 (full 0):
 garbage-first heap   total 199680K, used 158720K [0x0000000080000000, 0x0000000100000000)
  region size 1024K, 9 young (9216K), 3 survivors (3072K)
 Metaspace       used 106766K, capacity 109325K, committed 109476K, reserved 1144832K
  class space    used 13421K, capacity 14373K, committed 14464K, reserved 1048576K
}
Event: 133.572 GC heap after
{Heap after GC invocations=59 (full 0):
 garbage-first heap   total 300032K, used 153600K [0x0000000080000000, 0x0000000100000000)
  region size 1024K, 2 young (2048K), 2 survivors (2048K)
 Metaspace       used 106766K, capacity 109325K, committed 109476K, reserved 1144832K
  class space    used 13421K, capacity 14373K, committed 14464K, reserved 1048576K
}
Event: 133.828 GC heap before
{Heap before GC invocations=59 (full 0):
 garbage-first heap   total 300032K, used 162816K [0x0000000080000000, 0x0000000100000000)
  region size 1024K, 12 young (12288K), 2 survivors (2048K)
 Metaspace       used 106766K, capacity 109325K, committed 109476K, reserved 1144832K
  class space    used 13421K, capacity 14373K, committed 14464K, reserved 1048576K
}
Event: 133.878 GC heap after
{Heap after GC invocations=60 (full 0):
 garbage-first heap   total 300032K, used 160256K [0x0000000080000000, 0x0000000100000000)
  region size 1024K, 4 young (4096K), 4 survivors (4096K)
 Metaspace       used 106766K, capacity 109325K, committed 109476K, reserved 1144832K
  class space    used 13421K, capacity 14373K, committed 14464K, reserved 1048576K
}
Event: 135.109 GC heap before
{Heap before GC invocations=61 (full 0):
 garbage-first heap   total 300032K, used 161280K [0x0000000080000000, 0x0000000100000000)
  region size 1024K, 5 young (5120K), 4 survivors (4096K)
 Metaspace       used 106766K, capacity 109325K, committed 109476K, reserved 1144832K
  class space    used 13421K, capacity 14373K, committed 14464K, reserved 1048576K
}
Event: 135.142 GC heap after
{Heap after GC invocations=62 (full 0):
 garbage-first heap   total 300032K, used 161929K [0x0000000080000000, 0x0000000100000000)
  region size 1024K, 1 young (1024K), 1 survivors (1024K)
 Metaspace       used 106766K, capacity 109325K, committed 109476K, reserved 1144832K
  class space    used 13421K, capacity 14373K, committed 14464K, reserved 1048576K
}
Event: 137.831 GC heap before
{Heap before GC invocations=63 (full 0):
 garbage-first heap   total 300032K, used 190601K [0x0000000080000000, 0x0000000100000000)
  region size 1024K, 29 young (29696K), 1 survivors (1024K)
 Metaspace       used 106816K, capacity 109333K, committed 109476K, reserved 1144832K
  class space    used 13423K, capacity 14375K, committed 14464K, reserved 1048576K
}
Event: 137.924 GC heap after
{Heap after GC invocations=64 (full 0):
 garbage-first heap   total 300032K, used 174080K [0x0000000080000000, 0x0000000100000000)
  region size 1024K, 4 young (4096K), 4 survivors (4096K)
 Metaspace       used 106816K, capacity 109333K, committed 109476K, reserved 1144832K
  class space    used 13423K, capacity 14375K, committed 14464K, reserved 1048576K
}
Event: 140.352 GC heap before
{Heap before GC invocations=65 (full 0):
 garbage-first heap   total 300032K, used 188416K [0x0000000080000000, 0x0000000100000000)
  region size 1024K, 28 young (28672K), 4 survivors (4096K)
 Metaspace       used 106856K, capacity 109397K, committed 109732K, reserved 1144832K
  class space    used 13423K, capacity 14375K, committed 14464K, reserved 1048576K
}

Deoptimization events (20 events):
Event: 139.639 Thread 0x000001ec3c6f7000 DEOPT PACKING pc=0x000001ec299177b0 sp=0x000000a214dfed00
Event: 139.639 Thread 0x000001ec3c6f7000 DEOPT UNPACKING pc=0x000001ec21c969aa sp=0x000000a214dfecb0 mode 2
Event: 139.639 Thread 0x000001ec3c6f7000 Uncommon trap: trap_request=0xffffffbe fr.pc=0x000001ec299084ec relative=0x000000000000036c
Event: 139.639 Thread 0x000001ec3c6f7000 Uncommon trap: reason=profile_predicate action=maybe_recompile pc=0x000001ec299084ec method=com.android.tools.r8.dex.b.a(Lcom/android/tools/r8/graph/n0;)V @ 76 c2
Event: 139.639 Thread 0x000001ec3c6f7000 DEOPT PACKING pc=0x000001ec299084ec sp=0x000000a214dfed00
Event: 139.639 Thread 0x000001ec3c6f7000 DEOPT UNPACKING pc=0x000001ec21c969aa sp=0x000000a214dfecb0 mode 2
Event: 139.641 Thread 0x000001ec3c6f7000 Uncommon trap: trap_request=0xffffffbe fr.pc=0x000001ec299084ec relative=0x000000000000036c
Event: 139.641 Thread 0x000001ec3c6f7000 Uncommon trap: reason=profile_predicate action=maybe_recompile pc=0x000001ec299084ec method=com.android.tools.r8.dex.b.a(Lcom/android/tools/r8/graph/n0;)V @ 76 c2
Event: 139.641 Thread 0x000001ec3c6f7000 DEOPT PACKING pc=0x000001ec299084ec sp=0x000000a214dfed00
Event: 139.641 Thread 0x000001ec3c6f7000 DEOPT UNPACKING pc=0x000001ec21c969aa sp=0x000000a214dfecb0 mode 2
Event: 139.686 Thread 0x000001ec39175800 Uncommon trap: trap_request=0xffffffe4 fr.pc=0x000001ec2978a3d0 relative=0x0000000000000210
Event: 139.686 Thread 0x000001ec39175800 Uncommon trap: reason=range_check action=make_not_entrant pc=0x000001ec2978a3d0 method=com.android.tools.r8.graph.q0.b(Lcom/android/tools/r8/graph/q0;)I @ 9 c2
Event: 139.686 Thread 0x000001ec39175800 DEOPT PACKING pc=0x000001ec2978a3d0 sp=0x000000a21c1fd160
Event: 139.686 Thread 0x000001ec39175800 DEOPT UNPACKING pc=0x000001ec21c969aa sp=0x000000a21c1fd0e8 mode 2
Event: 139.723 Thread 0x000001ec39175800 DEOPT PACKING pc=0x000001ec22639ddc sp=0x000000a21c1fd220
Event: 139.724 Thread 0x000001ec39175800 DEOPT UNPACKING pc=0x000001ec21c967c0 sp=0x000000a21c1fc730 mode 0
Event: 139.850 Thread 0x000001ec39175800 DEOPT PACKING pc=0x000001ec23961966 sp=0x000000a21c1fce70
Event: 139.850 Thread 0x000001ec39175800 DEOPT UNPACKING pc=0x000001ec21c967c0 sp=0x000000a21c1fc300 mode 0
Event: 140.050 Thread 0x000001ec39175800 DEOPT PACKING pc=0x000001ec22481b6b sp=0x000000a21c1fd4f0
Event: 140.050 Thread 0x000001ec39175800 DEOPT UNPACKING pc=0x000001ec21c967c0 sp=0x000000a21c1fc988 mode 0

Classes redefined (0 events):
No events

Internal exceptions (20 events):
Event: 121.749 Thread 0x000001ec39175800 Exception <a 'sun/nio/fs/WindowsException'{0x000000008aa62d38}> (0x000000008aa62d38) thrown at [./src/hotspot/share/prims/jni.cpp, line 615]
Event: 122.019 Thread 0x000001ec39175800 Exception <a 'sun/nio/fs/WindowsException'{0x000000008aa6a250}> (0x000000008aa6a250) thrown at [./src/hotspot/share/prims/jni.cpp, line 615]
Event: 122.339 Thread 0x000001ec39175800 Exception <a 'sun/nio/fs/WindowsException'{0x000000008aa72730}> (0x000000008aa72730) thrown at [./src/hotspot/share/prims/jni.cpp, line 615]
Event: 122.418 Thread 0x000001ec39175800 Exception <a 'sun/nio/fs/WindowsException'{0x0000000089ca8c38}> (0x0000000089ca8c38) thrown at [./src/hotspot/share/prims/jni.cpp, line 615]
Event: 123.445 Thread 0x000001ec39175800 Exception <a 'sun/nio/fs/WindowsException'{0x000000008c208cd8}> (0x000000008c208cd8) thrown at [./src/hotspot/share/prims/jni.cpp, line 615]
Event: 123.626 Thread 0x000001ec39174000 Implicit null exception at 0x000001ec297923d0 to 0x000001ec29792428
Event: 123.806 Thread 0x000001ec39175800 Exception <a 'sun/nio/fs/WindowsException'{0x000000008c210ed8}> (0x000000008c210ed8) thrown at [./src/hotspot/share/prims/jni.cpp, line 615]
Event: 124.099 Thread 0x000001ec39175800 Exception <a 'sun/nio/fs/WindowsException'{0x000000008c231538}> (0x000000008c231538) thrown at [./src/hotspot/share/prims/jni.cpp, line 615]
Event: 124.269 Thread 0x000001ec39175800 Exception <a 'sun/nio/fs/WindowsException'{0x000000008c23c2d0}> (0x000000008c23c2d0) thrown at [./src/hotspot/share/prims/jni.cpp, line 615]
Event: 124.385 Thread 0x000001ec39175800 Exception <a 'sun/nio/fs/WindowsException'{0x000000008b5fbe08}> (0x000000008b5fbe08) thrown at [./src/hotspot/share/prims/jni.cpp, line 615]
Event: 125.421 Thread 0x000001ec39175800 Exception <a 'sun/nio/fs/WindowsException'{0x000000008c186010}> (0x000000008c186010) thrown at [./src/hotspot/share/prims/jni.cpp, line 615]
Event: 125.607 Thread 0x000001ec39175800 Exception <a 'sun/nio/fs/WindowsException'{0x000000008c18eb90}> (0x000000008c18eb90) thrown at [./src/hotspot/share/prims/jni.cpp, line 615]
Event: 126.629 Thread 0x000001ec39175800 Exception <a 'sun/nio/fs/WindowsException'{0x000000008c1ccaf8}> (0x000000008c1ccaf8) thrown at [./src/hotspot/share/prims/jni.cpp, line 615]
Event: 127.626 Thread 0x000001ec39175800 Exception <a 'sun/nio/fs/WindowsException'{0x000000008c27ccf0}> (0x000000008c27ccf0) thrown at [./src/hotspot/share/prims/jni.cpp, line 615]
Event: 127.784 Thread 0x000001ec39175800 Exception <a 'sun/nio/fs/WindowsException'{0x000000008c285b28}> (0x000000008c285b28) thrown at [./src/hotspot/share/prims/jni.cpp, line 615]
Event: 127.853 Thread 0x000001ec39175800 Exception <a 'sun/nio/fs/WindowsException'{0x000000008c28c7d0}> (0x000000008c28c7d0) thrown at [./src/hotspot/share/prims/jni.cpp, line 615]
Event: 127.904 Thread 0x000001ec39175800 Exception <a 'sun/nio/fs/WindowsException'{0x000000008c2932e8}> (0x000000008c2932e8) thrown at [./src/hotspot/share/prims/jni.cpp, line 615]
Event: 127.948 Thread 0x000001ec39175800 Exception <a 'sun/nio/fs/WindowsException'{0x000000008c29c568}> (0x000000008c29c568) thrown at [./src/hotspot/share/prims/jni.cpp, line 615]
Event: 129.355 Thread 0x000001ec39175800 Exception <a 'sun/nio/fs/WindowsException'{0x000000008c280020}> (0x000000008c280020) thrown at [./src/hotspot/share/prims/jni.cpp, line 615]
Event: 129.975 Thread 0x000001ec39175800 Implicit null exception at 0x000001ec29854a1d to 0x000001ec29855464

Events (20 events):
Event: 137.580 Thread 0x000001ec3788a800 flushing nmethod 0x000001ec22dd2010
Event: 137.580 Thread 0x000001ec3788a800 flushing nmethod 0x000001ec22de4510
Event: 137.580 Thread 0x000001ec3788a800 flushing nmethod 0x000001ec22deac10
Event: 137.782 loading class com/android/tools/r8/graph/v1
Event: 137.782 loading class com/android/tools/r8/graph/v1 done
Event: 137.783 loading class com/android/tools/r8/graph/e0
Event: 137.783 loading class com/android/tools/r8/graph/e0 done
Event: 137.783 loading class com/android/tools/r8/graph/v1
Event: 137.783 loading class com/android/tools/r8/graph/v1 done
Event: 137.831 Executing VM operation: G1CollectForAllocation
Event: 137.924 Executing VM operation: G1CollectForAllocation done
Event: 137.961 Executing VM operation: RevokeBias
Event: 137.962 Executing VM operation: RevokeBias done
Event: 138.767 Executing VM operation: CGC_Operation
Event: 138.844 Executing VM operation: CGC_Operation done
Event: 139.292 Executing VM operation: CGC_Operation
Event: 139.292 Executing VM operation: CGC_Operation done
Event: 139.652 Executing VM operation: BulkRevokeBias
Event: 139.655 Executing VM operation: BulkRevokeBias done
Event: 140.351 Executing VM operation: G1CollectForAllocation


Dynamic libraries:
0x00007ff67ad20000 - 0x00007ff67ad2a000 	C:\Program Files\Android\Android Studio\jre\bin\java.exe
0x00007fff52620000 - 0x00007fff52801000 	C:\Windows\SYSTEM32\ntdll.dll
0x00007fff51df0000 - 0x00007fff51ea2000 	C:\Windows\System32\KERNEL32.DLL
0x00007fff4f830000 - 0x00007fff4faa3000 	C:\Windows\System32\KERNELBASE.dll
0x00007fff4f680000 - 0x00007fff4f77a000 	C:\Windows\System32\ucrtbase.dll
0x00007fff40780000 - 0x00007fff40799000 	C:\Program Files\Android\Android Studio\jre\bin\jli.dll
0x00007fff40700000 - 0x00007fff40717000 	C:\Program Files\Android\Android Studio\jre\bin\VCRUNTIME140.dll
0x00007fff52460000 - 0x00007fff525f0000 	C:\Windows\System32\USER32.dll
0x00007fff4eb90000 - 0x00007fff4ebb0000 	C:\Windows\System32\win32u.dll
0x00007fff423d0000 - 0x00007fff42639000 	C:\Windows\WinSxS\amd64_microsoft.windows.common-controls_6595b64144ccf1df_6.0.17133.73_none_b4b127863cb5b9c7\COMCTL32.dll
0x00007fff511c0000 - 0x00007fff511e8000 	C:\Windows\System32\GDI32.dll
0x00007fff51580000 - 0x00007fff5161e000 	C:\Windows\System32\msvcrt.dll
0x00007fff4e9f0000 - 0x00007fff4eb82000 	C:\Windows\System32\gdi32full.dll
0x00007fff52020000 - 0x00007fff52343000 	C:\Windows\System32\combase.dll
0x00007fff51cc0000 - 0x00007fff51de4000 	C:\Windows\System32\RPCRT4.dll
0x00007fff4f5a0000 - 0x00007fff4f61a000 	C:\Windows\System32\bcryptPrimitives.dll
0x00007fff4ec00000 - 0x00007fff4ec9f000 	C:\Windows\System32\msvcp_win.dll
0x00007fff51130000 - 0x00007fff5115d000 	C:\Windows\System32\IMM32.DLL
0x00007fff272c0000 - 0x00007fff2735d000 	C:\Program Files\Android\Android Studio\jre\bin\msvcp140.dll
0x00007fff149e0000 - 0x00007fff1549c000 	C:\Program Files\Android\Android Studio\jre\bin\server\jvm.dll
0x00007fff52350000 - 0x00007fff523f1000 	C:\Windows\System32\ADVAPI32.dll
0x00007fff51520000 - 0x00007fff5157b000 	C:\Windows\System32\sechost.dll
0x00007fff50f00000 - 0x00007fff50f08000 	C:\Windows\System32\PSAPI.DLL
0x00007fff48650000 - 0x00007fff48659000 	C:\Windows\SYSTEM32\WSOCK32.dll
0x00007fff41810000 - 0x00007fff4181a000 	C:\Windows\SYSTEM32\VERSION.dll
0x00007fff514b0000 - 0x00007fff5151c000 	C:\Windows\System32\WS2_32.dll
0x00007fff4c760000 - 0x00007fff4c783000 	C:\Windows\SYSTEM32\WINMM.dll
0x00007fff4c730000 - 0x00007fff4c75a000 	C:\Windows\SYSTEM32\WINMMBASE.dll
0x00007fff4ebb0000 - 0x00007fff4ebf9000 	C:\Windows\System32\cfgmgr32.dll
0x00007fff4e9d0000 - 0x00007fff4e9e1000 	C:\Windows\System32\kernel.appcore.dll
0x00007fff406b0000 - 0x00007fff406c1000 	C:\Program Files\Android\Android Studio\jre\bin\verify.dll
0x00007fff3d3c0000 - 0x00007fff3d589000 	C:\Windows\SYSTEM32\DBGHELP.DLL
0x00007fff3dde0000 - 0x00007fff3de09000 	C:\Windows\SYSTEM32\dbgcore.DLL
0x00007fff40680000 - 0x00007fff406a9000 	C:\Program Files\Android\Android Studio\jre\bin\java.dll
0x00007fff48620000 - 0x00007fff4862b000 	C:\Program Files\Android\Android Studio\jre\bin\jimage.dll
0x00007fff40660000 - 0x00007fff40678000 	C:\Program Files\Android\Android Studio\jre\bin\zip.dll
0x00007fff4fab0000 - 0x00007fff50ef0000 	C:\Windows\System32\SHELL32.dll
0x00007fff51400000 - 0x00007fff514a9000 	C:\Windows\System32\shcore.dll
0x00007fff4eca0000 - 0x00007fff4f3ad000 	C:\Windows\System32\windows.storage.dll
0x00007fff51370000 - 0x00007fff513c1000 	C:\Windows\System32\shlwapi.dll
0x00007fff4e930000 - 0x00007fff4e94f000 	C:\Windows\System32\profapi.dll
0x00007fff4e980000 - 0x00007fff4e9cc000 	C:\Windows\System32\powrprof.dll
0x00007fff4e950000 - 0x00007fff4e95a000 	C:\Windows\System32\FLTLIB.DLL
0x00007fff40640000 - 0x00007fff4065a000 	C:\Program Files\Android\Android Studio\jre\bin\net.dll
0x00007fff43750000 - 0x00007fff4382d000 	C:\Windows\SYSTEM32\WINHTTP.dll
0x00007fff4e150000 - 0x00007fff4e1b6000 	C:\Windows\system32\mswsock.dll
0x00007fff3aa10000 - 0x00007fff3aa24000 	C:\Program Files\Android\Android Studio\jre\bin\nio.dll
0x00007fff34f00000 - 0x00007fff34f27000 	C:\Users\MISHECK\.gradle\native\fdc75f09e3144964f2cf3f50f0aa648679c211496f362492102eb8c894070792\windows-amd64\native-platform.dll
0x00007fff25dc0000 - 0x00007fff25f56000 	C:\Users\MISHECK\.gradle\native\12488b8bf47d2d4c9fbf2f6322a914ad602e24e48041cd04a747c6da556b65c4\windows-amd64\native-platform-file-events.dll
0x00007fff43c40000 - 0x00007fff43c4a000 	C:\Program Files\Android\Android Studio\jre\bin\management.dll
0x00007fff40770000 - 0x00007fff4077c000 	C:\Program Files\Android\Android Studio\jre\bin\management_ext.dll
0x00007fff4e300000 - 0x00007fff4e317000 	C:\Windows\SYSTEM32\CRYPTSP.dll
0x00007fff4dd30000 - 0x00007fff4dd63000 	C:\Windows\system32\rsaenh.dll
0x00007fff4e4e0000 - 0x00007fff4e505000 	C:\Windows\SYSTEM32\bcrypt.dll
0x00007fff4e830000 - 0x00007fff4e858000 	C:\Windows\SYSTEM32\USERENV.dll
0x00007fff4e320000 - 0x00007fff4e32b000 	C:\Windows\SYSTEM32\CRYPTBASE.dll
0x00007fff4ded0000 - 0x00007fff4df08000 	C:\Windows\SYSTEM32\IPHLPAPI.DLL
0x00007fff50ef0000 - 0x00007fff50ef8000 	C:\Windows\System32\NSI.dll
0x00007fff43250000 - 0x00007fff43266000 	C:\Windows\SYSTEM32\dhcpcsvc6.DLL
0x00007fff43230000 - 0x00007fff4324a000 	C:\Windows\SYSTEM32\dhcpcsvc.DLL
0x00007fff43290000 - 0x00007fff4329b000 	C:\Windows\SYSTEM32\WINNSI.DLL

dbghelp: loaded successfully - version: 4.0.5 - missing functions: none
symbol engine: initialized successfully - sym options: 0x614 - pdb path: .;C:\Program Files\Android\Android Studio\jre\bin;C:\Windows\SYSTEM32;C:\Windows\WinSxS\amd64_microsoft.windows.common-controls_6595b64144ccf1df_6.0.17133.73_none_b4b127863cb5b9c7;C:\Program Files\Android\Android Studio\jre\bin\server;C:\Users\MISHECK\.gradle\native\fdc75f09e3144964f2cf3f50f0aa648679c211496f362492102eb8c894070792\windows-amd64;C:\Users\MISHECK\.gradle\native\12488b8bf47d2d4c9fbf2f6322a914ad602e24e48041cd04a747c6da556b65c4\windows-amd64

VM Arguments:
jvm_args: --add-opens=java.base/java.util=ALL-UNNAMED --add-opens=java.base/java.lang=ALL-UNNAMED --add-opens=java.base/java.lang.invoke=ALL-UNNAMED --add-opens=java.prefs/java.util.prefs=ALL-UNNAMED -Xmx2048m -Dfile.encoding=UTF-8 -Duser.country=US -Duser.language=en -Duser.variant 
java_command: org.gradle.launcher.daemon.bootstrap.GradleDaemon 6.7.1
java_class_path (initial): C:\Users\MISHECK\.gradle\wrapper\dists\gradle-6.7.1-bin\bwlcbys1h7rz3272sye1xwiv6\gradle-6.7.1\lib\gradle-launcher-6.7.1.jar
Launcher Type: SUN_STANDARD

[Global flags]
     intx CICompilerCount                          = 2                                         {product} {ergonomic}
     uint ConcGCThreads                            = 1                                         {product} {ergonomic}
     uint G1ConcRefinementThreads                  = 2                                         {product} {ergonomic}
   size_t G1HeapRegionSize                         = 1048576                                   {product} {ergonomic}
    uintx GCDrainStackTargetSize                   = 64                                        {product} {ergonomic}
   size_t InitialHeapSize                          = 67108864                                  {product} {ergonomic}
   size_t MarkStackSize                            = 4194304                                   {product} {ergonomic}
   size_t MaxHeapSize                              = 2147483648                                {product} {command line}
   size_t MaxNewSize                               = 1287651328                                {product} {ergonomic}
   size_t MinHeapDeltaBytes                        = 1048576                                   {product} {ergonomic}
    uintx NonNMethodCodeHeapSize                   = 5825164                                {pd product} {ergonomic}
    uintx NonProfiledCodeHeapSize                  = 122916538                              {pd product} {ergonomic}
    uintx ProfiledCodeHeapSize                     = 122916538                              {pd product} {ergonomic}
    uintx ReservedCodeCacheSize                    = 251658240                              {pd product} {ergonomic}
     bool SegmentedCodeCache                       = true                                      {product} {ergonomic}
     bool UseCompressedClassPointers               = true                                 {lp64_product} {ergonomic}
     bool UseCompressedOops                        = true                                 {lp64_product} {ergonomic}
     bool UseG1GC                                  = true                                      {product} {ergonomic}
     bool UseLargePagesIndividualAllocation        = false                                  {pd product} {ergonomic}

Logging:
Log output configuration:
 #0: stdout all=warning uptime,level,tags
 #1: stderr all=off uptime,level,tags

Environment Variables:
JAVA_HOME=C:\Program Files\Java\jdk1.8.0_191
PATH=C:\Program Files (x86)\Common Files\Oracle\Java\javapath;C:\Windows\system32;C:\Windows;C:\Windows\System32\Wbem;C:\Windows\System32\WindowsPowerShell\v1.0\;C:\Windows\System32\OpenSSH\;C:\Program Files (x86)\Git\cmd;C:\Program Files\nodejs\;C:\Program Files\Java\jdk1.8.0_191\bin;C:\Users\MISHECK\AppData\Roaming\npm;C:\Exercism;C:\Users\MISHECK\AppData\Local\Programs\Python\Python39;C:\Users\MISHECK\AppData\Local\Programs\Microsoft VS Code\bin;C:\Program Files\CodeBlocks\MinGW\bin;
USERNAME=MISHECK
OS=Windows_NT
PROCESSOR_IDENTIFIER=Intel64 Family 6 Model 55 Stepping 8, GenuineIntel



---------------  S Y S T E M  ---------------

OS: Windows 10 , 64 bit Build 17133 (10.0.17133.73)
OS uptime: 0 days 21:34 hours

CPU:total 2 (initial active 2) (2 cores per cpu, 1 threads per core) family 6 model 55 stepping 8, cmov, cx8, fxsr, mmx, sse, sse2, sse3, ssse3, sse4.1, sse4.2, popcnt, clmul, erms, 3dnowpref, tsc, tscinvbit

Memory: 4k page, system-wide physical 3987M (409M free)
TotalPageFile size 5381M (AvailPageFile size 55M)
current process WorkingSet (physical memory assigned to process): 526M, peak: 527M
current process commit charge ("private bytes"): 615M, peak: 716M

vm_info: OpenJDK 64-Bit Server VM (11.0.8+10-b944.6842174) for windows-amd64 JRE (11.0.8+10-b944.6842174), built on Sep 19 2020 01:11:42 by "builder" with MS VC++ 14.0 (VS2015)

END.
