#
# There is insufficient memory for the Java Runtime Environment to continue.
# Native memory allocation (mmap) failed to map 350224384 bytes for Failed to commit area from 0x0000000097c00000 to 0x00000000aca00000 of length 350224384.
# Possible reasons:
#   The system is out of physical RAM or swap space
#   The process is running with CompressedOops enabled, and the Java Heap may be blocking the growth of the native heap
# Possible solutions:
#   Reduce memory load on the system
#   Increase physical memory or swap space
#   Check if swap backing store is full
#   Decrease Java heap size (-Xmx/-Xms)
#   Decrease number of Java threads
#   Decrease Java thread stack sizes (-Xss)
#   Set larger code cache with -XX:ReservedCodeCacheSize=
#   JVM is running with Unscaled Compressed Oops mode in which the Java heap is
#     placed in the first 4GB address space. The Java Heap base address is the
#     maximum limit for the native heap growth. Please use -XX:HeapBaseMinAddress
#     to set the Java Heap base and to place the Java Heap above 4GB virtual address.
# This output file may be truncated or incomplete.
#
#  Out of Memory Error (./src/hotspot/os/windows/os_windows.cpp:3303), pid=9564, tid=14964
#
# JRE version: OpenJDK Runtime Environment (11.0.8+10) (build 11.0.8+10-b944.6842174)
# Java VM: OpenJDK 64-Bit Server VM (11.0.8+10-b944.6842174, mixed mode, tiered, compressed oops, g1 gc, windows-amd64)
# No core dump will be written. Minidumps are not enabled by default on client versions of Windows
#

---------------  S U M M A R Y ------------

Command Line: --add-opens=java.base/java.util=ALL-UNNAMED --add-opens=java.base/java.lang=ALL-UNNAMED --add-opens=java.base/java.lang.invoke=ALL-UNNAMED --add-opens=java.prefs/java.util.prefs=ALL-UNNAMED -Xmx2048m -Dfile.encoding=UTF-8 -Duser.country=US -Duser.language=en -Duser.variant org.gradle.launcher.daemon.bootstrap.GradleDaemon 6.7.1

Host: Intel(R) Celeron(R) CPU  N2840  @ 2.16GHz, 2 cores, 3G,  Windows 10 , 64 bit Build 17133 (10.0.17133.73)
Time: Wed Jul 28 00:23:27 2021 Pacific Daylight Time elapsed time: 204 seconds (0d 0h 3m 24s)

---------------  T H R E A D  ---------------

Current thread (0x000001e5b706c000):  VMThread "VM Thread" [stack: 0x0000005909700000,0x0000005909800000] [id=14964]

Stack: [0x0000005909700000,0x0000005909800000]
[error occurred during error reporting (printing stack bounds), id 0xc0000005, EXCEPTION_ACCESS_VIOLATION (0xc0000005) at pc=0x000001e5a1460dbe]

Native frames: (J=compiled Java code, j=interpreted, Vv=VM code, C=native code)
V  [jvm.dll+0x5de50a]
V  [jvm.dll+0x7122f5]
V  [jvm.dll+0x71384d]
V  [jvm.dll+0x713e65]
V  [jvm.dll+0x713e1b]
V  [jvm.dll+0x5dd958]
V  [jvm.dll+0x5de0f8]
C  [ntdll.dll+0x9eddd]
C  [ntdll.dll+0x6c86]
C  [ntdll.dll+0x9dd0e]
C  0x000001e5a1460dbe

VM_Operation (0x000000590bdfdf20): G1CollectForAllocation, mode: safepoint, requested by thread 0x000001e5b7ab2800


---------------  P R O C E S S  ---------------

Threads class SMR info:
_java_thread_list=0x000001e5ba3d6250, length=45, elements={
0x000001e59daeb800, 0x000001e5b7070000, 0x000001e5b7071000, 0x000001e5b70cf000,
0x000001e5b70d0000, 0x000001e5b70d1000, 0x000001e5b7a2a800, 0x000001e5b7a30000,
0x000001e5b7b26800, 0x000001e5b7b48000, 0x000001e5b95f5800, 0x000001e5b9cef800,
0x000001e5b85c9000, 0x000001e5b85de000, 0x000001e5b944a800, 0x000001e5b944b000,
0x000001e5b8bdd000, 0x000001e5b8869000, 0x000001e5b8fc0800, 0x000001e5b9054800,
0x000001e5b9055800, 0x000001e5b9056800, 0x000001e5b9057000, 0x000001e5b9eb7000,
0x000001e5b9eb9800, 0x000001e5b9eb8000, 0x000001e5b9eba800, 0x000001e5b9eb9000,
0x000001e5b9eb5800, 0x000001e5b9ebc000, 0x000001e5b9eb6800, 0x000001e5b85d3000,
0x000001e5b85d4800, 0x000001e5b85d6000, 0x000001e5b85d0800, 0x000001e5b85d3800,
0x000001e5b85d7000, 0x000001e5b85d7800, 0x000001e5b85d8800, 0x000001e5b7ab4000,
0x000001e5b7ab3800, 0x000001e5b7aaf800, 0x000001e5b7ab1800, 0x000001e5b7ab6800,
0x000001e5b7ab2800
}

Java Threads: ( => current thread )
  0x000001e59daeb800 JavaThread "main" [_thread_blocked, id=7712, stack(0x0000005909100000,0x0000005909200000)]
  0x000001e5b7070000 JavaThread "Reference Handler" daemon [_thread_blocked, id=6404, stack(0x0000005909800000,0x0000005909900000)]
  0x000001e5b7071000 JavaThread "Finalizer" daemon [_thread_blocked, id=15860, stack(0x0000005909900000,0x0000005909a00000)]
  0x000001e5b70cf000 JavaThread "Signal Dispatcher" daemon [_thread_blocked, id=12132, stack(0x0000005909a00000,0x0000005909b00000)]
  0x000001e5b70d0000 JavaThread "Attach Listener" daemon [_thread_blocked, id=13432, stack(0x0000005909b00000,0x0000005909c00000)]
  0x000001e5b70d1000 JavaThread "C2 CompilerThread0" daemon [_thread_blocked, id=14948, stack(0x0000005909c00000,0x0000005909d00000)]
  0x000001e5b7a2a800 JavaThread "C1 CompilerThread0" daemon [_thread_blocked, id=14044, stack(0x0000005909d00000,0x0000005909e00000)]
  0x000001e5b7a30000 JavaThread "Sweeper thread" daemon [_thread_blocked, id=6400, stack(0x0000005909e00000,0x0000005909f00000)]
  0x000001e5b7b26800 JavaThread "Common-Cleaner" daemon [_thread_blocked, id=21960, stack(0x0000005909f00000,0x000000590a000000)]
  0x000001e5b7b48000 JavaThread "Service Thread" daemon [_thread_blocked, id=10356, stack(0x000000590a000000,0x000000590a100000)]
  0x000001e5b95f5800 JavaThread "Daemon health stats" [_thread_blocked, id=21572, stack(0x000000590a300000,0x000000590a400000)]
  0x000001e5b9cef800 JavaThread "Incoming local TCP Connector on port 64566" [_thread_in_native, id=20116, stack(0x000000590a500000,0x000000590a600000)]
  0x000001e5b85c9000 JavaThread "Daemon periodic checks" [_thread_blocked, id=17740, stack(0x000000590a600000,0x000000590a700000)]
  0x000001e5b85de000 JavaThread "Daemon" [_thread_blocked, id=15004, stack(0x000000590a700000,0x000000590a800000)]
  0x000001e5b944a800 JavaThread "Handler for socket connection from /127.0.0.1:64566 to /127.0.0.1:64567" [_thread_in_native, id=6628, stack(0x000000590a800000,0x000000590a900000)]
  0x000001e5b944b000 JavaThread "Cancel handler" [_thread_blocked, id=12384, stack(0x000000590a900000,0x000000590aa00000)]
  0x000001e5b8bdd000 JavaThread "Daemon worker" [_thread_blocked, id=17520, stack(0x000000590aa00000,0x000000590ab00000)]
  0x000001e5b8869000 JavaThread "Asynchronous log dispatcher for DefaultDaemonConnection: socket connection from /127.0.0.1:64566 to /127.0.0.1:64567" [_thread_blocked, id=1180, stack(0x000000590ab00000,0x000000590ac00000)]
  0x000001e5b8fc0800 JavaThread "Thread-8" [_thread_blocked, id=10908, stack(0x000000590ad00000,0x000000590ae00000)]
  0x000001e5b9054800 JavaThread "Cache worker for file hash cache (C:\Users\MISHECK\.gradle\caches\6.7.1\fileHashes)" [_thread_blocked, id=8052, stack(0x000000590ae00000,0x000000590af00000)]
  0x000001e5b9055800 JavaThread "File lock request listener" [_thread_in_native, id=18076, stack(0x000000590af00000,0x000000590b000000)]
  0x000001e5b9056800 JavaThread "Cache worker for journal cache (C:\Users\MISHECK\.gradle\caches\journal-1)" [_thread_blocked, id=7868, stack(0x000000590b000000,0x000000590b100000)]
  0x000001e5b9057000 JavaThread "Cache worker for file hash cache (C:\Users\MISHECK\AndroidStudioProjects\ChildSafetyApp\.gradle\6.7.1\fileHashes)" [_thread_blocked, id=8764, stack(0x000000590b100000,0x000000590b200000)]
  0x000001e5b9eb7000 JavaThread "Cache worker for checksums cache (C:\Users\MISHECK\AndroidStudioProjects\ChildSafetyApp\.gradle\checksums)" [_thread_blocked, id=14116, stack(0x000000590b200000,0x000000590b300000)]
  0x000001e5b9eb9800 JavaThread "Cache worker for cache directory md-supplier (C:\Users\MISHECK\.gradle\caches\6.7.1\md-supplier)" [_thread_blocked, id=18580, stack(0x000000590b300000,0x000000590b400000)]
  0x000001e5b9eb8000 JavaThread "Cache worker for cache directory md-rule (C:\Users\MISHECK\.gradle\caches\6.7.1\md-rule)" [_thread_blocked, id=19616, stack(0x000000590b400000,0x000000590b500000)]
  0x000001e5b9eba800 JavaThread "Cache worker for execution history cache (C:\Users\MISHECK\.gradle\caches\6.7.1\executionHistory)" [_thread_blocked, id=10416, stack(0x000000590b500000,0x000000590b600000)]
  0x000001e5b9eb9000 JavaThread "Cache worker for file content cache (C:\Users\MISHECK\.gradle\caches\6.7.1\fileContent)" [_thread_blocked, id=2396, stack(0x000000590b700000,0x000000590b800000)]
  0x000001e5b9eb5800 JavaThread "Cache worker for Build Output Cleanup Cache (C:\Users\MISHECK\AndroidStudioProjects\ChildSafetyApp\.gradle\buildOutputCleanup)" [_thread_blocked, id=14488, stack(0x000000590b800000,0x000000590b900000)]
  0x000001e5b9ebc000 JavaThread "Build operations" [_thread_blocked, id=5864, stack(0x000000590b900000,0x000000590ba00000)]
  0x000001e5b9eb6800 JavaThread "Build operations Thread 2" [_thread_blocked, id=1984, stack(0x000000590ba00000,0x000000590bb00000)]
  0x000001e5b85d3000 JavaThread "Memory manager" [_thread_blocked, id=5764, stack(0x0000005911b00000,0x0000005911c00000)]
  0x000001e5b85d4800 JavaThread "build event listener" [_thread_blocked, id=14436, stack(0x0000005911c00000,0x0000005911d00000)]
  0x000001e5b85d6000 JavaThread "build event listener" [_thread_blocked, id=912, stack(0x0000005911d00000,0x0000005911e00000)]
  0x000001e5b85d0800 JavaThread "Execution worker for ':'" [_thread_blocked, id=20980, stack(0x0000005911e00000,0x0000005911f00000)]
  0x000001e5b85d3800 JavaThread "Cache worker for execution history cache (C:\Users\MISHECK\AndroidStudioProjects\ChildSafetyApp\.gradle\6.7.1\executionHistory)" [_thread_blocked, id=21240, stack(0x0000005911f00000,0x0000005912000000)]
  0x000001e5b85d7000 JavaThread "WorkerExecutor Queue" [_thread_blocked, id=8444, stack(0x0000005908d00000,0x0000005908e00000)]
  0x000001e5b85d7800 JavaThread "WorkerExecutor Queue Thread 2" [_thread_blocked, id=2116, stack(0x0000005908e00000,0x0000005908f00000)]
  0x000001e5b85d8800 JavaThread "pool-4-thread-1" [_thread_blocked, id=14332, stack(0x0000005908f00000,0x0000005909000000)]
  0x000001e5b7ab4000 JavaThread "stderr" [_thread_in_native, id=19148, stack(0x000000590ac00000,0x000000590ad00000)]
  0x000001e5b7ab3800 JavaThread "stdout" [_thread_in_native, id=5024, stack(0x0000005912000000,0x0000005912100000)]
  0x000001e5b7aaf800 JavaThread "Cache worker for Java compile cache (C:\Users\MISHECK\.gradle\caches\6.7.1\javaCompile)" [_thread_blocked, id=5540, stack(0x000000590b600000,0x000000590b700000)]
  0x000001e5b7ab1800 JavaThread "Cache worker for Java compile cache (C:\Users\MISHECK\AndroidStudioProjects\ChildSafetyApp\.gradle\6.7.1\javaCompile)" [_thread_blocked, id=12400, stack(0x000000590bb00000,0x000000590bc00000)]
  0x000001e5b7ab6800 JavaThread "ForkJoinPool-1-worker-3" daemon [_thread_blocked, id=19092, stack(0x000000590bc00000,0x000000590bd00000)]
  0x000001e5b7ab2800 JavaThread "ForkJoinPool-1-worker-1" daemon [_thread_blocked, id=4756, stack(0x000000590bd00000,0x000000590be00000)]

Other Threads:
=>0x000001e5b706c000 VMThread "VM Thread" [stack: 0x0000005909700000,0x0000005909800000] [id=14964]
  0x000001e5b7b4d000 WatcherThread [stack: 0x000000590a100000,0x000000590a200000] [id=8504]
  0x000001e59db04000 GCTaskThread "GC Thread#0" [stack: 0x0000005909200000,0x0000005909300000] [id=19604]
  0x000001e5b7c25800 GCTaskThread "GC Thread#1" [stack: 0x000000590a200000,0x000000590a300000] [id=3268]
  0x000001e59db33000 ConcurrentGCThread "G1 Main Marker" [stack: 0x0000005909300000,0x0000005909400000] [id=15220]
  0x000001e59db35800 ConcurrentGCThread "G1 Conc#0" [stack: 0x0000005909400000,0x0000005909500000] [id=19532]
  0x000001e59db84000 ConcurrentGCThread "G1 Refine#0" [stack: 0x0000005909500000,0x0000005909600000] [id=11196]
  0x000001e59db85000 ConcurrentGCThread "G1 Young RemSet Sampling" [stack: 0x0000005909600000,0x0000005909700000] [id=10468]

Threads with active compile tasks:
C2 CompilerThread0 204346 16200       4       com.android.tools.r8.dex.P$g::a (35 bytes)

VM state:at safepoint (normal execution)

VM Mutex/Monitor currently owned by a thread:  ([mutex/lock_event])
[0x000001e59dae8fd0] Threads_lock - owner thread: 0x000001e5b706c000
[0x000001e59dae77a0] Heap_lock - owner thread: 0x000001e5b7ab2800

Heap address: 0x0000000080000000, size: 2048 MB, Compressed Oops mode: 32-bit
Narrow klass base: 0x0000000000000000, Narrow klass shift: 3
Compressed class space size: 1073741824 Address: 0x0000000100000000

Heap:
 garbage-first heap   total 731136K, used 206427K [0x0000000080000000, 0x0000000100000000)
  region size 1024K, 4 young (4096K), 4 survivors (4096K)
 Metaspace       used 108040K, capacity 110566K, committed 110716K, reserved 1144832K
  class space    used 13554K, capacity 14528K, committed 14592K, reserved 1048576K
Heap Regions: E=young(eden), S=young(survivor), O=old, HS=humongous(starts), HC=humongous(continues), CS=collection set, F=free, A=archive, TAMS=top-at-mark-start (previous, next)
|   0|0x0000000080000000, 0x0000000080100000, 0x0000000080100000|100%| O|  |TAMS 0x0000000080100000, 0x0000000080000000| Untracked 
|   1|0x0000000080100000, 0x0000000080200000, 0x0000000080200000|100%| O|  |TAMS 0x0000000080200000, 0x0000000080100000| Untracked 
|   2|0x0000000080200000, 0x0000000080300000, 0x0000000080300000|100%| O|  |TAMS 0x0000000080300000, 0x0000000080200000| Untracked 
|   3|0x0000000080300000, 0x0000000080400000, 0x0000000080400000|100%| O|  |TAMS 0x0000000080400000, 0x0000000080300000| Untracked 
|   4|0x0000000080400000, 0x0000000080500000, 0x0000000080500000|100%|HS|  |TAMS 0x0000000080500000, 0x0000000080400000| Complete 
|   5|0x0000000080500000, 0x0000000080600000, 0x0000000080600000|100%|HC|  |TAMS 0x0000000080600000, 0x0000000080500000| Complete 
|   6|0x0000000080600000, 0x0000000080700000, 0x0000000080700000|100%|HC|  |TAMS 0x0000000080700000, 0x0000000080600000| Complete 
|   7|0x0000000080700000, 0x0000000080800000, 0x0000000080800000|100%| O|  |TAMS 0x0000000080800000, 0x0000000080700000| Untracked 
|   8|0x0000000080800000, 0x0000000080900000, 0x0000000080900000|100%| O|  |TAMS 0x0000000080900000, 0x0000000080800000| Untracked 
|   9|0x0000000080900000, 0x0000000080a00000, 0x0000000080a00000|100%| O|  |TAMS 0x0000000080a00000, 0x0000000080900000| Untracked 
|  10|0x0000000080a00000, 0x0000000080b00000, 0x0000000080b00000|100%| O|  |TAMS 0x0000000080b00000, 0x0000000080a00000| Untracked 
|  11|0x0000000080b00000, 0x0000000080c00000, 0x0000000080c00000|100%| O|  |TAMS 0x0000000080c00000, 0x0000000080b00000| Untracked 
|  12|0x0000000080c00000, 0x0000000080d00000, 0x0000000080d00000|100%| O|  |TAMS 0x0000000080d00000, 0x0000000080c00000| Untracked 
|  13|0x0000000080d00000, 0x0000000080e00000, 0x0000000080e00000|100%| O|  |TAMS 0x0000000080e00000, 0x0000000080d00000| Untracked 
|  14|0x0000000080e00000, 0x0000000080f00000, 0x0000000080f00000|100%| O|  |TAMS 0x0000000080f00000, 0x0000000080e00000| Untracked 
|  15|0x0000000080f00000, 0x0000000081000000, 0x0000000081000000|100%| O|  |TAMS 0x0000000081000000, 0x0000000080f00000| Untracked 
|  16|0x0000000081000000, 0x0000000081100000, 0x0000000081100000|100%| O|  |TAMS 0x0000000081100000, 0x0000000081000000| Untracked 
|  17|0x0000000081100000, 0x0000000081200000, 0x0000000081200000|100%| O|  |TAMS 0x0000000081200000, 0x0000000081100000| Untracked 
|  18|0x0000000081200000, 0x0000000081300000, 0x0000000081300000|100%| O|  |TAMS 0x0000000081300000, 0x0000000081200000| Untracked 
|  19|0x0000000081300000, 0x0000000081400000, 0x0000000081400000|100%| O|  |TAMS 0x0000000081400000, 0x0000000081300000| Untracked 
|  20|0x0000000081400000, 0x0000000081500000, 0x0000000081500000|100%| O|  |TAMS 0x0000000081500000, 0x0000000081400000| Untracked 
|  21|0x0000000081500000, 0x0000000081600000, 0x0000000081600000|100%| O|  |TAMS 0x0000000081600000, 0x0000000081500000| Untracked 
|  22|0x0000000081600000, 0x0000000081700000, 0x0000000081700000|100%| O|  |TAMS 0x0000000081700000, 0x0000000081600000| Untracked 
|  23|0x0000000081700000, 0x0000000081800000, 0x0000000081800000|100%| O|  |TAMS 0x0000000081800000, 0x0000000081700000| Untracked 
|  24|0x0000000081800000, 0x0000000081900000, 0x0000000081900000|100%| O|  |TAMS 0x0000000081900000, 0x0000000081800000| Untracked 
|  25|0x0000000081900000, 0x0000000081a00000, 0x0000000081a00000|100%|HS|  |TAMS 0x0000000081a00000, 0x0000000081900000| Complete 
|  26|0x0000000081a00000, 0x0000000081b00000, 0x0000000081b00000|100%|HS|  |TAMS 0x0000000081b00000, 0x0000000081a00000| Complete 
|  27|0x0000000081b00000, 0x0000000081c00000, 0x0000000081c00000|100%|HC|  |TAMS 0x0000000081c00000, 0x0000000081b00000| Complete 
|  28|0x0000000081c00000, 0x0000000081d00000, 0x0000000081d00000|100%| O|  |TAMS 0x0000000081d00000, 0x0000000081c00000| Untracked 
|  29|0x0000000081d00000, 0x0000000081e00000, 0x0000000081e00000|100%| O|  |TAMS 0x0000000081e00000, 0x0000000081d00000| Untracked 
|  30|0x0000000081e00000, 0x0000000081f00000, 0x0000000081f00000|100%| O|  |TAMS 0x0000000081f00000, 0x0000000081e00000| Untracked 
|  31|0x0000000081f00000, 0x0000000082000000, 0x0000000082000000|100%| O|  |TAMS 0x0000000082000000, 0x0000000081f00000| Untracked 
|  32|0x0000000082000000, 0x0000000082100000, 0x0000000082100000|100%| O|  |TAMS 0x0000000082100000, 0x0000000082000000| Untracked 
|  33|0x0000000082100000, 0x0000000082200000, 0x0000000082200000|100%| O|  |TAMS 0x0000000082200000, 0x0000000082100000| Untracked 
|  34|0x0000000082200000, 0x0000000082300000, 0x0000000082300000|100%| O|  |TAMS 0x0000000082300000, 0x0000000082200000| Untracked 
|  35|0x0000000082300000, 0x0000000082400000, 0x0000000082400000|100%| O|  |TAMS 0x0000000082400000, 0x0000000082300000| Untracked 
|  36|0x0000000082400000, 0x0000000082500000, 0x0000000082500000|100%| O|  |TAMS 0x0000000082500000, 0x0000000082400000| Untracked 
|  37|0x0000000082500000, 0x0000000082600000, 0x0000000082600000|100%| O|  |TAMS 0x0000000082600000, 0x0000000082500000| Untracked 
|  38|0x0000000082600000, 0x0000000082700000, 0x0000000082700000|100%| O|  |TAMS 0x0000000082700000, 0x0000000082600000| Untracked 
|  39|0x0000000082700000, 0x0000000082800000, 0x0000000082800000|100%| O|  |TAMS 0x0000000082800000, 0x0000000082700000| Untracked 
|  40|0x0000000082800000, 0x0000000082900000, 0x0000000082900000|100%| O|  |TAMS 0x0000000082900000, 0x0000000082800000| Untracked 
|  41|0x0000000082900000, 0x0000000082a00000, 0x0000000082a00000|100%| O|  |TAMS 0x0000000082a00000, 0x0000000082900000| Untracked 
|  42|0x0000000082a00000, 0x0000000082b00000, 0x0000000082b00000|100%| O|  |TAMS 0x0000000082b00000, 0x0000000082a00000| Untracked 
|  43|0x0000000082b00000, 0x0000000082c00000, 0x0000000082c00000|100%| O|  |TAMS 0x0000000082c00000, 0x0000000082b00000| Untracked 
|  44|0x0000000082c00000, 0x0000000082d00000, 0x0000000082d00000|100%| O|  |TAMS 0x0000000082d00000, 0x0000000082c00000| Untracked 
|  45|0x0000000082d00000, 0x0000000082e00000, 0x0000000082e00000|100%| O|  |TAMS 0x0000000082e00000, 0x0000000082d00000| Untracked 
|  46|0x0000000082e00000, 0x0000000082f00000, 0x0000000082f00000|100%| O|  |TAMS 0x0000000082f00000, 0x0000000082e00000| Untracked 
|  47|0x0000000082f00000, 0x0000000083000000, 0x0000000083000000|100%| O|  |TAMS 0x0000000083000000, 0x0000000082f00000| Untracked 
|  48|0x0000000083000000, 0x0000000083100000, 0x0000000083100000|100%| O|  |TAMS 0x0000000083100000, 0x0000000083000000| Untracked 
|  49|0x0000000083100000, 0x0000000083200000, 0x0000000083200000|100%| O|  |TAMS 0x0000000083200000, 0x0000000083100000| Untracked 
|  50|0x0000000083200000, 0x0000000083300000, 0x0000000083300000|100%| O|  |TAMS 0x0000000083300000, 0x0000000083200000| Untracked 
|  51|0x0000000083300000, 0x0000000083400000, 0x0000000083400000|100%| O|  |TAMS 0x0000000083400000, 0x0000000083300000| Untracked 
|  52|0x0000000083400000, 0x0000000083500000, 0x0000000083500000|100%| O|  |TAMS 0x0000000083500000, 0x0000000083400000| Untracked 
|  53|0x0000000083500000, 0x0000000083600000, 0x0000000083600000|100%| O|  |TAMS 0x0000000083600000, 0x0000000083500000| Untracked 
|  54|0x0000000083600000, 0x0000000083700000, 0x0000000083700000|100%| O|  |TAMS 0x0000000083700000, 0x0000000083600000| Untracked 
|  55|0x0000000083700000, 0x0000000083800000, 0x0000000083800000|100%| O|  |TAMS 0x0000000083800000, 0x0000000083700000| Untracked 
|  56|0x0000000083800000, 0x0000000083900000, 0x0000000083900000|100%| O|  |TAMS 0x0000000083900000, 0x0000000083800000| Untracked 
|  57|0x0000000083900000, 0x0000000083a00000, 0x0000000083a00000|100%| O|  |TAMS 0x0000000083a00000, 0x0000000083900000| Untracked 
|  58|0x0000000083a00000, 0x0000000083b00000, 0x0000000083b00000|100%| O|  |TAMS 0x0000000083b00000, 0x0000000083a00000| Untracked 
|  59|0x0000000083b00000, 0x0000000083c00000, 0x0000000083c00000|100%|HS|  |TAMS 0x0000000083c00000, 0x0000000083b00000| Complete 
|  60|0x0000000083c00000, 0x0000000083d00000, 0x0000000083d00000|100%| O|  |TAMS 0x0000000083d00000, 0x0000000083c00000| Untracked 
|  61|0x0000000083d00000, 0x0000000083e00000, 0x0000000083e00000|100%| O|  |TAMS 0x0000000083e00000, 0x0000000083d00000| Untracked 
|  62|0x0000000083e00000, 0x0000000083f00000, 0x0000000083f00000|100%| O|  |TAMS 0x0000000083f00000, 0x0000000083e00000| Untracked 
|  63|0x0000000083f00000, 0x0000000084000000, 0x0000000084000000|100%| O|  |TAMS 0x0000000084000000, 0x0000000083f00000| Untracked 
|  64|0x0000000084000000, 0x0000000084100000, 0x0000000084100000|100%| O|  |TAMS 0x0000000084100000, 0x0000000084000000| Untracked 
|  65|0x0000000084100000, 0x0000000084200000, 0x0000000084200000|100%| O|  |TAMS 0x0000000084200000, 0x0000000084100000| Untracked 
|  66|0x0000000084200000, 0x0000000084300000, 0x0000000084300000|100%| O|  |TAMS 0x0000000084300000, 0x0000000084200000| Untracked 
|  67|0x0000000084300000, 0x0000000084400000, 0x0000000084400000|100%| O|  |TAMS 0x0000000084400000, 0x0000000084300000| Untracked 
|  68|0x0000000084400000, 0x0000000084500000, 0x0000000084500000|100%| O|  |TAMS 0x0000000084500000, 0x0000000084400000| Untracked 
|  69|0x0000000084500000, 0x0000000084600000, 0x0000000084600000|100%| O|  |TAMS 0x0000000084600000, 0x0000000084500000| Untracked 
|  70|0x0000000084600000, 0x0000000084700000, 0x0000000084700000|100%| O|  |TAMS 0x0000000084700000, 0x0000000084600000| Untracked 
|  71|0x0000000084700000, 0x0000000084800000, 0x0000000084800000|100%| O|  |TAMS 0x0000000084800000, 0x0000000084700000| Untracked 
|  72|0x0000000084800000, 0x0000000084900000, 0x0000000084900000|100%| O|  |TAMS 0x0000000084900000, 0x0000000084800000| Untracked 
|  73|0x0000000084900000, 0x0000000084a00000, 0x0000000084a00000|100%| O|  |TAMS 0x0000000084a00000, 0x0000000084900000| Untracked 
|  74|0x0000000084a00000, 0x0000000084b00000, 0x0000000084b00000|100%| O|  |TAMS 0x0000000084b00000, 0x0000000084a00000| Untracked 
|  75|0x0000000084b00000, 0x0000000084c00000, 0x0000000084c00000|100%| O|  |TAMS 0x0000000084c00000, 0x0000000084b00000| Untracked 
|  76|0x0000000084c00000, 0x0000000084d00000, 0x0000000084d00000|100%| O|  |TAMS 0x0000000084d00000, 0x0000000084c00000| Untracked 
|  77|0x0000000084d00000, 0x0000000084e00000, 0x0000000084e00000|100%| O|  |TAMS 0x0000000084e00000, 0x0000000084d00000| Untracked 
|  78|0x0000000084e00000, 0x0000000084f00000, 0x0000000084f00000|100%| O|  |TAMS 0x0000000084f00000, 0x0000000084e00000| Untracked 
|  79|0x0000000084f00000, 0x0000000085000000, 0x0000000085000000|100%| O|  |TAMS 0x0000000085000000, 0x0000000084f00000| Untracked 
|  80|0x0000000085000000, 0x0000000085100000, 0x0000000085100000|100%| O|  |TAMS 0x0000000085100000, 0x0000000085000000| Untracked 
|  81|0x0000000085100000, 0x0000000085200000, 0x0000000085200000|100%|HS|  |TAMS 0x0000000085200000, 0x0000000085100000| Complete 
|  82|0x0000000085200000, 0x0000000085300000, 0x0000000085300000|100%| O|  |TAMS 0x0000000085300000, 0x0000000085200000| Untracked 
|  83|0x0000000085300000, 0x0000000085400000, 0x0000000085400000|100%| O|  |TAMS 0x0000000085400000, 0x0000000085300000| Untracked 
|  84|0x0000000085400000, 0x0000000085500000, 0x0000000085500000|100%|HS|  |TAMS 0x0000000085500000, 0x0000000085400000| Complete 
|  85|0x0000000085500000, 0x0000000085600000, 0x0000000085600000|100%| O|  |TAMS 0x0000000085600000, 0x0000000085500000| Untracked 
|  86|0x0000000085600000, 0x0000000085700000, 0x0000000085700000|100%|HS|  |TAMS 0x0000000085600000, 0x0000000085600000| Complete 
|  87|0x0000000085700000, 0x0000000085800000, 0x0000000085800000|100%| O|  |TAMS 0x0000000085800000, 0x0000000085700000| Untracked 
|  88|0x0000000085800000, 0x0000000085900000, 0x0000000085900000|100%| O|  |TAMS 0x0000000085900000, 0x0000000085800000| Untracked 
|  89|0x0000000085900000, 0x0000000085a00000, 0x0000000085a00000|100%| O|  |TAMS 0x0000000085a00000, 0x0000000085900000| Untracked 
|  90|0x0000000085a00000, 0x0000000085b00000, 0x0000000085b00000|100%| O|  |TAMS 0x0000000085b00000, 0x0000000085a00000| Untracked 
|  91|0x0000000085b00000, 0x0000000085c00000, 0x0000000085c00000|100%| O|  |TAMS 0x0000000085c00000, 0x0000000085b00000| Untracked 
|  92|0x0000000085c00000, 0x0000000085d00000, 0x0000000085d00000|100%| O|  |TAMS 0x0000000085d00000, 0x0000000085c00000| Untracked 
|  93|0x0000000085d00000, 0x0000000085e00000, 0x0000000085e00000|100%| O|  |TAMS 0x0000000085e00000, 0x0000000085d00000| Untracked 
|  94|0x0000000085e00000, 0x0000000085f00000, 0x0000000085f00000|100%| O|  |TAMS 0x0000000085f00000, 0x0000000085e00000| Untracked 
|  95|0x0000000085f00000, 0x0000000086000000, 0x0000000086000000|100%| O|  |TAMS 0x0000000086000000, 0x0000000085f00000| Untracked 
|  96|0x0000000086000000, 0x0000000086100000, 0x0000000086100000|100%| O|  |TAMS 0x0000000086100000, 0x0000000086000000| Untracked 
|  97|0x0000000086100000, 0x0000000086200000, 0x0000000086200000|100%| O|  |TAMS 0x0000000086200000, 0x0000000086100000| Untracked 
|  98|0x0000000086200000, 0x0000000086300000, 0x0000000086300000|100%| O|  |TAMS 0x0000000086300000, 0x0000000086200000| Untracked 
|  99|0x0000000086300000, 0x0000000086400000, 0x0000000086400000|100%| O|  |TAMS 0x0000000086400000, 0x0000000086300000| Untracked 
| 100|0x0000000086400000, 0x0000000086500000, 0x0000000086500000|100%| O|  |TAMS 0x0000000086500000, 0x0000000086400000| Untracked 
| 101|0x0000000086500000, 0x0000000086600000, 0x0000000086600000|100%| O|  |TAMS 0x0000000086600000, 0x0000000086500000| Untracked 
| 102|0x0000000086600000, 0x0000000086700000, 0x0000000086700000|100%| O|  |TAMS 0x0000000086700000, 0x0000000086600000| Untracked 
| 103|0x0000000086700000, 0x0000000086800000, 0x0000000086800000|100%| O|  |TAMS 0x0000000086800000, 0x0000000086700000| Untracked 
| 104|0x0000000086800000, 0x0000000086900000, 0x0000000086900000|100%| O|  |TAMS 0x0000000086900000, 0x0000000086800000| Untracked 
| 105|0x0000000086900000, 0x0000000086a00000, 0x0000000086a00000|100%| O|  |TAMS 0x0000000086a00000, 0x0000000086900000| Untracked 
| 106|0x0000000086a00000, 0x0000000086b00000, 0x0000000086b00000|100%| O|  |TAMS 0x0000000086b00000, 0x0000000086a00000| Untracked 
| 107|0x0000000086b00000, 0x0000000086c00000, 0x0000000086c00000|100%| O|  |TAMS 0x0000000086b00000, 0x0000000086b00000| Untracked 
| 108|0x0000000086c00000, 0x0000000086d00000, 0x0000000086d00000|100%| O|  |TAMS 0x0000000086d00000, 0x0000000086c00000| Untracked 
| 109|0x0000000086d00000, 0x0000000086e00000, 0x0000000086e00000|100%|HS|  |TAMS 0x0000000086e00000, 0x0000000086d00000| Complete 
| 110|0x0000000086e00000, 0x0000000086f00000, 0x0000000086f00000|100%|HC|  |TAMS 0x0000000086f00000, 0x0000000086e00000| Complete 
| 111|0x0000000086f00000, 0x0000000087000000, 0x0000000087000000|100%|HC|  |TAMS 0x0000000087000000, 0x0000000086f00000| Complete 
| 112|0x0000000087000000, 0x0000000087100000, 0x0000000087100000|100%|HC|  |TAMS 0x0000000087100000, 0x0000000087000000| Complete 
| 113|0x0000000087100000, 0x0000000087200000, 0x0000000087200000|100%|HC|  |TAMS 0x0000000087200000, 0x0000000087100000| Complete 
| 114|0x0000000087200000, 0x0000000087300000, 0x0000000087300000|100%|HC|  |TAMS 0x0000000087300000, 0x0000000087200000| Complete 
| 115|0x0000000087300000, 0x0000000087400000, 0x0000000087400000|100%|HC|  |TAMS 0x0000000087400000, 0x0000000087300000| Complete 
| 116|0x0000000087400000, 0x0000000087500000, 0x0000000087500000|100%|HC|  |TAMS 0x0000000087500000, 0x0000000087400000| Complete 
| 117|0x0000000087500000, 0x0000000087600000, 0x0000000087600000|100%| O|  |TAMS 0x0000000087600000, 0x0000000087500000| Untracked 
| 118|0x0000000087600000, 0x0000000087700000, 0x0000000087700000|100%| O|  |TAMS 0x0000000087700000, 0x0000000087600000| Untracked 
| 119|0x0000000087700000, 0x0000000087800000, 0x0000000087800000|100%| O|  |TAMS 0x0000000087800000, 0x0000000087700000| Untracked 
| 120|0x0000000087800000, 0x0000000087900000, 0x0000000087900000|100%| O|  |TAMS 0x0000000087900000, 0x0000000087800000| Untracked 
| 121|0x0000000087900000, 0x0000000087a00000, 0x0000000087a00000|100%| O|  |TAMS 0x0000000087a00000, 0x0000000087900000| Untracked 
| 122|0x0000000087a00000, 0x0000000087b00000, 0x0000000087b00000|100%| O|  |TAMS 0x0000000087b00000, 0x0000000087a00000| Untracked 
| 123|0x0000000087b00000, 0x0000000087c00000, 0x0000000087c00000|100%| O|  |TAMS 0x0000000087c00000, 0x0000000087b00000| Untracked 
| 124|0x0000000087c00000, 0x0000000087d00000, 0x0000000087d00000|100%| O|  |TAMS 0x0000000087d00000, 0x0000000087c00000| Untracked 
| 125|0x0000000087d00000, 0x0000000087e00000, 0x0000000087e00000|100%| O|  |TAMS 0x0000000087d00000, 0x0000000087d00000| Untracked 
| 126|0x0000000087e00000, 0x0000000087f00000, 0x0000000087f00000|100%| O|  |TAMS 0x0000000087e00000, 0x0000000087e00000| Untracked 
| 127|0x0000000087f00000, 0x0000000088000000, 0x0000000088000000|100%| O|  |TAMS 0x0000000087f00000, 0x0000000087f00000| Untracked 
| 128|0x0000000088000000, 0x0000000088100000, 0x0000000088100000|100%| O|  |TAMS 0x0000000088000000, 0x0000000088000000| Untracked 
| 129|0x0000000088100000, 0x0000000088200000, 0x0000000088200000|100%| O|  |TAMS 0x0000000088100000, 0x0000000088100000| Untracked 
| 130|0x0000000088200000, 0x0000000088300000, 0x0000000088300000|100%| O|  |TAMS 0x0000000088200000, 0x0000000088200000| Untracked 
| 131|0x0000000088300000, 0x0000000088400000, 0x0000000088400000|100%| O|  |TAMS 0x0000000088300000, 0x0000000088300000| Untracked 
| 132|0x0000000088400000, 0x0000000088500000, 0x0000000088500000|100%| O|  |TAMS 0x0000000088400000, 0x0000000088400000| Untracked 
| 133|0x0000000088500000, 0x0000000088600000, 0x0000000088600000|100%| O|  |TAMS 0x0000000088600000, 0x0000000088500000| Untracked 
| 134|0x0000000088600000, 0x0000000088700000, 0x0000000088700000|100%| O|  |TAMS 0x0000000088700000, 0x0000000088600000| Untracked 
| 135|0x0000000088700000, 0x0000000088800000, 0x0000000088800000|100%| O|  |TAMS 0x0000000088800000, 0x0000000088700000| Untracked 
| 136|0x0000000088800000, 0x0000000088900000, 0x0000000088900000|100%| O|  |TAMS 0x0000000088900000, 0x0000000088800000| Untracked 
| 137|0x0000000088900000, 0x0000000088a00000, 0x0000000088a00000|100%| O|  |TAMS 0x0000000088a00000, 0x0000000088900000| Untracked 
| 138|0x0000000088a00000, 0x0000000088b00000, 0x0000000088b00000|100%| O|  |TAMS 0x0000000088b00000, 0x0000000088a00000| Untracked 
| 139|0x0000000088b00000, 0x0000000088c00000, 0x0000000088c00000|100%| O|  |TAMS 0x0000000088c00000, 0x0000000088b00000| Untracked 
| 140|0x0000000088c00000, 0x0000000088d00000, 0x0000000088d00000|100%| O|  |TAMS 0x0000000088d00000, 0x0000000088c00000| Untracked 
| 141|0x0000000088d00000, 0x0000000088e00000, 0x0000000088e00000|100%| O|  |TAMS 0x0000000088e00000, 0x0000000088d00000| Untracked 
| 142|0x0000000088e00000, 0x0000000088f00000, 0x0000000088f00000|100%| O|  |TAMS 0x0000000088f00000, 0x0000000088e00000| Untracked 
| 143|0x0000000088f00000, 0x0000000089000000, 0x0000000089000000|100%| O|  |TAMS 0x0000000089000000, 0x0000000088f00000| Untracked 
| 144|0x0000000089000000, 0x0000000089100000, 0x0000000089100000|100%| O|  |TAMS 0x0000000089100000, 0x0000000089000000| Untracked 
| 145|0x0000000089100000, 0x0000000089200000, 0x0000000089200000|100%| O|  |TAMS 0x0000000089200000, 0x0000000089100000| Untracked 
| 146|0x0000000089200000, 0x0000000089300000, 0x0000000089300000|100%| O|  |TAMS 0x0000000089300000, 0x0000000089200000| Untracked 
| 147|0x0000000089300000, 0x0000000089400000, 0x0000000089400000|100%| O|  |TAMS 0x0000000089400000, 0x0000000089300000| Untracked 
| 148|0x0000000089400000, 0x0000000089500000, 0x0000000089500000|100%| O|  |TAMS 0x0000000089500000, 0x0000000089400000| Untracked 
| 149|0x0000000089500000, 0x0000000089600000, 0x0000000089600000|100%| O|  |TAMS 0x0000000089600000, 0x0000000089500000| Untracked 
| 150|0x0000000089600000, 0x0000000089700000, 0x0000000089700000|100%| O|  |TAMS 0x0000000089600000, 0x0000000089600000| Untracked 
| 151|0x0000000089700000, 0x0000000089800000, 0x0000000089800000|100%| O|  |TAMS 0x0000000089800000, 0x0000000089700000| Untracked 
| 152|0x0000000089800000, 0x0000000089900000, 0x0000000089900000|100%| O|  |TAMS 0x0000000089900000, 0x0000000089800000| Untracked 
| 153|0x0000000089900000, 0x0000000089a00000, 0x0000000089a00000|100%| O|  |TAMS 0x0000000089a00000, 0x0000000089900000| Untracked 
| 154|0x0000000089a00000, 0x0000000089b00000, 0x0000000089b00000|100%| O|  |TAMS 0x0000000089b00000, 0x0000000089a00000| Untracked 
| 155|0x0000000089b00000, 0x0000000089c00000, 0x0000000089c00000|100%| O|  |TAMS 0x0000000089c00000, 0x0000000089b00000| Untracked 
| 156|0x0000000089c00000, 0x0000000089d00000, 0x0000000089d00000|100%| O|  |TAMS 0x0000000089d00000, 0x0000000089c00000| Untracked 
| 157|0x0000000089d00000, 0x0000000089e00000, 0x0000000089e00000|100%| O|  |TAMS 0x0000000089e00000, 0x0000000089d00000| Untracked 
| 158|0x0000000089e00000, 0x0000000089f00000, 0x0000000089f00000|100%| O|  |TAMS 0x0000000089f00000, 0x0000000089e00000| Untracked 
| 159|0x0000000089f00000, 0x000000008a000000, 0x000000008a000000|100%| O|  |TAMS 0x000000008a000000, 0x0000000089f00000| Untracked 
| 160|0x000000008a000000, 0x000000008a100000, 0x000000008a100000|100%| O|  |TAMS 0x000000008a100000, 0x000000008a000000| Untracked 
| 161|0x000000008a100000, 0x000000008a200000, 0x000000008a200000|100%| O|  |TAMS 0x000000008a200000, 0x000000008a100000| Untracked 
| 162|0x000000008a200000, 0x000000008a300000, 0x000000008a300000|100%| O|  |TAMS 0x000000008a300000, 0x000000008a200000| Untracked 
| 163|0x000000008a300000, 0x000000008a400000, 0x000000008a400000|100%| O|  |TAMS 0x000000008a400000, 0x000000008a300000| Untracked 
| 164|0x000000008a400000, 0x000000008a500000, 0x000000008a500000|100%| O|  |TAMS 0x000000008a500000, 0x000000008a400000| Untracked 
| 165|0x000000008a500000, 0x000000008a600000, 0x000000008a600000|100%| O|  |TAMS 0x000000008a600000, 0x000000008a500000| Untracked 
| 166|0x000000008a600000, 0x000000008a700000, 0x000000008a700000|100%| O|  |TAMS 0x000000008a700000, 0x000000008a600000| Untracked 
| 167|0x000000008a700000, 0x000000008a800000, 0x000000008a800000|100%| O|  |TAMS 0x000000008a800000, 0x000000008a700000| Untracked 
| 168|0x000000008a800000, 0x000000008a900000, 0x000000008a900000|100%| O|  |TAMS 0x000000008a900000, 0x000000008a800000| Untracked 
| 169|0x000000008a900000, 0x000000008aa00000, 0x000000008aa00000|100%| O|  |TAMS 0x000000008aa00000, 0x000000008a900000| Untracked 
| 170|0x000000008aa00000, 0x000000008ab00000, 0x000000008ab00000|100%| O|  |TAMS 0x000000008aa80000, 0x000000008aa00000| Untracked 
| 171|0x000000008ab00000, 0x000000008ac00000, 0x000000008ac00000|100%| O|  |TAMS 0x000000008ab00000, 0x000000008ab00000| Untracked 
| 172|0x000000008ac00000, 0x000000008ad00000, 0x000000008ad00000|100%|HS|  |TAMS 0x000000008ac00000, 0x000000008ac00000| Complete 
| 173|0x000000008ad00000, 0x000000008ae00000, 0x000000008ae00000|100%|HS|  |TAMS 0x000000008ad00000, 0x000000008ad00000| Complete 
| 174|0x000000008ae00000, 0x000000008af00000, 0x000000008af00000|100%|HS|  |TAMS 0x000000008ae00000, 0x000000008ae00000| Complete 
| 175|0x000000008af00000, 0x000000008b000000, 0x000000008b000000|100%|HC|  |TAMS 0x000000008af00000, 0x000000008af00000| Complete 
| 176|0x000000008b000000, 0x000000008b100000, 0x000000008b100000|100%|HS|  |TAMS 0x000000008b000000, 0x000000008b000000| Complete 
| 177|0x000000008b100000, 0x000000008b200000, 0x000000008b200000|100%|HS|  |TAMS 0x000000008b100000, 0x000000008b100000| Complete 
| 178|0x000000008b200000, 0x000000008b300000, 0x000000008b300000|100%|HC|  |TAMS 0x000000008b200000, 0x000000008b200000| Complete 
| 179|0x000000008b300000, 0x000000008b400000, 0x000000008b400000|100%|HS|  |TAMS 0x000000008b300000, 0x000000008b300000| Complete 
| 180|0x000000008b400000, 0x000000008b500000, 0x000000008b500000|100%|HS|  |TAMS 0x000000008b400000, 0x000000008b400000| Complete 
| 181|0x000000008b500000, 0x000000008b600000, 0x000000008b600000|100%|HC|  |TAMS 0x000000008b500000, 0x000000008b500000| Complete 
| 182|0x000000008b600000, 0x000000008b700000, 0x000000008b700000|100%|HS|  |TAMS 0x000000008b600000, 0x000000008b600000| Complete 
| 183|0x000000008b700000, 0x000000008b800000, 0x000000008b800000|100%|HS|  |TAMS 0x000000008b700000, 0x000000008b700000| Complete 
| 184|0x000000008b800000, 0x000000008b900000, 0x000000008b900000|100%|HS|  |TAMS 0x000000008b800000, 0x000000008b800000| Complete 
| 185|0x000000008b900000, 0x000000008ba00000, 0x000000008ba00000|100%|HC|  |TAMS 0x000000008b900000, 0x000000008b900000| Complete 
| 186|0x000000008ba00000, 0x000000008bb00000, 0x000000008bb00000|100%| O|  |TAMS 0x000000008ba00000, 0x000000008ba00000| Untracked 
| 187|0x000000008bb00000, 0x000000008bc00000, 0x000000008bc00000|100%| O|  |TAMS 0x000000008bb00000, 0x000000008bb00000| Untracked 
| 188|0x000000008bc00000, 0x000000008bd00000, 0x000000008bd00000|100%| O|  |TAMS 0x000000008bc00000, 0x000000008bc00000| Untracked 
| 189|0x000000008bd00000, 0x000000008be00000, 0x000000008be00000|100%|HS|  |TAMS 0x000000008bd00000, 0x000000008bd00000| Complete 
| 190|0x000000008be00000, 0x000000008bf00000, 0x000000008bf00000|100%|HS|  |TAMS 0x000000008be00000, 0x000000008be00000| Complete 
| 191|0x000000008bf00000, 0x000000008c000000, 0x000000008c000000|100%|HS|  |TAMS 0x000000008bf00000, 0x000000008bf00000| Complete 
| 192|0x000000008c000000, 0x000000008c100000, 0x000000008c100000|100%|HS|  |TAMS 0x000000008c000000, 0x000000008c000000| Complete 
| 193|0x000000008c100000, 0x000000008c200000, 0x000000008c200000|100%|HC|  |TAMS 0x000000008c100000, 0x000000008c100000| Complete 
| 194|0x000000008c200000, 0x000000008c300000, 0x000000008c300000|100%|HS|  |TAMS 0x000000008c200000, 0x000000008c200000| Complete 
| 195|0x000000008c300000, 0x000000008c400000, 0x000000008c400000|100%| O|  |TAMS 0x000000008c300000, 0x000000008c300000| Untracked 
| 196|0x000000008c400000, 0x000000008c500000, 0x000000008c500000|100%| O|  |TAMS 0x000000008c400000, 0x000000008c400000| Untracked 
| 197|0x000000008c500000, 0x000000008c600000, 0x000000008c600000|100%| O|  |TAMS 0x000000008c500000, 0x000000008c500000| Untracked 
| 198|0x000000008c600000, 0x000000008c620200, 0x000000008c700000| 12%| O|  |TAMS 0x000000008c600000, 0x000000008c600000| Untracked 
| 199|0x000000008c700000, 0x000000008c700000, 0x000000008c800000|  0%| F|  |TAMS 0x000000008c700000, 0x000000008c700000| Untracked 
| 200|0x000000008c800000, 0x000000008c800000, 0x000000008c900000|  0%| F|  |TAMS 0x000000008c800000, 0x000000008c800000| Untracked 
| 201|0x000000008c900000, 0x000000008c900000, 0x000000008ca00000|  0%| F|  |TAMS 0x000000008c900000, 0x000000008c900000| Untracked 
| 202|0x000000008ca00000, 0x000000008ca00000, 0x000000008cb00000|  0%| F|  |TAMS 0x000000008ca00000, 0x000000008ca00000| Untracked 
| 203|0x000000008cb00000, 0x000000008cb00000, 0x000000008cc00000|  0%| F|  |TAMS 0x000000008cb00000, 0x000000008cb00000| Untracked 
| 204|0x000000008cc00000, 0x000000008cc00000, 0x000000008cd00000|  0%| F|  |TAMS 0x000000008cc00000, 0x000000008cc00000| Untracked 
| 205|0x000000008cd00000, 0x000000008cd00000, 0x000000008ce00000|  0%| F|  |TAMS 0x000000008cd00000, 0x000000008cd00000| Untracked 
| 206|0x000000008ce00000, 0x000000008ce00000, 0x000000008cf00000|  0%| F|  |TAMS 0x000000008ce00000, 0x000000008ce00000| Untracked 
| 207|0x000000008cf00000, 0x000000008cf00000, 0x000000008d000000|  0%| F|  |TAMS 0x000000008cf00000, 0x000000008cf00000| Untracked 
| 208|0x000000008d000000, 0x000000008d000000, 0x000000008d100000|  0%| F|  |TAMS 0x000000008d000000, 0x000000008d000000| Untracked 
| 209|0x000000008d100000, 0x000000008d100000, 0x000000008d200000|  0%| F|  |TAMS 0x000000008d100000, 0x000000008d100000| Untracked 
| 210|0x000000008d200000, 0x000000008d200000, 0x000000008d300000|  0%| F|  |TAMS 0x000000008d200000, 0x000000008d200000| Untracked 
| 211|0x000000008d300000, 0x000000008d300000, 0x000000008d400000|  0%| F|  |TAMS 0x000000008d300000, 0x000000008d300000| Untracked 
| 212|0x000000008d400000, 0x000000008d400000, 0x000000008d500000|  0%| F|  |TAMS 0x000000008d400000, 0x000000008d400000| Untracked 
| 213|0x000000008d500000, 0x000000008d500000, 0x000000008d600000|  0%| F|  |TAMS 0x000000008d500000, 0x000000008d500000| Untracked 
| 214|0x000000008d600000, 0x000000008d600000, 0x000000008d700000|  0%| F|  |TAMS 0x000000008d600000, 0x000000008d600000| Untracked 
| 215|0x000000008d700000, 0x000000008d700000, 0x000000008d800000|  0%| F|  |TAMS 0x000000008d700000, 0x000000008d700000| Untracked 
| 216|0x000000008d800000, 0x000000008d800000, 0x000000008d900000|  0%| F|  |TAMS 0x000000008d800000, 0x000000008d800000| Untracked 
| 217|0x000000008d900000, 0x000000008d900000, 0x000000008da00000|  0%| F|  |TAMS 0x000000008d900000, 0x000000008d900000| Untracked 
| 218|0x000000008da00000, 0x000000008da00000, 0x000000008db00000|  0%| F|  |TAMS 0x000000008da00000, 0x000000008da00000| Untracked 
| 219|0x000000008db00000, 0x000000008db00000, 0x000000008dc00000|  0%| F|  |TAMS 0x000000008db00000, 0x000000008db00000| Untracked 
| 220|0x000000008dc00000, 0x000000008dc00000, 0x000000008dd00000|  0%| F|  |TAMS 0x000000008dc00000, 0x000000008dc00000| Untracked 
| 221|0x000000008dd00000, 0x000000008dd00000, 0x000000008de00000|  0%| F|  |TAMS 0x000000008dd00000, 0x000000008dd00000| Untracked 
| 222|0x000000008de00000, 0x000000008de00000, 0x000000008df00000|  0%| F|  |TAMS 0x000000008de00000, 0x000000008de00000| Untracked 
| 223|0x000000008df00000, 0x000000008df00000, 0x000000008e000000|  0%| F|  |TAMS 0x000000008df00000, 0x000000008df00000| Untracked 
| 224|0x000000008e000000, 0x000000008e000000, 0x000000008e100000|  0%| F|  |TAMS 0x000000008e000000, 0x000000008e000000| Untracked 
| 225|0x000000008e100000, 0x000000008e100000, 0x000000008e200000|  0%| F|  |TAMS 0x000000008e100000, 0x000000008e100000| Untracked 
| 226|0x000000008e200000, 0x000000008e200000, 0x000000008e300000|  0%| F|  |TAMS 0x000000008e200000, 0x000000008e200000| Untracked 
| 227|0x000000008e300000, 0x000000008e300000, 0x000000008e400000|  0%| F|  |TAMS 0x000000008e300000, 0x000000008e300000| Untracked 
| 228|0x000000008e400000, 0x000000008e400000, 0x000000008e500000|  0%| F|  |TAMS 0x000000008e400000, 0x000000008e400000| Untracked 
| 229|0x000000008e500000, 0x000000008e500000, 0x000000008e600000|  0%| F|  |TAMS 0x000000008e500000, 0x000000008e500000| Untracked 
| 230|0x000000008e600000, 0x000000008e600000, 0x000000008e700000|  0%| F|  |TAMS 0x000000008e600000, 0x000000008e600000| Untracked 
| 231|0x000000008e700000, 0x000000008e700000, 0x000000008e800000|  0%| F|  |TAMS 0x000000008e700000, 0x000000008e700000| Untracked 
| 232|0x000000008e800000, 0x000000008e800000, 0x000000008e900000|  0%| F|  |TAMS 0x000000008e800000, 0x000000008e800000| Untracked 
| 233|0x000000008e900000, 0x000000008e900000, 0x000000008ea00000|  0%| F|  |TAMS 0x000000008e900000, 0x000000008e900000| Untracked 
| 234|0x000000008ea00000, 0x000000008ea00000, 0x000000008eb00000|  0%| F|  |TAMS 0x000000008ea00000, 0x000000008ea00000| Untracked 
| 235|0x000000008eb00000, 0x000000008eb00000, 0x000000008ec00000|  0%| F|  |TAMS 0x000000008eb00000, 0x000000008eb00000| Untracked 
| 236|0x000000008ec00000, 0x000000008ec00000, 0x000000008ed00000|  0%| F|  |TAMS 0x000000008ec00000, 0x000000008ec00000| Untracked 
| 237|0x000000008ed00000, 0x000000008ed00000, 0x000000008ee00000|  0%| F|  |TAMS 0x000000008ed00000, 0x000000008ed00000| Untracked 
| 238|0x000000008ee00000, 0x000000008ee00000, 0x000000008ef00000|  0%| F|  |TAMS 0x000000008ee00000, 0x000000008ee00000| Untracked 
| 239|0x000000008ef00000, 0x000000008ef00000, 0x000000008f000000|  0%| F|  |TAMS 0x000000008ef00000, 0x000000008ef00000| Untracked 
| 240|0x000000008f000000, 0x000000008f000000, 0x000000008f100000|  0%| F|  |TAMS 0x000000008f000000, 0x000000008f000000| Untracked 
| 241|0x000000008f100000, 0x000000008f100000, 0x000000008f200000|  0%| F|  |TAMS 0x000000008f100000, 0x000000008f100000| Untracked 
| 242|0x000000008f200000, 0x000000008f200000, 0x000000008f300000|  0%| F|  |TAMS 0x000000008f200000, 0x000000008f200000| Untracked 
| 243|0x000000008f300000, 0x000000008f300000, 0x000000008f400000|  0%| F|  |TAMS 0x000000008f300000, 0x000000008f300000| Untracked 
| 244|0x000000008f400000, 0x000000008f400000, 0x000000008f500000|  0%| F|  |TAMS 0x000000008f400000, 0x000000008f400000| Untracked 
| 245|0x000000008f500000, 0x000000008f500000, 0x000000008f600000|  0%| F|  |TAMS 0x000000008f500000, 0x000000008f500000| Untracked 
| 246|0x000000008f600000, 0x000000008f600000, 0x000000008f700000|  0%| F|  |TAMS 0x000000008f600000, 0x000000008f600000| Untracked 
| 247|0x000000008f700000, 0x000000008f700000, 0x000000008f800000|  0%| F|  |TAMS 0x000000008f700000, 0x000000008f700000| Untracked 
| 248|0x000000008f800000, 0x000000008f800000, 0x000000008f900000|  0%| F|  |TAMS 0x000000008f800000, 0x000000008f800000| Untracked 
| 249|0x000000008f900000, 0x000000008f900000, 0x000000008fa00000|  0%| F|  |TAMS 0x000000008f900000, 0x000000008f900000| Untracked 
| 250|0x000000008fa00000, 0x000000008fa00000, 0x000000008fb00000|  0%| F|  |TAMS 0x000000008fa00000, 0x000000008fa00000| Untracked 
| 251|0x000000008fb00000, 0x000000008fb00000, 0x000000008fc00000|  0%| F|  |TAMS 0x000000008fb00000, 0x000000008fb00000| Untracked 
| 252|0x000000008fc00000, 0x000000008fc00000, 0x000000008fd00000|  0%| F|  |TAMS 0x000000008fc00000, 0x000000008fc00000| Untracked 
| 253|0x000000008fd00000, 0x000000008fd00000, 0x000000008fe00000|  0%| F|  |TAMS 0x000000008fd00000, 0x000000008fd00000| Untracked 
| 254|0x000000008fe00000, 0x000000008fe00000, 0x000000008ff00000|  0%| F|  |TAMS 0x000000008fe00000, 0x000000008fe00000| Untracked 
| 255|0x000000008ff00000, 0x000000008ff00000, 0x0000000090000000|  0%| F|  |TAMS 0x000000008ff00000, 0x000000008ff00000| Untracked 
| 256|0x0000000090000000, 0x0000000090000000, 0x0000000090100000|  0%| F|  |TAMS 0x0000000090000000, 0x0000000090000000| Untracked 
| 257|0x0000000090100000, 0x0000000090100000, 0x0000000090200000|  0%| F|  |TAMS 0x0000000090100000, 0x0000000090100000| Untracked 
| 258|0x0000000090200000, 0x0000000090200000, 0x0000000090300000|  0%| F|  |TAMS 0x0000000090200000, 0x0000000090200000| Untracked 
| 259|0x0000000090300000, 0x0000000090300000, 0x0000000090400000|  0%| F|  |TAMS 0x0000000090300000, 0x0000000090300000| Untracked 
| 260|0x0000000090400000, 0x0000000090400000, 0x0000000090500000|  0%| F|  |TAMS 0x0000000090400000, 0x0000000090400000| Untracked 
| 261|0x0000000090500000, 0x0000000090500000, 0x0000000090600000|  0%| F|  |TAMS 0x0000000090500000, 0x0000000090500000| Untracked 
| 262|0x0000000090600000, 0x0000000090600000, 0x0000000090700000|  0%| F|  |TAMS 0x0000000090600000, 0x0000000090600000| Untracked 
| 263|0x0000000090700000, 0x0000000090700000, 0x0000000090800000|  0%| F|  |TAMS 0x0000000090700000, 0x0000000090700000| Untracked 
| 264|0x0000000090800000, 0x0000000090800000, 0x0000000090900000|  0%| F|  |TAMS 0x0000000090800000, 0x0000000090800000| Untracked 
| 265|0x0000000090900000, 0x0000000090900000, 0x0000000090a00000|  0%| F|  |TAMS 0x0000000090900000, 0x0000000090900000| Untracked 
| 266|0x0000000090a00000, 0x0000000090a00000, 0x0000000090b00000|  0%| F|  |TAMS 0x0000000090a00000, 0x0000000090a00000| Untracked 
| 267|0x0000000090b00000, 0x0000000090b00000, 0x0000000090c00000|  0%| F|  |TAMS 0x0000000090b00000, 0x0000000090b00000| Untracked 
| 268|0x0000000090c00000, 0x0000000090c00000, 0x0000000090d00000|  0%| F|  |TAMS 0x0000000090c00000, 0x0000000090c00000| Untracked 
| 269|0x0000000090d00000, 0x0000000090d00000, 0x0000000090e00000|  0%| F|  |TAMS 0x0000000090d00000, 0x0000000090d00000| Untracked 
| 270|0x0000000090e00000, 0x0000000090e00000, 0x0000000090f00000|  0%| F|  |TAMS 0x0000000090e00000, 0x0000000090e00000| Untracked 
| 271|0x0000000090f00000, 0x0000000090f00000, 0x0000000091000000|  0%| F|  |TAMS 0x0000000090f00000, 0x0000000090f00000| Untracked 
| 272|0x0000000091000000, 0x0000000091000000, 0x0000000091100000|  0%| F|  |TAMS 0x0000000091000000, 0x0000000091000000| Untracked 
| 273|0x0000000091100000, 0x0000000091100000, 0x0000000091200000|  0%| F|  |TAMS 0x0000000091100000, 0x0000000091100000| Untracked 
| 274|0x0000000091200000, 0x0000000091200000, 0x0000000091300000|  0%| F|  |TAMS 0x0000000091200000, 0x0000000091200000| Untracked 
| 275|0x0000000091300000, 0x0000000091300000, 0x0000000091400000|  0%| F|  |TAMS 0x0000000091300000, 0x0000000091300000| Untracked 
| 276|0x0000000091400000, 0x0000000091400000, 0x0000000091500000|  0%| F|  |TAMS 0x0000000091400000, 0x0000000091400000| Untracked 
| 277|0x0000000091500000, 0x0000000091500000, 0x0000000091600000|  0%| F|  |TAMS 0x0000000091500000, 0x0000000091500000| Untracked 
| 278|0x0000000091600000, 0x0000000091600000, 0x0000000091700000|  0%| F|  |TAMS 0x0000000091600000, 0x0000000091600000| Untracked 
| 279|0x0000000091700000, 0x0000000091700000, 0x0000000091800000|  0%| F|  |TAMS 0x0000000091700000, 0x0000000091700000| Untracked 
| 280|0x0000000091800000, 0x0000000091800000, 0x0000000091900000|  0%| F|  |TAMS 0x0000000091800000, 0x0000000091800000| Untracked 
| 281|0x0000000091900000, 0x0000000091900000, 0x0000000091a00000|  0%| F|  |TAMS 0x0000000091900000, 0x0000000091900000| Untracked 
| 282|0x0000000091a00000, 0x0000000091a00000, 0x0000000091b00000|  0%| F|  |TAMS 0x0000000091a00000, 0x0000000091a00000| Untracked 
| 283|0x0000000091b00000, 0x0000000091b00000, 0x0000000091c00000|  0%| F|  |TAMS 0x0000000091b00000, 0x0000000091b00000| Untracked 
| 284|0x0000000091c00000, 0x0000000091c00000, 0x0000000091d00000|  0%| F|  |TAMS 0x0000000091c00000, 0x0000000091c00000| Untracked 
| 285|0x0000000091d00000, 0x0000000091d00000, 0x0000000091e00000|  0%| F|  |TAMS 0x0000000091d00000, 0x0000000091d00000| Untracked 
| 286|0x0000000091e00000, 0x0000000091e00000, 0x0000000091f00000|  0%| F|  |TAMS 0x0000000091e00000, 0x0000000091e00000| Untracked 
| 287|0x0000000091f00000, 0x0000000091f00000, 0x0000000092000000|  0%| F|  |TAMS 0x0000000091f00000, 0x0000000091f00000| Untracked 
| 288|0x0000000092000000, 0x0000000092000000, 0x0000000092100000|  0%| F|  |TAMS 0x0000000092000000, 0x0000000092000000| Untracked 
| 289|0x0000000092100000, 0x0000000092100000, 0x0000000092200000|  0%| F|  |TAMS 0x0000000092100000, 0x0000000092100000| Untracked 
| 290|0x0000000092200000, 0x0000000092200000, 0x0000000092300000|  0%| F|  |TAMS 0x0000000092200000, 0x0000000092200000| Untracked 
| 291|0x0000000092300000, 0x0000000092300000, 0x0000000092400000|  0%| F|  |TAMS 0x0000000092300000, 0x0000000092300000| Untracked 
| 292|0x0000000092400000, 0x0000000092400000, 0x0000000092500000|  0%| F|  |TAMS 0x0000000092400000, 0x0000000092400000| Untracked 
| 293|0x0000000092500000, 0x0000000092500000, 0x0000000092600000|  0%| F|  |TAMS 0x0000000092500000, 0x0000000092500000| Untracked 
| 294|0x0000000092600000, 0x0000000092600000, 0x0000000092700000|  0%| F|  |TAMS 0x0000000092600000, 0x0000000092600000| Untracked 
| 295|0x0000000092700000, 0x0000000092700000, 0x0000000092800000|  0%| F|  |TAMS 0x0000000092700000, 0x0000000092700000| Untracked 
| 296|0x0000000092800000, 0x0000000092800000, 0x0000000092900000|  0%| F|  |TAMS 0x0000000092800000, 0x0000000092800000| Untracked 
| 297|0x0000000092900000, 0x0000000092900000, 0x0000000092a00000|  0%| F|  |TAMS 0x0000000092900000, 0x0000000092900000| Untracked 
| 298|0x0000000092a00000, 0x0000000092a00000, 0x0000000092b00000|  0%| F|  |TAMS 0x0000000092a00000, 0x0000000092a00000| Untracked 
| 299|0x0000000092b00000, 0x0000000092b00000, 0x0000000092c00000|  0%| F|  |TAMS 0x0000000092b00000, 0x0000000092b00000| Untracked 
| 300|0x0000000092c00000, 0x0000000092c00000, 0x0000000092d00000|  0%| F|  |TAMS 0x0000000092c00000, 0x0000000092c00000| Untracked 
| 301|0x0000000092d00000, 0x0000000092d00000, 0x0000000092e00000|  0%| F|  |TAMS 0x0000000092d00000, 0x0000000092d00000| Untracked 
| 302|0x0000000092e00000, 0x0000000092e00000, 0x0000000092f00000|  0%| F|  |TAMS 0x0000000092e00000, 0x0000000092e00000| Untracked 
| 303|0x0000000092f00000, 0x0000000092f00000, 0x0000000093000000|  0%| F|  |TAMS 0x0000000092f00000, 0x0000000092f00000| Untracked 
| 304|0x0000000093000000, 0x0000000093000000, 0x0000000093100000|  0%| F|  |TAMS 0x0000000093000000, 0x0000000093000000| Untracked 
| 305|0x0000000093100000, 0x0000000093100000, 0x0000000093200000|  0%| F|  |TAMS 0x0000000093100000, 0x0000000093100000| Untracked 
| 306|0x0000000093200000, 0x0000000093200000, 0x0000000093300000|  0%| F|  |TAMS 0x0000000093200000, 0x0000000093200000| Untracked 
| 307|0x0000000093300000, 0x0000000093300000, 0x0000000093400000|  0%| F|  |TAMS 0x0000000093300000, 0x0000000093300000| Untracked 
| 308|0x0000000093400000, 0x0000000093400000, 0x0000000093500000|  0%| F|  |TAMS 0x0000000093400000, 0x0000000093400000| Untracked 
| 309|0x0000000093500000, 0x0000000093500000, 0x0000000093600000|  0%| F|  |TAMS 0x0000000093500000, 0x0000000093500000| Untracked 
| 310|0x0000000093600000, 0x0000000093600000, 0x0000000093700000|  0%| F|  |TAMS 0x0000000093600000, 0x0000000093600000| Untracked 
| 311|0x0000000093700000, 0x0000000093700000, 0x0000000093800000|  0%| F|  |TAMS 0x0000000093700000, 0x0000000093700000| Untracked 
| 312|0x0000000093800000, 0x0000000093800000, 0x0000000093900000|  0%| F|  |TAMS 0x0000000093800000, 0x0000000093800000| Untracked 
| 313|0x0000000093900000, 0x0000000093900000, 0x0000000093a00000|  0%| F|  |TAMS 0x0000000093900000, 0x0000000093900000| Untracked 
| 314|0x0000000093a00000, 0x0000000093a00000, 0x0000000093b00000|  0%| F|  |TAMS 0x0000000093a00000, 0x0000000093a00000| Untracked 
| 315|0x0000000093b00000, 0x0000000093b00000, 0x0000000093c00000|  0%| F|  |TAMS 0x0000000093b00000, 0x0000000093b00000| Untracked 
| 316|0x0000000093c00000, 0x0000000093c00000, 0x0000000093d00000|  0%| F|  |TAMS 0x0000000093c00000, 0x0000000093c00000| Untracked 
| 317|0x0000000093d00000, 0x0000000093d00000, 0x0000000093e00000|  0%| F|  |TAMS 0x0000000093d00000, 0x0000000093d00000| Untracked 
| 318|0x0000000093e00000, 0x0000000093e00000, 0x0000000093f00000|  0%| F|  |TAMS 0x0000000093e00000, 0x0000000093e00000| Untracked 
| 319|0x0000000093f00000, 0x0000000093f00000, 0x0000000094000000|  0%| F|  |TAMS 0x0000000093f00000, 0x0000000093f00000| Untracked 
| 320|0x0000000094000000, 0x0000000094000000, 0x0000000094100000|  0%| F|  |TAMS 0x0000000094000000, 0x0000000094000000| Untracked 
| 321|0x0000000094100000, 0x0000000094100000, 0x0000000094200000|  0%| F|  |TAMS 0x0000000094100000, 0x0000000094100000| Untracked 
| 322|0x0000000094200000, 0x0000000094200000, 0x0000000094300000|  0%| F|  |TAMS 0x0000000094200000, 0x0000000094200000| Untracked 
| 323|0x0000000094300000, 0x0000000094300000, 0x0000000094400000|  0%| F|  |TAMS 0x0000000094300000, 0x0000000094300000| Untracked 
| 324|0x0000000094400000, 0x0000000094400000, 0x0000000094500000|  0%| F|  |TAMS 0x0000000094400000, 0x0000000094400000| Untracked 
| 325|0x0000000094500000, 0x0000000094500000, 0x0000000094600000|  0%| F|  |TAMS 0x0000000094500000, 0x0000000094500000| Untracked 
| 326|0x0000000094600000, 0x0000000094600000, 0x0000000094700000|  0%| F|  |TAMS 0x0000000094600000, 0x0000000094600000| Untracked 
| 327|0x0000000094700000, 0x0000000094700000, 0x0000000094800000|  0%| F|  |TAMS 0x0000000094700000, 0x0000000094700000| Untracked 
| 328|0x0000000094800000, 0x0000000094800000, 0x0000000094900000|  0%| F|  |TAMS 0x0000000094800000, 0x0000000094800000| Untracked 
| 329|0x0000000094900000, 0x0000000094900000, 0x0000000094a00000|  0%| F|  |TAMS 0x0000000094900000, 0x0000000094900000| Untracked 
| 330|0x0000000094a00000, 0x0000000094a00000, 0x0000000094b00000|  0%| F|  |TAMS 0x0000000094a00000, 0x0000000094a00000| Untracked 
| 331|0x0000000094b00000, 0x0000000094b00000, 0x0000000094c00000|  0%| F|  |TAMS 0x0000000094b00000, 0x0000000094b00000| Untracked 
| 332|0x0000000094c00000, 0x0000000094c00000, 0x0000000094d00000|  0%| F|  |TAMS 0x0000000094c00000, 0x0000000094c00000| Untracked 
| 333|0x0000000094d00000, 0x0000000094d00000, 0x0000000094e00000|  0%| F|  |TAMS 0x0000000094d00000, 0x0000000094d00000| Untracked 
| 334|0x0000000094e00000, 0x0000000094e00000, 0x0000000094f00000|  0%| F|  |TAMS 0x0000000094e00000, 0x0000000094e00000| Untracked 
| 335|0x0000000094f00000, 0x0000000094f00000, 0x0000000095000000|  0%| F|  |TAMS 0x0000000094f00000, 0x0000000094f00000| Untracked 
| 336|0x0000000095000000, 0x0000000095000000, 0x0000000095100000|  0%| F|  |TAMS 0x0000000095000000, 0x0000000095000000| Untracked 
| 337|0x0000000095100000, 0x0000000095100000, 0x0000000095200000|  0%| F|  |TAMS 0x0000000095100000, 0x0000000095100000| Untracked 
| 338|0x0000000095200000, 0x0000000095200000, 0x0000000095300000|  0%| F|  |TAMS 0x0000000095200000, 0x0000000095200000| Untracked 
| 339|0x0000000095300000, 0x0000000095300000, 0x0000000095400000|  0%| F|  |TAMS 0x0000000095300000, 0x0000000095300000| Untracked 
| 340|0x0000000095400000, 0x0000000095400000, 0x0000000095500000|  0%| F|  |TAMS 0x0000000095400000, 0x0000000095400000| Untracked 
| 341|0x0000000095500000, 0x0000000095500000, 0x0000000095600000|  0%| F|  |TAMS 0x0000000095500000, 0x0000000095500000| Untracked 
| 342|0x0000000095600000, 0x0000000095600000, 0x0000000095700000|  0%| F|  |TAMS 0x0000000095600000, 0x0000000095600000| Untracked 
| 343|0x0000000095700000, 0x0000000095776cb8, 0x0000000095800000| 46%| S|CS|TAMS 0x0000000095700000, 0x0000000095700000| Complete 
| 344|0x0000000095800000, 0x0000000095900000, 0x0000000095900000|100%| S|CS|TAMS 0x0000000095800000, 0x0000000095800000| Complete 
| 345|0x0000000095900000, 0x0000000095a00000, 0x0000000095a00000|100%| S|CS|TAMS 0x0000000095900000, 0x0000000095900000| Complete 
| 346|0x0000000095a00000, 0x0000000095b00000, 0x0000000095b00000|100%| S|CS|TAMS 0x0000000095a00000, 0x0000000095a00000| Complete 
| 347|0x0000000095b00000, 0x0000000095b00000, 0x0000000095c00000|  0%| F|  |TAMS 0x0000000095b00000, 0x0000000095b00000| Untracked 
| 348|0x0000000095c00000, 0x0000000095c00000, 0x0000000095d00000|  0%| F|  |TAMS 0x0000000095c00000, 0x0000000095c00000| Untracked 
| 349|0x0000000095d00000, 0x0000000095d00000, 0x0000000095e00000|  0%| F|  |TAMS 0x0000000095d00000, 0x0000000095d00000| Untracked 
| 350|0x0000000095e00000, 0x0000000095e00000, 0x0000000095f00000|  0%| F|  |TAMS 0x0000000095e00000, 0x0000000095e00000| Untracked 
| 351|0x0000000095f00000, 0x0000000095f00000, 0x0000000096000000|  0%| F|  |TAMS 0x0000000095f00000, 0x0000000095f00000| Untracked 
| 352|0x0000000096000000, 0x0000000096000000, 0x0000000096100000|  0%| F|  |TAMS 0x0000000096000000, 0x0000000096000000| Untracked 
| 353|0x0000000096100000, 0x0000000096100000, 0x0000000096200000|  0%| F|  |TAMS 0x0000000096100000, 0x0000000096100000| Untracked 
| 354|0x0000000096200000, 0x0000000096200000, 0x0000000096300000|  0%| F|  |TAMS 0x0000000096200000, 0x0000000096200000| Untracked 
| 355|0x0000000096300000, 0x0000000096300000, 0x0000000096400000|  0%| F|  |TAMS 0x0000000096300000, 0x0000000096300000| Untracked 
| 356|0x0000000096400000, 0x0000000096400000, 0x0000000096500000|  0%| F|  |TAMS 0x0000000096400000, 0x0000000096400000| Untracked 
| 357|0x0000000096500000, 0x0000000096500000, 0x0000000096600000|  0%| F|  |TAMS 0x0000000096500000, 0x0000000096500000| Untracked 
| 358|0x0000000096600000, 0x0000000096600000, 0x0000000096700000|  0%| F|  |TAMS 0x0000000096600000, 0x0000000096600000| Untracked 
| 359|0x0000000096700000, 0x0000000096700000, 0x0000000096800000|  0%| F|  |TAMS 0x0000000096700000, 0x0000000096700000| Untracked 
| 360|0x0000000096800000, 0x0000000096800000, 0x0000000096900000|  0%| F|  |TAMS 0x0000000096800000, 0x0000000096800000| Untracked 
| 361|0x0000000096900000, 0x0000000096900000, 0x0000000096a00000|  0%| F|  |TAMS 0x0000000096900000, 0x0000000096900000| Untracked 
| 362|0x0000000096a00000, 0x0000000096a00000, 0x0000000096b00000|  0%| F|  |TAMS 0x0000000096a00000, 0x0000000096a00000| Untracked 
| 363|0x0000000096b00000, 0x0000000096b00000, 0x0000000096c00000|  0%| F|  |TAMS 0x0000000096b00000, 0x0000000096b00000| Untracked 
| 364|0x0000000096c00000, 0x0000000096c00000, 0x0000000096d00000|  0%| F|  |TAMS 0x0000000096c00000, 0x0000000096c00000| Untracked 
| 365|0x0000000096d00000, 0x0000000096d00000, 0x0000000096e00000|  0%| F|  |TAMS 0x0000000096d00000, 0x0000000096d00000| Untracked 
| 366|0x0000000096e00000, 0x0000000096e00000, 0x0000000096f00000|  0%| F|  |TAMS 0x0000000096e00000, 0x0000000096e00000| Untracked 
| 367|0x0000000096f00000, 0x0000000096f00000, 0x0000000097000000|  0%| F|  |TAMS 0x0000000096f00000, 0x0000000096f00000| Untracked 
| 368|0x0000000097000000, 0x0000000097000000, 0x0000000097100000|  0%| F|  |TAMS 0x0000000097000000, 0x0000000097000000| Untracked 
| 369|0x0000000097100000, 0x0000000097100000, 0x0000000097200000|  0%| F|  |TAMS 0x0000000097100000, 0x0000000097100000| Untracked 
| 370|0x0000000097200000, 0x0000000097200000, 0x0000000097300000|  0%| F|  |TAMS 0x0000000097200000, 0x0000000097200000| Untracked 
| 371|0x0000000097300000, 0x0000000097300000, 0x0000000097400000|  0%| F|  |TAMS 0x0000000097300000, 0x0000000097300000| Untracked 
| 372|0x0000000097400000, 0x0000000097400000, 0x0000000097500000|  0%| F|  |TAMS 0x0000000097400000, 0x0000000097400000| Untracked 
| 373|0x0000000097500000, 0x0000000097500000, 0x0000000097600000|  0%| F|  |TAMS 0x0000000097500000, 0x0000000097500000| Untracked 
| 374|0x0000000097600000, 0x0000000097600000, 0x0000000097700000|  0%| F|  |TAMS 0x0000000097600000, 0x0000000097600000| Untracked 
| 375|0x0000000097700000, 0x0000000097700000, 0x0000000097800000|  0%| F|  |TAMS 0x0000000097700000, 0x0000000097700000| Untracked 
| 376|0x0000000097800000, 0x0000000097800000, 0x0000000097900000|  0%| F|  |TAMS 0x0000000097800000, 0x0000000097800000| Untracked 
| 377|0x0000000097900000, 0x0000000097900000, 0x0000000097a00000|  0%| F|  |TAMS 0x0000000097900000, 0x0000000097900000| Untracked 
| 378|0x0000000097a00000, 0x0000000097a00000, 0x0000000097b00000|  0%| F|  |TAMS 0x0000000097a00000, 0x0000000097a00000| Untracked 
| 379|0x0000000097b00000, 0x0000000097b00000, 0x0000000097c00000|  0%| F|  |TAMS 0x0000000097b00000, 0x0000000097b00000| Untracked 

Card table byte_map: [0x000001e5b0460000,0x000001e5b0860000] _byte_map_base: 0x000001e5b0060000

Marking Bits (Prev, Next): (CMBitMap*) 0x000001e59db2a328, (CMBitMap*) 0x000001e59db2a360
 Prev Bits: [0x000001e5b0c60000, 0x000001e5b2c60000)
 Next Bits: [0x000001e5b2c60000, 0x000001e5b4c60000)

Polling page: 0x000001e59b9d0000

Metaspace:

Usage:
  Non-class:     93.79 MB capacity,    92.27 MB ( 98%) used,     1.21 MB (  1%) free+waste,   313.44 KB ( <1%) overhead. 
      Class:     14.19 MB capacity,    13.24 MB ( 93%) used,   834.91 KB (  6%) free+waste,   139.06 KB ( <1%) overhead. 
       Both:    107.97 MB capacity,   105.51 MB ( 98%) used,     2.02 MB (  2%) free+waste,   452.50 KB ( <1%) overhead. 

Virtual space:
  Non-class space:       94.00 MB reserved,      93.87 MB (>99%) committed 
      Class space:        1.00 GB reserved,      14.25 MB (  1%) committed 
             Both:        1.09 GB reserved,     108.12 MB ( 10%) committed 

Chunk freelists:
   Non-Class:  22.00 KB
       Class:  0 bytes
        Both:  22.00 KB

MaxMetaspaceSize: 17179869184.00 GB
CompressedClassSpaceSize: 1.00 GB

CodeHeap 'non-profiled nmethods': size=120064Kb used=7790Kb max_used=8520Kb free=112273Kb
 bounds [0x000001e5a8f20000, 0x000001e5a9790000, 0x000001e5b0460000]
CodeHeap 'profiled nmethods': size=120000Kb used=31927Kb max_used=36532Kb free=88072Kb
 bounds [0x000001e5a19f0000, 0x000001e5a3db0000, 0x000001e5a8f20000]
CodeHeap 'non-nmethods': size=5696Kb used=2297Kb max_used=2359Kb free=3398Kb
 bounds [0x000001e5a1460000, 0x000001e5a16d0000, 0x000001e5a19f0000]
 total_blobs=14728 nmethods=13810 adapters=829
 compilation: enabled
              stopped_count=0, restarted_count=0
 full_count=0

Compilation events (20 events):
Event: 203.663 Thread 0x000001e5b7a2a800 16428       2       com.android.tools.r8.graph.v1::e (10 bytes)
Event: 203.664 Thread 0x000001e5b7a2a800 nmethod 16428 0x000001e5a1bf8a10 code [0x000001e5a1bf8bc0, 0x000001e5a1bf8ce8]
Event: 203.674 Thread 0x000001e5b70d1000 nmethod 16393 0x000001e5a8faf790 code [0x000001e5a8faf940, 0x000001e5a8fafe38]
Event: 203.674 Thread 0x000001e5b70d1000 16200       4       com.android.tools.r8.dex.P$g::a (35 bytes)
Event: 203.681 Thread 0x000001e5b7a2a800 16429       2       com.android.tools.r8.graph.t0$c::hashCode (11 bytes)
Event: 203.681 Thread 0x000001e5b7a2a800 nmethod 16429 0x000001e5a1bf8590 code [0x000001e5a1bf8760, 0x000001e5a1bf88d8]
Event: 203.725 Thread 0x000001e5b7a2a800 16430       2       com.android.tools.r8.graph.V$$Lambda$1317/0x0000000100df7040::compare (12 bytes)
Event: 203.726 Thread 0x000001e5b7a2a800 nmethod 16430 0x000001e5a1c01590 code [0x000001e5a1c01740, 0x000001e5a1c018c8]
Event: 203.788 Thread 0x000001e5b7a2a800 16433       2       com.android.tools.r8.graph.i1::b (55 bytes)
Event: 203.789 Thread 0x000001e5b7a2a800 nmethod 16433 0x000001e5a1c1fb10 code [0x000001e5a1c1fcc0, 0x000001e5a1c1fe08]
Event: 203.840 Thread 0x000001e5b7a2a800 16436 %     3       com.android.tools.r8.w.a.a.a.h.V0::g @ 74 (323 bytes)
Event: 203.842 Thread 0x000001e5b7a2a800 nmethod 16436% 0x000001e5a1c1df90 code [0x000001e5a1c1e260, 0x000001e5a1c1f398]
Event: 203.844 Thread 0x000001e5b7a2a800 16437       3       com.android.tools.r8.w.a.a.a.h.V0::g (323 bytes)
Event: 203.845 Thread 0x000001e5b7a2a800 nmethod 16437 0x000001e5a1c1c910 code [0x000001e5a1c1cba0, 0x000001e5a1c1d9d8]
Event: 203.888 Thread 0x000001e5b7a2a800 16438 %     3       com.android.tools.r8.w.a.a.a.h.N::g @ 74 (323 bytes)
Event: 203.890 Thread 0x000001e5b7a2a800 nmethod 16438% 0x000001e5a1c37510 code [0x000001e5a1c377e0, 0x000001e5a1c389b8]
Event: 203.890 Thread 0x000001e5b7a2a800 16439       3       com.android.tools.r8.w.a.a.a.h.N::g (323 bytes)
Event: 203.892 Thread 0x000001e5b7a2a800 nmethod 16439 0x000001e5a1c1b090 code [0x000001e5a1c1b340, 0x000001e5a1c1c218]
Event: 203.929 Thread 0x000001e5b7a2a800 16440       2       com.android.tools.r8.graph.S$j::compareTo (9 bytes)
Event: 203.929 Thread 0x000001e5b7a2a800 nmethod 16440 0x000001e5a1c29610 code [0x000001e5a1c297e0, 0x000001e5a1c299b8]

GC Heap History (20 events):
Event: 195.205 GC heap after
{Heap after GC invocations=88 (full 0):
 garbage-first heap   total 179200K, used 149504K [0x0000000080000000, 0x0000000100000000)
  region size 1024K, 2 young (2048K), 2 survivors (2048K)
 Metaspace       used 107827K, capacity 110341K, committed 110460K, reserved 1144832K
  class space    used 13547K, capacity 14519K, committed 14592K, reserved 1048576K
}
Event: 196.276 GC heap before
{Heap before GC invocations=89 (full 0):
 garbage-first heap   total 179200K, used 150528K [0x0000000080000000, 0x0000000100000000)
  region size 1024K, 8 young (8192K), 2 survivors (2048K)
 Metaspace       used 107834K, capacity 110341K, committed 110460K, reserved 1144832K
  class space    used 13547K, capacity 14519K, committed 14592K, reserved 1048576K
}
Event: 196.310 GC heap after
{Heap after GC invocations=90 (full 0):
 garbage-first heap   total 179200K, used 148480K [0x0000000080000000, 0x0000000100000000)
  region size 1024K, 1 young (1024K), 1 survivors (1024K)
 Metaspace       used 107834K, capacity 110341K, committed 110460K, reserved 1144832K
  class space    used 13547K, capacity 14519K, committed 14592K, reserved 1048576K
}
Event: 196.499 GC heap before
{Heap before GC invocations=90 (full 0):
 garbage-first heap   total 179200K, used 155648K [0x0000000080000000, 0x0000000100000000)
  region size 1024K, 8 young (8192K), 1 survivors (1024K)
 Metaspace       used 107844K, capacity 110342K, committed 110460K, reserved 1144832K
  class space    used 13547K, capacity 14519K, committed 14592K, reserved 1048576K
}
Event: 196.557 GC heap after
{Heap after GC invocations=91 (full 0):
 garbage-first heap   total 228352K, used 141312K [0x0000000080000000, 0x0000000100000000)
  region size 1024K, 1 young (1024K), 1 survivors (1024K)
 Metaspace       used 107844K, capacity 110342K, committed 110460K, reserved 1144832K
  class space    used 13547K, capacity 14519K, committed 14592K, reserved 1048576K
}
Event: 197.195 GC heap before
{Heap before GC invocations=91 (full 0):
 garbage-first heap   total 228352K, used 162816K [0x0000000080000000, 0x0000000100000000)
  region size 1024K, 23 young (23552K), 1 survivors (1024K)
 Metaspace       used 107865K, capacity 110407K, committed 110716K, reserved 1144832K
  class space    used 13547K, capacity 14519K, committed 14592K, reserved 1048576K
}
Event: 197.267 GC heap after
{Heap after GC invocations=92 (full 0):
 garbage-first heap   total 228352K, used 155136K [0x0000000080000000, 0x0000000100000000)
  region size 1024K, 3 young (3072K), 3 survivors (3072K)
 Metaspace       used 107865K, capacity 110407K, committed 110716K, reserved 1144832K
  class space    used 13547K, capacity 14519K, committed 14592K, reserved 1048576K
}
Event: 197.910 GC heap before
{Heap before GC invocations=92 (full 0):
 garbage-first heap   total 228352K, used 175616K [0x0000000080000000, 0x0000000100000000)
  region size 1024K, 21 young (21504K), 3 survivors (3072K)
 Metaspace       used 107909K, capacity 110407K, committed 110716K, reserved 1144832K
  class space    used 13547K, capacity 14519K, committed 14592K, reserved 1048576K
}
Event: 197.986 GC heap after
{Heap after GC invocations=93 (full 0):
 garbage-first heap   total 228352K, used 167936K [0x0000000080000000, 0x0000000100000000)
  region size 1024K, 3 young (3072K), 3 survivors (3072K)
 Metaspace       used 107909K, capacity 110407K, committed 110716K, reserved 1144832K
  class space    used 13547K, capacity 14519K, committed 14592K, reserved 1048576K
}
Event: 198.485 GC heap before
{Heap before GC invocations=93 (full 0):
 garbage-first heap   total 228352K, used 182272K [0x0000000080000000, 0x0000000100000000)
  region size 1024K, 17 young (17408K), 3 survivors (3072K)
 Metaspace       used 107943K, capacity 110472K, committed 110716K, reserved 1144832K
  class space    used 13548K, capacity 14519K, committed 14592K, reserved 1048576K
}
Event: 198.547 GC heap after
{Heap after GC invocations=94 (full 0):
 garbage-first heap   total 228352K, used 174080K [0x0000000080000000, 0x0000000100000000)
  region size 1024K, 3 young (3072K), 3 survivors (3072K)
 Metaspace       used 107943K, capacity 110472K, committed 110716K, reserved 1144832K
  class space    used 13548K, capacity 14519K, committed 14592K, reserved 1048576K
}
Event: 198.696 GC heap before
{Heap before GC invocations=94 (full 0):
 garbage-first heap   total 228352K, used 179200K [0x0000000080000000, 0x0000000100000000)
  region size 1024K, 9 young (9216K), 3 survivors (3072K)
 Metaspace       used 107951K, capacity 110479K, committed 110716K, reserved 1144832K
  class space    used 13549K, capacity 14521K, committed 14592K, reserved 1048576K
}
Event: 198.748 GC heap after
{Heap after GC invocations=95 (full 0):
 garbage-first heap   total 389120K, used 176251K [0x0000000080000000, 0x0000000100000000)
  region size 1024K, 2 young (2048K), 2 survivors (2048K)
 Metaspace       used 107951K, capacity 110479K, committed 110716K, reserved 1144832K
  class space    used 13549K, capacity 14521K, committed 14592K, reserved 1048576K
}
Event: 201.110 GC heap before
{Heap before GC invocations=96 (full 0):
 garbage-first heap   total 389120K, used 192635K [0x0000000080000000, 0x0000000100000000)
  region size 1024K, 28 young (28672K), 2 survivors (2048K)
 Metaspace       used 107999K, capacity 110543K, committed 110716K, reserved 1144832K
  class space    used 13549K, capacity 14521K, committed 14592K, reserved 1048576K
}
Event: 201.220 GC heap after
{Heap after GC invocations=97 (full 0):
 garbage-first heap   total 389120K, used 173450K [0x0000000080000000, 0x0000000100000000)
  region size 1024K, 4 young (4096K), 4 survivors (4096K)
 Metaspace       used 107999K, capacity 110543K, committed 110716K, reserved 1144832K
  class space    used 13549K, capacity 14521K, committed 14592K, reserved 1048576K
}
Event: 201.818 GC heap before
{Heap before GC invocations=97 (full 0):
 garbage-first heap   total 389120K, used 189834K [0x0000000080000000, 0x0000000100000000)
  region size 1024K, 19 young (19456K), 4 survivors (4096K)
 Metaspace       used 108004K, capacity 110543K, committed 110716K, reserved 1144832K
  class space    used 13549K, capacity 14521K, committed 14592K, reserved 1048576K
}
Event: 201.915 GC heap after
{Heap after GC invocations=98 (full 0):
 garbage-first heap   total 389120K, used 178619K [0x0000000080000000, 0x0000000100000000)
  region size 1024K, 3 young (3072K), 3 survivors (3072K)
 Metaspace       used 108004K, capacity 110543K, committed 110716K, reserved 1144832K
  class space    used 13549K, capacity 14521K, committed 14592K, reserved 1048576K
}
Event: 203.202 GC heap before
{Heap before GC invocations=98 (full 0):
 garbage-first heap   total 389120K, used 212411K [0x0000000080000000, 0x0000000100000000)
  region size 1024K, 23 young (23552K), 3 survivors (3072K)
 Metaspace       used 108013K, capacity 110544K, committed 110716K, reserved 1144832K
  class space    used 13549K, capacity 14521K, committed 14592K, reserved 1048576K
}
Event: 203.262 GC heap after
{Heap after GC invocations=99 (full 0):
 garbage-first heap   total 389120K, used 196580K [0x0000000080000000, 0x0000000100000000)
  region size 1024K, 3 young (3072K), 3 survivors (3072K)
 Metaspace       used 108013K, capacity 110544K, committed 110716K, reserved 1144832K
  class space    used 13549K, capacity 14521K, committed 14592K, reserved 1048576K
}
Event: 203.951 GC heap before
{Heap before GC invocations=99 (full 0):
 garbage-first heap   total 389120K, used 232420K [0x0000000080000000, 0x0000000100000000)
  region size 1024K, 33 young (33792K), 3 survivors (3072K)
 Metaspace       used 108040K, capacity 110566K, committed 110716K, reserved 1144832K
  class space    used 13554K, capacity 14528K, committed 14592K, reserved 1048576K
}

Deoptimization events (20 events):
Event: 202.514 Thread 0x000001e5b85d7800 DEOPT PACKING pc=0x000001e5a1b9a9d6 sp=0x0000005908efdbc0
Event: 202.514 Thread 0x000001e5b85d7800 DEOPT UNPACKING pc=0x000001e5a14867c0 sp=0x0000005908efd0c0 mode 0
Event: 202.529 Thread 0x000001e5b85d7800 DEOPT PACKING pc=0x000001e5a1b9a9d6 sp=0x0000005908efdbc0
Event: 202.529 Thread 0x000001e5b85d7800 DEOPT UNPACKING pc=0x000001e5a14867c0 sp=0x0000005908efd0c0 mode 0
Event: 202.533 Thread 0x000001e5b85d7800 DEOPT PACKING pc=0x000001e5a3b6a5c9 sp=0x0000005908efdb80
Event: 202.533 Thread 0x000001e5b85d7800 DEOPT UNPACKING pc=0x000001e5a14867c0 sp=0x0000005908efd088 mode 0
Event: 202.642 Thread 0x000001e5b7ab2800 DEOPT PACKING pc=0x000001e5a3bd9783 sp=0x000000590bdfe780
Event: 202.642 Thread 0x000001e5b7ab2800 DEOPT UNPACKING pc=0x000001e5a14867c0 sp=0x000000590bdfdc88 mode 0
Event: 202.969 Thread 0x000001e5b7ab2800 DEOPT PACKING pc=0x000001e5a1bbeee4 sp=0x000000590bdfec20
Event: 202.969 Thread 0x000001e5b7ab2800 DEOPT UNPACKING pc=0x000001e5a14867c0 sp=0x000000590bdfe148 mode 0
Event: 203.309 Thread 0x000001e5b7ab2800 Uncommon trap: trap_request=0xffffff4d fr.pc=0x000001e5a8f61690 relative=0x00000000000002d0
Event: 203.309 Thread 0x000001e5b7ab2800 Uncommon trap: reason=unstable_if action=reinterpret pc=0x000001e5a8f61690 method=com.android.tools.r8.graph.q0.b(Lcom/android/tools/r8/graph/q0;)I @ 60 c2
Event: 203.309 Thread 0x000001e5b7ab2800 DEOPT PACKING pc=0x000001e5a8f61690 sp=0x000000590bdfe970
Event: 203.309 Thread 0x000001e5b7ab2800 DEOPT UNPACKING pc=0x000001e5a14869aa sp=0x000000590bdfe8f8 mode 2
Event: 203.314 Thread 0x000001e5b7ab2800 DEOPT PACKING pc=0x000001e5a1bb2b06 sp=0x000000590bdfe990
Event: 203.314 Thread 0x000001e5b7ab2800 DEOPT UNPACKING pc=0x000001e5a14867c0 sp=0x000000590bdfddf8 mode 0
Event: 203.599 Thread 0x000001e5b7ab2800 DEOPT PACKING pc=0x000001e5a3b896d4 sp=0x000000590bdfe960
Event: 203.599 Thread 0x000001e5b7ab2800 DEOPT UNPACKING pc=0x000001e5a14867c0 sp=0x000000590bdfde18 mode 0
Event: 203.609 Thread 0x000001e5b7ab2800 DEOPT PACKING pc=0x000001e5a3b52a3e sp=0x000000590bdfe8f0
Event: 203.609 Thread 0x000001e5b7ab2800 DEOPT UNPACKING pc=0x000001e5a14867c0 sp=0x000000590bdfddf0 mode 0

Classes redefined (0 events):
No events

Internal exceptions (20 events):
Event: 188.894 Thread 0x000001e5b85d7800 Exception <a 'java/lang/NoSuchMethodError'{0x000000008abdfd80}: 'java.lang.Object java.lang.invoke.Invokers$Holder.linkToTargetMethod(java.lang.Object, java.lang.Object, java.lang.Object, java.lang.Object, java.lang.Object, java.lang.Object, java.lang.Object, java.lang.Object, java.lang.Object)'> (0x000000008abdfd80) thrown at [./src/hotspot/share/interpreter/linkResolver.cpp, line 773]
Event: 189.480 Thread 0x000001e5b85d7800 Exception <a 'java/lang/NoSuchMethodError'{0x000000008a1be150}: 'void java.lang.invoke.DirectMethodHandle$Holder.invokeVirtual(java.lang.Object, java.lang.Object, int)'> (0x000000008a1be150) thrown at [./src/hotspot/share/interpreter/linkResolver.cpp, line 773]
Event: 189.626 Thread 0x000001e5b85d7800 Exception <a 'sun/nio/fs/WindowsException'{0x0000000089fbd960}> (0x0000000089fbd960) thrown at [./src/hotspot/share/prims/jni.cpp, line 615]
Event: 189.918 Thread 0x000001e5b85d7800 Exception <a 'sun/nio/fs/WindowsException'{0x0000000089ee92c0}> (0x0000000089ee92c0) thrown at [./src/hotspot/share/prims/jni.cpp, line 615]
Event: 190.133 Thread 0x000001e5b85d7800 Exception <a 'sun/nio/fs/WindowsException'{0x0000000089ef01d8}> (0x0000000089ef01d8) thrown at [./src/hotspot/share/prims/jni.cpp, line 615]
Event: 190.292 Thread 0x000001e5b85d7800 Exception <a 'sun/nio/fs/WindowsException'{0x0000000088ff0bd8}> (0x0000000088ff0bd8) thrown at [./src/hotspot/share/prims/jni.cpp, line 615]
Event: 191.168 Thread 0x000001e5b85d7800 Exception <a 'sun/nio/fs/WindowsException'{0x000000008ae0b6e8}> (0x000000008ae0b6e8) thrown at [./src/hotspot/share/prims/jni.cpp, line 615]
Event: 191.389 Thread 0x000001e5b85d7800 Exception <a 'sun/nio/fs/WindowsException'{0x000000008ae145d0}> (0x000000008ae145d0) thrown at [./src/hotspot/share/prims/jni.cpp, line 615]
Event: 191.634 Thread 0x000001e5b85d7800 Exception <a 'sun/nio/fs/WindowsException'{0x000000008ae1c680}> (0x000000008ae1c680) thrown at [./src/hotspot/share/prims/jni.cpp, line 615]
Event: 191.797 Thread 0x000001e5b85d7800 Exception <a 'sun/nio/fs/WindowsException'{0x000000008ae247b0}> (0x000000008ae247b0) thrown at [./src/hotspot/share/prims/jni.cpp, line 615]
Event: 192.067 Thread 0x000001e5b85d7800 Exception <a 'sun/nio/fs/WindowsException'{0x000000008a3fdb00}> (0x000000008a3fdb00) thrown at [./src/hotspot/share/prims/jni.cpp, line 615]
Event: 192.254 Thread 0x000001e5b85d7800 Exception <a 'sun/nio/fs/WindowsException'{0x000000008a188930}> (0x000000008a188930) thrown at [./src/hotspot/share/prims/jni.cpp, line 615]
Event: 192.295 Thread 0x000001e5b85d7800 Exception <a 'sun/nio/fs/WindowsException'{0x000000008a190aa8}> (0x000000008a190aa8) thrown at [./src/hotspot/share/prims/jni.cpp, line 615]
Event: 192.347 Thread 0x000001e5b85d7800 Exception <a 'sun/nio/fs/WindowsException'{0x000000008a198ce8}> (0x000000008a198ce8) thrown at [./src/hotspot/share/prims/jni.cpp, line 615]
Event: 192.387 Thread 0x000001e5b85d7800 Exception <a 'sun/nio/fs/WindowsException'{0x000000008a1a0e50}> (0x000000008a1a0e50) thrown at [./src/hotspot/share/prims/jni.cpp, line 615]
Event: 192.399 Thread 0x000001e5b85d7800 Exception <a 'sun/nio/fs/WindowsException'{0x000000008a0c3098}> (0x000000008a0c3098) thrown at [./src/hotspot/share/prims/jni.cpp, line 615]
Event: 192.408 Thread 0x000001e5b85d7800 Exception <a 'sun/nio/fs/WindowsException'{0x000000008a0ca3c8}> (0x000000008a0ca3c8) thrown at [./src/hotspot/share/prims/jni.cpp, line 615]
Event: 192.421 Thread 0x000001e5b85d7800 Exception <a 'sun/nio/fs/WindowsException'{0x000000008a0d09a0}> (0x000000008a0d09a0) thrown at [./src/hotspot/share/prims/jni.cpp, line 615]
Event: 192.889 Thread 0x000001e5b85d0800 Exception <a 'java/lang/NoSuchMethodError'{0x0000000089d3c128}: <clinit>> (0x0000000089d3c128) thrown at [./src/hotspot/share/prims/jni.cpp, line 1362]
Event: 193.621 Thread 0x000001e5b85d7800 Exception <a 'sun/nio/fs/WindowsException'{0x0000000089be57a0}> (0x0000000089be57a0) thrown at [./src/hotspot/share/prims/jni.cpp, line 615]

Events (20 events):
Event: 203.924 loading class com/android/tools/r8/graph/S$j done
Event: 203.924 loading class com/android/tools/r8/graph/S$j
Event: 203.924 loading class com/android/tools/r8/graph/S$j done
Event: 203.924 loading class com/android/tools/r8/graph/S$j
Event: 203.924 loading class com/android/tools/r8/graph/S$j done
Event: 203.925 loading class com/android/tools/r8/graph/q0
Event: 203.925 loading class com/android/tools/r8/graph/q0 done
Event: 203.925 loading class com/android/tools/r8/graph/q0
Event: 203.925 loading class com/android/tools/r8/graph/q0 done
Event: 203.925 loading class com/android/tools/r8/graph/S$j
Event: 203.925 loading class com/android/tools/r8/graph/S$j done
Event: 203.926 loading class com/android/tools/r8/graph/S$j
Event: 203.926 loading class com/android/tools/r8/graph/S$j done
Event: 203.926 loading class com/android/tools/r8/graph/r0
Event: 203.926 loading class com/android/tools/r8/graph/r0 done
Event: 203.926 loading class com/android/tools/r8/graph/r0
Event: 203.926 loading class com/android/tools/r8/graph/r0 done
Event: 203.927 loading class com/android/tools/r8/graph/S$j
Event: 203.927 loading class com/android/tools/r8/graph/S$j done
Event: 203.951 Executing VM operation: G1CollectForAllocation


Dynamic libraries:
0x00007ff6a8300000 - 0x00007ff6a830a000 	C:\Program Files\Android\Android Studio\jre\bin\java.exe
0x00007ffd1f4d0000 - 0x00007ffd1f6b1000 	C:\Windows\SYSTEM32\ntdll.dll
0x00007ffd1ccc0000 - 0x00007ffd1cd72000 	C:\Windows\System32\KERNEL32.DLL
0x00007ffd1ba50000 - 0x00007ffd1bcc3000 	C:\Windows\System32\KERNELBASE.dll
0x00007ffd1b950000 - 0x00007ffd1ba4a000 	C:\Windows\System32\ucrtbase.dll
0x00007ffce2410000 - 0x00007ffce2429000 	C:\Program Files\Android\Android Studio\jre\bin\jli.dll
0x00007ffd1e7a0000 - 0x00007ffd1e930000 	C:\Windows\System32\USER32.dll
0x00007ffd1bdc0000 - 0x00007ffd1bde0000 	C:\Windows\System32\win32u.dll
0x00007ffd1c960000 - 0x00007ffd1c988000 	C:\Windows\System32\GDI32.dll
0x00007ffd1c7c0000 - 0x00007ffd1c952000 	C:\Windows\System32\gdi32full.dll
0x00007ffd1bcd0000 - 0x00007ffd1bd6f000 	C:\Windows\System32\msvcp_win.dll
0x00007ffd0f6d0000 - 0x00007ffd0f939000 	C:\Windows\WinSxS\amd64_microsoft.windows.common-controls_6595b64144ccf1df_6.0.17133.73_none_b4b127863cb5b9c7\COMCTL32.dll
0x00007ffd1e700000 - 0x00007ffd1e79e000 	C:\Windows\System32\msvcrt.dll
0x00007ffd1c990000 - 0x00007ffd1ccb3000 	C:\Windows\System32\combase.dll
0x00007ffd1f1c0000 - 0x00007ffd1f2e4000 	C:\Windows\System32\RPCRT4.dll
0x00007ffd1c6e0000 - 0x00007ffd1c75a000 	C:\Windows\System32\bcryptPrimitives.dll
0x00007ffce2270000 - 0x00007ffce2287000 	C:\Program Files\Android\Android Studio\jre\bin\VCRUNTIME140.dll
0x00007ffd1e990000 - 0x00007ffd1e9bd000 	C:\Windows\System32\IMM32.DLL
0x00007ffce21d0000 - 0x00007ffce226d000 	C:\Program Files\Android\Android Studio\jre\bin\msvcp140.dll
0x00007ffcd9130000 - 0x00007ffcd9bec000 	C:\Program Files\Android\Android Studio\jre\bin\server\jvm.dll
0x00007ffd1ee50000 - 0x00007ffd1eef1000 	C:\Windows\System32\ADVAPI32.dll
0x00007ffd1ebf0000 - 0x00007ffd1ec4b000 	C:\Windows\System32\sechost.dll
0x00007ffd1ef00000 - 0x00007ffd1ef08000 	C:\Windows\System32\PSAPI.DLL
0x00007ffd11f50000 - 0x00007ffd11f59000 	C:\Windows\SYSTEM32\WSOCK32.dll
0x00007ffd1ec50000 - 0x00007ffd1ecbc000 	C:\Windows\System32\WS2_32.dll
0x00007ffd19960000 - 0x00007ffd19983000 	C:\Windows\SYSTEM32\WINMM.dll
0x00007ffd0eec0000 - 0x00007ffd0eeca000 	C:\Windows\SYSTEM32\VERSION.dll
0x00007ffd19930000 - 0x00007ffd1995a000 	C:\Windows\SYSTEM32\WINMMBASE.dll
0x00007ffd1bd70000 - 0x00007ffd1bdb9000 	C:\Windows\System32\cfgmgr32.dll
0x00007ffd1b850000 - 0x00007ffd1b861000 	C:\Windows\System32\kernel.appcore.dll
0x00007ffcec5c0000 - 0x00007ffcec5d1000 	C:\Program Files\Android\Android Studio\jre\bin\verify.dll
0x00007ffd0b100000 - 0x00007ffd0b2c9000 	C:\Windows\SYSTEM32\DBGHELP.DLL
0x00007ffd0b0d0000 - 0x00007ffd0b0f9000 	C:\Windows\SYSTEM32\dbgcore.DLL
0x00007ffce2040000 - 0x00007ffce2069000 	C:\Program Files\Android\Android Studio\jre\bin\java.dll
0x00007ffd11e60000 - 0x00007ffd11e6b000 	C:\Program Files\Android\Android Studio\jre\bin\jimage.dll
0x00007ffcec300000 - 0x00007ffcec318000 	C:\Program Files\Android\Android Studio\jre\bin\zip.dll
0x00007ffd1d2c0000 - 0x00007ffd1e700000 	C:\Windows\System32\SHELL32.dll
0x00007ffd1f2f0000 - 0x00007ffd1f399000 	C:\Windows\System32\shcore.dll
0x00007ffd1bde0000 - 0x00007ffd1c4ed000 	C:\Windows\System32\windows.storage.dll
0x00007ffd1e930000 - 0x00007ffd1e981000 	C:\Windows\System32\shlwapi.dll
0x00007ffd1b7e0000 - 0x00007ffd1b7ff000 	C:\Windows\System32\profapi.dll
0x00007ffd1b800000 - 0x00007ffd1b84c000 	C:\Windows\System32\powrprof.dll
0x00007ffd1b890000 - 0x00007ffd1b89a000 	C:\Windows\System32\FLTLIB.DLL
0x00007ffce23b0000 - 0x00007ffce23ca000 	C:\Program Files\Android\Android Studio\jre\bin\net.dll
0x00007ffd12c40000 - 0x00007ffd12d1d000 	C:\Windows\SYSTEM32\WINHTTP.dll
0x00007ffd1b000000 - 0x00007ffd1b066000 	C:\Windows\system32\mswsock.dll
0x00007ffce2020000 - 0x00007ffce2034000 	C:\Program Files\Android\Android Studio\jre\bin\nio.dll
0x00007ffce2a20000 - 0x00007ffce2a47000 	C:\Users\MISHECK\.gradle\native\fdc75f09e3144964f2cf3f50f0aa648679c211496f362492102eb8c894070792\windows-amd64\native-platform.dll
0x00007ffcdf560000 - 0x00007ffcdf6f6000 	C:\Users\MISHECK\.gradle\native\12488b8bf47d2d4c9fbf2f6322a914ad602e24e48041cd04a747c6da556b65c4\windows-amd64\native-platform-file-events.dll
0x00007ffd09b00000 - 0x00007ffd09b0a000 	C:\Program Files\Android\Android Studio\jre\bin\management.dll
0x00007ffd08440000 - 0x00007ffd0844c000 	C:\Program Files\Android\Android Studio\jre\bin\management_ext.dll
0x00007ffd1b1b0000 - 0x00007ffd1b1c7000 	C:\Windows\SYSTEM32\CRYPTSP.dll
0x00007ffd1abe0000 - 0x00007ffd1ac13000 	C:\Windows\system32\rsaenh.dll
0x00007ffd1b2e0000 - 0x00007ffd1b305000 	C:\Windows\SYSTEM32\bcrypt.dll
0x00007ffd1b6e0000 - 0x00007ffd1b708000 	C:\Windows\SYSTEM32\USERENV.dll
0x00007ffd1b1d0000 - 0x00007ffd1b1db000 	C:\Windows\SYSTEM32\CRYPTBASE.dll
0x00007ffd1ad80000 - 0x00007ffd1adb8000 	C:\Windows\SYSTEM32\IPHLPAPI.DLL
0x00007ffd1ecc0000 - 0x00007ffd1ecc8000 	C:\Windows\System32\NSI.dll
0x00007ffd13ca0000 - 0x00007ffd13cb6000 	C:\Windows\SYSTEM32\dhcpcsvc6.DLL
0x00007ffd13c80000 - 0x00007ffd13c9a000 	C:\Windows\SYSTEM32\dhcpcsvc.DLL
0x00007ffd14040000 - 0x00007ffd1404b000 	C:\Windows\SYSTEM32\WINNSI.DLL

dbghelp: loaded successfully - version: 4.0.5 - missing functions: none
symbol engine: initialized successfully - sym options: 0x614 - pdb path: .;C:\Program Files\Android\Android Studio\jre\bin;C:\Windows\SYSTEM32;C:\Windows\WinSxS\amd64_microsoft.windows.common-controls_6595b64144ccf1df_6.0.17133.73_none_b4b127863cb5b9c7;C:\Program Files\Android\Android Studio\jre\bin\server;C:\Users\MISHECK\.gradle\native\fdc75f09e3144964f2cf3f50f0aa648679c211496f362492102eb8c894070792\windows-amd64;C:\Users\MISHECK\.gradle\native\12488b8bf47d2d4c9fbf2f6322a914ad602e24e48041cd04a747c6da556b65c4\windows-amd64

VM Arguments:
jvm_args: --add-opens=java.base/java.util=ALL-UNNAMED --add-opens=java.base/java.lang=ALL-UNNAMED --add-opens=java.base/java.lang.invoke=ALL-UNNAMED --add-opens=java.prefs/java.util.prefs=ALL-UNNAMED -Xmx2048m -Dfile.encoding=UTF-8 -Duser.country=US -Duser.language=en -Duser.variant 
java_command: org.gradle.launcher.daemon.bootstrap.GradleDaemon 6.7.1
java_class_path (initial): C:\Users\MISHECK\.gradle\wrapper\dists\gradle-6.7.1-bin\bwlcbys1h7rz3272sye1xwiv6\gradle-6.7.1\lib\gradle-launcher-6.7.1.jar
Launcher Type: SUN_STANDARD

[Global flags]
     intx CICompilerCount                          = 2                                         {product} {ergonomic}
     uint ConcGCThreads                            = 1                                         {product} {ergonomic}
     uint G1ConcRefinementThreads                  = 2                                         {product} {ergonomic}
   size_t G1HeapRegionSize                         = 1048576                                   {product} {ergonomic}
    uintx GCDrainStackTargetSize                   = 64                                        {product} {ergonomic}
   size_t InitialHeapSize                          = 67108864                                  {product} {ergonomic}
   size_t MarkStackSize                            = 4194304                                   {product} {ergonomic}
   size_t MaxHeapSize                              = 2147483648                                {product} {command line}
   size_t MaxNewSize                               = 1287651328                                {product} {ergonomic}
   size_t MinHeapDeltaBytes                        = 1048576                                   {product} {ergonomic}
    uintx NonNMethodCodeHeapSize                   = 5825164                                {pd product} {ergonomic}
    uintx NonProfiledCodeHeapSize                  = 122916538                              {pd product} {ergonomic}
    uintx ProfiledCodeHeapSize                     = 122916538                              {pd product} {ergonomic}
    uintx ReservedCodeCacheSize                    = 251658240                              {pd product} {ergonomic}
     bool SegmentedCodeCache                       = true                                      {product} {ergonomic}
     bool UseCompressedClassPointers               = true                                 {lp64_product} {ergonomic}
     bool UseCompressedOops                        = true                                 {lp64_product} {ergonomic}
     bool UseG1GC                                  = true                                      {product} {ergonomic}
     bool UseLargePagesIndividualAllocation        = false                                  {pd product} {ergonomic}

Logging:
Log output configuration:
 #0: stdout all=warning uptime,level,tags
 #1: stderr all=off uptime,level,tags

Environment Variables:
JAVA_HOME=C:\Program Files\Java\jdk1.8.0_191
PATH=C:\Program Files (x86)\Common Files\Oracle\Java\javapath;C:\Windows\system32;C:\Windows;C:\Windows\System32\Wbem;C:\Windows\System32\WindowsPowerShell\v1.0\;C:\Windows\System32\OpenSSH\;C:\Program Files (x86)\Git\cmd;C:\Program Files\nodejs\;C:\Program Files\Java\jdk1.8.0_191\bin;C:\Users\MISHECK\AppData\Roaming\npm;C:\Exercism;C:\Users\MISHECK\AppData\Local\Programs\Python\Python39;C:\Users\MISHECK\AppData\Local\Programs\Microsoft VS Code\bin;C:\Program Files\CodeBlocks\MinGW\bin;
USERNAME=MISHECK
OS=Windows_NT
PROCESSOR_IDENTIFIER=Intel64 Family 6 Model 55 Stepping 8, GenuineIntel



---------------  S Y S T E M  ---------------

OS: Windows 10 , 64 bit Build 17133 (10.0.17133.73)
OS uptime: 2 days 19:19 hours

CPU:total 2 (initial active 2) (2 cores per cpu, 1 threads per core) family 6 model 55 stepping 8, cmov, cx8, fxsr, mmx, sse, sse2, sse3, ssse3, sse4.1, sse4.2, popcnt, clmul, erms, 3dnowpref, tsc, tscinvbit

Memory: 4k page, system-wide physical 3987M (624M free)
TotalPageFile size 5381M (AvailPageFile size 325M)
current process WorkingSet (physical memory assigned to process): 550M, peak: 550M
current process commit charge ("private bytes"): 704M, peak: 1038M

vm_info: OpenJDK 64-Bit Server VM (11.0.8+10-b944.6842174) for windows-amd64 JRE (11.0.8+10-b944.6842174), built on Sep 19 2020 01:11:42 by "builder" with MS VC++ 14.0 (VS2015)

END.
