#
# There is insufficient memory for the Java Runtime Environment to continue.
# Native memory allocation (mmap) failed to map 165675008 bytes for Failed to commit area from 0x000000008b500000 to 0x0000000095300000 of length 165675008.
# Possible reasons:
#   The system is out of physical RAM or swap space
#   The process is running with CompressedOops enabled, and the Java Heap may be blocking the growth of the native heap
# Possible solutions:
#   Reduce memory load on the system
#   Increase physical memory or swap space
#   Check if swap backing store is full
#   Decrease Java heap size (-Xmx/-Xms)
#   Decrease number of Java threads
#   Decrease Java thread stack sizes (-Xss)
#   Set larger code cache with -XX:ReservedCodeCacheSize=
#   JVM is running with Unscaled Compressed Oops mode in which the Java heap is
#     placed in the first 4GB address space. The Java Heap base address is the
#     maximum limit for the native heap growth. Please use -XX:HeapBaseMinAddress
#     to set the Java Heap base and to place the Java Heap above 4GB virtual address.
# This output file may be truncated or incomplete.
#
#  Out of Memory Error (./src/hotspot/os/windows/os_windows.cpp:3303), pid=12900, tid=17860
#
# JRE version: OpenJDK Runtime Environment (11.0.8+10) (build 11.0.8+10-b944.6842174)
# Java VM: OpenJDK 64-Bit Server VM (11.0.8+10-b944.6842174, mixed mode, tiered, compressed oops, g1 gc, windows-amd64)
# No core dump will be written. Minidumps are not enabled by default on client versions of Windows
#

---------------  S U M M A R Y ------------

Command Line: --add-opens=java.base/java.util=ALL-UNNAMED --add-opens=java.base/java.lang=ALL-UNNAMED --add-opens=java.base/java.lang.invoke=ALL-UNNAMED --add-opens=java.prefs/java.util.prefs=ALL-UNNAMED -Xmx2048m -Dfile.encoding=UTF-8 -Duser.country=US -Duser.language=en -Duser.variant org.gradle.launcher.daemon.bootstrap.GradleDaemon 6.7.1

Host: Intel(R) Celeron(R) CPU  N2840  @ 2.16GHz, 2 cores, 3G,  Windows 10 , 64 bit Build 17133 (10.0.17133.73)
Time: Wed Jul  7 07:44:01 2021 Pacific Daylight Time elapsed time: 86 seconds (0d 0h 1m 26s)

---------------  T H R E A D  ---------------

Current thread (0x0000015d3418c800):  VMThread "VM Thread" [stack: 0x00000028b5d00000,0x00000028b5e00000] [id=17860]

Stack: [0x00000028b5d00000,0x00000028b5e00000]
[error occurred during error reporting (printing stack bounds), id 0xc0000005, EXCEPTION_ACCESS_VIOLATION (0xc0000005) at pc=0x0000015d1e590dbe]

Native frames: (J=compiled Java code, j=interpreted, Vv=VM code, C=native code)
V  [jvm.dll+0x5de50a]
V  [jvm.dll+0x7122f5]
V  [jvm.dll+0x71384d]
V  [jvm.dll+0x713e65]
V  [jvm.dll+0x713e1b]
V  [jvm.dll+0x5dd958]
V  [jvm.dll+0x5de0f8]
C  [ntdll.dll+0x9eddd]
C  [ntdll.dll+0x6c86]
C  [ntdll.dll+0x9dd0e]
C  0x0000015d1e590dbe

VM_Operation (0x00000028b55fdd90): G1CollectForAllocation, mode: safepoint, requested by thread 0x0000015d37ae1800


---------------  P R O C E S S  ---------------

Threads class SMR info:
_java_thread_list=0x0000015d384fb890, length=137, elements={
0x0000015d1ac1d000, 0x0000015d3418f800, 0x0000015d3419c000, 0x0000015d34b10800,
0x0000015d34b11800, 0x0000015d34b13800, 0x0000015d34b1a800, 0x0000015d341f5800,
0x0000015d34c4e800, 0x0000015d34c7c800, 0x0000015d3543f000, 0x0000015d34ece800,
0x0000015d34e8c000, 0x0000015d34e8d000, 0x0000015d35df7800, 0x0000015d34e6c000,
0x0000015d34dd1000, 0x0000015d35b1b800, 0x0000015d35a84800, 0x0000015d34d2f000,
0x0000015d34d2f800, 0x0000015d34d2e000, 0x0000015d34d2d000, 0x0000015d37eba800,
0x0000015d37ebd000, 0x0000015d37ebf800, 0x0000015d37ebc000, 0x0000015d37ec1000,
0x0000015d37ec0000, 0x0000015d37ec3800, 0x0000015d37ec2000, 0x0000015d37ec2800,
0x0000015d37ebe800, 0x0000015d37ebe000, 0x0000015d37ec7800, 0x0000015d37ec9000,
0x0000015d37ec4800, 0x0000015d37ec8800, 0x0000015d37ec5000, 0x0000015d37ec6000,
0x0000015d37ec6800, 0x0000015d38a35000, 0x0000015d38a36000, 0x0000015d38a30000,
0x0000015d38a36800, 0x0000015d38a31000, 0x0000015d38a37800, 0x0000015d38a33800,
0x0000015d38a32800, 0x0000015d38a32000, 0x0000015d38a3a000, 0x0000015d38a34800,
0x0000015d38a3b000, 0x0000015d38a38800, 0x0000015d38a3b800, 0x0000015d38a3c800,
0x0000015d38a3d800, 0x0000015d38a3e000, 0x0000015d38a3f000, 0x0000015d38a39000,
0x0000015d35ab9800, 0x0000015d35abb000, 0x0000015d35abd000, 0x0000015d35aba800,
0x0000015d35abc000, 0x0000015d35ab8800, 0x0000015d35ac3800, 0x0000015d35abd800,
0x0000015d35ac4000, 0x0000015d35abf000, 0x0000015d35ac0000, 0x0000015d35ac1000,
0x0000015d35ac1800, 0x0000015d35abe800, 0x0000015d35ac2800, 0x0000015d35ac5000,
0x0000015d35ac6000, 0x0000015d35ac6800, 0x0000015d35ac7800, 0x0000015d388ec800,
0x0000015d388eb800, 0x0000015d388ed800, 0x0000015d388ea000, 0x0000015d388ee000,
0x0000015d388e9000, 0x0000015d388ef000, 0x0000015d388f0000, 0x0000015d388f0800,
0x0000015d388eb000, 0x0000015d388f2000, 0x0000015d388f7000, 0x0000015d388f4000,
0x0000015d388f5800, 0x0000015d388f4800, 0x0000015d388f6800, 0x0000015d388f1800,
0x0000015d388f8000, 0x0000015d388f3000, 0x0000015d38dba800, 0x0000015d38dbc000,
0x0000015d38db9000, 0x0000015d38db9800, 0x0000015d38dbb800, 0x0000015d38dbd000,
0x0000015d38dbe000, 0x0000015d38db8000, 0x0000015d38dc0000, 0x0000015d38dc2800,
0x0000015d38dc3800, 0x0000015d38dc2000, 0x0000015d38dc1000, 0x0000015d38dc4800,
0x0000015d38dbe800, 0x0000015d38dc5000, 0x0000015d38dbf800, 0x0000015d38dc6000,
0x0000015d38dc7000, 0x0000015d38355800, 0x0000015d38351800, 0x0000015d38353000,
0x0000015d38352000, 0x0000015d38354000, 0x0000015d3834f800, 0x0000015d38350800,
0x0000015d38354800, 0x0000015d3835c000, 0x0000015d38357000, 0x0000015d38358000,
0x0000015d38358800, 0x0000015d38356000, 0x0000015d3835d000, 0x0000015d3835e800,
0x0000015d3835a800, 0x0000015d3835d800, 0x0000015d37ae0000, 0x0000015d37ae1800,
0x0000015d37ae2800
}

Java Threads: ( => current thread )
  0x0000015d1ac1d000 JavaThread "main" [_thread_blocked, id=1940, stack(0x00000028b5700000,0x00000028b5800000)]
  0x0000015d3418f800 JavaThread "Reference Handler" daemon [_thread_blocked, id=24284, stack(0x00000028b5e00000,0x00000028b5f00000)]
  0x0000015d3419c000 JavaThread "Finalizer" daemon [_thread_blocked, id=21796, stack(0x00000028b5f00000,0x00000028b6000000)]
  0x0000015d34b10800 JavaThread "Signal Dispatcher" daemon [_thread_blocked, id=12544, stack(0x00000028b6000000,0x00000028b6100000)]
  0x0000015d34b11800 JavaThread "Attach Listener" daemon [_thread_blocked, id=15616, stack(0x00000028b6100000,0x00000028b6200000)]
  0x0000015d34b13800 JavaThread "C2 CompilerThread0" daemon [_thread_in_native, id=12508, stack(0x00000028b6200000,0x00000028b6300000)]
  0x0000015d34b1a800 JavaThread "C1 CompilerThread0" daemon [_thread_blocked, id=16432, stack(0x00000028b6300000,0x00000028b6400000)]
  0x0000015d341f5800 JavaThread "Sweeper thread" daemon [_thread_blocked, id=22524, stack(0x00000028b6400000,0x00000028b6500000)]
  0x0000015d34c4e800 JavaThread "Common-Cleaner" daemon [_thread_blocked, id=24872, stack(0x00000028b6500000,0x00000028b6600000)]
  0x0000015d34c7c800 JavaThread "Service Thread" daemon [_thread_blocked, id=20896, stack(0x00000028b6600000,0x00000028b6700000)]
  0x0000015d3543f000 JavaThread "Daemon health stats" [_thread_blocked, id=20428, stack(0x00000028b6900000,0x00000028b6a00000)]
  0x0000015d34ece800 JavaThread "Incoming local TCP Connector on port 57901" [_thread_in_native, id=22260, stack(0x00000028b6b00000,0x00000028b6c00000)]
  0x0000015d34e8c000 JavaThread "Daemon" [_thread_blocked, id=24176, stack(0x00000028b6c00000,0x00000028b6d00000)]
  0x0000015d34e8d000 JavaThread "Daemon periodic checks" [_thread_blocked, id=9460, stack(0x00000028b6d00000,0x00000028b6e00000)]
  0x0000015d35df7800 JavaThread "Handler for socket connection from /127.0.0.1:57901 to /127.0.0.1:57902" [_thread_in_native, id=9760, stack(0x00000028b6e00000,0x00000028b6f00000)]
  0x0000015d34e6c000 JavaThread "Cancel handler" [_thread_blocked, id=19852, stack(0x00000028b6f00000,0x00000028b7000000)]
  0x0000015d34dd1000 JavaThread "Daemon worker" [_thread_blocked, id=1172, stack(0x00000028b7000000,0x00000028b7100000)]
  0x0000015d35b1b800 JavaThread "Asynchronous log dispatcher for DefaultDaemonConnection: socket connection from /127.0.0.1:57901 to /127.0.0.1:57902" [_thread_blocked, id=16592, stack(0x00000028b7100000,0x00000028b7200000)]
  0x0000015d35a84800 JavaThread "Thread-8" [_thread_blocked, id=2200, stack(0x00000028b7300000,0x00000028b7400000)]
  0x0000015d34d2f000 JavaThread "Cache worker for file hash cache (C:\Users\MISHECK\.gradle\caches\6.7.1\fileHashes)" [_thread_blocked, id=24800, stack(0x00000028b7400000,0x00000028b7500000)]
  0x0000015d34d2f800 JavaThread "File lock request listener" [_thread_in_native, id=17852, stack(0x00000028b7500000,0x00000028b7600000)]
  0x0000015d34d2e000 JavaThread "Cache worker for journal cache (C:\Users\MISHECK\.gradle\caches\journal-1)" [_thread_blocked, id=17712, stack(0x00000028b7600000,0x00000028b7700000)]
  0x0000015d34d2d000 JavaThread "Cache worker for file hash cache (C:\Users\MISHECK\AndroidStudioProjects\ChildSafetyApp\.gradle\6.7.1\fileHashes)" [_thread_blocked, id=14652, stack(0x00000028b7700000,0x00000028b7800000)]
  0x0000015d37eba800 JavaThread "Cache worker for checksums cache (C:\Users\MISHECK\AndroidStudioProjects\ChildSafetyApp\.gradle\checksums)" [_thread_blocked, id=3436, stack(0x00000028b7800000,0x00000028b7900000)]
  0x0000015d37ebd000 JavaThread "Cache worker for cache directory md-supplier (C:\Users\MISHECK\.gradle\caches\6.7.1\md-supplier)" [_thread_blocked, id=22036, stack(0x00000028b7900000,0x00000028b7a00000)]
  0x0000015d37ebf800 JavaThread "Cache worker for cache directory md-rule (C:\Users\MISHECK\.gradle\caches\6.7.1\md-rule)" [_thread_blocked, id=21968, stack(0x00000028b7a00000,0x00000028b7b00000)]
  0x0000015d37ebc000 JavaThread "Cache worker for execution history cache (C:\Users\MISHECK\.gradle\caches\6.7.1\executionHistory)" [_thread_blocked, id=22056, stack(0x00000028b7b00000,0x00000028b7c00000)]
  0x0000015d37ec1000 JavaThread "jar transforms" [_thread_blocked, id=24948, stack(0x00000028b7c00000,0x00000028b7d00000)]
  0x0000015d37ec0000 JavaThread "Cache worker for file content cache (C:\Users\MISHECK\.gradle\caches\6.7.1\fileContent)" [_thread_blocked, id=2480, stack(0x00000028b7d00000,0x00000028b7e00000)]
  0x0000015d37ec3800 JavaThread "Cache worker for Build Output Cleanup Cache (C:\Users\MISHECK\AndroidStudioProjects\ChildSafetyApp\.gradle\buildOutputCleanup)" [_thread_blocked, id=25468, stack(0x00000028b7e00000,0x00000028b7f00000)]
  0x0000015d37ec2000 JavaThread "Build operations" [_thread_blocked, id=25456, stack(0x00000028b7f00000,0x00000028b8000000)]
  0x0000015d37ec2800 JavaThread "Build operations Thread 2" [_thread_blocked, id=3388, stack(0x00000028b8000000,0x00000028b8100000)]
  0x0000015d37ebe800 JavaThread "jar transforms Thread 2" [_thread_blocked, id=15968, stack(0x00000028b8100000,0x00000028b8200000)]
  0x0000015d37ebe000 JavaThread "jar transforms Thread 3" [_thread_blocked, id=25384, stack(0x00000028b8200000,0x00000028b8300000)]
  0x0000015d37ec7800 JavaThread "jar transforms Thread 4" [_thread_blocked, id=18520, stack(0x00000028b8300000,0x00000028b8400000)]
  0x0000015d37ec9000 JavaThread "jar transforms Thread 5" [_thread_blocked, id=10920, stack(0x00000028b8400000,0x00000028b8500000)]
  0x0000015d37ec4800 JavaThread "jar transforms Thread 6" [_thread_blocked, id=24444, stack(0x00000028b8500000,0x00000028b8600000)]
  0x0000015d37ec8800 JavaThread "jar transforms Thread 7" [_thread_blocked, id=15012, stack(0x00000028b8600000,0x00000028b8700000)]
  0x0000015d37ec5000 JavaThread "jar transforms Thread 8" [_thread_blocked, id=20140, stack(0x00000028b8700000,0x00000028b8800000)]
  0x0000015d37ec6000 JavaThread "jar transforms Thread 9" [_thread_blocked, id=24452, stack(0x00000028b8800000,0x00000028b8900000)]
  0x0000015d37ec6800 JavaThread "jar transforms Thread 10" [_thread_blocked, id=11624, stack(0x00000028b8900000,0x00000028b8a00000)]
  0x0000015d38a35000 JavaThread "jar transforms Thread 11" [_thread_blocked, id=18584, stack(0x00000028b8a00000,0x00000028b8b00000)]
  0x0000015d38a36000 JavaThread "jar transforms Thread 12" [_thread_blocked, id=10284, stack(0x00000028b8b00000,0x00000028b8c00000)]
  0x0000015d38a30000 JavaThread "jar transforms Thread 13" [_thread_blocked, id=25048, stack(0x00000028b8c00000,0x00000028b8d00000)]
  0x0000015d38a36800 JavaThread "jar transforms Thread 14" [_thread_blocked, id=11884, stack(0x00000028b8d00000,0x00000028b8e00000)]
  0x0000015d38a31000 JavaThread "jar transforms Thread 15" [_thread_blocked, id=3200, stack(0x00000028b8e00000,0x00000028b8f00000)]
  0x0000015d38a37800 JavaThread "jar transforms Thread 16" [_thread_blocked, id=20768, stack(0x00000028b8f00000,0x00000028b9000000)]
  0x0000015d38a33800 JavaThread "jar transforms Thread 17" [_thread_blocked, id=14828, stack(0x00000028b9000000,0x00000028b9100000)]
  0x0000015d38a32800 JavaThread "jar transforms Thread 18" [_thread_blocked, id=22180, stack(0x00000028b9100000,0x00000028b9200000)]
  0x0000015d38a32000 JavaThread "jar transforms Thread 19" [_thread_blocked, id=16924, stack(0x00000028b9200000,0x00000028b9300000)]
  0x0000015d38a3a000 JavaThread "jar transforms Thread 20" [_thread_blocked, id=9344, stack(0x00000028b9300000,0x00000028b9400000)]
  0x0000015d38a34800 JavaThread "jar transforms Thread 21" [_thread_blocked, id=2068, stack(0x00000028b9400000,0x00000028b9500000)]
  0x0000015d38a3b000 JavaThread "jar transforms Thread 22" [_thread_blocked, id=12004, stack(0x00000028b9500000,0x00000028b9600000)]
  0x0000015d38a38800 JavaThread "jar transforms Thread 23" [_thread_blocked, id=20788, stack(0x00000028b9600000,0x00000028b9700000)]
  0x0000015d38a3b800 JavaThread "jar transforms Thread 24" [_thread_blocked, id=22408, stack(0x00000028b9700000,0x00000028b9800000)]
  0x0000015d38a3c800 JavaThread "jar transforms Thread 25" [_thread_blocked, id=20344, stack(0x00000028b9800000,0x00000028b9900000)]
  0x0000015d38a3d800 JavaThread "jar transforms Thread 26" [_thread_blocked, id=15008, stack(0x00000028b9900000,0x00000028b9a00000)]
  0x0000015d38a3e000 JavaThread "jar transforms Thread 27" [_thread_blocked, id=24852, stack(0x00000028b9a00000,0x00000028b9b00000)]
  0x0000015d38a3f000 JavaThread "jar transforms Thread 28" [_thread_blocked, id=18792, stack(0x00000028b9b00000,0x00000028b9c00000)]
  0x0000015d38a39000 JavaThread "jar transforms Thread 29" [_thread_blocked, id=4824, stack(0x00000028b9c00000,0x00000028b9d00000)]
  0x0000015d35ab9800 JavaThread "jar transforms Thread 30" [_thread_blocked, id=21396, stack(0x00000028b9d00000,0x00000028b9e00000)]
  0x0000015d35abb000 JavaThread "jar transforms Thread 31" [_thread_blocked, id=23096, stack(0x00000028b9e00000,0x00000028b9f00000)]
  0x0000015d35abd000 JavaThread "jar transforms Thread 32" [_thread_blocked, id=23868, stack(0x00000028b9f00000,0x00000028ba000000)]
  0x0000015d35aba800 JavaThread "jar transforms Thread 33" [_thread_blocked, id=15772, stack(0x00000028ba000000,0x00000028ba100000)]
  0x0000015d35abc000 JavaThread "jar transforms Thread 34" [_thread_blocked, id=20740, stack(0x00000028ba100000,0x00000028ba200000)]
  0x0000015d35ab8800 JavaThread "jar transforms Thread 35" [_thread_blocked, id=22888, stack(0x00000028ba200000,0x00000028ba300000)]
  0x0000015d35ac3800 JavaThread "jar transforms Thread 36" [_thread_blocked, id=1336, stack(0x00000028ba300000,0x00000028ba400000)]
  0x0000015d35abd800 JavaThread "jar transforms Thread 37" [_thread_blocked, id=3012, stack(0x00000028ba400000,0x00000028ba500000)]
  0x0000015d35ac4000 JavaThread "jar transforms Thread 38" [_thread_blocked, id=18828, stack(0x00000028ba500000,0x00000028ba600000)]
  0x0000015d35abf000 JavaThread "jar transforms Thread 39" [_thread_blocked, id=15364, stack(0x00000028ba600000,0x00000028ba700000)]
  0x0000015d35ac0000 JavaThread "jar transforms Thread 40" [_thread_blocked, id=15140, stack(0x00000028ba700000,0x00000028ba800000)]
  0x0000015d35ac1000 JavaThread "jar transforms Thread 41" [_thread_blocked, id=5324, stack(0x00000028ba800000,0x00000028ba900000)]
  0x0000015d35ac1800 JavaThread "jar transforms Thread 42" [_thread_blocked, id=11232, stack(0x00000028ba900000,0x00000028baa00000)]
  0x0000015d35abe800 JavaThread "jar transforms Thread 43" [_thread_blocked, id=6344, stack(0x00000028baa00000,0x00000028bab00000)]
  0x0000015d35ac2800 JavaThread "jar transforms Thread 44" [_thread_blocked, id=2076, stack(0x00000028bab00000,0x00000028bac00000)]
  0x0000015d35ac5000 JavaThread "jar transforms Thread 45" [_thread_blocked, id=13240, stack(0x00000028bac00000,0x00000028bad00000)]
  0x0000015d35ac6000 JavaThread "jar transforms Thread 46" [_thread_blocked, id=15912, stack(0x00000028bad00000,0x00000028bae00000)]
  0x0000015d35ac6800 JavaThread "jar transforms Thread 47" [_thread_blocked, id=21104, stack(0x00000028bae00000,0x00000028baf00000)]
  0x0000015d35ac7800 JavaThread "jar transforms Thread 48" [_thread_blocked, id=20096, stack(0x00000028baf00000,0x00000028bb000000)]
  0x0000015d388ec800 JavaThread "jar transforms Thread 49" [_thread_blocked, id=16424, stack(0x00000028bb000000,0x00000028bb100000)]
  0x0000015d388eb800 JavaThread "jar transforms Thread 50" [_thread_blocked, id=7488, stack(0x00000028bb100000,0x00000028bb200000)]
  0x0000015d388ed800 JavaThread "jar transforms Thread 51" [_thread_blocked, id=17612, stack(0x00000028bb200000,0x00000028bb300000)]
  0x0000015d388ea000 JavaThread "jar transforms Thread 52" [_thread_blocked, id=208, stack(0x00000028bb300000,0x00000028bb400000)]
  0x0000015d388ee000 JavaThread "jar transforms Thread 53" [_thread_blocked, id=3900, stack(0x00000028bb400000,0x00000028bb500000)]
  0x0000015d388e9000 JavaThread "jar transforms Thread 54" [_thread_blocked, id=12564, stack(0x00000028bb500000,0x00000028bb600000)]
  0x0000015d388ef000 JavaThread "jar transforms Thread 55" [_thread_blocked, id=5228, stack(0x00000028bb600000,0x00000028bb700000)]
  0x0000015d388f0000 JavaThread "jar transforms Thread 56" [_thread_blocked, id=21920, stack(0x00000028bb700000,0x00000028bb800000)]
  0x0000015d388f0800 JavaThread "jar transforms Thread 57" [_thread_blocked, id=2332, stack(0x00000028bb800000,0x00000028bb900000)]
  0x0000015d388eb000 JavaThread "jar transforms Thread 58" [_thread_blocked, id=2124, stack(0x00000028bb900000,0x00000028bba00000)]
  0x0000015d388f2000 JavaThread "jar transforms Thread 59" [_thread_blocked, id=14592, stack(0x00000028bba00000,0x00000028bbb00000)]
  0x0000015d388f7000 JavaThread "jar transforms Thread 60" [_thread_blocked, id=24684, stack(0x00000028bbb00000,0x00000028bbc00000)]
  0x0000015d388f4000 JavaThread "jar transforms Thread 61" [_thread_blocked, id=20128, stack(0x00000028bbc00000,0x00000028bbd00000)]
  0x0000015d388f5800 JavaThread "jar transforms Thread 62" [_thread_blocked, id=18060, stack(0x00000028bbd00000,0x00000028bbe00000)]
  0x0000015d388f4800 JavaThread "jar transforms Thread 63" [_thread_blocked, id=12444, stack(0x00000028bbe00000,0x00000028bbf00000)]
  0x0000015d388f6800 JavaThread "jar transforms Thread 64" [_thread_blocked, id=4940, stack(0x00000028bbf00000,0x00000028bc000000)]
  0x0000015d388f1800 JavaThread "jar transforms Thread 65" [_thread_blocked, id=13132, stack(0x00000028bc000000,0x00000028bc100000)]
  0x0000015d388f8000 JavaThread "jar transforms Thread 66" [_thread_blocked, id=16356, stack(0x00000028bc100000,0x00000028bc200000)]
  0x0000015d388f3000 JavaThread "jar transforms Thread 67" [_thread_blocked, id=21268, stack(0x00000028bc200000,0x00000028bc300000)]
  0x0000015d38dba800 JavaThread "jar transforms Thread 68" [_thread_blocked, id=1592, stack(0x00000028bc300000,0x00000028bc400000)]
  0x0000015d38dbc000 JavaThread "jar transforms Thread 69" [_thread_blocked, id=1432, stack(0x00000028bc400000,0x00000028bc500000)]
  0x0000015d38db9000 JavaThread "jar transforms Thread 70" [_thread_blocked, id=8128, stack(0x00000028bc500000,0x00000028bc600000)]
  0x0000015d38db9800 JavaThread "jar transforms Thread 71" [_thread_blocked, id=1456, stack(0x00000028bc600000,0x00000028bc700000)]
  0x0000015d38dbb800 JavaThread "jar transforms Thread 72" [_thread_blocked, id=22444, stack(0x00000028bc700000,0x00000028bc800000)]
  0x0000015d38dbd000 JavaThread "jar transforms Thread 73" [_thread_blocked, id=1752, stack(0x00000028bc800000,0x00000028bc900000)]
  0x0000015d38dbe000 JavaThread "jar transforms Thread 74" [_thread_blocked, id=608, stack(0x00000028bc900000,0x00000028bca00000)]
  0x0000015d38db8000 JavaThread "jar transforms Thread 75" [_thread_blocked, id=1576, stack(0x00000028bca00000,0x00000028bcb00000)]
  0x0000015d38dc0000 JavaThread "jar transforms Thread 76" [_thread_blocked, id=23616, stack(0x00000028bcb00000,0x00000028bcc00000)]
  0x0000015d38dc2800 JavaThread "jar transforms Thread 77" [_thread_blocked, id=8024, stack(0x00000028bcc00000,0x00000028bcd00000)]
  0x0000015d38dc3800 JavaThread "jar transforms Thread 78" [_thread_blocked, id=14332, stack(0x00000028bcd00000,0x00000028bce00000)]
  0x0000015d38dc2000 JavaThread "jar transforms Thread 79" [_thread_blocked, id=6200, stack(0x00000028bce00000,0x00000028bcf00000)]
  0x0000015d38dc1000 JavaThread "jar transforms Thread 80" [_thread_blocked, id=20492, stack(0x00000028bcf00000,0x00000028bd000000)]
  0x0000015d38dc4800 JavaThread "jar transforms Thread 81" [_thread_blocked, id=25128, stack(0x00000028bd000000,0x00000028bd100000)]
  0x0000015d38dbe800 JavaThread "jar transforms Thread 82" [_thread_blocked, id=1700, stack(0x00000028bd100000,0x00000028bd200000)]
  0x0000015d38dc5000 JavaThread "jar transforms Thread 83" [_thread_blocked, id=12388, stack(0x00000028bd200000,0x00000028bd300000)]
  0x0000015d38dbf800 JavaThread "jar transforms Thread 84" [_thread_blocked, id=22440, stack(0x00000028bd300000,0x00000028bd400000)]
  0x0000015d38dc6000 JavaThread "jar transforms Thread 85" [_thread_blocked, id=20484, stack(0x00000028bd400000,0x00000028bd500000)]
  0x0000015d38dc7000 JavaThread "jar transforms Thread 86" [_thread_blocked, id=1036, stack(0x00000028bd500000,0x00000028bd600000)]
  0x0000015d38355800 JavaThread "jar transforms Thread 87" [_thread_blocked, id=25216, stack(0x00000028bd600000,0x00000028bd700000)]
  0x0000015d38351800 JavaThread "jar transforms Thread 88" [_thread_blocked, id=8164, stack(0x00000028bd700000,0x00000028bd800000)]
  0x0000015d38353000 JavaThread "jar transforms Thread 89" [_thread_blocked, id=15528, stack(0x00000028bd800000,0x00000028bd900000)]
  0x0000015d38352000 JavaThread "jar transforms Thread 90" [_thread_blocked, id=3768, stack(0x00000028bd900000,0x00000028bda00000)]
  0x0000015d38354000 JavaThread "jar transforms Thread 91" [_thread_blocked, id=16960, stack(0x00000028bda00000,0x00000028bdb00000)]
  0x0000015d3834f800 JavaThread "jar transforms Thread 92" [_thread_blocked, id=20412, stack(0x00000028bdb00000,0x00000028bdc00000)]
  0x0000015d38350800 JavaThread "jar transforms Thread 93" [_thread_blocked, id=21328, stack(0x00000028bdc00000,0x00000028bdd00000)]
  0x0000015d38354800 JavaThread "jar transforms Thread 94" [_thread_blocked, id=1580, stack(0x00000028bdd00000,0x00000028bde00000)]
  0x0000015d3835c000 JavaThread "jar transforms Thread 95" [_thread_blocked, id=12788, stack(0x00000028bde00000,0x00000028bdf00000)]
  0x0000015d38357000 JavaThread "jar transforms Thread 96" [_thread_blocked, id=22536, stack(0x00000028bdf00000,0x00000028be000000)]
  0x0000015d38358000 JavaThread "jar transforms Thread 97" [_thread_blocked, id=18864, stack(0x00000028be000000,0x00000028be100000)]
  0x0000015d38358800 JavaThread "Memory manager" [_thread_blocked, id=4624, stack(0x00000028be100000,0x00000028be200000)]
  0x0000015d38356000 JavaThread "build event listener" [_thread_blocked, id=14004, stack(0x00000028be200000,0x00000028be300000)]
  0x0000015d3835d000 JavaThread "build event listener" [_thread_blocked, id=9832, stack(0x00000028be300000,0x00000028be400000)]
  0x0000015d3835e800 JavaThread "Execution worker for ':'" [_thread_blocked, id=8920, stack(0x00000028be400000,0x00000028be500000)]
  0x0000015d3835a800 JavaThread "Cache worker for execution history cache (C:\Users\MISHECK\AndroidStudioProjects\ChildSafetyApp\.gradle\6.7.1\executionHistory)" [_thread_blocked, id=20892, stack(0x00000028be500000,0x00000028be600000)]
  0x0000015d3835d800 JavaThread "WorkerExecutor Queue" [_thread_blocked, id=10496, stack(0x00000028b5400000,0x00000028b5500000)]
  0x0000015d37ae0000 JavaThread "WorkerExecutor Queue Thread 3" [_thread_blocked, id=1744, stack(0x00000028b7200000,0x00000028b7300000)]
  0x0000015d37ae1800 JavaThread "ForkJoinPool-1-worker-3" daemon [_thread_blocked, id=13316, stack(0x00000028b5500000,0x00000028b5600000)]
  0x0000015d37ae2800 JavaThread "ForkJoinPool-1-worker-1" daemon [_thread_blocked, id=24580, stack(0x00000028be600000,0x00000028be700000)]

Other Threads:
=>0x0000015d3418c800 VMThread "VM Thread" [stack: 0x00000028b5d00000,0x00000028b5e00000] [id=17860]
  0x0000015d34c89000 WatcherThread [stack: 0x00000028b6700000,0x00000028b6800000] [id=21908]
  0x0000015d1ac34800 GCTaskThread "GC Thread#0" [stack: 0x00000028b5800000,0x00000028b5900000] [id=8660]
  0x0000015d34d62000 GCTaskThread "GC Thread#1" [stack: 0x00000028b6800000,0x00000028b6900000] [id=5696]
  0x0000015d1ac64000 ConcurrentGCThread "G1 Main Marker" [stack: 0x00000028b5900000,0x00000028b5a00000] [id=20664]
  0x0000015d1ac66800 ConcurrentGCThread "G1 Conc#0" [stack: 0x00000028b5a00000,0x00000028b5b00000] [id=11276]
  0x0000015d1acb7000 ConcurrentGCThread "G1 Refine#0" [stack: 0x00000028b5b00000,0x00000028b5c00000] [id=10360]
  0x0000015d1acb8000 ConcurrentGCThread "G1 Young RemSet Sampling" [stack: 0x00000028b5c00000,0x00000028b5d00000] [id=18532]

Threads with active compile tasks:
C2 CompilerThread0  86669 9829       4       com.android.tools.r8.code.x1::a (4137 bytes)

VM state:at safepoint (normal execution)

VM Mutex/Monitor currently owned by a thread:  ([mutex/lock_event])
[0x0000015d1ac19f50] Threads_lock - owner thread: 0x0000015d3418c800
[0x0000015d1ac19e30] Heap_lock - owner thread: 0x0000015d37ae1800

Heap address: 0x0000000080000000, size: 2048 MB, Compressed Oops mode: 32-bit
Narrow klass base: 0x0000000000000000, Narrow klass shift: 3
Compressed class space size: 1073741824 Address: 0x0000000100000000

Heap:
 garbage-first heap   total 347136K, used 142336K [0x0000000080000000, 0x0000000100000000)
  region size 1024K, 2 young (2048K), 2 survivors (2048K)
 Metaspace       used 81702K, capacity 83574K, committed 83876K, reserved 1122304K
  class space    used 10672K, capacity 11334K, committed 11392K, reserved 1048576K
Heap Regions: E=young(eden), S=young(survivor), O=old, HS=humongous(starts), HC=humongous(continues), CS=collection set, F=free, A=archive, TAMS=top-at-mark-start (previous, next)
|   0|0x0000000080000000, 0x0000000080100000, 0x0000000080100000|100%| O|  |TAMS 0x0000000080100000, 0x0000000080100000| Untracked 
|   1|0x0000000080100000, 0x0000000080200000, 0x0000000080200000|100%| O|  |TAMS 0x0000000080200000, 0x0000000080200000| Untracked 
|   2|0x0000000080200000, 0x0000000080300000, 0x0000000080300000|100%| O|  |TAMS 0x0000000080300000, 0x0000000080300000| Untracked 
|   3|0x0000000080300000, 0x0000000080400000, 0x0000000080400000|100%| O|  |TAMS 0x0000000080400000, 0x0000000080400000| Untracked 
|   4|0x0000000080400000, 0x0000000080500000, 0x0000000080500000|100%|HS|  |TAMS 0x0000000080500000, 0x0000000080500000| Complete 
|   5|0x0000000080500000, 0x0000000080600000, 0x0000000080600000|100%|HC|  |TAMS 0x0000000080600000, 0x0000000080600000| Complete 
|   6|0x0000000080600000, 0x0000000080700000, 0x0000000080700000|100%|HC|  |TAMS 0x0000000080700000, 0x0000000080700000| Complete 
|   7|0x0000000080700000, 0x0000000080800000, 0x0000000080800000|100%| O|  |TAMS 0x0000000080800000, 0x0000000080800000| Untracked 
|   8|0x0000000080800000, 0x0000000080900000, 0x0000000080900000|100%| O|  |TAMS 0x0000000080900000, 0x0000000080900000| Untracked 
|   9|0x0000000080900000, 0x0000000080a00000, 0x0000000080a00000|100%| O|  |TAMS 0x0000000080a00000, 0x0000000080a00000| Untracked 
|  10|0x0000000080a00000, 0x0000000080b00000, 0x0000000080b00000|100%| O|  |TAMS 0x0000000080b00000, 0x0000000080b00000| Untracked 
|  11|0x0000000080b00000, 0x0000000080c00000, 0x0000000080c00000|100%| O|  |TAMS 0x0000000080c00000, 0x0000000080c00000| Untracked 
|  12|0x0000000080c00000, 0x0000000080d00000, 0x0000000080d00000|100%| O|  |TAMS 0x0000000080d00000, 0x0000000080d00000| Untracked 
|  13|0x0000000080d00000, 0x0000000080e00000, 0x0000000080e00000|100%| O|  |TAMS 0x0000000080e00000, 0x0000000080e00000| Untracked 
|  14|0x0000000080e00000, 0x0000000080f00000, 0x0000000080f00000|100%| O|  |TAMS 0x0000000080f00000, 0x0000000080f00000| Untracked 
|  15|0x0000000080f00000, 0x0000000081000000, 0x0000000081000000|100%| O|  |TAMS 0x0000000081000000, 0x0000000081000000| Untracked 
|  16|0x0000000081000000, 0x0000000081100000, 0x0000000081100000|100%| O|  |TAMS 0x0000000081100000, 0x0000000081100000| Untracked 
|  17|0x0000000081100000, 0x0000000081200000, 0x0000000081200000|100%| O|  |TAMS 0x0000000081200000, 0x0000000081200000| Untracked 
|  18|0x0000000081200000, 0x0000000081300000, 0x0000000081300000|100%| O|  |TAMS 0x0000000081300000, 0x0000000081300000| Untracked 
|  19|0x0000000081300000, 0x0000000081400000, 0x0000000081400000|100%| O|  |TAMS 0x0000000081400000, 0x0000000081400000| Untracked 
|  20|0x0000000081400000, 0x0000000081500000, 0x0000000081500000|100%| O|  |TAMS 0x0000000081500000, 0x0000000081500000| Untracked 
|  21|0x0000000081500000, 0x0000000081600000, 0x0000000081600000|100%| O|  |TAMS 0x0000000081600000, 0x0000000081600000| Untracked 
|  22|0x0000000081600000, 0x0000000081700000, 0x0000000081700000|100%| O|  |TAMS 0x0000000081700000, 0x0000000081700000| Untracked 
|  23|0x0000000081700000, 0x0000000081800000, 0x0000000081800000|100%| O|  |TAMS 0x0000000081800000, 0x0000000081800000| Untracked 
|  24|0x0000000081800000, 0x0000000081900000, 0x0000000081900000|100%| O|  |TAMS 0x0000000081900000, 0x0000000081900000| Untracked 
|  25|0x0000000081900000, 0x0000000081a00000, 0x0000000081a00000|100%|HS|  |TAMS 0x0000000081a00000, 0x0000000081a00000| Complete 
|  26|0x0000000081a00000, 0x0000000081b00000, 0x0000000081b00000|100%|HS|  |TAMS 0x0000000081b00000, 0x0000000081b00000| Complete 
|  27|0x0000000081b00000, 0x0000000081c00000, 0x0000000081c00000|100%|HC|  |TAMS 0x0000000081c00000, 0x0000000081c00000| Complete 
|  28|0x0000000081c00000, 0x0000000081d00000, 0x0000000081d00000|100%| O|  |TAMS 0x0000000081d00000, 0x0000000081d00000| Untracked 
|  29|0x0000000081d00000, 0x0000000081e00000, 0x0000000081e00000|100%| O|  |TAMS 0x0000000081e00000, 0x0000000081e00000| Untracked 
|  30|0x0000000081e00000, 0x0000000081f00000, 0x0000000081f00000|100%| O|  |TAMS 0x0000000081f00000, 0x0000000081f00000| Untracked 
|  31|0x0000000081f00000, 0x0000000082000000, 0x0000000082000000|100%| O|  |TAMS 0x0000000082000000, 0x0000000082000000| Untracked 
|  32|0x0000000082000000, 0x0000000082100000, 0x0000000082100000|100%| O|  |TAMS 0x0000000082100000, 0x0000000082100000| Untracked 
|  33|0x0000000082100000, 0x0000000082200000, 0x0000000082200000|100%| O|  |TAMS 0x0000000082200000, 0x0000000082200000| Untracked 
|  34|0x0000000082200000, 0x0000000082300000, 0x0000000082300000|100%| O|  |TAMS 0x0000000082300000, 0x0000000082300000| Untracked 
|  35|0x0000000082300000, 0x0000000082400000, 0x0000000082400000|100%| O|  |TAMS 0x0000000082400000, 0x0000000082400000| Untracked 
|  36|0x0000000082400000, 0x0000000082500000, 0x0000000082500000|100%| O|  |TAMS 0x0000000082500000, 0x0000000082500000| Untracked 
|  37|0x0000000082500000, 0x0000000082600000, 0x0000000082600000|100%| O|  |TAMS 0x0000000082600000, 0x0000000082600000| Untracked 
|  38|0x0000000082600000, 0x0000000082700000, 0x0000000082700000|100%| O|  |TAMS 0x0000000082700000, 0x0000000082700000| Untracked 
|  39|0x0000000082700000, 0x0000000082800000, 0x0000000082800000|100%| O|  |TAMS 0x0000000082800000, 0x0000000082800000| Untracked 
|  40|0x0000000082800000, 0x0000000082900000, 0x0000000082900000|100%| O|  |TAMS 0x0000000082900000, 0x0000000082900000| Untracked 
|  41|0x0000000082900000, 0x0000000082a00000, 0x0000000082a00000|100%| O|  |TAMS 0x0000000082a00000, 0x0000000082a00000| Untracked 
|  42|0x0000000082a00000, 0x0000000082b00000, 0x0000000082b00000|100%| O|  |TAMS 0x0000000082b00000, 0x0000000082b00000| Untracked 
|  43|0x0000000082b00000, 0x0000000082c00000, 0x0000000082c00000|100%| O|  |TAMS 0x0000000082c00000, 0x0000000082c00000| Untracked 
|  44|0x0000000082c00000, 0x0000000082d00000, 0x0000000082d00000|100%| O|  |TAMS 0x0000000082d00000, 0x0000000082d00000| Untracked 
|  45|0x0000000082d00000, 0x0000000082e00000, 0x0000000082e00000|100%| O|  |TAMS 0x0000000082e00000, 0x0000000082e00000| Untracked 
|  46|0x0000000082e00000, 0x0000000082f00000, 0x0000000082f00000|100%| O|  |TAMS 0x0000000082f00000, 0x0000000082f00000| Untracked 
|  47|0x0000000082f00000, 0x0000000083000000, 0x0000000083000000|100%| O|  |TAMS 0x0000000083000000, 0x0000000083000000| Untracked 
|  48|0x0000000083000000, 0x0000000083100000, 0x0000000083100000|100%| O|  |TAMS 0x0000000083100000, 0x0000000083100000| Untracked 
|  49|0x0000000083100000, 0x0000000083200000, 0x0000000083200000|100%| O|  |TAMS 0x0000000083200000, 0x0000000083200000| Untracked 
|  50|0x0000000083200000, 0x0000000083300000, 0x0000000083300000|100%| O|  |TAMS 0x0000000083300000, 0x0000000083300000| Untracked 
|  51|0x0000000083300000, 0x0000000083400000, 0x0000000083400000|100%| O|  |TAMS 0x0000000083400000, 0x0000000083400000| Untracked 
|  52|0x0000000083400000, 0x0000000083500000, 0x0000000083500000|100%| O|  |TAMS 0x0000000083500000, 0x0000000083500000| Untracked 
|  53|0x0000000083500000, 0x0000000083600000, 0x0000000083600000|100%| O|  |TAMS 0x0000000083600000, 0x0000000083600000| Untracked 
|  54|0x0000000083600000, 0x0000000083700000, 0x0000000083700000|100%| O|  |TAMS 0x0000000083700000, 0x0000000083700000| Untracked 
|  55|0x0000000083700000, 0x0000000083800000, 0x0000000083800000|100%| O|  |TAMS 0x0000000083800000, 0x0000000083800000| Untracked 
|  56|0x0000000083800000, 0x0000000083900000, 0x0000000083900000|100%| O|  |TAMS 0x0000000083900000, 0x0000000083900000| Untracked 
|  57|0x0000000083900000, 0x0000000083a00000, 0x0000000083a00000|100%| O|  |TAMS 0x0000000083a00000, 0x0000000083a00000| Untracked 
|  58|0x0000000083a00000, 0x0000000083b00000, 0x0000000083b00000|100%| O|  |TAMS 0x0000000083b00000, 0x0000000083b00000| Untracked 
|  59|0x0000000083b00000, 0x0000000083c00000, 0x0000000083c00000|100%| O|  |TAMS 0x0000000083c00000, 0x0000000083c00000| Untracked 
|  60|0x0000000083c00000, 0x0000000083d00000, 0x0000000083d00000|100%| O|  |TAMS 0x0000000083d00000, 0x0000000083d00000| Untracked 
|  61|0x0000000083d00000, 0x0000000083e00000, 0x0000000083e00000|100%| O|  |TAMS 0x0000000083e00000, 0x0000000083e00000| Untracked 
|  62|0x0000000083e00000, 0x0000000083f00000, 0x0000000083f00000|100%|HS|  |TAMS 0x0000000083f00000, 0x0000000083f00000| Complete 
|  63|0x0000000083f00000, 0x0000000084000000, 0x0000000084000000|100%|HC|  |TAMS 0x0000000084000000, 0x0000000084000000| Complete 
|  64|0x0000000084000000, 0x0000000084100000, 0x0000000084100000|100%|HC|  |TAMS 0x0000000084100000, 0x0000000084100000| Complete 
|  65|0x0000000084100000, 0x0000000084200000, 0x0000000084200000|100%|HC|  |TAMS 0x0000000084200000, 0x0000000084200000| Complete 
|  66|0x0000000084200000, 0x0000000084300000, 0x0000000084300000|100%|HC|  |TAMS 0x0000000084300000, 0x0000000084300000| Complete 
|  67|0x0000000084300000, 0x0000000084400000, 0x0000000084400000|100%|HC|  |TAMS 0x0000000084400000, 0x0000000084400000| Complete 
|  68|0x0000000084400000, 0x0000000084500000, 0x0000000084500000|100%|HC|  |TAMS 0x0000000084500000, 0x0000000084500000| Complete 
|  69|0x0000000084500000, 0x0000000084600000, 0x0000000084600000|100%|HC|  |TAMS 0x0000000084600000, 0x0000000084600000| Complete 
|  70|0x0000000084600000, 0x0000000084700000, 0x0000000084700000|100%| O|  |TAMS 0x0000000084700000, 0x0000000084700000| Untracked 
|  71|0x0000000084700000, 0x0000000084800000, 0x0000000084800000|100%|HS|  |TAMS 0x0000000084800000, 0x0000000084800000| Complete 
|  72|0x0000000084800000, 0x0000000084900000, 0x0000000084900000|100%|HS|  |TAMS 0x0000000084900000, 0x0000000084900000| Complete 
|  73|0x0000000084900000, 0x0000000084a00000, 0x0000000084a00000|100%| O|  |TAMS 0x0000000084a00000, 0x0000000084a00000| Untracked 
|  74|0x0000000084a00000, 0x0000000084b00000, 0x0000000084b00000|100%| O|  |TAMS 0x0000000084b00000, 0x0000000084b00000| Untracked 
|  75|0x0000000084b00000, 0x0000000084c00000, 0x0000000084c00000|100%| O|  |TAMS 0x0000000084c00000, 0x0000000084c00000| Untracked 
|  76|0x0000000084c00000, 0x0000000084d00000, 0x0000000084d00000|100%| O|  |TAMS 0x0000000084d00000, 0x0000000084d00000| Untracked 
|  77|0x0000000084d00000, 0x0000000084e00000, 0x0000000084e00000|100%| O|  |TAMS 0x0000000084e00000, 0x0000000084e00000| Untracked 
|  78|0x0000000084e00000, 0x0000000084f00000, 0x0000000084f00000|100%| O|  |TAMS 0x0000000084f00000, 0x0000000084f00000| Untracked 
|  79|0x0000000084f00000, 0x0000000085000000, 0x0000000085000000|100%| O|  |TAMS 0x0000000085000000, 0x0000000085000000| Untracked 
|  80|0x0000000085000000, 0x0000000085100000, 0x0000000085100000|100%| O|  |TAMS 0x0000000085100000, 0x0000000085100000| Untracked 
|  81|0x0000000085100000, 0x0000000085200000, 0x0000000085200000|100%|HS|  |TAMS 0x0000000085200000, 0x0000000085200000| Complete 
|  82|0x0000000085200000, 0x0000000085300000, 0x0000000085300000|100%|HC|  |TAMS 0x0000000085300000, 0x0000000085300000| Complete 
|  83|0x0000000085300000, 0x0000000085400000, 0x0000000085400000|100%|HC|  |TAMS 0x0000000085400000, 0x0000000085400000| Complete 
|  84|0x0000000085400000, 0x0000000085500000, 0x0000000085500000|100%|HC|  |TAMS 0x0000000085500000, 0x0000000085500000| Complete 
|  85|0x0000000085500000, 0x0000000085600000, 0x0000000085600000|100%|HC|  |TAMS 0x0000000085600000, 0x0000000085600000| Complete 
|  86|0x0000000085600000, 0x0000000085700000, 0x0000000085700000|100%|HC|  |TAMS 0x0000000085700000, 0x0000000085700000| Complete 
|  87|0x0000000085700000, 0x0000000085800000, 0x0000000085800000|100%|HC|  |TAMS 0x0000000085800000, 0x0000000085800000| Complete 
|  88|0x0000000085800000, 0x0000000085900000, 0x0000000085900000|100%|HC|  |TAMS 0x0000000085900000, 0x0000000085900000| Complete 
|  89|0x0000000085900000, 0x0000000085a00000, 0x0000000085a00000|100%|HS|  |TAMS 0x0000000085a00000, 0x0000000085a00000| Complete 
|  90|0x0000000085a00000, 0x0000000085b00000, 0x0000000085b00000|100%| O|  |TAMS 0x0000000085b00000, 0x0000000085b00000| Untracked 
|  91|0x0000000085b00000, 0x0000000085c00000, 0x0000000085c00000|100%| O|  |TAMS 0x0000000085c00000, 0x0000000085c00000| Untracked 
|  92|0x0000000085c00000, 0x0000000085d00000, 0x0000000085d00000|100%| O|  |TAMS 0x0000000085d00000, 0x0000000085d00000| Untracked 
|  93|0x0000000085d00000, 0x0000000085e00000, 0x0000000085e00000|100%| O|  |TAMS 0x0000000085e00000, 0x0000000085e00000| Untracked 
|  94|0x0000000085e00000, 0x0000000085f00000, 0x0000000085f00000|100%| O|  |TAMS 0x0000000085f00000, 0x0000000085f00000| Untracked 
|  95|0x0000000085f00000, 0x0000000086000000, 0x0000000086000000|100%| O|  |TAMS 0x0000000086000000, 0x0000000086000000| Untracked 
|  96|0x0000000086000000, 0x0000000086100000, 0x0000000086100000|100%| O|  |TAMS 0x0000000086100000, 0x0000000086100000| Untracked 
|  97|0x0000000086100000, 0x0000000086200000, 0x0000000086200000|100%| O|  |TAMS 0x0000000086200000, 0x0000000086200000| Untracked 
|  98|0x0000000086200000, 0x0000000086300000, 0x0000000086300000|100%| O|  |TAMS 0x0000000086300000, 0x0000000086300000| Untracked 
|  99|0x0000000086300000, 0x0000000086400000, 0x0000000086400000|100%|HS|  |TAMS 0x0000000086400000, 0x0000000086400000| Complete 
| 100|0x0000000086400000, 0x0000000086500000, 0x0000000086500000|100%| O|  |TAMS 0x0000000086500000, 0x0000000086500000| Untracked 
| 101|0x0000000086500000, 0x0000000086600000, 0x0000000086600000|100%| O|  |TAMS 0x0000000086600000, 0x0000000086600000| Untracked 
| 102|0x0000000086600000, 0x0000000086700000, 0x0000000086700000|100%| O|  |TAMS 0x0000000086700000, 0x0000000086700000| Untracked 
| 103|0x0000000086700000, 0x0000000086800000, 0x0000000086800000|100%| O|  |TAMS 0x0000000086800000, 0x0000000086800000| Untracked 
| 104|0x0000000086800000, 0x0000000086900000, 0x0000000086900000|100%| O|  |TAMS 0x0000000086900000, 0x0000000086900000| Untracked 
| 105|0x0000000086900000, 0x0000000086a00000, 0x0000000086a00000|100%| O|  |TAMS 0x0000000086a00000, 0x0000000086a00000| Untracked 
| 106|0x0000000086a00000, 0x0000000086b00000, 0x0000000086b00000|100%| O|  |TAMS 0x0000000086b00000, 0x0000000086b00000| Untracked 
| 107|0x0000000086b00000, 0x0000000086c00000, 0x0000000086c00000|100%| O|  |TAMS 0x0000000086c00000, 0x0000000086c00000| Untracked 
| 108|0x0000000086c00000, 0x0000000086d00000, 0x0000000086d00000|100%| O|  |TAMS 0x0000000086d00000, 0x0000000086d00000| Untracked 
| 109|0x0000000086d00000, 0x0000000086e00000, 0x0000000086e00000|100%| O|  |TAMS 0x0000000086e00000, 0x0000000086e00000| Untracked 
| 110|0x0000000086e00000, 0x0000000086f00000, 0x0000000086f00000|100%| O|  |TAMS 0x0000000086f00000, 0x0000000086f00000| Untracked 
| 111|0x0000000086f00000, 0x0000000087000000, 0x0000000087000000|100%| O|  |TAMS 0x0000000087000000, 0x0000000087000000| Untracked 
| 112|0x0000000087000000, 0x0000000087100000, 0x0000000087100000|100%| O|  |TAMS 0x0000000087100000, 0x0000000087100000| Untracked 
| 113|0x0000000087100000, 0x0000000087200000, 0x0000000087200000|100%| O|  |TAMS 0x0000000087200000, 0x0000000087200000| Untracked 
| 114|0x0000000087200000, 0x0000000087300000, 0x0000000087300000|100%| O|  |TAMS 0x0000000087300000, 0x0000000087300000| Untracked 
| 115|0x0000000087300000, 0x0000000087400000, 0x0000000087400000|100%| O|  |TAMS 0x0000000087400000, 0x0000000087400000| Untracked 
| 116|0x0000000087400000, 0x0000000087500000, 0x0000000087500000|100%| O|  |TAMS 0x0000000087500000, 0x0000000087500000| Untracked 
| 117|0x0000000087500000, 0x0000000087600000, 0x0000000087600000|100%| O|  |TAMS 0x0000000087600000, 0x0000000087600000| Untracked 
| 118|0x0000000087600000, 0x0000000087700000, 0x0000000087700000|100%| O|  |TAMS 0x0000000087700000, 0x0000000087700000| Untracked 
| 119|0x0000000087700000, 0x0000000087800000, 0x0000000087800000|100%| O|  |TAMS 0x0000000087800000, 0x0000000087800000| Untracked 
| 120|0x0000000087800000, 0x0000000087900000, 0x0000000087900000|100%| O|  |TAMS 0x0000000087900000, 0x0000000087900000| Untracked 
| 121|0x0000000087900000, 0x0000000087a00000, 0x0000000087a00000|100%| O|  |TAMS 0x0000000087a00000, 0x0000000087a00000| Untracked 
| 122|0x0000000087a00000, 0x0000000087b00000, 0x0000000087b00000|100%| O|  |TAMS 0x0000000087b00000, 0x0000000087b00000| Untracked 
| 123|0x0000000087b00000, 0x0000000087c00000, 0x0000000087c00000|100%| O|  |TAMS 0x0000000087c00000, 0x0000000087c00000| Untracked 
| 124|0x0000000087c00000, 0x0000000087d00000, 0x0000000087d00000|100%| O|  |TAMS 0x0000000087d00000, 0x0000000087d00000| Untracked 
| 125|0x0000000087d00000, 0x0000000087e00000, 0x0000000087e00000|100%| O|  |TAMS 0x0000000087d00000, 0x0000000087e00000| Untracked 
| 126|0x0000000087e00000, 0x0000000087f00000, 0x0000000087f00000|100%| O|  |TAMS 0x0000000087e00000, 0x0000000087f00000| Untracked 
| 127|0x0000000087f00000, 0x0000000088000000, 0x0000000088000000|100%| O|  |TAMS 0x0000000087f00000, 0x0000000088000000| Untracked 
| 128|0x0000000088000000, 0x0000000088100000, 0x0000000088100000|100%| O|  |TAMS 0x0000000088000000, 0x0000000088100000| Untracked 
| 129|0x0000000088100000, 0x0000000088200000, 0x0000000088200000|100%| O|  |TAMS 0x0000000088100000, 0x0000000088200000| Untracked 
| 130|0x0000000088200000, 0x0000000088300000, 0x0000000088300000|100%| O|  |TAMS 0x0000000088200000, 0x0000000088300000| Untracked 
| 131|0x0000000088300000, 0x0000000088400000, 0x0000000088400000|100%| O|  |TAMS 0x0000000088300000, 0x0000000088400000| Untracked 
| 132|0x0000000088400000, 0x0000000088500000, 0x0000000088500000|100%| O|  |TAMS 0x0000000088400000, 0x0000000088500000| Untracked 
| 133|0x0000000088500000, 0x0000000088600000, 0x0000000088600000|100%| O|  |TAMS 0x0000000088500000, 0x0000000088600000| Untracked 
| 134|0x0000000088600000, 0x0000000088700000, 0x0000000088700000|100%| O|  |TAMS 0x0000000088600000, 0x0000000088700000| Untracked 
| 135|0x0000000088700000, 0x0000000088800000, 0x0000000088800000|100%| O|  |TAMS 0x0000000088700000, 0x0000000088800000| Untracked 
| 136|0x0000000088800000, 0x0000000088900000, 0x0000000088900000|100%| O|  |TAMS 0x0000000088800000, 0x0000000088900000| Untracked 
| 137|0x0000000088900000, 0x0000000088900000, 0x0000000088a00000|  0%| F|  |TAMS 0x0000000088900000, 0x0000000088900000| Untracked 
| 138|0x0000000088a00000, 0x0000000088a00000, 0x0000000088b00000|  0%| F|  |TAMS 0x0000000088a00000, 0x0000000088a00000| Untracked 
| 139|0x0000000088b00000, 0x0000000088b00000, 0x0000000088c00000|  0%| F|  |TAMS 0x0000000088b00000, 0x0000000088b00000| Untracked 
| 140|0x0000000088c00000, 0x0000000088c00000, 0x0000000088d00000|  0%| F|  |TAMS 0x0000000088c00000, 0x0000000088c00000| Untracked 
| 141|0x0000000088d00000, 0x0000000088d00000, 0x0000000088e00000|  0%| F|  |TAMS 0x0000000088d00000, 0x0000000088d00000| Untracked 
| 142|0x0000000088e00000, 0x0000000088e00000, 0x0000000088f00000|  0%| F|  |TAMS 0x0000000088e00000, 0x0000000088e00000| Untracked 
| 143|0x0000000088f00000, 0x0000000088f00000, 0x0000000089000000|  0%| F|  |TAMS 0x0000000088f00000, 0x0000000088f00000| Untracked 
| 144|0x0000000089000000, 0x0000000089000000, 0x0000000089100000|  0%| F|  |TAMS 0x0000000089000000, 0x0000000089000000| Untracked 
| 145|0x0000000089100000, 0x0000000089100000, 0x0000000089200000|  0%| F|  |TAMS 0x0000000089100000, 0x0000000089100000| Untracked 
| 146|0x0000000089200000, 0x0000000089200000, 0x0000000089300000|  0%| F|  |TAMS 0x0000000089200000, 0x0000000089200000| Untracked 
| 147|0x0000000089300000, 0x0000000089300000, 0x0000000089400000|  0%| F|  |TAMS 0x0000000089300000, 0x0000000089300000| Untracked 
| 148|0x0000000089400000, 0x0000000089400000, 0x0000000089500000|  0%| F|  |TAMS 0x0000000089400000, 0x0000000089400000| Untracked 
| 149|0x0000000089500000, 0x0000000089500000, 0x0000000089600000|  0%| F|  |TAMS 0x0000000089500000, 0x0000000089500000| Untracked 
| 150|0x0000000089600000, 0x0000000089600000, 0x0000000089700000|  0%| F|  |TAMS 0x0000000089600000, 0x0000000089600000| Untracked 
| 151|0x0000000089700000, 0x0000000089700000, 0x0000000089800000|  0%| F|  |TAMS 0x0000000089700000, 0x0000000089700000| Untracked 
| 152|0x0000000089800000, 0x0000000089800000, 0x0000000089900000|  0%| F|  |TAMS 0x0000000089800000, 0x0000000089800000| Untracked 
| 153|0x0000000089900000, 0x0000000089900000, 0x0000000089a00000|  0%| F|  |TAMS 0x0000000089900000, 0x0000000089900000| Untracked 
| 154|0x0000000089a00000, 0x0000000089a00000, 0x0000000089b00000|  0%| F|  |TAMS 0x0000000089a00000, 0x0000000089a00000| Untracked 
| 155|0x0000000089b00000, 0x0000000089b00000, 0x0000000089c00000|  0%| F|  |TAMS 0x0000000089b00000, 0x0000000089b00000| Untracked 
| 156|0x0000000089c00000, 0x0000000089c00000, 0x0000000089d00000|  0%| F|  |TAMS 0x0000000089c00000, 0x0000000089c00000| Untracked 
| 157|0x0000000089d00000, 0x0000000089d00000, 0x0000000089e00000|  0%| F|  |TAMS 0x0000000089d00000, 0x0000000089d00000| Untracked 
| 158|0x0000000089e00000, 0x0000000089e00000, 0x0000000089f00000|  0%| F|  |TAMS 0x0000000089e00000, 0x0000000089e00000| Untracked 
| 159|0x0000000089f00000, 0x0000000089f00000, 0x000000008a000000|  0%| F|  |TAMS 0x0000000089f00000, 0x0000000089f00000| Untracked 
| 160|0x000000008a000000, 0x000000008a000000, 0x000000008a100000|  0%| F|  |TAMS 0x000000008a000000, 0x000000008a000000| Untracked 
| 161|0x000000008a100000, 0x000000008a100000, 0x000000008a200000|  0%| F|  |TAMS 0x000000008a100000, 0x000000008a100000| Untracked 
| 162|0x000000008a200000, 0x000000008a200000, 0x000000008a300000|  0%| F|  |TAMS 0x000000008a200000, 0x000000008a200000| Untracked 
| 163|0x000000008a300000, 0x000000008a300000, 0x000000008a400000|  0%| F|  |TAMS 0x000000008a300000, 0x000000008a300000| Untracked 
| 164|0x000000008a400000, 0x000000008a400000, 0x000000008a500000|  0%| F|  |TAMS 0x000000008a400000, 0x000000008a400000| Untracked 
| 165|0x000000008a500000, 0x000000008a500000, 0x000000008a600000|  0%| F|  |TAMS 0x000000008a500000, 0x000000008a500000| Untracked 
| 166|0x000000008a600000, 0x000000008a600000, 0x000000008a700000|  0%| F|  |TAMS 0x000000008a600000, 0x000000008a600000| Untracked 
| 167|0x000000008a700000, 0x000000008a700000, 0x000000008a800000|  0%| F|  |TAMS 0x000000008a700000, 0x000000008a700000| Untracked 
| 168|0x000000008a800000, 0x000000008a800000, 0x000000008a900000|  0%| F|  |TAMS 0x000000008a800000, 0x000000008a800000| Untracked 
| 169|0x000000008a900000, 0x000000008a900000, 0x000000008aa00000|  0%| F|  |TAMS 0x000000008a900000, 0x000000008a900000| Untracked 
| 170|0x000000008aa00000, 0x000000008aa00000, 0x000000008ab00000|  0%| F|  |TAMS 0x000000008aa00000, 0x000000008aa00000| Untracked 
| 171|0x000000008ab00000, 0x000000008ab00000, 0x000000008ac00000|  0%| F|  |TAMS 0x000000008ab00000, 0x000000008ab00000| Untracked 
| 172|0x000000008ac00000, 0x000000008ac00000, 0x000000008ad00000|  0%| F|  |TAMS 0x000000008ac00000, 0x000000008ac00000| Untracked 
| 173|0x000000008ad00000, 0x000000008ad00000, 0x000000008ae00000|  0%| F|  |TAMS 0x000000008ad00000, 0x000000008ad00000| Untracked 
| 174|0x000000008ae00000, 0x000000008af00000, 0x000000008af00000|100%| S|CS|TAMS 0x000000008ae00000, 0x000000008ae00000| Complete 
| 175|0x000000008af00000, 0x000000008b000000, 0x000000008b000000|100%| S|CS|TAMS 0x000000008af00000, 0x000000008af00000| Complete 
| 176|0x000000008b000000, 0x000000008b000000, 0x000000008b100000|  0%| F|  |TAMS 0x000000008b000000, 0x000000008b000000| Untracked 
| 177|0x000000008b100000, 0x000000008b100000, 0x000000008b200000|  0%| F|  |TAMS 0x000000008b100000, 0x000000008b100000| Untracked 
| 178|0x000000008b200000, 0x000000008b200000, 0x000000008b300000|  0%| F|  |TAMS 0x000000008b200000, 0x000000008b200000| Untracked 
| 179|0x000000008b300000, 0x000000008b300000, 0x000000008b400000|  0%| F|  |TAMS 0x000000008b300000, 0x000000008b300000| Untracked 
| 180|0x000000008b400000, 0x000000008b400000, 0x000000008b500000|  0%| F|  |TAMS 0x000000008b400000, 0x000000008b400000| Untracked 

Card table byte_map: [0x0000015d2d590000,0x0000015d2d990000] _byte_map_base: 0x0000015d2d190000

Marking Bits (Prev, Next): (CMBitMap*) 0x0000015d1ac5b5a8, (CMBitMap*) 0x0000015d1ac5b5e0
 Prev Bits: [0x0000015d2dd90000, 0x0000015d2fd90000)
 Next Bits: [0x0000015d2fd90000, 0x0000015d31d90000)

Polling page: 0x0000015d18a40000

Metaspace:

Usage:
  Non-class:     70.55 MB capacity,    69.37 MB ( 98%) used,  1002.91 KB (  1%) free+waste,   207.19 KB ( <1%) overhead. 
      Class:     11.07 MB capacity,    10.42 MB ( 94%) used,   569.30 KB (  5%) free+waste,    92.56 KB ( <1%) overhead. 
       Both:     81.62 MB capacity,    79.79 MB ( 98%) used,     1.54 MB (  2%) free+waste,   299.75 KB ( <1%) overhead. 

Virtual space:
  Non-class space:       72.00 MB reserved,      70.79 MB ( 98%) committed 
      Class space:        1.00 GB reserved,      11.13 MB (  1%) committed 
             Both:        1.07 GB reserved,      81.91 MB (  7%) committed 

Chunk freelists:
   Non-Class:  52.00 KB
       Class:  26.00 KB
        Both:  78.00 KB

MaxMetaspaceSize: 17179869184.00 GB
CompressedClassSpaceSize: 1.00 GB

CodeHeap 'non-profiled nmethods': size=120064Kb used=5408Kb max_used=5408Kb free=114655Kb
 bounds [0x0000015d26050000, 0x0000015d265a0000, 0x0000015d2d590000]
CodeHeap 'profiled nmethods': size=120000Kb used=20926Kb max_used=20926Kb free=99073Kb
 bounds [0x0000015d1eb20000, 0x0000015d1ffa0000, 0x0000015d26050000]
CodeHeap 'non-nmethods': size=5696Kb used=2246Kb max_used=2293Kb free=3449Kb
 bounds [0x0000015d1e590000, 0x0000015d1e800000, 0x0000015d1eb20000]
 total_blobs=10357 nmethods=9509 adapters=760
 compilation: enabled
              stopped_count=0, restarted_count=0
 full_count=0

Compilation events (20 events):
Event: 85.829 Thread 0x0000015d34b13800 nmethod 9825 0x0000015d26596c10 code [0x0000015d26596dc0, 0x0000015d26597458]
Event: 85.831 Thread 0x0000015d34b13800 9826       4       com.android.tools.r8.graph.l0::c (62 bytes)
Event: 85.852 Thread 0x0000015d34b13800 nmethod 9826 0x0000015d26597810 code [0x0000015d265979e0, 0x0000015d26597f98]
Event: 85.852 Thread 0x0000015d34b13800 9829       4       com.android.tools.r8.code.x1::a (4137 bytes)
Event: 86.011 Thread 0x0000015d34b1a800 9834   !   2       com.android.tools.r8.graph.h0::b (34 bytes)
Event: 86.012 Thread 0x0000015d34b1a800 nmethod 9834 0x0000015d1ff8cf90 code [0x0000015d1ff8d160, 0x0000015d1ff8d508]
Event: 86.071 Thread 0x0000015d34b1a800 9842       2       com.android.tools.r8.code.u2::<init> (7 bytes)
Event: 86.071 Thread 0x0000015d34b1a800 nmethod 9842 0x0000015d1ff8d710 code [0x0000015d1ff8d8e0, 0x0000015d1ff8db18]
Event: 86.129 Thread 0x0000015d34b1a800 9847       2       com.android.tools.r8.graph.v1::a (143 bytes)
Event: 86.131 Thread 0x0000015d34b1a800 nmethod 9847 0x0000015d1ff8dd10 code [0x0000015d1ff8df60, 0x0000015d1ff8e6c8]
Event: 86.134 Thread 0x0000015d34b1a800 9848       2       com.android.tools.r8.w.a.a.a.h.f0::a (27 bytes)
Event: 86.135 Thread 0x0000015d34b1a800 nmethod 9848 0x0000015d1ff8ea90 code [0x0000015d1ff8ec40, 0x0000015d1ff8ee58]
Event: 86.135 Thread 0x0000015d34b1a800 9849       2       com.android.tools.r8.w.a.a.a.h.s::iterator (5 bytes)
Event: 86.135 Thread 0x0000015d34b1a800 nmethod 9849 0x0000015d1ff8ef10 code [0x0000015d1ff8f0c0, 0x0000015d1ff8f2a8]
Event: 86.172 Thread 0x0000015d34b1a800 9850       2       com.android.tools.r8.graph.u1::<init> (5 bytes)
Event: 86.172 Thread 0x0000015d34b1a800 nmethod 9850 0x0000015d1ff8f390 code [0x0000015d1ff8f540, 0x0000015d1ff8f638]
Event: 86.392 Thread 0x0000015d34b1a800 9853 %     3       com.android.tools.r8.dex.n::l @ 15 (52 bytes)
Event: 86.393 Thread 0x0000015d34b1a800 nmethod 9853% 0x0000015d1ff8f710 code [0x0000015d1ff8f960, 0x0000015d1ff903a8]
Event: 86.393 Thread 0x0000015d34b1a800 9854       3       com.android.tools.r8.dex.n::l (52 bytes)
Event: 86.395 Thread 0x0000015d34b1a800 nmethod 9854 0x0000015d1ff90810 code [0x0000015d1ff90a60, 0x0000015d1ff91408]

GC Heap History (20 events):
Event: 76.564 GC heap after
{Heap after GC invocations=43 (full 0):
 garbage-first heap   total 138240K, used 75234K [0x0000000080000000, 0x0000000100000000)
  region size 1024K, 2 young (2048K), 2 survivors (2048K)
 Metaspace       used 77252K, capacity 79057K, committed 79268K, reserved 1118208K
  class space    used 9966K, capacity 10601K, committed 10624K, reserved 1048576K
}
Event: 79.085 GC heap before
{Heap before GC invocations=44 (full 0):
 garbage-first heap   total 138240K, used 91618K [0x0000000080000000, 0x0000000100000000)
  region size 1024K, 19 young (19456K), 2 survivors (2048K)
 Metaspace       used 79366K, capacity 81256K, committed 81444K, reserved 1120256K
  class space    used 10273K, capacity 10951K, committed 11008K, reserved 1048576K
}
Event: 79.104 GC heap after
{Heap after GC invocations=45 (full 0):
 garbage-first heap   total 138240K, used 76001K [0x0000000080000000, 0x0000000100000000)
  region size 1024K, 3 young (3072K), 3 survivors (3072K)
 Metaspace       used 79366K, capacity 81256K, committed 81444K, reserved 1120256K
  class space    used 10273K, capacity 10951K, committed 11008K, reserved 1048576K
}
Event: 79.727 GC heap before
{Heap before GC invocations=46 (full 0):
 garbage-first heap   total 138240K, used 107745K [0x0000000080000000, 0x0000000100000000)
  region size 1024K, 18 young (18432K), 3 survivors (3072K)
 Metaspace       used 79670K, capacity 81551K, committed 81700K, reserved 1120256K
  class space    used 10323K, capacity 10985K, committed 11008K, reserved 1048576K
}
Event: 79.788 GC heap after
{Heap after GC invocations=47 (full 0):
 garbage-first heap   total 138240K, used 91268K [0x0000000080000000, 0x0000000100000000)
  region size 1024K, 4 young (4096K), 4 survivors (4096K)
 Metaspace       used 79670K, capacity 81551K, committed 81700K, reserved 1120256K
  class space    used 10323K, capacity 10985K, committed 11008K, reserved 1048576K
}
Event: 80.529 GC heap before
{Heap before GC invocations=48 (full 0):
 garbage-first heap   total 138240K, used 111748K [0x0000000080000000, 0x0000000100000000)
  region size 1024K, 22 young (22528K), 4 survivors (4096K)
 Metaspace       used 79728K, capacity 81616K, committed 81700K, reserved 1120256K
  class space    used 10323K, capacity 10985K, committed 11008K, reserved 1048576K
}
Event: 80.609 GC heap after
{Heap after GC invocations=49 (full 0):
 garbage-first heap   total 138240K, used 100958K [0x0000000080000000, 0x0000000100000000)
  region size 1024K, 3 young (3072K), 3 survivors (3072K)
 Metaspace       used 79728K, capacity 81616K, committed 81700K, reserved 1120256K
  class space    used 10323K, capacity 10985K, committed 11008K, reserved 1048576K
}
Event: 80.628 GC heap before
{Heap before GC invocations=49 (full 0):
 garbage-first heap   total 138240K, used 101982K [0x0000000080000000, 0x0000000100000000)
  region size 1024K, 5 young (5120K), 3 survivors (3072K)
 Metaspace       used 79728K, capacity 81616K, committed 81700K, reserved 1120256K
  class space    used 10323K, capacity 10985K, committed 11008K, reserved 1048576K
}
Event: 80.672 GC heap after
{Heap after GC invocations=50 (full 0):
 garbage-first heap   total 138240K, used 102214K [0x0000000080000000, 0x0000000100000000)
  region size 1024K, 1 young (1024K), 1 survivors (1024K)
 Metaspace       used 79728K, capacity 81616K, committed 81700K, reserved 1120256K
  class space    used 10323K, capacity 10985K, committed 11008K, reserved 1048576K
}
Event: 81.762 GC heap before
{Heap before GC invocations=51 (full 0):
 garbage-first heap   total 138240K, used 110406K [0x0000000080000000, 0x0000000100000000)
  region size 1024K, 9 young (9216K), 1 survivors (1024K)
 Metaspace       used 80102K, capacity 81944K, committed 82084K, reserved 1120256K
  class space    used 10379K, capacity 11031K, committed 11136K, reserved 1048576K
}
Event: 81.800 GC heap after
{Heap after GC invocations=52 (full 0):
 garbage-first heap   total 138240K, used 106496K [0x0000000080000000, 0x0000000100000000)
  region size 1024K, 2 young (2048K), 2 survivors (2048K)
 Metaspace       used 80102K, capacity 81944K, committed 82084K, reserved 1120256K
  class space    used 10379K, capacity 11031K, committed 11136K, reserved 1048576K
}
Event: 82.463 GC heap before
{Heap before GC invocations=52 (full 0):
 garbage-first heap   total 138240K, used 113664K [0x0000000080000000, 0x0000000100000000)
  region size 1024K, 9 young (9216K), 2 survivors (2048K)
 Metaspace       used 81418K, capacity 83318K, committed 83620K, reserved 1122304K
  class space    used 10654K, capacity 11337K, committed 11392K, reserved 1048576K
}
Event: 82.506 GC heap after
{Heap after GC invocations=53 (full 0):
 garbage-first heap   total 185344K, used 109415K [0x0000000080000000, 0x0000000100000000)
  region size 1024K, 2 young (2048K), 2 survivors (2048K)
 Metaspace       used 81418K, capacity 83318K, committed 83620K, reserved 1122304K
  class space    used 10654K, capacity 11337K, committed 11392K, reserved 1048576K
}
Event: 83.896 GC heap before
{Heap before GC invocations=54 (full 0):
 garbage-first heap   total 185344K, used 128871K [0x0000000080000000, 0x0000000100000000)
  region size 1024K, 22 young (22528K), 2 survivors (2048K)
 Metaspace       used 81635K, capacity 83523K, committed 83620K, reserved 1122304K
  class space    used 10675K, capacity 11340K, committed 11392K, reserved 1048576K
}
Event: 83.993 GC heap after
{Heap after GC invocations=55 (full 0):
 garbage-first heap   total 185344K, used 120896K [0x0000000080000000, 0x0000000100000000)
  region size 1024K, 3 young (3072K), 3 survivors (3072K)
 Metaspace       used 81635K, capacity 83523K, committed 83620K, reserved 1122304K
  class space    used 10675K, capacity 11340K, committed 11392K, reserved 1048576K
}
Event: 84.617 GC heap before
{Heap before GC invocations=55 (full 0):
 garbage-first heap   total 185344K, used 136256K [0x0000000080000000, 0x0000000100000000)
  region size 1024K, 19 young (19456K), 3 survivors (3072K)
 Metaspace       used 81706K, capacity 83589K, committed 83876K, reserved 1122304K
  class space    used 10675K, capacity 11340K, committed 11392K, reserved 1048576K
}
Event: 84.717 GC heap after
{Heap after GC invocations=56 (full 0):
 garbage-first heap   total 185344K, used 131072K [0x0000000080000000, 0x0000000100000000)
  region size 1024K, 3 young (3072K), 3 survivors (3072K)
 Metaspace       used 81706K, capacity 83589K, committed 83876K, reserved 1122304K
  class space    used 10675K, capacity 11340K, committed 11392K, reserved 1048576K
}
Event: 86.260 GC heap before
{Heap before GC invocations=57 (full 0):
 garbage-first heap   total 185344K, used 144384K [0x0000000080000000, 0x0000000100000000)
  region size 1024K, 16 young (16384K), 3 survivors (3072K)
 Metaspace       used 81702K, capacity 83574K, committed 83876K, reserved 1122304K
  class space    used 10672K, capacity 11334K, committed 11392K, reserved 1048576K
}
Event: 86.329 GC heap after
{Heap after GC invocations=58 (full 0):
 garbage-first heap   total 185344K, used 139264K [0x0000000080000000, 0x0000000100000000)
  region size 1024K, 2 young (2048K), 2 survivors (2048K)
 Metaspace       used 81702K, capacity 83574K, committed 83876K, reserved 1122304K
  class space    used 10672K, capacity 11334K, committed 11392K, reserved 1048576K
}
Event: 86.416 GC heap before
{Heap before GC invocations=58 (full 0):
 garbage-first heap   total 185344K, used 143360K [0x0000000080000000, 0x0000000100000000)
  region size 1024K, 7 young (7168K), 2 survivors (2048K)
 Metaspace       used 81702K, capacity 83574K, committed 83876K, reserved 1122304K
  class space    used 10672K, capacity 11334K, committed 11392K, reserved 1048576K
}

Deoptimization events (20 events):
Event: 82.323 Thread 0x0000015d37ae1800 DEOPT PACKING pc=0x0000015d26561f60 sp=0x00000028b55fe860
Event: 82.323 Thread 0x0000015d37ae1800 DEOPT UNPACKING pc=0x0000015d1e5b69aa sp=0x00000028b55fe7e8 mode 2
Event: 82.323 Thread 0x0000015d37ae1800 Uncommon trap: trap_request=0xffffffde fr.pc=0x0000015d26561f60 relative=0x0000000000000200
Event: 82.323 Thread 0x0000015d37ae1800 Uncommon trap: reason=class_check action=maybe_recompile pc=0x0000015d26561f60 method=com.android.tools.r8.dex.n$d.a(Lcom/android/tools/r8/graph/j0;)Lcom/android/tools/r8/graph/g0; @ 23 c2
Event: 82.323 Thread 0x0000015d37ae1800 DEOPT PACKING pc=0x0000015d26561f60 sp=0x00000028b55fe880
Event: 82.323 Thread 0x0000015d37ae1800 DEOPT UNPACKING pc=0x0000015d1e5b69aa sp=0x00000028b55fe808 mode 2
Event: 82.330 Thread 0x0000015d37ae1800 Uncommon trap: trap_request=0xffffffde fr.pc=0x0000015d26561f60 relative=0x0000000000000200
Event: 82.330 Thread 0x0000015d37ae1800 Uncommon trap: reason=class_check action=maybe_recompile pc=0x0000015d26561f60 method=com.android.tools.r8.dex.n$d.a(Lcom/android/tools/r8/graph/j0;)Lcom/android/tools/r8/graph/g0; @ 23 c2
Event: 82.332 Thread 0x0000015d37ae1800 DEOPT PACKING pc=0x0000015d26561f60 sp=0x00000028b55fe880
Event: 82.332 Thread 0x0000015d37ae1800 DEOPT UNPACKING pc=0x0000015d1e5b69aa sp=0x00000028b55fe808 mode 2
Event: 83.248 Thread 0x0000015d37ae1800 Uncommon trap: trap_request=0xffffff4d fr.pc=0x0000015d26564f38 relative=0x0000000000000a98
Event: 83.248 Thread 0x0000015d37ae1800 Uncommon trap: reason=unstable_if action=reinterpret pc=0x0000015d26564f38 method=com.android.tools.r8.dex.n.i()Lcom/android/tools/r8/graph/t0; @ 33 c2
Event: 83.248 Thread 0x0000015d37ae1800 DEOPT PACKING pc=0x0000015d26564f38 sp=0x00000028b55fe710
Event: 83.248 Thread 0x0000015d37ae1800 DEOPT UNPACKING pc=0x0000015d1e5b69aa sp=0x00000028b55fe6e0 mode 2
Event: 84.315 Thread 0x0000015d37ae1800 Uncommon trap: trap_request=0xffffff4d fr.pc=0x0000015d265785e8 relative=0x0000000000000be8
Event: 84.315 Thread 0x0000015d37ae1800 Uncommon trap: reason=unstable_if action=reinterpret pc=0x0000015d265785e8 method=com.android.tools.r8.code.x1.a(Ljava/nio/ShortBuffer;IILcom/android/tools/r8/graph/D1;)[Lcom/android/tools/r8/code/w1; @ 541 c2
Event: 84.315 Thread 0x0000015d37ae1800 DEOPT PACKING pc=0x0000015d265785e8 sp=0x00000028b55fe800
Event: 84.315 Thread 0x0000015d37ae1800 DEOPT UNPACKING pc=0x0000015d1e5b69aa sp=0x00000028b55fe7d8 mode 2
Event: 86.395 Thread 0x0000015d37ae1800 DEOPT PACKING pc=0x0000015d1fe28402 sp=0x00000028b55fe7d0
Event: 86.395 Thread 0x0000015d37ae1800 DEOPT UNPACKING pc=0x0000015d1e5b67c0 sp=0x00000028b55fdca8 mode 0

Classes redefined (0 events):
No events

Internal exceptions (20 events):
Event: 69.087 Thread 0x0000015d3835e800 Exception <a 'java/lang/NoSuchMethodError'{0x000000008692bc88}: 'int java.lang.invoke.DirectMethodHandle$Holder.invokeSpecial(java.lang.Object, java.lang.Object, java.lang.Object, java.lang.Object, java.lang.Object)'> (0x000000008692bc88) thrown at [./src/hotspot/share/interpreter/linkResolver.cpp, line 773]
Event: 69.094 Thread 0x0000015d3835e800 Exception <a 'sun/nio/fs/WindowsException'{0x0000000086966250}> (0x0000000086966250) thrown at [./src/hotspot/share/prims/jni.cpp, line 615]
Event: 69.095 Thread 0x0000015d3835e800 Exception <a 'sun/nio/fs/WindowsException'{0x0000000086967190}> (0x0000000086967190) thrown at [./src/hotspot/share/prims/jni.cpp, line 615]
Event: 69.096 Thread 0x0000015d3835e800 Exception <a 'sun/nio/fs/WindowsException'{0x00000000869696f0}> (0x00000000869696f0) thrown at [./src/hotspot/share/prims/jni.cpp, line 615]
Event: 69.096 Thread 0x0000015d3835e800 Exception <a 'sun/nio/fs/WindowsException'{0x000000008696a640}> (0x000000008696a640) thrown at [./src/hotspot/share/prims/jni.cpp, line 615]
Event: 69.097 Thread 0x0000015d3835e800 Exception <a 'java/lang/NoSuchMethodError'{0x000000008696f748}: 'void java.lang.invoke.DirectMethodHandle$Holder.invokeStatic(java.lang.Object, java.lang.Object, java.lang.Object, java.lang.Object, int, java.lang.Object)'> (0x000000008696f748) thrown at [./src/hotspot/share/interpreter/linkResolver.cpp, line 773]
Event: 70.976 Thread 0x0000015d34dd1000 Exception <a 'sun/nio/fs/WindowsException'{0x0000000087cb3820}> (0x0000000087cb3820) thrown at [./src/hotspot/share/prims/jni.cpp, line 615]
Event: 70.976 Thread 0x0000015d34dd1000 Exception <a 'sun/nio/fs/WindowsException'{0x0000000087cb4c98}> (0x0000000087cb4c98) thrown at [./src/hotspot/share/prims/jni.cpp, line 615]
Event: 73.118 Thread 0x0000015d3835e800 Implicit null exception at 0x0000015d264b3512 to 0x0000015d264b6fde
Event: 73.147 Thread 0x0000015d3835e800 Implicit null exception at 0x0000015d264988a8 to 0x0000015d26498b94
Event: 74.902 Thread 0x0000015d3835e800 Exception <a 'java/lang/NoSuchMethodError'{0x000000008806c5f8}: 'java.lang.Object java.lang.invoke.DirectMethodHandle$Holder.invokeSpecial(java.lang.Object, java.lang.Object, int, java.lang.Object, java.lang.Object)'> (0x000000008806c5f8) thrown at [./src/hotspot/share/interpreter/linkResolver.cpp, line 773]
Event: 74.904 Thread 0x0000015d3835e800 Exception <a 'java/lang/NoSuchMethodError'{0x0000000088074b88}: 'java.lang.Object java.lang.invoke.DirectMethodHandle$Holder.invokeStatic(java.lang.Object, java.lang.Object, int, java.lang.Object)'> (0x0000000088074b88) thrown at [./src/hotspot/share/interpreter/linkResolver.cpp, line 773]
Event: 74.905 Thread 0x0000015d3835e800 Exception <a 'java/lang/NoSuchMethodError'{0x0000000088078880}: 'java.lang.Object java.lang.invoke.Invokers$Holder.linkToTargetMethod(java.lang.Object, int, java.lang.Object, java.lang.Object)'> (0x0000000088078880) thrown at [./src/hotspot/share/interpreter/linkResolver.cpp, line 773]
Event: 74.914 Thread 0x0000015d3835e800 Exception <a 'java/lang/NoSuchMethodError'{0x000000008808dc40}: 'void java.lang.invoke.DirectMethodHandle$Holder.invokeVirtual(java.lang.Object, java.lang.Object)'> (0x000000008808dc40) thrown at [./src/hotspot/share/interpreter/linkResolver.cpp, line 773]
Event: 78.005 Thread 0x0000015d37ae0000 Exception <a 'sun/nio/fs/WindowsException'{0x0000000087976218}> (0x0000000087976218) thrown at [./src/hotspot/share/prims/jni.cpp, line 615]
Event: 78.551 Thread 0x0000015d37ae0000 Exception <a 'java/lang/NoSuchMethodError'{0x00000000876062e8}: 'int java.lang.invoke.DirectMethodHandle$Holder.invokeVirtual(java.lang.Object, java.lang.Object, java.lang.Object)'> (0x00000000876062e8) thrown at [./src/hotspot/share/interpreter/linkResolver.cpp, line 773]
Event: 79.022 Thread 0x0000015d37ae0000 Exception <a 'java/lang/NoSuchMethodError'{0x00000000875ed298}: 'java.lang.Object java.lang.invoke.DirectMethodHandle$Holder.invokeStatic(java.lang.Object, java.lang.Object, java.lang.Object, java.lang.Object, java.lang.Object, java.lang.Object, java.lang.Object, java.lang.Object, java.lang.Object, java.lang.Object, java.lang.Object, java.lang.Object, java.lang.Object, java.lang.Object, java.lang.Object, java.lang.Object, java.lang.Object, int, java.lang.Object)'> (0x00000000875ed298) thrown at [./src/hots
Event: 79.023 Thread 0x0000015d37ae0000 Exception <a 'java/lang/NoSuchMethodError'{0x00000000875f2b68}: 'java.lang.Object java.lang.invoke.DirectMethodHandle$Holder.invokeStaticInit(java.lang.Object, java.lang.Object, java.lang.Object, java.lang.Object, java.lang.Object, java.lang.Object, java.lang.Object, java.lang.Object, java.lang.Object, java.lang.Object, java.lang.Object, java.lang.Object, java.lang.Object, java.lang.Object, java.lang.Object, java.lang.Object, java.lang.Object, int, java.lang.Object)'> (0x00000000875f2b68) thrown at [./src/
Event: 80.749 Thread 0x0000015d37ae0000 Implicit null exception at 0x0000015d2653eb1d to 0x0000015d2653f564
Event: 81.828 Thread 0x0000015d37ae2800 Exception <a 'java/lang/NoSuchMethodError'{0x0000000088626948}: 'java.lang.Object java.lang.invoke.DirectMethodHandle$Holder.newInvokeSpecial(java.lang.Object, int)'> (0x0000000088626948) thrown at [./src/hotspot/share/interpreter/linkResolver.cpp, line 773]

Events (20 events):
Event: 83.204 loading class com/android/tools/r8/w/a/a/a/h/h0 done
Event: 83.204 loading class com/android/tools/r8/graph/v1
Event: 83.204 loading class com/android/tools/r8/graph/v1 done
Event: 83.205 loading class com/android/tools/r8/w/a/a/a/h/f0$d
Event: 83.205 loading class com/android/tools/r8/w/a/a/a/h/f0$d done
Event: 83.205 loading class com/android/tools/r8/w/a/a/a/h/g0
Event: 83.205 loading class com/android/tools/r8/w/a/a/a/h/g0 done
Event: 83.294 loading class com/android/tools/r8/v/a/t/h
Event: 83.294 loading class com/android/tools/r8/v/a/t/h done
Event: 83.895 Executing VM operation: G1CollectForAllocation
Event: 83.993 Executing VM operation: G1CollectForAllocation done
Event: 84.617 Executing VM operation: G1CollectForAllocation
Event: 84.717 Executing VM operation: G1CollectForAllocation done
Event: 85.641 Executing VM operation: CGC_Operation
Event: 85.694 Executing VM operation: CGC_Operation done
Event: 85.997 Executing VM operation: CGC_Operation
Event: 86.003 Executing VM operation: CGC_Operation done
Event: 86.260 Executing VM operation: G1CollectForAllocation
Event: 86.329 Executing VM operation: G1CollectForAllocation done
Event: 86.415 Executing VM operation: G1CollectForAllocation


Dynamic libraries:
0x00007ff68c4e0000 - 0x00007ff68c4ea000 	C:\Program Files\Android\Android Studio\jre\bin\java.exe
0x00007ffa775b0000 - 0x00007ffa77791000 	C:\Windows\SYSTEM32\ntdll.dll
0x00007ffa774c0000 - 0x00007ffa77572000 	C:\Windows\System32\KERNEL32.DLL
0x00007ffa74520000 - 0x00007ffa74793000 	C:\Windows\System32\KERNELBASE.dll
0x00007ffa73a00000 - 0x00007ffa73afa000 	C:\Windows\System32\ucrtbase.dll
0x00007ffa6a6b0000 - 0x00007ffa6a6c9000 	C:\Program Files\Android\Android Studio\jre\bin\jli.dll
0x00007ffa65090000 - 0x00007ffa650a7000 	C:\Program Files\Android\Android Studio\jre\bin\VCRUNTIME140.dll
0x00007ffa751e0000 - 0x00007ffa75370000 	C:\Windows\System32\USER32.dll
0x00007ffa73980000 - 0x00007ffa739a0000 	C:\Windows\System32\win32u.dll
0x00007ffa66810000 - 0x00007ffa66a79000 	C:\Windows\WinSxS\amd64_microsoft.windows.common-controls_6595b64144ccf1df_6.0.17133.73_none_b4b127863cb5b9c7\COMCTL32.dll
0x00007ffa759d0000 - 0x00007ffa759f8000 	C:\Windows\System32\GDI32.dll
0x00007ffa74d60000 - 0x00007ffa74dfe000 	C:\Windows\System32\msvcrt.dll
0x00007ffa747a0000 - 0x00007ffa74932000 	C:\Windows\System32\gdi32full.dll
0x00007ffa73d70000 - 0x00007ffa73e0f000 	C:\Windows\System32\msvcp_win.dll
0x00007ffa770a0000 - 0x00007ffa773c3000 	C:\Windows\System32\combase.dll
0x00007ffa75420000 - 0x00007ffa75544000 	C:\Windows\System32\RPCRT4.dll
0x00007ffa73cf0000 - 0x00007ffa73d6a000 	C:\Windows\System32\bcryptPrimitives.dll
0x00007ffa759a0000 - 0x00007ffa759cd000 	C:\Windows\System32\IMM32.DLL
0x00007ffa51850000 - 0x00007ffa518ed000 	C:\Program Files\Android\Android Studio\jre\bin\msvcp140.dll
0x00007ffa213c0000 - 0x00007ffa21e7c000 	C:\Program Files\Android\Android Studio\jre\bin\server\jvm.dll
0x00007ffa74aa0000 - 0x00007ffa74b41000 	C:\Windows\System32\ADVAPI32.dll
0x00007ffa75180000 - 0x00007ffa751db000 	C:\Windows\System32\sechost.dll
0x00007ffa75a00000 - 0x00007ffa75a08000 	C:\Windows\System32\PSAPI.DLL
0x00007ffa63310000 - 0x00007ffa63319000 	C:\Windows\SYSTEM32\WSOCK32.dll
0x00007ffa724f0000 - 0x00007ffa724fa000 	C:\Windows\SYSTEM32\VERSION.dll
0x00007ffa76e50000 - 0x00007ffa76ebc000 	C:\Windows\System32\WS2_32.dll
0x00007ffa71520000 - 0x00007ffa71543000 	C:\Windows\SYSTEM32\WINMM.dll
0x00007ffa714f0000 - 0x00007ffa7151a000 	C:\Windows\SYSTEM32\winmmbase.dll
0x00007ffa749f0000 - 0x00007ffa74a39000 	C:\Windows\System32\cfgmgr32.dll
0x00007ffa73960000 - 0x00007ffa73971000 	C:\Windows\System32\kernel.appcore.dll
0x00007ffa545f0000 - 0x00007ffa54601000 	C:\Program Files\Android\Android Studio\jre\bin\verify.dll
0x00007ffa61410000 - 0x00007ffa615d9000 	C:\Windows\SYSTEM32\DBGHELP.DLL
0x00007ffa613e0000 - 0x00007ffa61409000 	C:\Windows\SYSTEM32\dbgcore.DLL
0x00007ffa48670000 - 0x00007ffa48699000 	C:\Program Files\Android\Android Studio\jre\bin\java.dll
0x00007ffa61700000 - 0x00007ffa6170b000 	C:\Program Files\Android\Android Studio\jre\bin\jimage.dll
0x00007ffa51760000 - 0x00007ffa51778000 	C:\Program Files\Android\Android Studio\jre\bin\zip.dll
0x00007ffa75a10000 - 0x00007ffa76e50000 	C:\Windows\System32\SHELL32.dll
0x00007ffa75370000 - 0x00007ffa75419000 	C:\Windows\System32\shcore.dll
0x00007ffa73e10000 - 0x00007ffa7451d000 	C:\Windows\System32\windows.storage.dll
0x00007ffa74d00000 - 0x00007ffa74d51000 	C:\Windows\System32\shlwapi.dll
0x00007ffa73940000 - 0x00007ffa7395f000 	C:\Windows\System32\profapi.dll
0x00007ffa738f0000 - 0x00007ffa7393c000 	C:\Windows\System32\powrprof.dll
0x00007ffa738c0000 - 0x00007ffa738ca000 	C:\Windows\System32\FLTLIB.DLL
0x00007ffa48650000 - 0x00007ffa4866a000 	C:\Program Files\Android\Android Studio\jre\bin\net.dll
0x00007ffa6a9c0000 - 0x00007ffa6aa9d000 	C:\Windows\SYSTEM32\WINHTTP.dll
0x00007ffa730e0000 - 0x00007ffa73146000 	C:\Windows\system32\mswsock.dll
0x00007ffa48630000 - 0x00007ffa48644000 	C:\Program Files\Android\Android Studio\jre\bin\nio.dll
0x00007ffa60800000 - 0x00007ffa60827000 	C:\Users\MISHECK\.gradle\native\fdc75f09e3144964f2cf3f50f0aa648679c211496f362492102eb8c894070792\windows-amd64\native-platform.dll
0x00007ffa39850000 - 0x00007ffa399e6000 	C:\Users\MISHECK\.gradle\native\12488b8bf47d2d4c9fbf2f6322a914ad602e24e48041cd04a747c6da556b65c4\windows-amd64\native-platform-file-events.dll
0x00007ffa48620000 - 0x00007ffa4862a000 	C:\Program Files\Android\Android Studio\jre\bin\management.dll
0x00007ffa48610000 - 0x00007ffa4861c000 	C:\Program Files\Android\Android Studio\jre\bin\management_ext.dll
0x00007ffa73290000 - 0x00007ffa732a7000 	C:\Windows\SYSTEM32\CRYPTSP.dll
0x00007ffa72cc0000 - 0x00007ffa72cf3000 	C:\Windows\system32\rsaenh.dll
0x00007ffa733c0000 - 0x00007ffa733e5000 	C:\Windows\SYSTEM32\bcrypt.dll
0x00007ffa737f0000 - 0x00007ffa73818000 	C:\Windows\SYSTEM32\USERENV.dll
0x00007ffa732b0000 - 0x00007ffa732bb000 	C:\Windows\SYSTEM32\CRYPTBASE.dll
0x00007ffa72e60000 - 0x00007ffa72e98000 	C:\Windows\SYSTEM32\IPHLPAPI.DLL
0x00007ffa74cf0000 - 0x00007ffa74cf8000 	C:\Windows\System32\NSI.dll
0x00007ffa6b060000 - 0x00007ffa6b076000 	C:\Windows\SYSTEM32\dhcpcsvc6.DLL
0x00007ffa6b040000 - 0x00007ffa6b05a000 	C:\Windows\SYSTEM32\dhcpcsvc.DLL
0x00007ffa6bfe0000 - 0x00007ffa6bfeb000 	C:\Windows\SYSTEM32\WINNSI.DLL

dbghelp: loaded successfully - version: 4.0.5 - missing functions: none
symbol engine: initialized successfully - sym options: 0x614 - pdb path: .;C:\Program Files\Android\Android Studio\jre\bin;C:\Windows\SYSTEM32;C:\Windows\WinSxS\amd64_microsoft.windows.common-controls_6595b64144ccf1df_6.0.17133.73_none_b4b127863cb5b9c7;C:\Program Files\Android\Android Studio\jre\bin\server;C:\Users\MISHECK\.gradle\native\fdc75f09e3144964f2cf3f50f0aa648679c211496f362492102eb8c894070792\windows-amd64;C:\Users\MISHECK\.gradle\native\12488b8bf47d2d4c9fbf2f6322a914ad602e24e48041cd04a747c6da556b65c4\windows-amd64

VM Arguments:
jvm_args: --add-opens=java.base/java.util=ALL-UNNAMED --add-opens=java.base/java.lang=ALL-UNNAMED --add-opens=java.base/java.lang.invoke=ALL-UNNAMED --add-opens=java.prefs/java.util.prefs=ALL-UNNAMED -Xmx2048m -Dfile.encoding=UTF-8 -Duser.country=US -Duser.language=en -Duser.variant 
java_command: org.gradle.launcher.daemon.bootstrap.GradleDaemon 6.7.1
java_class_path (initial): C:\Users\MISHECK\.gradle\wrapper\dists\gradle-6.7.1-bin\bwlcbys1h7rz3272sye1xwiv6\gradle-6.7.1\lib\gradle-launcher-6.7.1.jar
Launcher Type: SUN_STANDARD

[Global flags]
     intx CICompilerCount                          = 2                                         {product} {ergonomic}
     uint ConcGCThreads                            = 1                                         {product} {ergonomic}
     uint G1ConcRefinementThreads                  = 2                                         {product} {ergonomic}
   size_t G1HeapRegionSize                         = 1048576                                   {product} {ergonomic}
    uintx GCDrainStackTargetSize                   = 64                                        {product} {ergonomic}
   size_t InitialHeapSize                          = 67108864                                  {product} {ergonomic}
   size_t MarkStackSize                            = 4194304                                   {product} {ergonomic}
   size_t MaxHeapSize                              = 2147483648                                {product} {command line}
   size_t MaxNewSize                               = 1287651328                                {product} {ergonomic}
   size_t MinHeapDeltaBytes                        = 1048576                                   {product} {ergonomic}
    uintx NonNMethodCodeHeapSize                   = 5825164                                {pd product} {ergonomic}
    uintx NonProfiledCodeHeapSize                  = 122916538                              {pd product} {ergonomic}
    uintx ProfiledCodeHeapSize                     = 122916538                              {pd product} {ergonomic}
    uintx ReservedCodeCacheSize                    = 251658240                              {pd product} {ergonomic}
     bool SegmentedCodeCache                       = true                                      {product} {ergonomic}
     bool UseCompressedClassPointers               = true                                 {lp64_product} {ergonomic}
     bool UseCompressedOops                        = true                                 {lp64_product} {ergonomic}
     bool UseG1GC                                  = true                                      {product} {ergonomic}
     bool UseLargePagesIndividualAllocation        = false                                  {pd product} {ergonomic}

Logging:
Log output configuration:
 #0: stdout all=warning uptime,level,tags
 #1: stderr all=off uptime,level,tags

Environment Variables:
JAVA_HOME=C:\Program Files\Java\jdk1.8.0_191
PATH=C:\Program Files (x86)\Common Files\Oracle\Java\javapath;C:\Windows\system32;C:\Windows;C:\Windows\System32\Wbem;C:\Windows\System32\WindowsPowerShell\v1.0\;C:\Windows\System32\OpenSSH\;C:\Program Files (x86)\Git\cmd;C:\Program Files\nodejs\;C:\Program Files\Java\jdk1.8.0_191\bin;C:\Users\MISHECK\AppData\Roaming\npm;C:\Exercism;C:\Users\MISHECK\AppData\Local\Programs\Python\Python39;C:\Users\MISHECK\AppData\Local\Programs\Microsoft VS Code\bin;C:\Program Files\CodeBlocks\MinGW\bin;
USERNAME=MISHECK
OS=Windows_NT
PROCESSOR_IDENTIFIER=Intel64 Family 6 Model 55 Stepping 8, GenuineIntel



---------------  S Y S T E M  ---------------

OS: Windows 10 , 64 bit Build 17133 (10.0.17133.73)
OS uptime: 1 days 0:39 hours

CPU:total 2 (initial active 2) (2 cores per cpu, 1 threads per core) family 6 model 55 stepping 8, cmov, cx8, fxsr, mmx, sse, sse2, sse3, ssse3, sse4.1, sse4.2, popcnt, clmul, erms, 3dnowpref, tsc, tscinvbit

Memory: 4k page, system-wide physical 3987M (311M free)
TotalPageFile size 5381M (AvailPageFile size 95M)
current process WorkingSet (physical memory assigned to process): 404M, peak: 407M
current process commit charge ("private bytes"): 453M, peak: 599M

vm_info: OpenJDK 64-Bit Server VM (11.0.8+10-b944.6842174) for windows-amd64 JRE (11.0.8+10-b944.6842174), built on Sep 19 2020 01:11:42 by "builder" with MS VC++ 14.0 (VS2015)

END.
