#
# There is insufficient memory for the Java Runtime Environment to continue.
# Native memory allocation (malloc) failed to allocate 1520976 bytes for Chunk::new
# Possible reasons:
#   The system is out of physical RAM or swap space
#   The process is running with CompressedOops enabled, and the Java Heap may be blocking the growth of the native heap
# Possible solutions:
#   Reduce memory load on the system
#   Increase physical memory or swap space
#   Check if swap backing store is full
#   Decrease Java heap size (-Xmx/-Xms)
#   Decrease number of Java threads
#   Decrease Java thread stack sizes (-Xss)
#   Set larger code cache with -XX:ReservedCodeCacheSize=
#   JVM is running with Unscaled Compressed Oops mode in which the Java heap is
#     placed in the first 4GB address space. The Java Heap base address is the
#     maximum limit for the native heap growth. Please use -XX:HeapBaseMinAddress
#     to set the Java Heap base and to place the Java Heap above 4GB virtual address.
# This output file may be truncated or incomplete.
#
#  Out of Memory Error (./src/hotspot/share/memory/arena.cpp:197), pid=13360, tid=6436
#
# JRE version: OpenJDK Runtime Environment (11.0.8+10) (build 11.0.8+10-b944.6842174)
# Java VM: OpenJDK 64-Bit Server VM (11.0.8+10-b944.6842174, mixed mode, tiered, compressed oops, g1 gc, windows-amd64)
# No core dump will be written. Minidumps are not enabled by default on client versions of Windows
#

---------------  S U M M A R Y ------------

Command Line: --add-opens=java.base/java.util=ALL-UNNAMED --add-opens=java.base/java.lang=ALL-UNNAMED --add-opens=java.base/java.lang.invoke=ALL-UNNAMED --add-opens=java.prefs/java.util.prefs=ALL-UNNAMED -Xmx2048m -Dfile.encoding=UTF-8 -Duser.country=US -Duser.language=en -Duser.variant org.gradle.launcher.daemon.bootstrap.GradleDaemon 6.7.1

Host: Intel(R) Celeron(R) CPU  N2840  @ 2.16GHz, 2 cores, 3G,  Windows 10 , 64 bit Build 17133 (10.0.17133.73)
Time: Wed Aug  4 14:05:22 2021 Pacific Daylight Time elapsed time: 144 seconds (0d 0h 2m 24s)

---------------  T H R E A D  ---------------

Current thread (0x000002057ac30800):  JavaThread "C2 CompilerThread0" daemon [_thread_in_native, id=6436, stack(0x0000005b6d300000,0x0000005b6d400000)]


Current CompileTask:
C2: 144440 12223       4       com.android.tools.r8.ir.conversion.o::a (1157 bytes)

Stack: [0x0000005b6d300000,0x0000005b6d400000]
Native frames: (J=compiled Java code, j=interpreted, Vv=VM code, C=native code)
V  [jvm.dll+0x5de50a]
V  [jvm.dll+0x7122f5]
V  [jvm.dll+0x71384d]
V  [jvm.dll+0x713f03]
V  [jvm.dll+0x23e728]
V  [jvm.dll+0xb899c]
V  [jvm.dll+0xb8e9c]
V  [jvm.dll+0x2b20e4]
V  [jvm.dll+0x502098]
V  [jvm.dll+0x1ff393]
V  [jvm.dll+0x1f917c]
V  [jvm.dll+0x1f685f]
V  [jvm.dll+0x17f32c]
V  [jvm.dll+0x205047]
V  [jvm.dll+0x203891]
V  [jvm.dll+0x6dad3f]
V  [jvm.dll+0x6d3895]
V  [jvm.dll+0x5dd4a6]
C  [ucrtbase.dll+0x1c1ae]
C  [KERNEL32.DLL+0x13034]
C  [ntdll.dll+0x71551]


---------------  P R O C E S S  ---------------

Threads class SMR info:
_java_thread_list=0x000002051091f5c0, length=37, elements={
0x000002057066b800, 0x000002057abd0000, 0x000002057abdc000, 0x000002057ac2d800,
0x000002057ac2e800, 0x000002057ac30800, 0x000002057ac36000, 0x000002057ac3d800,
0x000002057b67f800, 0x000002057b6be800, 0x000002057c7c9800, 0x000002057d185800,
0x000002057ba7f000, 0x000002057ce4e000, 0x000002057c407000, 0x000002057cf56000,
0x000002057cf57000, 0x000002057be27000, 0x000002057be1d800, 0x000002057beb0000,
0x000002057bead800, 0x000002057beaf000, 0x000002057beb0800, 0x000002057beab000,
0x000002057beac800, 0x000002057beb1800, 0x000002057beae000, 0x000002057e79e000,
0x000002057e79f800, 0x000002057e7a0800, 0x000002057e7a1000, 0x000002050f647000,
0x000002050f647800, 0x000002050f648800, 0x000002050f64a000, 0x000002050f64b000,
0x000002050f64c000
}

Java Threads: ( => current thread )
  0x000002057066b800 JavaThread "main" [_thread_blocked, id=12592, stack(0x0000005b6c800000,0x0000005b6c900000)]
  0x000002057abd0000 JavaThread "Reference Handler" daemon [_thread_blocked, id=3292, stack(0x0000005b6cf00000,0x0000005b6d000000)]
  0x000002057abdc000 JavaThread "Finalizer" daemon [_thread_blocked, id=7404, stack(0x0000005b6d000000,0x0000005b6d100000)]
  0x000002057ac2d800 JavaThread "Signal Dispatcher" daemon [_thread_blocked, id=9464, stack(0x0000005b6d100000,0x0000005b6d200000)]
  0x000002057ac2e800 JavaThread "Attach Listener" daemon [_thread_blocked, id=7696, stack(0x0000005b6d200000,0x0000005b6d300000)]
=>0x000002057ac30800 JavaThread "C2 CompilerThread0" daemon [_thread_in_native, id=6436, stack(0x0000005b6d300000,0x0000005b6d400000)]
  0x000002057ac36000 JavaThread "C1 CompilerThread0" daemon [_thread_blocked, id=10988, stack(0x0000005b6d400000,0x0000005b6d500000)]
  0x000002057ac3d800 JavaThread "Sweeper thread" daemon [_thread_blocked, id=10680, stack(0x0000005b6d500000,0x0000005b6d600000)]
  0x000002057b67f800 JavaThread "Common-Cleaner" daemon [_thread_blocked, id=5216, stack(0x0000005b6d600000,0x0000005b6d700000)]
  0x000002057b6be800 JavaThread "Service Thread" daemon [_thread_blocked, id=7420, stack(0x0000005b6d700000,0x0000005b6d800000)]
  0x000002057c7c9800 JavaThread "Daemon health stats" [_thread_blocked, id=9936, stack(0x0000005b6da00000,0x0000005b6db00000)]
  0x000002057d185800 JavaThread "Incoming local TCP Connector on port 53577" [_thread_in_native, id=13692, stack(0x0000005b6dc00000,0x0000005b6dd00000)]
  0x000002057ba7f000 JavaThread "Daemon periodic checks" [_thread_blocked, id=12240, stack(0x0000005b6dd00000,0x0000005b6de00000)]
  0x000002057ce4e000 JavaThread "Daemon" [_thread_blocked, id=14192, stack(0x0000005b6de00000,0x0000005b6df00000)]
  0x000002057c407000 JavaThread "Handler for socket connection from /127.0.0.1:53577 to /127.0.0.1:53578" [_thread_in_native, id=9088, stack(0x0000005b6df00000,0x0000005b6e000000)]
  0x000002057cf56000 JavaThread "Cancel handler" [_thread_blocked, id=7032, stack(0x0000005b6e000000,0x0000005b6e100000)]
  0x000002057cf57000 JavaThread "Daemon worker" [_thread_blocked, id=8016, stack(0x0000005b6e100000,0x0000005b6e200000)]
  0x000002057be27000 JavaThread "Asynchronous log dispatcher for DefaultDaemonConnection: socket connection from /127.0.0.1:53577 to /127.0.0.1:53578" [_thread_blocked, id=11244, stack(0x0000005b6e200000,0x0000005b6e300000)]
  0x000002057be1d800 JavaThread "Thread-8" [_thread_blocked, id=5544, stack(0x0000005b6e400000,0x0000005b6e500000)]
  0x000002057beb0000 JavaThread "Cache worker for file hash cache (C:\Users\MISHECK\.gradle\caches\6.7.1\fileHashes)" [_thread_blocked, id=7612, stack(0x0000005b6e500000,0x0000005b6e600000)]
  0x000002057bead800 JavaThread "File lock request listener" [_thread_in_native, id=14148, stack(0x0000005b6e600000,0x0000005b6e700000)]
  0x000002057beaf000 JavaThread "Cache worker for journal cache (C:\Users\MISHECK\.gradle\caches\journal-1)" [_thread_blocked, id=5384, stack(0x0000005b6e700000,0x0000005b6e800000)]
  0x000002057beb0800 JavaThread "Cache worker for file hash cache (C:\Users\MISHECK\AndroidStudioProjects\ChildSafetyApp\.gradle\6.7.1\fileHashes)" [_thread_blocked, id=8820, stack(0x0000005b6e800000,0x0000005b6e900000)]
  0x000002057beab000 JavaThread "Cache worker for checksums cache (C:\Users\MISHECK\AndroidStudioProjects\ChildSafetyApp\.gradle\checksums)" [_thread_blocked, id=10768, stack(0x0000005b6e900000,0x0000005b6ea00000)]
  0x000002057beac800 JavaThread "Cache worker for cache directory md-supplier (C:\Users\MISHECK\.gradle\caches\6.7.1\md-supplier)" [_thread_blocked, id=2212, stack(0x0000005b6ea00000,0x0000005b6eb00000)]
  0x000002057beb1800 JavaThread "Cache worker for cache directory md-rule (C:\Users\MISHECK\.gradle\caches\6.7.1\md-rule)" [_thread_blocked, id=8136, stack(0x0000005b6eb00000,0x0000005b6ec00000)]
  0x000002057beae000 JavaThread "Cache worker for execution history cache (C:\Users\MISHECK\.gradle\caches\6.7.1\executionHistory)" [_thread_blocked, id=5508, stack(0x0000005b6ec00000,0x0000005b6ed00000)]
  0x000002057e79e000 JavaThread "Cache worker for file content cache (C:\Users\MISHECK\.gradle\caches\6.7.1\fileContent)" [_thread_blocked, id=11784, stack(0x0000005b6ee00000,0x0000005b6ef00000)]
  0x000002057e79f800 JavaThread "Cache worker for Build Output Cleanup Cache (C:\Users\MISHECK\AndroidStudioProjects\ChildSafetyApp\.gradle\buildOutputCleanup)" [_thread_blocked, id=7984, stack(0x0000005b6ef00000,0x0000005b6f000000)]
  0x000002057e7a0800 JavaThread "Build operations" [_thread_in_Java, id=8216, stack(0x0000005b6f000000,0x0000005b6f100000)]
  0x000002057e7a1000 JavaThread "Build operations Thread 2" [_thread_in_Java, id=5308, stack(0x0000005b6f100000,0x0000005b6f200000)]
  0x000002050f647000 JavaThread "Memory manager" [_thread_blocked, id=12176, stack(0x0000005b75200000,0x0000005b75300000)]
  0x000002050f647800 JavaThread "build event listener" [_thread_blocked, id=3536, stack(0x0000005b6c500000,0x0000005b6c600000)]
  0x000002050f648800 JavaThread "build event listener" [_thread_blocked, id=4820, stack(0x0000005b6c600000,0x0000005b6c700000)]
  0x000002050f64a000 JavaThread "Execution worker for ':'" [_thread_blocked, id=11148, stack(0x0000005b75300000,0x0000005b75400000)]
  0x000002050f64b000 JavaThread "Cache worker for execution history cache (C:\Users\MISHECK\AndroidStudioProjects\ChildSafetyApp\.gradle\6.7.1\executionHistory)" [_thread_blocked, id=11284, stack(0x0000005b75400000,0x0000005b75500000)]
  0x000002050f64c000 JavaThread "WorkerExecutor Queue" [_thread_blocked, id=3552, stack(0x0000005b6e300000,0x0000005b6e400000)]

Other Threads:
  0x000002057abcb800 VMThread "VM Thread" [stack: 0x0000005b6ce00000,0x0000005b6cf00000] [id=3400]
  0x000002057b6c3800 WatcherThread [stack: 0x0000005b6d800000,0x0000005b6d900000] [id=696]
  0x0000020570683800 GCTaskThread "GC Thread#0" [stack: 0x0000005b6c900000,0x0000005b6ca00000] [id=12180]
  0x000002057b899800 GCTaskThread "GC Thread#1" [stack: 0x0000005b6d900000,0x0000005b6da00000] [id=8496]
  0x00000205706b3800 ConcurrentGCThread "G1 Main Marker" [stack: 0x0000005b6ca00000,0x0000005b6cb00000] [id=10916]
  0x00000205706b6000 ConcurrentGCThread "G1 Conc#0" [stack: 0x0000005b6cb00000,0x0000005b6cc00000] [id=10664]
  0x0000020570706800 ConcurrentGCThread "G1 Refine#0" [stack: 0x0000005b6cc00000,0x0000005b6cd00000] [id=3116]
  0x0000020570708000 ConcurrentGCThread "G1 Young RemSet Sampling" [stack: 0x0000005b6cd00000,0x0000005b6ce00000] [id=2608]

Threads with active compile tasks:
C2 CompilerThread0 144748 12223       4       com.android.tools.r8.ir.conversion.o::a (1157 bytes)

VM state:not at safepoint (normal execution)

VM Mutex/Monitor currently owned by a thread: None

Heap address: 0x0000000080000000, size: 2048 MB, Compressed Oops mode: 32-bit
Narrow klass base: 0x0000000000000000, Narrow klass shift: 3
Compressed class space size: 1073741824 Address: 0x0000000100000000

Heap:
 garbage-first heap   total 225280K, used 115631K [0x0000000080000000, 0x0000000100000000)
  region size 1024K, 10 young (10240K), 4 survivors (4096K)
 Metaspace       used 90669K, capacity 92813K, committed 92928K, reserved 1130496K
  class space    used 11655K, capacity 12448K, committed 12544K, reserved 1048576K
Heap Regions: E=young(eden), S=young(survivor), O=old, HS=humongous(starts), HC=humongous(continues), CS=collection set, F=free, A=archive, TAMS=top-at-mark-start (previous, next)
|   0|0x0000000080000000, 0x0000000080100000, 0x0000000080100000|100%| O|  |TAMS 0x0000000080100000, 0x0000000080100000| Untracked 
|   1|0x0000000080100000, 0x0000000080200000, 0x0000000080200000|100%| O|  |TAMS 0x0000000080200000, 0x0000000080200000| Untracked 
|   2|0x0000000080200000, 0x0000000080300000, 0x0000000080300000|100%| O|  |TAMS 0x0000000080300000, 0x0000000080300000| Untracked 
|   3|0x0000000080300000, 0x0000000080400000, 0x0000000080400000|100%| O|  |TAMS 0x0000000080400000, 0x0000000080400000| Untracked 
|   4|0x0000000080400000, 0x0000000080500000, 0x0000000080500000|100%|HS|  |TAMS 0x0000000080500000, 0x0000000080500000| Complete 
|   5|0x0000000080500000, 0x0000000080600000, 0x0000000080600000|100%|HC|  |TAMS 0x0000000080600000, 0x0000000080600000| Complete 
|   6|0x0000000080600000, 0x0000000080700000, 0x0000000080700000|100%|HC|  |TAMS 0x0000000080700000, 0x0000000080700000| Complete 
|   7|0x0000000080700000, 0x0000000080800000, 0x0000000080800000|100%| O|  |TAMS 0x0000000080800000, 0x0000000080800000| Untracked 
|   8|0x0000000080800000, 0x0000000080900000, 0x0000000080900000|100%| O|  |TAMS 0x0000000080900000, 0x0000000080900000| Untracked 
|   9|0x0000000080900000, 0x0000000080a00000, 0x0000000080a00000|100%| O|  |TAMS 0x0000000080a00000, 0x0000000080a00000| Untracked 
|  10|0x0000000080a00000, 0x0000000080b00000, 0x0000000080b00000|100%| O|  |TAMS 0x0000000080b00000, 0x0000000080b00000| Untracked 
|  11|0x0000000080b00000, 0x0000000080c00000, 0x0000000080c00000|100%| O|  |TAMS 0x0000000080c00000, 0x0000000080c00000| Untracked 
|  12|0x0000000080c00000, 0x0000000080d00000, 0x0000000080d00000|100%| O|  |TAMS 0x0000000080d00000, 0x0000000080d00000| Untracked 
|  13|0x0000000080d00000, 0x0000000080e00000, 0x0000000080e00000|100%| O|  |TAMS 0x0000000080e00000, 0x0000000080e00000| Untracked 
|  14|0x0000000080e00000, 0x0000000080f00000, 0x0000000080f00000|100%| O|  |TAMS 0x0000000080f00000, 0x0000000080f00000| Untracked 
|  15|0x0000000080f00000, 0x0000000081000000, 0x0000000081000000|100%| O|  |TAMS 0x0000000081000000, 0x0000000081000000| Untracked 
|  16|0x0000000081000000, 0x0000000081100000, 0x0000000081100000|100%| O|  |TAMS 0x0000000081100000, 0x0000000081100000| Untracked 
|  17|0x0000000081100000, 0x0000000081200000, 0x0000000081200000|100%| O|  |TAMS 0x0000000081200000, 0x0000000081200000| Untracked 
|  18|0x0000000081200000, 0x0000000081300000, 0x0000000081300000|100%| O|  |TAMS 0x0000000081300000, 0x0000000081300000| Untracked 
|  19|0x0000000081300000, 0x0000000081400000, 0x0000000081400000|100%| O|  |TAMS 0x0000000081400000, 0x0000000081400000| Untracked 
|  20|0x0000000081400000, 0x0000000081500000, 0x0000000081500000|100%| O|  |TAMS 0x0000000081500000, 0x0000000081500000| Untracked 
|  21|0x0000000081500000, 0x0000000081600000, 0x0000000081600000|100%| O|  |TAMS 0x0000000081600000, 0x0000000081600000| Untracked 
|  22|0x0000000081600000, 0x0000000081700000, 0x0000000081700000|100%| O|  |TAMS 0x0000000081700000, 0x0000000081700000| Untracked 
|  23|0x0000000081700000, 0x0000000081800000, 0x0000000081800000|100%| O|  |TAMS 0x0000000081800000, 0x0000000081800000| Untracked 
|  24|0x0000000081800000, 0x0000000081900000, 0x0000000081900000|100%| O|  |TAMS 0x0000000081900000, 0x0000000081900000| Untracked 
|  25|0x0000000081900000, 0x0000000081a00000, 0x0000000081a00000|100%|HS|  |TAMS 0x0000000081a00000, 0x0000000081a00000| Complete 
|  26|0x0000000081a00000, 0x0000000081b00000, 0x0000000081b00000|100%|HS|  |TAMS 0x0000000081b00000, 0x0000000081b00000| Complete 
|  27|0x0000000081b00000, 0x0000000081c00000, 0x0000000081c00000|100%|HC|  |TAMS 0x0000000081c00000, 0x0000000081c00000| Complete 
|  28|0x0000000081c00000, 0x0000000081d00000, 0x0000000081d00000|100%| O|  |TAMS 0x0000000081d00000, 0x0000000081d00000| Untracked 
|  29|0x0000000081d00000, 0x0000000081e00000, 0x0000000081e00000|100%| O|  |TAMS 0x0000000081e00000, 0x0000000081e00000| Untracked 
|  30|0x0000000081e00000, 0x0000000081f00000, 0x0000000081f00000|100%| O|  |TAMS 0x0000000081f00000, 0x0000000081f00000| Untracked 
|  31|0x0000000081f00000, 0x0000000082000000, 0x0000000082000000|100%| O|  |TAMS 0x0000000082000000, 0x0000000082000000| Untracked 
|  32|0x0000000082000000, 0x0000000082100000, 0x0000000082100000|100%| O|  |TAMS 0x0000000082100000, 0x0000000082100000| Untracked 
|  33|0x0000000082100000, 0x0000000082200000, 0x0000000082200000|100%| O|  |TAMS 0x0000000082200000, 0x0000000082200000| Untracked 
|  34|0x0000000082200000, 0x0000000082300000, 0x0000000082300000|100%| O|  |TAMS 0x0000000082300000, 0x0000000082300000| Untracked 
|  35|0x0000000082300000, 0x0000000082400000, 0x0000000082400000|100%| O|  |TAMS 0x0000000082400000, 0x0000000082400000| Untracked 
|  36|0x0000000082400000, 0x0000000082500000, 0x0000000082500000|100%| O|  |TAMS 0x0000000082500000, 0x0000000082500000| Untracked 
|  37|0x0000000082500000, 0x0000000082600000, 0x0000000082600000|100%| O|  |TAMS 0x0000000082600000, 0x0000000082600000| Untracked 
|  38|0x0000000082600000, 0x0000000082700000, 0x0000000082700000|100%| O|  |TAMS 0x0000000082700000, 0x0000000082700000| Untracked 
|  39|0x0000000082700000, 0x0000000082800000, 0x0000000082800000|100%| O|  |TAMS 0x0000000082800000, 0x0000000082800000| Untracked 
|  40|0x0000000082800000, 0x0000000082900000, 0x0000000082900000|100%| O|  |TAMS 0x0000000082900000, 0x0000000082900000| Untracked 
|  41|0x0000000082900000, 0x0000000082a00000, 0x0000000082a00000|100%| O|  |TAMS 0x0000000082a00000, 0x0000000082a00000| Untracked 
|  42|0x0000000082a00000, 0x0000000082b00000, 0x0000000082b00000|100%| O|  |TAMS 0x0000000082b00000, 0x0000000082b00000| Untracked 
|  43|0x0000000082b00000, 0x0000000082c00000, 0x0000000082c00000|100%| O|  |TAMS 0x0000000082c00000, 0x0000000082c00000| Untracked 
|  44|0x0000000082c00000, 0x0000000082d00000, 0x0000000082d00000|100%| O|  |TAMS 0x0000000082d00000, 0x0000000082d00000| Untracked 
|  45|0x0000000082d00000, 0x0000000082e00000, 0x0000000082e00000|100%| O|  |TAMS 0x0000000082e00000, 0x0000000082e00000| Untracked 
|  46|0x0000000082e00000, 0x0000000082f00000, 0x0000000082f00000|100%| O|  |TAMS 0x0000000082f00000, 0x0000000082f00000| Untracked 
|  47|0x0000000082f00000, 0x0000000083000000, 0x0000000083000000|100%| O|  |TAMS 0x0000000083000000, 0x0000000083000000| Untracked 
|  48|0x0000000083000000, 0x0000000083100000, 0x0000000083100000|100%| O|  |TAMS 0x0000000083100000, 0x0000000083100000| Untracked 
|  49|0x0000000083100000, 0x0000000083200000, 0x0000000083200000|100%| O|  |TAMS 0x0000000083200000, 0x0000000083200000| Untracked 
|  50|0x0000000083200000, 0x0000000083300000, 0x0000000083300000|100%| O|  |TAMS 0x0000000083300000, 0x0000000083300000| Untracked 
|  51|0x0000000083300000, 0x0000000083400000, 0x0000000083400000|100%| O|  |TAMS 0x0000000083400000, 0x0000000083400000| Untracked 
|  52|0x0000000083400000, 0x0000000083500000, 0x0000000083500000|100%| O|  |TAMS 0x0000000083500000, 0x0000000083500000| Untracked 
|  53|0x0000000083500000, 0x0000000083600000, 0x0000000083600000|100%| O|  |TAMS 0x0000000083600000, 0x0000000083600000| Untracked 
|  54|0x0000000083600000, 0x0000000083700000, 0x0000000083700000|100%| O|  |TAMS 0x0000000083700000, 0x0000000083700000| Untracked 
|  55|0x0000000083700000, 0x0000000083800000, 0x0000000083800000|100%| O|  |TAMS 0x0000000083800000, 0x0000000083800000| Untracked 
|  56|0x0000000083800000, 0x0000000083900000, 0x0000000083900000|100%| O|  |TAMS 0x0000000083900000, 0x0000000083900000| Untracked 
|  57|0x0000000083900000, 0x0000000083a00000, 0x0000000083a00000|100%| O|  |TAMS 0x0000000083a00000, 0x0000000083a00000| Untracked 
|  58|0x0000000083a00000, 0x0000000083b00000, 0x0000000083b00000|100%| O|  |TAMS 0x0000000083b00000, 0x0000000083b00000| Untracked 
|  59|0x0000000083b00000, 0x0000000083c00000, 0x0000000083c00000|100%| O|  |TAMS 0x0000000083c00000, 0x0000000083c00000| Untracked 
|  60|0x0000000083c00000, 0x0000000083d00000, 0x0000000083d00000|100%| O|  |TAMS 0x0000000083d00000, 0x0000000083d00000| Untracked 
|  61|0x0000000083d00000, 0x0000000083e00000, 0x0000000083e00000|100%| O|  |TAMS 0x0000000083e00000, 0x0000000083e00000| Untracked 
|  62|0x0000000083e00000, 0x0000000083f00000, 0x0000000083f00000|100%|HS|  |TAMS 0x0000000083f00000, 0x0000000083f00000| Complete 
|  63|0x0000000083f00000, 0x0000000084000000, 0x0000000084000000|100%|HC|  |TAMS 0x0000000084000000, 0x0000000084000000| Complete 
|  64|0x0000000084000000, 0x0000000084100000, 0x0000000084100000|100%| O|  |TAMS 0x0000000084100000, 0x0000000084100000| Untracked 
|  65|0x0000000084100000, 0x0000000084200000, 0x0000000084200000|100%| O|  |TAMS 0x0000000084200000, 0x0000000084200000| Untracked 
|  66|0x0000000084200000, 0x0000000084300000, 0x0000000084300000|100%| O|  |TAMS 0x0000000084300000, 0x0000000084300000| Untracked 
|  67|0x0000000084300000, 0x0000000084400000, 0x0000000084400000|100%| O|  |TAMS 0x0000000084400000, 0x0000000084400000| Untracked 
|  68|0x0000000084400000, 0x0000000084500000, 0x0000000084500000|100%| O|  |TAMS 0x0000000084500000, 0x0000000084500000| Untracked 
|  69|0x0000000084500000, 0x0000000084600000, 0x0000000084600000|100%| O|  |TAMS 0x0000000084600000, 0x0000000084600000| Untracked 
|  70|0x0000000084600000, 0x0000000084700000, 0x0000000084700000|100%| O|  |TAMS 0x0000000084700000, 0x0000000084700000| Untracked 
|  71|0x0000000084700000, 0x0000000084800000, 0x0000000084800000|100%| O|  |TAMS 0x0000000084800000, 0x0000000084800000| Untracked 
|  72|0x0000000084800000, 0x0000000084900000, 0x0000000084900000|100%| O|  |TAMS 0x0000000084900000, 0x0000000084900000| Untracked 
|  73|0x0000000084900000, 0x0000000084a00000, 0x0000000084a00000|100%| O|  |TAMS 0x0000000084a00000, 0x0000000084a00000| Untracked 
|  74|0x0000000084a00000, 0x0000000084b00000, 0x0000000084b00000|100%| O|  |TAMS 0x0000000084b00000, 0x0000000084b00000| Untracked 
|  75|0x0000000084b00000, 0x0000000084c00000, 0x0000000084c00000|100%| O|  |TAMS 0x0000000084c00000, 0x0000000084c00000| Untracked 
|  76|0x0000000084c00000, 0x0000000084d00000, 0x0000000084d00000|100%| O|  |TAMS 0x0000000084d00000, 0x0000000084d00000| Untracked 
|  77|0x0000000084d00000, 0x0000000084e00000, 0x0000000084e00000|100%| O|  |TAMS 0x0000000084e00000, 0x0000000084e00000| Untracked 
|  78|0x0000000084e00000, 0x0000000084f00000, 0x0000000084f00000|100%| O|  |TAMS 0x0000000084f00000, 0x0000000084f00000| Untracked 
|  79|0x0000000084f00000, 0x0000000085000000, 0x0000000085000000|100%| O|  |TAMS 0x0000000085000000, 0x0000000085000000| Untracked 
|  80|0x0000000085000000, 0x0000000085100000, 0x0000000085100000|100%| O|  |TAMS 0x0000000085100000, 0x0000000085100000| Untracked 
|  81|0x0000000085100000, 0x0000000085200000, 0x0000000085200000|100%| O|  |TAMS 0x0000000085200000, 0x0000000085200000| Untracked 
|  82|0x0000000085200000, 0x0000000085300000, 0x0000000085300000|100%| O|  |TAMS 0x0000000085300000, 0x0000000085300000| Untracked 
|  83|0x0000000085300000, 0x0000000085400000, 0x0000000085400000|100%| O|  |TAMS 0x0000000085400000, 0x0000000085400000| Untracked 
|  84|0x0000000085400000, 0x0000000085500000, 0x0000000085500000|100%| O|  |TAMS 0x0000000085500000, 0x0000000085500000| Untracked 
|  85|0x0000000085500000, 0x0000000085600000, 0x0000000085600000|100%| O|  |TAMS 0x0000000085600000, 0x0000000085600000| Untracked 
|  86|0x0000000085600000, 0x0000000085700000, 0x0000000085700000|100%| O|  |TAMS 0x0000000085700000, 0x0000000085700000| Untracked 
|  87|0x0000000085700000, 0x0000000085800000, 0x0000000085800000|100%| O|  |TAMS 0x0000000085800000, 0x0000000085800000| Untracked 
|  88|0x0000000085800000, 0x0000000085900000, 0x0000000085900000|100%| O|  |TAMS 0x0000000085900000, 0x0000000085900000| Untracked 
|  89|0x0000000085900000, 0x0000000085a00000, 0x0000000085a00000|100%| O|  |TAMS 0x0000000085a00000, 0x0000000085a00000| Untracked 
|  90|0x0000000085a00000, 0x0000000085b00000, 0x0000000085b00000|100%| O|  |TAMS 0x0000000085b00000, 0x0000000085b00000| Untracked 
|  91|0x0000000085b00000, 0x0000000085c00000, 0x0000000085c00000|100%| O|  |TAMS 0x0000000085c00000, 0x0000000085c00000| Untracked 
|  92|0x0000000085c00000, 0x0000000085d00000, 0x0000000085d00000|100%| O|  |TAMS 0x0000000085d00000, 0x0000000085d00000| Untracked 
|  93|0x0000000085d00000, 0x0000000085e00000, 0x0000000085e00000|100%| O|  |TAMS 0x0000000085e00000, 0x0000000085e00000| Untracked 
|  94|0x0000000085e00000, 0x0000000085f00000, 0x0000000085f00000|100%| O|  |TAMS 0x0000000085f00000, 0x0000000085f00000| Untracked 
|  95|0x0000000085f00000, 0x0000000086000000, 0x0000000086000000|100%| O|  |TAMS 0x0000000086000000, 0x0000000086000000| Untracked 
|  96|0x0000000086000000, 0x0000000086100000, 0x0000000086100000|100%| O|  |TAMS 0x0000000086100000, 0x0000000086100000| Untracked 
|  97|0x0000000086100000, 0x0000000086200000, 0x0000000086200000|100%| O|  |TAMS 0x0000000086200000, 0x0000000086200000| Untracked 
|  98|0x0000000086200000, 0x0000000086300000, 0x0000000086300000|100%| O|  |TAMS 0x0000000086300000, 0x0000000086300000| Untracked 
|  99|0x0000000086300000, 0x0000000086400000, 0x0000000086400000|100%| O|  |TAMS 0x0000000086400000, 0x0000000086400000| Untracked 
| 100|0x0000000086400000, 0x0000000086500000, 0x0000000086500000|100%| O|  |TAMS 0x0000000086500000, 0x0000000086500000| Untracked 
| 101|0x0000000086500000, 0x0000000086600000, 0x0000000086600000|100%| O|  |TAMS 0x0000000086600000, 0x0000000086600000| Untracked 
| 102|0x0000000086600000, 0x0000000086700000, 0x0000000086700000|100%| O|  |TAMS 0x0000000086700000, 0x0000000086700000| Untracked 
| 103|0x0000000086700000, 0x0000000086800000, 0x0000000086800000|100%| O|  |TAMS 0x0000000086800000, 0x0000000086800000| Untracked 
| 104|0x0000000086800000, 0x0000000086800000, 0x0000000086900000|  0%| F|  |TAMS 0x0000000086800000, 0x0000000086800000| Untracked 
| 105|0x0000000086900000, 0x0000000086900000, 0x0000000086a00000|  0%| F|  |TAMS 0x0000000086900000, 0x0000000086900000| Untracked 
| 106|0x0000000086a00000, 0x0000000086a00000, 0x0000000086b00000|  0%| F|  |TAMS 0x0000000086a00000, 0x0000000086a00000| Untracked 
| 107|0x0000000086b00000, 0x0000000086b00000, 0x0000000086c00000|  0%| F|  |TAMS 0x0000000086b00000, 0x0000000086b00000| Untracked 
| 108|0x0000000086c00000, 0x0000000086c00000, 0x0000000086d00000|  0%| F|  |TAMS 0x0000000086c00000, 0x0000000086c00000| Untracked 
| 109|0x0000000086d00000, 0x0000000086d00000, 0x0000000086e00000|  0%| F|  |TAMS 0x0000000086d00000, 0x0000000086d00000| Untracked 
| 110|0x0000000086e00000, 0x0000000086e00000, 0x0000000086f00000|  0%| F|  |TAMS 0x0000000086e00000, 0x0000000086e00000| Untracked 
| 111|0x0000000086f00000, 0x0000000086f00000, 0x0000000087000000|  0%| F|  |TAMS 0x0000000086f00000, 0x0000000086f00000| Untracked 
| 112|0x0000000087000000, 0x0000000087000000, 0x0000000087100000|  0%| F|  |TAMS 0x0000000087000000, 0x0000000087000000| Untracked 
| 113|0x0000000087100000, 0x0000000087100000, 0x0000000087200000|  0%| F|  |TAMS 0x0000000087100000, 0x0000000087100000| Untracked 
| 114|0x0000000087200000, 0x0000000087200000, 0x0000000087300000|  0%| F|  |TAMS 0x0000000087200000, 0x0000000087200000| Untracked 
| 115|0x0000000087300000, 0x0000000087300000, 0x0000000087400000|  0%| F|  |TAMS 0x0000000087300000, 0x0000000087300000| Untracked 
| 116|0x0000000087400000, 0x0000000087400000, 0x0000000087500000|  0%| F|  |TAMS 0x0000000087400000, 0x0000000087400000| Untracked 
| 117|0x0000000087500000, 0x0000000087500000, 0x0000000087600000|  0%| F|  |TAMS 0x0000000087500000, 0x0000000087500000| Untracked 
| 118|0x0000000087600000, 0x0000000087600000, 0x0000000087700000|  0%| F|  |TAMS 0x0000000087600000, 0x0000000087600000| Untracked 
| 119|0x0000000087700000, 0x0000000087700000, 0x0000000087800000|  0%| F|  |TAMS 0x0000000087700000, 0x0000000087700000| Untracked 
| 120|0x0000000087800000, 0x0000000087800000, 0x0000000087900000|  0%| F|  |TAMS 0x0000000087800000, 0x0000000087800000| Untracked 
| 121|0x0000000087900000, 0x0000000087900000, 0x0000000087a00000|  0%| F|  |TAMS 0x0000000087900000, 0x0000000087900000| Untracked 
| 122|0x0000000087a00000, 0x0000000087a00000, 0x0000000087b00000|  0%| F|  |TAMS 0x0000000087a00000, 0x0000000087a00000| Untracked 
| 123|0x0000000087b00000, 0x0000000087b00000, 0x0000000087c00000|  0%| F|  |TAMS 0x0000000087b00000, 0x0000000087b00000| Untracked 
| 124|0x0000000087c00000, 0x0000000087c00000, 0x0000000087d00000|  0%| F|  |TAMS 0x0000000087c00000, 0x0000000087c00000| Untracked 
| 125|0x0000000087d00000, 0x0000000087d00000, 0x0000000087e00000|  0%| F|  |TAMS 0x0000000087d00000, 0x0000000087d00000| Untracked 
| 126|0x0000000087e00000, 0x0000000087e00000, 0x0000000087f00000|  0%| F|  |TAMS 0x0000000087e00000, 0x0000000087e00000| Untracked 
| 127|0x0000000087f00000, 0x0000000087f00000, 0x0000000088000000|  0%| F|  |TAMS 0x0000000087f00000, 0x0000000087f00000| Untracked 
| 128|0x0000000088000000, 0x0000000088000000, 0x0000000088100000|  0%| F|  |TAMS 0x0000000088000000, 0x0000000088000000| Untracked 
| 129|0x0000000088100000, 0x0000000088100000, 0x0000000088200000|  0%| F|  |TAMS 0x0000000088100000, 0x0000000088100000| Untracked 
| 130|0x0000000088200000, 0x0000000088200000, 0x0000000088300000|  0%| F|  |TAMS 0x0000000088200000, 0x0000000088200000| Untracked 
| 131|0x0000000088300000, 0x0000000088300000, 0x0000000088400000|  0%| F|  |TAMS 0x0000000088300000, 0x0000000088300000| Untracked 
| 132|0x0000000088400000, 0x0000000088400000, 0x0000000088500000|  0%| F|  |TAMS 0x0000000088400000, 0x0000000088400000| Untracked 
| 133|0x0000000088500000, 0x0000000088500000, 0x0000000088600000|  0%| F|  |TAMS 0x0000000088500000, 0x0000000088500000| Untracked 
| 134|0x0000000088600000, 0x0000000088600000, 0x0000000088700000|  0%| F|  |TAMS 0x0000000088600000, 0x0000000088600000| Untracked 
| 135|0x0000000088700000, 0x0000000088700000, 0x0000000088800000|  0%| F|  |TAMS 0x0000000088700000, 0x0000000088700000| Untracked 
| 136|0x0000000088800000, 0x0000000088800000, 0x0000000088900000|  0%| F|  |TAMS 0x0000000088800000, 0x0000000088800000| Untracked 
| 137|0x0000000088900000, 0x0000000088900000, 0x0000000088a00000|  0%| F|  |TAMS 0x0000000088900000, 0x0000000088900000| Untracked 
| 138|0x0000000088a00000, 0x0000000088a00000, 0x0000000088b00000|  0%| F|  |TAMS 0x0000000088a00000, 0x0000000088a00000| Untracked 
| 139|0x0000000088b00000, 0x0000000088b00000, 0x0000000088c00000|  0%| F|  |TAMS 0x0000000088b00000, 0x0000000088b00000| Untracked 
| 140|0x0000000088c00000, 0x0000000088c00000, 0x0000000088d00000|  0%| F|  |TAMS 0x0000000088c00000, 0x0000000088c00000| Untracked 
| 141|0x0000000088d00000, 0x0000000088d00000, 0x0000000088e00000|  0%| F|  |TAMS 0x0000000088d00000, 0x0000000088d00000| Untracked 
| 142|0x0000000088e00000, 0x0000000088e00000, 0x0000000088f00000|  0%| F|  |TAMS 0x0000000088e00000, 0x0000000088e00000| Untracked 
| 143|0x0000000088f00000, 0x0000000088f00000, 0x0000000089000000|  0%| F|  |TAMS 0x0000000088f00000, 0x0000000088f00000| Untracked 
| 144|0x0000000089000000, 0x0000000089000000, 0x0000000089100000|  0%| F|  |TAMS 0x0000000089000000, 0x0000000089000000| Untracked 
| 145|0x0000000089100000, 0x0000000089100000, 0x0000000089200000|  0%| F|  |TAMS 0x0000000089100000, 0x0000000089100000| Untracked 
| 146|0x0000000089200000, 0x0000000089200000, 0x0000000089300000|  0%| F|  |TAMS 0x0000000089200000, 0x0000000089200000| Untracked 
| 147|0x0000000089300000, 0x0000000089300000, 0x0000000089400000|  0%| F|  |TAMS 0x0000000089300000, 0x0000000089300000| Untracked 
| 148|0x0000000089400000, 0x0000000089400000, 0x0000000089500000|  0%| F|  |TAMS 0x0000000089400000, 0x0000000089400000| Untracked 
| 149|0x0000000089500000, 0x00000000895ebc40, 0x0000000089600000| 92%| S|CS|TAMS 0x0000000089500000, 0x0000000089500000| Complete 
| 150|0x0000000089600000, 0x0000000089700000, 0x0000000089700000|100%| S|CS|TAMS 0x0000000089600000, 0x0000000089600000| Complete 
| 151|0x0000000089700000, 0x0000000089800000, 0x0000000089800000|100%| S|CS|TAMS 0x0000000089700000, 0x0000000089700000| Complete 
| 152|0x0000000089800000, 0x0000000089900000, 0x0000000089900000|100%| S|CS|TAMS 0x0000000089800000, 0x0000000089800000| Complete 
| 153|0x0000000089900000, 0x0000000089900000, 0x0000000089a00000|  0%| F|  |TAMS 0x0000000089900000, 0x0000000089900000| Untracked 
| 154|0x0000000089a00000, 0x0000000089a00000, 0x0000000089b00000|  0%| F|  |TAMS 0x0000000089a00000, 0x0000000089a00000| Untracked 
| 155|0x0000000089b00000, 0x0000000089b00000, 0x0000000089c00000|  0%| F|  |TAMS 0x0000000089b00000, 0x0000000089b00000| Untracked 
| 156|0x0000000089c00000, 0x0000000089c00000, 0x0000000089d00000|  0%| F|  |TAMS 0x0000000089c00000, 0x0000000089c00000| Untracked 
| 157|0x0000000089d00000, 0x0000000089d00000, 0x0000000089e00000|  0%| F|  |TAMS 0x0000000089d00000, 0x0000000089d00000| Untracked 
| 158|0x0000000089e00000, 0x0000000089e00000, 0x0000000089f00000|  0%| F|  |TAMS 0x0000000089e00000, 0x0000000089e00000| Untracked 
| 159|0x0000000089f00000, 0x0000000089f00000, 0x000000008a000000|  0%| F|  |TAMS 0x0000000089f00000, 0x0000000089f00000| Untracked 
| 160|0x000000008a000000, 0x000000008a000000, 0x000000008a100000|  0%| F|  |TAMS 0x000000008a000000, 0x000000008a000000| Untracked 
| 161|0x000000008a100000, 0x000000008a100000, 0x000000008a200000|  0%| F|  |TAMS 0x000000008a100000, 0x000000008a100000| Untracked 
| 162|0x000000008a200000, 0x000000008a200000, 0x000000008a300000|  0%| F|  |TAMS 0x000000008a200000, 0x000000008a200000| Untracked 
| 163|0x000000008a300000, 0x000000008a300000, 0x000000008a400000|  0%| F|  |TAMS 0x000000008a300000, 0x000000008a300000| Untracked 
| 164|0x000000008a400000, 0x000000008a400000, 0x000000008a500000|  0%| F|  |TAMS 0x000000008a400000, 0x000000008a400000| Untracked 
| 165|0x000000008a500000, 0x000000008a500000, 0x000000008a600000|  0%| F|  |TAMS 0x000000008a500000, 0x000000008a500000| Untracked 
| 166|0x000000008a600000, 0x000000008a600000, 0x000000008a700000|  0%| F|  |TAMS 0x000000008a600000, 0x000000008a600000| Untracked 
| 167|0x000000008a700000, 0x000000008a700000, 0x000000008a800000|  0%| F|  |TAMS 0x000000008a700000, 0x000000008a700000| Untracked 
| 168|0x000000008a800000, 0x000000008a800000, 0x000000008a900000|  0%| F|  |TAMS 0x000000008a800000, 0x000000008a800000| Untracked 
| 169|0x000000008a900000, 0x000000008a900000, 0x000000008aa00000|  0%| F|  |TAMS 0x000000008a900000, 0x000000008a900000| Untracked 
| 170|0x000000008aa00000, 0x000000008aa00000, 0x000000008ab00000|  0%| F|  |TAMS 0x000000008aa00000, 0x000000008aa00000| Untracked 
| 171|0x000000008ab00000, 0x000000008ab00000, 0x000000008ac00000|  0%| F|  |TAMS 0x000000008ab00000, 0x000000008ab00000| Untracked 
| 172|0x000000008ac00000, 0x000000008ac00000, 0x000000008ad00000|  0%| F|  |TAMS 0x000000008ac00000, 0x000000008ac00000| Untracked 
| 173|0x000000008ad00000, 0x000000008ad00000, 0x000000008ae00000|  0%| F|  |TAMS 0x000000008ad00000, 0x000000008ad00000| Untracked 
| 174|0x000000008ae00000, 0x000000008ae00000, 0x000000008af00000|  0%| F|  |TAMS 0x000000008ae00000, 0x000000008ae00000| Untracked 
| 175|0x000000008af00000, 0x000000008af00000, 0x000000008b000000|  0%| F|  |TAMS 0x000000008af00000, 0x000000008af00000| Untracked 
| 176|0x000000008b000000, 0x000000008b000000, 0x000000008b100000|  0%| F|  |TAMS 0x000000008b000000, 0x000000008b000000| Untracked 
| 177|0x000000008b100000, 0x000000008b100000, 0x000000008b200000|  0%| F|  |TAMS 0x000000008b100000, 0x000000008b100000| Untracked 
| 178|0x000000008b200000, 0x000000008b200000, 0x000000008b300000|  0%| F|  |TAMS 0x000000008b200000, 0x000000008b200000| Untracked 
| 179|0x000000008b300000, 0x000000008b300000, 0x000000008b400000|  0%| F|  |TAMS 0x000000008b300000, 0x000000008b300000| Untracked 
| 180|0x000000008b400000, 0x000000008b400000, 0x000000008b500000|  0%| F|  |TAMS 0x000000008b400000, 0x000000008b400000| Untracked 
| 181|0x000000008b500000, 0x000000008b500000, 0x000000008b600000|  0%| F|  |TAMS 0x000000008b500000, 0x000000008b500000| Untracked 
| 182|0x000000008b600000, 0x000000008b600000, 0x000000008b700000|  0%| F|  |TAMS 0x000000008b600000, 0x000000008b600000| Untracked 
| 183|0x000000008b700000, 0x000000008b700000, 0x000000008b800000|  0%| F|  |TAMS 0x000000008b700000, 0x000000008b700000| Untracked 
| 184|0x000000008b800000, 0x000000008b800000, 0x000000008b900000|  0%| F|  |TAMS 0x000000008b800000, 0x000000008b800000| Untracked 
| 185|0x000000008b900000, 0x000000008b900000, 0x000000008ba00000|  0%| F|  |TAMS 0x000000008b900000, 0x000000008b900000| Untracked 
| 186|0x000000008ba00000, 0x000000008ba00000, 0x000000008bb00000|  0%| F|  |TAMS 0x000000008ba00000, 0x000000008ba00000| Untracked 
| 187|0x000000008bb00000, 0x000000008bb00000, 0x000000008bc00000|  0%| F|  |TAMS 0x000000008bb00000, 0x000000008bb00000| Untracked 
| 188|0x000000008bc00000, 0x000000008bc00000, 0x000000008bd00000|  0%| F|  |TAMS 0x000000008bc00000, 0x000000008bc00000| Untracked 
| 189|0x000000008bd00000, 0x000000008bd00000, 0x000000008be00000|  0%| F|  |TAMS 0x000000008bd00000, 0x000000008bd00000| Untracked 
| 190|0x000000008be00000, 0x000000008be00000, 0x000000008bf00000|  0%| F|  |TAMS 0x000000008be00000, 0x000000008be00000| Untracked 
| 191|0x000000008bf00000, 0x000000008bf00000, 0x000000008c000000|  0%| F|  |TAMS 0x000000008bf00000, 0x000000008bf00000| Untracked 
| 192|0x000000008c000000, 0x000000008c000000, 0x000000008c100000|  0%| F|  |TAMS 0x000000008c000000, 0x000000008c000000| Untracked 
| 193|0x000000008c100000, 0x000000008c100000, 0x000000008c200000|  0%| F|  |TAMS 0x000000008c100000, 0x000000008c100000| Untracked 
| 194|0x000000008c200000, 0x000000008c200000, 0x000000008c300000|  0%| F|  |TAMS 0x000000008c200000, 0x000000008c200000| Untracked 
| 195|0x000000008c300000, 0x000000008c300000, 0x000000008c400000|  0%| F|  |TAMS 0x000000008c300000, 0x000000008c300000| Untracked 
| 196|0x000000008c400000, 0x000000008c400000, 0x000000008c500000|  0%| F|  |TAMS 0x000000008c400000, 0x000000008c400000| Untracked 
| 197|0x000000008c500000, 0x000000008c500000, 0x000000008c600000|  0%| F|  |TAMS 0x000000008c500000, 0x000000008c500000| Untracked 
| 198|0x000000008c600000, 0x000000008c600000, 0x000000008c700000|  0%| F|  |TAMS 0x000000008c600000, 0x000000008c600000| Untracked 
| 199|0x000000008c700000, 0x000000008c700000, 0x000000008c800000|  0%| F|  |TAMS 0x000000008c700000, 0x000000008c700000| Untracked 
| 200|0x000000008c800000, 0x000000008c800000, 0x000000008c900000|  0%| F|  |TAMS 0x000000008c800000, 0x000000008c800000| Untracked 
| 201|0x000000008c900000, 0x000000008c900000, 0x000000008ca00000|  0%| F|  |TAMS 0x000000008c900000, 0x000000008c900000| Untracked 
| 202|0x000000008ca00000, 0x000000008ca00000, 0x000000008cb00000|  0%| F|  |TAMS 0x000000008ca00000, 0x000000008ca00000| Untracked 
| 203|0x000000008cb00000, 0x000000008cb00000, 0x000000008cc00000|  0%| F|  |TAMS 0x000000008cb00000, 0x000000008cb00000| Untracked 
| 204|0x000000008cc00000, 0x000000008cc00000, 0x000000008cd00000|  0%| F|  |TAMS 0x000000008cc00000, 0x000000008cc00000| Untracked 
| 205|0x000000008cd00000, 0x000000008cd00000, 0x000000008ce00000|  0%| F|  |TAMS 0x000000008cd00000, 0x000000008cd00000| Untracked 
| 206|0x000000008ce00000, 0x000000008ce00000, 0x000000008cf00000|  0%| F|  |TAMS 0x000000008ce00000, 0x000000008ce00000| Untracked 
| 207|0x000000008cf00000, 0x000000008cf00000, 0x000000008d000000|  0%| F|  |TAMS 0x000000008cf00000, 0x000000008cf00000| Untracked 
| 208|0x000000008d000000, 0x000000008d000000, 0x000000008d100000|  0%| F|  |TAMS 0x000000008d000000, 0x000000008d000000| Untracked 
| 209|0x000000008d100000, 0x000000008d100000, 0x000000008d200000|  0%| F|  |TAMS 0x000000008d100000, 0x000000008d100000| Untracked 
| 210|0x000000008d200000, 0x000000008d200000, 0x000000008d300000|  0%| F|  |TAMS 0x000000008d200000, 0x000000008d200000| Untracked 
| 211|0x000000008d300000, 0x000000008d300000, 0x000000008d400000|  0%| F|  |TAMS 0x000000008d300000, 0x000000008d300000| Untracked 
| 212|0x000000008d400000, 0x000000008d400000, 0x000000008d500000|  0%| F|  |TAMS 0x000000008d400000, 0x000000008d400000| Untracked 
| 213|0x000000008d500000, 0x000000008d500000, 0x000000008d600000|  0%| F|  |TAMS 0x000000008d500000, 0x000000008d500000| Untracked 
| 214|0x000000008d600000, 0x000000008d680800, 0x000000008d700000| 50%| E|  |TAMS 0x000000008d600000, 0x000000008d600000| Complete 
| 215|0x000000008d700000, 0x000000008d800000, 0x000000008d800000|100%| E|CS|TAMS 0x000000008d700000, 0x000000008d700000| Complete 
| 216|0x000000008d800000, 0x000000008d900000, 0x000000008d900000|100%| E|CS|TAMS 0x000000008d800000, 0x000000008d800000| Complete 
| 217|0x000000008d900000, 0x000000008da00000, 0x000000008da00000|100%| E|CS|TAMS 0x000000008d900000, 0x000000008d900000| Complete 
| 218|0x000000008da00000, 0x000000008db00000, 0x000000008db00000|100%| E|CS|TAMS 0x000000008da00000, 0x000000008da00000| Complete 
| 219|0x000000008db00000, 0x000000008dc00000, 0x000000008dc00000|100%| E|CS|TAMS 0x000000008db00000, 0x000000008db00000| Complete 

Card table byte_map: [0x0000020573fe0000,0x00000205743e0000] _byte_map_base: 0x0000020573be0000

Marking Bits (Prev, Next): (CMBitMap*) 0x00000205706aa918, (CMBitMap*) 0x00000205706aa950
 Prev Bits: [0x00000205747e0000, 0x00000205767e0000)
 Next Bits: [0x00000205767e0000, 0x00000205787e0000)

Polling page: 0x000002056e530000

Metaspace:

Usage:
  Non-class:     78.48 MB capacity,    77.16 MB ( 98%) used,     1.08 MB (  1%) free+waste,   243.06 KB ( <1%) overhead. 
      Class:     12.16 MB capacity,    11.38 MB ( 94%) used,   682.89 KB (  5%) free+waste,   109.88 KB ( <1%) overhead. 
       Both:     90.64 MB capacity,    88.54 MB ( 98%) used,     1.75 MB (  2%) free+waste,   352.94 KB ( <1%) overhead. 

Virtual space:
  Non-class space:       80.00 MB reserved,      78.50 MB ( 98%) committed 
      Class space:        1.00 GB reserved,      12.25 MB (  1%) committed 
             Both:        1.08 GB reserved,      90.75 MB (  8%) committed 

Chunk freelists:
   Non-Class:  19.00 KB
       Class:  32.00 KB
        Both:  51.00 KB

MaxMetaspaceSize: 17179869184.00 GB
CompressedClassSpaceSize: 1.00 GB

CodeHeap 'non-profiled nmethods': size=120064Kb used=6890Kb max_used=6890Kb free=113173Kb
 bounds [0x0000020507ac0000, 0x0000020508180000, 0x000002050f000000]
CodeHeap 'profiled nmethods': size=120000Kb used=29907Kb max_used=29907Kb free=90092Kb
 bounds [0x0000020500590000, 0x00000205022d0000, 0x0000020507ac0000]
CodeHeap 'non-nmethods': size=5696Kb used=2259Kb max_used=2327Kb free=3436Kb
 bounds [0x0000020500000000, 0x0000020500270000, 0x0000020500590000]
 total_blobs=12744 nmethods=11876 adapters=779
 compilation: enabled
              stopped_count=0, restarted_count=0
 full_count=0

Compilation events (20 events):
Event: 143.695 Thread 0x000002057ac36000 12228       1       com.android.tools.r8.v.b.a::W1 (2 bytes)
Event: 143.696 Thread 0x000002057ac36000 nmethod 12228 0x0000020508179c90 code [0x0000020508179e40, 0x0000020508179ef8]
Event: 143.704 Thread 0x000002057ac36000 12229       2       com.android.tools.r8.v.a.t.t$$Lambda$1004/0x0000000100c11440::applyAsInt (8 bytes)
Event: 143.705 Thread 0x000002057ac36000 nmethod 12229 0x000002050227c610 code [0x000002050227c7c0, 0x000002050227c8f8]
Event: 143.708 Thread 0x000002057ac36000 12230       2       com.android.tools.r8.v.b.v1::a (70 bytes)
Event: 143.710 Thread 0x000002057ac36000 nmethod 12230 0x000002050227ca10 code [0x000002050227cc40, 0x000002050227d218]
Event: 143.710 Thread 0x000002057ac36000 12231       2       com.android.tools.r8.v.b.v1$$Lambda$1001/0x0000000100c10840::get$Lambda (9 bytes)
Event: 143.711 Thread 0x000002057ac36000 nmethod 12231 0x000002050227d510 code [0x000002050227d6c0, 0x000002050227d838]
Event: 143.711 Thread 0x000002057ac36000 12232       2       com.android.tools.r8.v.b.v1$$Lambda$1001/0x0000000100c10840::<init> (10 bytes)
Event: 143.711 Thread 0x000002057ac36000 nmethod 12232 0x000002050227d910 code [0x000002050227dac0, 0x000002050227dbf8]
Event: 143.713 Thread 0x000002057ac36000 12233       2       com.android.tools.r8.v.b.v1::b (19 bytes)
Event: 143.715 Thread 0x000002057ac36000 nmethod 12233 0x000002050227dc90 code [0x000002050227de80, 0x000002050227e258]
Event: 144.132 Thread 0x000002057ac36000 12234       2       com.android.tools.r8.w.a.a.a.f.G0::a (121 bytes)
Event: 144.133 Thread 0x000002057ac36000 nmethod 12234 0x000002050227e410 code [0x000002050227e5e0, 0x000002050227e8b8]
Event: 144.137 Thread 0x000002057ac36000 12235       2       java.util.stream.SortedOps$RefSortingSink::accept (10 bytes)
Event: 144.138 Thread 0x000002057ac36000 nmethod 12235 0x000002050227ea90 code [0x000002050227ec60, 0x000002050227ef78]
Event: 144.153 Thread 0x000002057ac36000 12237       2       com.android.tools.r8.s.a.a.b.K::b (47 bytes)
Event: 144.154 Thread 0x000002057ac36000 nmethod 12237 0x000002050227f190 code [0x000002050227f360, 0x000002050227f5a8]
Event: 144.159 Thread 0x000002057ac36000 12239       3       com.android.tools.r8.ir.optimize.k::r (464 bytes)
Event: 144.174 Thread 0x000002057ac36000 nmethod 12239 0x000002050227f710 code [0x000002050227fe40, 0x00000205022854f8]

GC Heap History (20 events):
Event: 110.257 GC heap before
{Heap before GC invocations=69 (full 0):
 garbage-first heap   total 138240K, used 106932K [0x0000000080000000, 0x0000000100000000)
  region size 1024K, 14 young (14336K), 1 survivors (1024K)
 Metaspace       used 84291K, capacity 86279K, committed 86400K, reserved 1124352K
  class space    used 10895K, capacity 11599K, committed 11648K, reserved 1048576K
}
Event: 110.287 GC heap after
{Heap after GC invocations=70 (full 0):
 garbage-first heap   total 138240K, used 96168K [0x0000000080000000, 0x0000000100000000)
  region size 1024K, 2 young (2048K), 2 survivors (2048K)
 Metaspace       used 84291K, capacity 86279K, committed 86400K, reserved 1124352K
  class space    used 10895K, capacity 11599K, committed 11648K, reserved 1048576K
}
Event: 111.404 GC heap before
{Heap before GC invocations=71 (full 0):
 garbage-first heap   total 138240K, used 109480K [0x0000000080000000, 0x0000000100000000)
  region size 1024K, 15 young (15360K), 2 survivors (2048K)
 Metaspace       used 84326K, capacity 86279K, committed 86400K, reserved 1124352K
  class space    used 10898K, capacity 11599K, committed 11648K, reserved 1048576K
}
Event: 111.462 GC heap after
{Heap after GC invocations=72 (full 0):
 garbage-first heap   total 138240K, used 98624K [0x0000000080000000, 0x0000000100000000)
  region size 1024K, 2 young (2048K), 2 survivors (2048K)
 Metaspace       used 84326K, capacity 86279K, committed 86400K, reserved 1124352K
  class space    used 10898K, capacity 11599K, committed 11648K, reserved 1048576K
}
Event: 111.833 GC heap before
{Heap before GC invocations=72 (full 0):
 garbage-first heap   total 138240K, used 110912K [0x0000000080000000, 0x0000000100000000)
  region size 1024K, 14 young (14336K), 2 survivors (2048K)
 Metaspace       used 84508K, capacity 86503K, committed 86656K, reserved 1124352K
  class space    used 10920K, capacity 11631K, committed 11648K, reserved 1048576K
}
Event: 111.861 GC heap after
{Heap after GC invocations=73 (full 0):
 garbage-first heap   total 138240K, used 100977K [0x0000000080000000, 0x0000000100000000)
  region size 1024K, 2 young (2048K), 2 survivors (2048K)
 Metaspace       used 84508K, capacity 86503K, committed 86656K, reserved 1124352K
  class space    used 10920K, capacity 11631K, committed 11648K, reserved 1048576K
}
Event: 113.180 GC heap before
{Heap before GC invocations=74 (full 0):
 garbage-first heap   total 138240K, used 113265K [0x0000000080000000, 0x0000000100000000)
  region size 1024K, 14 young (14336K), 2 survivors (2048K)
 Metaspace       used 85077K, capacity 87074K, committed 87296K, reserved 1124352K
  class space    used 10990K, capacity 11693K, committed 11776K, reserved 1048576K
}
Event: 113.214 GC heap after
{Heap after GC invocations=75 (full 0):
 garbage-first heap   total 183296K, used 103245K [0x0000000080000000, 0x0000000100000000)
  region size 1024K, 2 young (2048K), 2 survivors (2048K)
 Metaspace       used 85077K, capacity 87074K, committed 87296K, reserved 1124352K
  class space    used 10990K, capacity 11693K, committed 11776K, reserved 1048576K
}
Event: 115.610 GC heap before
{Heap before GC invocations=75 (full 0):
 garbage-first heap   total 183296K, used 126797K [0x0000000080000000, 0x0000000100000000)
  region size 1024K, 26 young (26624K), 2 survivors (2048K)
 Metaspace       used 88557K, capacity 90744K, committed 91008K, reserved 1128448K
  class space    used 11548K, capacity 12359K, committed 12416K, reserved 1048576K
}
Event: 115.645 GC heap after
{Heap after GC invocations=76 (full 0):
 garbage-first heap   total 183296K, used 105472K [0x0000000080000000, 0x0000000100000000)
  region size 1024K, 4 young (4096K), 4 survivors (4096K)
 Metaspace       used 88557K, capacity 90744K, committed 91008K, reserved 1128448K
  class space    used 11548K, capacity 12359K, committed 12416K, reserved 1048576K
}
Event: 121.681 GC heap before
{Heap before GC invocations=77 (full 0):
 garbage-first heap   total 183296K, used 131072K [0x0000000080000000, 0x0000000100000000)
  region size 1024K, 29 young (29696K), 4 survivors (4096K)
 Metaspace       used 89899K, capacity 92128K, committed 92416K, reserved 1128448K
  class space    used 11641K, capacity 12468K, committed 12544K, reserved 1048576K
}
Event: 121.750 GC heap after
{Heap after GC invocations=78 (full 0):
 garbage-first heap   total 183296K, used 106985K [0x0000000080000000, 0x0000000100000000)
  region size 1024K, 2 young (2048K), 2 survivors (2048K)
 Metaspace       used 89899K, capacity 92128K, committed 92416K, reserved 1128448K
  class space    used 11641K, capacity 12468K, committed 12544K, reserved 1048576K
}
Event: 124.585 GC heap before
{Heap before GC invocations=78 (full 0):
 garbage-first heap   total 183296K, used 133609K [0x0000000080000000, 0x0000000100000000)
  region size 1024K, 28 young (28672K), 2 survivors (2048K)
 Metaspace       used 90278K, capacity 92462K, committed 92672K, reserved 1130496K
  class space    used 11651K, capacity 12468K, committed 12544K, reserved 1048576K
}
Event: 124.605 GC heap after
{Heap after GC invocations=79 (full 0):
 garbage-first heap   total 183296K, used 107668K [0x0000000080000000, 0x0000000100000000)
  region size 1024K, 3 young (3072K), 3 survivors (3072K)
 Metaspace       used 90278K, capacity 92462K, committed 92672K, reserved 1130496K
  class space    used 11651K, capacity 12468K, committed 12544K, reserved 1048576K
}
Event: 129.669 GC heap before
{Heap before GC invocations=80 (full 0):
 garbage-first heap   total 183296K, used 136340K [0x0000000080000000, 0x0000000100000000)
  region size 1024K, 31 young (31744K), 3 survivors (3072K)
 Metaspace       used 90423K, capacity 92593K, committed 92928K, reserved 1130496K
  class space    used 11641K, capacity 12443K, committed 12544K, reserved 1048576K
}
Event: 129.700 GC heap after
{Heap after GC invocations=81 (full 0):
 garbage-first heap   total 183296K, used 108163K [0x0000000080000000, 0x0000000100000000)
  region size 1024K, 2 young (2048K), 2 survivors (2048K)
 Metaspace       used 90423K, capacity 92593K, committed 92928K, reserved 1130496K
  class space    used 11641K, capacity 12443K, committed 12544K, reserved 1048576K
}
Event: 131.745 GC heap before
{Heap before GC invocations=81 (full 0):
 garbage-first heap   total 183296K, used 137859K [0x0000000080000000, 0x0000000100000000)
  region size 1024K, 32 young (32768K), 2 survivors (2048K)
 Metaspace       used 90572K, capacity 92736K, committed 92928K, reserved 1130496K
  class space    used 11654K, capacity 12446K, committed 12544K, reserved 1048576K
}
Event: 131.773 GC heap after
{Heap after GC invocations=82 (full 0):
 garbage-first heap   total 225280K, used 108872K [0x0000000080000000, 0x0000000100000000)
  region size 1024K, 3 young (3072K), 3 survivors (3072K)
 Metaspace       used 90572K, capacity 92736K, committed 92928K, reserved 1130496K
  class space    used 11654K, capacity 12446K, committed 12544K, reserved 1048576K
}
Event: 136.863 GC heap before
{Heap before GC invocations=83 (full 0):
 garbage-first heap   total 225280K, used 157000K [0x0000000080000000, 0x0000000100000000)
  region size 1024K, 50 young (51200K), 3 survivors (3072K)
 Metaspace       used 90609K, capacity 92738K, committed 92928K, reserved 1130496K
  class space    used 11654K, capacity 12446K, committed 12544K, reserved 1048576K
}
Event: 136.891 GC heap after
{Heap after GC invocations=84 (full 0):
 garbage-first heap   total 225280K, used 109166K [0x0000000080000000, 0x0000000100000000)
  region size 1024K, 3 young (3072K), 3 survivors (3072K)
 Metaspace       used 90609K, capacity 92738K, committed 92928K, reserved 1130496K
  class space    used 11654K, capacity 12446K, committed 12544K, reserved 1048576K
}

Deoptimization events (20 events):
Event: 141.891 Thread 0x000002057e7a1000 Uncommon trap: trap_request=0xffffffbe fr.pc=0x00000205081644e8 relative=0x0000000000005da8
Event: 141.891 Thread 0x000002057e7a1000 Uncommon trap: reason=profile_predicate action=maybe_recompile pc=0x00000205081644e8 method=com.android.tools.r8.ir.conversion.o.d(I)Lcom/android/tools/r8/v/b/b1; @ 105 c2
Event: 141.891 Thread 0x000002057e7a1000 DEOPT PACKING pc=0x00000205081644e8 sp=0x0000005b6f1f9870
Event: 141.891 Thread 0x000002057e7a1000 DEOPT UNPACKING pc=0x00000205000269aa sp=0x0000005b6f1f97c8 mode 2
Event: 141.893 Thread 0x000002057e7a1000 Uncommon trap: trap_request=0xffffffbe fr.pc=0x00000205081644e8 relative=0x0000000000005da8
Event: 141.894 Thread 0x000002057e7a1000 Uncommon trap: reason=profile_predicate action=maybe_recompile pc=0x00000205081644e8 method=com.android.tools.r8.ir.conversion.o.d(I)Lcom/android/tools/r8/v/b/b1; @ 105 c2
Event: 141.894 Thread 0x000002057e7a1000 DEOPT PACKING pc=0x00000205081644e8 sp=0x0000005b6f1f9870
Event: 141.894 Thread 0x000002057e7a1000 DEOPT UNPACKING pc=0x00000205000269aa sp=0x0000005b6f1f97c8 mode 2
Event: 141.894 Thread 0x000002057e7a1000 Uncommon trap: trap_request=0xffffffbe fr.pc=0x00000205081644e8 relative=0x0000000000005da8
Event: 141.894 Thread 0x000002057e7a1000 Uncommon trap: reason=profile_predicate action=maybe_recompile pc=0x00000205081644e8 method=com.android.tools.r8.ir.conversion.o.d(I)Lcom/android/tools/r8/v/b/b1; @ 105 c2
Event: 141.894 Thread 0x000002057e7a1000 DEOPT PACKING pc=0x00000205081644e8 sp=0x0000005b6f1f9870
Event: 141.894 Thread 0x000002057e7a1000 DEOPT UNPACKING pc=0x00000205000269aa sp=0x0000005b6f1f97c8 mode 2
Event: 141.894 Thread 0x000002057e7a1000 Uncommon trap: trap_request=0xffffffbe fr.pc=0x00000205081644e8 relative=0x0000000000005da8
Event: 141.894 Thread 0x000002057e7a1000 Uncommon trap: reason=profile_predicate action=maybe_recompile pc=0x00000205081644e8 method=com.android.tools.r8.ir.conversion.o.d(I)Lcom/android/tools/r8/v/b/b1; @ 105 c2
Event: 141.894 Thread 0x000002057e7a1000 DEOPT PACKING pc=0x00000205081644e8 sp=0x0000005b6f1f9870
Event: 141.894 Thread 0x000002057e7a1000 DEOPT UNPACKING pc=0x00000205000269aa sp=0x0000005b6f1f97c8 mode 2
Event: 141.903 Thread 0x000002057e7a1000 DEOPT PACKING pc=0x0000020501dbfeb1 sp=0x0000005b6f1f9800
Event: 141.903 Thread 0x000002057e7a1000 DEOPT UNPACKING pc=0x00000205000267c0 sp=0x0000005b6f1f8d10 mode 0
Event: 144.159 Thread 0x000002057e7a1000 DEOPT PACKING pc=0x0000020501d3b18f sp=0x0000005b6f1f9c50
Event: 144.159 Thread 0x000002057e7a1000 DEOPT UNPACKING pc=0x00000205000267c0 sp=0x0000005b6f1f9218 mode 0

Classes redefined (0 events):
No events

Internal exceptions (20 events):
Event: 103.609 Thread 0x000002057e7a0800 Exception <a 'java/lang/NoSuchMethodError'{0x0000000086e3ac48}: 'java.lang.Object java.lang.invoke.DirectMethodHandle$Holder.invokeStatic(java.lang.Object, long)'> (0x0000000086e3ac48) thrown at [./src/hotspot/share/interpreter/linkResolver.cpp, line 773]
Event: 107.699 Thread 0x000002057e7a0800 Exception <a 'java/lang/NoSuchMethodError'{0x0000000086d37f48}: 'long java.lang.invoke.DirectMethodHandle$Holder.invokeStatic(java.lang.Object, java.lang.Object)'> (0x0000000086d37f48) thrown at [./src/hotspot/share/interpreter/linkResolver.cpp, line 773]
Event: 108.824 Thread 0x000002057e7a0800 Implicit null exception at 0x0000020507ff52d4 to 0x0000020507ffadb8
Event: 108.870 Thread 0x000002057e7a0800 Exception <a 'java/lang/NoSuchMethodError'{0x0000000086dd2a78}: 'java.lang.Object java.lang.invoke.DirectMethodHandle$Holder.newInvokeSpecial(java.lang.Object, int)'> (0x0000000086dd2a78) thrown at [./src/hotspot/share/interpreter/linkResolver.cpp, line 773]
Event: 109.385 Thread 0x000002057e7a1000 Exception <a 'java/lang/NoSuchMethodError'{0x0000000086a50370}: 'void java.lang.invoke.DirectMethodHandle$Holder.invokeStatic(java.lang.Object, java.lang.Object, java.lang.Object, int)'> (0x0000000086a50370) thrown at [./src/hotspot/share/interpreter/linkResolver.cpp, line 773]
Event: 109.390 Thread 0x000002057e7a0800 Exception <a 'java/lang/NoSuchMethodError'{0x0000000086a0d680}: 'void java.lang.invoke.DirectMethodHandle$Holder.invokeStatic(java.lang.Object, java.lang.Object, java.lang.Object, int)'> (0x0000000086a0d680) thrown at [./src/hotspot/share/interpreter/linkResolver.cpp, line 773]
Event: 109.392 Thread 0x000002057e7a0800 Exception <a 'java/lang/IncompatibleClassChangeError'{0x0000000086a66328}: Found class java.lang.Object, but interface was expected> (0x0000000086a66328) thrown at [./src/hotspot/share/interpreter/linkResolver.cpp, line 839]
Event: 109.411 Thread 0x000002057e7a0800 Implicit null exception at 0x00000205080080bb to 0x00000205080083a0
Event: 109.411 Thread 0x000002057e7a0800 Implicit null exception at 0x00000205080080bb to 0x00000205080083a0
Event: 113.479 Thread 0x000002057e7a1000 Exception <a 'java/lang/NoSuchMethodError'{0x000000008adfa520}: 'void java.lang.invoke.DirectMethodHandle$Holder.invokeStaticInit(java.lang.Object, java.lang.Object, java.lang.Object, java.lang.Object, java.lang.Object)'> (0x000000008adfa520) thrown at [./src/hotspot/share/interpreter/linkResolver.cpp, line 773]
Event: 113.617 Thread 0x000002057e7a1000 Exception <a 'java/lang/NoSuchMethodError'{0x000000008ac91148}: 'java.lang.Object java.lang.invoke.DirectMethodHandle$Holder.invokeStatic(java.lang.Object, int, java.lang.Object, java.lang.Object)'> (0x000000008ac91148) thrown at [./src/hotspot/share/interpreter/linkResolver.cpp, line 773]
Event: 113.756 Thread 0x000002057e7a0800 Exception <a 'java/lang/NoSuchMethodError'{0x000000008aa0b6e0}: 'void java.lang.invoke.DirectMethodHandle$Holder.invokeSpecial(java.lang.Object, java.lang.Object, int, java.lang.Object)'> (0x000000008aa0b6e0) thrown at [./src/hotspot/share/interpreter/linkResolver.cpp, line 773]
Event: 113.756 Thread 0x000002057e7a1000 Exception <a 'java/lang/NoSuchMethodError'{0x000000008abfa118}: 'void java.lang.invoke.DirectMethodHandle$Holder.invokeSpecial(java.lang.Object, java.lang.Object, int, java.lang.Object)'> (0x000000008abfa118) thrown at [./src/hotspot/share/interpreter/linkResolver.cpp, line 773]
Event: 113.817 Thread 0x000002057e7a0800 Exception <a 'java/lang/NoSuchMethodError'{0x000000008a96d560}: 'int java.lang.invoke.DirectMethodHandle$Holder.invokeSpecial(java.lang.Object, java.lang.Object, java.lang.Object, java.lang.Object, java.lang.Object)'> (0x000000008a96d560) thrown at [./src/hotspot/share/interpreter/linkResolver.cpp, line 773]
Event: 113.819 Thread 0x000002057e7a1000 Exception <a 'java/lang/NoSuchMethodError'{0x000000008aa92518}: 'int java.lang.invoke.DirectMethodHandle$Holder.invokeSpecial(java.lang.Object, java.lang.Object, java.lang.Object, java.lang.Object, java.lang.Object)'> (0x000000008aa92518) thrown at [./src/hotspot/share/interpreter/linkResolver.cpp, line 773]
Event: 114.019 Thread 0x000002057e7a0800 Exception <a 'java/lang/NoSuchMethodError'{0x000000008a78aad8}: 'java.lang.Object java.lang.invoke.DirectMethodHandle$Holder.invokeVirtual(java.lang.Object, java.lang.Object, int, java.lang.Object)'> (0x000000008a78aad8) thrown at [./src/hotspot/share/interpreter/linkResolver.cpp, line 773]
Event: 114.184 Thread 0x000002057e7a1000 Exception <a 'java/lang/NoSuchMethodError'{0x000000008a66c848}: 'void java.lang.invoke.DirectMethodHandle$Holder.invokeVirtual(java.lang.Object, java.lang.Object, int, java.lang.Object)'> (0x000000008a66c848) thrown at [./src/hotspot/share/interpreter/linkResolver.cpp, line 773]
Event: 115.237 Thread 0x000002057e7a0800 Exception <a 'java/lang/NoSuchMethodError'{0x0000000089eb4778}: 'java.lang.Object java.lang.invoke.DirectMethodHandle$Holder.invokeInterface(java.lang.Object, java.lang.Object, int)'> (0x0000000089eb4778) thrown at [./src/hotspot/share/interpreter/linkResolver.cpp, line 773]
Event: 120.713 Thread 0x000002057e7a0800 Exception <a 'java/lang/NoSuchMethodError'{0x0000000089ce0a00}: 'int java.lang.invoke.DirectMethodHandle$Holder.invokeInterface(java.lang.Object, java.lang.Object, int)'> (0x0000000089ce0a00) thrown at [./src/hotspot/share/interpreter/linkResolver.cpp, line 773]
Event: 129.075 Thread 0x000002057e7a0800 Implicit null exception at 0x0000020508101060 to 0x0000020508106990

Events (20 events):
Event: 131.172 loading class com/android/tools/r8/code/E2
Event: 131.172 loading class com/android/tools/r8/code/E2 done
Event: 131.173 loading class com/android/tools/r8/code/G2
Event: 131.173 loading class com/android/tools/r8/code/G2 done
Event: 131.173 loading class com/android/tools/r8/code/F2
Event: 131.173 loading class com/android/tools/r8/code/F2 done
Event: 131.745 Executing VM operation: G1CollectForAllocation
Event: 131.773 Executing VM operation: G1CollectForAllocation done
Event: 132.417 Executing VM operation: CGC_Operation
Event: 132.480 Executing VM operation: CGC_Operation done
Event: 132.767 Executing VM operation: CGC_Operation
Event: 132.789 Executing VM operation: CGC_Operation done
Event: 136.810 Executing VM operation: G1CollectForAllocation
Event: 136.891 Executing VM operation: G1CollectForAllocation done
Event: 137.650 loading class com/android/tools/r8/ir/regalloc/e
Event: 137.650 loading class com/android/tools/r8/ir/regalloc/e done
Event: 137.651 loading class com/android/tools/r8/v/b/v1
Event: 137.651 loading class com/android/tools/r8/v/b/v1 done
Event: 137.651 loading class com/android/tools/r8/ir/regalloc/e
Event: 137.651 loading class com/android/tools/r8/ir/regalloc/e done


Dynamic libraries:
0x00007ff7ce240000 - 0x00007ff7ce24a000 	C:\Program Files\Android\Android Studio\jre\bin\java.exe
0x00007ff8cc040000 - 0x00007ff8cc221000 	C:\Windows\SYSTEM32\ntdll.dll
0x00007ff8ca150000 - 0x00007ff8ca202000 	C:\Windows\System32\KERNEL32.DLL
0x00007ff8c9250000 - 0x00007ff8c94c3000 	C:\Windows\System32\KERNELBASE.dll
0x00007ff8c8530000 - 0x00007ff8c862a000 	C:\Windows\System32\ucrtbase.dll
0x00007ff8bede0000 - 0x00007ff8bedf9000 	C:\Program Files\Android\Android Studio\jre\bin\jli.dll
0x00007ff8bb990000 - 0x00007ff8bb9a7000 	C:\Program Files\Android\Android Studio\jre\bin\VCRUNTIME140.dll
0x00007ff8cbe80000 - 0x00007ff8cc010000 	C:\Windows\System32\USER32.dll
0x00007ff8c8f90000 - 0x00007ff8c8fb0000 	C:\Windows\System32\win32u.dll
0x00007ff8bad10000 - 0x00007ff8baf79000 	C:\Windows\WinSxS\amd64_microsoft.windows.common-controls_6595b64144ccf1df_6.0.17133.73_none_b4b127863cb5b9c7\COMCTL32.dll
0x00007ff8c9dc0000 - 0x00007ff8c9de8000 	C:\Windows\System32\GDI32.dll
0x00007ff8ca210000 - 0x00007ff8ca2ae000 	C:\Windows\System32\msvcrt.dll
0x00007ff8c8df0000 - 0x00007ff8c8f82000 	C:\Windows\System32\gdi32full.dll
0x00007ff8c8410000 - 0x00007ff8c84af000 	C:\Windows\System32\msvcp_win.dll
0x00007ff8c9a30000 - 0x00007ff8c9d53000 	C:\Windows\System32\combase.dll
0x00007ff8c9750000 - 0x00007ff8c9874000 	C:\Windows\System32\RPCRT4.dll
0x00007ff8c84b0000 - 0x00007ff8c852a000 	C:\Windows\System32\bcryptPrimitives.dll
0x00007ff8c96b0000 - 0x00007ff8c96dd000 	C:\Windows\System32\IMM32.DLL
0x00007ff8a0060000 - 0x00007ff8a00fd000 	C:\Program Files\Android\Android Studio\jre\bin\msvcp140.dll
0x00007ff895ab0000 - 0x00007ff89656c000 	C:\Program Files\Android\Android Studio\jre\bin\server\jvm.dll
0x00007ff8c9ea0000 - 0x00007ff8c9f41000 	C:\Windows\System32\ADVAPI32.dll
0x00007ff8c94d0000 - 0x00007ff8c952b000 	C:\Windows\System32\sechost.dll
0x00007ff8c96e0000 - 0x00007ff8c96e8000 	C:\Windows\System32\PSAPI.DLL
0x00007ff8c48b0000 - 0x00007ff8c48b9000 	C:\Windows\SYSTEM32\WSOCK32.dll
0x00007ff8c6f90000 - 0x00007ff8c6f9a000 	C:\Windows\SYSTEM32\VERSION.dll
0x00007ff8c9f50000 - 0x00007ff8c9fbc000 	C:\Windows\System32\WS2_32.dll
0x00007ff8c5d40000 - 0x00007ff8c5d63000 	C:\Windows\SYSTEM32\WINMM.dll
0x00007ff8c5d10000 - 0x00007ff8c5d3a000 	C:\Windows\SYSTEM32\winmmbase.dll
0x00007ff8c8690000 - 0x00007ff8c86d9000 	C:\Windows\System32\cfgmgr32.dll
0x00007ff8c83f0000 - 0x00007ff8c8401000 	C:\Windows\System32\kernel.appcore.dll
0x00007ff8c0c20000 - 0x00007ff8c0c31000 	C:\Program Files\Android\Android Studio\jre\bin\verify.dll
0x00007ff8b6c90000 - 0x00007ff8b6e59000 	C:\Windows\SYSTEM32\DBGHELP.DLL
0x00007ff8b6c60000 - 0x00007ff8b6c89000 	C:\Windows\SYSTEM32\dbgcore.DLL
0x00007ff8bc650000 - 0x00007ff8bc679000 	C:\Program Files\Android\Android Studio\jre\bin\java.dll
0x00007ff8c2010000 - 0x00007ff8c201b000 	C:\Program Files\Android\Android Studio\jre\bin\jimage.dll
0x00007ff8bc3a0000 - 0x00007ff8bc3b8000 	C:\Program Files\Android\Android Studio\jre\bin\zip.dll
0x00007ff8ca5f0000 - 0x00007ff8cba30000 	C:\Windows\System32\SHELL32.dll
0x00007ff8c9df0000 - 0x00007ff8c9e99000 	C:\Windows\System32\shcore.dll
0x00007ff8c86e0000 - 0x00007ff8c8ded000 	C:\Windows\System32\windows.storage.dll
0x00007ff8ca430000 - 0x00007ff8ca481000 	C:\Windows\System32\shlwapi.dll
0x00007ff8c83b0000 - 0x00007ff8c83cf000 	C:\Windows\System32\profapi.dll
0x00007ff8c8360000 - 0x00007ff8c83ac000 	C:\Windows\System32\powrprof.dll
0x00007ff8c8350000 - 0x00007ff8c835a000 	C:\Windows\System32\FLTLIB.DLL
0x00007ff8bc280000 - 0x00007ff8bc29a000 	C:\Program Files\Android\Android Studio\jre\bin\net.dll
0x00007ff8bf510000 - 0x00007ff8bf5ed000 	C:\Windows\SYSTEM32\WINHTTP.dll
0x00007ff8c7b70000 - 0x00007ff8c7bd6000 	C:\Windows\system32\mswsock.dll
0x00007ff8bba70000 - 0x00007ff8bba84000 	C:\Program Files\Android\Android Studio\jre\bin\nio.dll
0x00007ff8bb960000 - 0x00007ff8bb987000 	C:\Users\MISHECK\.gradle\native\fdc75f09e3144964f2cf3f50f0aa648679c211496f362492102eb8c894070792\windows-amd64\native-platform.dll
0x00007ff8b2610000 - 0x00007ff8b27a6000 	C:\Users\MISHECK\.gradle\native\12488b8bf47d2d4c9fbf2f6322a914ad602e24e48041cd04a747c6da556b65c4\windows-amd64\native-platform-file-events.dll
0x00007ff8c1570000 - 0x00007ff8c157a000 	C:\Program Files\Android\Android Studio\jre\bin\management.dll
0x00007ff8c0e40000 - 0x00007ff8c0e4c000 	C:\Program Files\Android\Android Studio\jre\bin\management_ext.dll
0x00007ff8c7d20000 - 0x00007ff8c7d37000 	C:\Windows\SYSTEM32\CRYPTSP.dll
0x00007ff8c7750000 - 0x00007ff8c7783000 	C:\Windows\system32\rsaenh.dll
0x00007ff8c7e50000 - 0x00007ff8c7e75000 	C:\Windows\SYSTEM32\bcrypt.dll
0x00007ff8c8250000 - 0x00007ff8c8278000 	C:\Windows\SYSTEM32\USERENV.dll
0x00007ff8c7d40000 - 0x00007ff8c7d4b000 	C:\Windows\SYSTEM32\CRYPTBASE.dll
0x00007ff8c78f0000 - 0x00007ff8c7928000 	C:\Windows\SYSTEM32\IPHLPAPI.DLL
0x00007ff8ca490000 - 0x00007ff8ca498000 	C:\Windows\System32\NSI.dll
0x00007ff8bf910000 - 0x00007ff8bf926000 	C:\Windows\SYSTEM32\dhcpcsvc6.DLL
0x00007ff8bf8f0000 - 0x00007ff8bf90a000 	C:\Windows\SYSTEM32\dhcpcsvc.DLL
0x00007ff8c0a80000 - 0x00007ff8c0a8b000 	C:\Windows\SYSTEM32\WINNSI.DLL

dbghelp: loaded successfully - version: 4.0.5 - missing functions: none
symbol engine: initialized successfully - sym options: 0x614 - pdb path: .;C:\Program Files\Android\Android Studio\jre\bin;C:\Windows\SYSTEM32;C:\Windows\WinSxS\amd64_microsoft.windows.common-controls_6595b64144ccf1df_6.0.17133.73_none_b4b127863cb5b9c7;C:\Program Files\Android\Android Studio\jre\bin\server;C:\Users\MISHECK\.gradle\native\fdc75f09e3144964f2cf3f50f0aa648679c211496f362492102eb8c894070792\windows-amd64;C:\Users\MISHECK\.gradle\native\12488b8bf47d2d4c9fbf2f6322a914ad602e24e48041cd04a747c6da556b65c4\windows-amd64

VM Arguments:
jvm_args: --add-opens=java.base/java.util=ALL-UNNAMED --add-opens=java.base/java.lang=ALL-UNNAMED --add-opens=java.base/java.lang.invoke=ALL-UNNAMED --add-opens=java.prefs/java.util.prefs=ALL-UNNAMED -Xmx2048m -Dfile.encoding=UTF-8 -Duser.country=US -Duser.language=en -Duser.variant 
java_command: org.gradle.launcher.daemon.bootstrap.GradleDaemon 6.7.1
java_class_path (initial): C:\Users\MISHECK\.gradle\wrapper\dists\gradle-6.7.1-bin\bwlcbys1h7rz3272sye1xwiv6\gradle-6.7.1\lib\gradle-launcher-6.7.1.jar
Launcher Type: SUN_STANDARD

[Global flags]
     intx CICompilerCount                          = 2                                         {product} {ergonomic}
     uint ConcGCThreads                            = 1                                         {product} {ergonomic}
     uint G1ConcRefinementThreads                  = 2                                         {product} {ergonomic}
   size_t G1HeapRegionSize                         = 1048576                                   {product} {ergonomic}
    uintx GCDrainStackTargetSize                   = 64                                        {product} {ergonomic}
   size_t InitialHeapSize                          = 67108864                                  {product} {ergonomic}
   size_t MarkStackSize                            = 4194304                                   {product} {ergonomic}
   size_t MaxHeapSize                              = 2147483648                                {product} {command line}
   size_t MaxNewSize                               = 1287651328                                {product} {ergonomic}
   size_t MinHeapDeltaBytes                        = 1048576                                   {product} {ergonomic}
    uintx NonNMethodCodeHeapSize                   = 5825164                                {pd product} {ergonomic}
    uintx NonProfiledCodeHeapSize                  = 122916538                              {pd product} {ergonomic}
    uintx ProfiledCodeHeapSize                     = 122916538                              {pd product} {ergonomic}
    uintx ReservedCodeCacheSize                    = 251658240                              {pd product} {ergonomic}
     bool SegmentedCodeCache                       = true                                      {product} {ergonomic}
     bool UseCompressedClassPointers               = true                                 {lp64_product} {ergonomic}
     bool UseCompressedOops                        = true                                 {lp64_product} {ergonomic}
     bool UseG1GC                                  = true                                      {product} {ergonomic}
     bool UseLargePagesIndividualAllocation        = false                                  {pd product} {ergonomic}

Logging:
Log output configuration:
 #0: stdout all=warning uptime,level,tags
 #1: stderr all=off uptime,level,tags

Environment Variables:
JAVA_HOME=C:\Program Files\Java\jdk1.8.0_191
PATH=C:\Program Files (x86)\Common Files\Oracle\Java\javapath;C:\Windows\system32;C:\Windows;C:\Windows\System32\Wbem;C:\Windows\System32\WindowsPowerShell\v1.0\;C:\Windows\System32\OpenSSH\;C:\Program Files (x86)\Git\cmd;C:\Program Files\nodejs\;C:\Program Files\Java\jdk1.8.0_191\bin;C:\Users\MISHECK\AppData\Roaming\npm;C:\Exercism;C:\Users\MISHECK\AppData\Local\Programs\Python\Python39;C:\Users\MISHECK\AppData\Local\Programs\Microsoft VS Code\bin;C:\Program Files\CodeBlocks\MinGW\bin;
USERNAME=MISHECK
OS=Windows_NT
PROCESSOR_IDENTIFIER=Intel64 Family 6 Model 55 Stepping 8, GenuineIntel



---------------  S Y S T E M  ---------------

OS: Windows 10 , 64 bit Build 17133 (10.0.17133.73)
OS uptime: 2 days 11:35 hours

CPU:total 2 (initial active 2) (2 cores per cpu, 1 threads per core) family 6 model 55 stepping 8, cmov, cx8, fxsr, mmx, sse, sse2, sse3, ssse3, sse4.1, sse4.2, popcnt, clmul, erms, 3dnowpref, tsc, tscinvbit

Memory: 4k page, system-wide physical 3987M (420M free)
TotalPageFile size 5381M (AvailPageFile size 3M)
current process WorkingSet (physical memory assigned to process): 482M, peak: 487M
current process commit charge ("private bytes"): 534M, peak: 539M

vm_info: OpenJDK 64-Bit Server VM (11.0.8+10-b944.6842174) for windows-amd64 JRE (11.0.8+10-b944.6842174), built on Sep 19 2020 01:11:42 by "builder" with MS VC++ 14.0 (VS2015)

END.
