#
# There is insufficient memory for the Java Runtime Environment to continue.
# Native memory allocation (mmap) failed to map 50331648 bytes for Failed to commit area from 0x000000008ec00000 to 0x0000000091c00000 of length 50331648.
# Possible reasons:
#   The system is out of physical RAM or swap space
#   The process is running with CompressedOops enabled, and the Java Heap may be blocking the growth of the native heap
# Possible solutions:
#   Reduce memory load on the system
#   Increase physical memory or swap space
#   Check if swap backing store is full
#   Decrease Java heap size (-Xmx/-Xms)
#   Decrease number of Java threads
#   Decrease Java thread stack sizes (-Xss)
#   Set larger code cache with -XX:ReservedCodeCacheSize=
#   JVM is running with Unscaled Compressed Oops mode in which the Java heap is
#     placed in the first 4GB address space. The Java Heap base address is the
#     maximum limit for the native heap growth. Please use -XX:HeapBaseMinAddress
#     to set the Java Heap base and to place the Java Heap above 4GB virtual address.
# This output file may be truncated or incomplete.
#
#  Out of Memory Error (./src/hotspot/os/windows/os_windows.cpp:3303), pid=13484, tid=7336
#
# JRE version: OpenJDK Runtime Environment (11.0.8+10) (build 11.0.8+10-b944.6842174)
# Java VM: OpenJDK 64-Bit Server VM (11.0.8+10-b944.6842174, mixed mode, tiered, compressed oops, g1 gc, windows-amd64)
# No core dump will be written. Minidumps are not enabled by default on client versions of Windows
#

---------------  S U M M A R Y ------------

Command Line: --add-opens=java.base/java.util=ALL-UNNAMED --add-opens=java.base/java.lang=ALL-UNNAMED --add-opens=java.base/java.lang.invoke=ALL-UNNAMED --add-opens=java.prefs/java.util.prefs=ALL-UNNAMED -Xmx2048m -Dfile.encoding=UTF-8 -Duser.country=US -Duser.language=en -Duser.variant org.gradle.launcher.daemon.bootstrap.GradleDaemon 6.7.1

Host: Intel(R) Celeron(R) CPU  N2840  @ 2.16GHz, 2 cores, 3G,  Windows 10 , 64 bit Build 17133 (10.0.17133.73)
Time: Thu Aug  5 02:03:20 2021 Pacific Daylight Time elapsed time: 3391 seconds (0d 0h 56m 31s)

---------------  T H R E A D  ---------------

Current thread (0x000002923125a000):  VMThread "VM Thread" [stack: 0x000000e96d900000,0x000000e96da00000] [id=7336]

Stack: [0x000000e96d900000,0x000000e96da00000]
[error occurred during error reporting (printing stack bounds), id 0xc0000005, EXCEPTION_ACCESS_VIOLATION (0xc0000005) at pc=0x000002921ae60dbe]

Native frames: (J=compiled Java code, j=interpreted, Vv=VM code, C=native code)
V  [jvm.dll+0x5de50a]
V  [jvm.dll+0x7122f5]
V  [jvm.dll+0x71384d]
V  [jvm.dll+0x713e65]
V  [jvm.dll+0x713e1b]
V  [jvm.dll+0x5dd958]
V  [jvm.dll+0x5de0f8]
C  [ntdll.dll+0x9eddd]
C  [ntdll.dll+0x6c86]
C  [ntdll.dll+0x9dd0e]
C  0x000002921ae60dbe

VM_Operation (0x000000e9760fd190): G1CollectForAllocation, mode: safepoint, requested by thread 0x0000029239ed5800


---------------  P R O C E S S  ---------------

Threads class SMR info:
_java_thread_list=0x0000029238859120, length=137, elements={
0x0000029215d1a800, 0x000002923125e000, 0x0000029231269000, 0x0000029231be0800,
0x0000029231be1800, 0x0000029231be3000, 0x0000029231be7000, 0x00000292312be800,
0x0000029231d1e000, 0x0000029231d64000, 0x00000292330d5800, 0x000002923202c800,
0x0000029232f59800, 0x00000292324d5000, 0x00000292324da000, 0x00000292324d7000,
0x000002923432b000, 0x000002923432c000, 0x0000029234883000, 0x0000029234887000,
0x0000029234888000, 0x0000029234885800, 0x0000029234888800, 0x0000029234886000,
0x0000029234889800, 0x0000029234883800, 0x000002923488a000, 0x0000029234884800,
0x0000029234891000, 0x000002923488b000, 0x000002923488f000, 0x0000029234890000,
0x0000029234891800, 0x000002923488c000, 0x000002923488c800, 0x000002923488d800,
0x000002923488e800, 0x0000029234330000, 0x000002923432a000, 0x0000029234332800,
0x0000029234330800, 0x000002923432d800, 0x0000029234331800, 0x000002923432e800,
0x000002923432f000, 0x0000029234337000, 0x0000029234333000, 0x0000029234336800,
0x0000029234334000, 0x0000029234338000, 0x0000029234339000, 0x0000029234335000,
0x0000029234335800, 0x00000292324d6000, 0x00000292324d7800, 0x00000292324d4800,
0x00000292324d8800, 0x00000292324d9000, 0x00000292324db000, 0x00000292382a4000,
0x00000292382a2800, 0x00000292382a1000, 0x00000292382a0000, 0x000002923829f000,
0x00000292382a1800, 0x00000292382a3000, 0x000002923829e800, 0x00000292382a7800,
0x00000292382a5800, 0x00000292382a6800, 0x00000292382a9800, 0x00000292382a8000,
0x00000292382a9000, 0x00000292382a5000, 0x00000292382ab800, 0x00000292382aa800,
0x00000292382ac000, 0x00000292382ad000, 0x0000029239c45800, 0x0000029239c44800,
0x0000029239c46000, 0x0000029239c43000, 0x0000029239c47000, 0x0000029239c41000,
0x0000029239c48000, 0x0000029239c42000, 0x0000029239c48800, 0x0000029239c49800,
0x0000029239c43800, 0x0000029239c4b000, 0x0000029239c4e800, 0x0000029239c4a000,
0x0000029239c4c000, 0x0000029239c4c800, 0x0000029239c4d800, 0x0000029239c4f000,
0x0000029239c50000, 0x0000029239dad800, 0x0000029239dab000, 0x0000029239dae800,
0x0000029239daf000, 0x0000029239db0000, 0x0000029239dac800, 0x0000029239daa800,
0x0000029239dac000, 0x0000029239db5000, 0x0000029239db3800, 0x0000029239db6800,
0x0000029239db5800, 0x0000029239db2800, 0x0000029239db4000, 0x0000029239db1000,
0x0000029239db7800, 0x0000029239db1800, 0x0000029239db8000, 0x0000029239db9000,
0x000002923a289000, 0x000002923a28c800, 0x000002923a28d000, 0x000002923a28a000,
0x000002923a28e000, 0x000002923a28a800, 0x000002923a28b800, 0x000002923a288000,
0x000002923a28f000, 0x000002923a293800, 0x000002923a28f800, 0x000002923a291000,
0x000002923a292000, 0x000002923a293000, 0x000002923a296000, 0x000002923a290800,
0x000002923a297000, 0x000002923a294800, 0x0000029239ed5800, 0x0000029239ed9000,
0x0000029239ed8000
}

Java Threads: ( => current thread )
  0x0000029215d1a800 JavaThread "main" [_thread_blocked, id=2248, stack(0x000000e96d200000,0x000000e96d300000)]
  0x000002923125e000 JavaThread "Reference Handler" daemon [_thread_blocked, id=9848, stack(0x000000e96da00000,0x000000e96db00000)]
  0x0000029231269000 JavaThread "Finalizer" daemon [_thread_blocked, id=9876, stack(0x000000e96db00000,0x000000e96dc00000)]
  0x0000029231be0800 JavaThread "Signal Dispatcher" daemon [_thread_blocked, id=9020, stack(0x000000e96dc00000,0x000000e96dd00000)]
  0x0000029231be1800 JavaThread "Attach Listener" daemon [_thread_blocked, id=8196, stack(0x000000e96dd00000,0x000000e96de00000)]
  0x0000029231be3000 JavaThread "C2 CompilerThread0" daemon [_thread_blocked, id=7988, stack(0x000000e96de00000,0x000000e96df00000)]
  0x0000029231be7000 JavaThread "C1 CompilerThread0" daemon [_thread_blocked, id=6636, stack(0x000000e96df00000,0x000000e96e000000)]
  0x00000292312be800 JavaThread "Sweeper thread" daemon [_thread_blocked, id=3588, stack(0x000000e96e000000,0x000000e96e100000)]
  0x0000029231d1e000 JavaThread "Common-Cleaner" daemon [_thread_blocked, id=744, stack(0x000000e96e100000,0x000000e96e200000)]
  0x0000029231d64000 JavaThread "Service Thread" daemon [_thread_blocked, id=14288, stack(0x000000e96e200000,0x000000e96e300000)]
  0x00000292330d5800 JavaThread "Daemon health stats" [_thread_blocked, id=13496, stack(0x000000e96e500000,0x000000e96e600000)]
  0x000002923202c800 JavaThread "Incoming local TCP Connector on port 54801" [_thread_in_native, id=2652, stack(0x000000e96e700000,0x000000e96e800000)]
  0x0000029232f59800 JavaThread "Daemon periodic checks" [_thread_blocked, id=1060, stack(0x000000e96e900000,0x000000e96ea00000)]
  0x00000292324d5000 JavaThread "Cache worker for file hash cache (C:\Users\MISHECK\.gradle\caches\6.7.1\fileHashes)" [_thread_blocked, id=3056, stack(0x000000e96f000000,0x000000e96f100000)]
  0x00000292324da000 JavaThread "File lock request listener" [_thread_in_native, id=11696, stack(0x000000e96f100000,0x000000e96f200000)]
  0x00000292324d7000 JavaThread "Cache worker for journal cache (C:\Users\MISHECK\.gradle\caches\journal-1)" [_thread_blocked, id=11320, stack(0x000000e96f200000,0x000000e96f300000)]
  0x000002923432b000 JavaThread "Cache worker for execution history cache (C:\Users\MISHECK\.gradle\caches\6.7.1\executionHistory)" [_thread_blocked, id=3408, stack(0x000000e970c00000,0x000000e970d00000)]
  0x000002923432c000 JavaThread "Cache worker for file content cache (C:\Users\MISHECK\.gradle\caches\6.7.1\fileContent)" [_thread_blocked, id=2156, stack(0x000000e970d00000,0x000000e970e00000)]
  0x0000029234883000 JavaThread "Memory manager" [_thread_blocked, id=11836, stack(0x000000e96d300000,0x000000e96d400000)]
  0x0000029234887000 JavaThread "Daemon Thread 2" [_thread_blocked, id=6772, stack(0x000000e96d000000,0x000000e96d100000)]
  0x0000029234888000 JavaThread "Daemon worker Thread 2" [_thread_blocked, id=8076, stack(0x000000e96e800000,0x000000e96e900000)]
  0x0000029234885800 JavaThread "Handler for socket connection from /127.0.0.1:54801 to /127.0.0.1:54814" [_thread_in_native, id=1952, stack(0x000000e96ea00000,0x000000e96eb00000)]
  0x0000029234888800 JavaThread "Cancel handler" [_thread_blocked, id=12296, stack(0x000000e96eb00000,0x000000e96ec00000)]
  0x0000029234886000 JavaThread "Asynchronous log dispatcher for DefaultDaemonConnection: socket connection from /127.0.0.1:54801 to /127.0.0.1:54814" [_thread_blocked, id=7204, stack(0x000000e96ec00000,0x000000e96ed00000)]
  0x0000029234889800 JavaThread "Stdin handler" [_thread_blocked, id=10400, stack(0x000000e96ed00000,0x000000e96ee00000)]
  0x0000029234883800 JavaThread "Thread-236" [_thread_blocked, id=8436, stack(0x000000e96ee00000,0x000000e96ef00000)]
  0x000002923488a000 JavaThread "Cache worker for file hash cache (C:\Users\MISHECK\AndroidStudioProjects\ChildSafetyApp\.gradle\6.7.1\fileHashes)" [_thread_blocked, id=3896, stack(0x000000e96ef00000,0x000000e96f000000)]
  0x0000029234884800 JavaThread "Cache worker for checksums cache (C:\Users\MISHECK\AndroidStudioProjects\ChildSafetyApp\.gradle\checksums)" [_thread_blocked, id=4780, stack(0x000000e96f300000,0x000000e96f400000)]
  0x0000029234891000 JavaThread "Cache worker for cache directory md-supplier (C:\Users\MISHECK\.gradle\caches\6.7.1\md-supplier)" [_thread_blocked, id=2876, stack(0x000000e96f400000,0x000000e96f500000)]
  0x000002923488b000 JavaThread "Cache worker for cache directory md-rule (C:\Users\MISHECK\.gradle\caches\6.7.1\md-rule)" [_thread_blocked, id=8708, stack(0x000000e96f500000,0x000000e96f600000)]
  0x000002923488f000 JavaThread "Cache worker for Build Output Cleanup Cache (C:\Users\MISHECK\AndroidStudioProjects\ChildSafetyApp\.gradle\buildOutputCleanup)" [_thread_blocked, id=12620, stack(0x000000e96f600000,0x000000e96f700000)]
  0x0000029234890000 JavaThread "Build operations" [_thread_blocked, id=11376, stack(0x000000e96f700000,0x000000e96f800000)]
  0x0000029234891800 JavaThread "Build operations Thread 2" [_thread_blocked, id=10204, stack(0x000000e96f800000,0x000000e96f900000)]
  0x000002923488c000 JavaThread "jar transforms Thread 195" [_thread_blocked, id=10760, stack(0x000000e96f900000,0x000000e96fa00000)]
  0x000002923488c800 JavaThread "jar transforms Thread 196" [_thread_blocked, id=3540, stack(0x000000e96fa00000,0x000000e96fb00000)]
  0x000002923488d800 JavaThread "jar transforms Thread 197" [_thread_blocked, id=10480, stack(0x000000e96fb00000,0x000000e96fc00000)]
  0x000002923488e800 JavaThread "jar transforms Thread 198" [_thread_blocked, id=13896, stack(0x000000e96fc00000,0x000000e96fd00000)]
  0x0000029234330000 JavaThread "jar transforms Thread 199" [_thread_blocked, id=8276, stack(0x000000e96fd00000,0x000000e96fe00000)]
  0x000002923432a000 JavaThread "jar transforms Thread 200" [_thread_blocked, id=11600, stack(0x000000e96fe00000,0x000000e96ff00000)]
  0x0000029234332800 JavaThread "jar transforms Thread 201" [_thread_blocked, id=13088, stack(0x000000e96ff00000,0x000000e970000000)]
  0x0000029234330800 JavaThread "jar transforms Thread 202" [_thread_blocked, id=12780, stack(0x000000e970000000,0x000000e970100000)]
  0x000002923432d800 JavaThread "jar transforms Thread 203" [_thread_blocked, id=11876, stack(0x000000e970100000,0x000000e970200000)]
  0x0000029234331800 JavaThread "jar transforms Thread 204" [_thread_blocked, id=10124, stack(0x000000e970200000,0x000000e970300000)]
  0x000002923432e800 JavaThread "jar transforms Thread 205" [_thread_blocked, id=12496, stack(0x000000e970300000,0x000000e970400000)]
  0x000002923432f000 JavaThread "jar transforms Thread 206" [_thread_blocked, id=1192, stack(0x000000e970400000,0x000000e970500000)]
  0x0000029234337000 JavaThread "jar transforms Thread 207" [_thread_blocked, id=13984, stack(0x000000e970500000,0x000000e970600000)]
  0x0000029234333000 JavaThread "jar transforms Thread 208" [_thread_blocked, id=7860, stack(0x000000e970600000,0x000000e970700000)]
  0x0000029234336800 JavaThread "jar transforms Thread 209" [_thread_blocked, id=10916, stack(0x000000e970700000,0x000000e970800000)]
  0x0000029234334000 JavaThread "jar transforms Thread 210" [_thread_blocked, id=1160, stack(0x000000e970800000,0x000000e970900000)]
  0x0000029234338000 JavaThread "jar transforms Thread 211" [_thread_blocked, id=12972, stack(0x000000e970900000,0x000000e970a00000)]
  0x0000029234339000 JavaThread "jar transforms Thread 212" [_thread_blocked, id=1348, stack(0x000000e970a00000,0x000000e970b00000)]
  0x0000029234335000 JavaThread "jar transforms Thread 213" [_thread_blocked, id=11248, stack(0x000000e970b00000,0x000000e970c00000)]
  0x0000029234335800 JavaThread "jar transforms Thread 214" [_thread_blocked, id=13940, stack(0x000000e970e00000,0x000000e970f00000)]
  0x00000292324d6000 JavaThread "jar transforms Thread 215" [_thread_blocked, id=2944, stack(0x000000e970f00000,0x000000e971000000)]
  0x00000292324d7800 JavaThread "jar transforms Thread 216" [_thread_blocked, id=8664, stack(0x000000e971000000,0x000000e971100000)]
  0x00000292324d4800 JavaThread "jar transforms Thread 217" [_thread_blocked, id=6700, stack(0x000000e971100000,0x000000e971200000)]
  0x00000292324d8800 JavaThread "jar transforms Thread 218" [_thread_blocked, id=11344, stack(0x000000e971200000,0x000000e971300000)]
  0x00000292324d9000 JavaThread "jar transforms Thread 219" [_thread_blocked, id=12984, stack(0x000000e971300000,0x000000e971400000)]
  0x00000292324db000 JavaThread "jar transforms Thread 220" [_thread_blocked, id=12092, stack(0x000000e971400000,0x000000e971500000)]
  0x00000292382a4000 JavaThread "jar transforms Thread 221" [_thread_blocked, id=7000, stack(0x000000e971500000,0x000000e971600000)]
  0x00000292382a2800 JavaThread "jar transforms Thread 222" [_thread_blocked, id=7528, stack(0x000000e971600000,0x000000e971700000)]
  0x00000292382a1000 JavaThread "jar transforms Thread 223" [_thread_blocked, id=6416, stack(0x000000e971700000,0x000000e971800000)]
  0x00000292382a0000 JavaThread "jar transforms Thread 224" [_thread_blocked, id=13104, stack(0x000000e971800000,0x000000e971900000)]
  0x000002923829f000 JavaThread "jar transforms Thread 225" [_thread_blocked, id=9468, stack(0x000000e971900000,0x000000e971a00000)]
  0x00000292382a1800 JavaThread "jar transforms Thread 226" [_thread_blocked, id=5384, stack(0x000000e971a00000,0x000000e971b00000)]
  0x00000292382a3000 JavaThread "jar transforms Thread 227" [_thread_blocked, id=6436, stack(0x000000e971b00000,0x000000e971c00000)]
  0x000002923829e800 JavaThread "jar transforms Thread 228" [_thread_blocked, id=10276, stack(0x000000e971c00000,0x000000e971d00000)]
  0x00000292382a7800 JavaThread "jar transforms Thread 229" [_thread_blocked, id=6348, stack(0x000000e971d00000,0x000000e971e00000)]
  0x00000292382a5800 JavaThread "jar transforms Thread 230" [_thread_blocked, id=5688, stack(0x000000e971e00000,0x000000e971f00000)]
  0x00000292382a6800 JavaThread "jar transforms Thread 231" [_thread_blocked, id=14224, stack(0x000000e971f00000,0x000000e972000000)]
  0x00000292382a9800 JavaThread "jar transforms Thread 232" [_thread_blocked, id=5356, stack(0x000000e972000000,0x000000e972100000)]
  0x00000292382a8000 JavaThread "jar transforms Thread 233" [_thread_blocked, id=12028, stack(0x000000e972100000,0x000000e972200000)]
  0x00000292382a9000 JavaThread "jar transforms Thread 234" [_thread_blocked, id=13676, stack(0x000000e972200000,0x000000e972300000)]
  0x00000292382a5000 JavaThread "jar transforms Thread 235" [_thread_blocked, id=3600, stack(0x000000e972300000,0x000000e972400000)]
  0x00000292382ab800 JavaThread "jar transforms Thread 236" [_thread_blocked, id=10632, stack(0x000000e972400000,0x000000e972500000)]
  0x00000292382aa800 JavaThread "jar transforms Thread 237" [_thread_blocked, id=5544, stack(0x000000e972500000,0x000000e972600000)]
  0x00000292382ac000 JavaThread "jar transforms Thread 238" [_thread_blocked, id=11556, stack(0x000000e972600000,0x000000e972700000)]
  0x00000292382ad000 JavaThread "jar transforms Thread 239" [_thread_blocked, id=2948, stack(0x000000e972700000,0x000000e972800000)]
  0x0000029239c45800 JavaThread "jar transforms Thread 240" [_thread_blocked, id=5912, stack(0x000000e972800000,0x000000e972900000)]
  0x0000029239c44800 JavaThread "jar transforms Thread 241" [_thread_blocked, id=1236, stack(0x000000e972900000,0x000000e972a00000)]
  0x0000029239c46000 JavaThread "jar transforms Thread 242" [_thread_blocked, id=13968, stack(0x000000e972a00000,0x000000e972b00000)]
  0x0000029239c43000 JavaThread "jar transforms Thread 243" [_thread_blocked, id=13364, stack(0x000000e972b00000,0x000000e972c00000)]
  0x0000029239c47000 JavaThread "jar transforms Thread 244" [_thread_blocked, id=6568, stack(0x000000e972c00000,0x000000e972d00000)]
  0x0000029239c41000 JavaThread "jar transforms Thread 245" [_thread_blocked, id=6656, stack(0x000000e972d00000,0x000000e972e00000)]
  0x0000029239c48000 JavaThread "jar transforms Thread 246" [_thread_blocked, id=10392, stack(0x000000e972e00000,0x000000e972f00000)]
  0x0000029239c42000 JavaThread "jar transforms Thread 247" [_thread_blocked, id=8284, stack(0x000000e972f00000,0x000000e973000000)]
  0x0000029239c48800 JavaThread "jar transforms Thread 248" [_thread_blocked, id=4336, stack(0x000000e973000000,0x000000e973100000)]
  0x0000029239c49800 JavaThread "jar transforms Thread 249" [_thread_blocked, id=4232, stack(0x000000e973100000,0x000000e973200000)]
  0x0000029239c43800 JavaThread "jar transforms Thread 250" [_thread_blocked, id=9412, stack(0x000000e973200000,0x000000e973300000)]
  0x0000029239c4b000 JavaThread "jar transforms Thread 251" [_thread_blocked, id=14156, stack(0x000000e973300000,0x000000e973400000)]
  0x0000029239c4e800 JavaThread "jar transforms Thread 252" [_thread_blocked, id=14332, stack(0x000000e973400000,0x000000e973500000)]
  0x0000029239c4a000 JavaThread "jar transforms Thread 253" [_thread_blocked, id=5700, stack(0x000000e973500000,0x000000e973600000)]
  0x0000029239c4c000 JavaThread "jar transforms Thread 254" [_thread_blocked, id=14008, stack(0x000000e973600000,0x000000e973700000)]
  0x0000029239c4c800 JavaThread "jar transforms Thread 255" [_thread_blocked, id=1928, stack(0x000000e973700000,0x000000e973800000)]
  0x0000029239c4d800 JavaThread "jar transforms Thread 256" [_thread_blocked, id=5900, stack(0x000000e973800000,0x000000e973900000)]
  0x0000029239c4f000 JavaThread "jar transforms Thread 257" [_thread_blocked, id=8240, stack(0x000000e973900000,0x000000e973a00000)]
  0x0000029239c50000 JavaThread "jar transforms Thread 258" [_thread_blocked, id=9760, stack(0x000000e973a00000,0x000000e973b00000)]
  0x0000029239dad800 JavaThread "jar transforms Thread 259" [_thread_blocked, id=4328, stack(0x000000e973b00000,0x000000e973c00000)]
  0x0000029239dab000 JavaThread "jar transforms Thread 260" [_thread_blocked, id=12516, stack(0x000000e973c00000,0x000000e973d00000)]
  0x0000029239dae800 JavaThread "jar transforms Thread 261" [_thread_blocked, id=8852, stack(0x000000e973d00000,0x000000e973e00000)]
  0x0000029239daf000 JavaThread "jar transforms Thread 262" [_thread_blocked, id=9764, stack(0x000000e973e00000,0x000000e973f00000)]
  0x0000029239db0000 JavaThread "jar transforms Thread 263" [_thread_blocked, id=9272, stack(0x000000e973f00000,0x000000e974000000)]
  0x0000029239dac800 JavaThread "jar transforms Thread 264" [_thread_blocked, id=6096, stack(0x000000e974000000,0x000000e974100000)]
  0x0000029239daa800 JavaThread "jar transforms Thread 265" [_thread_blocked, id=7828, stack(0x000000e974100000,0x000000e974200000)]
  0x0000029239dac000 JavaThread "jar transforms Thread 266" [_thread_blocked, id=8888, stack(0x000000e974200000,0x000000e974300000)]
  0x0000029239db5000 JavaThread "jar transforms Thread 267" [_thread_blocked, id=7420, stack(0x000000e974300000,0x000000e974400000)]
  0x0000029239db3800 JavaThread "jar transforms Thread 268" [_thread_blocked, id=3672, stack(0x000000e974400000,0x000000e974500000)]
  0x0000029239db6800 JavaThread "jar transforms Thread 269" [_thread_blocked, id=4852, stack(0x000000e974500000,0x000000e974600000)]
  0x0000029239db5800 JavaThread "jar transforms Thread 270" [_thread_blocked, id=4956, stack(0x000000e974600000,0x000000e974700000)]
  0x0000029239db2800 JavaThread "jar transforms Thread 271" [_thread_blocked, id=10636, stack(0x000000e974700000,0x000000e974800000)]
  0x0000029239db4000 JavaThread "jar transforms Thread 272" [_thread_blocked, id=13436, stack(0x000000e974800000,0x000000e974900000)]
  0x0000029239db1000 JavaThread "jar transforms Thread 273" [_thread_blocked, id=4056, stack(0x000000e974900000,0x000000e974a00000)]
  0x0000029239db7800 JavaThread "jar transforms Thread 274" [_thread_blocked, id=12432, stack(0x000000e974a00000,0x000000e974b00000)]
  0x0000029239db1800 JavaThread "jar transforms Thread 275" [_thread_blocked, id=11076, stack(0x000000e974b00000,0x000000e974c00000)]
  0x0000029239db8000 JavaThread "jar transforms Thread 276" [_thread_blocked, id=13412, stack(0x000000e974c00000,0x000000e974d00000)]
  0x0000029239db9000 JavaThread "jar transforms Thread 277" [_thread_blocked, id=184, stack(0x000000e974d00000,0x000000e974e00000)]
  0x000002923a289000 JavaThread "jar transforms Thread 278" [_thread_blocked, id=13060, stack(0x000000e974e00000,0x000000e974f00000)]
  0x000002923a28c800 JavaThread "jar transforms Thread 279" [_thread_blocked, id=8812, stack(0x000000e974f00000,0x000000e975000000)]
  0x000002923a28d000 JavaThread "jar transforms Thread 280" [_thread_blocked, id=7448, stack(0x000000e975000000,0x000000e975100000)]
  0x000002923a28a000 JavaThread "jar transforms Thread 281" [_thread_blocked, id=9512, stack(0x000000e975100000,0x000000e975200000)]
  0x000002923a28e000 JavaThread "jar transforms Thread 282" [_thread_blocked, id=10696, stack(0x000000e975200000,0x000000e975300000)]
  0x000002923a28a800 JavaThread "jar transforms Thread 283" [_thread_blocked, id=4492, stack(0x000000e975300000,0x000000e975400000)]
  0x000002923a28b800 JavaThread "jar transforms Thread 284" [_thread_blocked, id=11088, stack(0x000000e975400000,0x000000e975500000)]
  0x000002923a288000 JavaThread "jar transforms Thread 285" [_thread_blocked, id=7004, stack(0x000000e975500000,0x000000e975600000)]
  0x000002923a28f000 JavaThread "jar transforms Thread 286" [_thread_blocked, id=8988, stack(0x000000e975600000,0x000000e975700000)]
  0x000002923a293800 JavaThread "jar transforms Thread 287" [_thread_blocked, id=2716, stack(0x000000e975700000,0x000000e975800000)]
  0x000002923a28f800 JavaThread "jar transforms Thread 288" [_thread_blocked, id=1528, stack(0x000000e975800000,0x000000e975900000)]
  0x000002923a291000 JavaThread "jar transforms Thread 289" [_thread_blocked, id=13696, stack(0x000000e975900000,0x000000e975a00000)]
  0x000002923a292000 JavaThread "jar transforms Thread 290" [_thread_blocked, id=10952, stack(0x000000e975a00000,0x000000e975b00000)]
  0x000002923a293000 JavaThread "jar transforms Thread 291" [_thread_blocked, id=3680, stack(0x000000e975b00000,0x000000e975c00000)]
  0x000002923a296000 JavaThread "build event listener" [_thread_blocked, id=4828, stack(0x000000e975c00000,0x000000e975d00000)]
  0x000002923a290800 JavaThread "build event listener" [_thread_blocked, id=6044, stack(0x000000e975d00000,0x000000e975e00000)]
  0x000002923a297000 JavaThread "Execution worker for ':'" [_thread_blocked, id=11880, stack(0x000000e975e00000,0x000000e975f00000)]
  0x000002923a294800 JavaThread "Cache worker for execution history cache (C:\Users\MISHECK\AndroidStudioProjects\ChildSafetyApp\.gradle\6.7.1\executionHistory)" [_thread_blocked, id=8152, stack(0x000000e975f00000,0x000000e976000000)]
  0x0000029239ed5800 JavaThread "WorkerExecutor Queue" [_thread_blocked, id=3044, stack(0x000000e976000000,0x000000e976100000)]
  0x0000029239ed9000 JavaThread "WorkerExecutor Queue Thread 2" [_thread_blocked, id=9528, stack(0x000000e976100000,0x000000e976200000)]
  0x0000029239ed8000 JavaThread "Java2D Disposer" daemon [_thread_blocked, id=12352, stack(0x000000e976400000,0x000000e976500000)]

Other Threads:
=>0x000002923125a000 VMThread "VM Thread" [stack: 0x000000e96d900000,0x000000e96da00000] [id=7336]
  0x0000029231d5b000 WatcherThread [stack: 0x000000e96e300000,0x000000e96e400000] [id=12584]
  0x0000029215d31800 GCTaskThread "GC Thread#0" [stack: 0x000000e96d400000,0x000000e96d500000] [id=9288]
  0x0000029231e61800 GCTaskThread "GC Thread#1" [stack: 0x000000e96e400000,0x000000e96e500000] [id=8800]
  0x0000029215d60800 ConcurrentGCThread "G1 Main Marker" [stack: 0x000000e96d500000,0x000000e96d600000] [id=11616]
  0x0000029215d63000 ConcurrentGCThread "G1 Conc#0" [stack: 0x000000e96d600000,0x000000e96d700000] [id=5804]
  0x0000029215db2000 ConcurrentGCThread "G1 Refine#0" [stack: 0x000000e96d700000,0x000000e96d800000] [id=8816]
  0x0000029215db3000 ConcurrentGCThread "G1 Young RemSet Sampling" [stack: 0x000000e96d800000,0x000000e96d900000] [id=9992]

Threads with active compile tasks:
C2 CompilerThread03391895 15523       4       sun.java2d.marlin.DRenderer::_endRendering (2480 bytes)

VM state:at safepoint (normal execution)

VM Mutex/Monitor currently owned by a thread:  ([mutex/lock_event])
[0x0000029215d19f20] Threads_lock - owner thread: 0x000002923125a000
[0x0000029215d19230] Heap_lock - owner thread: 0x0000029239ed5800

Heap address: 0x0000000080000000, size: 2048 MB, Compressed Oops mode: 32-bit
Narrow klass base: 0x0000000000000000, Narrow klass shift: 3
Compressed class space size: 1073741824 Address: 0x0000000100000000

Heap:
 garbage-first heap   total 290816K, used 157880K [0x0000000080000000, 0x0000000100000000)
  region size 1024K, 3 young (3072K), 3 survivors (3072K)
 Metaspace       used 110762K, capacity 113790K, committed 113920K, reserved 1148928K
  class space    used 13602K, capacity 14591K, committed 14592K, reserved 1048576K
Heap Regions: E=young(eden), S=young(survivor), O=old, HS=humongous(starts), HC=humongous(continues), CS=collection set, F=free, A=archive, TAMS=top-at-mark-start (previous, next)
|   0|0x0000000080000000, 0x0000000080100000, 0x0000000080100000|100%| O|  |TAMS 0x0000000080100000, 0x0000000080100000| Untracked 
|   1|0x0000000080100000, 0x0000000080200000, 0x0000000080200000|100%| O|  |TAMS 0x0000000080200000, 0x0000000080200000| Untracked 
|   2|0x0000000080200000, 0x0000000080300000, 0x0000000080300000|100%| O|  |TAMS 0x0000000080300000, 0x0000000080300000| Untracked 
|   3|0x0000000080300000, 0x0000000080400000, 0x0000000080400000|100%| O|  |TAMS 0x0000000080400000, 0x0000000080400000| Untracked 
|   4|0x0000000080400000, 0x0000000080500000, 0x0000000080500000|100%|HS|  |TAMS 0x0000000080500000, 0x0000000080500000| Complete 
|   5|0x0000000080500000, 0x0000000080600000, 0x0000000080600000|100%|HC|  |TAMS 0x0000000080600000, 0x0000000080600000| Complete 
|   6|0x0000000080600000, 0x0000000080700000, 0x0000000080700000|100%|HC|  |TAMS 0x0000000080700000, 0x0000000080700000| Complete 
|   7|0x0000000080700000, 0x0000000080800000, 0x0000000080800000|100%| O|  |TAMS 0x0000000080800000, 0x0000000080800000| Untracked 
|   8|0x0000000080800000, 0x0000000080900000, 0x0000000080900000|100%| O|  |TAMS 0x0000000080900000, 0x0000000080900000| Untracked 
|   9|0x0000000080900000, 0x0000000080a00000, 0x0000000080a00000|100%| O|  |TAMS 0x0000000080a00000, 0x0000000080a00000| Untracked 
|  10|0x0000000080a00000, 0x0000000080b00000, 0x0000000080b00000|100%| O|  |TAMS 0x0000000080b00000, 0x0000000080b00000| Untracked 
|  11|0x0000000080b00000, 0x0000000080c00000, 0x0000000080c00000|100%| O|  |TAMS 0x0000000080c00000, 0x0000000080c00000| Untracked 
|  12|0x0000000080c00000, 0x0000000080d00000, 0x0000000080d00000|100%| O|  |TAMS 0x0000000080d00000, 0x0000000080d00000| Untracked 
|  13|0x0000000080d00000, 0x0000000080e00000, 0x0000000080e00000|100%| O|  |TAMS 0x0000000080e00000, 0x0000000080e00000| Untracked 
|  14|0x0000000080e00000, 0x0000000080f00000, 0x0000000080f00000|100%| O|  |TAMS 0x0000000080f00000, 0x0000000080f00000| Untracked 
|  15|0x0000000080f00000, 0x0000000081000000, 0x0000000081000000|100%|HS|  |TAMS 0x0000000081000000, 0x0000000081000000| Complete 
|  16|0x0000000081000000, 0x0000000081100000, 0x0000000081100000|100%|HC|  |TAMS 0x0000000081100000, 0x0000000081100000| Complete 
|  17|0x0000000081100000, 0x0000000081200000, 0x0000000081200000|100%|HS|  |TAMS 0x0000000081200000, 0x0000000081200000| Complete 
|  18|0x0000000081200000, 0x0000000081300000, 0x0000000081300000|100%|HC|  |TAMS 0x0000000081300000, 0x0000000081300000| Complete 
|  19|0x0000000081300000, 0x0000000081400000, 0x0000000081400000|100%|HC|  |TAMS 0x0000000081400000, 0x0000000081400000| Complete 
|  20|0x0000000081400000, 0x0000000081500000, 0x0000000081500000|100%| O|  |TAMS 0x0000000081500000, 0x0000000081500000| Untracked 
|  21|0x0000000081500000, 0x0000000081600000, 0x0000000081600000|100%|HS|  |TAMS 0x0000000081600000, 0x0000000081600000| Complete 
|  22|0x0000000081600000, 0x0000000081700000, 0x0000000081700000|100%|HC|  |TAMS 0x0000000081700000, 0x0000000081700000| Complete 
|  23|0x0000000081700000, 0x0000000081800000, 0x0000000081800000|100%|HC|  |TAMS 0x0000000081800000, 0x0000000081800000| Complete 
|  24|0x0000000081800000, 0x0000000081900000, 0x0000000081900000|100%|HC|  |TAMS 0x0000000081900000, 0x0000000081900000| Complete 
|  25|0x0000000081900000, 0x0000000081a00000, 0x0000000081a00000|100%| O|  |TAMS 0x0000000081a00000, 0x0000000081a00000| Untracked 
|  26|0x0000000081a00000, 0x0000000081b00000, 0x0000000081b00000|100%| O|  |TAMS 0x0000000081b00000, 0x0000000081b00000| Untracked 
|  27|0x0000000081b00000, 0x0000000081c00000, 0x0000000081c00000|100%| O|  |TAMS 0x0000000081c00000, 0x0000000081c00000| Untracked 
|  28|0x0000000081c00000, 0x0000000081d00000, 0x0000000081d00000|100%| O|  |TAMS 0x0000000081d00000, 0x0000000081d00000| Untracked 
|  29|0x0000000081d00000, 0x0000000081e00000, 0x0000000081e00000|100%| O|  |TAMS 0x0000000081e00000, 0x0000000081e00000| Untracked 
|  30|0x0000000081e00000, 0x0000000081f00000, 0x0000000081f00000|100%| O|  |TAMS 0x0000000081f00000, 0x0000000081f00000| Untracked 
|  31|0x0000000081f00000, 0x0000000082000000, 0x0000000082000000|100%| O|  |TAMS 0x0000000082000000, 0x0000000082000000| Untracked 
|  32|0x0000000082000000, 0x0000000082100000, 0x0000000082100000|100%| O|  |TAMS 0x0000000082100000, 0x0000000082100000| Untracked 
|  33|0x0000000082100000, 0x0000000082200000, 0x0000000082200000|100%| O|  |TAMS 0x0000000082200000, 0x0000000082200000| Untracked 
|  34|0x0000000082200000, 0x0000000082300000, 0x0000000082300000|100%|HS|  |TAMS 0x0000000082300000, 0x0000000082300000| Complete 
|  35|0x0000000082300000, 0x0000000082400000, 0x0000000082400000|100%|HC|  |TAMS 0x0000000082400000, 0x0000000082400000| Complete 
|  36|0x0000000082400000, 0x0000000082500000, 0x0000000082500000|100%|HC|  |TAMS 0x0000000082500000, 0x0000000082500000| Complete 
|  37|0x0000000082500000, 0x0000000082600000, 0x0000000082600000|100%|HC|  |TAMS 0x0000000082600000, 0x0000000082600000| Complete 
|  38|0x0000000082600000, 0x0000000082700000, 0x0000000082700000|100%| O|  |TAMS 0x0000000082700000, 0x0000000082700000| Untracked 
|  39|0x0000000082700000, 0x0000000082800000, 0x0000000082800000|100%| O|  |TAMS 0x0000000082800000, 0x0000000082800000| Untracked 
|  40|0x0000000082800000, 0x0000000082900000, 0x0000000082900000|100%| O|  |TAMS 0x0000000082900000, 0x0000000082900000| Untracked 
|  41|0x0000000082900000, 0x0000000082a00000, 0x0000000082a00000|100%| O|  |TAMS 0x0000000082a00000, 0x0000000082a00000| Untracked 
|  42|0x0000000082a00000, 0x0000000082b00000, 0x0000000082b00000|100%| O|  |TAMS 0x0000000082b00000, 0x0000000082b00000| Untracked 
|  43|0x0000000082b00000, 0x0000000082c00000, 0x0000000082c00000|100%|HS|  |TAMS 0x0000000082c00000, 0x0000000082c00000| Complete 
|  44|0x0000000082c00000, 0x0000000082d00000, 0x0000000082d00000|100%|HC|  |TAMS 0x0000000082d00000, 0x0000000082d00000| Complete 
|  45|0x0000000082d00000, 0x0000000082e00000, 0x0000000082e00000|100%|HC|  |TAMS 0x0000000082e00000, 0x0000000082e00000| Complete 
|  46|0x0000000082e00000, 0x0000000082f00000, 0x0000000082f00000|100%| O|  |TAMS 0x0000000082f00000, 0x0000000082f00000| Untracked 
|  47|0x0000000082f00000, 0x0000000083000000, 0x0000000083000000|100%| O|  |TAMS 0x0000000083000000, 0x0000000083000000| Untracked 
|  48|0x0000000083000000, 0x0000000083100000, 0x0000000083100000|100%| O|  |TAMS 0x0000000083100000, 0x0000000083100000| Untracked 
|  49|0x0000000083100000, 0x0000000083200000, 0x0000000083200000|100%| O|  |TAMS 0x0000000083200000, 0x0000000083200000| Untracked 
|  50|0x0000000083200000, 0x0000000083300000, 0x0000000083300000|100%| O|  |TAMS 0x0000000083300000, 0x0000000083300000| Untracked 
|  51|0x0000000083300000, 0x0000000083400000, 0x0000000083400000|100%| O|  |TAMS 0x0000000083400000, 0x0000000083400000| Untracked 
|  52|0x0000000083400000, 0x0000000083500000, 0x0000000083500000|100%|HS|  |TAMS 0x0000000083500000, 0x0000000083500000| Complete 
|  53|0x0000000083500000, 0x0000000083600000, 0x0000000083600000|100%| O|  |TAMS 0x0000000083600000, 0x0000000083600000| Untracked 
|  54|0x0000000083600000, 0x0000000083700000, 0x0000000083700000|100%|HS|  |TAMS 0x0000000083700000, 0x0000000083700000| Complete 
|  55|0x0000000083700000, 0x0000000083800000, 0x0000000083800000|100%|HC|  |TAMS 0x0000000083800000, 0x0000000083800000| Complete 
|  56|0x0000000083800000, 0x0000000083900000, 0x0000000083900000|100%| O|  |TAMS 0x0000000083900000, 0x0000000083900000| Untracked 
|  57|0x0000000083900000, 0x0000000083a00000, 0x0000000083a00000|100%| O|  |TAMS 0x0000000083a00000, 0x0000000083a00000| Untracked 
|  58|0x0000000083a00000, 0x0000000083b00000, 0x0000000083b00000|100%| O|  |TAMS 0x0000000083b00000, 0x0000000083b00000| Untracked 
|  59|0x0000000083b00000, 0x0000000083c00000, 0x0000000083c00000|100%| O|  |TAMS 0x0000000083c00000, 0x0000000083c00000| Untracked 
|  60|0x0000000083c00000, 0x0000000083d00000, 0x0000000083d00000|100%| O|  |TAMS 0x0000000083d00000, 0x0000000083d00000| Untracked 
|  61|0x0000000083d00000, 0x0000000083e00000, 0x0000000083e00000|100%| O|  |TAMS 0x0000000083e00000, 0x0000000083e00000| Untracked 
|  62|0x0000000083e00000, 0x0000000083f00000, 0x0000000083f00000|100%| O|  |TAMS 0x0000000083f00000, 0x0000000083f00000| Untracked 
|  63|0x0000000083f00000, 0x0000000084000000, 0x0000000084000000|100%| O|  |TAMS 0x0000000084000000, 0x0000000084000000| Untracked 
|  64|0x0000000084000000, 0x0000000084100000, 0x0000000084100000|100%| O|  |TAMS 0x0000000084100000, 0x0000000084100000| Untracked 
|  65|0x0000000084100000, 0x0000000084200000, 0x0000000084200000|100%| O|  |TAMS 0x0000000084200000, 0x0000000084200000| Untracked 
|  66|0x0000000084200000, 0x0000000084300000, 0x0000000084300000|100%| O|  |TAMS 0x0000000084300000, 0x0000000084300000| Untracked 
|  67|0x0000000084300000, 0x0000000084400000, 0x0000000084400000|100%| O|  |TAMS 0x0000000084400000, 0x0000000084400000| Untracked 
|  68|0x0000000084400000, 0x0000000084500000, 0x0000000084500000|100%| O|  |TAMS 0x0000000084500000, 0x0000000084500000| Untracked 
|  69|0x0000000084500000, 0x0000000084600000, 0x0000000084600000|100%| O|  |TAMS 0x0000000084600000, 0x0000000084600000| Untracked 
|  70|0x0000000084600000, 0x0000000084700000, 0x0000000084700000|100%| O|  |TAMS 0x0000000084700000, 0x0000000084700000| Untracked 
|  71|0x0000000084700000, 0x0000000084800000, 0x0000000084800000|100%| O|  |TAMS 0x0000000084800000, 0x0000000084800000| Untracked 
|  72|0x0000000084800000, 0x0000000084900000, 0x0000000084900000|100%| O|  |TAMS 0x0000000084900000, 0x0000000084900000| Untracked 
|  73|0x0000000084900000, 0x0000000084a00000, 0x0000000084a00000|100%| O|  |TAMS 0x0000000084a00000, 0x0000000084a00000| Untracked 
|  74|0x0000000084a00000, 0x0000000084b00000, 0x0000000084b00000|100%| O|  |TAMS 0x0000000084b00000, 0x0000000084b00000| Untracked 
|  75|0x0000000084b00000, 0x0000000084c00000, 0x0000000084c00000|100%| O|  |TAMS 0x0000000084c00000, 0x0000000084c00000| Untracked 
|  76|0x0000000084c00000, 0x0000000084d00000, 0x0000000084d00000|100%| O|  |TAMS 0x0000000084d00000, 0x0000000084d00000| Untracked 
|  77|0x0000000084d00000, 0x0000000084e00000, 0x0000000084e00000|100%| O|  |TAMS 0x0000000084e00000, 0x0000000084e00000| Untracked 
|  78|0x0000000084e00000, 0x0000000084f00000, 0x0000000084f00000|100%| O|  |TAMS 0x0000000084f00000, 0x0000000084f00000| Untracked 
|  79|0x0000000084f00000, 0x0000000085000000, 0x0000000085000000|100%| O|  |TAMS 0x0000000085000000, 0x0000000085000000| Untracked 
|  80|0x0000000085000000, 0x0000000085100000, 0x0000000085100000|100%| O|  |TAMS 0x0000000085100000, 0x0000000085100000| Untracked 
|  81|0x0000000085100000, 0x0000000085200000, 0x0000000085200000|100%| O|  |TAMS 0x0000000085200000, 0x0000000085200000| Untracked 
|  82|0x0000000085200000, 0x0000000085300000, 0x0000000085300000|100%| O|  |TAMS 0x0000000085300000, 0x0000000085300000| Untracked 
|  83|0x0000000085300000, 0x0000000085400000, 0x0000000085400000|100%| O|  |TAMS 0x0000000085400000, 0x0000000085400000| Untracked 
|  84|0x0000000085400000, 0x0000000085500000, 0x0000000085500000|100%| O|  |TAMS 0x0000000085500000, 0x0000000085500000| Untracked 
|  85|0x0000000085500000, 0x0000000085600000, 0x0000000085600000|100%| O|  |TAMS 0x0000000085600000, 0x0000000085600000| Untracked 
|  86|0x0000000085600000, 0x0000000085700000, 0x0000000085700000|100%| O|  |TAMS 0x0000000085700000, 0x0000000085700000| Untracked 
|  87|0x0000000085700000, 0x0000000085800000, 0x0000000085800000|100%| O|  |TAMS 0x0000000085800000, 0x0000000085800000| Untracked 
|  88|0x0000000085800000, 0x0000000085900000, 0x0000000085900000|100%| O|  |TAMS 0x0000000085900000, 0x0000000085900000| Untracked 
|  89|0x0000000085900000, 0x0000000085a00000, 0x0000000085a00000|100%| O|  |TAMS 0x0000000085a00000, 0x0000000085a00000| Untracked 
|  90|0x0000000085a00000, 0x0000000085b00000, 0x0000000085b00000|100%| O|  |TAMS 0x0000000085b00000, 0x0000000085b00000| Untracked 
|  91|0x0000000085b00000, 0x0000000085c00000, 0x0000000085c00000|100%| O|  |TAMS 0x0000000085c00000, 0x0000000085c00000| Untracked 
|  92|0x0000000085c00000, 0x0000000085d00000, 0x0000000085d00000|100%| O|  |TAMS 0x0000000085d00000, 0x0000000085d00000| Untracked 
|  93|0x0000000085d00000, 0x0000000085e00000, 0x0000000085e00000|100%| O|  |TAMS 0x0000000085e00000, 0x0000000085e00000| Untracked 
|  94|0x0000000085e00000, 0x0000000085f00000, 0x0000000085f00000|100%| O|  |TAMS 0x0000000085f00000, 0x0000000085f00000| Untracked 
|  95|0x0000000085f00000, 0x0000000086000000, 0x0000000086000000|100%| O|  |TAMS 0x0000000086000000, 0x0000000086000000| Untracked 
|  96|0x0000000086000000, 0x0000000086100000, 0x0000000086100000|100%| O|  |TAMS 0x0000000086100000, 0x0000000086100000| Untracked 
|  97|0x0000000086100000, 0x0000000086200000, 0x0000000086200000|100%| O|  |TAMS 0x0000000086200000, 0x0000000086200000| Untracked 
|  98|0x0000000086200000, 0x0000000086300000, 0x0000000086300000|100%| O|  |TAMS 0x0000000086300000, 0x0000000086300000| Untracked 
|  99|0x0000000086300000, 0x0000000086400000, 0x0000000086400000|100%| O|  |TAMS 0x0000000086400000, 0x0000000086400000| Untracked 
| 100|0x0000000086400000, 0x0000000086500000, 0x0000000086500000|100%| O|  |TAMS 0x0000000086500000, 0x0000000086500000| Untracked 
| 101|0x0000000086500000, 0x0000000086600000, 0x0000000086600000|100%| O|  |TAMS 0x0000000086600000, 0x0000000086600000| Untracked 
| 102|0x0000000086600000, 0x0000000086700000, 0x0000000086700000|100%| O|  |TAMS 0x0000000086700000, 0x0000000086700000| Untracked 
| 103|0x0000000086700000, 0x0000000086800000, 0x0000000086800000|100%| O|  |TAMS 0x0000000086800000, 0x0000000086800000| Untracked 
| 104|0x0000000086800000, 0x0000000086900000, 0x0000000086900000|100%| O|  |TAMS 0x0000000086900000, 0x0000000086900000| Untracked 
| 105|0x0000000086900000, 0x0000000086a00000, 0x0000000086a00000|100%| O|  |TAMS 0x0000000086a00000, 0x0000000086a00000| Untracked 
| 106|0x0000000086a00000, 0x0000000086b00000, 0x0000000086b00000|100%| O|  |TAMS 0x0000000086b00000, 0x0000000086b00000| Untracked 
| 107|0x0000000086b00000, 0x0000000086c00000, 0x0000000086c00000|100%| O|  |TAMS 0x0000000086c00000, 0x0000000086c00000| Untracked 
| 108|0x0000000086c00000, 0x0000000086d00000, 0x0000000086d00000|100%| O|  |TAMS 0x0000000086d00000, 0x0000000086d00000| Untracked 
| 109|0x0000000086d00000, 0x0000000086e00000, 0x0000000086e00000|100%| O|  |TAMS 0x0000000086e00000, 0x0000000086e00000| Untracked 
| 110|0x0000000086e00000, 0x0000000086f00000, 0x0000000086f00000|100%| O|  |TAMS 0x0000000086f00000, 0x0000000086f00000| Untracked 
| 111|0x0000000086f00000, 0x0000000087000000, 0x0000000087000000|100%| O|  |TAMS 0x0000000087000000, 0x0000000087000000| Untracked 
| 112|0x0000000087000000, 0x0000000087100000, 0x0000000087100000|100%| O|  |TAMS 0x0000000087100000, 0x0000000087100000| Untracked 
| 113|0x0000000087100000, 0x0000000087200000, 0x0000000087200000|100%| O|  |TAMS 0x0000000087200000, 0x0000000087200000| Untracked 
| 114|0x0000000087200000, 0x0000000087300000, 0x0000000087300000|100%| O|  |TAMS 0x0000000087300000, 0x0000000087300000| Untracked 
| 115|0x0000000087300000, 0x0000000087400000, 0x0000000087400000|100%| O|  |TAMS 0x0000000087400000, 0x0000000087400000| Untracked 
| 116|0x0000000087400000, 0x0000000087500000, 0x0000000087500000|100%| O|  |TAMS 0x0000000087500000, 0x0000000087500000| Untracked 
| 117|0x0000000087500000, 0x0000000087600000, 0x0000000087600000|100%| O|  |TAMS 0x0000000087600000, 0x0000000087600000| Untracked 
| 118|0x0000000087600000, 0x0000000087700000, 0x0000000087700000|100%| O|  |TAMS 0x0000000087700000, 0x0000000087700000| Untracked 
| 119|0x0000000087700000, 0x0000000087800000, 0x0000000087800000|100%| O|  |TAMS 0x0000000087800000, 0x0000000087800000| Untracked 
| 120|0x0000000087800000, 0x0000000087900000, 0x0000000087900000|100%| O|  |TAMS 0x0000000087900000, 0x0000000087900000| Untracked 
| 121|0x0000000087900000, 0x0000000087a00000, 0x0000000087a00000|100%| O|  |TAMS 0x0000000087a00000, 0x0000000087a00000| Untracked 
| 122|0x0000000087a00000, 0x0000000087b00000, 0x0000000087b00000|100%| O|  |TAMS 0x0000000087b00000, 0x0000000087b00000| Untracked 
| 123|0x0000000087b00000, 0x0000000087c00000, 0x0000000087c00000|100%| O|  |TAMS 0x0000000087c00000, 0x0000000087c00000| Untracked 
| 124|0x0000000087c00000, 0x0000000087d00000, 0x0000000087d00000|100%| O|  |TAMS 0x0000000087d00000, 0x0000000087d00000| Untracked 
| 125|0x0000000087d00000, 0x0000000087e00000, 0x0000000087e00000|100%| O|  |TAMS 0x0000000087e00000, 0x0000000087e00000| Untracked 
| 126|0x0000000087e00000, 0x0000000087f00000, 0x0000000087f00000|100%| O|  |TAMS 0x0000000087f00000, 0x0000000087f00000| Untracked 
| 127|0x0000000087f00000, 0x0000000088000000, 0x0000000088000000|100%| O|  |TAMS 0x0000000088000000, 0x0000000088000000| Untracked 
| 128|0x0000000088000000, 0x0000000088100000, 0x0000000088100000|100%| O|  |TAMS 0x0000000088100000, 0x0000000088100000| Untracked 
| 129|0x0000000088100000, 0x0000000088200000, 0x0000000088200000|100%| O|  |TAMS 0x0000000088200000, 0x0000000088200000| Untracked 
| 130|0x0000000088200000, 0x0000000088300000, 0x0000000088300000|100%| O|  |TAMS 0x0000000088300000, 0x0000000088300000| Untracked 
| 131|0x0000000088300000, 0x0000000088400000, 0x0000000088400000|100%| O|  |TAMS 0x0000000088400000, 0x0000000088400000| Untracked 
| 132|0x0000000088400000, 0x0000000088500000, 0x0000000088500000|100%| O|  |TAMS 0x0000000088500000, 0x0000000088500000| Untracked 
| 133|0x0000000088500000, 0x0000000088600000, 0x0000000088600000|100%| O|  |TAMS 0x0000000088600000, 0x0000000088600000| Untracked 
| 134|0x0000000088600000, 0x0000000088700000, 0x0000000088700000|100%| O|  |TAMS 0x0000000088700000, 0x0000000088700000| Untracked 
| 135|0x0000000088700000, 0x0000000088800000, 0x0000000088800000|100%| O|  |TAMS 0x0000000088800000, 0x0000000088800000| Untracked 
| 136|0x0000000088800000, 0x0000000088900000, 0x0000000088900000|100%| O|  |TAMS 0x0000000088900000, 0x0000000088900000| Untracked 
| 137|0x0000000088900000, 0x0000000088a00000, 0x0000000088a00000|100%| O|  |TAMS 0x0000000088a00000, 0x0000000088a00000| Untracked 
| 138|0x0000000088a00000, 0x0000000088b00000, 0x0000000088b00000|100%| O|  |TAMS 0x0000000088b00000, 0x0000000088b00000| Untracked 
| 139|0x0000000088b00000, 0x0000000088c00000, 0x0000000088c00000|100%| O|  |TAMS 0x0000000088c00000, 0x0000000088c00000| Untracked 
| 140|0x0000000088c00000, 0x0000000088d00000, 0x0000000088d00000|100%| O|  |TAMS 0x0000000088d00000, 0x0000000088d00000| Untracked 
| 141|0x0000000088d00000, 0x0000000088e00000, 0x0000000088e00000|100%|HS|  |TAMS 0x0000000088e00000, 0x0000000088e00000| Complete 
| 142|0x0000000088e00000, 0x0000000088f00000, 0x0000000088f00000|100%| O|  |TAMS 0x0000000088f00000, 0x0000000088f00000| Untracked 
| 143|0x0000000088f00000, 0x0000000089000000, 0x0000000089000000|100%| O|  |TAMS 0x0000000089000000, 0x0000000089000000| Untracked 
| 144|0x0000000089000000, 0x0000000089100000, 0x0000000089100000|100%| O|  |TAMS 0x0000000089100000, 0x0000000089100000| Untracked 
| 145|0x0000000089100000, 0x0000000089200000, 0x0000000089200000|100%| O|  |TAMS 0x0000000089200000, 0x0000000089200000| Untracked 
| 146|0x0000000089200000, 0x0000000089300000, 0x0000000089300000|100%| O|  |TAMS 0x0000000089300000, 0x0000000089300000| Untracked 
| 147|0x0000000089300000, 0x0000000089400000, 0x0000000089400000|100%| O|  |TAMS 0x0000000089400000, 0x0000000089400000| Untracked 
| 148|0x0000000089400000, 0x0000000089500000, 0x0000000089500000|100%| O|  |TAMS 0x0000000089442c00, 0x0000000089500000| Untracked 
| 149|0x0000000089500000, 0x0000000089600000, 0x0000000089600000|100%| O|  |TAMS 0x0000000089500000, 0x0000000089600000| Untracked 
| 150|0x0000000089600000, 0x0000000089700000, 0x0000000089700000|100%| O|  |TAMS 0x0000000089600000, 0x0000000089700000| Untracked 
| 151|0x0000000089700000, 0x00000000897d8600, 0x0000000089800000| 84%| O|  |TAMS 0x0000000089700000, 0x00000000897d8600| Untracked 
| 152|0x0000000089800000, 0x0000000089800000, 0x0000000089900000|  0%| F|  |TAMS 0x0000000089800000, 0x0000000089800000| Untracked 
| 153|0x0000000089900000, 0x0000000089900000, 0x0000000089a00000|  0%| F|  |TAMS 0x0000000089900000, 0x0000000089900000| Untracked 
| 154|0x0000000089a00000, 0x0000000089a00000, 0x0000000089b00000|  0%| F|  |TAMS 0x0000000089a00000, 0x0000000089a00000| Untracked 
| 155|0x0000000089b00000, 0x0000000089b00000, 0x0000000089c00000|  0%| F|  |TAMS 0x0000000089b00000, 0x0000000089b00000| Untracked 
| 156|0x0000000089c00000, 0x0000000089c00000, 0x0000000089d00000|  0%| F|  |TAMS 0x0000000089c00000, 0x0000000089c00000| Untracked 
| 157|0x0000000089d00000, 0x0000000089d00000, 0x0000000089e00000|  0%| F|  |TAMS 0x0000000089d00000, 0x0000000089d00000| Untracked 
| 158|0x0000000089e00000, 0x0000000089e00000, 0x0000000089f00000|  0%| F|  |TAMS 0x0000000089e00000, 0x0000000089e00000| Untracked 
| 159|0x0000000089f00000, 0x0000000089f00000, 0x000000008a000000|  0%| F|  |TAMS 0x0000000089f00000, 0x0000000089f00000| Untracked 
| 160|0x000000008a000000, 0x000000008a000000, 0x000000008a100000|  0%| F|  |TAMS 0x000000008a000000, 0x000000008a000000| Untracked 
| 161|0x000000008a100000, 0x000000008a100000, 0x000000008a200000|  0%| F|  |TAMS 0x000000008a100000, 0x000000008a100000| Untracked 
| 162|0x000000008a200000, 0x000000008a200000, 0x000000008a300000|  0%| F|  |TAMS 0x000000008a200000, 0x000000008a200000| Untracked 
| 163|0x000000008a300000, 0x000000008a300000, 0x000000008a400000|  0%| F|  |TAMS 0x000000008a300000, 0x000000008a300000| Untracked 
| 164|0x000000008a400000, 0x000000008a400000, 0x000000008a500000|  0%| F|  |TAMS 0x000000008a400000, 0x000000008a400000| Untracked 
| 165|0x000000008a500000, 0x000000008a500000, 0x000000008a600000|  0%| F|  |TAMS 0x000000008a500000, 0x000000008a500000| Untracked 
| 166|0x000000008a600000, 0x000000008a600000, 0x000000008a700000|  0%| F|  |TAMS 0x000000008a600000, 0x000000008a600000| Untracked 
| 167|0x000000008a700000, 0x000000008a700000, 0x000000008a800000|  0%| F|  |TAMS 0x000000008a700000, 0x000000008a700000| Untracked 
| 168|0x000000008a800000, 0x000000008a800000, 0x000000008a900000|  0%| F|  |TAMS 0x000000008a800000, 0x000000008a800000| Untracked 
| 169|0x000000008a900000, 0x000000008a900000, 0x000000008aa00000|  0%| F|  |TAMS 0x000000008a900000, 0x000000008a900000| Untracked 
| 170|0x000000008aa00000, 0x000000008aa00000, 0x000000008ab00000|  0%| F|  |TAMS 0x000000008aa00000, 0x000000008aa00000| Untracked 
| 171|0x000000008ab00000, 0x000000008ab00000, 0x000000008ac00000|  0%| F|  |TAMS 0x000000008ab00000, 0x000000008ab00000| Untracked 
| 172|0x000000008ac00000, 0x000000008ac00000, 0x000000008ad00000|  0%| F|  |TAMS 0x000000008ac00000, 0x000000008ac00000| Untracked 
| 173|0x000000008ad00000, 0x000000008ad00000, 0x000000008ae00000|  0%| F|  |TAMS 0x000000008ad00000, 0x000000008ad00000| Untracked 
| 174|0x000000008ae00000, 0x000000008ae00000, 0x000000008af00000|  0%| F|  |TAMS 0x000000008ae00000, 0x000000008ae00000| Untracked 
| 175|0x000000008af00000, 0x000000008af00000, 0x000000008b000000|  0%| F|  |TAMS 0x000000008af00000, 0x000000008af00000| Untracked 
| 176|0x000000008b000000, 0x000000008b000000, 0x000000008b100000|  0%| F|  |TAMS 0x000000008b000000, 0x000000008b000000| Untracked 
| 177|0x000000008b100000, 0x000000008b100000, 0x000000008b200000|  0%| F|  |TAMS 0x000000008b100000, 0x000000008b100000| Untracked 
| 178|0x000000008b200000, 0x000000008b200000, 0x000000008b300000|  0%| F|  |TAMS 0x000000008b200000, 0x000000008b200000| Untracked 
| 179|0x000000008b300000, 0x000000008b300000, 0x000000008b400000|  0%| F|  |TAMS 0x000000008b300000, 0x000000008b300000| Untracked 
| 180|0x000000008b400000, 0x000000008b400000, 0x000000008b500000|  0%| F|  |TAMS 0x000000008b400000, 0x000000008b400000| Untracked 
| 181|0x000000008b500000, 0x000000008b500000, 0x000000008b600000|  0%| F|  |TAMS 0x000000008b500000, 0x000000008b500000| Untracked 
| 182|0x000000008b600000, 0x000000008b600000, 0x000000008b700000|  0%| F|  |TAMS 0x000000008b600000, 0x000000008b600000| Untracked 
| 183|0x000000008b700000, 0x000000008b700000, 0x000000008b800000|  0%| F|  |TAMS 0x000000008b700000, 0x000000008b700000| Untracked 
| 184|0x000000008b800000, 0x000000008b800000, 0x000000008b900000|  0%| F|  |TAMS 0x000000008b800000, 0x000000008b800000| Untracked 
| 185|0x000000008b900000, 0x000000008b900000, 0x000000008ba00000|  0%| F|  |TAMS 0x000000008b900000, 0x000000008b900000| Untracked 
| 186|0x000000008ba00000, 0x000000008ba00000, 0x000000008bb00000|  0%| F|  |TAMS 0x000000008ba00000, 0x000000008ba00000| Untracked 
| 187|0x000000008bb00000, 0x000000008bb00000, 0x000000008bc00000|  0%| F|  |TAMS 0x000000008bb00000, 0x000000008bb00000| Untracked 
| 188|0x000000008bc00000, 0x000000008bc00000, 0x000000008bd00000|  0%| F|  |TAMS 0x000000008bc00000, 0x000000008bc00000| Untracked 
| 189|0x000000008bd00000, 0x000000008bd00000, 0x000000008be00000|  0%| F|  |TAMS 0x000000008bd00000, 0x000000008bd00000| Untracked 
| 190|0x000000008be00000, 0x000000008be00000, 0x000000008bf00000|  0%| F|  |TAMS 0x000000008be00000, 0x000000008be00000| Untracked 
| 191|0x000000008bf00000, 0x000000008bf00000, 0x000000008c000000|  0%| F|  |TAMS 0x000000008bf00000, 0x000000008bf00000| Untracked 
| 192|0x000000008c000000, 0x000000008c000000, 0x000000008c100000|  0%| F|  |TAMS 0x000000008c000000, 0x000000008c000000| Untracked 
| 193|0x000000008c100000, 0x000000008c100000, 0x000000008c200000|  0%| F|  |TAMS 0x000000008c100000, 0x000000008c100000| Untracked 
| 194|0x000000008c200000, 0x000000008c200000, 0x000000008c300000|  0%| F|  |TAMS 0x000000008c200000, 0x000000008c200000| Untracked 
| 195|0x000000008c300000, 0x000000008c300000, 0x000000008c400000|  0%| F|  |TAMS 0x000000008c300000, 0x000000008c300000| Untracked 
| 196|0x000000008c400000, 0x000000008c400000, 0x000000008c500000|  0%| F|  |TAMS 0x000000008c400000, 0x000000008c400000| Untracked 
| 197|0x000000008c500000, 0x000000008c500000, 0x000000008c600000|  0%| F|  |TAMS 0x000000008c500000, 0x000000008c500000| Untracked 
| 198|0x000000008c600000, 0x000000008c600000, 0x000000008c700000|  0%| F|  |TAMS 0x000000008c600000, 0x000000008c600000| Untracked 
| 199|0x000000008c700000, 0x000000008c700000, 0x000000008c800000|  0%| F|  |TAMS 0x000000008c700000, 0x000000008c700000| Untracked 
| 200|0x000000008c800000, 0x000000008c800000, 0x000000008c900000|  0%| F|  |TAMS 0x000000008c800000, 0x000000008c800000| Untracked 
| 201|0x000000008c900000, 0x000000008c900000, 0x000000008ca00000|  0%| F|  |TAMS 0x000000008c900000, 0x000000008c900000| Untracked 
| 202|0x000000008ca00000, 0x000000008ca00000, 0x000000008cb00000|  0%| F|  |TAMS 0x000000008ca00000, 0x000000008ca00000| Untracked 
| 203|0x000000008cb00000, 0x000000008cb00000, 0x000000008cc00000|  0%| F|  |TAMS 0x000000008cb00000, 0x000000008cb00000| Untracked 
| 204|0x000000008cc00000, 0x000000008cc00000, 0x000000008cd00000|  0%| F|  |TAMS 0x000000008cc00000, 0x000000008cc00000| Untracked 
| 205|0x000000008cd00000, 0x000000008cd00000, 0x000000008ce00000|  0%| F|  |TAMS 0x000000008cd00000, 0x000000008cd00000| Untracked 
| 206|0x000000008ce00000, 0x000000008ce00000, 0x000000008cf00000|  0%| F|  |TAMS 0x000000008ce00000, 0x000000008ce00000| Untracked 
| 207|0x000000008cf00000, 0x000000008cf00000, 0x000000008d000000|  0%| F|  |TAMS 0x000000008cf00000, 0x000000008cf00000| Untracked 
| 208|0x000000008d000000, 0x000000008d000000, 0x000000008d100000|  0%| F|  |TAMS 0x000000008d000000, 0x000000008d000000| Untracked 
| 209|0x000000008d100000, 0x000000008d100000, 0x000000008d200000|  0%| F|  |TAMS 0x000000008d100000, 0x000000008d100000| Untracked 
| 210|0x000000008d200000, 0x000000008d200000, 0x000000008d300000|  0%| F|  |TAMS 0x000000008d200000, 0x000000008d200000| Untracked 
| 211|0x000000008d300000, 0x000000008d300000, 0x000000008d400000|  0%| F|  |TAMS 0x000000008d300000, 0x000000008d300000| Untracked 
| 212|0x000000008d400000, 0x000000008d400000, 0x000000008d500000|  0%| F|  |TAMS 0x000000008d400000, 0x000000008d400000| Untracked 
| 213|0x000000008d500000, 0x000000008d555c98, 0x000000008d600000| 33%| S|CS|TAMS 0x000000008d500000, 0x000000008d500000| Complete 
| 214|0x000000008d600000, 0x000000008d700000, 0x000000008d700000|100%| S|CS|TAMS 0x000000008d600000, 0x000000008d600000| Complete 
| 215|0x000000008d700000, 0x000000008d800000, 0x000000008d800000|100%| S|CS|TAMS 0x000000008d700000, 0x000000008d700000| Complete 
| 216|0x000000008d800000, 0x000000008d800000, 0x000000008d900000|  0%| F|  |TAMS 0x000000008d800000, 0x000000008d800000| Untracked 
| 217|0x000000008d900000, 0x000000008d900000, 0x000000008da00000|  0%| F|  |TAMS 0x000000008d900000, 0x000000008d900000| Untracked 
| 218|0x000000008da00000, 0x000000008da00000, 0x000000008db00000|  0%| F|  |TAMS 0x000000008da00000, 0x000000008da00000| Untracked 
| 219|0x000000008db00000, 0x000000008db00000, 0x000000008dc00000|  0%| F|  |TAMS 0x000000008db00000, 0x000000008db00000| Untracked 
| 220|0x000000008dc00000, 0x000000008dc00000, 0x000000008dd00000|  0%| F|  |TAMS 0x000000008dc00000, 0x000000008dc00000| Untracked 
| 221|0x000000008dd00000, 0x000000008dd00000, 0x000000008de00000|  0%| F|  |TAMS 0x000000008dd00000, 0x000000008dd00000| Untracked 
| 222|0x000000008de00000, 0x000000008de00000, 0x000000008df00000|  0%| F|  |TAMS 0x000000008de00000, 0x000000008de00000| Untracked 
| 223|0x000000008df00000, 0x000000008df00000, 0x000000008e000000|  0%| F|  |TAMS 0x000000008df00000, 0x000000008df00000| Untracked 
| 224|0x000000008e000000, 0x000000008e000000, 0x000000008e100000|  0%| F|  |TAMS 0x000000008e000000, 0x000000008e000000| Untracked 
| 225|0x000000008e100000, 0x000000008e100000, 0x000000008e200000|  0%| F|  |TAMS 0x000000008e100000, 0x000000008e100000| Untracked 
| 226|0x000000008e200000, 0x000000008e200000, 0x000000008e300000|  0%| F|  |TAMS 0x000000008e200000, 0x000000008e200000| Untracked 
| 227|0x000000008e300000, 0x000000008e300000, 0x000000008e400000|  0%| F|  |TAMS 0x000000008e300000, 0x000000008e300000| Untracked 
| 228|0x000000008e400000, 0x000000008e400000, 0x000000008e500000|  0%| F|  |TAMS 0x000000008e400000, 0x000000008e400000| Untracked 
| 229|0x000000008e500000, 0x000000008e500000, 0x000000008e600000|  0%| F|  |TAMS 0x000000008e500000, 0x000000008e500000| Untracked 
| 230|0x000000008e600000, 0x000000008e600000, 0x000000008e700000|  0%| F|  |TAMS 0x000000008e600000, 0x000000008e600000| Untracked 
| 231|0x000000008e700000, 0x000000008e700000, 0x000000008e800000|  0%| F|  |TAMS 0x000000008e700000, 0x000000008e700000| Untracked 
| 232|0x000000008e800000, 0x000000008e800000, 0x000000008e900000|  0%| F|  |TAMS 0x000000008e800000, 0x000000008e800000| Untracked 
| 233|0x000000008e900000, 0x000000008e900000, 0x000000008ea00000|  0%| F|  |TAMS 0x000000008e900000, 0x000000008e900000| Untracked 
| 234|0x000000008ea00000, 0x000000008ea00000, 0x000000008eb00000|  0%| F|  |TAMS 0x000000008ea00000, 0x000000008ea00000| Untracked 
| 235|0x000000008eb00000, 0x000000008eb00000, 0x000000008ec00000|  0%| F|  |TAMS 0x000000008eb00000, 0x000000008eb00000| Untracked 

Card table byte_map: [0x000002922a670000,0x000002922aa70000] _byte_map_base: 0x000002922a270000

Marking Bits (Prev, Next): (CMBitMap*) 0x0000029215d57e28, (CMBitMap*) 0x0000029215d57e60
 Prev Bits: [0x000002922ae70000, 0x000002922ce70000)
 Next Bits: [0x000002922ce70000, 0x000002922ee70000)

Polling page: 0x0000029215df0000

Metaspace:

Usage:
  Non-class:     96.87 MB capacity,    94.88 MB ( 98%) used,     1.71 MB (  2%) free+waste,   291.63 KB ( <1%) overhead. 
      Class:     14.25 MB capacity,    13.28 MB ( 93%) used,   858.22 KB (  6%) free+waste,   130.63 KB ( <1%) overhead. 
       Both:    111.12 MB capacity,   108.17 MB ( 97%) used,     2.54 MB (  2%) free+waste,   422.25 KB ( <1%) overhead. 

Virtual space:
  Non-class space:       98.00 MB reserved,      97.00 MB ( 99%) committed 
      Class space:        1.00 GB reserved,      14.25 MB (  1%) committed 
             Both:        1.10 GB reserved,     111.25 MB ( 10%) committed 

Chunk freelists:
   Non-Class:  1.00 KB
       Class:  1.00 KB
        Both:  2.00 KB

MaxMetaspaceSize: 17179869184.00 GB
CompressedClassSpaceSize: 1.00 GB

CodeHeap 'non-profiled nmethods': size=120064Kb used=9079Kb max_used=9079Kb free=110984Kb
 bounds [0x0000029222920000, 0x0000029223200000, 0x0000029229e60000]
CodeHeap 'profiled nmethods': size=120000Kb used=31302Kb max_used=31302Kb free=88697Kb
 bounds [0x000002921b3f0000, 0x000002921d2a0000, 0x0000029222920000]
CodeHeap 'non-nmethods': size=5696Kb used=2381Kb max_used=2434Kb free=3314Kb
 bounds [0x000002921ae60000, 0x000002921b0d0000, 0x000002921b3f0000]
 total_blobs=14629 nmethods=13589 adapters=951
 compilation: enabled
              stopped_count=0, restarted_count=0
 full_count=0

Compilation events (20 events):
Event: 3391.265 Thread 0x0000029231be7000 15527       2       java.time.Instant::equals (50 bytes)
Event: 3391.266 Thread 0x0000029231be7000 nmethod 15527 0x000002921c0df290 code [0x000002921c0df440, 0x000002921c0df618]
Event: 3391.314 Thread 0x0000029231be7000 15528       2       java.io.ObjectInputStream::defaultReadObject (109 bytes)
Event: 3391.316 Thread 0x0000029231be7000 nmethod 15528 0x000002921c51a110 code [0x000002921c51a360, 0x000002921c51a8d8]
Event: 3391.335 Thread 0x0000029231be7000 15529       1       com.android.build.gradle.internal.profile.ProjectData::getProjectBuilder (5 bytes)
Event: 3391.336 Thread 0x0000029231be7000 nmethod 15529 0x00000292231ed390 code [0x00000292231ed540, 0x00000292231ed5f8]
Event: 3391.338 Thread 0x0000029231be7000 15530       2       java.io.ObjectInputStream::readArray (430 bytes)
Event: 3391.342 Thread 0x0000029231be7000 nmethod 15530 0x000002921d296a90 code [0x000002921d296e00, 0x000002921d297bc8]
Event: 3391.347 Thread 0x0000029231be7000 15531       1       com.google.wireless.android.sdk.stats.GradleBuildProfileSpan$ExecutionType::getNumber (5 bytes)
Event: 3391.347 Thread 0x0000029231be7000 nmethod 15531 0x00000292231ed690 code [0x00000292231ed840, 0x00000292231ed8f8]
Event: 3391.351 Thread 0x0000029231be7000 15532 %     3       java.io.ObjectStreamClass$FieldReflector::setObjFieldValues @ 18 (259 bytes)
Event: 3391.355 Thread 0x0000029231be7000 nmethod 15532% 0x000002921d298510 code [0x000002921d298920, 0x000002921d29a258]
Event: 3391.355 Thread 0x0000029231be7000 15533       3       java.io.ObjectStreamClass$FieldReflector::setObjFieldValues (259 bytes)
Event: 3391.359 Thread 0x0000029231be7000 nmethod 15533 0x000002921d29ac90 code [0x000002921d29b0a0, 0x000002921d29c8f8]
Event: 3391.434 Thread 0x0000029231be3000 nmethod 15387 0x00000292231ed990 code [0x00000292231ee2a0, 0x00000292231f81e8]
Event: 3391.434 Thread 0x0000029231be3000 15523       4       sun.java2d.marlin.DRenderer::_endRendering (2480 bytes)
Event: 3391.460 Thread 0x0000029231be7000 15536       2       org.apache.xerces.dom.ParentNode::getFirstChild (16 bytes)
Event: 3391.461 Thread 0x0000029231be7000 nmethod 15536 0x000002921bf59d90 code [0x000002921bf59f40, 0x000002921bf5a088]
Event: 3391.461 Thread 0x0000029231be7000 15537       2       com.android.ide.common.vectordrawable.VdElement::<init> (5 bytes)
Event: 3391.461 Thread 0x0000029231be7000 nmethod 15537 0x000002921c1a6690 code [0x000002921c1a6840, 0x000002921c1a6938]

GC Heap History (20 events):
Event: 3375.240 GC heap after
{Heap after GC invocations=131 (full 0):
 garbage-first heap   total 165888K, used 137216K [0x0000000080000000, 0x0000000100000000)
  region size 1024K, 1 young (1024K), 1 survivors (1024K)
 Metaspace       used 107190K, capacity 110015K, committed 110208K, reserved 1144832K
  class space    used 13255K, capacity 14164K, committed 14208K, reserved 1048576K
}
Event: 3376.407 GC heap before
{Heap before GC invocations=132 (full 0):
 garbage-first heap   total 165888K, used 144384K [0x0000000080000000, 0x0000000100000000)
  region size 1024K, 8 young (8192K), 1 survivors (1024K)
 Metaspace       used 107193K, capacity 110015K, committed 110208K, reserved 1144832K
  class space    used 13255K, capacity 14164K, committed 14208K, reserved 1048576K
}
Event: 3376.430 GC heap after
{Heap after GC invocations=133 (full 0):
 garbage-first heap   total 165888K, used 139010K [0x0000000080000000, 0x0000000100000000)
  region size 1024K, 1 young (1024K), 1 survivors (1024K)
 Metaspace       used 107193K, capacity 110015K, committed 110208K, reserved 1144832K
  class space    used 13255K, capacity 14164K, committed 14208K, reserved 1048576K
}
Event: 3376.734 GC heap before
{Heap before GC invocations=133 (full 0):
 garbage-first heap   total 165888K, used 145154K [0x0000000080000000, 0x0000000100000000)
  region size 1024K, 8 young (8192K), 1 survivors (1024K)
 Metaspace       used 107193K, capacity 110015K, committed 110208K, reserved 1144832K
  class space    used 13255K, capacity 14164K, committed 14208K, reserved 1048576K
}
Event: 3376.748 GC heap after
{Heap after GC invocations=134 (full 0):
 garbage-first heap   total 200704K, used 139756K [0x0000000080000000, 0x0000000100000000)
  region size 1024K, 1 young (1024K), 1 survivors (1024K)
 Metaspace       used 107193K, capacity 110015K, committed 110208K, reserved 1144832K
  class space    used 13255K, capacity 14164K, committed 14208K, reserved 1048576K
}
Event: 3377.364 GC heap before
{Heap before GC invocations=134 (full 0):
 garbage-first heap   total 200704K, used 156140K [0x0000000080000000, 0x0000000100000000)
  region size 1024K, 17 young (17408K), 1 survivors (1024K)
 Metaspace       used 107207K, capacity 110015K, committed 110208K, reserved 1144832K
  class space    used 13255K, capacity 14164K, committed 14208K, reserved 1048576K
}
Event: 3377.383 GC heap after
{Heap after GC invocations=135 (full 0):
 garbage-first heap   total 200704K, used 141612K [0x0000000080000000, 0x0000000100000000)
  region size 1024K, 3 young (3072K), 3 survivors (3072K)
 Metaspace       used 107207K, capacity 110015K, committed 110208K, reserved 1144832K
  class space    used 13255K, capacity 14164K, committed 14208K, reserved 1048576K
}
Event: 3378.493 GC heap before
{Heap before GC invocations=136 (full 0):
 garbage-first heap   total 200704K, used 146732K [0x0000000080000000, 0x0000000100000000)
  region size 1024K, 9 young (9216K), 3 survivors (3072K)
 Metaspace       used 107228K, capacity 110079K, committed 110208K, reserved 1144832K
  class space    used 13255K, capacity 14164K, committed 14208K, reserved 1048576K
}
Event: 3378.519 GC heap after
{Heap after GC invocations=137 (full 0):
 garbage-first heap   total 200704K, used 143106K [0x0000000080000000, 0x0000000100000000)
  region size 1024K, 2 young (2048K), 2 survivors (2048K)
 Metaspace       used 107228K, capacity 110079K, committed 110208K, reserved 1144832K
  class space    used 13255K, capacity 14164K, committed 14208K, reserved 1048576K
}
Event: 3380.166 GC heap before
{Heap before GC invocations=138 (full 0):
 garbage-first heap   total 200704K, used 161538K [0x0000000080000000, 0x0000000100000000)
  region size 1024K, 17 young (17408K), 2 survivors (2048K)
 Metaspace       used 107333K, capacity 110143K, committed 110208K, reserved 1144832K
  class space    used 13256K, capacity 14164K, committed 14208K, reserved 1048576K
}
Event: 3380.202 GC heap after
{Heap after GC invocations=139 (full 0):
 garbage-first heap   total 200704K, used 148480K [0x0000000080000000, 0x0000000100000000)
  region size 1024K, 3 young (3072K), 3 survivors (3072K)
 Metaspace       used 107333K, capacity 110143K, committed 110208K, reserved 1144832K
  class space    used 13256K, capacity 14164K, committed 14208K, reserved 1048576K
}
Event: 3381.028 GC heap before
{Heap before GC invocations=139 (full 0):
 garbage-first heap   total 200704K, used 162816K [0x0000000080000000, 0x0000000100000000)
  region size 1024K, 17 young (17408K), 3 survivors (3072K)
 Metaspace       used 107333K, capacity 110143K, committed 110208K, reserved 1144832K
  class space    used 13256K, capacity 14164K, committed 14208K, reserved 1048576K
}
Event: 3381.057 GC heap after
{Heap after GC invocations=140 (full 0):
 garbage-first heap   total 241664K, used 151557K [0x0000000080000000, 0x0000000100000000)
  region size 1024K, 3 young (3072K), 3 survivors (3072K)
 Metaspace       used 107333K, capacity 110143K, committed 110208K, reserved 1144832K
  class space    used 13256K, capacity 14164K, committed 14208K, reserved 1048576K
}
Event: 3382.788 GC heap before
{Heap before GC invocations=141 (full 0):
 garbage-first heap   total 241664K, used 178181K [0x0000000080000000, 0x0000000100000000)
  region size 1024K, 29 young (29696K), 3 survivors (3072K)
 Metaspace       used 107346K, capacity 110143K, committed 110208K, reserved 1144832K
  class space    used 13256K, capacity 14164K, committed 14208K, reserved 1048576K
}
Event: 3382.822 GC heap after
{Heap after GC invocations=142 (full 0):
 garbage-first heap   total 241664K, used 153600K [0x0000000080000000, 0x0000000100000000)
  region size 1024K, 2 young (2048K), 2 survivors (2048K)
 Metaspace       used 107346K, capacity 110143K, committed 110208K, reserved 1144832K
  class space    used 13256K, capacity 14164K, committed 14208K, reserved 1048576K
}
Event: 3384.739 GC heap before
{Heap before GC invocations=142 (full 0):
 garbage-first heap   total 241664K, used 182272K [0x0000000080000000, 0x0000000100000000)
  region size 1024K, 30 young (30720K), 2 survivors (2048K)
 Metaspace       used 108042K, capacity 110924K, committed 111104K, reserved 1146880K
  class space    used 13317K, capacity 14252K, committed 14336K, reserved 1048576K
}
Event: 3384.762 GC heap after
{Heap after GC invocations=143 (full 0):
 garbage-first heap   total 241664K, used 155915K [0x0000000080000000, 0x0000000100000000)
  region size 1024K, 4 young (4096K), 4 survivors (4096K)
 Metaspace       used 108042K, capacity 110924K, committed 111104K, reserved 1146880K
  class space    used 13317K, capacity 14252K, committed 14336K, reserved 1048576K
}
Event: 3389.585 GC heap before
{Heap before GC invocations=144 (full 0):
 garbage-first heap   total 241664K, used 184587K [0x0000000080000000, 0x0000000100000000)
  region size 1024K, 33 young (33792K), 4 survivors (4096K)
 Metaspace       used 110690K, capacity 113662K, committed 113664K, reserved 1148928K
  class space    used 13602K, capacity 14591K, committed 14592K, reserved 1048576K
}
Event: 3389.614 GC heap after
{Heap after GC invocations=145 (full 0):
 garbage-first heap   total 241664K, used 157498K [0x0000000080000000, 0x0000000100000000)
  region size 1024K, 4 young (4096K), 4 survivors (4096K)
 Metaspace       used 110690K, capacity 113662K, committed 113664K, reserved 1148928K
  class space    used 13602K, capacity 14591K, committed 14592K, reserved 1048576K
}
Event: 3391.464 GC heap before
{Heap before GC invocations=145 (full 0):
 garbage-first heap   total 241664K, used 175930K [0x0000000080000000, 0x0000000100000000)
  region size 1024K, 24 young (24576K), 4 survivors (4096K)
 Metaspace       used 110762K, capacity 113790K, committed 113920K, reserved 1148928K
  class space    used 13602K, capacity 14591K, committed 14592K, reserved 1048576K
}

Deoptimization events (20 events):
Event: 3391.095 Thread 0x0000029239ed5800 DEOPT PACKING pc=0x000002921d27cec2 sp=0x000000e9760fd450
Event: 3391.095 Thread 0x0000029239ed5800 DEOPT UNPACKING pc=0x000002921ae867c0 sp=0x000000e9760fc830 mode 0
Event: 3391.197 Thread 0x0000029239ed5800 DEOPT PACKING pc=0x000002921d1516f6 sp=0x000000e9760fd450
Event: 3391.197 Thread 0x0000029239ed5800 DEOPT UNPACKING pc=0x000002921ae867c0 sp=0x000000e9760fc980 mode 0
Event: 3391.198 Thread 0x0000029239ed5800 DEOPT PACKING pc=0x000002921d1516f6 sp=0x000000e9760fd450
Event: 3391.198 Thread 0x0000029239ed5800 DEOPT UNPACKING pc=0x000002921ae867c0 sp=0x000000e9760fc980 mode 0
Event: 3391.205 Thread 0x0000029239ed5800 DEOPT PACKING pc=0x000002921d27cec2 sp=0x000000e9760fd360
Event: 3391.205 Thread 0x0000029239ed5800 DEOPT UNPACKING pc=0x000002921ae867c0 sp=0x000000e9760fc740 mode 0
Event: 3391.211 Thread 0x0000029239ed5800 DEOPT PACKING pc=0x000002921d27cec2 sp=0x000000e9760fd3b0
Event: 3391.211 Thread 0x0000029239ed5800 DEOPT UNPACKING pc=0x000002921ae867c0 sp=0x000000e9760fc778 mode 0
Event: 3391.214 Thread 0x0000029239ed5800 DEOPT PACKING pc=0x000002921d27cec2 sp=0x000000e9760fd3b0
Event: 3391.214 Thread 0x0000029239ed5800 DEOPT UNPACKING pc=0x000002921ae867c0 sp=0x000000e9760fc778 mode 0
Event: 3391.220 Thread 0x0000029239ed5800 DEOPT PACKING pc=0x000002921d27cec2 sp=0x000000e9760fd3b0
Event: 3391.220 Thread 0x0000029239ed5800 DEOPT UNPACKING pc=0x000002921ae867c0 sp=0x000000e9760fc778 mode 0
Event: 3391.222 Thread 0x0000029239ed5800 DEOPT PACKING pc=0x000002921d27cec2 sp=0x000000e9760fd3b0
Event: 3391.222 Thread 0x0000029239ed5800 DEOPT UNPACKING pc=0x000002921ae867c0 sp=0x000000e9760fc778 mode 0
Event: 3391.302 Thread 0x0000029239ed9000 DEOPT PACKING pc=0x000002921d27cec2 sp=0x000000e9761fd200
Event: 3391.302 Thread 0x0000029239ed9000 DEOPT UNPACKING pc=0x000002921ae867c0 sp=0x000000e9761fc5c8 mode 0
Event: 3391.359 Thread 0x0000029239ed9000 DEOPT PACKING pc=0x000002921d187872 sp=0x000000e9761fd560
Event: 3391.359 Thread 0x0000029239ed9000 DEOPT UNPACKING pc=0x000002921ae867c0 sp=0x000000e9761fcab0 mode 0

Classes redefined (0 events):
No events

Internal exceptions (20 events):
Event: 3384.185 Thread 0x0000029234888000 Exception <a 'java/lang/NoSuchMethodError'{0x000000008d8420c0}: <clinit>> (0x000000008d8420c0) thrown at [./src/hotspot/share/prims/jni.cpp, line 1362]
Event: 3384.187 Thread 0x0000029234888000 Exception <a 'java/lang/NoSuchMethodError'{0x000000008d8558a0}: <clinit>> (0x000000008d8558a0) thrown at [./src/hotspot/share/prims/jni.cpp, line 1362]
Event: 3384.216 Thread 0x0000029234888000 Exception <a 'java/lang/NoSuchMethodError'{0x000000008d8dad70}: <clinit>> (0x000000008d8dad70) thrown at [./src/hotspot/share/prims/jni.cpp, line 1362]
Event: 3384.216 Thread 0x0000029234888000 Exception <a 'java/lang/NoSuchMethodError'{0x000000008d8dde88}: <clinit>> (0x000000008d8dde88) thrown at [./src/hotspot/share/prims/jni.cpp, line 1362]
Event: 3384.216 Thread 0x0000029234888000 Exception <a 'java/lang/NoSuchMethodError'{0x000000008d8e2d00}: <clinit>> (0x000000008d8e2d00) thrown at [./src/hotspot/share/prims/jni.cpp, line 1362]
Event: 3384.232 Thread 0x0000029234888000 Exception <a 'java/lang/NoSuchMethodError'{0x000000008d8ee7d8}: <clinit>> (0x000000008d8ee7d8) thrown at [./src/hotspot/share/prims/jni.cpp, line 1362]
Event: 3384.244 Thread 0x0000029234888000 Exception <a 'java/lang/NoSuchMethodError'{0x000000008d749c98}: <clinit>> (0x000000008d749c98) thrown at [./src/hotspot/share/prims/jni.cpp, line 1362]
Event: 3384.253 Thread 0x0000029234888000 Exception <a 'java/lang/NoSuchMethodError'{0x000000008d783d88}: <clinit>> (0x000000008d783d88) thrown at [./src/hotspot/share/prims/jni.cpp, line 1362]
Event: 3384.259 Thread 0x0000029234888000 Exception <a 'java/lang/NoSuchMethodError'{0x000000008d7c6b90}: <clinit>> (0x000000008d7c6b90) thrown at [./src/hotspot/share/prims/jni.cpp, line 1362]
Event: 3384.259 Thread 0x0000029234888000 Exception <a 'java/lang/NoSuchMethodError'{0x000000008d7ca7f0}: <clinit>> (0x000000008d7ca7f0) thrown at [./src/hotspot/share/prims/jni.cpp, line 1362]
Event: 3384.260 Thread 0x0000029234888000 Exception <a 'java/lang/NoSuchMethodError'{0x000000008d7cdc58}: <clinit>> (0x000000008d7cdc58) thrown at [./src/hotspot/share/prims/jni.cpp, line 1362]
Event: 3384.263 Thread 0x0000029234888000 Exception <a 'java/lang/NoSuchMethodError'{0x000000008d7ecbf8}: <clinit>> (0x000000008d7ecbf8) thrown at [./src/hotspot/share/prims/jni.cpp, line 1362]
Event: 3384.269 Thread 0x0000029234888000 Exception <a 'java/lang/NoSuchMethodError'{0x000000008d60b388}: <clinit>> (0x000000008d60b388) thrown at [./src/hotspot/share/prims/jni.cpp, line 1362]
Event: 3384.274 Thread 0x0000029234888000 Exception <a 'java/lang/NoSuchMethodError'{0x000000008d6340c0}: <clinit>> (0x000000008d6340c0) thrown at [./src/hotspot/share/prims/jni.cpp, line 1362]
Event: 3384.277 Thread 0x0000029234888000 Exception <a 'java/lang/NoSuchMethodError'{0x000000008d64a060}: <clinit>> (0x000000008d64a060) thrown at [./src/hotspot/share/prims/jni.cpp, line 1362]
Event: 3385.504 Thread 0x0000029234888000 Exception <a 'java/lang/NoSuchMethodError'{0x000000008eae9b80}: <clinit>> (0x000000008eae9b80) thrown at [./src/hotspot/share/prims/jni.cpp, line 1362]
Event: 3386.103 Thread 0x0000029239ed9000 Exception <a 'java/lang/ClassNotFoundException'{0x000000008e706a38}: sun/awt/resources/spi/awtProvider> (0x000000008e706a38) thrown at [./src/hotspot/share/classfile/systemDictionary.cpp, line 231]
Event: 3386.193 Thread 0x0000029239ed9000 Exception <a 'java/io/FileNotFoundException'{0x000000008e6530c8}> (0x000000008e6530c8) thrown at [./src/hotspot/share/prims/jni.cpp, line 615]
Event: 3386.239 Thread 0x0000029239ed9000 Exception <a 'java/lang/NoSuchMethodError'{0x000000008e6b6b18}: 'java.lang.Object java.lang.invoke.DelegatingMethodHandle$Holder.reinvoke_L(java.lang.Object, int, int, java.lang.Object, java.lang.Object, java.lang.Object)'> (0x000000008e6b6b18) thrown at [./src/hotspot/share/interpreter/linkResolver.cpp, line 773]
Event: 3386.283 Thread 0x0000029239ed9000 Exception <a 'java/io/FileNotFoundException'{0x000000008e591db0}> (0x000000008e591db0) thrown at [./src/hotspot/share/prims/jni.cpp, line 615]

Events (20 events):
Event: 3389.697 Thread 0x00000292312be800 flushing nmethod 0x000002921bf62f90
Event: 3389.697 Thread 0x00000292312be800 flushing nmethod 0x000002921bf6ab10
Event: 3389.698 Thread 0x00000292312be800 flushing nmethod 0x000002921bff6690
Event: 3389.698 Thread 0x00000292312be800 flushing nmethod 0x000002921bff8410
Event: 3389.698 Thread 0x00000292312be800 flushing nmethod 0x000002921bffa090
Event: 3389.699 Thread 0x00000292312be800 flushing nmethod 0x000002921c0df290
Event: 3389.699 Thread 0x00000292312be800 flushing nmethod 0x000002921c0dfc10
Event: 3389.700 Thread 0x00000292312be800 flushing nmethod 0x000002921c1a6690
Event: 3389.703 Thread 0x00000292312be800 flushing nmethod 0x000002921c48f190
Event: 3389.703 Thread 0x00000292312be800 flushing nmethod 0x000002921c4c4f10
Event: 3389.703 Thread 0x00000292312be800 flushing nmethod 0x000002921c50a890
Event: 3389.703 Thread 0x00000292312be800 flushing nmethod 0x000002921c50de90
Event: 3389.703 Thread 0x00000292312be800 flushing nmethod 0x000002921c514990
Event: 3389.703 Thread 0x00000292312be800 flushing nmethod 0x000002921c515f90
Event: 3389.703 Thread 0x00000292312be800 flushing nmethod 0x000002921c519d10
Event: 3389.703 Thread 0x00000292312be800 flushing nmethod 0x000002921c521e90
Event: 3389.703 Thread 0x00000292312be800 flushing nmethod 0x000002921c522210
Event: 3389.708 Thread 0x00000292312be800 flushing nmethod 0x000002921c9d7590
Event: 3389.709 Thread 0x00000292312be800 flushing nmethod 0x000002921caa5910
Event: 3391.462 Executing VM operation: G1CollectForAllocation


Dynamic libraries:
0x00007ff7caf60000 - 0x00007ff7caf6a000 	C:\Program Files\Android\Android Studio\jre\bin\java.exe
0x00007ff8cc040000 - 0x00007ff8cc221000 	C:\Windows\SYSTEM32\ntdll.dll
0x00007ff8ca150000 - 0x00007ff8ca202000 	C:\Windows\System32\KERNEL32.DLL
0x00007ff8c9250000 - 0x00007ff8c94c3000 	C:\Windows\System32\KERNELBASE.dll
0x00007ff8c8530000 - 0x00007ff8c862a000 	C:\Windows\System32\ucrtbase.dll
0x00007ff8b5120000 - 0x00007ff8b5139000 	C:\Program Files\Android\Android Studio\jre\bin\jli.dll
0x00007ff8cbe80000 - 0x00007ff8cc010000 	C:\Windows\System32\USER32.dll
0x00007ff8c8f90000 - 0x00007ff8c8fb0000 	C:\Windows\System32\win32u.dll
0x00007ff8c9dc0000 - 0x00007ff8c9de8000 	C:\Windows\System32\GDI32.dll
0x00007ff8c8df0000 - 0x00007ff8c8f82000 	C:\Windows\System32\gdi32full.dll
0x00007ff8c8410000 - 0x00007ff8c84af000 	C:\Windows\System32\msvcp_win.dll
0x00007ff8b4f10000 - 0x00007ff8b4f27000 	C:\Program Files\Android\Android Studio\jre\bin\VCRUNTIME140.dll
0x00007ff8bad10000 - 0x00007ff8baf79000 	C:\Windows\WinSxS\amd64_microsoft.windows.common-controls_6595b64144ccf1df_6.0.17133.73_none_b4b127863cb5b9c7\COMCTL32.dll
0x00007ff8ca210000 - 0x00007ff8ca2ae000 	C:\Windows\System32\msvcrt.dll
0x00007ff8c9a30000 - 0x00007ff8c9d53000 	C:\Windows\System32\combase.dll
0x00007ff8c9750000 - 0x00007ff8c9874000 	C:\Windows\System32\RPCRT4.dll
0x00007ff8c84b0000 - 0x00007ff8c852a000 	C:\Windows\System32\bcryptPrimitives.dll
0x00007ff8c96b0000 - 0x00007ff8c96dd000 	C:\Windows\System32\IMM32.DLL
0x00007ff8b3dc0000 - 0x00007ff8b3e5d000 	C:\Program Files\Android\Android Studio\jre\bin\msvcp140.dll
0x00007ff898450000 - 0x00007ff898f0c000 	C:\Program Files\Android\Android Studio\jre\bin\server\jvm.dll
0x00007ff8c9ea0000 - 0x00007ff8c9f41000 	C:\Windows\System32\ADVAPI32.dll
0x00007ff8c94d0000 - 0x00007ff8c952b000 	C:\Windows\System32\sechost.dll
0x00007ff8c96e0000 - 0x00007ff8c96e8000 	C:\Windows\System32\PSAPI.DLL
0x00007ff8c1570000 - 0x00007ff8c1579000 	C:\Windows\SYSTEM32\WSOCK32.dll
0x00007ff8c9f50000 - 0x00007ff8c9fbc000 	C:\Windows\System32\WS2_32.dll
0x00007ff8c5d40000 - 0x00007ff8c5d63000 	C:\Windows\SYSTEM32\WINMM.dll
0x00007ff8c6f90000 - 0x00007ff8c6f9a000 	C:\Windows\SYSTEM32\VERSION.dll
0x00007ff8c5d10000 - 0x00007ff8c5d3a000 	C:\Windows\SYSTEM32\WINMMBASE.dll
0x00007ff8c8690000 - 0x00007ff8c86d9000 	C:\Windows\System32\cfgmgr32.dll
0x00007ff8c83f0000 - 0x00007ff8c8401000 	C:\Windows\System32\kernel.appcore.dll
0x00007ff8bed90000 - 0x00007ff8beda1000 	C:\Program Files\Android\Android Studio\jre\bin\verify.dll
0x00007ff8b6c90000 - 0x00007ff8b6e59000 	C:\Windows\SYSTEM32\DBGHELP.DLL
0x00007ff8b6c60000 - 0x00007ff8b6c89000 	C:\Windows\SYSTEM32\dbgcore.DLL
0x00007ff8bb960000 - 0x00007ff8bb989000 	C:\Program Files\Android\Android Studio\jre\bin\java.dll
0x00007ff8c1530000 - 0x00007ff8c153b000 	C:\Program Files\Android\Android Studio\jre\bin\jimage.dll
0x00007ff8bc3a0000 - 0x00007ff8bc3b8000 	C:\Program Files\Android\Android Studio\jre\bin\zip.dll
0x00007ff8ca5f0000 - 0x00007ff8cba30000 	C:\Windows\System32\SHELL32.dll
0x00007ff8c9df0000 - 0x00007ff8c9e99000 	C:\Windows\System32\shcore.dll
0x00007ff8c86e0000 - 0x00007ff8c8ded000 	C:\Windows\System32\windows.storage.dll
0x00007ff8ca430000 - 0x00007ff8ca481000 	C:\Windows\System32\shlwapi.dll
0x00007ff8c83b0000 - 0x00007ff8c83cf000 	C:\Windows\System32\profapi.dll
0x00007ff8c8360000 - 0x00007ff8c83ac000 	C:\Windows\System32\powrprof.dll
0x00007ff8c8350000 - 0x00007ff8c835a000 	C:\Windows\System32\FLTLIB.DLL
0x00007ff8b9040000 - 0x00007ff8b905a000 	C:\Program Files\Android\Android Studio\jre\bin\net.dll
0x00007ff8bf510000 - 0x00007ff8bf5ed000 	C:\Windows\SYSTEM32\WINHTTP.dll
0x00007ff8c7b70000 - 0x00007ff8c7bd6000 	C:\Windows\system32\mswsock.dll
0x00007ff8b5900000 - 0x00007ff8b5914000 	C:\Program Files\Android\Android Studio\jre\bin\nio.dll
0x00007ff8b5480000 - 0x00007ff8b54a7000 	C:\Users\MISHECK\.gradle\native\fdc75f09e3144964f2cf3f50f0aa648679c211496f362492102eb8c894070792\windows-amd64\native-platform.dll
0x00007ff89ce30000 - 0x00007ff89cfc6000 	C:\Users\MISHECK\.gradle\native\12488b8bf47d2d4c9fbf2f6322a914ad602e24e48041cd04a747c6da556b65c4\windows-amd64\native-platform-file-events.dll
0x00007ff8c0c00000 - 0x00007ff8c0c0a000 	C:\Program Files\Android\Android Studio\jre\bin\management.dll
0x00007ff8c0ab0000 - 0x00007ff8c0abc000 	C:\Program Files\Android\Android Studio\jre\bin\management_ext.dll
0x00007ff8c7d20000 - 0x00007ff8c7d37000 	C:\Windows\SYSTEM32\CRYPTSP.dll
0x00007ff8c7750000 - 0x00007ff8c7783000 	C:\Windows\system32\rsaenh.dll
0x00007ff8c7e50000 - 0x00007ff8c7e75000 	C:\Windows\SYSTEM32\bcrypt.dll
0x00007ff8c8250000 - 0x00007ff8c8278000 	C:\Windows\SYSTEM32\USERENV.dll
0x00007ff8c7d40000 - 0x00007ff8c7d4b000 	C:\Windows\SYSTEM32\CRYPTBASE.dll
0x00007ff8c78f0000 - 0x00007ff8c7928000 	C:\Windows\SYSTEM32\IPHLPAPI.DLL
0x00007ff8ca490000 - 0x00007ff8ca498000 	C:\Windows\System32\NSI.dll
0x00007ff8bf910000 - 0x00007ff8bf926000 	C:\Windows\SYSTEM32\dhcpcsvc6.DLL
0x00007ff8bf8f0000 - 0x00007ff8bf90a000 	C:\Windows\SYSTEM32\dhcpcsvc.DLL
0x00007ff8c0a80000 - 0x00007ff8c0a8b000 	C:\Windows\SYSTEM32\WINNSI.DLL
0x00007ff8b4f30000 - 0x00007ff8b4f57000 	C:\Program Files\Android\Android Studio\jre\bin\sunec.dll
0x00007ff8c7930000 - 0x00007ff8c79ee000 	C:\Windows\SYSTEM32\DNSAPI.dll
0x00000000756b0000 - 0x00000000756d6000 	C:\Program Files\Bonjour\mdnsNSP.dll
0x00007ff8b9e10000 - 0x00007ff8b9e1a000 	C:\Windows\System32\rasadhlp.dll
0x00007ff899fe0000 - 0x00007ff89a182000 	C:\Program Files\Android\Android Studio\jre\bin\awt.dll
0x00007ff8ca4a0000 - 0x00007ff8ca562000 	C:\Windows\System32\OLEAUT32.dll
0x00007ff8c6990000 - 0x00007ff8c69b9000 	C:\Windows\SYSTEM32\dwmapi.dll
0x00007ff8c6290000 - 0x00007ff8c631b000 	C:\Windows\SYSTEM32\apphelp.dll
0x00007ff8c6410000 - 0x00007ff8c64a8000 	C:\Windows\system32\uxtheme.dll

dbghelp: loaded successfully - version: 4.0.5 - missing functions: none
symbol engine: initialized successfully - sym options: 0x614 - pdb path: .;C:\Program Files\Android\Android Studio\jre\bin;C:\Windows\SYSTEM32;C:\Windows\WinSxS\amd64_microsoft.windows.common-controls_6595b64144ccf1df_6.0.17133.73_none_b4b127863cb5b9c7;C:\Program Files\Android\Android Studio\jre\bin\server;C:\Users\MISHECK\.gradle\native\fdc75f09e3144964f2cf3f50f0aa648679c211496f362492102eb8c894070792\windows-amd64;C:\Users\MISHECK\.gradle\native\12488b8bf47d2d4c9fbf2f6322a914ad602e24e48041cd04a747c6da556b65c4\windows-amd64;C:\Program Files\Bonjour

VM Arguments:
jvm_args: --add-opens=java.base/java.util=ALL-UNNAMED --add-opens=java.base/java.lang=ALL-UNNAMED --add-opens=java.base/java.lang.invoke=ALL-UNNAMED --add-opens=java.prefs/java.util.prefs=ALL-UNNAMED -Xmx2048m -Dfile.encoding=UTF-8 -Duser.country=US -Duser.language=en -Duser.variant 
java_command: org.gradle.launcher.daemon.bootstrap.GradleDaemon 6.7.1
java_class_path (initial): C:\Users\MISHECK\.gradle\wrapper\dists\gradle-6.7.1-bin\bwlcbys1h7rz3272sye1xwiv6\gradle-6.7.1\lib\gradle-launcher-6.7.1.jar
Launcher Type: SUN_STANDARD

[Global flags]
     intx CICompilerCount                          = 2                                         {product} {ergonomic}
     uint ConcGCThreads                            = 1                                         {product} {ergonomic}
     uint G1ConcRefinementThreads                  = 2                                         {product} {ergonomic}
   size_t G1HeapRegionSize                         = 1048576                                   {product} {ergonomic}
    uintx GCDrainStackTargetSize                   = 64                                        {product} {ergonomic}
   size_t InitialHeapSize                          = 67108864                                  {product} {ergonomic}
   size_t MarkStackSize                            = 4194304                                   {product} {ergonomic}
   size_t MaxHeapSize                              = 2147483648                                {product} {command line}
   size_t MaxNewSize                               = 1287651328                                {product} {ergonomic}
   size_t MinHeapDeltaBytes                        = 1048576                                   {product} {ergonomic}
    uintx NonNMethodCodeHeapSize                   = 5825164                                {pd product} {ergonomic}
    uintx NonProfiledCodeHeapSize                  = 122916538                              {pd product} {ergonomic}
    uintx ProfiledCodeHeapSize                     = 122916538                              {pd product} {ergonomic}
    uintx ReservedCodeCacheSize                    = 251658240                              {pd product} {ergonomic}
     bool SegmentedCodeCache                       = true                                      {product} {ergonomic}
     bool UseCompressedClassPointers               = true                                 {lp64_product} {ergonomic}
     bool UseCompressedOops                        = true                                 {lp64_product} {ergonomic}
     bool UseG1GC                                  = true                                      {product} {ergonomic}
     bool UseLargePagesIndividualAllocation        = false                                  {pd product} {ergonomic}

Logging:
Log output configuration:
 #0: stdout all=warning uptime,level,tags
 #1: stderr all=off uptime,level,tags

Environment Variables:
JAVA_HOME=C:\Program Files\Java\jdk1.8.0_191
PATH=C:\Program Files (x86)\Common Files\Oracle\Java\javapath;C:\Windows\system32;C:\Windows;C:\Windows\System32\Wbem;C:\Windows\System32\WindowsPowerShell\v1.0\;C:\Windows\System32\OpenSSH\;C:\Program Files (x86)\Git\cmd;C:\Program Files\nodejs\;C:\Program Files\Java\jdk1.8.0_191\bin;C:\Users\MISHECK\AppData\Roaming\npm;C:\Exercism;C:\Users\MISHECK\AppData\Local\Programs\Python\Python39;C:\Users\MISHECK\AppData\Local\Programs\Microsoft VS Code\bin;C:\Program Files\CodeBlocks\MinGW\bin;
USERNAME=MISHECK
OS=Windows_NT
PROCESSOR_IDENTIFIER=Intel64 Family 6 Model 55 Stepping 8, GenuineIntel



---------------  S Y S T E M  ---------------

OS: Windows 10 , 64 bit Build 17133 (10.0.17133.73)
OS uptime: 2 days 23:33 hours

CPU:total 2 (initial active 2) (2 cores per cpu, 1 threads per core) family 6 model 55 stepping 8, cmov, cx8, fxsr, mmx, sse, sse2, sse3, ssse3, sse4.1, sse4.2, popcnt, clmul, erms, 3dnowpref, tsc, tscinvbit

Memory: 4k page, system-wide physical 3987M (448M free)
TotalPageFile size 5381M (AvailPageFile size 41M)
current process WorkingSet (physical memory assigned to process): 444M, peak: 447M
current process commit charge ("private bytes"): 555M, peak: 603M

vm_info: OpenJDK 64-Bit Server VM (11.0.8+10-b944.6842174) for windows-amd64 JRE (11.0.8+10-b944.6842174), built on Sep 19 2020 01:11:42 by "builder" with MS VC++ 14.0 (VS2015)

END.
