#
# There is insufficient memory for the Java Runtime Environment to continue.
# Native memory allocation (mmap) failed to map 66060288 bytes for Failed to commit area from 0x000000008ea00000 to 0x0000000092900000 of length 66060288.
# Possible reasons:
#   The system is out of physical RAM or swap space
#   The process is running with CompressedOops enabled, and the Java Heap may be blocking the growth of the native heap
# Possible solutions:
#   Reduce memory load on the system
#   Increase physical memory or swap space
#   Check if swap backing store is full
#   Decrease Java heap size (-Xmx/-Xms)
#   Decrease number of Java threads
#   Decrease Java thread stack sizes (-Xss)
#   Set larger code cache with -XX:ReservedCodeCacheSize=
#   JVM is running with Unscaled Compressed Oops mode in which the Java heap is
#     placed in the first 4GB address space. The Java Heap base address is the
#     maximum limit for the native heap growth. Please use -XX:HeapBaseMinAddress
#     to set the Java Heap base and to place the Java Heap above 4GB virtual address.
# This output file may be truncated or incomplete.
#
#  Out of Memory Error (./src/hotspot/os/windows/os_windows.cpp:3303), pid=740, tid=5360
#
# JRE version: OpenJDK Runtime Environment (11.0.8+10) (build 11.0.8+10-b944.6842174)
# Java VM: OpenJDK 64-Bit Server VM (11.0.8+10-b944.6842174, mixed mode, tiered, compressed oops, g1 gc, windows-amd64)
# No core dump will be written. Minidumps are not enabled by default on client versions of Windows
#

---------------  S U M M A R Y ------------

Command Line: --add-opens=java.base/java.util=ALL-UNNAMED --add-opens=java.base/java.lang=ALL-UNNAMED --add-opens=java.base/java.lang.invoke=ALL-UNNAMED --add-opens=java.prefs/java.util.prefs=ALL-UNNAMED -Xmx2048m -Dfile.encoding=UTF-8 -Duser.country=US -Duser.language=en -Duser.variant org.gradle.launcher.daemon.bootstrap.GradleDaemon 6.7.1

Host: Intel(R) Celeron(R) CPU  N2840  @ 2.16GHz, 2 cores, 3G,  Windows 10 , 64 bit Build 17133 (10.0.17133.73)
Time: Thu Aug  5 02:21:55 2021 Pacific Daylight Time elapsed time: 159 seconds (0d 0h 2m 39s)

---------------  T H R E A D  ---------------

Current thread (0x00000223ec935800):  VMThread "VM Thread" [stack: 0x0000006343000000,0x0000006343100000] [id=5360]

Stack: [0x0000006343000000,0x0000006343100000]
[error occurred during error reporting (printing stack bounds), id 0xc0000005, EXCEPTION_ACCESS_VIOLATION (0xc0000005) at pc=0x00000223d6bb0dbe]

Native frames: (J=compiled Java code, j=interpreted, Vv=VM code, C=native code)
V  [jvm.dll+0x5de50a]
V  [jvm.dll+0x7122f5]
V  [jvm.dll+0x71384d]
V  [jvm.dll+0x713e65]
V  [jvm.dll+0x713e1b]
V  [jvm.dll+0x5dd958]
V  [jvm.dll+0x5de0f8]
C  [ntdll.dll+0x9eddd]
C  [ntdll.dll+0x6c86]
C  [ntdll.dll+0x9dd0e]
C  0x00000223d6bb0dbe

VM_Operation (0x00000063452f8b40): G1CollectForAllocation, mode: safepoint, requested by thread 0x00000223ef428800


---------------  P R O C E S S  ---------------

Threads class SMR info:
_java_thread_list=0x00000223f237fe90, length=42, elements={
0x00000223d323c000, 0x00000223ec938000, 0x00000223ec93b000, 0x00000223ec945800,
0x00000223ed1b0800, 0x00000223ed1b2800, 0x00000223ed1b7000, 0x00000223ed1bc800,
0x00000223ed301000, 0x00000223ed328000, 0x00000223ef180800, 0x00000223ef608800,
0x00000223eec1f000, 0x00000223ed4e9800, 0x00000223ee123800, 0x00000223eebe9000,
0x00000223eebea000, 0x00000223ee162000, 0x00000223eea85000, 0x00000223ed50b000,
0x00000223ed50a000, 0x00000223ed509800, 0x00000223ed510000, 0x00000223ed50b800,
0x00000223ed50c800, 0x00000223ed50d800, 0x00000223ed50e000, 0x00000223ef426000,
0x00000223ef427800, 0x00000223ef428800, 0x00000223ef429800, 0x00000223edc18000,
0x00000223edc1c000, 0x00000223edc1a800, 0x00000223edc19000, 0x00000223edc1b800,
0x00000223edc1d000, 0x00000223edc19800, 0x00000223edc17000, 0x00000223ef42a000,
0x00000223ef425000, 0x00000223ef42d800
}

Java Threads: ( => current thread )
  0x00000223d323c000 JavaThread "main" [_thread_blocked, id=11092, stack(0x0000006342a00000,0x0000006342b00000)]
  0x00000223ec938000 JavaThread "Reference Handler" daemon [_thread_blocked, id=2928, stack(0x0000006343100000,0x0000006343200000)]
  0x00000223ec93b000 JavaThread "Finalizer" daemon [_thread_blocked, id=11720, stack(0x0000006343200000,0x0000006343300000)]
  0x00000223ec945800 JavaThread "Signal Dispatcher" daemon [_thread_blocked, id=10640, stack(0x0000006343300000,0x0000006343400000)]
  0x00000223ed1b0800 JavaThread "Attach Listener" daemon [_thread_blocked, id=5248, stack(0x0000006343400000,0x0000006343500000)]
  0x00000223ed1b2800 JavaThread "C2 CompilerThread0" daemon [_thread_blocked, id=3036, stack(0x0000006343500000,0x0000006343600000)]
  0x00000223ed1b7000 JavaThread "C1 CompilerThread0" daemon [_thread_blocked, id=6048, stack(0x0000006343600000,0x0000006343700000)]
  0x00000223ed1bc800 JavaThread "Sweeper thread" daemon [_thread_blocked, id=5336, stack(0x0000006343700000,0x0000006343800000)]
  0x00000223ed301000 JavaThread "Common-Cleaner" daemon [_thread_blocked, id=7892, stack(0x0000006343800000,0x0000006343900000)]
  0x00000223ed328000 JavaThread "Service Thread" daemon [_thread_blocked, id=8724, stack(0x0000006343900000,0x0000006343a00000)]
  0x00000223ef180800 JavaThread "Daemon health stats" [_thread_blocked, id=7996, stack(0x0000006343c00000,0x0000006343d00000)]
  0x00000223ef608800 JavaThread "Incoming local TCP Connector on port 65033" [_thread_in_native, id=5480, stack(0x0000006343e00000,0x0000006343f00000)]
  0x00000223eec1f000 JavaThread "Daemon" [_thread_blocked, id=10800, stack(0x0000006343f00000,0x0000006344000000)]
  0x00000223ed4e9800 JavaThread "Daemon periodic checks" [_thread_blocked, id=3996, stack(0x0000006344000000,0x0000006344100000)]
  0x00000223ee123800 JavaThread "Handler for socket connection from /127.0.0.1:65033 to /127.0.0.1:65034" [_thread_in_native, id=9876, stack(0x0000006344100000,0x0000006344200000)]
  0x00000223eebe9000 JavaThread "Cancel handler" [_thread_blocked, id=13732, stack(0x0000006344200000,0x0000006344300000)]
  0x00000223eebea000 JavaThread "Daemon worker" [_thread_blocked, id=2188, stack(0x0000006344300000,0x0000006344400000)]
  0x00000223ee162000 JavaThread "Asynchronous log dispatcher for DefaultDaemonConnection: socket connection from /127.0.0.1:65033 to /127.0.0.1:65034" [_thread_blocked, id=13204, stack(0x0000006344400000,0x0000006344500000)]
  0x00000223eea85000 JavaThread "Thread-8" [_thread_blocked, id=13496, stack(0x0000006344600000,0x0000006344700000)]
  0x00000223ed50b000 JavaThread "Cache worker for file hash cache (C:\Users\MISHECK\.gradle\caches\6.7.1\fileHashes)" [_thread_blocked, id=9584, stack(0x0000006344700000,0x0000006344800000)]
  0x00000223ed50a000 JavaThread "File lock request listener" [_thread_in_native, id=11188, stack(0x0000006344800000,0x0000006344900000)]
  0x00000223ed509800 JavaThread "Cache worker for journal cache (C:\Users\MISHECK\.gradle\caches\journal-1)" [_thread_blocked, id=1612, stack(0x0000006344900000,0x0000006344a00000)]
  0x00000223ed510000 JavaThread "Cache worker for file hash cache (C:\Users\MISHECK\AndroidStudioProjects\ChildSafetyApp\.gradle\6.7.1\fileHashes)" [_thread_blocked, id=12052, stack(0x0000006344a00000,0x0000006344b00000)]
  0x00000223ed50b800 JavaThread "Cache worker for checksums cache (C:\Users\MISHECK\AndroidStudioProjects\ChildSafetyApp\.gradle\checksums)" [_thread_blocked, id=12160, stack(0x0000006344b00000,0x0000006344c00000)]
  0x00000223ed50c800 JavaThread "Cache worker for cache directory md-supplier (C:\Users\MISHECK\.gradle\caches\6.7.1\md-supplier)" [_thread_blocked, id=12672, stack(0x0000006344c00000,0x0000006344d00000)]
  0x00000223ed50d800 JavaThread "Cache worker for cache directory md-rule (C:\Users\MISHECK\.gradle\caches\6.7.1\md-rule)" [_thread_blocked, id=11108, stack(0x0000006344d00000,0x0000006344e00000)]
  0x00000223ed50e000 JavaThread "Cache worker for execution history cache (C:\Users\MISHECK\.gradle\caches\6.7.1\executionHistory)" [_thread_blocked, id=4132, stack(0x0000006344e00000,0x0000006344f00000)]
  0x00000223ef426000 JavaThread "Cache worker for file content cache (C:\Users\MISHECK\.gradle\caches\6.7.1\fileContent)" [_thread_blocked, id=2352, stack(0x0000006345000000,0x0000006345100000)]
  0x00000223ef427800 JavaThread "Cache worker for Build Output Cleanup Cache (C:\Users\MISHECK\AndroidStudioProjects\ChildSafetyApp\.gradle\buildOutputCleanup)" [_thread_blocked, id=12616, stack(0x0000006345100000,0x0000006345200000)]
  0x00000223ef428800 JavaThread "Build operations" [_thread_blocked, id=11600, stack(0x0000006345200000,0x0000006345300000)]
  0x00000223ef429800 JavaThread "Build operations Thread 2" [_thread_blocked, id=11988, stack(0x0000006345300000,0x0000006345400000)]
  0x00000223edc18000 JavaThread "Memory manager" [_thread_blocked, id=9684, stack(0x000000634b400000,0x000000634b500000)]
  0x00000223edc1c000 JavaThread "build event listener" [_thread_blocked, id=6068, stack(0x000000634b500000,0x000000634b600000)]
  0x00000223edc1a800 JavaThread "build event listener" [_thread_blocked, id=11040, stack(0x000000634b600000,0x000000634b700000)]
  0x00000223edc19000 JavaThread "Execution worker for ':'" [_thread_blocked, id=6156, stack(0x000000634b700000,0x000000634b800000)]
  0x00000223edc1b800 JavaThread "Cache worker for execution history cache (C:\Users\MISHECK\AndroidStudioProjects\ChildSafetyApp\.gradle\6.7.1\executionHistory)" [_thread_blocked, id=1420, stack(0x000000634b800000,0x000000634b900000)]
  0x00000223edc1d000 JavaThread "WorkerExecutor Queue Thread 2" [_thread_blocked, id=12972, stack(0x000000634ba00000,0x000000634bb00000)]
  0x00000223edc19800 JavaThread "Java2D Disposer" daemon [_thread_blocked, id=4328, stack(0x000000634bb00000,0x000000634bc00000)]
  0x00000223edc17000 JavaThread "WorkerExecutor Queue Thread 3" [_thread_blocked, id=9152, stack(0x0000006344500000,0x0000006344600000)]
  0x00000223ef42a000 JavaThread "pool-4-thread-1" [_thread_blocked, id=9840, stack(0x0000006344f00000,0x0000006345000000)]
  0x00000223ef425000 JavaThread "stderr" [_thread_in_native, id=10124, stack(0x0000006345400000,0x0000006345500000)]
  0x00000223ef42d800 JavaThread "stdout" [_thread_in_native, id=2824, stack(0x0000006345500000,0x0000006345600000)]

Other Threads:
=>0x00000223ec935800 VMThread "VM Thread" [stack: 0x0000006343000000,0x0000006343100000] [id=5360]
  0x00000223ed339800 WatcherThread [stack: 0x0000006343a00000,0x0000006343b00000] [id=8100]
  0x00000223d3252800 GCTaskThread "GC Thread#0" [stack: 0x0000006342b00000,0x0000006342c00000] [id=9848]
  0x00000223ed42b800 GCTaskThread "GC Thread#1" [stack: 0x0000006343b00000,0x0000006343c00000] [id=2668]
  0x00000223d3284800 ConcurrentGCThread "G1 Main Marker" [stack: 0x0000006342c00000,0x0000006342d00000] [id=8816]
  0x00000223d3287000 ConcurrentGCThread "G1 Conc#0" [stack: 0x0000006342d00000,0x0000006342e00000] [id=1920]
  0x00000223d32db000 ConcurrentGCThread "G1 Refine#0" [stack: 0x0000006342e00000,0x0000006342f00000] [id=10984]
  0x00000223d32dc000 ConcurrentGCThread "G1 Young RemSet Sampling" [stack: 0x0000006342f00000,0x0000006343000000] [id=8512]

Threads with active compile tasks:
C2 CompilerThread0 159695 17808       4       com.android.tools.r8.ir.optimize.Z::a (430 bytes)

VM state:at safepoint (normal execution)

VM Mutex/Monitor currently owned by a thread:  ([mutex/lock_event])
[0x00000223d3238a10] Threads_lock - owner thread: 0x00000223ec935800
[0x00000223d3238c50] Heap_lock - owner thread: 0x00000223ef428800

Heap address: 0x0000000080000000, size: 2048 MB, Compressed Oops mode: 32-bit
Narrow klass base: 0x0000000000000000, Narrow klass shift: 3
Compressed class space size: 1073741824 Address: 0x0000000100000000

Heap:
 garbage-first heap   total 304128K, used 129389K [0x0000000080000000, 0x0000000100000000)
  region size 1024K, 4 young (4096K), 4 survivors (4096K)
 Metaspace       used 104534K, capacity 107116K, committed 107300K, reserved 1142784K
  class space    used 12861K, capacity 13814K, committed 13824K, reserved 1048576K
Heap Regions: E=young(eden), S=young(survivor), O=old, HS=humongous(starts), HC=humongous(continues), CS=collection set, F=free, A=archive, TAMS=top-at-mark-start (previous, next)
|   0|0x0000000080000000, 0x0000000080100000, 0x0000000080100000|100%| O|  |TAMS 0x0000000080100000, 0x0000000080000000| Untracked 
|   1|0x0000000080100000, 0x0000000080200000, 0x0000000080200000|100%| O|  |TAMS 0x0000000080200000, 0x0000000080100000| Untracked 
|   2|0x0000000080200000, 0x0000000080300000, 0x0000000080300000|100%| O|  |TAMS 0x0000000080300000, 0x0000000080200000| Untracked 
|   3|0x0000000080300000, 0x0000000080400000, 0x0000000080400000|100%| O|  |TAMS 0x0000000080400000, 0x0000000080300000| Untracked 
|   4|0x0000000080400000, 0x0000000080500000, 0x0000000080500000|100%|HS|  |TAMS 0x0000000080500000, 0x0000000080400000| Complete 
|   5|0x0000000080500000, 0x0000000080600000, 0x0000000080600000|100%|HC|  |TAMS 0x0000000080600000, 0x0000000080500000| Complete 
|   6|0x0000000080600000, 0x0000000080700000, 0x0000000080700000|100%|HC|  |TAMS 0x0000000080700000, 0x0000000080600000| Complete 
|   7|0x0000000080700000, 0x0000000080800000, 0x0000000080800000|100%| O|  |TAMS 0x0000000080800000, 0x0000000080700000| Untracked 
|   8|0x0000000080800000, 0x0000000080900000, 0x0000000080900000|100%| O|  |TAMS 0x0000000080900000, 0x0000000080800000| Untracked 
|   9|0x0000000080900000, 0x0000000080a00000, 0x0000000080a00000|100%| O|  |TAMS 0x0000000080a00000, 0x0000000080900000| Untracked 
|  10|0x0000000080a00000, 0x0000000080b00000, 0x0000000080b00000|100%| O|  |TAMS 0x0000000080b00000, 0x0000000080a00000| Untracked 
|  11|0x0000000080b00000, 0x0000000080c00000, 0x0000000080c00000|100%| O|  |TAMS 0x0000000080c00000, 0x0000000080b00000| Untracked 
|  12|0x0000000080c00000, 0x0000000080d00000, 0x0000000080d00000|100%| O|  |TAMS 0x0000000080d00000, 0x0000000080c00000| Untracked 
|  13|0x0000000080d00000, 0x0000000080e00000, 0x0000000080e00000|100%| O|  |TAMS 0x0000000080e00000, 0x0000000080d00000| Untracked 
|  14|0x0000000080e00000, 0x0000000080f00000, 0x0000000080f00000|100%| O|  |TAMS 0x0000000080f00000, 0x0000000080e00000| Untracked 
|  15|0x0000000080f00000, 0x0000000081000000, 0x0000000081000000|100%| O|  |TAMS 0x0000000081000000, 0x0000000080f00000| Untracked 
|  16|0x0000000081000000, 0x0000000081100000, 0x0000000081100000|100%| O|  |TAMS 0x0000000081100000, 0x0000000081000000| Untracked 
|  17|0x0000000081100000, 0x0000000081200000, 0x0000000081200000|100%| O|  |TAMS 0x0000000081200000, 0x0000000081100000| Untracked 
|  18|0x0000000081200000, 0x0000000081300000, 0x0000000081300000|100%| O|  |TAMS 0x0000000081300000, 0x0000000081200000| Untracked 
|  19|0x0000000081300000, 0x0000000081400000, 0x0000000081400000|100%| O|  |TAMS 0x0000000081400000, 0x0000000081300000| Untracked 
|  20|0x0000000081400000, 0x0000000081500000, 0x0000000081500000|100%| O|  |TAMS 0x0000000081500000, 0x0000000081400000| Untracked 
|  21|0x0000000081500000, 0x0000000081600000, 0x0000000081600000|100%| O|  |TAMS 0x0000000081600000, 0x0000000081500000| Untracked 
|  22|0x0000000081600000, 0x0000000081700000, 0x0000000081700000|100%| O|  |TAMS 0x0000000081700000, 0x0000000081600000| Untracked 
|  23|0x0000000081700000, 0x0000000081800000, 0x0000000081800000|100%| O|  |TAMS 0x0000000081800000, 0x0000000081700000| Untracked 
|  24|0x0000000081800000, 0x0000000081900000, 0x0000000081900000|100%|HS|  |TAMS 0x0000000081900000, 0x0000000081800000| Complete 
|  25|0x0000000081900000, 0x0000000081a00000, 0x0000000081a00000|100%|HS|  |TAMS 0x0000000081a00000, 0x0000000081900000| Complete 
|  26|0x0000000081a00000, 0x0000000081b00000, 0x0000000081b00000|100%|HC|  |TAMS 0x0000000081b00000, 0x0000000081a00000| Complete 
|  27|0x0000000081b00000, 0x0000000081c00000, 0x0000000081c00000|100%| O|  |TAMS 0x0000000081c00000, 0x0000000081b00000| Untracked 
|  28|0x0000000081c00000, 0x0000000081d00000, 0x0000000081d00000|100%| O|  |TAMS 0x0000000081d00000, 0x0000000081c00000| Untracked 
|  29|0x0000000081d00000, 0x0000000081e00000, 0x0000000081e00000|100%| O|  |TAMS 0x0000000081e00000, 0x0000000081d00000| Untracked 
|  30|0x0000000081e00000, 0x0000000081f00000, 0x0000000081f00000|100%| O|  |TAMS 0x0000000081f00000, 0x0000000081e00000| Untracked 
|  31|0x0000000081f00000, 0x0000000082000000, 0x0000000082000000|100%| O|  |TAMS 0x0000000082000000, 0x0000000081f00000| Untracked 
|  32|0x0000000082000000, 0x0000000082100000, 0x0000000082100000|100%| O|  |TAMS 0x0000000082100000, 0x0000000082000000| Untracked 
|  33|0x0000000082100000, 0x0000000082200000, 0x0000000082200000|100%| O|  |TAMS 0x0000000082200000, 0x0000000082100000| Untracked 
|  34|0x0000000082200000, 0x0000000082300000, 0x0000000082300000|100%| O|  |TAMS 0x0000000082300000, 0x0000000082200000| Untracked 
|  35|0x0000000082300000, 0x0000000082400000, 0x0000000082400000|100%| O|  |TAMS 0x0000000082400000, 0x0000000082300000| Untracked 
|  36|0x0000000082400000, 0x0000000082500000, 0x0000000082500000|100%| O|  |TAMS 0x0000000082500000, 0x0000000082400000| Untracked 
|  37|0x0000000082500000, 0x0000000082600000, 0x0000000082600000|100%| O|  |TAMS 0x0000000082600000, 0x0000000082500000| Untracked 
|  38|0x0000000082600000, 0x0000000082700000, 0x0000000082700000|100%| O|  |TAMS 0x0000000082700000, 0x0000000082600000| Untracked 
|  39|0x0000000082700000, 0x0000000082800000, 0x0000000082800000|100%| O|  |TAMS 0x0000000082800000, 0x0000000082700000| Untracked 
|  40|0x0000000082800000, 0x0000000082900000, 0x0000000082900000|100%| O|  |TAMS 0x0000000082900000, 0x0000000082800000| Untracked 
|  41|0x0000000082900000, 0x0000000082a00000, 0x0000000082a00000|100%| O|  |TAMS 0x0000000082a00000, 0x0000000082900000| Untracked 
|  42|0x0000000082a00000, 0x0000000082b00000, 0x0000000082b00000|100%| O|  |TAMS 0x0000000082b00000, 0x0000000082a00000| Untracked 
|  43|0x0000000082b00000, 0x0000000082c00000, 0x0000000082c00000|100%| O|  |TAMS 0x0000000082c00000, 0x0000000082b00000| Untracked 
|  44|0x0000000082c00000, 0x0000000082d00000, 0x0000000082d00000|100%| O|  |TAMS 0x0000000082d00000, 0x0000000082c00000| Untracked 
|  45|0x0000000082d00000, 0x0000000082e00000, 0x0000000082e00000|100%| O|  |TAMS 0x0000000082e00000, 0x0000000082d00000| Untracked 
|  46|0x0000000082e00000, 0x0000000082f00000, 0x0000000082f00000|100%| O|  |TAMS 0x0000000082f00000, 0x0000000082e00000| Untracked 
|  47|0x0000000082f00000, 0x0000000083000000, 0x0000000083000000|100%| O|  |TAMS 0x0000000083000000, 0x0000000082f00000| Untracked 
|  48|0x0000000083000000, 0x0000000083100000, 0x0000000083100000|100%| O|  |TAMS 0x0000000083100000, 0x0000000083000000| Untracked 
|  49|0x0000000083100000, 0x0000000083200000, 0x0000000083200000|100%| O|  |TAMS 0x0000000083200000, 0x0000000083100000| Untracked 
|  50|0x0000000083200000, 0x0000000083300000, 0x0000000083300000|100%| O|  |TAMS 0x0000000083300000, 0x0000000083200000| Untracked 
|  51|0x0000000083300000, 0x0000000083400000, 0x0000000083400000|100%| O|  |TAMS 0x0000000083400000, 0x0000000083300000| Untracked 
|  52|0x0000000083400000, 0x0000000083500000, 0x0000000083500000|100%| O|  |TAMS 0x0000000083500000, 0x0000000083400000| Untracked 
|  53|0x0000000083500000, 0x0000000083600000, 0x0000000083600000|100%| O|  |TAMS 0x0000000083600000, 0x0000000083500000| Untracked 
|  54|0x0000000083600000, 0x0000000083700000, 0x0000000083700000|100%| O|  |TAMS 0x0000000083700000, 0x0000000083600000| Untracked 
|  55|0x0000000083700000, 0x0000000083800000, 0x0000000083800000|100%| O|  |TAMS 0x0000000083800000, 0x0000000083700000| Untracked 
|  56|0x0000000083800000, 0x0000000083900000, 0x0000000083900000|100%| O|  |TAMS 0x0000000083900000, 0x0000000083800000| Untracked 
|  57|0x0000000083900000, 0x0000000083a00000, 0x0000000083a00000|100%| O|  |TAMS 0x0000000083a00000, 0x0000000083900000| Untracked 
|  58|0x0000000083a00000, 0x0000000083b00000, 0x0000000083b00000|100%| O|  |TAMS 0x0000000083b00000, 0x0000000083a00000| Untracked 
|  59|0x0000000083b00000, 0x0000000083c00000, 0x0000000083c00000|100%| O|  |TAMS 0x0000000083c00000, 0x0000000083b00000| Untracked 
|  60|0x0000000083c00000, 0x0000000083d00000, 0x0000000083d00000|100%| O|  |TAMS 0x0000000083c00000, 0x0000000083c00000| Untracked 
|  61|0x0000000083d00000, 0x0000000083e00000, 0x0000000083e00000|100%| O|  |TAMS 0x0000000083d00000, 0x0000000083d00000| Untracked 
|  62|0x0000000083e00000, 0x0000000083f00000, 0x0000000083f00000|100%| O|  |TAMS 0x0000000083f00000, 0x0000000083e00000| Untracked 
|  63|0x0000000083f00000, 0x0000000084000000, 0x0000000084000000|100%| O|  |TAMS 0x0000000084000000, 0x0000000083f00000| Untracked 
|  64|0x0000000084000000, 0x0000000084100000, 0x0000000084100000|100%| O|  |TAMS 0x0000000084100000, 0x0000000084000000| Untracked 
|  65|0x0000000084100000, 0x0000000084200000, 0x0000000084200000|100%| O|  |TAMS 0x0000000084200000, 0x0000000084100000| Untracked 
|  66|0x0000000084200000, 0x0000000084300000, 0x0000000084300000|100%| O|  |TAMS 0x0000000084300000, 0x0000000084200000| Untracked 
|  67|0x0000000084300000, 0x0000000084400000, 0x0000000084400000|100%| O|  |TAMS 0x0000000084400000, 0x0000000084300000| Untracked 
|  68|0x0000000084400000, 0x0000000084500000, 0x0000000084500000|100%| O|  |TAMS 0x000000008449b200, 0x0000000084400000| Untracked 
|  69|0x0000000084500000, 0x0000000084600000, 0x0000000084600000|100%| O|  |TAMS 0x0000000084600000, 0x0000000084500000| Untracked 
|  70|0x0000000084600000, 0x0000000084700000, 0x0000000084700000|100%| O|  |TAMS 0x0000000084700000, 0x0000000084600000| Untracked 
|  71|0x0000000084700000, 0x0000000084800000, 0x0000000084800000|100%| O|  |TAMS 0x0000000084800000, 0x0000000084700000| Untracked 
|  72|0x0000000084800000, 0x0000000084900000, 0x0000000084900000|100%| O|  |TAMS 0x0000000084800000, 0x0000000084800000| Untracked 
|  73|0x0000000084900000, 0x0000000084a00000, 0x0000000084a00000|100%| O|  |TAMS 0x0000000084a00000, 0x0000000084900000| Untracked 
|  74|0x0000000084a00000, 0x0000000084b00000, 0x0000000084b00000|100%| O|  |TAMS 0x0000000084b00000, 0x0000000084a00000| Untracked 
|  75|0x0000000084b00000, 0x0000000084c00000, 0x0000000084c00000|100%| O|  |TAMS 0x0000000084c00000, 0x0000000084b00000| Untracked 
|  76|0x0000000084c00000, 0x0000000084d00000, 0x0000000084d00000|100%| O|  |TAMS 0x0000000084d00000, 0x0000000084c00000| Untracked 
|  77|0x0000000084d00000, 0x0000000084e00000, 0x0000000084e00000|100%| O|  |TAMS 0x0000000084e00000, 0x0000000084d00000| Untracked 
|  78|0x0000000084e00000, 0x0000000084f00000, 0x0000000084f00000|100%| O|  |TAMS 0x0000000084f00000, 0x0000000084e00000| Untracked 
|  79|0x0000000084f00000, 0x0000000085000000, 0x0000000085000000|100%| O|  |TAMS 0x0000000085000000, 0x0000000084f00000| Untracked 
|  80|0x0000000085000000, 0x0000000085100000, 0x0000000085100000|100%| O|  |TAMS 0x0000000085100000, 0x0000000085000000| Untracked 
|  81|0x0000000085100000, 0x0000000085200000, 0x0000000085200000|100%| O|  |TAMS 0x0000000085200000, 0x0000000085100000| Untracked 
|  82|0x0000000085200000, 0x0000000085300000, 0x0000000085300000|100%| O|  |TAMS 0x0000000085300000, 0x0000000085200000| Untracked 
|  83|0x0000000085300000, 0x0000000085400000, 0x0000000085400000|100%| O|  |TAMS 0x0000000085400000, 0x0000000085300000| Untracked 
|  84|0x0000000085400000, 0x0000000085500000, 0x0000000085500000|100%| O|  |TAMS 0x0000000085500000, 0x0000000085400000| Untracked 
|  85|0x0000000085500000, 0x0000000085600000, 0x0000000085600000|100%| O|  |TAMS 0x0000000085600000, 0x0000000085500000| Untracked 
|  86|0x0000000085600000, 0x0000000085700000, 0x0000000085700000|100%| O|  |TAMS 0x0000000085700000, 0x0000000085600000| Untracked 
|  87|0x0000000085700000, 0x0000000085800000, 0x0000000085800000|100%| O|  |TAMS 0x0000000085800000, 0x0000000085700000| Untracked 
|  88|0x0000000085800000, 0x0000000085900000, 0x0000000085900000|100%| O|  |TAMS 0x0000000085900000, 0x0000000085800000| Untracked 
|  89|0x0000000085900000, 0x0000000085a00000, 0x0000000085a00000|100%| O|  |TAMS 0x0000000085a00000, 0x0000000085900000| Untracked 
|  90|0x0000000085a00000, 0x0000000085b00000, 0x0000000085b00000|100%| O|  |TAMS 0x0000000085b00000, 0x0000000085a00000| Untracked 
|  91|0x0000000085b00000, 0x0000000085c00000, 0x0000000085c00000|100%| O|  |TAMS 0x0000000085c00000, 0x0000000085b00000| Untracked 
|  92|0x0000000085c00000, 0x0000000085d00000, 0x0000000085d00000|100%| O|  |TAMS 0x0000000085c00000, 0x0000000085c00000| Untracked 
|  93|0x0000000085d00000, 0x0000000085e00000, 0x0000000085e00000|100%| O|  |TAMS 0x0000000085e00000, 0x0000000085d00000| Untracked 
|  94|0x0000000085e00000, 0x0000000085f00000, 0x0000000085f00000|100%| O|  |TAMS 0x0000000085f00000, 0x0000000085e00000| Untracked 
|  95|0x0000000085f00000, 0x0000000086000000, 0x0000000086000000|100%| O|  |TAMS 0x0000000086000000, 0x0000000085f00000| Untracked 
|  96|0x0000000086000000, 0x0000000086100000, 0x0000000086100000|100%| O|  |TAMS 0x0000000086100000, 0x0000000086000000| Untracked 
|  97|0x0000000086100000, 0x0000000086200000, 0x0000000086200000|100%| O|  |TAMS 0x0000000086200000, 0x0000000086100000| Untracked 
|  98|0x0000000086200000, 0x0000000086300000, 0x0000000086300000|100%| O|  |TAMS 0x0000000086300000, 0x0000000086200000| Untracked 
|  99|0x0000000086300000, 0x0000000086400000, 0x0000000086400000|100%| O|  |TAMS 0x0000000086300000, 0x0000000086300000| Untracked 
| 100|0x0000000086400000, 0x0000000086500000, 0x0000000086500000|100%| O|  |TAMS 0x0000000086400000, 0x0000000086400000| Untracked 
| 101|0x0000000086500000, 0x0000000086600000, 0x0000000086600000|100%| O|  |TAMS 0x0000000086500000, 0x0000000086500000| Untracked 
| 102|0x0000000086600000, 0x0000000086700000, 0x0000000086700000|100%| O|  |TAMS 0x0000000086600000, 0x0000000086600000| Untracked 
| 103|0x0000000086700000, 0x0000000086800000, 0x0000000086800000|100%| O|  |TAMS 0x0000000086700000, 0x0000000086700000| Untracked 
| 104|0x0000000086800000, 0x0000000086900000, 0x0000000086900000|100%| O|  |TAMS 0x0000000086800000, 0x0000000086800000| Untracked 
| 105|0x0000000086900000, 0x0000000086a00000, 0x0000000086a00000|100%|HS|  |TAMS 0x0000000086900000, 0x0000000086900000| Complete 
| 106|0x0000000086a00000, 0x0000000086b00000, 0x0000000086b00000|100%|HC|  |TAMS 0x0000000086a00000, 0x0000000086a00000| Complete 
| 107|0x0000000086b00000, 0x0000000086c00000, 0x0000000086c00000|100%| O|  |TAMS 0x0000000086b00000, 0x0000000086b00000| Untracked 
| 108|0x0000000086c00000, 0x0000000086d00000, 0x0000000086d00000|100%| O|  |TAMS 0x0000000086c00000, 0x0000000086c00000| Untracked 
| 109|0x0000000086d00000, 0x0000000086e00000, 0x0000000086e00000|100%| O|  |TAMS 0x0000000086d00000, 0x0000000086d00000| Untracked 
| 110|0x0000000086e00000, 0x0000000086f00000, 0x0000000086f00000|100%| O|  |TAMS 0x0000000086e00000, 0x0000000086e00000| Untracked 
| 111|0x0000000086f00000, 0x0000000087000000, 0x0000000087000000|100%| O|  |TAMS 0x0000000086f00000, 0x0000000086f00000| Untracked 
| 112|0x0000000087000000, 0x0000000087100000, 0x0000000087100000|100%| O|  |TAMS 0x0000000087000000, 0x0000000087000000| Untracked 
| 113|0x0000000087100000, 0x0000000087200000, 0x0000000087200000|100%| O|  |TAMS 0x0000000087100000, 0x0000000087100000| Untracked 
| 114|0x0000000087200000, 0x0000000087300000, 0x0000000087300000|100%| O|  |TAMS 0x0000000087200000, 0x0000000087200000| Untracked 
| 115|0x0000000087300000, 0x0000000087400000, 0x0000000087400000|100%| O|  |TAMS 0x0000000087300000, 0x0000000087300000| Untracked 
| 116|0x0000000087400000, 0x0000000087500000, 0x0000000087500000|100%| O|  |TAMS 0x0000000087400000, 0x0000000087400000| Untracked 
| 117|0x0000000087500000, 0x0000000087600000, 0x0000000087600000|100%| O|  |TAMS 0x0000000087500000, 0x0000000087500000| Untracked 
| 118|0x0000000087600000, 0x0000000087700000, 0x0000000087700000|100%| O|  |TAMS 0x0000000087700000, 0x0000000087600000| Untracked 
| 119|0x0000000087700000, 0x0000000087800000, 0x0000000087800000|100%| O|  |TAMS 0x0000000087700000, 0x0000000087700000| Untracked 
| 120|0x0000000087800000, 0x0000000087900000, 0x0000000087900000|100%| O|  |TAMS 0x0000000087800000, 0x0000000087800000| Untracked 
| 121|0x0000000087900000, 0x0000000087a00000, 0x0000000087a00000|100%| O|  |TAMS 0x0000000087900000, 0x0000000087900000| Untracked 
| 122|0x0000000087a00000, 0x0000000087a80000, 0x0000000087b00000| 50%| O|  |TAMS 0x0000000087a00000, 0x0000000087a00000| Untracked 
| 123|0x0000000087b00000, 0x0000000087b00000, 0x0000000087c00000|  0%| F|  |TAMS 0x0000000087b00000, 0x0000000087b00000| Untracked 
| 124|0x0000000087c00000, 0x0000000087c00000, 0x0000000087d00000|  0%| F|  |TAMS 0x0000000087c00000, 0x0000000087c00000| Untracked 
| 125|0x0000000087d00000, 0x0000000087d00000, 0x0000000087e00000|  0%| F|  |TAMS 0x0000000087d00000, 0x0000000087d00000| Untracked 
| 126|0x0000000087e00000, 0x0000000087e00000, 0x0000000087f00000|  0%| F|  |TAMS 0x0000000087e00000, 0x0000000087e00000| Untracked 
| 127|0x0000000087f00000, 0x0000000087f00000, 0x0000000088000000|  0%| F|  |TAMS 0x0000000087f00000, 0x0000000087f00000| Untracked 
| 128|0x0000000088000000, 0x0000000088000000, 0x0000000088100000|  0%| F|  |TAMS 0x0000000088000000, 0x0000000088000000| Untracked 
| 129|0x0000000088100000, 0x0000000088100000, 0x0000000088200000|  0%| F|  |TAMS 0x0000000088100000, 0x0000000088100000| Untracked 
| 130|0x0000000088200000, 0x0000000088200000, 0x0000000088300000|  0%| F|  |TAMS 0x0000000088200000, 0x0000000088200000| Untracked 
| 131|0x0000000088300000, 0x0000000088300000, 0x0000000088400000|  0%| F|  |TAMS 0x0000000088300000, 0x0000000088300000| Untracked 
| 132|0x0000000088400000, 0x0000000088400000, 0x0000000088500000|  0%| F|  |TAMS 0x0000000088400000, 0x0000000088400000| Untracked 
| 133|0x0000000088500000, 0x0000000088500000, 0x0000000088600000|  0%| F|  |TAMS 0x0000000088500000, 0x0000000088500000| Untracked 
| 134|0x0000000088600000, 0x0000000088600000, 0x0000000088700000|  0%| F|  |TAMS 0x0000000088600000, 0x0000000088600000| Untracked 
| 135|0x0000000088700000, 0x0000000088700000, 0x0000000088800000|  0%| F|  |TAMS 0x0000000088700000, 0x0000000088700000| Untracked 
| 136|0x0000000088800000, 0x0000000088800000, 0x0000000088900000|  0%| F|  |TAMS 0x0000000088800000, 0x0000000088800000| Untracked 
| 137|0x0000000088900000, 0x0000000088900000, 0x0000000088a00000|  0%| F|  |TAMS 0x0000000088900000, 0x0000000088900000| Untracked 
| 138|0x0000000088a00000, 0x0000000088a00000, 0x0000000088b00000|  0%| F|  |TAMS 0x0000000088a00000, 0x0000000088a00000| Untracked 
| 139|0x0000000088b00000, 0x0000000088b00000, 0x0000000088c00000|  0%| F|  |TAMS 0x0000000088b00000, 0x0000000088b00000| Untracked 
| 140|0x0000000088c00000, 0x0000000088c00000, 0x0000000088d00000|  0%| F|  |TAMS 0x0000000088c00000, 0x0000000088c00000| Untracked 
| 141|0x0000000088d00000, 0x0000000088d00000, 0x0000000088e00000|  0%| F|  |TAMS 0x0000000088d00000, 0x0000000088d00000| Untracked 
| 142|0x0000000088e00000, 0x0000000088e00000, 0x0000000088f00000|  0%| F|  |TAMS 0x0000000088e00000, 0x0000000088e00000| Untracked 
| 143|0x0000000088f00000, 0x0000000088f00000, 0x0000000089000000|  0%| F|  |TAMS 0x0000000088f00000, 0x0000000088f00000| Untracked 
| 144|0x0000000089000000, 0x0000000089000000, 0x0000000089100000|  0%| F|  |TAMS 0x0000000089000000, 0x0000000089000000| Untracked 
| 145|0x0000000089100000, 0x0000000089100000, 0x0000000089200000|  0%| F|  |TAMS 0x0000000089100000, 0x0000000089100000| Untracked 
| 146|0x0000000089200000, 0x0000000089200000, 0x0000000089300000|  0%| F|  |TAMS 0x0000000089200000, 0x0000000089200000| Untracked 
| 147|0x0000000089300000, 0x0000000089300000, 0x0000000089400000|  0%| F|  |TAMS 0x0000000089300000, 0x0000000089300000| Untracked 
| 148|0x0000000089400000, 0x0000000089400000, 0x0000000089500000|  0%| F|  |TAMS 0x0000000089400000, 0x0000000089400000| Untracked 
| 149|0x0000000089500000, 0x0000000089500000, 0x0000000089600000|  0%| F|  |TAMS 0x0000000089500000, 0x0000000089500000| Untracked 
| 150|0x0000000089600000, 0x0000000089600000, 0x0000000089700000|  0%| F|  |TAMS 0x0000000089600000, 0x0000000089600000| Untracked 
| 151|0x0000000089700000, 0x0000000089700000, 0x0000000089800000|  0%| F|  |TAMS 0x0000000089700000, 0x0000000089700000| Untracked 
| 152|0x0000000089800000, 0x0000000089800000, 0x0000000089900000|  0%| F|  |TAMS 0x0000000089800000, 0x0000000089800000| Untracked 
| 153|0x0000000089900000, 0x0000000089900000, 0x0000000089a00000|  0%| F|  |TAMS 0x0000000089900000, 0x0000000089900000| Untracked 
| 154|0x0000000089a00000, 0x0000000089a00000, 0x0000000089b00000|  0%| F|  |TAMS 0x0000000089a00000, 0x0000000089a00000| Untracked 
| 155|0x0000000089b00000, 0x0000000089b00000, 0x0000000089c00000|  0%| F|  |TAMS 0x0000000089b00000, 0x0000000089b00000| Untracked 
| 156|0x0000000089c00000, 0x0000000089c00000, 0x0000000089d00000|  0%| F|  |TAMS 0x0000000089c00000, 0x0000000089c00000| Untracked 
| 157|0x0000000089d00000, 0x0000000089d00000, 0x0000000089e00000|  0%| F|  |TAMS 0x0000000089d00000, 0x0000000089d00000| Untracked 
| 158|0x0000000089e00000, 0x0000000089e00000, 0x0000000089f00000|  0%| F|  |TAMS 0x0000000089e00000, 0x0000000089e00000| Untracked 
| 159|0x0000000089f00000, 0x0000000089f00000, 0x000000008a000000|  0%| F|  |TAMS 0x0000000089f00000, 0x0000000089f00000| Untracked 
| 160|0x000000008a000000, 0x000000008a000000, 0x000000008a100000|  0%| F|  |TAMS 0x000000008a000000, 0x000000008a000000| Untracked 
| 161|0x000000008a100000, 0x000000008a100000, 0x000000008a200000|  0%| F|  |TAMS 0x000000008a100000, 0x000000008a100000| Untracked 
| 162|0x000000008a200000, 0x000000008a200000, 0x000000008a300000|  0%| F|  |TAMS 0x000000008a200000, 0x000000008a200000| Untracked 
| 163|0x000000008a300000, 0x000000008a300000, 0x000000008a400000|  0%| F|  |TAMS 0x000000008a300000, 0x000000008a300000| Untracked 
| 164|0x000000008a400000, 0x000000008a4db6b0, 0x000000008a500000| 85%| S|CS|TAMS 0x000000008a400000, 0x000000008a400000| Complete 
| 165|0x000000008a500000, 0x000000008a600000, 0x000000008a600000|100%| S|CS|TAMS 0x000000008a500000, 0x000000008a500000| Complete 
| 166|0x000000008a600000, 0x000000008a700000, 0x000000008a700000|100%| S|CS|TAMS 0x000000008a600000, 0x000000008a600000| Complete 
| 167|0x000000008a700000, 0x000000008a800000, 0x000000008a800000|100%| S|CS|TAMS 0x000000008a700000, 0x000000008a700000| Complete 
| 168|0x000000008a800000, 0x000000008a800000, 0x000000008a900000|  0%| F|  |TAMS 0x000000008a800000, 0x000000008a800000| Untracked 
| 169|0x000000008a900000, 0x000000008a900000, 0x000000008aa00000|  0%| F|  |TAMS 0x000000008a900000, 0x000000008a900000| Untracked 
| 170|0x000000008aa00000, 0x000000008aa00000, 0x000000008ab00000|  0%| F|  |TAMS 0x000000008aa00000, 0x000000008aa00000| Untracked 
| 171|0x000000008ab00000, 0x000000008ab00000, 0x000000008ac00000|  0%| F|  |TAMS 0x000000008ab00000, 0x000000008ab00000| Untracked 
| 172|0x000000008ac00000, 0x000000008ac00000, 0x000000008ad00000|  0%| F|  |TAMS 0x000000008ac00000, 0x000000008ac00000| Untracked 
| 173|0x000000008ad00000, 0x000000008ad00000, 0x000000008ae00000|  0%| F|  |TAMS 0x000000008ad00000, 0x000000008ad00000| Untracked 
| 174|0x000000008ae00000, 0x000000008ae00000, 0x000000008af00000|  0%| F|  |TAMS 0x000000008ae00000, 0x000000008ae00000| Untracked 
| 175|0x000000008af00000, 0x000000008af00000, 0x000000008b000000|  0%| F|  |TAMS 0x000000008af00000, 0x000000008af00000| Untracked 
| 176|0x000000008b000000, 0x000000008b000000, 0x000000008b100000|  0%| F|  |TAMS 0x000000008b000000, 0x000000008b000000| Untracked 
| 177|0x000000008b100000, 0x000000008b100000, 0x000000008b200000|  0%| F|  |TAMS 0x000000008b100000, 0x000000008b100000| Untracked 
| 178|0x000000008b200000, 0x000000008b200000, 0x000000008b300000|  0%| F|  |TAMS 0x000000008b200000, 0x000000008b200000| Untracked 
| 179|0x000000008b300000, 0x000000008b300000, 0x000000008b400000|  0%| F|  |TAMS 0x000000008b300000, 0x000000008b300000| Untracked 
| 180|0x000000008b400000, 0x000000008b400000, 0x000000008b500000|  0%| F|  |TAMS 0x000000008b400000, 0x000000008b400000| Untracked 
| 181|0x000000008b500000, 0x000000008b500000, 0x000000008b600000|  0%| F|  |TAMS 0x000000008b500000, 0x000000008b500000| Untracked 
| 182|0x000000008b600000, 0x000000008b600000, 0x000000008b700000|  0%| F|  |TAMS 0x000000008b600000, 0x000000008b600000| Untracked 
| 183|0x000000008b700000, 0x000000008b700000, 0x000000008b800000|  0%| F|  |TAMS 0x000000008b700000, 0x000000008b700000| Untracked 
| 184|0x000000008b800000, 0x000000008b800000, 0x000000008b900000|  0%| F|  |TAMS 0x000000008b800000, 0x000000008b800000| Untracked 
| 185|0x000000008b900000, 0x000000008b900000, 0x000000008ba00000|  0%| F|  |TAMS 0x000000008b900000, 0x000000008b900000| Untracked 
| 186|0x000000008ba00000, 0x000000008ba00000, 0x000000008bb00000|  0%| F|  |TAMS 0x000000008ba00000, 0x000000008ba00000| Untracked 
| 187|0x000000008bb00000, 0x000000008bb00000, 0x000000008bc00000|  0%| F|  |TAMS 0x000000008bb00000, 0x000000008bb00000| Untracked 
| 188|0x000000008bc00000, 0x000000008bc00000, 0x000000008bd00000|  0%| F|  |TAMS 0x000000008bc00000, 0x000000008bc00000| Untracked 
| 189|0x000000008bd00000, 0x000000008bd00000, 0x000000008be00000|  0%| F|  |TAMS 0x000000008bd00000, 0x000000008bd00000| Untracked 
| 190|0x000000008be00000, 0x000000008be00000, 0x000000008bf00000|  0%| F|  |TAMS 0x000000008be00000, 0x000000008be00000| Untracked 
| 191|0x000000008bf00000, 0x000000008bf00000, 0x000000008c000000|  0%| F|  |TAMS 0x000000008bf00000, 0x000000008bf00000| Untracked 
| 192|0x000000008c000000, 0x000000008c000000, 0x000000008c100000|  0%| F|  |TAMS 0x000000008c000000, 0x000000008c000000| Untracked 
| 193|0x000000008c100000, 0x000000008c100000, 0x000000008c200000|  0%| F|  |TAMS 0x000000008c100000, 0x000000008c100000| Untracked 
| 194|0x000000008c200000, 0x000000008c200000, 0x000000008c300000|  0%| F|  |TAMS 0x000000008c200000, 0x000000008c200000| Untracked 
| 195|0x000000008c300000, 0x000000008c300000, 0x000000008c400000|  0%| F|  |TAMS 0x000000008c300000, 0x000000008c300000| Untracked 
| 196|0x000000008c400000, 0x000000008c400000, 0x000000008c500000|  0%| F|  |TAMS 0x000000008c400000, 0x000000008c400000| Untracked 
| 197|0x000000008c500000, 0x000000008c500000, 0x000000008c600000|  0%| F|  |TAMS 0x000000008c500000, 0x000000008c500000| Untracked 
| 198|0x000000008c600000, 0x000000008c600000, 0x000000008c700000|  0%| F|  |TAMS 0x000000008c600000, 0x000000008c600000| Untracked 
| 199|0x000000008c700000, 0x000000008c700000, 0x000000008c800000|  0%| F|  |TAMS 0x000000008c700000, 0x000000008c700000| Untracked 
| 200|0x000000008c800000, 0x000000008c800000, 0x000000008c900000|  0%| F|  |TAMS 0x000000008c800000, 0x000000008c800000| Untracked 
| 201|0x000000008c900000, 0x000000008c900000, 0x000000008ca00000|  0%| F|  |TAMS 0x000000008c900000, 0x000000008c900000| Untracked 
| 202|0x000000008ca00000, 0x000000008ca00000, 0x000000008cb00000|  0%| F|  |TAMS 0x000000008ca00000, 0x000000008ca00000| Untracked 
| 203|0x000000008cb00000, 0x000000008cb00000, 0x000000008cc00000|  0%| F|  |TAMS 0x000000008cb00000, 0x000000008cb00000| Untracked 
| 204|0x000000008cc00000, 0x000000008cc00000, 0x000000008cd00000|  0%| F|  |TAMS 0x000000008cc00000, 0x000000008cc00000| Untracked 
| 205|0x000000008cd00000, 0x000000008cd00000, 0x000000008ce00000|  0%| F|  |TAMS 0x000000008cd00000, 0x000000008cd00000| Untracked 
| 206|0x000000008ce00000, 0x000000008ce00000, 0x000000008cf00000|  0%| F|  |TAMS 0x000000008ce00000, 0x000000008ce00000| Untracked 
| 207|0x000000008cf00000, 0x000000008cf00000, 0x000000008d000000|  0%| F|  |TAMS 0x000000008cf00000, 0x000000008cf00000| Untracked 
| 208|0x000000008d000000, 0x000000008d000000, 0x000000008d100000|  0%| F|  |TAMS 0x000000008d000000, 0x000000008d000000| Untracked 
| 209|0x000000008d100000, 0x000000008d100000, 0x000000008d200000|  0%| F|  |TAMS 0x000000008d100000, 0x000000008d100000| Untracked 
| 210|0x000000008d200000, 0x000000008d200000, 0x000000008d300000|  0%| F|  |TAMS 0x000000008d200000, 0x000000008d200000| Untracked 
| 211|0x000000008d300000, 0x000000008d300000, 0x000000008d400000|  0%| F|  |TAMS 0x000000008d300000, 0x000000008d300000| Untracked 
| 212|0x000000008d400000, 0x000000008d400000, 0x000000008d500000|  0%| F|  |TAMS 0x000000008d400000, 0x000000008d400000| Untracked 
| 213|0x000000008d500000, 0x000000008d500000, 0x000000008d600000|  0%| F|  |TAMS 0x000000008d500000, 0x000000008d500000| Untracked 
| 214|0x000000008d600000, 0x000000008d600000, 0x000000008d700000|  0%| F|  |TAMS 0x000000008d600000, 0x000000008d600000| Untracked 
| 215|0x000000008d700000, 0x000000008d700000, 0x000000008d800000|  0%| F|  |TAMS 0x000000008d700000, 0x000000008d700000| Untracked 
| 216|0x000000008d800000, 0x000000008d800000, 0x000000008d900000|  0%| F|  |TAMS 0x000000008d800000, 0x000000008d800000| Untracked 
| 217|0x000000008d900000, 0x000000008d900000, 0x000000008da00000|  0%| F|  |TAMS 0x000000008d900000, 0x000000008d900000| Untracked 
| 218|0x000000008da00000, 0x000000008da00000, 0x000000008db00000|  0%| F|  |TAMS 0x000000008da00000, 0x000000008da00000| Untracked 
| 219|0x000000008db00000, 0x000000008db00000, 0x000000008dc00000|  0%| F|  |TAMS 0x000000008db00000, 0x000000008db00000| Untracked 
| 220|0x000000008dc00000, 0x000000008dc00000, 0x000000008dd00000|  0%| F|  |TAMS 0x000000008dc00000, 0x000000008dc00000| Untracked 
| 221|0x000000008dd00000, 0x000000008dd00000, 0x000000008de00000|  0%| F|  |TAMS 0x000000008dd00000, 0x000000008dd00000| Untracked 
| 222|0x000000008de00000, 0x000000008de00000, 0x000000008df00000|  0%| F|  |TAMS 0x000000008de00000, 0x000000008de00000| Untracked 
| 223|0x000000008df00000, 0x000000008df00000, 0x000000008e000000|  0%| F|  |TAMS 0x000000008df00000, 0x000000008df00000| Untracked 
| 224|0x000000008e000000, 0x000000008e000000, 0x000000008e100000|  0%| F|  |TAMS 0x000000008e000000, 0x000000008e000000| Untracked 
| 225|0x000000008e100000, 0x000000008e100000, 0x000000008e200000|  0%| F|  |TAMS 0x000000008e100000, 0x000000008e100000| Untracked 
| 226|0x000000008e200000, 0x000000008e200000, 0x000000008e300000|  0%| F|  |TAMS 0x000000008e200000, 0x000000008e200000| Untracked 
| 227|0x000000008e300000, 0x000000008e300000, 0x000000008e400000|  0%| F|  |TAMS 0x000000008e300000, 0x000000008e300000| Untracked 
| 228|0x000000008e400000, 0x000000008e400000, 0x000000008e500000|  0%| F|  |TAMS 0x000000008e400000, 0x000000008e400000| Untracked 
| 229|0x000000008e500000, 0x000000008e500000, 0x000000008e600000|  0%| F|  |TAMS 0x000000008e500000, 0x000000008e500000| Untracked 
| 230|0x000000008e600000, 0x000000008e600000, 0x000000008e700000|  0%| F|  |TAMS 0x000000008e600000, 0x000000008e600000| Untracked 
| 231|0x000000008e700000, 0x000000008e700000, 0x000000008e800000|  0%| F|  |TAMS 0x000000008e700000, 0x000000008e700000| Untracked 
| 232|0x000000008e800000, 0x000000008e800000, 0x000000008e900000|  0%| F|  |TAMS 0x000000008e800000, 0x000000008e800000| Untracked 
| 233|0x000000008e900000, 0x000000008e900000, 0x000000008ea00000|  0%| F|  |TAMS 0x000000008e900000, 0x000000008e900000| Untracked 

Card table byte_map: [0x00000223e5fb0000,0x00000223e63b0000] _byte_map_base: 0x00000223e5bb0000

Marking Bits (Prev, Next): (CMBitMap*) 0x00000223d327bdc0, (CMBitMap*) 0x00000223d327bd88
 Prev Bits: [0x00000223e87b0000, 0x00000223ea7b0000)
 Next Bits: [0x00000223e67b0000, 0x00000223e87b0000)

Polling page: 0x00000223d1180000

Metaspace:

Usage:
  Non-class:     91.12 MB capacity,    89.52 MB ( 98%) used,     1.30 MB (  1%) free+waste,   300.13 KB ( <1%) overhead. 
      Class:     13.49 MB capacity,    12.56 MB ( 93%) used,   820.81 KB (  6%) free+waste,   131.31 KB ( <1%) overhead. 
       Both:    104.61 MB capacity,   102.08 MB ( 98%) used,     2.10 MB (  2%) free+waste,   431.44 KB ( <1%) overhead. 

Virtual space:
  Non-class space:       92.00 MB reserved,      91.29 MB (>99%) committed 
      Class space:        1.00 GB reserved,      13.50 MB (  1%) committed 
             Both:        1.09 GB reserved,     104.79 MB (  9%) committed 

Chunk freelists:
   Non-Class:  46.00 KB
       Class:  0 bytes
        Both:  46.00 KB

MaxMetaspaceSize: 17179869184.00 GB
CompressedClassSpaceSize: 1.00 GB

CodeHeap 'non-profiled nmethods': size=120064Kb used=10118Kb max_used=10118Kb free=109945Kb
 bounds [0x00000223de670000, 0x00000223df060000, 0x00000223e5bb0000]
CodeHeap 'profiled nmethods': size=120000Kb used=38744Kb max_used=38744Kb free=81255Kb
 bounds [0x00000223d7140000, 0x00000223d9730000, 0x00000223de670000]
CodeHeap 'non-nmethods': size=5696Kb used=2351Kb max_used=2429Kb free=3344Kb
 bounds [0x00000223d6bb0000, 0x00000223d6e20000, 0x00000223d7140000]
 total_blobs=17029 nmethods=16027 adapters=912
 compilation: enabled
              stopped_count=0, restarted_count=0
 full_count=0

Compilation events (20 events):
Event: 159.196 Thread 0x00000223ed1b7000 17892       2       com.android.tools.r8.v.b.J0::a (409 bytes)
Event: 159.201 Thread 0x00000223ed1b7000 nmethod 17892 0x00000223d9724c90 code [0x00000223d9725060, 0x00000223d9725ef8]
Event: 159.215 Thread 0x00000223ed1b7000 17893       2       com.android.tools.r8.v.b.v1::a (466 bytes)
Event: 159.218 Thread 0x00000223ed1b7000 nmethod 17893 0x00000223d9726890 code [0x00000223d9726b60, 0x00000223d97276a8]
Event: 159.223 Thread 0x00000223ed1b7000 17895       2       com.android.tools.r8.ir.conversion.S::a (36 bytes)
Event: 159.224 Thread 0x00000223ed1b7000 nmethod 17895 0x00000223d9727b10 code [0x00000223d9727ce0, 0x00000223d9727eb8]
Event: 159.229 Thread 0x00000223ed1b7000 17896       2       com.android.tools.r8.v.a.t.u::a (457 bytes)
Event: 159.231 Thread 0x00000223ed1b7000 nmethod 17896 0x00000223d9728090 code [0x00000223d9728420, 0x00000223d9728e18]
Event: 159.232 Thread 0x00000223ed1b7000 17897       2       com.android.tools.r8.v.a.t.u::f (4 bytes)
Event: 159.232 Thread 0x00000223ed1b7000 nmethod 17897 0x00000223d7547990 code [0x00000223d7547b40, 0x00000223d7547c18]
Event: 159.232 Thread 0x00000223ed1b7000 17898       2       com.android.tools.r8.v.a.t.c::G (4 bytes)
Event: 159.232 Thread 0x00000223ed1b7000 nmethod 17898 0x00000223d758c010 code [0x00000223d758c1c0, 0x00000223d758c298]
Event: 159.238 Thread 0x00000223ed1b7000 17900       2       com.android.tools.r8.ir.regalloc.a::a (264 bytes)
Event: 159.242 Thread 0x00000223ed1b7000 nmethod 17900 0x00000223d9729410 code [0x00000223d97296c0, 0x00000223d972a098]
Event: 159.250 Thread 0x00000223ed1b7000 17901       2       com.android.tools.r8.v.b.M0::b (5 bytes)
Event: 159.251 Thread 0x00000223ed1b7000 nmethod 17901 0x00000223d972a790 code [0x00000223d972a940, 0x00000223d972aa68]
Event: 159.326 Thread 0x00000223ed1b7000 17902       2       com.android.tools.r8.r.o.q::h (40 bytes)
Event: 159.327 Thread 0x00000223ed1b7000 nmethod 17902 0x00000223d972ab10 code [0x00000223d972ace0, 0x00000223d972af08]
Event: 159.366 Thread 0x00000223ed1b7000 17904       2       com.android.tools.r8.v.b.k::a2 (14 bytes)
Event: 159.366 Thread 0x00000223ed1b7000 nmethod 17904 0x00000223d972b110 code [0x00000223d972b2c0, 0x00000223d972b428]

GC Heap History (20 events):
Event: 138.022 GC heap after
{Heap after GC invocations=74 (full 0):
 garbage-first heap   total 199680K, used 105628K [0x0000000080000000, 0x0000000100000000)
  region size 1024K, 3 young (3072K), 3 survivors (3072K)
 Metaspace       used 102630K, capacity 105030K, committed 105252K, reserved 1140736K
  class space    used 12653K, capacity 13547K, committed 13568K, reserved 1048576K
}
Event: 139.502 GC heap before
{Heap before GC invocations=74 (full 0):
 garbage-first heap   total 199680K, used 168092K [0x0000000080000000, 0x0000000100000000)
  region size 1024K, 64 young (65536K), 3 survivors (3072K)
 Metaspace       used 102650K, capacity 105033K, committed 105252K, reserved 1140736K
  class space    used 12653K, capacity 13547K, committed 13568K, reserved 1048576K
}
Event: 139.523 GC heap after
{Heap after GC invocations=75 (full 0):
 garbage-first heap   total 199680K, used 106348K [0x0000000080000000, 0x0000000100000000)
  region size 1024K, 4 young (4096K), 4 survivors (4096K)
 Metaspace       used 102650K, capacity 105033K, committed 105252K, reserved 1140736K
  class space    used 12653K, capacity 13547K, committed 13568K, reserved 1048576K
}
Event: 141.127 GC heap before
{Heap before GC invocations=75 (full 0):
 garbage-first heap   total 199680K, used 168812K [0x0000000080000000, 0x0000000100000000)
  region size 1024K, 65 young (66560K), 4 survivors (4096K)
 Metaspace       used 102689K, capacity 105033K, committed 105252K, reserved 1140736K
  class space    used 12662K, capacity 13547K, committed 13568K, reserved 1048576K
}
Event: 141.154 GC heap after
{Heap after GC invocations=76 (full 0):
 garbage-first heap   total 199680K, used 107617K [0x0000000080000000, 0x0000000100000000)
  region size 1024K, 5 young (5120K), 5 survivors (5120K)
 Metaspace       used 102689K, capacity 105033K, committed 105252K, reserved 1140736K
  class space    used 12662K, capacity 13547K, committed 13568K, reserved 1048576K
}
Event: 143.036 GC heap before
{Heap before GC invocations=76 (full 0):
 garbage-first heap   total 199680K, used 170081K [0x0000000080000000, 0x0000000100000000)
  region size 1024K, 66 young (67584K), 5 survivors (5120K)
 Metaspace       used 102696K, capacity 105034K, committed 105252K, reserved 1140736K
  class space    used 12662K, capacity 13547K, committed 13568K, reserved 1048576K
}
Event: 143.064 GC heap after
{Heap after GC invocations=77 (full 0):
 garbage-first heap   total 199680K, used 108095K [0x0000000080000000, 0x0000000100000000)
  region size 1024K, 6 young (6144K), 6 survivors (6144K)
 Metaspace       used 102696K, capacity 105034K, committed 105252K, reserved 1140736K
  class space    used 12662K, capacity 13547K, committed 13568K, reserved 1048576K
}
Event: 144.591 GC heap before
{Heap before GC invocations=77 (full 0):
 garbage-first heap   total 199680K, used 170559K [0x0000000080000000, 0x0000000100000000)
  region size 1024K, 67 young (68608K), 6 survivors (6144K)
 Metaspace       used 102711K, capacity 105098K, committed 105252K, reserved 1140736K
  class space    used 12662K, capacity 13547K, committed 13568K, reserved 1048576K
}
Event: 144.624 GC heap after
{Heap after GC invocations=78 (full 0):
 garbage-first heap   total 199680K, used 109383K [0x0000000080000000, 0x0000000100000000)
  region size 1024K, 6 young (6144K), 6 survivors (6144K)
 Metaspace       used 102711K, capacity 105098K, committed 105252K, reserved 1140736K
  class space    used 12662K, capacity 13547K, committed 13568K, reserved 1048576K
}
Event: 146.260 GC heap before
{Heap before GC invocations=78 (full 0):
 garbage-first heap   total 199680K, used 171847K [0x0000000080000000, 0x0000000100000000)
  region size 1024K, 67 young (68608K), 6 survivors (6144K)
 Metaspace       used 102712K, capacity 105098K, committed 105252K, reserved 1140736K
  class space    used 12662K, capacity 13547K, committed 13568K, reserved 1048576K
}
Event: 146.295 GC heap after
{Heap after GC invocations=79 (full 0):
 garbage-first heap   total 199680K, used 110151K [0x0000000080000000, 0x0000000100000000)
  region size 1024K, 5 young (5120K), 5 survivors (5120K)
 Metaspace       used 102712K, capacity 105098K, committed 105252K, reserved 1140736K
  class space    used 12662K, capacity 13547K, committed 13568K, reserved 1048576K
}
Event: 147.947 GC heap before
{Heap before GC invocations=79 (full 0):
 garbage-first heap   total 199680K, used 171591K [0x0000000080000000, 0x0000000100000000)
  region size 1024K, 65 young (66560K), 5 survivors (5120K)
 Metaspace       used 102725K, capacity 105098K, committed 105252K, reserved 1140736K
  class space    used 12662K, capacity 13547K, committed 13568K, reserved 1048576K
}
Event: 147.978 GC heap after
{Heap after GC invocations=80 (full 0):
 garbage-first heap   total 239616K, used 111113K [0x0000000080000000, 0x0000000100000000)
  region size 1024K, 6 young (6144K), 6 survivors (6144K)
 Metaspace       used 102725K, capacity 105098K, committed 105252K, reserved 1140736K
  class space    used 12662K, capacity 13547K, committed 13568K, reserved 1048576K
}
Event: 152.088 GC heap before
{Heap before GC invocations=80 (full 0):
 garbage-first heap   total 239616K, used 195081K [0x0000000080000000, 0x0000000100000000)
  region size 1024K, 86 young (88064K), 6 survivors (6144K)
 Metaspace       used 104215K, capacity 106753K, committed 107044K, reserved 1142784K
  class space    used 12824K, capacity 13768K, committed 13824K, reserved 1048576K
}
Event: 152.158 GC heap after
{Heap after GC invocations=81 (full 0):
 garbage-first heap   total 239616K, used 117838K [0x0000000080000000, 0x0000000100000000)
  region size 1024K, 10 young (10240K), 10 survivors (10240K)
 Metaspace       used 104215K, capacity 106753K, committed 107044K, reserved 1142784K
  class space    used 12824K, capacity 13768K, committed 13824K, reserved 1048576K
}
Event: 155.844 GC heap before
{Heap before GC invocations=81 (full 0):
 garbage-first heap   total 239616K, used 199758K [0x0000000080000000, 0x0000000100000000)
  region size 1024K, 88 young (90112K), 10 survivors (10240K)
 Metaspace       used 104458K, capacity 107037K, committed 107300K, reserved 1142784K
  class space    used 12856K, capacity 13809K, committed 13824K, reserved 1048576K
}
Event: 155.975 GC heap after
{Heap after GC invocations=82 (full 0):
 garbage-first heap   total 239616K, used 128165K [0x0000000080000000, 0x0000000100000000)
  region size 1024K, 11 young (11264K), 11 survivors (11264K)
 Metaspace       used 104458K, capacity 107037K, committed 107300K, reserved 1142784K
  class space    used 12856K, capacity 13809K, committed 13824K, reserved 1048576K
}
Event: 157.710 GC heap before
{Heap before GC invocations=82 (full 0):
 garbage-first heap   total 239616K, used 191653K [0x0000000080000000, 0x0000000100000000)
  region size 1024K, 73 young (74752K), 11 survivors (11264K)
 Metaspace       used 104508K, capacity 107113K, committed 107300K, reserved 1142784K
  class space    used 12861K, capacity 13813K, committed 13824K, reserved 1048576K
}
Event: 157.780 GC heap after
{Heap after GC invocations=83 (full 0):
 garbage-first heap   total 239616K, used 128000K [0x0000000080000000, 0x0000000100000000)
  region size 1024K, 3 young (3072K), 3 survivors (3072K)
 Metaspace       used 104508K, capacity 107113K, committed 107300K, reserved 1142784K
  class space    used 12861K, capacity 13813K, committed 13824K, reserved 1048576K
}
Event: 159.371 GC heap before
{Heap before GC invocations=83 (full 0):
 garbage-first heap   total 239616K, used 192512K [0x0000000080000000, 0x0000000100000000)
  region size 1024K, 66 young (67584K), 3 survivors (3072K)
 Metaspace       used 104534K, capacity 107116K, committed 107300K, reserved 1142784K
  class space    used 12861K, capacity 13814K, committed 13824K, reserved 1048576K
}

Deoptimization events (20 events):
Event: 159.237 Thread 0x00000223ef428800 Uncommon trap: trap_request=0xffffffc6 fr.pc=0x00000223def466fc relative=0x000000000000471c
Event: 159.237 Thread 0x00000223ef428800 Uncommon trap: reason=bimorphic_or_optimized_type_check action=maybe_recompile pc=0x00000223def466fc method=com.android.tools.r8.ir.regalloc.a.a(Lcom/android/tools/r8/v/b/v1;Lcom/android/tools/r8/v/b/o;ILjava/util/List;Lcom/android/tools/r8/utils/m0;)V @ 
Event: 159.237 Thread 0x00000223ef428800 DEOPT PACKING pc=0x00000223def466fc sp=0x00000063452f95a0
Event: 159.237 Thread 0x00000223ef428800 DEOPT UNPACKING pc=0x00000223d6bd69aa sp=0x00000063452f9658 mode 2
Event: 159.237 Thread 0x00000223ef428800 Uncommon trap: trap_request=0xffffffc6 fr.pc=0x00000223def466fc relative=0x000000000000471c
Event: 159.237 Thread 0x00000223ef428800 Uncommon trap: reason=bimorphic_or_optimized_type_check action=maybe_recompile pc=0x00000223def466fc method=com.android.tools.r8.ir.regalloc.a.a(Lcom/android/tools/r8/v/b/v1;Lcom/android/tools/r8/v/b/o;ILjava/util/List;Lcom/android/tools/r8/utils/m0;)V @ 
Event: 159.237 Thread 0x00000223ef428800 DEOPT PACKING pc=0x00000223def466fc sp=0x00000063452f95a0
Event: 159.237 Thread 0x00000223ef428800 DEOPT UNPACKING pc=0x00000223d6bd69aa sp=0x00000063452f9658 mode 2
Event: 159.237 Thread 0x00000223ef428800 Uncommon trap: trap_request=0xffffffc6 fr.pc=0x00000223def466fc relative=0x000000000000471c
Event: 159.237 Thread 0x00000223ef428800 Uncommon trap: reason=bimorphic_or_optimized_type_check action=maybe_recompile pc=0x00000223def466fc method=com.android.tools.r8.ir.regalloc.a.a(Lcom/android/tools/r8/v/b/v1;Lcom/android/tools/r8/v/b/o;ILjava/util/List;Lcom/android/tools/r8/utils/m0;)V @ 
Event: 159.237 Thread 0x00000223ef428800 DEOPT PACKING pc=0x00000223def466fc sp=0x00000063452f95a0
Event: 159.237 Thread 0x00000223ef428800 DEOPT UNPACKING pc=0x00000223d6bd69aa sp=0x00000063452f9658 mode 2
Event: 159.237 Thread 0x00000223ef428800 Uncommon trap: trap_request=0xffffffc6 fr.pc=0x00000223def466fc relative=0x000000000000471c
Event: 159.237 Thread 0x00000223ef428800 Uncommon trap: reason=bimorphic_or_optimized_type_check action=maybe_recompile pc=0x00000223def466fc method=com.android.tools.r8.ir.regalloc.a.a(Lcom/android/tools/r8/v/b/v1;Lcom/android/tools/r8/v/b/o;ILjava/util/List;Lcom/android/tools/r8/utils/m0;)V @ 
Event: 159.238 Thread 0x00000223ef428800 DEOPT PACKING pc=0x00000223def466fc sp=0x00000063452f95a0
Event: 159.238 Thread 0x00000223ef428800 DEOPT UNPACKING pc=0x00000223d6bd69aa sp=0x00000063452f9658 mode 2
Event: 159.326 Thread 0x00000223ef428800 Uncommon trap: trap_request=0xffffff4d fr.pc=0x00000223dee3b6c8 relative=0x0000000000000108
Event: 159.326 Thread 0x00000223ef428800 Uncommon trap: reason=unstable_if action=reinterpret pc=0x00000223dee3b6c8 method=com.android.tools.r8.utils.V.a(C)Z @ 9 c2
Event: 159.326 Thread 0x00000223ef428800 DEOPT PACKING pc=0x00000223dee3b6c8 sp=0x00000063452f9bb0
Event: 159.326 Thread 0x00000223ef428800 DEOPT UNPACKING pc=0x00000223d6bd69aa sp=0x00000063452f9a80 mode 2

Classes redefined (0 events):
No events

Internal exceptions (20 events):
Event: 106.931 Thread 0x00000223ef428800 Exception <a 'java/lang/NoSuchMethodError'{0x000000008acc5540}: 'java.lang.Object java.lang.invoke.DirectMethodHandle$Holder.invokeStaticInit(java.lang.Object, java.lang.Object, java.lang.Object, java.lang.Object, java.lang.Object, java.lang.Object, java.lang.Object, java.lang.Object, java.lang.Object, java.lang.Object, java.lang.Object, java.lang.Object, java.lang.Object, java.lang.Object, java.lang.Object, java.lang.Object, java.lang.Object, int, java.lang.Object)'> (0x000000008acc5540) thrown at [./src/
Event: 110.344 Thread 0x00000223ef428800 Exception <a 'java/lang/NoSuchMethodError'{0x00000000890d4fd0}: 'long java.lang.invoke.DirectMethodHandle$Holder.invokeStatic(java.lang.Object, java.lang.Object)'> (0x00000000890d4fd0) thrown at [./src/hotspot/share/interpreter/linkResolver.cpp, line 773]
Event: 110.738 Thread 0x00000223ef428800 Exception <a 'java/lang/NoSuchMethodError'{0x0000000088c684e8}: 'java.lang.Object java.lang.invoke.DirectMethodHandle$Holder.newInvokeSpecial(java.lang.Object, int)'> (0x0000000088c684e8) thrown at [./src/hotspot/share/interpreter/linkResolver.cpp, line 773]
Event: 111.065 Thread 0x00000223ef428800 Exception <a 'java/lang/NoSuchMethodError'{0x0000000088b83a48}: 'void java.lang.invoke.DirectMethodHandle$Holder.invokeStatic(java.lang.Object, java.lang.Object, java.lang.Object, int)'> (0x0000000088b83a48) thrown at [./src/hotspot/share/interpreter/linkResolver.cpp, line 773]
Event: 111.067 Thread 0x00000223ef428800 Exception <a 'java/lang/IncompatibleClassChangeError'{0x0000000088b8ce98}: Found class java.lang.Object, but interface was expected> (0x0000000088b8ce98) thrown at [./src/hotspot/share/interpreter/linkResolver.cpp, line 839]
Event: 113.917 Thread 0x00000223ef428800 Exception <a 'java/lang/NoSuchMethodError'{0x000000008a7ef2a8}: 'void java.lang.invoke.DirectMethodHandle$Holder.invokeStaticInit(java.lang.Object, java.lang.Object, java.lang.Object, java.lang.Object, java.lang.Object)'> (0x000000008a7ef2a8) thrown at [./src/hotspot/share/interpreter/linkResolver.cpp, line 773]
Event: 114.220 Thread 0x00000223ef428800 Exception <a 'java/lang/NoSuchMethodError'{0x000000008a518f00}: 'java.lang.Object java.lang.invoke.DirectMethodHandle$Holder.invokeStatic(java.lang.Object, int, java.lang.Object, java.lang.Object)'> (0x000000008a518f00) thrown at [./src/hotspot/share/interpreter/linkResolver.cpp, line 773]
Event: 114.323 Thread 0x00000223ef428800 Exception <a 'java/lang/NoSuchMethodError'{0x000000008a443000}: 'void java.lang.invoke.DirectMethodHandle$Holder.invokeSpecial(java.lang.Object, java.lang.Object, int, java.lang.Object)'> (0x000000008a443000) thrown at [./src/hotspot/share/interpreter/linkResolver.cpp, line 773]
Event: 114.409 Thread 0x00000223ef428800 Exception <a 'java/lang/NoSuchMethodError'{0x000000008a316fb0}: 'int java.lang.invoke.DirectMethodHandle$Holder.invokeSpecial(java.lang.Object, java.lang.Object, java.lang.Object, java.lang.Object, java.lang.Object)'> (0x000000008a316fb0) thrown at [./src/hotspot/share/interpreter/linkResolver.cpp, line 773]
Event: 114.530 Thread 0x00000223edc1d000 Exception <a 'java/lang/NoSuchMethodError'{0x000000008a2b6d28}: 'int java.lang.invoke.DirectMethodHandle$Holder.invokeSpecialIFC(java.lang.Object, java.lang.Object, java.lang.Object)'> (0x000000008a2b6d28) thrown at [./src/hotspot/share/interpreter/linkResolver.cpp, line 773]
Event: 114.637 Thread 0x00000223ef428800 Exception <a 'java/lang/NoSuchMethodError'{0x000000008a199840}: 'java.lang.Object java.lang.invoke.DirectMethodHandle$Holder.invokeVirtual(java.lang.Object, java.lang.Object, int, java.lang.Object)'> (0x000000008a199840) thrown at [./src/hotspot/share/interpreter/linkResolver.cpp, line 773]
Event: 114.919 Thread 0x00000223ef428800 Exception <a 'java/lang/NoSuchMethodError'{0x000000008a09a3a0}: 'void java.lang.invoke.DirectMethodHandle$Holder.invokeVirtual(java.lang.Object, java.lang.Object, int, java.lang.Object)'> (0x000000008a09a3a0) thrown at [./src/hotspot/share/interpreter/linkResolver.cpp, line 773]
Event: 125.435 Thread 0x00000223ef428800 Implicit null exception at 0x00000223dee93b9c to 0x00000223dee989b8
Event: 125.457 Thread 0x00000223ef428800 Exception <a 'java/lang/NoSuchMethodError'{0x000000008b841080}: 'java.lang.Object java.lang.invoke.DirectMethodHandle$Holder.invokeInterface(java.lang.Object, java.lang.Object, int)'> (0x000000008b841080) thrown at [./src/hotspot/share/interpreter/linkResolver.cpp, line 773]
Event: 126.916 Thread 0x00000223ef428800 Exception <a 'java/lang/NoSuchMethodError'{0x00000000894953f0}: 'int java.lang.invoke.DirectMethodHandle$Holder.invokeInterface(java.lang.Object, java.lang.Object, int)'> (0x00000000894953f0) thrown at [./src/hotspot/share/interpreter/linkResolver.cpp, line 773]
Event: 149.638 Thread 0x00000223ef428800 Exception <a 'java/lang/NoSuchMethodError'{0x000000008bf4c918}: 'java.lang.Object java.lang.invoke.DirectMethodHandle$Holder.invokeSpecial(java.lang.Object, java.lang.Object, java.lang.Object, java.lang.Object, java.lang.Object, java.lang.Object, java.lang.Object, java.lang.Object, java.lang.Object, java.lang.Object)'> (0x000000008bf4c918) thrown at [./src/hotspot/share/interpreter/linkResolver.cpp, line 773]
Event: 149.639 Thread 0x00000223ef428800 Exception <a 'java/lang/NoSuchMethodError'{0x000000008bf50f58}: 'java.lang.Object java.lang.invoke.Invokers$Holder.linkToTargetMethod(java.lang.Object, java.lang.Object, java.lang.Object, java.lang.Object, java.lang.Object, java.lang.Object, java.lang.Object, java.lang.Object, java.lang.Object)'> (0x000000008bf50f58) thrown at [./src/hotspot/share/interpreter/linkResolver.cpp, line 773]
Event: 151.811 Thread 0x00000223ef428800 Exception <a 'java/lang/NoSuchMethodError'{0x0000000089db9598}: 'void java.lang.invoke.DirectMethodHandle$Holder.invokeVirtual(java.lang.Object, java.lang.Object, int)'> (0x0000000089db9598) thrown at [./src/hotspot/share/interpreter/linkResolver.cpp, line 773]
Event: 152.632 Thread 0x00000223ef428800 Exception <a 'sun/nio/fs/WindowsException'{0x000000008e745730}> (0x000000008e745730) thrown at [./src/hotspot/share/prims/jni.cpp, line 615]
Event: 154.988 Thread 0x00000223ef428800 Exception <a 'sun/nio/fs/WindowsException'{0x000000008c0ca578}> (0x000000008c0ca578) thrown at [./src/hotspot/share/prims/jni.cpp, line 615]

Events (20 events):
Event: 157.574 loading class com/android/tools/r8/w/a/a/a/h/Q done
Event: 157.574 loading class com/android/tools/r8/v/b/o
Event: 157.574 loading class com/android/tools/r8/v/b/o done
Event: 157.574 loading class com/android/tools/r8/w/a/a/a/h/Q
Event: 157.574 loading class com/android/tools/r8/w/a/a/a/h/Q done
Event: 157.578 loading class com/android/tools/r8/w/a/a/a/h/Q
Event: 157.578 loading class com/android/tools/r8/w/a/a/a/h/Q done
Event: 157.578 loading class com/android/tools/r8/w/a/a/a/h/Q
Event: 157.578 loading class com/android/tools/r8/w/a/a/a/h/Q done
Event: 157.580 loading class com/android/tools/r8/v/b/o
Event: 157.580 loading class com/android/tools/r8/v/b/o done
Event: 157.710 Executing VM operation: G1CollectForAllocation
Event: 157.780 Executing VM operation: G1CollectForAllocation done
Event: 159.227 loading class com/android/tools/r8/v/b/o
Event: 159.227 loading class com/android/tools/r8/v/b/o done
Event: 159.227 loading class com/android/tools/r8/v/b/o
Event: 159.227 loading class com/android/tools/r8/v/b/o done
Event: 159.227 loading class com/android/tools/r8/v/a/t/t
Event: 159.227 loading class com/android/tools/r8/v/a/t/t done
Event: 159.370 Executing VM operation: G1CollectForAllocation


Dynamic libraries:
0x00007ff7caf60000 - 0x00007ff7caf6a000 	C:\Program Files\Android\Android Studio\jre\bin\java.exe
0x00007ff8cc040000 - 0x00007ff8cc221000 	C:\Windows\SYSTEM32\ntdll.dll
0x00007ff8ca150000 - 0x00007ff8ca202000 	C:\Windows\System32\KERNEL32.DLL
0x00007ff8c9250000 - 0x00007ff8c94c3000 	C:\Windows\System32\KERNELBASE.dll
0x00007ff8c8530000 - 0x00007ff8c862a000 	C:\Windows\System32\ucrtbase.dll
0x00007ff8bc660000 - 0x00007ff8bc677000 	C:\Program Files\Android\Android Studio\jre\bin\VCRUNTIME140.dll
0x00007ff8c1580000 - 0x00007ff8c1599000 	C:\Program Files\Android\Android Studio\jre\bin\jli.dll
0x00007ff8cbe80000 - 0x00007ff8cc010000 	C:\Windows\System32\USER32.dll
0x00007ff8bad10000 - 0x00007ff8baf79000 	C:\Windows\WinSxS\amd64_microsoft.windows.common-controls_6595b64144ccf1df_6.0.17133.73_none_b4b127863cb5b9c7\COMCTL32.dll
0x00007ff8c8f90000 - 0x00007ff8c8fb0000 	C:\Windows\System32\win32u.dll
0x00007ff8ca210000 - 0x00007ff8ca2ae000 	C:\Windows\System32\msvcrt.dll
0x00007ff8c9dc0000 - 0x00007ff8c9de8000 	C:\Windows\System32\GDI32.dll
0x00007ff8c9a30000 - 0x00007ff8c9d53000 	C:\Windows\System32\combase.dll
0x00007ff8c9750000 - 0x00007ff8c9874000 	C:\Windows\System32\RPCRT4.dll
0x00007ff8c8df0000 - 0x00007ff8c8f82000 	C:\Windows\System32\gdi32full.dll
0x00007ff8c84b0000 - 0x00007ff8c852a000 	C:\Windows\System32\bcryptPrimitives.dll
0x00007ff8c8410000 - 0x00007ff8c84af000 	C:\Windows\System32\msvcp_win.dll
0x00007ff8c96b0000 - 0x00007ff8c96dd000 	C:\Windows\System32\IMM32.DLL
0x00007ff8b57d0000 - 0x00007ff8b586d000 	C:\Program Files\Android\Android Studio\jre\bin\msvcp140.dll
0x00007ff898450000 - 0x00007ff898f0c000 	C:\Program Files\Android\Android Studio\jre\bin\server\jvm.dll
0x00007ff8c9ea0000 - 0x00007ff8c9f41000 	C:\Windows\System32\ADVAPI32.dll
0x00007ff8c94d0000 - 0x00007ff8c952b000 	C:\Windows\System32\sechost.dll
0x00007ff8c96e0000 - 0x00007ff8c96e8000 	C:\Windows\System32\PSAPI.DLL
0x00007ff8c1570000 - 0x00007ff8c1579000 	C:\Windows\SYSTEM32\WSOCK32.dll
0x00007ff8c5d40000 - 0x00007ff8c5d63000 	C:\Windows\SYSTEM32\WINMM.dll
0x00007ff8c9f50000 - 0x00007ff8c9fbc000 	C:\Windows\System32\WS2_32.dll
0x00007ff8c6f90000 - 0x00007ff8c6f9a000 	C:\Windows\SYSTEM32\VERSION.dll
0x00007ff8c5d10000 - 0x00007ff8c5d3a000 	C:\Windows\SYSTEM32\WINMMBASE.dll
0x00007ff8c8690000 - 0x00007ff8c86d9000 	C:\Windows\System32\cfgmgr32.dll
0x00007ff8c83f0000 - 0x00007ff8c8401000 	C:\Windows\System32\kernel.appcore.dll
0x00007ff8bed90000 - 0x00007ff8beda1000 	C:\Program Files\Android\Android Studio\jre\bin\verify.dll
0x00007ff8b6c90000 - 0x00007ff8b6e59000 	C:\Windows\SYSTEM32\DBGHELP.DLL
0x00007ff8b6c60000 - 0x00007ff8b6c89000 	C:\Windows\SYSTEM32\dbgcore.DLL
0x00007ff8bb960000 - 0x00007ff8bb989000 	C:\Program Files\Android\Android Studio\jre\bin\java.dll
0x00007ff8c1530000 - 0x00007ff8c153b000 	C:\Program Files\Android\Android Studio\jre\bin\jimage.dll
0x00007ff8bc3a0000 - 0x00007ff8bc3b8000 	C:\Program Files\Android\Android Studio\jre\bin\zip.dll
0x00007ff8ca5f0000 - 0x00007ff8cba30000 	C:\Windows\System32\SHELL32.dll
0x00007ff8c9df0000 - 0x00007ff8c9e99000 	C:\Windows\System32\shcore.dll
0x00007ff8c86e0000 - 0x00007ff8c8ded000 	C:\Windows\System32\windows.storage.dll
0x00007ff8ca430000 - 0x00007ff8ca481000 	C:\Windows\System32\shlwapi.dll
0x00007ff8c83b0000 - 0x00007ff8c83cf000 	C:\Windows\System32\profapi.dll
0x00007ff8c8360000 - 0x00007ff8c83ac000 	C:\Windows\System32\powrprof.dll
0x00007ff8c8350000 - 0x00007ff8c835a000 	C:\Windows\System32\FLTLIB.DLL
0x00007ff8b9040000 - 0x00007ff8b905a000 	C:\Program Files\Android\Android Studio\jre\bin\net.dll
0x00007ff8bf510000 - 0x00007ff8bf5ed000 	C:\Windows\SYSTEM32\WINHTTP.dll
0x00007ff8c7b70000 - 0x00007ff8c7bd6000 	C:\Windows\system32\mswsock.dll
0x00007ff8b5900000 - 0x00007ff8b5914000 	C:\Program Files\Android\Android Studio\jre\bin\nio.dll
0x00007ff8b5480000 - 0x00007ff8b54a7000 	C:\Users\MISHECK\.gradle\native\fdc75f09e3144964f2cf3f50f0aa648679c211496f362492102eb8c894070792\windows-amd64\native-platform.dll
0x00007ff89ce30000 - 0x00007ff89cfc6000 	C:\Users\MISHECK\.gradle\native\12488b8bf47d2d4c9fbf2f6322a914ad602e24e48041cd04a747c6da556b65c4\windows-amd64\native-platform-file-events.dll
0x00007ff8c0c00000 - 0x00007ff8c0c0a000 	C:\Program Files\Android\Android Studio\jre\bin\management.dll
0x00007ff8c0ab0000 - 0x00007ff8c0abc000 	C:\Program Files\Android\Android Studio\jre\bin\management_ext.dll
0x00007ff8c7d20000 - 0x00007ff8c7d37000 	C:\Windows\SYSTEM32\CRYPTSP.dll
0x00007ff8c7750000 - 0x00007ff8c7783000 	C:\Windows\system32\rsaenh.dll
0x00007ff8c7e50000 - 0x00007ff8c7e75000 	C:\Windows\SYSTEM32\bcrypt.dll
0x00007ff8c8250000 - 0x00007ff8c8278000 	C:\Windows\SYSTEM32\USERENV.dll
0x00007ff8c7d40000 - 0x00007ff8c7d4b000 	C:\Windows\SYSTEM32\CRYPTBASE.dll
0x00007ff8c78f0000 - 0x00007ff8c7928000 	C:\Windows\SYSTEM32\IPHLPAPI.DLL
0x00007ff8ca490000 - 0x00007ff8ca498000 	C:\Windows\System32\NSI.dll
0x00007ff8bf910000 - 0x00007ff8bf926000 	C:\Windows\SYSTEM32\dhcpcsvc6.DLL
0x00007ff8bf8f0000 - 0x00007ff8bf90a000 	C:\Windows\SYSTEM32\dhcpcsvc.DLL
0x00007ff8c0a80000 - 0x00007ff8c0a8b000 	C:\Windows\SYSTEM32\WINNSI.DLL
0x00007ff899fe0000 - 0x00007ff89a182000 	C:\Program Files\Android\Android Studio\jre\bin\awt.dll
0x00007ff8ca4a0000 - 0x00007ff8ca562000 	C:\Windows\System32\OLEAUT32.dll
0x00007ff8c6990000 - 0x00007ff8c69b9000 	C:\Windows\SYSTEM32\dwmapi.dll
0x00007ff8c6290000 - 0x00007ff8c631b000 	C:\Windows\SYSTEM32\apphelp.dll
0x00007ff8c6410000 - 0x00007ff8c64a8000 	C:\Windows\system32\uxtheme.dll

dbghelp: loaded successfully - version: 4.0.5 - missing functions: none
symbol engine: initialized successfully - sym options: 0x614 - pdb path: .;C:\Program Files\Android\Android Studio\jre\bin;C:\Windows\SYSTEM32;C:\Windows\WinSxS\amd64_microsoft.windows.common-controls_6595b64144ccf1df_6.0.17133.73_none_b4b127863cb5b9c7;C:\Program Files\Android\Android Studio\jre\bin\server;C:\Users\MISHECK\.gradle\native\fdc75f09e3144964f2cf3f50f0aa648679c211496f362492102eb8c894070792\windows-amd64;C:\Users\MISHECK\.gradle\native\12488b8bf47d2d4c9fbf2f6322a914ad602e24e48041cd04a747c6da556b65c4\windows-amd64

VM Arguments:
jvm_args: --add-opens=java.base/java.util=ALL-UNNAMED --add-opens=java.base/java.lang=ALL-UNNAMED --add-opens=java.base/java.lang.invoke=ALL-UNNAMED --add-opens=java.prefs/java.util.prefs=ALL-UNNAMED -Xmx2048m -Dfile.encoding=UTF-8 -Duser.country=US -Duser.language=en -Duser.variant 
java_command: org.gradle.launcher.daemon.bootstrap.GradleDaemon 6.7.1
java_class_path (initial): C:\Users\MISHECK\.gradle\wrapper\dists\gradle-6.7.1-bin\bwlcbys1h7rz3272sye1xwiv6\gradle-6.7.1\lib\gradle-launcher-6.7.1.jar
Launcher Type: SUN_STANDARD

[Global flags]
     intx CICompilerCount                          = 2                                         {product} {ergonomic}
     uint ConcGCThreads                            = 1                                         {product} {ergonomic}
     uint G1ConcRefinementThreads                  = 2                                         {product} {ergonomic}
   size_t G1HeapRegionSize                         = 1048576                                   {product} {ergonomic}
    uintx GCDrainStackTargetSize                   = 64                                        {product} {ergonomic}
   size_t InitialHeapSize                          = 67108864                                  {product} {ergonomic}
   size_t MarkStackSize                            = 4194304                                   {product} {ergonomic}
   size_t MaxHeapSize                              = 2147483648                                {product} {command line}
   size_t MaxNewSize                               = 1287651328                                {product} {ergonomic}
   size_t MinHeapDeltaBytes                        = 1048576                                   {product} {ergonomic}
    uintx NonNMethodCodeHeapSize                   = 5825164                                {pd product} {ergonomic}
    uintx NonProfiledCodeHeapSize                  = 122916538                              {pd product} {ergonomic}
    uintx ProfiledCodeHeapSize                     = 122916538                              {pd product} {ergonomic}
    uintx ReservedCodeCacheSize                    = 251658240                              {pd product} {ergonomic}
     bool SegmentedCodeCache                       = true                                      {product} {ergonomic}
     bool UseCompressedClassPointers               = true                                 {lp64_product} {ergonomic}
     bool UseCompressedOops                        = true                                 {lp64_product} {ergonomic}
     bool UseG1GC                                  = true                                      {product} {ergonomic}
     bool UseLargePagesIndividualAllocation        = false                                  {pd product} {ergonomic}

Logging:
Log output configuration:
 #0: stdout all=warning uptime,level,tags
 #1: stderr all=off uptime,level,tags

Environment Variables:
JAVA_HOME=C:\Program Files\Java\jdk1.8.0_191
PATH=C:\Program Files (x86)\Common Files\Oracle\Java\javapath;C:\Windows\system32;C:\Windows;C:\Windows\System32\Wbem;C:\Windows\System32\WindowsPowerShell\v1.0\;C:\Windows\System32\OpenSSH\;C:\Program Files (x86)\Git\cmd;C:\Program Files\nodejs\;C:\Program Files\Java\jdk1.8.0_191\bin;C:\Users\MISHECK\AppData\Roaming\npm;C:\Exercism;C:\Users\MISHECK\AppData\Local\Programs\Python\Python39;C:\Users\MISHECK\AppData\Local\Programs\Microsoft VS Code\bin;C:\Program Files\CodeBlocks\MinGW\bin;
USERNAME=MISHECK
OS=Windows_NT
PROCESSOR_IDENTIFIER=Intel64 Family 6 Model 55 Stepping 8, GenuineIntel



---------------  S Y S T E M  ---------------

OS: Windows 10 , 64 bit Build 17133 (10.0.17133.73)
OS uptime: 2 days 23:52 hours

CPU:total 2 (initial active 2) (2 cores per cpu, 1 threads per core) family 6 model 55 stepping 8, cmov, cx8, fxsr, mmx, sse, sse2, sse3, ssse3, sse4.1, sse4.2, popcnt, clmul, erms, 3dnowpref, tsc, tscinvbit

Memory: 4k page, system-wide physical 3987M (370M free)
TotalPageFile size 5381M (AvailPageFile size 63M)
current process WorkingSet (physical memory assigned to process): 539M, peak: 564M
current process commit charge ("private bytes"): 578M, peak: 645M

vm_info: OpenJDK 64-Bit Server VM (11.0.8+10-b944.6842174) for windows-amd64 JRE (11.0.8+10-b944.6842174), built on Sep 19 2020 01:11:42 by "builder" with MS VC++ 14.0 (VS2015)

END.
