#
# There is insufficient memory for the Java Runtime Environment to continue.
# Native memory allocation (mmap) failed to map 67108864 bytes for Failed to commit area from 0x000000008a200000 to 0x000000008e200000 of length 67108864.
# Possible reasons:
#   The system is out of physical RAM or swap space
#   The process is running with CompressedOops enabled, and the Java Heap may be blocking the growth of the native heap
# Possible solutions:
#   Reduce memory load on the system
#   Increase physical memory or swap space
#   Check if swap backing store is full
#   Decrease Java heap size (-Xmx/-Xms)
#   Decrease number of Java threads
#   Decrease Java thread stack sizes (-Xss)
#   Set larger code cache with -XX:ReservedCodeCacheSize=
#   JVM is running with Unscaled Compressed Oops mode in which the Java heap is
#     placed in the first 4GB address space. The Java Heap base address is the
#     maximum limit for the native heap growth. Please use -XX:HeapBaseMinAddress
#     to set the Java Heap base and to place the Java Heap above 4GB virtual address.
# This output file may be truncated or incomplete.
#
#  Out of Memory Error (./src/hotspot/os/windows/os_windows.cpp:3303), pid=8184, tid=9276
#
# JRE version: OpenJDK Runtime Environment (11.0.8+10) (build 11.0.8+10-b944.6842174)
# Java VM: OpenJDK 64-Bit Server VM (11.0.8+10-b944.6842174, mixed mode, tiered, compressed oops, g1 gc, windows-amd64)
# No core dump will be written. Minidumps are not enabled by default on client versions of Windows
#

---------------  S U M M A R Y ------------

Command Line: --add-opens=java.base/java.util=ALL-UNNAMED --add-opens=java.base/java.lang=ALL-UNNAMED --add-opens=java.base/java.lang.invoke=ALL-UNNAMED --add-opens=java.prefs/java.util.prefs=ALL-UNNAMED -Xmx2048m -Dfile.encoding=UTF-8 -Duser.country=US -Duser.language=en -Duser.variant org.gradle.launcher.daemon.bootstrap.GradleDaemon 6.7.1

Host: Intel(R) Celeron(R) CPU  N2840  @ 2.16GHz, 2 cores, 3G,  Windows 10 , 64 bit Build 17133 (10.0.17133.73)
Time: Thu Aug  5 02:10:42 2021 Pacific Daylight Time elapsed time: 118 seconds (0d 0h 1m 58s)

---------------  T H R E A D  ---------------

Current thread (0x00000164e7fed800):  VMThread "VM Thread" [stack: 0x000000642a500000,0x000000642a600000] [id=9276]

Stack: [0x000000642a500000,0x000000642a600000]
[error occurred during error reporting (printing stack bounds), id 0xc0000005, EXCEPTION_ACCESS_VIOLATION (0xc0000005) at pc=0x00000164d1c50dbe]

Native frames: (J=compiled Java code, j=interpreted, Vv=VM code, C=native code)
V  [jvm.dll+0x5de50a]
V  [jvm.dll+0x7122f5]
V  [jvm.dll+0x71384d]
V  [jvm.dll+0x713e65]
V  [jvm.dll+0x713e1b]
V  [jvm.dll+0x5dd958]
V  [jvm.dll+0x5de0f8]
C  [ntdll.dll+0x9eddd]
C  [ntdll.dll+0x6c86]
C  [ntdll.dll+0x9dd0e]
C  0x00000164d1c50dbe

VM_Operation (0x000000642c4fe290): G1CollectForAllocation, mode: safepoint, requested by thread 0x00000164e8c63800


---------------  P R O C E S S  ---------------

Threads class SMR info:
_java_thread_list=0x00000164ecec1850, length=40, elements={
0x00000164ccacc800, 0x00000164e7ff2000, 0x00000164e7ff5000, 0x00000164e8960800,
0x00000164e8961800, 0x00000164e8963800, 0x00000164e806c800, 0x00000164e89b5000,
0x00000164e8a9e000, 0x00000164e8ab1800, 0x00000164ea4bf000, 0x00000164e9c29800,
0x00000164ea396000, 0x00000164e9c1b000, 0x00000164ea7d6800, 0x00000164ea7d7000,
0x00000164e9d21800, 0x00000164ea284800, 0x00000164ea191800, 0x00000164ea569800,
0x00000164ea56d000, 0x00000164ea569000, 0x00000164ea56a800, 0x00000164ea56b000,
0x00000164ea56c000, 0x00000164ea567000, 0x00000164ea56d800, 0x00000164e8c64000,
0x00000164e8c65000, 0x00000164e8c66000, 0x00000164e8c66800, 0x00000164ea748800,
0x00000164ea749000, 0x00000164ea753800, 0x00000164ea750800, 0x00000164ea754800,
0x00000164ea755800, 0x00000164ea751800, 0x00000164e8c63800, 0x00000164e8c6a000
}

Java Threads: ( => current thread )
  0x00000164ccacc800 JavaThread "main" [_thread_blocked, id=7836, stack(0x0000006429f00000,0x000000642a000000)]
  0x00000164e7ff2000 JavaThread "Reference Handler" daemon [_thread_blocked, id=3876, stack(0x000000642a600000,0x000000642a700000)]
  0x00000164e7ff5000 JavaThread "Finalizer" daemon [_thread_blocked, id=12976, stack(0x000000642a700000,0x000000642a800000)]
  0x00000164e8960800 JavaThread "Signal Dispatcher" daemon [_thread_blocked, id=7280, stack(0x000000642a800000,0x000000642a900000)]
  0x00000164e8961800 JavaThread "Attach Listener" daemon [_thread_blocked, id=12492, stack(0x000000642a900000,0x000000642aa00000)]
  0x00000164e8963800 JavaThread "C2 CompilerThread0" daemon [_thread_blocked, id=13176, stack(0x000000642aa00000,0x000000642ab00000)]
  0x00000164e806c800 JavaThread "C1 CompilerThread0" daemon [_thread_blocked, id=4724, stack(0x000000642ab00000,0x000000642ac00000)]
  0x00000164e89b5000 JavaThread "Sweeper thread" daemon [_thread_blocked, id=6820, stack(0x000000642ac00000,0x000000642ad00000)]
  0x00000164e8a9e000 JavaThread "Common-Cleaner" daemon [_thread_blocked, id=6200, stack(0x000000642ad00000,0x000000642ae00000)]
  0x00000164e8ab1800 JavaThread "Service Thread" daemon [_thread_blocked, id=1384, stack(0x000000642ae00000,0x000000642af00000)]
  0x00000164ea4bf000 JavaThread "Daemon health stats" [_thread_blocked, id=5308, stack(0x000000642b100000,0x000000642b200000)]
  0x00000164e9c29800 JavaThread "Incoming local TCP Connector on port 54825" [_thread_in_native, id=6888, stack(0x000000642b300000,0x000000642b400000)]
  0x00000164ea396000 JavaThread "Daemon periodic checks" [_thread_blocked, id=14232, stack(0x000000642b400000,0x000000642b500000)]
  0x00000164e9c1b000 JavaThread "Daemon" [_thread_blocked, id=13036, stack(0x000000642b500000,0x000000642b600000)]
  0x00000164ea7d6800 JavaThread "Handler for socket connection from /127.0.0.1:54825 to /127.0.0.1:54826" [_thread_in_native, id=1640, stack(0x000000642b600000,0x000000642b700000)]
  0x00000164ea7d7000 JavaThread "Cancel handler" [_thread_blocked, id=9516, stack(0x000000642b700000,0x000000642b800000)]
  0x00000164e9d21800 JavaThread "Daemon worker" [_thread_blocked, id=8452, stack(0x000000642b800000,0x000000642b900000)]
  0x00000164ea284800 JavaThread "Asynchronous log dispatcher for DefaultDaemonConnection: socket connection from /127.0.0.1:54825 to /127.0.0.1:54826" [_thread_blocked, id=11064, stack(0x000000642b900000,0x000000642ba00000)]
  0x00000164ea191800 JavaThread "Thread-8" [_thread_blocked, id=13004, stack(0x000000642bb00000,0x000000642bc00000)]
  0x00000164ea569800 JavaThread "Cache worker for file hash cache (C:\Users\MISHECK\.gradle\caches\6.7.1\fileHashes)" [_thread_blocked, id=11512, stack(0x000000642bc00000,0x000000642bd00000)]
  0x00000164ea56d000 JavaThread "File lock request listener" [_thread_in_native, id=10468, stack(0x000000642bd00000,0x000000642be00000)]
  0x00000164ea569000 JavaThread "Cache worker for journal cache (C:\Users\MISHECK\.gradle\caches\journal-1)" [_thread_blocked, id=7424, stack(0x000000642be00000,0x000000642bf00000)]
  0x00000164ea56a800 JavaThread "Cache worker for file hash cache (C:\Users\MISHECK\AndroidStudioProjects\ChildSafetyApp\.gradle\6.7.1\fileHashes)" [_thread_blocked, id=2460, stack(0x000000642bf00000,0x000000642c000000)]
  0x00000164ea56b000 JavaThread "Cache worker for checksums cache (C:\Users\MISHECK\AndroidStudioProjects\ChildSafetyApp\.gradle\checksums)" [_thread_blocked, id=12512, stack(0x000000642c000000,0x000000642c100000)]
  0x00000164ea56c000 JavaThread "Cache worker for cache directory md-supplier (C:\Users\MISHECK\.gradle\caches\6.7.1\md-supplier)" [_thread_blocked, id=2316, stack(0x000000642c100000,0x000000642c200000)]
  0x00000164ea567000 JavaThread "Cache worker for cache directory md-rule (C:\Users\MISHECK\.gradle\caches\6.7.1\md-rule)" [_thread_blocked, id=9552, stack(0x000000642c200000,0x000000642c300000)]
  0x00000164ea56d800 JavaThread "Cache worker for execution history cache (C:\Users\MISHECK\.gradle\caches\6.7.1\executionHistory)" [_thread_blocked, id=11608, stack(0x000000642c300000,0x000000642c400000)]
  0x00000164e8c64000 JavaThread "Cache worker for file content cache (C:\Users\MISHECK\.gradle\caches\6.7.1\fileContent)" [_thread_blocked, id=3316, stack(0x000000642c500000,0x000000642c600000)]
  0x00000164e8c65000 JavaThread "Cache worker for Build Output Cleanup Cache (C:\Users\MISHECK\AndroidStudioProjects\ChildSafetyApp\.gradle\buildOutputCleanup)" [_thread_blocked, id=11788, stack(0x000000642c600000,0x000000642c700000)]
  0x00000164e8c66000 JavaThread "Build operations" [_thread_blocked, id=9408, stack(0x000000642c700000,0x000000642c800000)]
  0x00000164e8c66800 JavaThread "Build operations Thread 2" [_thread_blocked, id=9780, stack(0x000000642c800000,0x000000642c900000)]
  0x00000164ea748800 JavaThread "Memory manager" [_thread_blocked, id=9992, stack(0x0000006432900000,0x0000006432a00000)]
  0x00000164ea749000 JavaThread "build event listener" [_thread_blocked, id=1348, stack(0x0000006429c00000,0x0000006429d00000)]
  0x00000164ea753800 JavaThread "build event listener" [_thread_blocked, id=8152, stack(0x0000006429d00000,0x0000006429e00000)]
  0x00000164ea750800 JavaThread "Execution worker for ':'" [_thread_blocked, id=3044, stack(0x0000006432a00000,0x0000006432b00000)]
  0x00000164ea754800 JavaThread "Cache worker for execution history cache (C:\Users\MISHECK\AndroidStudioProjects\ChildSafetyApp\.gradle\6.7.1\executionHistory)" [_thread_blocked, id=14156, stack(0x0000006432b00000,0x0000006432c00000)]
  0x00000164ea755800 JavaThread "WorkerExecutor Queue" [_thread_blocked, id=12780, stack(0x000000642ba00000,0x000000642bb00000)]
  0x00000164ea751800 JavaThread "WorkerExecutor Queue Thread 2" [_thread_blocked, id=12620, stack(0x0000006432c00000,0x0000006432d00000)]
  0x00000164e8c63800 JavaThread "ForkJoinPool-1-worker-3" daemon [_thread_blocked, id=9528, stack(0x000000642c400000,0x000000642c500000)]
  0x00000164e8c6a000 JavaThread "ForkJoinPool-1-worker-1" daemon [_thread_blocked, id=12352, stack(0x000000642c900000,0x000000642ca00000)]

Other Threads:
=>0x00000164e7fed800 VMThread "VM Thread" [stack: 0x000000642a500000,0x000000642a600000] [id=9276]
  0x00000164e8ada800 WatcherThread [stack: 0x000000642af00000,0x000000642b000000] [id=12388]
  0x00000164ccae3800 GCTaskThread "GC Thread#0" [stack: 0x000000642a000000,0x000000642a100000] [id=1316]
  0x00000164e8d29800 GCTaskThread "GC Thread#1" [stack: 0x000000642b000000,0x000000642b100000] [id=7300]
  0x00000164ccb12800 ConcurrentGCThread "G1 Main Marker" [stack: 0x000000642a100000,0x000000642a200000] [id=12944]
  0x00000164ccb15800 ConcurrentGCThread "G1 Conc#0" [stack: 0x000000642a200000,0x000000642a300000] [id=13568]
  0x00000164ccb6a000 ConcurrentGCThread "G1 Refine#0" [stack: 0x000000642a300000,0x000000642a400000] [id=9664]
  0x00000164ccb6b800 ConcurrentGCThread "G1 Young RemSet Sampling" [stack: 0x000000642a400000,0x000000642a500000] [id=13408]

Threads with active compile tasks:
C2 CompilerThread0 118190 12684       4       com.android.tools.r8.dex.n::a (913 bytes)

VM state:at safepoint (normal execution)

VM Mutex/Monitor currently owned by a thread:  ([mutex/lock_event])
[0x00000164ccac9530] Threads_lock - owner thread: 0x00000164e7fed800
[0x00000164ccac9ad0] Heap_lock - owner thread: 0x00000164e8c63800

Heap address: 0x0000000080000000, size: 2048 MB, Compressed Oops mode: 32-bit
Narrow klass base: 0x0000000000000000, Narrow klass shift: 3
Compressed class space size: 1073741824 Address: 0x0000000100000000

Heap:
 garbage-first heap   total 231424K, used 117490K [0x0000000080000000, 0x0000000100000000)
  region size 1024K, 3 young (3072K), 3 survivors (3072K)
 Metaspace       used 90167K, capacity 92552K, committed 92796K, reserved 1130496K
  class space    used 11592K, capacity 12467K, committed 12544K, reserved 1048576K
Heap Regions: E=young(eden), S=young(survivor), O=old, HS=humongous(starts), HC=humongous(continues), CS=collection set, F=free, A=archive, TAMS=top-at-mark-start (previous, next)
|   0|0x0000000080000000, 0x0000000080100000, 0x0000000080100000|100%| O|  |TAMS 0x0000000080100000, 0x0000000080000000| Complete 
|   1|0x0000000080100000, 0x0000000080200000, 0x0000000080200000|100%| O|  |TAMS 0x0000000080200000, 0x0000000080100000| Complete 
|   2|0x0000000080200000, 0x0000000080300000, 0x0000000080300000|100%| O|  |TAMS 0x0000000080300000, 0x0000000080200000| Untracked 
|   3|0x0000000080300000, 0x0000000080400000, 0x0000000080400000|100%| O|  |TAMS 0x0000000080400000, 0x0000000080300000| Untracked 
|   4|0x0000000080400000, 0x0000000080500000, 0x0000000080500000|100%|HS|  |TAMS 0x0000000080500000, 0x0000000080400000| Complete 
|   5|0x0000000080500000, 0x0000000080600000, 0x0000000080600000|100%|HC|  |TAMS 0x0000000080600000, 0x0000000080500000| Complete 
|   6|0x0000000080600000, 0x0000000080700000, 0x0000000080700000|100%|HC|  |TAMS 0x0000000080700000, 0x0000000080600000| Complete 
|   7|0x0000000080700000, 0x0000000080800000, 0x0000000080800000|100%| O|  |TAMS 0x0000000080800000, 0x0000000080700000| Complete 
|   8|0x0000000080800000, 0x0000000080900000, 0x0000000080900000|100%| O|  |TAMS 0x0000000080900000, 0x0000000080800000| Complete 
|   9|0x0000000080900000, 0x0000000080a00000, 0x0000000080a00000|100%| O|  |TAMS 0x0000000080a00000, 0x0000000080900000| Untracked 
|  10|0x0000000080a00000, 0x0000000080b00000, 0x0000000080b00000|100%| O|  |TAMS 0x0000000080b00000, 0x0000000080a00000| Complete 
|  11|0x0000000080b00000, 0x0000000080c00000, 0x0000000080c00000|100%| O|  |TAMS 0x0000000080c00000, 0x0000000080b00000| Untracked 
|  12|0x0000000080c00000, 0x0000000080d00000, 0x0000000080d00000|100%| O|  |TAMS 0x0000000080d00000, 0x0000000080c00000| Untracked 
|  13|0x0000000080d00000, 0x0000000080e00000, 0x0000000080e00000|100%| O|  |TAMS 0x0000000080e00000, 0x0000000080d00000| Untracked 
|  14|0x0000000080e00000, 0x0000000080f00000, 0x0000000080f00000|100%| O|  |TAMS 0x0000000080f00000, 0x0000000080e00000| Untracked 
|  15|0x0000000080f00000, 0x0000000081000000, 0x0000000081000000|100%| O|  |TAMS 0x0000000081000000, 0x0000000080f00000| Untracked 
|  16|0x0000000081000000, 0x0000000081100000, 0x0000000081100000|100%| O|  |TAMS 0x0000000081100000, 0x0000000081000000| Untracked 
|  17|0x0000000081100000, 0x0000000081200000, 0x0000000081200000|100%| O|  |TAMS 0x0000000081200000, 0x0000000081100000| Untracked 
|  18|0x0000000081200000, 0x0000000081300000, 0x0000000081300000|100%| O|  |TAMS 0x0000000081300000, 0x0000000081200000| Untracked 
|  19|0x0000000081300000, 0x0000000081400000, 0x0000000081400000|100%| O|  |TAMS 0x0000000081400000, 0x0000000081300000| Untracked 
|  20|0x0000000081400000, 0x0000000081500000, 0x0000000081500000|100%| O|  |TAMS 0x0000000081500000, 0x0000000081400000| Untracked 
|  21|0x0000000081500000, 0x0000000081600000, 0x0000000081600000|100%| O|  |TAMS 0x0000000081600000, 0x0000000081500000| Complete 
|  22|0x0000000081600000, 0x0000000081700000, 0x0000000081700000|100%| O|  |TAMS 0x0000000081700000, 0x0000000081600000| Untracked 
|  23|0x0000000081700000, 0x0000000081800000, 0x0000000081800000|100%| O|  |TAMS 0x0000000081800000, 0x0000000081700000| Untracked 
|  24|0x0000000081800000, 0x0000000081900000, 0x0000000081900000|100%| O|  |TAMS 0x0000000081900000, 0x0000000081800000| Untracked 
|  25|0x0000000081900000, 0x0000000081a00000, 0x0000000081a00000|100%|HS|  |TAMS 0x0000000081a00000, 0x0000000081900000| Complete 
|  26|0x0000000081a00000, 0x0000000081b00000, 0x0000000081b00000|100%| O|  |TAMS 0x0000000081b00000, 0x0000000081a00000| Untracked 
|  27|0x0000000081b00000, 0x0000000081c00000, 0x0000000081c00000|100%|HS|  |TAMS 0x0000000081c00000, 0x0000000081b00000| Complete 
|  28|0x0000000081c00000, 0x0000000081d00000, 0x0000000081d00000|100%|HC|  |TAMS 0x0000000081d00000, 0x0000000081c00000| Complete 
|  29|0x0000000081d00000, 0x0000000081e00000, 0x0000000081e00000|100%| O|  |TAMS 0x0000000081e00000, 0x0000000081d00000| Complete 
|  30|0x0000000081e00000, 0x0000000081f00000, 0x0000000081f00000|100%| O|  |TAMS 0x0000000081f00000, 0x0000000081e00000| Complete 
|  31|0x0000000081f00000, 0x0000000082000000, 0x0000000082000000|100%| O|  |TAMS 0x0000000082000000, 0x0000000081f00000| Complete 
|  32|0x0000000082000000, 0x0000000082100000, 0x0000000082100000|100%| O|  |TAMS 0x0000000082100000, 0x0000000082000000| Untracked 
|  33|0x0000000082100000, 0x0000000082200000, 0x0000000082200000|100%| O|  |TAMS 0x0000000082200000, 0x0000000082100000| Untracked 
|  34|0x0000000082200000, 0x0000000082300000, 0x0000000082300000|100%| O|  |TAMS 0x0000000082300000, 0x0000000082200000| Complete 
|  35|0x0000000082300000, 0x0000000082400000, 0x0000000082400000|100%| O|  |TAMS 0x0000000082400000, 0x0000000082300000| Untracked 
|  36|0x0000000082400000, 0x0000000082500000, 0x0000000082500000|100%| O|  |TAMS 0x0000000082500000, 0x0000000082400000| Untracked 
|  37|0x0000000082500000, 0x0000000082600000, 0x0000000082600000|100%| O|  |TAMS 0x0000000082600000, 0x0000000082500000| Untracked 
|  38|0x0000000082600000, 0x0000000082700000, 0x0000000082700000|100%| O|  |TAMS 0x0000000082700000, 0x0000000082600000| Complete 
|  39|0x0000000082700000, 0x0000000082800000, 0x0000000082800000|100%| O|  |TAMS 0x0000000082800000, 0x0000000082700000| Untracked 
|  40|0x0000000082800000, 0x0000000082900000, 0x0000000082900000|100%| O|  |TAMS 0x0000000082900000, 0x0000000082800000| Untracked 
|  41|0x0000000082900000, 0x0000000082a00000, 0x0000000082a00000|100%| O|  |TAMS 0x0000000082a00000, 0x0000000082900000| Untracked 
|  42|0x0000000082a00000, 0x0000000082b00000, 0x0000000082b00000|100%| O|  |TAMS 0x0000000082b00000, 0x0000000082a00000| Complete 
|  43|0x0000000082b00000, 0x0000000082c00000, 0x0000000082c00000|100%| O|  |TAMS 0x0000000082c00000, 0x0000000082b00000| Untracked 
|  44|0x0000000082c00000, 0x0000000082d00000, 0x0000000082d00000|100%| O|  |TAMS 0x0000000082d00000, 0x0000000082c00000| Untracked 
|  45|0x0000000082d00000, 0x0000000082e00000, 0x0000000082e00000|100%| O|  |TAMS 0x0000000082e00000, 0x0000000082d00000| Untracked 
|  46|0x0000000082e00000, 0x0000000082f00000, 0x0000000082f00000|100%| O|  |TAMS 0x0000000082f00000, 0x0000000082e00000| Untracked 
|  47|0x0000000082f00000, 0x0000000083000000, 0x0000000083000000|100%| O|  |TAMS 0x0000000083000000, 0x0000000082f00000| Untracked 
|  48|0x0000000083000000, 0x0000000083100000, 0x0000000083100000|100%| O|  |TAMS 0x0000000083100000, 0x0000000083000000| Untracked 
|  49|0x0000000083100000, 0x0000000083200000, 0x0000000083200000|100%| O|  |TAMS 0x0000000083200000, 0x0000000083100000| Untracked 
|  50|0x0000000083200000, 0x0000000083300000, 0x0000000083300000|100%| O|  |TAMS 0x0000000083300000, 0x0000000083200000| Untracked 
|  51|0x0000000083300000, 0x0000000083400000, 0x0000000083400000|100%| O|  |TAMS 0x0000000083400000, 0x0000000083300000| Complete 
|  52|0x0000000083400000, 0x0000000083500000, 0x0000000083500000|100%| O|  |TAMS 0x0000000083500000, 0x0000000083400000| Untracked 
|  53|0x0000000083500000, 0x0000000083600000, 0x0000000083600000|100%| O|  |TAMS 0x0000000083600000, 0x0000000083500000| Untracked 
|  54|0x0000000083600000, 0x0000000083700000, 0x0000000083700000|100%| O|  |TAMS 0x0000000083700000, 0x0000000083600000| Untracked 
|  55|0x0000000083700000, 0x0000000083800000, 0x0000000083800000|100%| O|  |TAMS 0x0000000083800000, 0x0000000083700000| Untracked 
|  56|0x0000000083800000, 0x0000000083900000, 0x0000000083900000|100%| O|  |TAMS 0x0000000083900000, 0x0000000083800000| Untracked 
|  57|0x0000000083900000, 0x0000000083a00000, 0x0000000083a00000|100%| O|  |TAMS 0x0000000083a00000, 0x0000000083900000| Untracked 
|  58|0x0000000083a00000, 0x0000000083b00000, 0x0000000083b00000|100%| O|  |TAMS 0x0000000083b00000, 0x0000000083a00000| Complete 
|  59|0x0000000083b00000, 0x0000000083c00000, 0x0000000083c00000|100%| O|  |TAMS 0x0000000083c00000, 0x0000000083b00000| Untracked 
|  60|0x0000000083c00000, 0x0000000083d00000, 0x0000000083d00000|100%| O|  |TAMS 0x0000000083d00000, 0x0000000083c00000| Complete 
|  61|0x0000000083d00000, 0x0000000083e00000, 0x0000000083e00000|100%| O|  |TAMS 0x0000000083e00000, 0x0000000083d00000| Complete 
|  62|0x0000000083e00000, 0x0000000083f00000, 0x0000000083f00000|100%| O|  |TAMS 0x0000000083f00000, 0x0000000083e00000| Untracked 
|  63|0x0000000083f00000, 0x0000000084000000, 0x0000000084000000|100%|HS|  |TAMS 0x0000000084000000, 0x0000000083f00000| Complete 
|  64|0x0000000084000000, 0x0000000084100000, 0x0000000084100000|100%| O|  |TAMS 0x0000000084100000, 0x0000000084000000| Untracked 
|  65|0x0000000084100000, 0x0000000084200000, 0x0000000084200000|100%| O|  |TAMS 0x0000000084200000, 0x0000000084100000| Complete 
|  66|0x0000000084200000, 0x0000000084300000, 0x0000000084300000|100%|HS|  |TAMS 0x0000000084300000, 0x0000000084200000| Complete 
|  67|0x0000000084300000, 0x0000000084400000, 0x0000000084400000|100%|HS|  |TAMS 0x0000000084400000, 0x0000000084300000| Complete 
|  68|0x0000000084400000, 0x0000000084500000, 0x0000000084500000|100%| O|  |TAMS 0x00000000844f7e00, 0x0000000084400000| Untracked 
|  69|0x0000000084500000, 0x0000000084600000, 0x0000000084600000|100%| O|  |TAMS 0x0000000084600000, 0x0000000084500000| Untracked 
|  70|0x0000000084600000, 0x0000000084700000, 0x0000000084700000|100%| O|  |TAMS 0x0000000084700000, 0x0000000084600000| Complete 
|  71|0x0000000084700000, 0x0000000084800000, 0x0000000084800000|100%| O|  |TAMS 0x0000000084800000, 0x0000000084700000| Complete 
|  72|0x0000000084800000, 0x0000000084900000, 0x0000000084900000|100%| O|  |TAMS 0x0000000084900000, 0x0000000084800000| Untracked 
|  73|0x0000000084900000, 0x0000000084a00000, 0x0000000084a00000|100%| O|  |TAMS 0x0000000084a00000, 0x0000000084900000| Untracked 
|  74|0x0000000084a00000, 0x0000000084b00000, 0x0000000084b00000|100%| O|  |TAMS 0x0000000084b00000, 0x0000000084a00000| Untracked 
|  75|0x0000000084b00000, 0x0000000084c00000, 0x0000000084c00000|100%|HS|  |TAMS 0x0000000084b00000, 0x0000000084b00000| Complete 
|  76|0x0000000084c00000, 0x0000000084d00000, 0x0000000084d00000|100%| O|  |TAMS 0x0000000084d00000, 0x0000000084c00000| Untracked 
|  77|0x0000000084d00000, 0x0000000084e00000, 0x0000000084e00000|100%| O|  |TAMS 0x0000000084e00000, 0x0000000084d00000| Untracked 
|  78|0x0000000084e00000, 0x0000000084f00000, 0x0000000084f00000|100%| O|  |TAMS 0x0000000084f00000, 0x0000000084e00000| Untracked 
|  79|0x0000000084f00000, 0x0000000085000000, 0x0000000085000000|100%| O|  |TAMS 0x0000000085000000, 0x0000000084f00000| Untracked 
|  80|0x0000000085000000, 0x0000000085100000, 0x0000000085100000|100%| O|  |TAMS 0x0000000085100000, 0x0000000085000000| Untracked 
|  81|0x0000000085100000, 0x0000000085200000, 0x0000000085200000|100%| O|  |TAMS 0x0000000085200000, 0x0000000085100000| Untracked 
|  82|0x0000000085200000, 0x0000000085300000, 0x0000000085300000|100%| O|  |TAMS 0x0000000085300000, 0x0000000085200000| Complete 
|  83|0x0000000085300000, 0x0000000085400000, 0x0000000085400000|100%| O|  |TAMS 0x0000000085400000, 0x0000000085300000| Untracked 
|  84|0x0000000085400000, 0x0000000085500000, 0x0000000085500000|100%| O|  |TAMS 0x0000000085500000, 0x0000000085400000| Untracked 
|  85|0x0000000085500000, 0x0000000085600000, 0x0000000085600000|100%| O|  |TAMS 0x0000000085600000, 0x0000000085500000| Complete 
|  86|0x0000000085600000, 0x0000000085700000, 0x0000000085700000|100%| O|  |TAMS 0x0000000085600000, 0x0000000085600000| Untracked 
|  87|0x0000000085700000, 0x0000000085800000, 0x0000000085800000|100%| O|  |TAMS 0x0000000085800000, 0x0000000085700000| Complete 
|  88|0x0000000085800000, 0x0000000085900000, 0x0000000085900000|100%|HS|  |TAMS 0x0000000085900000, 0x0000000085800000| Complete 
|  89|0x0000000085900000, 0x0000000085a00000, 0x0000000085a00000|100%|HC|  |TAMS 0x0000000085a00000, 0x0000000085900000| Complete 
|  90|0x0000000085a00000, 0x0000000085b00000, 0x0000000085b00000|100%|HC|  |TAMS 0x0000000085b00000, 0x0000000085a00000| Complete 
|  91|0x0000000085b00000, 0x0000000085c00000, 0x0000000085c00000|100%|HC|  |TAMS 0x0000000085c00000, 0x0000000085b00000| Complete 
|  92|0x0000000085c00000, 0x0000000085d00000, 0x0000000085d00000|100%|HC|  |TAMS 0x0000000085d00000, 0x0000000085c00000| Complete 
|  93|0x0000000085d00000, 0x0000000085e00000, 0x0000000085e00000|100%|HC|  |TAMS 0x0000000085e00000, 0x0000000085d00000| Complete 
|  94|0x0000000085e00000, 0x0000000085f00000, 0x0000000085f00000|100%|HC|  |TAMS 0x0000000085f00000, 0x0000000085e00000| Complete 
|  95|0x0000000085f00000, 0x0000000086000000, 0x0000000086000000|100%|HC|  |TAMS 0x0000000086000000, 0x0000000085f00000| Complete 
|  96|0x0000000086000000, 0x0000000086100000, 0x0000000086100000|100%| O|  |TAMS 0x0000000086000000, 0x0000000086000000| Untracked 
|  97|0x0000000086100000, 0x0000000086200000, 0x0000000086200000|100%| O|  |TAMS 0x0000000086100000, 0x0000000086100000| Untracked 
|  98|0x0000000086200000, 0x0000000086300000, 0x0000000086300000|100%| O|  |TAMS 0x0000000086200000, 0x0000000086200000| Untracked 
|  99|0x0000000086300000, 0x0000000086400000, 0x0000000086400000|100%| O|  |TAMS 0x0000000086300000, 0x0000000086300000| Untracked 
| 100|0x0000000086400000, 0x0000000086500000, 0x0000000086500000|100%| O|  |TAMS 0x0000000086400000, 0x0000000086400000| Untracked 
| 101|0x0000000086500000, 0x0000000086600000, 0x0000000086600000|100%| O|  |TAMS 0x0000000086500000, 0x0000000086500000| Untracked 
| 102|0x0000000086600000, 0x00000000866bca00, 0x0000000086700000| 73%| O|  |TAMS 0x0000000086600000, 0x0000000086600000| Untracked 
| 103|0x0000000086700000, 0x0000000086700000, 0x0000000086800000|  0%| F|  |TAMS 0x0000000086700000, 0x0000000086700000| Untracked 
| 104|0x0000000086800000, 0x0000000086900000, 0x0000000086900000|100%|HS|  |TAMS 0x0000000086900000, 0x0000000086800000| Complete 
| 105|0x0000000086900000, 0x0000000086a00000, 0x0000000086a00000|100%|HC|  |TAMS 0x0000000086a00000, 0x0000000086900000| Complete 
| 106|0x0000000086a00000, 0x0000000086b00000, 0x0000000086b00000|100%|HC|  |TAMS 0x0000000086b00000, 0x0000000086a00000| Complete 
| 107|0x0000000086b00000, 0x0000000086c00000, 0x0000000086c00000|100%|HC|  |TAMS 0x0000000086c00000, 0x0000000086b00000| Complete 
| 108|0x0000000086c00000, 0x0000000086d00000, 0x0000000086d00000|100%|HC|  |TAMS 0x0000000086d00000, 0x0000000086c00000| Complete 
| 109|0x0000000086d00000, 0x0000000086e00000, 0x0000000086e00000|100%|HC|  |TAMS 0x0000000086e00000, 0x0000000086d00000| Complete 
| 110|0x0000000086e00000, 0x0000000086f00000, 0x0000000086f00000|100%|HC|  |TAMS 0x0000000086f00000, 0x0000000086e00000| Complete 
| 111|0x0000000086f00000, 0x0000000087000000, 0x0000000087000000|100%|HC|  |TAMS 0x0000000087000000, 0x0000000086f00000| Complete 
| 112|0x0000000087000000, 0x0000000087100000, 0x0000000087100000|100%| O|  |TAMS 0x0000000087100000, 0x0000000087000000| Complete 
| 113|0x0000000087100000, 0x0000000087100000, 0x0000000087200000|  0%| F|  |TAMS 0x0000000087100000, 0x0000000087100000| Untracked 
| 114|0x0000000087200000, 0x0000000087200000, 0x0000000087300000|  0%| F|  |TAMS 0x0000000087200000, 0x0000000087200000| Untracked 
| 115|0x0000000087300000, 0x0000000087300000, 0x0000000087400000|  0%| F|  |TAMS 0x0000000087300000, 0x0000000087300000| Untracked 
| 116|0x0000000087400000, 0x0000000087400000, 0x0000000087500000|  0%| F|  |TAMS 0x0000000087400000, 0x0000000087400000| Untracked 
| 117|0x0000000087500000, 0x0000000087500000, 0x0000000087600000|  0%| F|  |TAMS 0x0000000087500000, 0x0000000087500000| Untracked 
| 118|0x0000000087600000, 0x0000000087600000, 0x0000000087700000|  0%| F|  |TAMS 0x0000000087600000, 0x0000000087600000| Untracked 
| 119|0x0000000087700000, 0x0000000087700000, 0x0000000087800000|  0%| F|  |TAMS 0x0000000087700000, 0x0000000087700000| Untracked 
| 120|0x0000000087800000, 0x0000000087800000, 0x0000000087900000|  0%| F|  |TAMS 0x0000000087800000, 0x0000000087800000| Untracked 
| 121|0x0000000087900000, 0x0000000087900000, 0x0000000087a00000|  0%| F|  |TAMS 0x0000000087900000, 0x0000000087900000| Untracked 
| 122|0x0000000087a00000, 0x0000000087a00000, 0x0000000087b00000|  0%| F|  |TAMS 0x0000000087a00000, 0x0000000087a00000| Untracked 
| 123|0x0000000087b00000, 0x0000000087b00000, 0x0000000087c00000|  0%| F|  |TAMS 0x0000000087b00000, 0x0000000087b00000| Untracked 
| 124|0x0000000087c00000, 0x0000000087c00000, 0x0000000087d00000|  0%| F|  |TAMS 0x0000000087c00000, 0x0000000087c00000| Untracked 
| 125|0x0000000087d00000, 0x0000000087d00000, 0x0000000087e00000|  0%| F|  |TAMS 0x0000000087d00000, 0x0000000087d00000| Untracked 
| 126|0x0000000087e00000, 0x0000000087e00000, 0x0000000087f00000|  0%| F|  |TAMS 0x0000000087e00000, 0x0000000087e00000| Untracked 
| 127|0x0000000087f00000, 0x0000000087f00000, 0x0000000088000000|  0%| F|  |TAMS 0x0000000087f00000, 0x0000000087f00000| Untracked 
| 128|0x0000000088000000, 0x0000000088000000, 0x0000000088100000|  0%| F|  |TAMS 0x0000000088000000, 0x0000000088000000| Untracked 
| 129|0x0000000088100000, 0x0000000088100000, 0x0000000088200000|  0%| F|  |TAMS 0x0000000088100000, 0x0000000088100000| Untracked 
| 130|0x0000000088200000, 0x0000000088200000, 0x0000000088300000|  0%| F|  |TAMS 0x0000000088200000, 0x0000000088200000| Untracked 
| 131|0x0000000088300000, 0x0000000088300000, 0x0000000088400000|  0%| F|  |TAMS 0x0000000088300000, 0x0000000088300000| Untracked 
| 132|0x0000000088400000, 0x0000000088400000, 0x0000000088500000|  0%| F|  |TAMS 0x0000000088400000, 0x0000000088400000| Untracked 
| 133|0x0000000088500000, 0x0000000088500000, 0x0000000088600000|  0%| F|  |TAMS 0x0000000088500000, 0x0000000088500000| Untracked 
| 134|0x0000000088600000, 0x0000000088600000, 0x0000000088700000|  0%| F|  |TAMS 0x0000000088600000, 0x0000000088600000| Untracked 
| 135|0x0000000088700000, 0x0000000088700000, 0x0000000088800000|  0%| F|  |TAMS 0x0000000088700000, 0x0000000088700000| Untracked 
| 136|0x0000000088800000, 0x0000000088800000, 0x0000000088900000|  0%| F|  |TAMS 0x0000000088800000, 0x0000000088800000| Untracked 
| 137|0x0000000088900000, 0x0000000088900000, 0x0000000088a00000|  0%| F|  |TAMS 0x0000000088900000, 0x0000000088900000| Untracked 
| 138|0x0000000088a00000, 0x0000000088a00000, 0x0000000088b00000|  0%| F|  |TAMS 0x0000000088a00000, 0x0000000088a00000| Untracked 
| 139|0x0000000088b00000, 0x0000000088b00000, 0x0000000088c00000|  0%| F|  |TAMS 0x0000000088b00000, 0x0000000088b00000| Untracked 
| 140|0x0000000088c00000, 0x0000000088d00000, 0x0000000088d00000|100%| S|CS|TAMS 0x0000000088c00000, 0x0000000088c00000| Complete 
| 141|0x0000000088d00000, 0x0000000088e00000, 0x0000000088e00000|100%| S|CS|TAMS 0x0000000088d00000, 0x0000000088d00000| Complete 
| 142|0x0000000088e00000, 0x0000000088f00000, 0x0000000088f00000|100%| S|CS|TAMS 0x0000000088e00000, 0x0000000088e00000| Complete 
| 143|0x0000000088f00000, 0x0000000088f00000, 0x0000000089000000|  0%| F|  |TAMS 0x0000000088f00000, 0x0000000088f00000| Untracked 
| 144|0x0000000089000000, 0x0000000089000000, 0x0000000089100000|  0%| F|  |TAMS 0x0000000089000000, 0x0000000089000000| Untracked 
| 145|0x0000000089100000, 0x0000000089100000, 0x0000000089200000|  0%| F|  |TAMS 0x0000000089100000, 0x0000000089100000| Untracked 
| 146|0x0000000089200000, 0x0000000089200000, 0x0000000089300000|  0%| F|  |TAMS 0x0000000089200000, 0x0000000089200000| Untracked 
| 147|0x0000000089300000, 0x0000000089300000, 0x0000000089400000|  0%| F|  |TAMS 0x0000000089300000, 0x0000000089300000| Untracked 
| 148|0x0000000089400000, 0x0000000089400000, 0x0000000089500000|  0%| F|  |TAMS 0x0000000089400000, 0x0000000089400000| Untracked 
| 149|0x0000000089500000, 0x0000000089500000, 0x0000000089600000|  0%| F|  |TAMS 0x0000000089500000, 0x0000000089500000| Untracked 
| 150|0x0000000089600000, 0x0000000089600000, 0x0000000089700000|  0%| F|  |TAMS 0x0000000089600000, 0x0000000089600000| Untracked 
| 151|0x0000000089700000, 0x0000000089700000, 0x0000000089800000|  0%| F|  |TAMS 0x0000000089700000, 0x0000000089700000| Untracked 
| 152|0x0000000089800000, 0x0000000089800000, 0x0000000089900000|  0%| F|  |TAMS 0x0000000089800000, 0x0000000089800000| Untracked 
| 153|0x0000000089900000, 0x0000000089900000, 0x0000000089a00000|  0%| F|  |TAMS 0x0000000089900000, 0x0000000089900000| Untracked 
| 154|0x0000000089a00000, 0x0000000089a00000, 0x0000000089b00000|  0%| F|  |TAMS 0x0000000089a00000, 0x0000000089a00000| Untracked 
| 155|0x0000000089b00000, 0x0000000089b00000, 0x0000000089c00000|  0%| F|  |TAMS 0x0000000089b00000, 0x0000000089b00000| Untracked 
| 156|0x0000000089c00000, 0x0000000089c00000, 0x0000000089d00000|  0%| F|  |TAMS 0x0000000089c00000, 0x0000000089c00000| Untracked 
| 157|0x0000000089d00000, 0x0000000089d00000, 0x0000000089e00000|  0%| F|  |TAMS 0x0000000089d00000, 0x0000000089d00000| Untracked 
| 158|0x0000000089e00000, 0x0000000089e00000, 0x0000000089f00000|  0%| F|  |TAMS 0x0000000089e00000, 0x0000000089e00000| Untracked 
| 159|0x0000000089f00000, 0x0000000089f00000, 0x000000008a000000|  0%| F|  |TAMS 0x0000000089f00000, 0x0000000089f00000| Untracked 
| 160|0x000000008a000000, 0x000000008a000000, 0x000000008a100000|  0%| F|  |TAMS 0x000000008a000000, 0x000000008a000000| Untracked 
| 161|0x000000008a100000, 0x000000008a100000, 0x000000008a200000|  0%| F|  |TAMS 0x000000008a100000, 0x000000008a100000| Untracked 

Card table byte_map: [0x00000164e1450000,0x00000164e1850000] _byte_map_base: 0x00000164e1050000

Marking Bits (Prev, Next): (CMBitMap*) 0x00000164ccb09db8, (CMBitMap*) 0x00000164ccb09df0
 Prev Bits: [0x00000164e1c50000, 0x00000164e3c50000)
 Next Bits: [0x00000164e3c50000, 0x00000164e5c50000)

Polling page: 0x00000164cc920000

Metaspace:

Usage:
  Non-class:     78.21 MB capacity,    76.73 MB ( 98%) used,     1.21 MB (  2%) free+waste,   268.31 KB ( <1%) overhead. 
      Class:     12.17 MB capacity,    11.32 MB ( 93%) used,   753.55 KB (  6%) free+waste,   120.75 KB ( <1%) overhead. 
       Both:     90.38 MB capacity,    88.05 MB ( 97%) used,     1.95 MB (  2%) free+waste,   389.06 KB ( <1%) overhead. 

Virtual space:
  Non-class space:       80.00 MB reserved,      78.37 MB ( 98%) committed 
      Class space:        1.00 GB reserved,      12.25 MB (  1%) committed 
             Both:        1.08 GB reserved,      90.62 MB (  8%) committed 

Chunk freelists:
   Non-Class:  39.00 KB
       Class:  13.00 KB
        Both:  52.00 KB

MaxMetaspaceSize: 17179869184.00 GB
CompressedClassSpaceSize: 1.00 GB

CodeHeap 'non-profiled nmethods': size=120064Kb used=6899Kb max_used=6899Kb free=113164Kb
 bounds [0x00000164d9710000, 0x00000164d9dd0000, 0x00000164e0c50000]
CodeHeap 'profiled nmethods': size=120000Kb used=29855Kb max_used=29855Kb free=90144Kb
 bounds [0x00000164d21e0000, 0x00000164d3f10000, 0x00000164d9710000]
CodeHeap 'non-nmethods': size=5696Kb used=2265Kb max_used=2327Kb free=3430Kb
 bounds [0x00000164d1c50000, 0x00000164d1ec0000, 0x00000164d21e0000]
 total_blobs=13223 nmethods=12352 adapters=782
 compilation: enabled
              stopped_count=0, restarted_count=0
 full_count=0

Compilation events (20 events):
Event: 118.027 Thread 0x00000164e806c800 12714       2       com.android.tools.r8.code.O0::<init> (34 bytes)
Event: 118.028 Thread 0x00000164e806c800 nmethod 12714 0x00000164d3f07f90 code [0x00000164d3f08160, 0x00000164d3f08348]
Event: 118.031 Thread 0x00000164e806c800 12715       2       com.android.tools.r8.graph.S$b::hashCode (10 bytes)
Event: 118.031 Thread 0x00000164e806c800 nmethod 12715 0x00000164d3f08510 code [0x00000164d3f086c0, 0x00000164d3f087b8]
Event: 118.032 Thread 0x00000164e806c800 12716       2       com.android.tools.r8.utils.u0::a (65 bytes)
Event: 118.032 Thread 0x00000164e806c800 nmethod 12716 0x00000164d3f08890 code [0x00000164d3f08a40, 0x00000164d3f08c48]
Event: 118.032 Thread 0x00000164e806c800 12717       2       com.android.tools.r8.graph.S$a::hashCode (10 bytes)
Event: 118.033 Thread 0x00000164e806c800 nmethod 12717 0x00000164d3f08d90 code [0x00000164d3f08f40, 0x00000164d3f09038]
Event: 118.035 Thread 0x00000164e806c800 12718       1       com.android.tools.r8.code.J2::hashCode (3 bytes)
Event: 118.035 Thread 0x00000164e806c800 nmethod 12718 0x00000164d9dcca10 code [0x00000164d9dccbc0, 0x00000164d9dccc78]
Event: 118.044 Thread 0x00000164e806c800 12719       2       com.android.tools.r8.graph.h0$$Lambda$962/0x0000000100b84040::apply (15 bytes)
Event: 118.044 Thread 0x00000164e806c800 nmethod 12719 0x00000164d3f09110 code [0x00000164d3f092c0, 0x00000164d3f09468]
Event: 118.050 Thread 0x00000164e806c800 12720       2       com.android.tools.r8.r.e$$Lambda$732/0x0000000100aaf040::applyAsInt (8 bytes)
Event: 118.050 Thread 0x00000164e806c800 nmethod 12720 0x00000164d3f09590 code [0x00000164d3f09740, 0x00000164d3f09878]
Event: 118.051 Thread 0x00000164e806c800 12721       2       com.android.tools.r8.graph.E1::size (11 bytes)
Event: 118.052 Thread 0x00000164e806c800 nmethod 12721 0x00000164d3f09990 code [0x00000164d3f09b40, 0x00000164d3f09c58]
Event: 118.060 Thread 0x00000164e806c800 12722       2       com.android.tools.r8.graph.S$e::hashCode (11 bytes)
Event: 118.060 Thread 0x00000164e806c800 nmethod 12722 0x00000164d3f09d10 code [0x00000164d3f09ec0, 0x00000164d3f09fb8]
Event: 118.061 Thread 0x00000164e806c800 12723       2       com.android.tools.r8.code.P0::hashCode (21 bytes)
Event: 118.061 Thread 0x00000164e806c800 nmethod 12723 0x00000164d3f0a090 code [0x00000164d3f0a240, 0x00000164d3f0a388]

GC Heap History (20 events):
Event: 108.828 GC heap after
{Heap after GC invocations=80 (full 0):
 garbage-first heap   total 138240K, used 88820K [0x0000000080000000, 0x0000000100000000)
  region size 1024K, 3 young (3072K), 3 survivors (3072K)
 Metaspace       used 88221K, capacity 90520K, committed 90748K, reserved 1128448K
  class space    used 11346K, capacity 12186K, committed 12288K, reserved 1048576K
}
Event: 109.773 GC heap before
{Heap before GC invocations=81 (full 0):
 garbage-first heap   total 138240K, used 93940K [0x0000000080000000, 0x0000000100000000)
  region size 1024K, 8 young (8192K), 3 survivors (3072K)
 Metaspace       used 88450K, capacity 90710K, committed 91004K, reserved 1128448K
  class space    used 11378K, capacity 12226K, committed 12288K, reserved 1048576K
}
Event: 109.792 GC heap after
{Heap after GC invocations=82 (full 0):
 garbage-first heap   total 138240K, used 91046K [0x0000000080000000, 0x0000000100000000)
  region size 1024K, 2 young (2048K), 2 survivors (2048K)
 Metaspace       used 88450K, capacity 90710K, committed 91004K, reserved 1128448K
  class space    used 11378K, capacity 12226K, committed 12288K, reserved 1048576K
}
Event: 111.108 GC heap before
{Heap before GC invocations=83 (full 0):
 garbage-first heap   total 138240K, used 107430K [0x0000000080000000, 0x0000000100000000)
  region size 1024K, 18 young (18432K), 2 survivors (2048K)
 Metaspace       used 88631K, capacity 90936K, committed 91004K, reserved 1128448K
  class space    used 11384K, capacity 12227K, committed 12288K, reserved 1048576K
}
Event: 111.116 GC heap after
{Heap after GC invocations=84 (full 0):
 garbage-first heap   total 165888K, used 90017K [0x0000000080000000, 0x0000000100000000)
  region size 1024K, 1 young (1024K), 1 survivors (1024K)
 Metaspace       used 88631K, capacity 90936K, committed 91004K, reserved 1128448K
  class space    used 11384K, capacity 12227K, committed 12288K, reserved 1048576K
}
Event: 112.544 GC heap before
{Heap before GC invocations=84 (full 0):
 garbage-first heap   total 165888K, used 119713K [0x0000000080000000, 0x0000000100000000)
  region size 1024K, 31 young (31744K), 1 survivors (1024K)
 Metaspace       used 88778K, capacity 91002K, committed 91260K, reserved 1128448K
  class space    used 11403K, capacity 12243K, committed 12288K, reserved 1048576K
}
Event: 112.555 GC heap after
{Heap after GC invocations=85 (full 0):
 garbage-first heap   total 165888K, used 89087K [0x0000000080000000, 0x0000000100000000)
  region size 1024K, 2 young (2048K), 2 survivors (2048K)
 Metaspace       used 88778K, capacity 91002K, committed 91260K, reserved 1128448K
  class space    used 11403K, capacity 12243K, committed 12288K, reserved 1048576K
}
Event: 114.703 GC heap before
{Heap before GC invocations=86 (full 0):
 garbage-first heap   total 165888K, used 127999K [0x0000000080000000, 0x0000000100000000)
  region size 1024K, 35 young (35840K), 2 survivors (2048K)
 Metaspace       used 89229K, capacity 91510K, committed 91644K, reserved 1128448K
  class space    used 11451K, capacity 12318K, committed 12416K, reserved 1048576K
}
Event: 114.722 GC heap after
{Heap after GC invocations=87 (full 0):
 garbage-first heap   total 165888K, used 95171K [0x0000000080000000, 0x0000000100000000)
  region size 1024K, 3 young (3072K), 3 survivors (3072K)
 Metaspace       used 89229K, capacity 91510K, committed 91644K, reserved 1128448K
  class space    used 11451K, capacity 12318K, committed 12416K, reserved 1048576K
}
Event: 115.021 GC heap before
{Heap before GC invocations=87 (full 0):
 garbage-first heap   total 165888K, used 117699K [0x0000000080000000, 0x0000000100000000)
  region size 1024K, 8 young (8192K), 3 survivors (3072K)
 Metaspace       used 89405K, capacity 91737K, committed 91900K, reserved 1128448K
  class space    used 11474K, capacity 12351K, committed 12416K, reserved 1048576K
}
Event: 115.051 GC heap after
{Heap after GC invocations=88 (full 0):
 garbage-first heap   total 165888K, used 95855K [0x0000000080000000, 0x0000000100000000)
  region size 1024K, 1 young (1024K), 1 survivors (1024K)
 Metaspace       used 89405K, capacity 91737K, committed 91900K, reserved 1128448K
  class space    used 11474K, capacity 12351K, committed 12416K, reserved 1048576K
}
Event: 115.063 GC heap before
{Heap before GC invocations=88 (full 0):
 garbage-first heap   total 165888K, used 95855K [0x0000000080000000, 0x0000000100000000)
  region size 1024K, 2 young (2048K), 1 survivors (1024K)
 Metaspace       used 89407K, capacity 91737K, committed 91900K, reserved 1128448K
  class space    used 11474K, capacity 12351K, committed 12416K, reserved 1048576K
}
Event: 115.074 GC heap after
{Heap after GC invocations=89 (full 0):
 garbage-first heap   total 165888K, used 95818K [0x0000000080000000, 0x0000000100000000)
  region size 1024K, 1 young (1024K), 1 survivors (1024K)
 Metaspace       used 89407K, capacity 91737K, committed 91900K, reserved 1128448K
  class space    used 11474K, capacity 12351K, committed 12416K, reserved 1048576K
}
Event: 116.384 GC heap before
{Heap before GC invocations=90 (full 0):
 garbage-first heap   total 165888K, used 127562K [0x0000000080000000, 0x0000000100000000)
  region size 1024K, 30 young (30720K), 1 survivors (1024K)
 Metaspace       used 89510K, capacity 91879K, committed 92156K, reserved 1128448K
  class space    used 11479K, capacity 12354K, committed 12416K, reserved 1048576K
}
Event: 116.442 GC heap after
{Heap after GC invocations=91 (full 0):
 garbage-first heap   total 165888K, used 106043K [0x0000000080000000, 0x0000000100000000)
  region size 1024K, 4 young (4096K), 4 survivors (4096K)
 Metaspace       used 89510K, capacity 91879K, committed 92156K, reserved 1128448K
  class space    used 11479K, capacity 12354K, committed 12416K, reserved 1048576K
}
Event: 116.486 GC heap before
{Heap before GC invocations=91 (full 0):
 garbage-first heap   total 165888K, used 109115K [0x0000000080000000, 0x0000000100000000)
  region size 1024K, 8 young (8192K), 4 survivors (4096K)
 Metaspace       used 89510K, capacity 91879K, committed 92156K, reserved 1128448K
  class space    used 11479K, capacity 12354K, committed 12416K, reserved 1048576K
}
Event: 116.543 GC heap after
{Heap after GC invocations=92 (full 0):
 garbage-first heap   total 165888K, used 105472K [0x0000000080000000, 0x0000000100000000)
  region size 1024K, 1 young (1024K), 1 survivors (1024K)
 Metaspace       used 89510K, capacity 91879K, committed 92156K, reserved 1128448K
  class space    used 11479K, capacity 12354K, committed 12416K, reserved 1048576K
}
Event: 116.595 GC heap before
{Heap before GC invocations=92 (full 0):
 garbage-first heap   total 165888K, used 110592K [0x0000000080000000, 0x0000000100000000)
  region size 1024K, 7 young (7168K), 1 survivors (1024K)
 Metaspace       used 89510K, capacity 91879K, committed 92156K, reserved 1128448K
  class space    used 11479K, capacity 12354K, committed 12416K, reserved 1048576K
}
Event: 116.642 GC heap after
{Heap after GC invocations=93 (full 0):
 garbage-first heap   total 165888K, used 108511K [0x0000000080000000, 0x0000000100000000)
  region size 1024K, 3 young (3072K), 3 survivors (3072K)
 Metaspace       used 89510K, capacity 91879K, committed 92156K, reserved 1128448K
  class space    used 11479K, capacity 12354K, committed 12416K, reserved 1048576K
}
Event: 118.068 GC heap before
{Heap before GC invocations=94 (full 0):
 garbage-first heap   total 165888K, used 124895K [0x0000000080000000, 0x0000000100000000)
  region size 1024K, 19 young (19456K), 3 survivors (3072K)
 Metaspace       used 90167K, capacity 92552K, committed 92796K, reserved 1130496K
  class space    used 11592K, capacity 12467K, committed 12544K, reserved 1048576K
}

Deoptimization events (20 events):
Event: 117.291 Thread 0x00000164ea755800 DEOPT PACKING pc=0x00000164d3e061ce sp=0x000000642bafd720
Event: 117.291 Thread 0x00000164ea755800 DEOPT UNPACKING pc=0x00000164d1c767c0 sp=0x000000642bafcb98 mode 0
Event: 117.546 Thread 0x00000164e8c63800 DEOPT PACKING pc=0x00000164d3e32096 sp=0x000000642c4fefd0
Event: 117.546 Thread 0x00000164e8c63800 DEOPT UNPACKING pc=0x00000164d1c767c0 sp=0x000000642c4fe448 mode 0
Event: 117.605 Thread 0x00000164e8c63800 DEOPT PACKING pc=0x00000164d3e32096 sp=0x000000642c4fefd0
Event: 117.605 Thread 0x00000164e8c63800 DEOPT UNPACKING pc=0x00000164d1c767c0 sp=0x000000642c4fe448 mode 0
Event: 117.671 Thread 0x00000164e8c63800 DEOPT PACKING pc=0x00000164d3e32096 sp=0x000000642c4fefd0
Event: 117.671 Thread 0x00000164e8c63800 DEOPT UNPACKING pc=0x00000164d1c767c0 sp=0x000000642c4fe448 mode 0
Event: 117.674 Thread 0x00000164e8c6a000 DEOPT PACKING pc=0x00000164d383adbf sp=0x000000642c9fe6f0
Event: 117.674 Thread 0x00000164e8c6a000 DEOPT UNPACKING pc=0x00000164d1c767c0 sp=0x000000642c9fdb68 mode 0
Event: 117.725 Thread 0x00000164e8c63800 DEOPT PACKING pc=0x00000164d3e32096 sp=0x000000642c4fefd0
Event: 117.725 Thread 0x00000164e8c63800 DEOPT UNPACKING pc=0x00000164d1c767c0 sp=0x000000642c4fe448 mode 0
Event: 117.781 Thread 0x00000164e8c6a000 DEOPT PACKING pc=0x00000164d3e32096 sp=0x000000642c9fea10
Event: 117.781 Thread 0x00000164e8c6a000 DEOPT UNPACKING pc=0x00000164d1c767c0 sp=0x000000642c9fde88 mode 0
Event: 117.799 Thread 0x00000164e8c6a000 DEOPT PACKING pc=0x00000164d3e4f71b sp=0x000000642c9fe900
Event: 117.799 Thread 0x00000164e8c6a000 DEOPT UNPACKING pc=0x00000164d1c767c0 sp=0x000000642c9fdda0 mode 0
Event: 117.900 Thread 0x00000164e8c6a000 DEOPT PACKING pc=0x00000164d3e48006 sp=0x000000642c9fe090
Event: 117.900 Thread 0x00000164e8c6a000 DEOPT UNPACKING pc=0x00000164d1c767c0 sp=0x000000642c9fdd30 mode 0
Event: 117.921 Thread 0x00000164e8c63800 DEOPT PACKING pc=0x00000164d3e32096 sp=0x000000642c4fefd0
Event: 117.921 Thread 0x00000164e8c63800 DEOPT UNPACKING pc=0x00000164d1c767c0 sp=0x000000642c4fe448 mode 0

Classes redefined (0 events):
No events

Internal exceptions (20 events):
Event: 111.051 Thread 0x00000164ea755800 Exception <a 'sun/nio/fs/WindowsException'{0x00000000879c5df0}> (0x00000000879c5df0) thrown at [./src/hotspot/share/prims/jni.cpp, line 615]
Event: 111.058 Thread 0x00000164ea755800 Exception <a 'sun/nio/fs/WindowsException'{0x00000000879d0358}> (0x00000000879d0358) thrown at [./src/hotspot/share/prims/jni.cpp, line 615]
Event: 111.063 Thread 0x00000164ea755800 Exception <a 'sun/nio/fs/WindowsException'{0x00000000879d6060}> (0x00000000879d6060) thrown at [./src/hotspot/share/prims/jni.cpp, line 615]
Event: 111.072 Thread 0x00000164ea755800 Exception <a 'sun/nio/fs/WindowsException'{0x00000000877c1f98}> (0x00000000877c1f98) thrown at [./src/hotspot/share/prims/jni.cpp, line 615]
Event: 111.078 Thread 0x00000164ea755800 Exception <a 'sun/nio/fs/WindowsException'{0x00000000877c8c50}> (0x00000000877c8c50) thrown at [./src/hotspot/share/prims/jni.cpp, line 615]
Event: 111.083 Thread 0x00000164ea755800 Exception <a 'sun/nio/fs/WindowsException'{0x00000000877d16e0}> (0x00000000877d16e0) thrown at [./src/hotspot/share/prims/jni.cpp, line 615]
Event: 111.090 Thread 0x00000164ea755800 Exception <a 'sun/nio/fs/WindowsException'{0x00000000877d8238}> (0x00000000877d8238) thrown at [./src/hotspot/share/prims/jni.cpp, line 615]
Event: 111.095 Thread 0x00000164ea755800 Exception <a 'sun/nio/fs/WindowsException'{0x00000000876c4138}> (0x00000000876c4138) thrown at [./src/hotspot/share/prims/jni.cpp, line 615]
Event: 111.104 Thread 0x00000164ea755800 Exception <a 'sun/nio/fs/WindowsException'{0x00000000876d2458}> (0x00000000876d2458) thrown at [./src/hotspot/share/prims/jni.cpp, line 615]
Event: 111.119 Thread 0x00000164ea755800 Exception <a 'sun/nio/fs/WindowsException'{0x000000008a144208}> (0x000000008a144208) thrown at [./src/hotspot/share/prims/jni.cpp, line 615]
Event: 111.129 Thread 0x00000164ea755800 Exception <a 'sun/nio/fs/WindowsException'{0x000000008a192568}> (0x000000008a192568) thrown at [./src/hotspot/share/prims/jni.cpp, line 615]
Event: 111.134 Thread 0x00000164ea755800 Exception <a 'sun/nio/fs/WindowsException'{0x000000008a1da970}> (0x000000008a1da970) thrown at [./src/hotspot/share/prims/jni.cpp, line 615]
Event: 111.138 Thread 0x00000164ea755800 Exception <a 'sun/nio/fs/WindowsException'{0x000000008a1e4880}> (0x000000008a1e4880) thrown at [./src/hotspot/share/prims/jni.cpp, line 615]
Event: 111.153 Thread 0x00000164ea755800 Exception <a 'sun/nio/fs/WindowsException'{0x000000008a1eb6d0}> (0x000000008a1eb6d0) thrown at [./src/hotspot/share/prims/jni.cpp, line 615]
Event: 111.158 Thread 0x00000164ea755800 Exception <a 'sun/nio/fs/WindowsException'{0x000000008a1f2650}> (0x000000008a1f2650) thrown at [./src/hotspot/share/prims/jni.cpp, line 615]
Event: 111.166 Thread 0x00000164ea755800 Exception <a 'sun/nio/fs/WindowsException'{0x000000008a1f8c60}> (0x000000008a1f8c60) thrown at [./src/hotspot/share/prims/jni.cpp, line 615]
Event: 111.172 Thread 0x00000164ea755800 Exception <a 'sun/nio/fs/WindowsException'{0x000000008a1ff730}> (0x000000008a1ff730) thrown at [./src/hotspot/share/prims/jni.cpp, line 615]
Event: 111.317 Thread 0x00000164ea191800 Exception <a 'java/lang/NoSuchMethodError'{0x0000000089d59ec8}: <clinit>> (0x0000000089d59ec8) thrown at [./src/hotspot/share/prims/jni.cpp, line 1362]
Event: 114.277 Thread 0x00000164e9d21800 Exception <a 'java/lang/NoSuchMethodError'{0x00000000887b9a50}: <clinit>> (0x00000000887b9a50) thrown at [./src/hotspot/share/prims/jni.cpp, line 1362]
Event: 114.916 Thread 0x00000164ea755800 Exception <a 'sun/nio/fs/WindowsException'{0x0000000089f304a0}> (0x0000000089f304a0) thrown at [./src/hotspot/share/prims/jni.cpp, line 615]

Events (20 events):
Event: 117.444 loading class java/util/AbstractList$RandomAccessSubList done
Event: 117.444 loading class java/util/AbstractList$SubList$1
Event: 117.446 loading class java/util/AbstractList$SubList$1 done
Event: 117.451 loading class com/android/tools/r8/graph/E1
Event: 117.451 loading class com/android/tools/r8/graph/E1 done
Event: 117.451 loading class com/android/tools/r8/dex/n
Event: 117.451 loading class com/android/tools/r8/dex/n done
Event: 117.456 loading class com/android/tools/r8/w/a/a/a/f/r
Event: 117.456 loading class com/android/tools/r8/w/a/a/a/f/r done
Event: 117.457 loading class com/android/tools/r8/w/a/a/a/f/b
Event: 117.457 loading class com/android/tools/r8/w/a/a/a/f/b done
Event: 117.487 Executing VM operation: RevokeBias
Event: 117.489 Executing VM operation: RevokeBias done
Event: 117.489 Executing VM operation: RevokeBias
Event: 117.489 Executing VM operation: RevokeBias done
Event: 117.495 Executing VM operation: RevokeBias
Event: 117.496 Executing VM operation: RevokeBias done
Event: 117.496 Executing VM operation: RevokeBias
Event: 117.496 Executing VM operation: RevokeBias done
Event: 118.068 Executing VM operation: G1CollectForAllocation


Dynamic libraries:
0x00007ff7caf60000 - 0x00007ff7caf6a000 	C:\Program Files\Android\Android Studio\jre\bin\java.exe
0x00007ff8cc040000 - 0x00007ff8cc221000 	C:\Windows\SYSTEM32\ntdll.dll
0x00007ff8ca150000 - 0x00007ff8ca202000 	C:\Windows\System32\KERNEL32.DLL
0x00007ff8c9250000 - 0x00007ff8c94c3000 	C:\Windows\System32\KERNELBASE.dll
0x00007ff8c8530000 - 0x00007ff8c862a000 	C:\Windows\System32\ucrtbase.dll
0x00007ff8b5850000 - 0x00007ff8b5869000 	C:\Program Files\Android\Android Studio\jre\bin\jli.dll
0x00007ff8b5830000 - 0x00007ff8b5847000 	C:\Program Files\Android\Android Studio\jre\bin\VCRUNTIME140.dll
0x00007ff8cbe80000 - 0x00007ff8cc010000 	C:\Windows\System32\USER32.dll
0x00007ff8c8f90000 - 0x00007ff8c8fb0000 	C:\Windows\System32\win32u.dll
0x00007ff8c9dc0000 - 0x00007ff8c9de8000 	C:\Windows\System32\GDI32.dll
0x00007ff8c8df0000 - 0x00007ff8c8f82000 	C:\Windows\System32\gdi32full.dll
0x00007ff8c8410000 - 0x00007ff8c84af000 	C:\Windows\System32\msvcp_win.dll
0x00007ff8bad10000 - 0x00007ff8baf79000 	C:\Windows\WinSxS\amd64_microsoft.windows.common-controls_6595b64144ccf1df_6.0.17133.73_none_b4b127863cb5b9c7\COMCTL32.dll
0x00007ff8ca210000 - 0x00007ff8ca2ae000 	C:\Windows\System32\msvcrt.dll
0x00007ff8c9a30000 - 0x00007ff8c9d53000 	C:\Windows\System32\combase.dll
0x00007ff8c9750000 - 0x00007ff8c9874000 	C:\Windows\System32\RPCRT4.dll
0x00007ff8c84b0000 - 0x00007ff8c852a000 	C:\Windows\System32\bcryptPrimitives.dll
0x00007ff8c96b0000 - 0x00007ff8c96dd000 	C:\Windows\System32\IMM32.DLL
0x00007ff8b4960000 - 0x00007ff8b49fd000 	C:\Program Files\Android\Android Studio\jre\bin\msvcp140.dll
0x00007ff898450000 - 0x00007ff898f0c000 	C:\Program Files\Android\Android Studio\jre\bin\server\jvm.dll
0x00007ff8c9ea0000 - 0x00007ff8c9f41000 	C:\Windows\System32\ADVAPI32.dll
0x00007ff8c94d0000 - 0x00007ff8c952b000 	C:\Windows\System32\sechost.dll
0x00007ff8c96e0000 - 0x00007ff8c96e8000 	C:\Windows\System32\PSAPI.DLL
0x00007ff8c1570000 - 0x00007ff8c1579000 	C:\Windows\SYSTEM32\WSOCK32.dll
0x00007ff8c9f50000 - 0x00007ff8c9fbc000 	C:\Windows\System32\WS2_32.dll
0x00007ff8c5d40000 - 0x00007ff8c5d63000 	C:\Windows\SYSTEM32\WINMM.dll
0x00007ff8c6f90000 - 0x00007ff8c6f9a000 	C:\Windows\SYSTEM32\VERSION.dll
0x00007ff8c5d10000 - 0x00007ff8c5d3a000 	C:\Windows\SYSTEM32\WINMMBASE.dll
0x00007ff8c8690000 - 0x00007ff8c86d9000 	C:\Windows\System32\cfgmgr32.dll
0x00007ff8c83f0000 - 0x00007ff8c8401000 	C:\Windows\System32\kernel.appcore.dll
0x00007ff8bed90000 - 0x00007ff8beda1000 	C:\Program Files\Android\Android Studio\jre\bin\verify.dll
0x00007ff8b6c90000 - 0x00007ff8b6e59000 	C:\Windows\SYSTEM32\DBGHELP.DLL
0x00007ff8b6c60000 - 0x00007ff8b6c89000 	C:\Windows\SYSTEM32\dbgcore.DLL
0x00007ff8bb960000 - 0x00007ff8bb989000 	C:\Program Files\Android\Android Studio\jre\bin\java.dll
0x00007ff8c1530000 - 0x00007ff8c153b000 	C:\Program Files\Android\Android Studio\jre\bin\jimage.dll
0x00007ff8bc3a0000 - 0x00007ff8bc3b8000 	C:\Program Files\Android\Android Studio\jre\bin\zip.dll
0x00007ff8ca5f0000 - 0x00007ff8cba30000 	C:\Windows\System32\SHELL32.dll
0x00007ff8c9df0000 - 0x00007ff8c9e99000 	C:\Windows\System32\shcore.dll
0x00007ff8c86e0000 - 0x00007ff8c8ded000 	C:\Windows\System32\windows.storage.dll
0x00007ff8ca430000 - 0x00007ff8ca481000 	C:\Windows\System32\shlwapi.dll
0x00007ff8c83b0000 - 0x00007ff8c83cf000 	C:\Windows\System32\profapi.dll
0x00007ff8c8360000 - 0x00007ff8c83ac000 	C:\Windows\System32\powrprof.dll
0x00007ff8c8350000 - 0x00007ff8c835a000 	C:\Windows\System32\FLTLIB.DLL
0x00007ff8b9040000 - 0x00007ff8b905a000 	C:\Program Files\Android\Android Studio\jre\bin\net.dll
0x00007ff8bf510000 - 0x00007ff8bf5ed000 	C:\Windows\SYSTEM32\WINHTTP.dll
0x00007ff8c7b70000 - 0x00007ff8c7bd6000 	C:\Windows\system32\mswsock.dll
0x00007ff8b5900000 - 0x00007ff8b5914000 	C:\Program Files\Android\Android Studio\jre\bin\nio.dll
0x00007ff8b5480000 - 0x00007ff8b54a7000 	C:\Users\MISHECK\.gradle\native\fdc75f09e3144964f2cf3f50f0aa648679c211496f362492102eb8c894070792\windows-amd64\native-platform.dll
0x00007ff89ce30000 - 0x00007ff89cfc6000 	C:\Users\MISHECK\.gradle\native\12488b8bf47d2d4c9fbf2f6322a914ad602e24e48041cd04a747c6da556b65c4\windows-amd64\native-platform-file-events.dll
0x00007ff8c0c00000 - 0x00007ff8c0c0a000 	C:\Program Files\Android\Android Studio\jre\bin\management.dll
0x00007ff8c0ab0000 - 0x00007ff8c0abc000 	C:\Program Files\Android\Android Studio\jre\bin\management_ext.dll
0x00007ff8c7d20000 - 0x00007ff8c7d37000 	C:\Windows\SYSTEM32\CRYPTSP.dll
0x00007ff8c7750000 - 0x00007ff8c7783000 	C:\Windows\system32\rsaenh.dll
0x00007ff8c7e50000 - 0x00007ff8c7e75000 	C:\Windows\SYSTEM32\bcrypt.dll
0x00007ff8c8250000 - 0x00007ff8c8278000 	C:\Windows\SYSTEM32\USERENV.dll
0x00007ff8c7d40000 - 0x00007ff8c7d4b000 	C:\Windows\SYSTEM32\CRYPTBASE.dll
0x00007ff8c78f0000 - 0x00007ff8c7928000 	C:\Windows\SYSTEM32\IPHLPAPI.DLL
0x00007ff8ca490000 - 0x00007ff8ca498000 	C:\Windows\System32\NSI.dll
0x00007ff8bf910000 - 0x00007ff8bf926000 	C:\Windows\SYSTEM32\dhcpcsvc6.DLL
0x00007ff8bf8f0000 - 0x00007ff8bf90a000 	C:\Windows\SYSTEM32\dhcpcsvc.DLL
0x00007ff8c0a80000 - 0x00007ff8c0a8b000 	C:\Windows\SYSTEM32\WINNSI.DLL

dbghelp: loaded successfully - version: 4.0.5 - missing functions: none
symbol engine: initialized successfully - sym options: 0x614 - pdb path: .;C:\Program Files\Android\Android Studio\jre\bin;C:\Windows\SYSTEM32;C:\Windows\WinSxS\amd64_microsoft.windows.common-controls_6595b64144ccf1df_6.0.17133.73_none_b4b127863cb5b9c7;C:\Program Files\Android\Android Studio\jre\bin\server;C:\Users\MISHECK\.gradle\native\fdc75f09e3144964f2cf3f50f0aa648679c211496f362492102eb8c894070792\windows-amd64;C:\Users\MISHECK\.gradle\native\12488b8bf47d2d4c9fbf2f6322a914ad602e24e48041cd04a747c6da556b65c4\windows-amd64

VM Arguments:
jvm_args: --add-opens=java.base/java.util=ALL-UNNAMED --add-opens=java.base/java.lang=ALL-UNNAMED --add-opens=java.base/java.lang.invoke=ALL-UNNAMED --add-opens=java.prefs/java.util.prefs=ALL-UNNAMED -Xmx2048m -Dfile.encoding=UTF-8 -Duser.country=US -Duser.language=en -Duser.variant 
java_command: org.gradle.launcher.daemon.bootstrap.GradleDaemon 6.7.1
java_class_path (initial): C:\Users\MISHECK\.gradle\wrapper\dists\gradle-6.7.1-bin\bwlcbys1h7rz3272sye1xwiv6\gradle-6.7.1\lib\gradle-launcher-6.7.1.jar
Launcher Type: SUN_STANDARD

[Global flags]
     intx CICompilerCount                          = 2                                         {product} {ergonomic}
     uint ConcGCThreads                            = 1                                         {product} {ergonomic}
     uint G1ConcRefinementThreads                  = 2                                         {product} {ergonomic}
   size_t G1HeapRegionSize                         = 1048576                                   {product} {ergonomic}
    uintx GCDrainStackTargetSize                   = 64                                        {product} {ergonomic}
   size_t InitialHeapSize                          = 67108864                                  {product} {ergonomic}
   size_t MarkStackSize                            = 4194304                                   {product} {ergonomic}
   size_t MaxHeapSize                              = 2147483648                                {product} {command line}
   size_t MaxNewSize                               = 1287651328                                {product} {ergonomic}
   size_t MinHeapDeltaBytes                        = 1048576                                   {product} {ergonomic}
    uintx NonNMethodCodeHeapSize                   = 5825164                                {pd product} {ergonomic}
    uintx NonProfiledCodeHeapSize                  = 122916538                              {pd product} {ergonomic}
    uintx ProfiledCodeHeapSize                     = 122916538                              {pd product} {ergonomic}
    uintx ReservedCodeCacheSize                    = 251658240                              {pd product} {ergonomic}
     bool SegmentedCodeCache                       = true                                      {product} {ergonomic}
     bool UseCompressedClassPointers               = true                                 {lp64_product} {ergonomic}
     bool UseCompressedOops                        = true                                 {lp64_product} {ergonomic}
     bool UseG1GC                                  = true                                      {product} {ergonomic}
     bool UseLargePagesIndividualAllocation        = false                                  {pd product} {ergonomic}

Logging:
Log output configuration:
 #0: stdout all=warning uptime,level,tags
 #1: stderr all=off uptime,level,tags

Environment Variables:
JAVA_HOME=C:\Program Files\Java\jdk1.8.0_191
PATH=C:\Program Files (x86)\Common Files\Oracle\Java\javapath;C:\Windows\system32;C:\Windows;C:\Windows\System32\Wbem;C:\Windows\System32\WindowsPowerShell\v1.0\;C:\Windows\System32\OpenSSH\;C:\Program Files (x86)\Git\cmd;C:\Program Files\nodejs\;C:\Program Files\Java\jdk1.8.0_191\bin;C:\Users\MISHECK\AppData\Roaming\npm;C:\Exercism;C:\Users\MISHECK\AppData\Local\Programs\Python\Python39;C:\Users\MISHECK\AppData\Local\Programs\Microsoft VS Code\bin;C:\Program Files\CodeBlocks\MinGW\bin;
USERNAME=MISHECK
OS=Windows_NT
PROCESSOR_IDENTIFIER=Intel64 Family 6 Model 55 Stepping 8, GenuineIntel



---------------  S Y S T E M  ---------------

OS: Windows 10 , 64 bit Build 17133 (10.0.17133.73)
OS uptime: 2 days 23:41 hours

CPU:total 2 (initial active 2) (2 cores per cpu, 1 threads per core) family 6 model 55 stepping 8, cmov, cx8, fxsr, mmx, sse, sse2, sse3, ssse3, sse4.1, sse4.2, popcnt, clmul, erms, 3dnowpref, tsc, tscinvbit

Memory: 4k page, system-wide physical 3987M (598M free)
TotalPageFile size 5381M (AvailPageFile size 67M)
current process WorkingSet (physical memory assigned to process): 404M, peak: 415M
current process commit charge ("private bytes"): 429M, peak: 493M

vm_info: OpenJDK 64-Bit Server VM (11.0.8+10-b944.6842174) for windows-amd64 JRE (11.0.8+10-b944.6842174), built on Sep 19 2020 01:11:42 by "builder" with MS VC++ 14.0 (VS2015)

END.
